<?xml version="1.0" encoding="UTF-8"?>
<testsuite xmlns:xsi="http://www.w3.org/2001/XMLSchema-instance" xsi:noNamespaceSchemaLocation="https://maven.apache.org/surefire/maven-surefire-plugin/xsd/surefire-test-report-3.0.xsd" version="3.0" name="TestSuite" time="68.148" tests="1" errors="0" skipped="0" failures="0">
  <properties>
    <property name="sun.desktop" value="windows"/>
    <property name="awt.toolkit" value="sun.awt.windows.WToolkit"/>
    <property name="java.specification.version" value="11"/>
    <property name="sun.cpu.isalist" value="amd64"/>
    <property name="sun.jnu.encoding" value="Cp1252"/>
    <property name="java.class.path" value="C:\Users\ganah\IdeaProjects\Cucumber_Project_03_28_2023_job\target\test-classes;C:\Users\ganah\IdeaProjects\Cucumber_Project_03_28_2023_job\target\classes;C:\Users\ganah\.m2\repository\org\seleniumhq\selenium\selenium-java\4.9.0\selenium-java-4.9.0.jar;C:\Users\ganah\.m2\repository\org\seleniumhq\selenium\selenium-api\4.9.0\selenium-api-4.9.0.jar;C:\Users\ganah\.m2\repository\org\seleniumhq\selenium\selenium-chrome-driver\4.9.0\selenium-chrome-driver-4.9.0.jar;C:\Users\ganah\.m2\repository\com\google\auto\service\auto-service-annotations\1.0.1\auto-service-annotations-1.0.1.jar;C:\Users\ganah\.m2\repository\com\google\auto\service\auto-service\1.0.1\auto-service-1.0.1.jar;C:\Users\ganah\.m2\repository\com\google\auto\auto-common\1.2\auto-common-1.2.jar;C:\Users\ganah\.m2\repository\org\seleniumhq\selenium\selenium-chromium-driver\4.9.0\selenium-chromium-driver-4.9.0.jar;C:\Users\ganah\.m2\repository\org\seleniumhq\selenium\selenium-json\4.9.0\selenium-json-4.9.0.jar;C:\Users\ganah\.m2\repository\org\seleniumhq\selenium\selenium-manager\4.9.0\selenium-manager-4.9.0.jar;C:\Users\ganah\.m2\repository\org\seleniumhq\selenium\selenium-devtools-v110\4.9.0\selenium-devtools-v110-4.9.0.jar;C:\Users\ganah\.m2\repository\org\seleniumhq\selenium\selenium-devtools-v111\4.9.0\selenium-devtools-v111-4.9.0.jar;C:\Users\ganah\.m2\repository\org\seleniumhq\selenium\selenium-devtools-v112\4.9.0\selenium-devtools-v112-4.9.0.jar;C:\Users\ganah\.m2\repository\org\seleniumhq\selenium\selenium-devtools-v85\4.9.0\selenium-devtools-v85-4.9.0.jar;C:\Users\ganah\.m2\repository\org\seleniumhq\selenium\selenium-edge-driver\4.9.0\selenium-edge-driver-4.9.0.jar;C:\Users\ganah\.m2\repository\org\seleniumhq\selenium\selenium-firefox-driver\4.9.0\selenium-firefox-driver-4.9.0.jar;C:\Users\ganah\.m2\repository\org\seleniumhq\selenium\selenium-http\4.9.0\selenium-http-4.9.0.jar;C:\Users\ganah\.m2\repository\dev\failsafe\failsafe\3.3.1\failsafe-3.3.1.jar;C:\Users\ganah\.m2\repository\org\seleniumhq\selenium\selenium-ie-driver\4.9.0\selenium-ie-driver-4.9.0.jar;C:\Users\ganah\.m2\repository\org\seleniumhq\selenium\selenium-remote-driver\4.9.0\selenium-remote-driver-4.9.0.jar;C:\Users\ganah\.m2\repository\io\netty\netty-buffer\4.1.91.Final\netty-buffer-4.1.91.Final.jar;C:\Users\ganah\.m2\repository\io\netty\netty-codec-http\4.1.91.Final\netty-codec-http-4.1.91.Final.jar;C:\Users\ganah\.m2\repository\io\netty\netty-codec\4.1.91.Final\netty-codec-4.1.91.Final.jar;C:\Users\ganah\.m2\repository\io\netty\netty-handler\4.1.91.Final\netty-handler-4.1.91.Final.jar;C:\Users\ganah\.m2\repository\io\netty\netty-common\4.1.91.Final\netty-common-4.1.91.Final.jar;C:\Users\ganah\.m2\repository\io\netty\netty-transport-classes-epoll\4.1.91.Final\netty-transport-classes-epoll-4.1.91.Final.jar;C:\Users\ganah\.m2\repository\io\netty\netty-transport-classes-kqueue\4.1.91.Final\netty-transport-classes-kqueue-4.1.91.Final.jar;C:\Users\ganah\.m2\repository\io\netty\netty-transport-native-epoll\4.1.91.Final\netty-transport-native-epoll-4.1.91.Final.jar;C:\Users\ganah\.m2\repository\io\netty\netty-transport-native-kqueue\4.1.91.Final\netty-transport-native-kqueue-4.1.91.Final.jar;C:\Users\ganah\.m2\repository\io\netty\netty-transport-native-unix-common\4.1.91.Final\netty-transport-native-unix-common-4.1.91.Final.jar;C:\Users\ganah\.m2\repository\io\netty\netty-transport\4.1.91.Final\netty-transport-4.1.91.Final.jar;C:\Users\ganah\.m2\repository\io\netty\netty-resolver\4.1.91.Final\netty-resolver-4.1.91.Final.jar;C:\Users\ganah\.m2\repository\io\opentelemetry\opentelemetry-api\1.25.0\opentelemetry-api-1.25.0.jar;C:\Users\ganah\.m2\repository\io\opentelemetry\opentelemetry-context\1.25.0\opentelemetry-context-1.25.0.jar;C:\Users\ganah\.m2\repository\io\opentelemetry\opentelemetry-exporter-logging\1.25.0\opentelemetry-exporter-logging-1.25.0.jar;C:\Users\ganah\.m2\repository\io\opentelemetry\opentelemetry-sdk-metrics\1.25.0\opentelemetry-sdk-metrics-1.25.0.jar;C:\Users\ganah\.m2\repository\io\opentelemetry\opentelemetry-sdk-logs\1.25.0-alpha\opentelemetry-sdk-logs-1.25.0-alpha.jar;C:\Users\ganah\.m2\repository\io\opentelemetry\opentelemetry-api-logs\1.25.0-alpha\opentelemetry-api-logs-1.25.0-alpha.jar;C:\Users\ganah\.m2\repository\io\opentelemetry\opentelemetry-api-events\1.25.0-alpha\opentelemetry-api-events-1.25.0-alpha.jar;C:\Users\ganah\.m2\repository\io\opentelemetry\opentelemetry-sdk-common\1.25.0\opentelemetry-sdk-common-1.25.0.jar;C:\Users\ganah\.m2\repository\io\opentelemetry\opentelemetry-sdk-extension-autoconfigure-spi\1.25.0\opentelemetry-sdk-extension-autoconfigure-spi-1.25.0.jar;C:\Users\ganah\.m2\repository\io\opentelemetry\opentelemetry-sdk-extension-autoconfigure\1.25.0-alpha\opentelemetry-sdk-extension-autoconfigure-1.25.0-alpha.jar;C:\Users\ganah\.m2\repository\io\opentelemetry\opentelemetry-sdk-trace\1.25.0\opentelemetry-sdk-trace-1.25.0.jar;C:\Users\ganah\.m2\repository\io\opentelemetry\opentelemetry-sdk\1.25.0\opentelemetry-sdk-1.25.0.jar;C:\Users\ganah\.m2\repository\io\opentelemetry\opentelemetry-semconv\1.25.0-alpha\opentelemetry-semconv-1.25.0-alpha.jar;C:\Users\ganah\.m2\repository\io\ous\jtoml\2.0.0\jtoml-2.0.0.jar;C:\Users\ganah\.m2\repository\net\bytebuddy\byte-buddy\1.14.4\byte-buddy-1.14.4.jar;C:\Users\ganah\.m2\repository\org\apache\commons\commons-exec\1.3\commons-exec-1.3.jar;C:\Users\ganah\.m2\repository\org\asynchttpclient\async-http-client\2.12.3\async-http-client-2.12.3.jar;C:\Users\ganah\.m2\repository\org\asynchttpclient\async-http-client-netty-utils\2.12.3\async-http-client-netty-utils-2.12.3.jar;C:\Users\ganah\.m2\repository\io\netty\netty-codec-socks\4.1.60.Final\netty-codec-socks-4.1.60.Final.jar;C:\Users\ganah\.m2\repository\io\netty\netty-handler-proxy\4.1.60.Final\netty-handler-proxy-4.1.60.Final.jar;C:\Users\ganah\.m2\repository\io\netty\netty-transport-native-epoll\4.1.60.Final\netty-transport-native-epoll-4.1.60.Final-linux-x86_64.jar;C:\Users\ganah\.m2\repository\io\netty\netty-transport-native-kqueue\4.1.60.Final\netty-transport-native-kqueue-4.1.60.Final-osx-x86_64.jar;C:\Users\ganah\.m2\repository\com\typesafe\netty\netty-reactive-streams\2.0.4\netty-reactive-streams-2.0.4.jar;C:\Users\ganah\.m2\repository\com\sun\activation\jakarta.activation\1.2.2\jakarta.activation-1.2.2.jar;C:\Users\ganah\.m2\repository\org\seleniumhq\selenium\selenium-safari-driver\4.9.0\selenium-safari-driver-4.9.0.jar;C:\Users\ganah\.m2\repository\org\seleniumhq\selenium\selenium-support\4.9.0\selenium-support-4.9.0.jar;C:\Users\ganah\.m2\repository\org\apache\maven\plugins\maven-surefire-plugin\3.0.0-M5\maven-surefire-plugin-3.0.0-M5.jar;C:\Users\ganah\.m2\repository\org\apache\maven\surefire\maven-surefire-common\3.0.0-M5\maven-surefire-common-3.0.0-M5.jar;C:\Users\ganah\.m2\repository\org\apache\maven\surefire\surefire-api\3.0.0-M5\surefire-api-3.0.0-M5.jar;C:\Users\ganah\.m2\repository\org\apache\maven\surefire\surefire-logger-api\3.0.0-M5\surefire-logger-api-3.0.0-M5.jar;C:\Users\ganah\.m2\repository\org\apache\maven\surefire\surefire-extensions-api\3.0.0-M5\surefire-extensions-api-3.0.0-M5.jar;C:\Users\ganah\.m2\repository\org\apache\maven\surefire\surefire-booter\3.0.0-M5\surefire-booter-3.0.0-M5.jar;C:\Users\ganah\.m2\repository\org\apache\maven\surefire\surefire-extensions-spi\3.0.0-M5\surefire-extensions-spi-3.0.0-M5.jar;C:\Users\ganah\.m2\repository\org\apache\maven\maven-toolchain\3.0-alpha-2\maven-toolchain-3.0-alpha-2.jar;C:\Users\ganah\.m2\repository\org\apache\maven\shared\maven-artifact-transfer\0.11.0\maven-artifact-transfer-0.11.0.jar;C:\Users\ganah\.m2\repository\org\apache\maven\shared\maven-common-artifact-filters\3.0.1\maven-common-artifact-filters-3.0.1.jar;C:\Users\ganah\.m2\repository\org\apache\maven\surefire\surefire-shared-utils\3.0.0-M4\surefire-shared-utils-3.0.0-M4.jar;C:\Users\ganah\.m2\repository\org\apache\maven\plugins\maven-failsafe-plugin\3.0.0-M5\maven-failsafe-plugin-3.0.0-M5.jar;C:\Users\ganah\.m2\repository\junit\junit\4.13.1\junit-4.13.1.jar;C:\Users\ganah\.m2\repository\org\hamcrest\hamcrest-core\1.3\hamcrest-core-1.3.jar;C:\Users\ganah\.m2\repository\io\github\bonigarcia\webdrivermanager\5.3.1\webdrivermanager-5.3.1.jar;C:\Users\ganah\.m2\repository\org\slf4j\slf4j-api\2.0.3\slf4j-api-2.0.3.jar;C:\Users\ganah\.m2\repository\com\google\code\gson\gson\2.10\gson-2.10.jar;C:\Users\ganah\.m2\repository\com\github\docker-java\docker-java\3.2.13\docker-java-3.2.13.jar;C:\Users\ganah\.m2\repository\com\github\docker-java\docker-java-core\3.2.13\docker-java-core-3.2.13.jar;C:\Users\ganah\.m2\repository\com\github\docker-java\docker-java-api\3.2.13\docker-java-api-3.2.13.jar;C:\Users\ganah\.m2\repository\org\apache\commons\commons-compress\1.21\commons-compress-1.21.jar;C:\Users\ganah\.m2\repository\org\bouncycastle\bcpkix-jdk15on\1.64\bcpkix-jdk15on-1.64.jar;C:\Users\ganah\.m2\repository\org\bouncycastle\bcprov-jdk15on\1.64\bcprov-jdk15on-1.64.jar;C:\Users\ganah\.m2\repository\org\slf4j\jcl-over-slf4j\1.7.30\jcl-over-slf4j-1.7.30.jar;C:\Users\ganah\.m2\repository\com\github\docker-java\docker-java-transport-httpclient5\3.2.13\docker-java-transport-httpclient5-3.2.13.jar;C:\Users\ganah\.m2\repository\com\github\docker-java\docker-java-transport\3.2.13\docker-java-transport-3.2.13.jar;C:\Users\ganah\.m2\repository\net\java\dev\jna\jna\5.8.0\jna-5.8.0.jar;C:\Users\ganah\.m2\repository\org\brotli\dec\0.1.2\dec-0.1.2.jar;C:\Users\ganah\.m2\repository\org\apache\commons\commons-lang3\3.12.0\commons-lang3-3.12.0.jar;C:\Users\ganah\.m2\repository\org\apache\httpcomponents\client5\httpclient5\5.1.3\httpclient5-5.1.3.jar;C:\Users\ganah\.m2\repository\org\apache\httpcomponents\core5\httpcore5\5.1.3\httpcore5-5.1.3.jar;C:\Users\ganah\.m2\repository\org\apache\httpcomponents\core5\httpcore5-h2\5.1.3\httpcore5-h2-5.1.3.jar;C:\Users\ganah\.m2\repository\commons-codec\commons-codec\1.15\commons-codec-1.15.jar;C:\Users\ganah\.m2\repository\org\testng\testng\7.7.0\testng-7.7.0.jar;C:\Users\ganah\.m2\repository\com\beust\jcommander\1.82\jcommander-1.82.jar;C:\Users\ganah\.m2\repository\org\webjars\jquery\3.6.1\jquery-3.6.1.jar;C:\Users\ganah\.m2\repository\org\apache\maven\plugins\maven-compiler-plugin\3.8.1\maven-compiler-plugin-3.8.1.jar;C:\Users\ganah\.m2\repository\org\apache\maven\maven-plugin-api\3.0\maven-plugin-api-3.0.jar;C:\Users\ganah\.m2\repository\org\apache\maven\maven-model\3.0\maven-model-3.0.jar;C:\Users\ganah\.m2\repository\org\sonatype\sisu\sisu-inject-plexus\1.4.2\sisu-inject-plexus-1.4.2.jar;C:\Users\ganah\.m2\repository\org\sonatype\sisu\sisu-inject-bean\1.4.2\sisu-inject-bean-1.4.2.jar;C:\Users\ganah\.m2\repository\org\sonatype\sisu\sisu-guice\2.1.7\sisu-guice-2.1.7-noaop.jar;C:\Users\ganah\.m2\repository\org\apache\maven\maven-artifact\3.0\maven-artifact-3.0.jar;C:\Users\ganah\.m2\repository\org\apache\maven\maven-core\3.0\maven-core-3.0.jar;C:\Users\ganah\.m2\repository\org\apache\maven\maven-settings\3.0\maven-settings-3.0.jar;C:\Users\ganah\.m2\repository\org\apache\maven\maven-settings-builder\3.0\maven-settings-builder-3.0.jar;C:\Users\ganah\.m2\repository\org\apache\maven\maven-repository-metadata\3.0\maven-repository-metadata-3.0.jar;C:\Users\ganah\.m2\repository\org\apache\maven\maven-model-builder\3.0\maven-model-builder-3.0.jar;C:\Users\ganah\.m2\repository\org\apache\maven\maven-aether-provider\3.0\maven-aether-provider-3.0.jar;C:\Users\ganah\.m2\repository\org\sonatype\aether\aether-impl\1.7\aether-impl-1.7.jar;C:\Users\ganah\.m2\repository\org\sonatype\aether\aether-spi\1.7\aether-spi-1.7.jar;C:\Users\ganah\.m2\repository\org\sonatype\aether\aether-api\1.7\aether-api-1.7.jar;C:\Users\ganah\.m2\repository\org\sonatype\aether\aether-util\1.7\aether-util-1.7.jar;C:\Users\ganah\.m2\repository\org\codehaus\plexus\plexus-interpolation\1.14\plexus-interpolation-1.14.jar;C:\Users\ganah\.m2\repository\org\codehaus\plexus\plexus-classworlds\2.2.3\plexus-classworlds-2.2.3.jar;C:\Users\ganah\.m2\repository\org\codehaus\plexus\plexus-component-annotations\1.5.5\plexus-component-annotations-1.5.5.jar;C:\Users\ganah\.m2\repository\org\sonatype\plexus\plexus-sec-dispatcher\1.3\plexus-sec-dispatcher-1.3.jar;C:\Users\ganah\.m2\repository\org\sonatype\plexus\plexus-cipher\1.4\plexus-cipher-1.4.jar;C:\Users\ganah\.m2\repository\org\apache\maven\shared\maven-shared-utils\3.2.1\maven-shared-utils-3.2.1.jar;C:\Users\ganah\.m2\repository\org\apache\maven\shared\maven-shared-incremental\1.1\maven-shared-incremental-1.1.jar;C:\Users\ganah\.m2\repository\org\codehaus\plexus\plexus-java\0.9.10\plexus-java-0.9.10.jar;C:\Users\ganah\.m2\repository\org\ow2\asm\asm\6.2\asm-6.2.jar;C:\Users\ganah\.m2\repository\com\thoughtworks\qdox\qdox\2.0-M8\qdox-2.0-M8.jar;C:\Users\ganah\.m2\repository\org\codehaus\plexus\plexus-compiler-api\2.8.4\plexus-compiler-api-2.8.4.jar;C:\Users\ganah\.m2\repository\org\codehaus\plexus\plexus-compiler-manager\2.8.4\plexus-compiler-manager-2.8.4.jar;C:\Users\ganah\.m2\repository\org\codehaus\plexus\plexus-compiler-javac\2.8.4\plexus-compiler-javac-2.8.4.jar;C:\Users\ganah\.m2\repository\io\cucumber\cucumber-core\7.11.0\cucumber-core-7.11.0.jar;C:\Users\ganah\.m2\repository\io\cucumber\cucumber-gherkin-messages\7.11.0\cucumber-gherkin-messages-7.11.0.jar;C:\Users\ganah\.m2\repository\io\cucumber\gherkin\26.0.3\gherkin-26.0.3.jar;C:\Users\ganah\.m2\repository\io\cucumber\messages\21.0.1\messages-21.0.1.jar;C:\Users\ganah\.m2\repository\io\cucumber\tag-expressions\5.0.1\tag-expressions-5.0.1.jar;C:\Users\ganah\.m2\repository\io\cucumber\cucumber-expressions\16.1.1\cucumber-expressions-16.1.1.jar;C:\Users\ganah\.m2\repository\io\cucumber\datatable\7.11.0\datatable-7.11.0.jar;C:\Users\ganah\.m2\repository\io\cucumber\cucumber-plugin\7.11.0\cucumber-plugin-7.11.0.jar;C:\Users\ganah\.m2\repository\io\cucumber\docstring\7.11.0\docstring-7.11.0.jar;C:\Users\ganah\.m2\repository\io\cucumber\html-formatter\20.2.1\html-formatter-20.2.1.jar;C:\Users\ganah\.m2\repository\io\cucumber\junit-xml-formatter\0.1.0\junit-xml-formatter-0.1.0.jar;C:\Users\ganah\.m2\repository\io\cucumber\ci-environment\9.1.0\ci-environment-9.1.0.jar;C:\Users\ganah\.m2\repository\org\apiguardian\apiguardian-api\1.1.2\apiguardian-api-1.1.2.jar;C:\Users\ganah\.m2\repository\io\cucumber\cucumber-gherkin\7.11.0\cucumber-gherkin-7.11.0.jar;C:\Users\ganah\.m2\repository\io\cucumber\cucumber-java\7.11.0\cucumber-java-7.11.0.jar;C:\Users\ganah\.m2\repository\net\masterthought\cucumber-reporting\5.7.4\cucumber-reporting-5.7.4.jar;C:\Users\ganah\.m2\repository\com\fasterxml\jackson\core\jackson-databind\2.13.2.2\jackson-databind-2.13.2.2.jar;C:\Users\ganah\.m2\repository\com\fasterxml\jackson\core\jackson-annotations\2.13.2\jackson-annotations-2.13.2.jar;C:\Users\ganah\.m2\repository\com\fasterxml\jackson\core\jackson-core\2.13.2\jackson-core-2.13.2.jar;C:\Users\ganah\.m2\repository\com\fasterxml\jackson\datatype\jackson-datatype-jsr310\2.13.2\jackson-datatype-jsr310-2.13.2.jar;C:\Users\ganah\.m2\repository\org\apache\velocity\velocity-engine-core\2.3\velocity-engine-core-2.3.jar;C:\Users\ganah\.m2\repository\org\apache\commons\commons-collections4\4.4\commons-collections4-4.4.jar;C:\Users\ganah\.m2\repository\joda-time\joda-time\2.10.14\joda-time-2.10.14.jar;C:\Users\ganah\.m2\repository\commons-io\commons-io\2.7\commons-io-2.7.jar;C:\Users\ganah\.m2\repository\org\codehaus\plexus\plexus-utils\3.4.2\plexus-utils-3.4.2.jar;C:\Users\ganah\.m2\repository\org\jsoup\jsoup\1.15.3\jsoup-1.15.3.jar;C:\Users\ganah\.m2\repository\com\google\guava\guava\31.1-jre\guava-31.1-jre.jar;C:\Users\ganah\.m2\repository\com\google\guava\failureaccess\1.0.1\failureaccess-1.0.1.jar;C:\Users\ganah\.m2\repository\com\google\guava\listenablefuture\9999.0-empty-to-avoid-conflict-with-guava\listenablefuture-9999.0-empty-to-avoid-conflict-with-guava.jar;C:\Users\ganah\.m2\repository\com\google\code\findbugs\jsr305\3.0.2\jsr305-3.0.2.jar;C:\Users\ganah\.m2\repository\com\google\errorprone\error_prone_annotations\2.11.0\error_prone_annotations-2.11.0.jar;C:\Users\ganah\.m2\repository\com\google\j2objc\j2objc-annotations\1.3\j2objc-annotations-1.3.jar;C:\Users\ganah\.m2\repository\com\googlecode\owasp-java-html-sanitizer\owasp-java-html-sanitizer\20211018.2\owasp-java-html-sanitizer-20211018.2.jar;C:\Users\ganah\.m2\repository\commons-configuration\commons-configuration\1.10\commons-configuration-1.10.jar;C:\Users\ganah\.m2\repository\commons-lang\commons-lang\2.6\commons-lang-2.6.jar;C:\Users\ganah\.m2\repository\commons-logging\commons-logging\1.1.1\commons-logging-1.1.1.jar;C:\Users\ganah\.m2\repository\io\cucumber\cucumber-junit\7.11.0\cucumber-junit-7.11.0.jar;C:\Users\ganah\.m2\repository\io\cucumber\cucumber-testng\7.11.1\cucumber-testng-7.11.1.jar;C:\Users\ganah\.m2\repository\org\postgresql\postgresql\42.6.0\postgresql-42.6.0.jar;C:\Users\ganah\.m2\repository\org\checkerframework\checker-qual\3.31.0\checker-qual-3.31.0.jar;C:\Users\ganah\.m2\repository\com\vimalselvam\cucumber-extentsreport\3.0.2\cucumber-extentsreport-3.0.2.jar;C:\Users\ganah\.m2\repository\com\aventstack\extentreports\5.0.9\extentreports-5.0.9.jar;C:\Users\ganah\.m2\repository\io\reactivex\rxjava3\rxjava\3.0.4\rxjava-3.0.4.jar;C:\Users\ganah\.m2\repository\org\reactivestreams\reactive-streams\1.0.3\reactive-streams-1.0.3.jar;C:\Users\ganah\.m2\repository\org\freemarker\freemarker\2.3.30\freemarker-2.3.30.jar;C:\Users\ganah\.m2\repository\org\projectlombok\lombok\1.18.12\lombok-1.18.12.jar;C:\Users\ganah\.m2\repository\org\apache\logging\log4j\log4j-core\2.14.1\log4j-core-2.14.1.jar;C:\Users\ganah\.m2\repository\org\apache\logging\log4j\log4j-api\2.14.1\log4j-api-2.14.1.jar;C:\Users\ganah\.m2\repository\com\deque\html\axe-core\selenium\4.6.0\selenium-4.6.0.jar;C:\Users\ganah\.m2\repository\com\deque\html\axe-core\dequeutilites\4.6.0\dequeutilites-4.6.0.jar;C:\Users\ganah\.m2\repository\org\springframework\boot\spring-boot-starter-web\3.0.6\spring-boot-starter-web-3.0.6.jar;C:\Users\ganah\.m2\repository\org\springframework\boot\spring-boot-starter\3.0.6\spring-boot-starter-3.0.6.jar;C:\Users\ganah\.m2\repository\org\springframework\boot\spring-boot\3.0.6\spring-boot-3.0.6.jar;C:\Users\ganah\.m2\repository\org\springframework\boot\spring-boot-autoconfigure\3.0.6\spring-boot-autoconfigure-3.0.6.jar;C:\Users\ganah\.m2\repository\org\springframework\boot\spring-boot-starter-logging\3.0.6\spring-boot-starter-logging-3.0.6.jar;C:\Users\ganah\.m2\repository\ch\qos\logback\logback-classic\1.4.7\logback-classic-1.4.7.jar;C:\Users\ganah\.m2\repository\ch\qos\logback\logback-core\1.4.7\logback-core-1.4.7.jar;C:\Users\ganah\.m2\repository\org\apache\logging\log4j\log4j-to-slf4j\2.19.0\log4j-to-slf4j-2.19.0.jar;C:\Users\ganah\.m2\repository\org\slf4j\jul-to-slf4j\2.0.7\jul-to-slf4j-2.0.7.jar;C:\Users\ganah\.m2\repository\jakarta\annotation\jakarta.annotation-api\2.1.1\jakarta.annotation-api-2.1.1.jar;C:\Users\ganah\.m2\repository\org\springframework\spring-core\6.0.8\spring-core-6.0.8.jar;C:\Users\ganah\.m2\repository\org\springframework\spring-jcl\6.0.8\spring-jcl-6.0.8.jar;C:\Users\ganah\.m2\repository\org\yaml\snakeyaml\1.33\snakeyaml-1.33.jar;C:\Users\ganah\.m2\repository\org\springframework\boot\spring-boot-starter-json\3.0.6\spring-boot-starter-json-3.0.6.jar;C:\Users\ganah\.m2\repository\com\fasterxml\jackson\datatype\jackson-datatype-jdk8\2.14.2\jackson-datatype-jdk8-2.14.2.jar;C:\Users\ganah\.m2\repository\com\fasterxml\jackson\module\jackson-module-parameter-names\2.14.2\jackson-module-parameter-names-2.14.2.jar;C:\Users\ganah\.m2\repository\org\springframework\boot\spring-boot-starter-tomcat\3.0.6\spring-boot-starter-tomcat-3.0.6.jar;C:\Users\ganah\.m2\repository\org\apache\tomcat\embed\tomcat-embed-core\10.1.8\tomcat-embed-core-10.1.8.jar;C:\Users\ganah\.m2\repository\org\apache\tomcat\embed\tomcat-embed-el\10.1.8\tomcat-embed-el-10.1.8.jar;C:\Users\ganah\.m2\repository\org\apache\tomcat\embed\tomcat-embed-websocket\10.1.8\tomcat-embed-websocket-10.1.8.jar;C:\Users\ganah\.m2\repository\org\springframework\spring-web\6.0.8\spring-web-6.0.8.jar;C:\Users\ganah\.m2\repository\org\springframework\spring-beans\6.0.8\spring-beans-6.0.8.jar;C:\Users\ganah\.m2\repository\io\micrometer\micrometer-observation\1.10.6\micrometer-observation-1.10.6.jar;C:\Users\ganah\.m2\repository\io\micrometer\micrometer-commons\1.10.6\micrometer-commons-1.10.6.jar;C:\Users\ganah\.m2\repository\org\springframework\spring-webmvc\6.0.8\spring-webmvc-6.0.8.jar;C:\Users\ganah\.m2\repository\org\springframework\spring-aop\6.0.8\spring-aop-6.0.8.jar;C:\Users\ganah\.m2\repository\org\springframework\spring-context\6.0.8\spring-context-6.0.8.jar;C:\Users\ganah\.m2\repository\org\springframework\spring-expression\6.0.8\spring-expression-6.0.8.jar;C:\Users\ganah\.m2\repository\org\thymeleaf\thymeleaf\3.0.12.RELEASE\thymeleaf-3.0.12.RELEASE.jar;C:\Users\ganah\.m2\repository\ognl\ognl\3.1.26\ognl-3.1.26.jar;C:\Users\ganah\.m2\repository\org\javassist\javassist\3.20.0-GA\javassist-3.20.0-GA.jar;C:\Users\ganah\.m2\repository\org\attoparser\attoparser\2.0.5.RELEASE\attoparser-2.0.5.RELEASE.jar;C:\Users\ganah\.m2\repository\org\unbescape\unbescape\1.1.6.RELEASE\unbescape-1.1.6.RELEASE.jar;"/>
    <property name="java.vm.vendor" value="Oracle Corporation"/>
    <property name="sun.arch.data.model" value="64"/>
    <property name="user.variant" value=""/>
    <property name="java.vendor.url" value="https://openjdk.java.net/"/>
    <property name="user.timezone" value="America/New_York"/>
    <property name="java.vm.specification.version" value="11"/>
    <property name="os.name" value="Windows 10"/>
    <property name="sun.java.launcher" value="SUN_STANDARD"/>
    <property name="user.country" value="US"/>
    <property name="sun.boot.library.path" value="C:\Program Files\Java\jdk-11.0.11\bin"/>
    <property name="sun.java.command" value="C:\Users\ganah\AppData\Local\Temp\surefire17376844645229539869\surefirebooter6701413346304339599.jar C:\Users\ganah\AppData\Local\Temp\surefire17376844645229539869 2023-05-11T12-10-44_519-jvmRun1 surefire8692916258419354186tmp surefire_018205922291372296113tmp"/>
    <property name="jdk.debug" value="release"/>
    <property name="surefire.test.class.path" value="C:\Users\ganah\IdeaProjects\Cucumber_Project_03_28_2023_job\target\test-classes;C:\Users\ganah\IdeaProjects\Cucumber_Project_03_28_2023_job\target\classes;C:\Users\ganah\.m2\repository\org\seleniumhq\selenium\selenium-java\4.9.0\selenium-java-4.9.0.jar;C:\Users\ganah\.m2\repository\org\seleniumhq\selenium\selenium-api\4.9.0\selenium-api-4.9.0.jar;C:\Users\ganah\.m2\repository\org\seleniumhq\selenium\selenium-chrome-driver\4.9.0\selenium-chrome-driver-4.9.0.jar;C:\Users\ganah\.m2\repository\com\google\auto\service\auto-service-annotations\1.0.1\auto-service-annotations-1.0.1.jar;C:\Users\ganah\.m2\repository\com\google\auto\service\auto-service\1.0.1\auto-service-1.0.1.jar;C:\Users\ganah\.m2\repository\com\google\auto\auto-common\1.2\auto-common-1.2.jar;C:\Users\ganah\.m2\repository\org\seleniumhq\selenium\selenium-chromium-driver\4.9.0\selenium-chromium-driver-4.9.0.jar;C:\Users\ganah\.m2\repository\org\seleniumhq\selenium\selenium-json\4.9.0\selenium-json-4.9.0.jar;C:\Users\ganah\.m2\repository\org\seleniumhq\selenium\selenium-manager\4.9.0\selenium-manager-4.9.0.jar;C:\Users\ganah\.m2\repository\org\seleniumhq\selenium\selenium-devtools-v110\4.9.0\selenium-devtools-v110-4.9.0.jar;C:\Users\ganah\.m2\repository\org\seleniumhq\selenium\selenium-devtools-v111\4.9.0\selenium-devtools-v111-4.9.0.jar;C:\Users\ganah\.m2\repository\org\seleniumhq\selenium\selenium-devtools-v112\4.9.0\selenium-devtools-v112-4.9.0.jar;C:\Users\ganah\.m2\repository\org\seleniumhq\selenium\selenium-devtools-v85\4.9.0\selenium-devtools-v85-4.9.0.jar;C:\Users\ganah\.m2\repository\org\seleniumhq\selenium\selenium-edge-driver\4.9.0\selenium-edge-driver-4.9.0.jar;C:\Users\ganah\.m2\repository\org\seleniumhq\selenium\selenium-firefox-driver\4.9.0\selenium-firefox-driver-4.9.0.jar;C:\Users\ganah\.m2\repository\org\seleniumhq\selenium\selenium-http\4.9.0\selenium-http-4.9.0.jar;C:\Users\ganah\.m2\repository\dev\failsafe\failsafe\3.3.1\failsafe-3.3.1.jar;C:\Users\ganah\.m2\repository\org\seleniumhq\selenium\selenium-ie-driver\4.9.0\selenium-ie-driver-4.9.0.jar;C:\Users\ganah\.m2\repository\org\seleniumhq\selenium\selenium-remote-driver\4.9.0\selenium-remote-driver-4.9.0.jar;C:\Users\ganah\.m2\repository\io\netty\netty-buffer\4.1.91.Final\netty-buffer-4.1.91.Final.jar;C:\Users\ganah\.m2\repository\io\netty\netty-codec-http\4.1.91.Final\netty-codec-http-4.1.91.Final.jar;C:\Users\ganah\.m2\repository\io\netty\netty-codec\4.1.91.Final\netty-codec-4.1.91.Final.jar;C:\Users\ganah\.m2\repository\io\netty\netty-handler\4.1.91.Final\netty-handler-4.1.91.Final.jar;C:\Users\ganah\.m2\repository\io\netty\netty-common\4.1.91.Final\netty-common-4.1.91.Final.jar;C:\Users\ganah\.m2\repository\io\netty\netty-transport-classes-epoll\4.1.91.Final\netty-transport-classes-epoll-4.1.91.Final.jar;C:\Users\ganah\.m2\repository\io\netty\netty-transport-classes-kqueue\4.1.91.Final\netty-transport-classes-kqueue-4.1.91.Final.jar;C:\Users\ganah\.m2\repository\io\netty\netty-transport-native-epoll\4.1.91.Final\netty-transport-native-epoll-4.1.91.Final.jar;C:\Users\ganah\.m2\repository\io\netty\netty-transport-native-kqueue\4.1.91.Final\netty-transport-native-kqueue-4.1.91.Final.jar;C:\Users\ganah\.m2\repository\io\netty\netty-transport-native-unix-common\4.1.91.Final\netty-transport-native-unix-common-4.1.91.Final.jar;C:\Users\ganah\.m2\repository\io\netty\netty-transport\4.1.91.Final\netty-transport-4.1.91.Final.jar;C:\Users\ganah\.m2\repository\io\netty\netty-resolver\4.1.91.Final\netty-resolver-4.1.91.Final.jar;C:\Users\ganah\.m2\repository\io\opentelemetry\opentelemetry-api\1.25.0\opentelemetry-api-1.25.0.jar;C:\Users\ganah\.m2\repository\io\opentelemetry\opentelemetry-context\1.25.0\opentelemetry-context-1.25.0.jar;C:\Users\ganah\.m2\repository\io\opentelemetry\opentelemetry-exporter-logging\1.25.0\opentelemetry-exporter-logging-1.25.0.jar;C:\Users\ganah\.m2\repository\io\opentelemetry\opentelemetry-sdk-metrics\1.25.0\opentelemetry-sdk-metrics-1.25.0.jar;C:\Users\ganah\.m2\repository\io\opentelemetry\opentelemetry-sdk-logs\1.25.0-alpha\opentelemetry-sdk-logs-1.25.0-alpha.jar;C:\Users\ganah\.m2\repository\io\opentelemetry\opentelemetry-api-logs\1.25.0-alpha\opentelemetry-api-logs-1.25.0-alpha.jar;C:\Users\ganah\.m2\repository\io\opentelemetry\opentelemetry-api-events\1.25.0-alpha\opentelemetry-api-events-1.25.0-alpha.jar;C:\Users\ganah\.m2\repository\io\opentelemetry\opentelemetry-sdk-common\1.25.0\opentelemetry-sdk-common-1.25.0.jar;C:\Users\ganah\.m2\repository\io\opentelemetry\opentelemetry-sdk-extension-autoconfigure-spi\1.25.0\opentelemetry-sdk-extension-autoconfigure-spi-1.25.0.jar;C:\Users\ganah\.m2\repository\io\opentelemetry\opentelemetry-sdk-extension-autoconfigure\1.25.0-alpha\opentelemetry-sdk-extension-autoconfigure-1.25.0-alpha.jar;C:\Users\ganah\.m2\repository\io\opentelemetry\opentelemetry-sdk-trace\1.25.0\opentelemetry-sdk-trace-1.25.0.jar;C:\Users\ganah\.m2\repository\io\opentelemetry\opentelemetry-sdk\1.25.0\opentelemetry-sdk-1.25.0.jar;C:\Users\ganah\.m2\repository\io\opentelemetry\opentelemetry-semconv\1.25.0-alpha\opentelemetry-semconv-1.25.0-alpha.jar;C:\Users\ganah\.m2\repository\io\ous\jtoml\2.0.0\jtoml-2.0.0.jar;C:\Users\ganah\.m2\repository\net\bytebuddy\byte-buddy\1.14.4\byte-buddy-1.14.4.jar;C:\Users\ganah\.m2\repository\org\apache\commons\commons-exec\1.3\commons-exec-1.3.jar;C:\Users\ganah\.m2\repository\org\asynchttpclient\async-http-client\2.12.3\async-http-client-2.12.3.jar;C:\Users\ganah\.m2\repository\org\asynchttpclient\async-http-client-netty-utils\2.12.3\async-http-client-netty-utils-2.12.3.jar;C:\Users\ganah\.m2\repository\io\netty\netty-codec-socks\4.1.60.Final\netty-codec-socks-4.1.60.Final.jar;C:\Users\ganah\.m2\repository\io\netty\netty-handler-proxy\4.1.60.Final\netty-handler-proxy-4.1.60.Final.jar;C:\Users\ganah\.m2\repository\io\netty\netty-transport-native-epoll\4.1.60.Final\netty-transport-native-epoll-4.1.60.Final-linux-x86_64.jar;C:\Users\ganah\.m2\repository\io\netty\netty-transport-native-kqueue\4.1.60.Final\netty-transport-native-kqueue-4.1.60.Final-osx-x86_64.jar;C:\Users\ganah\.m2\repository\com\typesafe\netty\netty-reactive-streams\2.0.4\netty-reactive-streams-2.0.4.jar;C:\Users\ganah\.m2\repository\com\sun\activation\jakarta.activation\1.2.2\jakarta.activation-1.2.2.jar;C:\Users\ganah\.m2\repository\org\seleniumhq\selenium\selenium-safari-driver\4.9.0\selenium-safari-driver-4.9.0.jar;C:\Users\ganah\.m2\repository\org\seleniumhq\selenium\selenium-support\4.9.0\selenium-support-4.9.0.jar;C:\Users\ganah\.m2\repository\org\apache\maven\plugins\maven-surefire-plugin\3.0.0-M5\maven-surefire-plugin-3.0.0-M5.jar;C:\Users\ganah\.m2\repository\org\apache\maven\surefire\maven-surefire-common\3.0.0-M5\maven-surefire-common-3.0.0-M5.jar;C:\Users\ganah\.m2\repository\org\apache\maven\surefire\surefire-api\3.0.0-M5\surefire-api-3.0.0-M5.jar;C:\Users\ganah\.m2\repository\org\apache\maven\surefire\surefire-logger-api\3.0.0-M5\surefire-logger-api-3.0.0-M5.jar;C:\Users\ganah\.m2\repository\org\apache\maven\surefire\surefire-extensions-api\3.0.0-M5\surefire-extensions-api-3.0.0-M5.jar;C:\Users\ganah\.m2\repository\org\apache\maven\surefire\surefire-booter\3.0.0-M5\surefire-booter-3.0.0-M5.jar;C:\Users\ganah\.m2\repository\org\apache\maven\surefire\surefire-extensions-spi\3.0.0-M5\surefire-extensions-spi-3.0.0-M5.jar;C:\Users\ganah\.m2\repository\org\apache\maven\maven-toolchain\3.0-alpha-2\maven-toolchain-3.0-alpha-2.jar;C:\Users\ganah\.m2\repository\org\apache\maven\shared\maven-artifact-transfer\0.11.0\maven-artifact-transfer-0.11.0.jar;C:\Users\ganah\.m2\repository\org\apache\maven\shared\maven-common-artifact-filters\3.0.1\maven-common-artifact-filters-3.0.1.jar;C:\Users\ganah\.m2\repository\org\apache\maven\surefire\surefire-shared-utils\3.0.0-M4\surefire-shared-utils-3.0.0-M4.jar;C:\Users\ganah\.m2\repository\org\apache\maven\plugins\maven-failsafe-plugin\3.0.0-M5\maven-failsafe-plugin-3.0.0-M5.jar;C:\Users\ganah\.m2\repository\junit\junit\4.13.1\junit-4.13.1.jar;C:\Users\ganah\.m2\repository\org\hamcrest\hamcrest-core\1.3\hamcrest-core-1.3.jar;C:\Users\ganah\.m2\repository\io\github\bonigarcia\webdrivermanager\5.3.1\webdrivermanager-5.3.1.jar;C:\Users\ganah\.m2\repository\org\slf4j\slf4j-api\2.0.3\slf4j-api-2.0.3.jar;C:\Users\ganah\.m2\repository\com\google\code\gson\gson\2.10\gson-2.10.jar;C:\Users\ganah\.m2\repository\com\github\docker-java\docker-java\3.2.13\docker-java-3.2.13.jar;C:\Users\ganah\.m2\repository\com\github\docker-java\docker-java-core\3.2.13\docker-java-core-3.2.13.jar;C:\Users\ganah\.m2\repository\com\github\docker-java\docker-java-api\3.2.13\docker-java-api-3.2.13.jar;C:\Users\ganah\.m2\repository\org\apache\commons\commons-compress\1.21\commons-compress-1.21.jar;C:\Users\ganah\.m2\repository\org\bouncycastle\bcpkix-jdk15on\1.64\bcpkix-jdk15on-1.64.jar;C:\Users\ganah\.m2\repository\org\bouncycastle\bcprov-jdk15on\1.64\bcprov-jdk15on-1.64.jar;C:\Users\ganah\.m2\repository\org\slf4j\jcl-over-slf4j\1.7.30\jcl-over-slf4j-1.7.30.jar;C:\Users\ganah\.m2\repository\com\github\docker-java\docker-java-transport-httpclient5\3.2.13\docker-java-transport-httpclient5-3.2.13.jar;C:\Users\ganah\.m2\repository\com\github\docker-java\docker-java-transport\3.2.13\docker-java-transport-3.2.13.jar;C:\Users\ganah\.m2\repository\net\java\dev\jna\jna\5.8.0\jna-5.8.0.jar;C:\Users\ganah\.m2\repository\org\brotli\dec\0.1.2\dec-0.1.2.jar;C:\Users\ganah\.m2\repository\org\apache\commons\commons-lang3\3.12.0\commons-lang3-3.12.0.jar;C:\Users\ganah\.m2\repository\org\apache\httpcomponents\client5\httpclient5\5.1.3\httpclient5-5.1.3.jar;C:\Users\ganah\.m2\repository\org\apache\httpcomponents\core5\httpcore5\5.1.3\httpcore5-5.1.3.jar;C:\Users\ganah\.m2\repository\org\apache\httpcomponents\core5\httpcore5-h2\5.1.3\httpcore5-h2-5.1.3.jar;C:\Users\ganah\.m2\repository\commons-codec\commons-codec\1.15\commons-codec-1.15.jar;C:\Users\ganah\.m2\repository\org\testng\testng\7.7.0\testng-7.7.0.jar;C:\Users\ganah\.m2\repository\com\beust\jcommander\1.82\jcommander-1.82.jar;C:\Users\ganah\.m2\repository\org\webjars\jquery\3.6.1\jquery-3.6.1.jar;C:\Users\ganah\.m2\repository\org\apache\maven\plugins\maven-compiler-plugin\3.8.1\maven-compiler-plugin-3.8.1.jar;C:\Users\ganah\.m2\repository\org\apache\maven\maven-plugin-api\3.0\maven-plugin-api-3.0.jar;C:\Users\ganah\.m2\repository\org\apache\maven\maven-model\3.0\maven-model-3.0.jar;C:\Users\ganah\.m2\repository\org\sonatype\sisu\sisu-inject-plexus\1.4.2\sisu-inject-plexus-1.4.2.jar;C:\Users\ganah\.m2\repository\org\sonatype\sisu\sisu-inject-bean\1.4.2\sisu-inject-bean-1.4.2.jar;C:\Users\ganah\.m2\repository\org\sonatype\sisu\sisu-guice\2.1.7\sisu-guice-2.1.7-noaop.jar;C:\Users\ganah\.m2\repository\org\apache\maven\maven-artifact\3.0\maven-artifact-3.0.jar;C:\Users\ganah\.m2\repository\org\apache\maven\maven-core\3.0\maven-core-3.0.jar;C:\Users\ganah\.m2\repository\org\apache\maven\maven-settings\3.0\maven-settings-3.0.jar;C:\Users\ganah\.m2\repository\org\apache\maven\maven-settings-builder\3.0\maven-settings-builder-3.0.jar;C:\Users\ganah\.m2\repository\org\apache\maven\maven-repository-metadata\3.0\maven-repository-metadata-3.0.jar;C:\Users\ganah\.m2\repository\org\apache\maven\maven-model-builder\3.0\maven-model-builder-3.0.jar;C:\Users\ganah\.m2\repository\org\apache\maven\maven-aether-provider\3.0\maven-aether-provider-3.0.jar;C:\Users\ganah\.m2\repository\org\sonatype\aether\aether-impl\1.7\aether-impl-1.7.jar;C:\Users\ganah\.m2\repository\org\sonatype\aether\aether-spi\1.7\aether-spi-1.7.jar;C:\Users\ganah\.m2\repository\org\sonatype\aether\aether-api\1.7\aether-api-1.7.jar;C:\Users\ganah\.m2\repository\org\sonatype\aether\aether-util\1.7\aether-util-1.7.jar;C:\Users\ganah\.m2\repository\org\codehaus\plexus\plexus-interpolation\1.14\plexus-interpolation-1.14.jar;C:\Users\ganah\.m2\repository\org\codehaus\plexus\plexus-classworlds\2.2.3\plexus-classworlds-2.2.3.jar;C:\Users\ganah\.m2\repository\org\codehaus\plexus\plexus-component-annotations\1.5.5\plexus-component-annotations-1.5.5.jar;C:\Users\ganah\.m2\repository\org\sonatype\plexus\plexus-sec-dispatcher\1.3\plexus-sec-dispatcher-1.3.jar;C:\Users\ganah\.m2\repository\org\sonatype\plexus\plexus-cipher\1.4\plexus-cipher-1.4.jar;C:\Users\ganah\.m2\repository\org\apache\maven\shared\maven-shared-utils\3.2.1\maven-shared-utils-3.2.1.jar;C:\Users\ganah\.m2\repository\org\apache\maven\shared\maven-shared-incremental\1.1\maven-shared-incremental-1.1.jar;C:\Users\ganah\.m2\repository\org\codehaus\plexus\plexus-java\0.9.10\plexus-java-0.9.10.jar;C:\Users\ganah\.m2\repository\org\ow2\asm\asm\6.2\asm-6.2.jar;C:\Users\ganah\.m2\repository\com\thoughtworks\qdox\qdox\2.0-M8\qdox-2.0-M8.jar;C:\Users\ganah\.m2\repository\org\codehaus\plexus\plexus-compiler-api\2.8.4\plexus-compiler-api-2.8.4.jar;C:\Users\ganah\.m2\repository\org\codehaus\plexus\plexus-compiler-manager\2.8.4\plexus-compiler-manager-2.8.4.jar;C:\Users\ganah\.m2\repository\org\codehaus\plexus\plexus-compiler-javac\2.8.4\plexus-compiler-javac-2.8.4.jar;C:\Users\ganah\.m2\repository\io\cucumber\cucumber-core\7.11.0\cucumber-core-7.11.0.jar;C:\Users\ganah\.m2\repository\io\cucumber\cucumber-gherkin-messages\7.11.0\cucumber-gherkin-messages-7.11.0.jar;C:\Users\ganah\.m2\repository\io\cucumber\gherkin\26.0.3\gherkin-26.0.3.jar;C:\Users\ganah\.m2\repository\io\cucumber\messages\21.0.1\messages-21.0.1.jar;C:\Users\ganah\.m2\repository\io\cucumber\tag-expressions\5.0.1\tag-expressions-5.0.1.jar;C:\Users\ganah\.m2\repository\io\cucumber\cucumber-expressions\16.1.1\cucumber-expressions-16.1.1.jar;C:\Users\ganah\.m2\repository\io\cucumber\datatable\7.11.0\datatable-7.11.0.jar;C:\Users\ganah\.m2\repository\io\cucumber\cucumber-plugin\7.11.0\cucumber-plugin-7.11.0.jar;C:\Users\ganah\.m2\repository\io\cucumber\docstring\7.11.0\docstring-7.11.0.jar;C:\Users\ganah\.m2\repository\io\cucumber\html-formatter\20.2.1\html-formatter-20.2.1.jar;C:\Users\ganah\.m2\repository\io\cucumber\junit-xml-formatter\0.1.0\junit-xml-formatter-0.1.0.jar;C:\Users\ganah\.m2\repository\io\cucumber\ci-environment\9.1.0\ci-environment-9.1.0.jar;C:\Users\ganah\.m2\repository\org\apiguardian\apiguardian-api\1.1.2\apiguardian-api-1.1.2.jar;C:\Users\ganah\.m2\repository\io\cucumber\cucumber-gherkin\7.11.0\cucumber-gherkin-7.11.0.jar;C:\Users\ganah\.m2\repository\io\cucumber\cucumber-java\7.11.0\cucumber-java-7.11.0.jar;C:\Users\ganah\.m2\repository\net\masterthought\cucumber-reporting\5.7.4\cucumber-reporting-5.7.4.jar;C:\Users\ganah\.m2\repository\com\fasterxml\jackson\core\jackson-databind\2.13.2.2\jackson-databind-2.13.2.2.jar;C:\Users\ganah\.m2\repository\com\fasterxml\jackson\core\jackson-annotations\2.13.2\jackson-annotations-2.13.2.jar;C:\Users\ganah\.m2\repository\com\fasterxml\jackson\core\jackson-core\2.13.2\jackson-core-2.13.2.jar;C:\Users\ganah\.m2\repository\com\fasterxml\jackson\datatype\jackson-datatype-jsr310\2.13.2\jackson-datatype-jsr310-2.13.2.jar;C:\Users\ganah\.m2\repository\org\apache\velocity\velocity-engine-core\2.3\velocity-engine-core-2.3.jar;C:\Users\ganah\.m2\repository\org\apache\commons\commons-collections4\4.4\commons-collections4-4.4.jar;C:\Users\ganah\.m2\repository\joda-time\joda-time\2.10.14\joda-time-2.10.14.jar;C:\Users\ganah\.m2\repository\commons-io\commons-io\2.7\commons-io-2.7.jar;C:\Users\ganah\.m2\repository\org\codehaus\plexus\plexus-utils\3.4.2\plexus-utils-3.4.2.jar;C:\Users\ganah\.m2\repository\org\jsoup\jsoup\1.15.3\jsoup-1.15.3.jar;C:\Users\ganah\.m2\repository\com\google\guava\guava\31.1-jre\guava-31.1-jre.jar;C:\Users\ganah\.m2\repository\com\google\guava\failureaccess\1.0.1\failureaccess-1.0.1.jar;C:\Users\ganah\.m2\repository\com\google\guava\listenablefuture\9999.0-empty-to-avoid-conflict-with-guava\listenablefuture-9999.0-empty-to-avoid-conflict-with-guava.jar;C:\Users\ganah\.m2\repository\com\google\code\findbugs\jsr305\3.0.2\jsr305-3.0.2.jar;C:\Users\ganah\.m2\repository\com\google\errorprone\error_prone_annotations\2.11.0\error_prone_annotations-2.11.0.jar;C:\Users\ganah\.m2\repository\com\google\j2objc\j2objc-annotations\1.3\j2objc-annotations-1.3.jar;C:\Users\ganah\.m2\repository\com\googlecode\owasp-java-html-sanitizer\owasp-java-html-sanitizer\20211018.2\owasp-java-html-sanitizer-20211018.2.jar;C:\Users\ganah\.m2\repository\commons-configuration\commons-configuration\1.10\commons-configuration-1.10.jar;C:\Users\ganah\.m2\repository\commons-lang\commons-lang\2.6\commons-lang-2.6.jar;C:\Users\ganah\.m2\repository\commons-logging\commons-logging\1.1.1\commons-logging-1.1.1.jar;C:\Users\ganah\.m2\repository\io\cucumber\cucumber-junit\7.11.0\cucumber-junit-7.11.0.jar;C:\Users\ganah\.m2\repository\io\cucumber\cucumber-testng\7.11.1\cucumber-testng-7.11.1.jar;C:\Users\ganah\.m2\repository\org\postgresql\postgresql\42.6.0\postgresql-42.6.0.jar;C:\Users\ganah\.m2\repository\org\checkerframework\checker-qual\3.31.0\checker-qual-3.31.0.jar;C:\Users\ganah\.m2\repository\com\vimalselvam\cucumber-extentsreport\3.0.2\cucumber-extentsreport-3.0.2.jar;C:\Users\ganah\.m2\repository\com\aventstack\extentreports\5.0.9\extentreports-5.0.9.jar;C:\Users\ganah\.m2\repository\io\reactivex\rxjava3\rxjava\3.0.4\rxjava-3.0.4.jar;C:\Users\ganah\.m2\repository\org\reactivestreams\reactive-streams\1.0.3\reactive-streams-1.0.3.jar;C:\Users\ganah\.m2\repository\org\freemarker\freemarker\2.3.30\freemarker-2.3.30.jar;C:\Users\ganah\.m2\repository\org\projectlombok\lombok\1.18.12\lombok-1.18.12.jar;C:\Users\ganah\.m2\repository\org\apache\logging\log4j\log4j-core\2.14.1\log4j-core-2.14.1.jar;C:\Users\ganah\.m2\repository\org\apache\logging\log4j\log4j-api\2.14.1\log4j-api-2.14.1.jar;C:\Users\ganah\.m2\repository\com\deque\html\axe-core\selenium\4.6.0\selenium-4.6.0.jar;C:\Users\ganah\.m2\repository\com\deque\html\axe-core\dequeutilites\4.6.0\dequeutilites-4.6.0.jar;C:\Users\ganah\.m2\repository\org\springframework\boot\spring-boot-starter-web\3.0.6\spring-boot-starter-web-3.0.6.jar;C:\Users\ganah\.m2\repository\org\springframework\boot\spring-boot-starter\3.0.6\spring-boot-starter-3.0.6.jar;C:\Users\ganah\.m2\repository\org\springframework\boot\spring-boot\3.0.6\spring-boot-3.0.6.jar;C:\Users\ganah\.m2\repository\org\springframework\boot\spring-boot-autoconfigure\3.0.6\spring-boot-autoconfigure-3.0.6.jar;C:\Users\ganah\.m2\repository\org\springframework\boot\spring-boot-starter-logging\3.0.6\spring-boot-starter-logging-3.0.6.jar;C:\Users\ganah\.m2\repository\ch\qos\logback\logback-classic\1.4.7\logback-classic-1.4.7.jar;C:\Users\ganah\.m2\repository\ch\qos\logback\logback-core\1.4.7\logback-core-1.4.7.jar;C:\Users\ganah\.m2\repository\org\apache\logging\log4j\log4j-to-slf4j\2.19.0\log4j-to-slf4j-2.19.0.jar;C:\Users\ganah\.m2\repository\org\slf4j\jul-to-slf4j\2.0.7\jul-to-slf4j-2.0.7.jar;C:\Users\ganah\.m2\repository\jakarta\annotation\jakarta.annotation-api\2.1.1\jakarta.annotation-api-2.1.1.jar;C:\Users\ganah\.m2\repository\org\springframework\spring-core\6.0.8\spring-core-6.0.8.jar;C:\Users\ganah\.m2\repository\org\springframework\spring-jcl\6.0.8\spring-jcl-6.0.8.jar;C:\Users\ganah\.m2\repository\org\yaml\snakeyaml\1.33\snakeyaml-1.33.jar;C:\Users\ganah\.m2\repository\org\springframework\boot\spring-boot-starter-json\3.0.6\spring-boot-starter-json-3.0.6.jar;C:\Users\ganah\.m2\repository\com\fasterxml\jackson\datatype\jackson-datatype-jdk8\2.14.2\jackson-datatype-jdk8-2.14.2.jar;C:\Users\ganah\.m2\repository\com\fasterxml\jackson\module\jackson-module-parameter-names\2.14.2\jackson-module-parameter-names-2.14.2.jar;C:\Users\ganah\.m2\repository\org\springframework\boot\spring-boot-starter-tomcat\3.0.6\spring-boot-starter-tomcat-3.0.6.jar;C:\Users\ganah\.m2\repository\org\apache\tomcat\embed\tomcat-embed-core\10.1.8\tomcat-embed-core-10.1.8.jar;C:\Users\ganah\.m2\repository\org\apache\tomcat\embed\tomcat-embed-el\10.1.8\tomcat-embed-el-10.1.8.jar;C:\Users\ganah\.m2\repository\org\apache\tomcat\embed\tomcat-embed-websocket\10.1.8\tomcat-embed-websocket-10.1.8.jar;C:\Users\ganah\.m2\repository\org\springframework\spring-web\6.0.8\spring-web-6.0.8.jar;C:\Users\ganah\.m2\repository\org\springframework\spring-beans\6.0.8\spring-beans-6.0.8.jar;C:\Users\ganah\.m2\repository\io\micrometer\micrometer-observation\1.10.6\micrometer-observation-1.10.6.jar;C:\Users\ganah\.m2\repository\io\micrometer\micrometer-commons\1.10.6\micrometer-commons-1.10.6.jar;C:\Users\ganah\.m2\repository\org\springframework\spring-webmvc\6.0.8\spring-webmvc-6.0.8.jar;C:\Users\ganah\.m2\repository\org\springframework\spring-aop\6.0.8\spring-aop-6.0.8.jar;C:\Users\ganah\.m2\repository\org\springframework\spring-context\6.0.8\spring-context-6.0.8.jar;C:\Users\ganah\.m2\repository\org\springframework\spring-expression\6.0.8\spring-expression-6.0.8.jar;C:\Users\ganah\.m2\repository\org\thymeleaf\thymeleaf\3.0.12.RELEASE\thymeleaf-3.0.12.RELEASE.jar;C:\Users\ganah\.m2\repository\ognl\ognl\3.1.26\ognl-3.1.26.jar;C:\Users\ganah\.m2\repository\org\javassist\javassist\3.20.0-GA\javassist-3.20.0-GA.jar;C:\Users\ganah\.m2\repository\org\attoparser\attoparser\2.0.5.RELEASE\attoparser-2.0.5.RELEASE.jar;C:\Users\ganah\.m2\repository\org\unbescape\unbescape\1.1.6.RELEASE\unbescape-1.1.6.RELEASE.jar;"/>
    <property name="sun.cpu.endian" value="little"/>
    <property name="user.home" value="C:\Users\ganah"/>
    <property name="user.language" value="en"/>
    <property name="java.specification.vendor" value="Oracle Corporation"/>
    <property name="java.version.date" value="2021-04-20"/>
    <property name="java.home" value="C:\Program Files\Java\jdk-11.0.11"/>
    <property name="file.separator" value="\"/>
    <property name="basedir" value="C:\Users\ganah\IdeaProjects\Cucumber_Project_03_28_2023_job"/>
    <property name="java.vm.compressedOopsMode" value="32-bit"/>
    <property name="line.separator" value="&#10;"/>
    <property name="java.specification.name" value="Java Platform API Specification"/>
    <property name="java.vm.specification.vendor" value="Oracle Corporation"/>
    <property name="java.awt.graphicsenv" value="sun.awt.Win32GraphicsEnvironment"/>
    <property name="surefire.real.class.path" value="C:\Users\ganah\AppData\Local\Temp\surefire17376844645229539869\surefirebooter6701413346304339599.jar"/>
    <property name="user.script" value=""/>
    <property name="sun.management.compiler" value="HotSpot 64-Bit Tiered Compilers"/>
    <property name="java.runtime.version" value="11.0.11+9-LTS-194"/>
    <property name="user.name" value="ganah"/>
    <property name="path.separator" value=";"/>
    <property name="otel.metrics.exporter" value="none"/>
    <property name="os.version" value="10.0"/>
    <property name="java.runtime.name" value="Java(TM) SE Runtime Environment"/>
    <property name="otel.traces.exporter" value="none"/>
    <property name="file.encoding" value="Cp1252"/>
    <property name="java.vm.name" value="Java HotSpot(TM) 64-Bit Server VM"/>
    <property name="java.vendor.version" value="18.9"/>
    <property name="localRepository" value="C:\Users\ganah\.m2\repository"/>
    <property name="java.vendor.url.bug" value="https://bugreport.java.com/bugreport/"/>
    <property name="java.io.tmpdir" value="C:\Users\ganah\AppData\Local\Temp\"/>
    <property name="java.version" value="11.0.11"/>
    <property name="user.dir" value="C:\Users\ganah\IdeaProjects\Cucumber_Project_03_28_2023_job"/>
    <property name="os.arch" value="amd64"/>
    <property name="java.vm.specification.name" value="Java Virtual Machine Specification"/>
    <property name="java.awt.printerjob" value="sun.awt.windows.WPrinterJob"/>
    <property name="sun.os.patch.level" value=""/>
    <property name="java.library.path" value="C:\Program Files\Java\jdk-11.0.11\bin;C:\WINDOWS\Sun\Java\bin;C:\WINDOWS\system32;C:\WINDOWS;C:\Program Files\Common Files\Oracle\Java\javapath;C:\WINDOWS\system32;C:\WINDOWS;C:\WINDOWS\System32\Wbem;C:\WINDOWS\System32\WindowsPowerShell\v1.0\;C:\WINDOWS\System32\OpenSSH\;C:\Users\ganah\Downloads\apache-maven-3.8.1-bin\apache-maven-3.8.1\bin;C:\Program Files\Java\jdk-11.0.11\bin;C:\Program Files\Git\cmd;C:\Program Files\nodejs\;C:\Users\ganah\OneDrive\Bureau\Android\platform-tools;C:\Program Files\Microsoft SQL Server\150\Tools\Binn\;C:\Program Files\Microsoft SQL Server\Client SDK\ODBC\170\Tools\Binn\;C:\Program Files\dotnet\;C:\Users\ganah\AppData\Local\Programs\Python\Python311\Scripts\;C:\Users\ganah\AppData\Local\Programs\Python\Python311\;C:\Users\ganah\AppData\Local\Microsoft\WindowsApps;;C:\Program Files\JetBrains\IntelliJ IDEA Community Edition 2021.1.1\bin;;C:\Users\ganah\AppData\Roaming\npm;C:\Users\ganah\AppData\Local\Programs\Microsoft VS Code\bin;C:\Users\ganah\.dotnet\tools;."/>
    <property name="java.vendor" value="Oracle Corporation"/>
    <property name="java.vm.info" value="mixed mode"/>
    <property name="java.vm.version" value="11.0.11+9-LTS-194"/>
    <property name="sun.io.unicode.encoding" value="UnicodeLittle"/>
    <property name="java.class.version" value="55.0"/>
  </properties>
  <testcase name="runScenario[&quot;Log in to page with valid credentials&quot;, &quot;Login Page Functionnality&quot;](1)" classname="runner.Runner" time="66.424">
    <system-out><![CDATA[12:10:46.384 [main] DEBUG org.testng.TestNG -- suiteXmlPath: "C:\Users\ganah\IdeaProjects\Cucumber_Project_03_28_2023_job\src\test\resources\test.xml"

@Test
Scenario: Log in to page with valid credentials # src/test/java/features/login.feature:5
Connection to POSTGRES DB SUCCESSFULL
column name : auth-autolazare-558fb
Connection to POSTGRES DB SUCCESSFULL
column name : f8d0a4b4-e059-4b39-a9eb-366965b887b1
Using Sauce Labs
12:10:48.852 [main] DEBUG io.netty.util.internal.logging.InternalLoggerFactory -- Using SLF4J as the default logging framework
12:10:48.855 [main] DEBUG io.netty.util.ResourceLeakDetector -- -Dio.netty.leakDetection.level: simple
12:10:48.856 [main] DEBUG io.netty.util.ResourceLeakDetector -- -Dio.netty.leakDetection.targetRecords: 4
12:10:48.862 [main] DEBUG io.netty.util.ResourceLeakDetectorFactory -- Loaded default ResourceLeakDetector: io.netty.util.ResourceLeakDetector@36cc9385
12:10:48.887 [main] DEBUG io.netty.util.internal.PlatformDependent0 -- -Dio.netty.noUnsafe: false
12:10:48.887 [main] DEBUG io.netty.util.internal.PlatformDependent0 -- Java version: 11
12:10:48.890 [main] DEBUG io.netty.util.internal.PlatformDependent0 -- sun.misc.Unsafe.theUnsafe: available
12:10:48.891 [main] DEBUG io.netty.util.internal.PlatformDependent0 -- sun.misc.Unsafe.copyMemory: available
12:10:48.893 [main] DEBUG io.netty.util.internal.PlatformDependent0 -- sun.misc.Unsafe.storeFence: available
12:10:48.894 [main] DEBUG io.netty.util.internal.PlatformDependent0 -- java.nio.Buffer.address: available
12:10:48.895 [main] DEBUG io.netty.util.internal.PlatformDependent0 -- direct buffer constructor: unavailable: Reflective setAccessible(true) disabled
12:10:48.896 [main] DEBUG io.netty.util.internal.PlatformDependent0 -- java.nio.Bits.unaligned: available, true
12:10:48.898 [main] DEBUG io.netty.util.internal.PlatformDependent0 -- jdk.internal.misc.Unsafe.allocateUninitializedArray(int): unavailable: class io.netty.util.internal.PlatformDependent0$7 cannot access class jdk.internal.misc.Unsafe (in module java.base) because module java.base does not export jdk.internal.misc to unnamed module @6f603e89
12:10:48.901 [main] DEBUG io.netty.util.internal.PlatformDependent0 -- java.nio.DirectByteBuffer.<init>(long, int): unavailable
12:10:48.901 [main] DEBUG io.netty.util.internal.PlatformDependent -- sun.misc.Unsafe: available
12:10:48.903 [main] DEBUG io.netty.util.internal.PlatformDependent -- maxDirectMemory: 2090860544 bytes (maybe)
12:10:48.904 [main] DEBUG io.netty.util.internal.PlatformDependent -- -Dio.netty.tmpdir: C:\Users\ganah\AppData\Local\Temp (java.io.tmpdir)
12:10:48.904 [main] DEBUG io.netty.util.internal.PlatformDependent -- -Dio.netty.bitMode: 64 (sun.arch.data.model)
12:10:48.904 [main] DEBUG io.netty.util.internal.PlatformDependent -- Platform: Windows
12:10:48.905 [main] DEBUG io.netty.util.internal.PlatformDependent -- -Dio.netty.maxDirectMemory: -1 bytes
12:10:48.905 [main] DEBUG io.netty.util.internal.PlatformDependent -- -Dio.netty.uninitializedArrayAllocationThreshold: -1
12:10:48.906 [main] DEBUG io.netty.util.internal.CleanerJava9 -- java.nio.ByteBuffer.cleaner(): available
12:10:48.906 [main] DEBUG io.netty.util.internal.PlatformDependent -- -Dio.netty.noPreferDirect: false
12:10:48.918 [main] DEBUG io.netty.util.internal.PlatformDependent -- org.jctools-core.MpscChunkedArrayQueue: available
12:10:48.957 [main] DEBUG io.netty.util.internal.InternalThreadLocalMap -- -Dio.netty.threadLocalMap.stringBuilder.initialSize: 1024
12:10:48.957 [main] DEBUG io.netty.util.internal.InternalThreadLocalMap -- -Dio.netty.threadLocalMap.stringBuilder.maxSize: 4096
12:10:49.157 [main] DEBUG io.netty.handler.ssl.JdkSslContext -- Default protocols (JDK): [TLSv1.3, TLSv1.2] 
12:10:49.157 [main] DEBUG io.netty.handler.ssl.JdkSslContext -- Default cipher suites (JDK): [TLS_ECDHE_ECDSA_WITH_AES_256_GCM_SHA384, TLS_ECDHE_ECDSA_WITH_AES_128_GCM_SHA256, TLS_ECDHE_RSA_WITH_AES_128_GCM_SHA256, TLS_ECDHE_RSA_WITH_AES_256_GCM_SHA384, TLS_ECDHE_RSA_WITH_AES_128_CBC_SHA, TLS_ECDHE_RSA_WITH_AES_256_CBC_SHA, TLS_RSA_WITH_AES_128_GCM_SHA256, TLS_RSA_WITH_AES_128_CBC_SHA, TLS_RSA_WITH_AES_256_CBC_SHA, TLS_AES_128_GCM_SHA256, TLS_AES_256_GCM_SHA384]
12:10:49.174 [main] DEBUG io.netty.util.concurrent.GlobalEventExecutor -- -Dio.netty.globalEventExecutor.quietPeriodSeconds: 1
12:10:49.205 [main] DEBUG io.netty.channel.MultithreadEventLoopGroup -- -Dio.netty.eventLoopThreads: 16
12:10:49.205 [main] DEBUG io.netty.channel.nio.NioEventLoop -- -Dio.netty.noKeySetOptimization: false
12:10:49.205 [main] DEBUG io.netty.channel.nio.NioEventLoop -- -Dio.netty.selectorAutoRebuildThreshold: 512
12:10:49.252 [main] DEBUG io.netty.buffer.PooledByteBufAllocator -- -Dio.netty.allocator.numHeapArenas: 16
12:10:49.252 [main] DEBUG io.netty.buffer.PooledByteBufAllocator -- -Dio.netty.allocator.numDirectArenas: 16
12:10:49.252 [main] DEBUG io.netty.buffer.PooledByteBufAllocator -- -Dio.netty.allocator.pageSize: 8192
12:10:49.252 [main] DEBUG io.netty.buffer.PooledByteBufAllocator -- -Dio.netty.allocator.maxOrder: 9
12:10:49.252 [main] DEBUG io.netty.buffer.PooledByteBufAllocator -- -Dio.netty.allocator.chunkSize: 4194304
12:10:49.252 [main] DEBUG io.netty.buffer.PooledByteBufAllocator -- -Dio.netty.allocator.smallCacheSize: 256
12:10:49.252 [main] DEBUG io.netty.buffer.PooledByteBufAllocator -- -Dio.netty.allocator.normalCacheSize: 64
12:10:49.252 [main] DEBUG io.netty.buffer.PooledByteBufAllocator -- -Dio.netty.allocator.maxCachedBufferCapacity: 32768
12:10:49.252 [main] DEBUG io.netty.buffer.PooledByteBufAllocator -- -Dio.netty.allocator.cacheTrimInterval: 8192
12:10:49.252 [main] DEBUG io.netty.buffer.PooledByteBufAllocator -- -Dio.netty.allocator.cacheTrimIntervalMillis: 0
12:10:49.252 [main] DEBUG io.netty.buffer.PooledByteBufAllocator -- -Dio.netty.allocator.useCacheForAllThreads: false
12:10:49.252 [main] DEBUG io.netty.buffer.PooledByteBufAllocator -- -Dio.netty.allocator.maxCachedByteBuffersPerChunk: 1023
12:10:49.268 [main] DEBUG io.netty.buffer.ByteBufUtil -- -Dio.netty.allocator.type: pooled
12:10:49.268 [main] DEBUG io.netty.buffer.ByteBufUtil -- -Dio.netty.threadLocalDirectBufferSize: 0
12:10:49.268 [main] DEBUG io.netty.buffer.ByteBufUtil -- -Dio.netty.maxThreadLocalCharBufferSize: 16384
12:10:49.625 [Forwarding newSession on session null to remote] DEBUG io.netty.channel.DefaultChannelId -- -Dio.netty.processId: 13188 (auto-detected)
12:10:49.625 [Forwarding newSession on session null to remote] DEBUG io.netty.util.NetUtil -- -Djava.net.preferIPv4Stack: false
12:10:49.625 [Forwarding newSession on session null to remote] DEBUG io.netty.util.NetUtil -- -Djava.net.preferIPv6Addresses: false
12:10:49.752 [Forwarding newSession on session null to remote] DEBUG io.netty.util.NetUtilInitializations -- Loopback interface: lo (Software Loopback Interface 1, 127.0.0.1)
12:10:49.752 [Forwarding newSession on session null to remote] DEBUG io.netty.util.NetUtil -- Failed to get SOMAXCONN from sysctl and file \proc\sys\net\core\somaxconn. Default: 200
12:10:49.770 [Forwarding newSession on session null to remote] DEBUG io.netty.channel.DefaultChannelId -- -Dio.netty.machineId: 68:3e:26:ff:fe:44:81:12 (auto-detected)
12:10:49.842 [AsyncHttpClient-1-2] DEBUG io.netty.buffer.AbstractByteBuf -- -Dio.netty.buffer.checkAccessible: true
12:10:49.842 [AsyncHttpClient-1-2] DEBUG io.netty.buffer.AbstractByteBuf -- -Dio.netty.buffer.checkBounds: true
12:10:49.842 [AsyncHttpClient-1-2] DEBUG io.netty.util.ResourceLeakDetectorFactory -- Loaded default ResourceLeakDetector: io.netty.util.ResourceLeakDetector@4afa382c
12:10:50.040 [AsyncHttpClient-1-2] DEBUG io.netty.util.Recycler -- -Dio.netty.recycler.maxCapacityPerThread: 4096
12:10:50.040 [AsyncHttpClient-1-2] DEBUG io.netty.util.Recycler -- -Dio.netty.recycler.ratio: 8
12:10:50.040 [AsyncHttpClient-1-2] DEBUG io.netty.util.Recycler -- -Dio.netty.recycler.chunkSize: 32
12:10:50.040 [AsyncHttpClient-1-2] DEBUG io.netty.util.Recycler -- -Dio.netty.recycler.blocking: false
12:10:50.040 [AsyncHttpClient-1-2] DEBUG io.netty.util.Recycler -- -Dio.netty.recycler.batchFastThreadLocalOnly: true
12:10:50.152 [AsyncHttpClient-1-2] DEBUG io.netty.handler.ssl.util.InsecureTrustManagerFactory -- Accepting a server certificate: CN=ondemand.us-west-1.saucelabs.com
12:10:50.308 [AsyncHttpClient-1-2] DEBUG org.asynchttpclient.netty.channel.NettyConnectListener -- Using new Channel '[id: 0x5473078d, L:/192.168.1.146:56861 - R:ondemand.us-west-1.saucelabs.com/66.85.52.224:443]' for 'POST' to '/wd/hub/session'
12:10:50.326 [AsyncHttpClient-1-2] DEBUG io.netty.handler.ssl.SslHandler -- [id: 0x5473078d, L:/192.168.1.146:56861 - R:ondemand.us-west-1.saucelabs.com/66.85.52.224:443] HANDSHAKEN: protocol:TLSv1.2 cipher suite:TLS_ECDHE_RSA_WITH_AES_128_GCM_SHA256
12:10:56.020 [AsyncHttpClient-1-2] DEBUG io.netty.handler.codec.compression.Brotli -- brotli4j not in the classpath; Brotli support will be unavailable.
12:10:56.020 [AsyncHttpClient-1-2] DEBUG org.asynchttpclient.netty.handler.HttpHandler -- 

Request DefaultHttpRequest(decodeResult: success, version: HTTP/1.1)
POST /wd/hub/session HTTP/1.1
User-Agent: selenium/4.9.0 (java windows)
traceparent: 00-02f9f548b1a7a33f0cb98cb0633e1421-c26e92bad66beb63-01
Content-Length: 434
Content-Type: application/json; charset=utf-8
host: ondemand.us-west-1.saucelabs.com
authorization: Basic b2F1dGgtYXV0b2xhemFyZS01NThmYjpmOGQwYTRiNC1lMDU5LTRiMzktYTllYi0zNjY5NjViODg3YjE=
accept: */*

Response DefaultHttpResponse(decodeResult: success, version: HTTP/1.1)
HTTP/1.1 200 OK
content-length: 977
content-type: application/json;charset=UTF-8
date: Thu, 11 May 2023 16:10:49 GMT
server: monocle/0.42
x-request-id: 29ddd4c3-e00f-4030-8b26-70f11e9fa6d9

12:10:56.030 [AsyncHttpClient-1-2] DEBUG org.asynchttpclient.netty.channel.ChannelManager -- Adding key: https://ondemand.us-west-1.saucelabs.com:443 for channel [id: 0x5473078d, L:/192.168.1.146:56861 - R:ondemand.us-west-1.saucelabs.com/66.85.52.224:443]
12:10:56.198 [Forwarding get on session 23c4ee5d2a954d328883c0cb6703c309 to remote] DEBUG org.asynchttpclient.netty.request.NettyRequestSender -- Using pooled Channel '[id: 0x5473078d, L:/192.168.1.146:56861 - R:ondemand.us-west-1.saucelabs.com/66.85.52.224:443]' for 'POST' to 'https://oauth-autolazare-558fb:f8d0a4b4-e059-4b39-a9eb-366965b887b1@ondemand.us-west-1.saucelabs.com:443/wd/hub/session/23c4ee5d2a954d328883c0cb6703c309/url'
12:10:56.199 [Forwarding get on session 23c4ee5d2a954d328883c0cb6703c309 to remote] DEBUG org.asynchttpclient.netty.request.NettyRequestSender -- Using open Channel [id: 0x5473078d, L:/192.168.1.146:56861 - R:ondemand.us-west-1.saucelabs.com/66.85.52.224:443] for POST '/wd/hub/session/23c4ee5d2a954d328883c0cb6703c309/url'
12:11:00.671 [AsyncHttpClient-1-2] DEBUG org.asynchttpclient.netty.handler.HttpHandler -- 

Request DefaultHttpRequest(decodeResult: success, version: HTTP/1.1)
POST /wd/hub/session/23c4ee5d2a954d328883c0cb6703c309/url HTTP/1.1
User-Agent: selenium/4.9.0 (java windows)
traceparent: 00-b8c583caf44794a2777b948654013a6b-c3d78dd86ddc6834-01
Content-Length: 111
Content-Type: application/json; charset=utf-8
host: ondemand.us-west-1.saucelabs.com
authorization: Basic b2F1dGgtYXV0b2xhemFyZS01NThmYjpmOGQwYTRiNC1lMDU5LTRiMzktYTllYi0zNjY5NjViODg3YjE=
accept: */*

Response DefaultHttpResponse(decodeResult: success, version: HTTP/1.1)
HTTP/1.1 200 OK
content-length: 15
content-type: application/json;charset=UTF-8
date: Thu, 11 May 2023 16:10:55 GMT
server: monocle/0.42
x-request-id: 2337e3c6-e407-4960-af64-72bbcfb1d0c7

12:11:00.671 [AsyncHttpClient-1-2] DEBUG org.asynchttpclient.netty.channel.ChannelManager -- Adding key: https://ondemand.us-west-1.saucelabs.com:443 for channel [id: 0x5473078d, L:/192.168.1.146:56861 - R:ondemand.us-west-1.saucelabs.com/66.85.52.224:443]
12:11:00.680 [Forwarding getTitle on session 23c4ee5d2a954d328883c0cb6703c309 to remote] DEBUG org.asynchttpclient.netty.request.NettyRequestSender -- Using pooled Channel '[id: 0x5473078d, L:/192.168.1.146:56861 - R:ondemand.us-west-1.saucelabs.com/66.85.52.224:443]' for 'GET' to 'https://oauth-autolazare-558fb:f8d0a4b4-e059-4b39-a9eb-366965b887b1@ondemand.us-west-1.saucelabs.com:443/wd/hub/session/23c4ee5d2a954d328883c0cb6703c309/title'
12:11:00.681 [Forwarding getTitle on session 23c4ee5d2a954d328883c0cb6703c309 to remote] DEBUG org.asynchttpclient.netty.request.NettyRequestSender -- Using open Channel [id: 0x5473078d, L:/192.168.1.146:56861 - R:ondemand.us-west-1.saucelabs.com/66.85.52.224:443] for GET '/wd/hub/session/23c4ee5d2a954d328883c0cb6703c309/title'
12:11:00.935 [AsyncHttpClient-1-2] DEBUG org.asynchttpclient.netty.handler.HttpHandler -- 

Request DefaultFullHttpRequest(decodeResult: success, version: HTTP/1.1, content: EmptyByteBufBE)
GET /wd/hub/session/23c4ee5d2a954d328883c0cb6703c309/title HTTP/1.1
User-Agent: selenium/4.9.0 (java windows)
Cache-Control: no-cache
traceparent: 00-2fcd3112ac27f6f364d0bff336119e43-6737dc1ce7745d04-01
Content-Type: application/json; charset=utf-8
host: ondemand.us-west-1.saucelabs.com
authorization: Basic b2F1dGgtYXV0b2xhemFyZS01NThmYjpmOGQwYTRiNC1lMDU5LTRiMzktYTllYi0zNjY5NjViODg3YjE=
accept: */*

Response DefaultHttpResponse(decodeResult: success, version: HTTP/1.1)
HTTP/1.1 200 OK
content-length: 57
content-type: application/json;charset=UTF-8
date: Thu, 11 May 2023 16:10:59 GMT
server: monocle/0.42
x-request-id: d40036f7-c00a-4a9a-8f62-9a963fc10a4d

12:11:00.937 [AsyncHttpClient-1-2] DEBUG org.asynchttpclient.netty.channel.ChannelManager -- Adding key: https://ondemand.us-west-1.saucelabs.com:443 for channel [id: 0x5473078d, L:/192.168.1.146:56861 - R:ondemand.us-west-1.saucelabs.com/66.85.52.224:443]
We Are in WEbSite :   SoftAssert in TestNG example | Selenium Easy
12:11:01.104 [Forwarding setTimeout on session 23c4ee5d2a954d328883c0cb6703c309 to remote] DEBUG org.asynchttpclient.netty.request.NettyRequestSender -- Using pooled Channel '[id: 0x5473078d, L:/192.168.1.146:56861 - R:ondemand.us-west-1.saucelabs.com/66.85.52.224:443]' for 'POST' to 'https://oauth-autolazare-558fb:f8d0a4b4-e059-4b39-a9eb-366965b887b1@ondemand.us-west-1.saucelabs.com:443/wd/hub/session/23c4ee5d2a954d328883c0cb6703c309/timeouts'
12:11:01.106 [Forwarding setTimeout on session 23c4ee5d2a954d328883c0cb6703c309 to remote] DEBUG org.asynchttpclient.netty.request.NettyRequestSender -- Using open Channel [id: 0x5473078d, L:/192.168.1.146:56861 - R:ondemand.us-west-1.saucelabs.com/66.85.52.224:443] for POST '/wd/hub/session/23c4ee5d2a954d328883c0cb6703c309/timeouts'
12:11:01.321 [AsyncHttpClient-1-2] DEBUG org.asynchttpclient.netty.handler.HttpHandler -- 

Request DefaultHttpRequest(decodeResult: success, version: HTTP/1.1)
POST /wd/hub/session/23c4ee5d2a954d328883c0cb6703c309/timeouts HTTP/1.1
User-Agent: selenium/4.9.0 (java windows)
traceparent: 00-d8a6d11aaa68590b21374ed0eb47054e-37f04e4eb7150348-01
Content-Length: 21
Content-Type: application/json; charset=utf-8
host: ondemand.us-west-1.saucelabs.com
authorization: Basic b2F1dGgtYXV0b2xhemFyZS01NThmYjpmOGQwYTRiNC1lMDU5LTRiMzktYTllYi0zNjY5NjViODg3YjE=
accept: */*

Response DefaultHttpResponse(decodeResult: success, version: HTTP/1.1)
HTTP/1.1 200 OK
content-length: 15
content-type: application/json;charset=UTF-8
date: Thu, 11 May 2023 16:10:59 GMT
server: monocle/0.42
x-request-id: a18c2b07-e363-4458-98e5-bd1f4cfb333d

12:11:01.322 [AsyncHttpClient-1-2] DEBUG org.asynchttpclient.netty.channel.ChannelManager -- Adding key: https://ondemand.us-west-1.saucelabs.com:443 for channel [id: 0x5473078d, L:/192.168.1.146:56861 - R:ondemand.us-west-1.saucelabs.com/66.85.52.224:443]
12:11:01.467 [Forwarding executeScript on session 23c4ee5d2a954d328883c0cb6703c309 to remote] DEBUG org.asynchttpclient.netty.request.NettyRequestSender -- Using pooled Channel '[id: 0x5473078d, L:/192.168.1.146:56861 - R:ondemand.us-west-1.saucelabs.com/66.85.52.224:443]' for 'POST' to 'https://oauth-autolazare-558fb:f8d0a4b4-e059-4b39-a9eb-366965b887b1@ondemand.us-west-1.saucelabs.com:443/wd/hub/session/23c4ee5d2a954d328883c0cb6703c309/execute/sync'
12:11:01.467 [Forwarding executeScript on session 23c4ee5d2a954d328883c0cb6703c309 to remote] DEBUG org.asynchttpclient.netty.request.NettyRequestSender -- Using open Channel [id: 0x5473078d, L:/192.168.1.146:56861 - R:ondemand.us-west-1.saucelabs.com/66.85.52.224:443] for POST '/wd/hub/session/23c4ee5d2a954d328883c0cb6703c309/execute/sync'
12:11:03.090 [AsyncHttpClient-1-2] DEBUG org.asynchttpclient.netty.handler.HttpHandler -- 

Request DefaultHttpRequest(decodeResult: success, version: HTTP/1.1)
POST /wd/hub/session/23c4ee5d2a954d328883c0cb6703c309/execute/sync HTTP/1.1
User-Agent: selenium/4.9.0 (java windows)
traceparent: 00-3c8bdc70def05f24434e7c337d4977bb-c093e4183670d010-01
Content-Length: 323605
Content-Type: application/json; charset=utf-8
host: ondemand.us-west-1.saucelabs.com
authorization: Basic b2F1dGgtYXV0b2xhemFyZS01NThmYjpmOGQwYTRiNC1lMDU5LTRiMzktYTllYi0zNjY5NjViODg3YjE=
accept: */*

Response DefaultHttpResponse(decodeResult: success, version: HTTP/1.1)
HTTP/1.1 200 OK
content-length: 15
content-type: application/json;charset=UTF-8
date: Thu, 11 May 2023 16:11:00 GMT
server: monocle/0.42
x-request-id: 5bf5e371-e0b2-4660-9f52-ea01b488ecdc

12:11:03.091 [AsyncHttpClient-1-2] DEBUG org.asynchttpclient.netty.channel.ChannelManager -- Adding key: https://ondemand.us-west-1.saucelabs.com:443 for channel [id: 0x5473078d, L:/192.168.1.146:56861 - R:ondemand.us-west-1.saucelabs.com/66.85.52.224:443]
12:11:03.119 [Forwarding executeScript on session 23c4ee5d2a954d328883c0cb6703c309 to remote] DEBUG org.asynchttpclient.netty.request.NettyRequestSender -- Using pooled Channel '[id: 0x5473078d, L:/192.168.1.146:56861 - R:ondemand.us-west-1.saucelabs.com/66.85.52.224:443]' for 'POST' to 'https://oauth-autolazare-558fb:f8d0a4b4-e059-4b39-a9eb-366965b887b1@ondemand.us-west-1.saucelabs.com:443/wd/hub/session/23c4ee5d2a954d328883c0cb6703c309/execute/sync'
12:11:03.119 [Forwarding executeScript on session 23c4ee5d2a954d328883c0cb6703c309 to remote] DEBUG org.asynchttpclient.netty.request.NettyRequestSender -- Using open Channel [id: 0x5473078d, L:/192.168.1.146:56861 - R:ondemand.us-west-1.saucelabs.com/66.85.52.224:443] for POST '/wd/hub/session/23c4ee5d2a954d328883c0cb6703c309/execute/sync'
12:11:03.357 [AsyncHttpClient-1-2] DEBUG org.asynchttpclient.netty.handler.HttpHandler -- 

Request DefaultHttpRequest(decodeResult: success, version: HTTP/1.1)
POST /wd/hub/session/23c4ee5d2a954d328883c0cb6703c309/execute/sync HTTP/1.1
User-Agent: selenium/4.9.0 (java windows)
traceparent: 00-2a7b3b95a68d481614d62486f7c6aed8-6c214f3290df70f4-01
Content-Length: 85
Content-Type: application/json; charset=utf-8
host: ondemand.us-west-1.saucelabs.com
authorization: Basic b2F1dGgtYXV0b2xhemFyZS01NThmYjpmOGQwYTRiNC1lMDU5LTRiMzktYTllYi0zNjY5NjViODg3YjE=
accept: */*

Response DefaultHttpResponse(decodeResult: success, version: HTTP/1.1)
HTTP/1.1 200 OK
content-length: 16
content-type: application/json;charset=UTF-8
date: Thu, 11 May 2023 16:11:01 GMT
server: monocle/0.42
x-request-id: e4db7c25-dd24-4de7-a92b-0c1f476c765f

12:11:03.357 [AsyncHttpClient-1-2] DEBUG org.asynchttpclient.netty.channel.ChannelManager -- Adding key: https://ondemand.us-west-1.saucelabs.com:443 for channel [id: 0x5473078d, L:/192.168.1.146:56861 - R:ondemand.us-west-1.saucelabs.com/66.85.52.224:443]
12:11:03.390 [Forwarding switchToFrame on session 23c4ee5d2a954d328883c0cb6703c309 to remote] DEBUG org.asynchttpclient.netty.request.NettyRequestSender -- Using pooled Channel '[id: 0x5473078d, L:/192.168.1.146:56861 - R:ondemand.us-west-1.saucelabs.com/66.85.52.224:443]' for 'POST' to 'https://oauth-autolazare-558fb:f8d0a4b4-e059-4b39-a9eb-366965b887b1@ondemand.us-west-1.saucelabs.com:443/wd/hub/session/23c4ee5d2a954d328883c0cb6703c309/frame'
12:11:03.390 [Forwarding switchToFrame on session 23c4ee5d2a954d328883c0cb6703c309 to remote] DEBUG org.asynchttpclient.netty.request.NettyRequestSender -- Using open Channel [id: 0x5473078d, L:/192.168.1.146:56861 - R:ondemand.us-west-1.saucelabs.com/66.85.52.224:443] for POST '/wd/hub/session/23c4ee5d2a954d328883c0cb6703c309/frame'
12:11:03.547 [AsyncHttpClient-1-2] DEBUG org.asynchttpclient.netty.handler.HttpHandler -- 

Request DefaultHttpRequest(decodeResult: success, version: HTTP/1.1)
POST /wd/hub/session/23c4ee5d2a954d328883c0cb6703c309/frame HTTP/1.1
User-Agent: selenium/4.9.0 (java windows)
traceparent: 00-05481854e0ddbb9484533e2e1833de9f-db7132d1ba04550e-01
Content-Length: 16
Content-Type: application/json; charset=utf-8
host: ondemand.us-west-1.saucelabs.com
authorization: Basic b2F1dGgtYXV0b2xhemFyZS01NThmYjpmOGQwYTRiNC1lMDU5LTRiMzktYTllYi0zNjY5NjViODg3YjE=
accept: */*

Response DefaultHttpResponse(decodeResult: success, version: HTTP/1.1)
HTTP/1.1 200 OK
content-length: 15
content-type: application/json;charset=UTF-8
date: Thu, 11 May 2023 16:11:02 GMT
server: monocle/0.42
x-request-id: e34a0ce5-2c2a-436f-afa4-d45e485f7d4e

12:11:03.547 [AsyncHttpClient-1-2] DEBUG org.asynchttpclient.netty.channel.ChannelManager -- Adding key: https://ondemand.us-west-1.saucelabs.com:443 for channel [id: 0x5473078d, L:/192.168.1.146:56861 - R:ondemand.us-west-1.saucelabs.com/66.85.52.224:443]
12:11:03.571 [Forwarding executeScript on session 23c4ee5d2a954d328883c0cb6703c309 to remote] DEBUG org.asynchttpclient.netty.request.NettyRequestSender -- Using pooled Channel '[id: 0x5473078d, L:/192.168.1.146:56861 - R:ondemand.us-west-1.saucelabs.com/66.85.52.224:443]' for 'POST' to 'https://oauth-autolazare-558fb:f8d0a4b4-e059-4b39-a9eb-366965b887b1@ondemand.us-west-1.saucelabs.com:443/wd/hub/session/23c4ee5d2a954d328883c0cb6703c309/execute/sync'
12:11:03.571 [Forwarding executeScript on session 23c4ee5d2a954d328883c0cb6703c309 to remote] DEBUG org.asynchttpclient.netty.request.NettyRequestSender -- Using open Channel [id: 0x5473078d, L:/192.168.1.146:56861 - R:ondemand.us-west-1.saucelabs.com/66.85.52.224:443] for POST '/wd/hub/session/23c4ee5d2a954d328883c0cb6703c309/execute/sync'
12:11:04.454 [AsyncHttpClient-1-2] DEBUG org.asynchttpclient.netty.handler.HttpHandler -- 

Request DefaultHttpRequest(decodeResult: success, version: HTTP/1.1)
POST /wd/hub/session/23c4ee5d2a954d328883c0cb6703c309/execute/sync HTTP/1.1
User-Agent: selenium/4.9.0 (java windows)
traceparent: 00-75c7213b74dd94355e767833085b58fb-dc9a1f41bac777f4-01
Content-Length: 323605
Content-Type: application/json; charset=utf-8
host: ondemand.us-west-1.saucelabs.com
authorization: Basic b2F1dGgtYXV0b2xhemFyZS01NThmYjpmOGQwYTRiNC1lMDU5LTRiMzktYTllYi0zNjY5NjViODg3YjE=
accept: */*

Response DefaultHttpResponse(decodeResult: success, version: HTTP/1.1)
HTTP/1.1 200 OK
content-length: 15
content-type: application/json;charset=UTF-8
date: Thu, 11 May 2023 16:11:02 GMT
server: monocle/0.42
x-request-id: 41e38431-da7a-44e1-87ab-dfac48723f6e

12:11:04.454 [AsyncHttpClient-1-2] DEBUG org.asynchttpclient.netty.channel.ChannelManager -- Adding key: https://ondemand.us-west-1.saucelabs.com:443 for channel [id: 0x5473078d, L:/192.168.1.146:56861 - R:ondemand.us-west-1.saucelabs.com/66.85.52.224:443]
12:11:04.473 [Forwarding findElements on session 23c4ee5d2a954d328883c0cb6703c309 to remote] DEBUG org.asynchttpclient.netty.request.NettyRequestSender -- Using pooled Channel '[id: 0x5473078d, L:/192.168.1.146:56861 - R:ondemand.us-west-1.saucelabs.com/66.85.52.224:443]' for 'POST' to 'https://oauth-autolazare-558fb:f8d0a4b4-e059-4b39-a9eb-366965b887b1@ondemand.us-west-1.saucelabs.com:443/wd/hub/session/23c4ee5d2a954d328883c0cb6703c309/elements'
12:11:04.473 [Forwarding findElements on session 23c4ee5d2a954d328883c0cb6703c309 to remote] DEBUG org.asynchttpclient.netty.request.NettyRequestSender -- Using open Channel [id: 0x5473078d, L:/192.168.1.146:56861 - R:ondemand.us-west-1.saucelabs.com/66.85.52.224:443] for POST '/wd/hub/session/23c4ee5d2a954d328883c0cb6703c309/elements'
12:11:04.736 [AsyncHttpClient-1-2] DEBUG org.asynchttpclient.netty.handler.HttpHandler -- 

Request DefaultHttpRequest(decodeResult: success, version: HTTP/1.1)
POST /wd/hub/session/23c4ee5d2a954d328883c0cb6703c309/elements HTTP/1.1
User-Agent: selenium/4.9.0 (java windows)
traceparent: 00-fd92b9f64fe1f2609759a83f30c12cf9-218e908e464d4c64-01
Content-Length: 98
Content-Type: application/json; charset=utf-8
host: ondemand.us-west-1.saucelabs.com
authorization: Basic b2F1dGgtYXV0b2xhemFyZS01NThmYjpmOGQwYTRiNC1lMDU5LTRiMzktYTllYi0zNjY5NjViODg3YjE=
accept: */*

Response DefaultHttpResponse(decodeResult: success, version: HTTP/1.1)
HTTP/1.1 200 OK
content-length: 891
content-type: application/json;charset=UTF-8
date: Thu, 11 May 2023 16:11:03 GMT
server: monocle/0.42
x-request-id: d64628ec-ff92-4238-9734-fba5713e7599

12:11:04.736 [AsyncHttpClient-1-2] DEBUG org.asynchttpclient.netty.channel.ChannelManager -- Adding key: https://ondemand.us-west-1.saucelabs.com:443 for channel [id: 0x5473078d, L:/192.168.1.146:56861 - R:ondemand.us-west-1.saucelabs.com/66.85.52.224:443]
12:11:04.757 [Forwarding switchToFrame on session 23c4ee5d2a954d328883c0cb6703c309 to remote] DEBUG org.asynchttpclient.netty.request.NettyRequestSender -- Using pooled Channel '[id: 0x5473078d, L:/192.168.1.146:56861 - R:ondemand.us-west-1.saucelabs.com/66.85.52.224:443]' for 'POST' to 'https://oauth-autolazare-558fb:f8d0a4b4-e059-4b39-a9eb-366965b887b1@ondemand.us-west-1.saucelabs.com:443/wd/hub/session/23c4ee5d2a954d328883c0cb6703c309/frame'
12:11:04.757 [Forwarding switchToFrame on session 23c4ee5d2a954d328883c0cb6703c309 to remote] DEBUG org.asynchttpclient.netty.request.NettyRequestSender -- Using open Channel [id: 0x5473078d, L:/192.168.1.146:56861 - R:ondemand.us-west-1.saucelabs.com/66.85.52.224:443] for POST '/wd/hub/session/23c4ee5d2a954d328883c0cb6703c309/frame'
12:11:04.998 [AsyncHttpClient-1-2] DEBUG org.asynchttpclient.netty.handler.HttpHandler -- 

Request DefaultHttpRequest(decodeResult: success, version: HTTP/1.1)
POST /wd/hub/session/23c4ee5d2a954d328883c0cb6703c309/frame HTTP/1.1
User-Agent: selenium/4.9.0 (java windows)
traceparent: 00-afa7dff01deb9e174b0791d61503300d-741f7baa63af17db-01
Content-Length: 106
Content-Type: application/json; charset=utf-8
host: ondemand.us-west-1.saucelabs.com
authorization: Basic b2F1dGgtYXV0b2xhemFyZS01NThmYjpmOGQwYTRiNC1lMDU5LTRiMzktYTllYi0zNjY5NjViODg3YjE=
accept: */*

Response DefaultHttpResponse(decodeResult: success, version: HTTP/1.1)
HTTP/1.1 200 OK
content-length: 15
content-type: application/json;charset=UTF-8
date: Thu, 11 May 2023 16:11:03 GMT
server: monocle/0.42
x-request-id: 37331fa6-f986-4b83-9263-a39f3465354a

12:11:04.998 [AsyncHttpClient-1-2] DEBUG org.asynchttpclient.netty.channel.ChannelManager -- Adding key: https://ondemand.us-west-1.saucelabs.com:443 for channel [id: 0x5473078d, L:/192.168.1.146:56861 - R:ondemand.us-west-1.saucelabs.com/66.85.52.224:443]
12:11:05.005 [Forwarding executeScript on session 23c4ee5d2a954d328883c0cb6703c309 to remote] DEBUG org.asynchttpclient.netty.request.NettyRequestSender -- Using pooled Channel '[id: 0x5473078d, L:/192.168.1.146:56861 - R:ondemand.us-west-1.saucelabs.com/66.85.52.224:443]' for 'POST' to 'https://oauth-autolazare-558fb:f8d0a4b4-e059-4b39-a9eb-366965b887b1@ondemand.us-west-1.saucelabs.com:443/wd/hub/session/23c4ee5d2a954d328883c0cb6703c309/execute/sync'
12:11:05.005 [Forwarding executeScript on session 23c4ee5d2a954d328883c0cb6703c309 to remote] DEBUG org.asynchttpclient.netty.request.NettyRequestSender -- Using open Channel [id: 0x5473078d, L:/192.168.1.146:56861 - R:ondemand.us-west-1.saucelabs.com/66.85.52.224:443] for POST '/wd/hub/session/23c4ee5d2a954d328883c0cb6703c309/execute/sync'
12:11:05.845 [AsyncHttpClient-1-2] DEBUG org.asynchttpclient.netty.handler.HttpHandler -- 

Request DefaultHttpRequest(decodeResult: success, version: HTTP/1.1)
POST /wd/hub/session/23c4ee5d2a954d328883c0cb6703c309/execute/sync HTTP/1.1
User-Agent: selenium/4.9.0 (java windows)
traceparent: 00-babadb023c4892a8e84f60e2396b834c-75c2097684888aaa-01
Content-Length: 323605
Content-Type: application/json; charset=utf-8
host: ondemand.us-west-1.saucelabs.com
authorization: Basic b2F1dGgtYXV0b2xhemFyZS01NThmYjpmOGQwYTRiNC1lMDU5LTRiMzktYTllYi0zNjY5NjViODg3YjE=
accept: */*

Response DefaultHttpResponse(decodeResult: success, version: HTTP/1.1)
HTTP/1.1 200 OK
content-length: 15
content-type: application/json;charset=UTF-8
date: Thu, 11 May 2023 16:11:04 GMT
server: monocle/0.42
x-request-id: b7087d27-4ca9-422a-a90a-4b1c559c3f1b

12:11:05.845 [AsyncHttpClient-1-2] DEBUG org.asynchttpclient.netty.channel.ChannelManager -- Adding key: https://ondemand.us-west-1.saucelabs.com:443 for channel [id: 0x5473078d, L:/192.168.1.146:56861 - R:ondemand.us-west-1.saucelabs.com/66.85.52.224:443]
12:11:05.865 [Forwarding findElements on session 23c4ee5d2a954d328883c0cb6703c309 to remote] DEBUG org.asynchttpclient.netty.request.NettyRequestSender -- Using pooled Channel '[id: 0x5473078d, L:/192.168.1.146:56861 - R:ondemand.us-west-1.saucelabs.com/66.85.52.224:443]' for 'POST' to 'https://oauth-autolazare-558fb:f8d0a4b4-e059-4b39-a9eb-366965b887b1@ondemand.us-west-1.saucelabs.com:443/wd/hub/session/23c4ee5d2a954d328883c0cb6703c309/elements'
12:11:05.865 [Forwarding findElements on session 23c4ee5d2a954d328883c0cb6703c309 to remote] DEBUG org.asynchttpclient.netty.request.NettyRequestSender -- Using open Channel [id: 0x5473078d, L:/192.168.1.146:56861 - R:ondemand.us-west-1.saucelabs.com/66.85.52.224:443] for POST '/wd/hub/session/23c4ee5d2a954d328883c0cb6703c309/elements'
12:11:06.125 [AsyncHttpClient-1-2] DEBUG org.asynchttpclient.netty.handler.HttpHandler -- 

Request DefaultHttpRequest(decodeResult: success, version: HTTP/1.1)
POST /wd/hub/session/23c4ee5d2a954d328883c0cb6703c309/elements HTTP/1.1
User-Agent: selenium/4.9.0 (java windows)
traceparent: 00-45eebaa3287017e0babb5f417dac8818-37d89b5475266385-01
Content-Length: 98
Content-Type: application/json; charset=utf-8
host: ondemand.us-west-1.saucelabs.com
authorization: Basic b2F1dGgtYXV0b2xhemFyZS01NThmYjpmOGQwYTRiNC1lMDU5LTRiMzktYTllYi0zNjY5NjViODg3YjE=
accept: */*

Response DefaultHttpResponse(decodeResult: success, version: HTTP/1.1)
HTTP/1.1 200 OK
content-length: 99
content-type: application/json;charset=UTF-8
date: Thu, 11 May 2023 16:11:04 GMT
server: monocle/0.42
x-request-id: 702e9338-a266-41ec-b127-aa7ecd128860

12:11:06.126 [AsyncHttpClient-1-2] DEBUG org.asynchttpclient.netty.channel.ChannelManager -- Adding key: https://ondemand.us-west-1.saucelabs.com:443 for channel [id: 0x5473078d, L:/192.168.1.146:56861 - R:ondemand.us-west-1.saucelabs.com/66.85.52.224:443]
12:11:06.130 [Forwarding switchToFrame on session 23c4ee5d2a954d328883c0cb6703c309 to remote] DEBUG org.asynchttpclient.netty.request.NettyRequestSender -- Using pooled Channel '[id: 0x5473078d, L:/192.168.1.146:56861 - R:ondemand.us-west-1.saucelabs.com/66.85.52.224:443]' for 'POST' to 'https://oauth-autolazare-558fb:f8d0a4b4-e059-4b39-a9eb-366965b887b1@ondemand.us-west-1.saucelabs.com:443/wd/hub/session/23c4ee5d2a954d328883c0cb6703c309/frame'
12:11:06.131 [Forwarding switchToFrame on session 23c4ee5d2a954d328883c0cb6703c309 to remote] DEBUG org.asynchttpclient.netty.request.NettyRequestSender -- Using open Channel [id: 0x5473078d, L:/192.168.1.146:56861 - R:ondemand.us-west-1.saucelabs.com/66.85.52.224:443] for POST '/wd/hub/session/23c4ee5d2a954d328883c0cb6703c309/frame'
12:11:06.404 [AsyncHttpClient-1-2] DEBUG org.asynchttpclient.netty.handler.HttpHandler -- 

Request DefaultHttpRequest(decodeResult: success, version: HTTP/1.1)
POST /wd/hub/session/23c4ee5d2a954d328883c0cb6703c309/frame HTTP/1.1
User-Agent: selenium/4.9.0 (java windows)
traceparent: 00-0a2ea26530f8bbce5a9c1a391188c1f4-1b7bb1ae51eae543-01
Content-Length: 106
Content-Type: application/json; charset=utf-8
host: ondemand.us-west-1.saucelabs.com
authorization: Basic b2F1dGgtYXV0b2xhemFyZS01NThmYjpmOGQwYTRiNC1lMDU5LTRiMzktYTllYi0zNjY5NjViODg3YjE=
accept: */*

Response DefaultHttpResponse(decodeResult: success, version: HTTP/1.1)
HTTP/1.1 200 OK
content-length: 15
content-type: application/json;charset=UTF-8
date: Thu, 11 May 2023 16:11:05 GMT
server: monocle/0.42
x-request-id: 9800e7c1-92bc-45cb-8494-20bbc95ca5ef

12:11:06.406 [AsyncHttpClient-1-2] DEBUG org.asynchttpclient.netty.channel.ChannelManager -- Adding key: https://ondemand.us-west-1.saucelabs.com:443 for channel [id: 0x5473078d, L:/192.168.1.146:56861 - R:ondemand.us-west-1.saucelabs.com/66.85.52.224:443]
12:11:06.427 [Forwarding executeScript on session 23c4ee5d2a954d328883c0cb6703c309 to remote] DEBUG org.asynchttpclient.netty.request.NettyRequestSender -- Using pooled Channel '[id: 0x5473078d, L:/192.168.1.146:56861 - R:ondemand.us-west-1.saucelabs.com/66.85.52.224:443]' for 'POST' to 'https://oauth-autolazare-558fb:f8d0a4b4-e059-4b39-a9eb-366965b887b1@ondemand.us-west-1.saucelabs.com:443/wd/hub/session/23c4ee5d2a954d328883c0cb6703c309/execute/sync'
12:11:06.428 [Forwarding executeScript on session 23c4ee5d2a954d328883c0cb6703c309 to remote] DEBUG org.asynchttpclient.netty.request.NettyRequestSender -- Using open Channel [id: 0x5473078d, L:/192.168.1.146:56861 - R:ondemand.us-west-1.saucelabs.com/66.85.52.224:443] for POST '/wd/hub/session/23c4ee5d2a954d328883c0cb6703c309/execute/sync'
12:11:07.389 [AsyncHttpClient-1-2] DEBUG org.asynchttpclient.netty.handler.HttpHandler -- 

Request DefaultHttpRequest(decodeResult: success, version: HTTP/1.1)
POST /wd/hub/session/23c4ee5d2a954d328883c0cb6703c309/execute/sync HTTP/1.1
User-Agent: selenium/4.9.0 (java windows)
traceparent: 00-43b2b2c542d63c929f4f6fba062754b7-3a18a50742fe8b24-01
Content-Length: 323605
Content-Type: application/json; charset=utf-8
host: ondemand.us-west-1.saucelabs.com
authorization: Basic b2F1dGgtYXV0b2xhemFyZS01NThmYjpmOGQwYTRiNC1lMDU5LTRiMzktYTllYi0zNjY5NjViODg3YjE=
accept: */*

Response DefaultHttpResponse(decodeResult: success, version: HTTP/1.1)
HTTP/1.1 200 OK
content-length: 15
content-type: application/json;charset=UTF-8
date: Thu, 11 May 2023 16:11:05 GMT
server: monocle/0.42
x-request-id: 8aa31238-2170-466d-9ead-1ccf0c5354b4

12:11:07.391 [AsyncHttpClient-1-2] DEBUG org.asynchttpclient.netty.channel.ChannelManager -- Adding key: https://ondemand.us-west-1.saucelabs.com:443 for channel [id: 0x5473078d, L:/192.168.1.146:56861 - R:ondemand.us-west-1.saucelabs.com/66.85.52.224:443]
12:11:07.398 [Forwarding findElements on session 23c4ee5d2a954d328883c0cb6703c309 to remote] DEBUG org.asynchttpclient.netty.request.NettyRequestSender -- Using pooled Channel '[id: 0x5473078d, L:/192.168.1.146:56861 - R:ondemand.us-west-1.saucelabs.com/66.85.52.224:443]' for 'POST' to 'https://oauth-autolazare-558fb:f8d0a4b4-e059-4b39-a9eb-366965b887b1@ondemand.us-west-1.saucelabs.com:443/wd/hub/session/23c4ee5d2a954d328883c0cb6703c309/elements'
12:11:07.398 [Forwarding findElements on session 23c4ee5d2a954d328883c0cb6703c309 to remote] DEBUG org.asynchttpclient.netty.request.NettyRequestSender -- Using open Channel [id: 0x5473078d, L:/192.168.1.146:56861 - R:ondemand.us-west-1.saucelabs.com/66.85.52.224:443] for POST '/wd/hub/session/23c4ee5d2a954d328883c0cb6703c309/elements'
12:11:07.667 [AsyncHttpClient-1-2] DEBUG org.asynchttpclient.netty.handler.HttpHandler -- 

Request DefaultHttpRequest(decodeResult: success, version: HTTP/1.1)
POST /wd/hub/session/23c4ee5d2a954d328883c0cb6703c309/elements HTTP/1.1
User-Agent: selenium/4.9.0 (java windows)
traceparent: 00-09fa775bd610009dc0a4261fe28965df-f31d5c923535e35b-01
Content-Length: 98
Content-Type: application/json; charset=utf-8
host: ondemand.us-west-1.saucelabs.com
authorization: Basic b2F1dGgtYXV0b2xhemFyZS01NThmYjpmOGQwYTRiNC1lMDU5LTRiMzktYTllYi0zNjY5NjViODg3YjE=
accept: */*

Response DefaultHttpResponse(decodeResult: success, version: HTTP/1.1)
HTTP/1.1 200 OK
content-length: 13
content-type: application/json;charset=UTF-8
date: Thu, 11 May 2023 16:11:06 GMT
server: monocle/0.42
x-request-id: 0551b41f-cbd2-4e2c-9c0e-d5c9b4f5284f

12:11:07.667 [AsyncHttpClient-1-2] DEBUG org.asynchttpclient.netty.channel.ChannelManager -- Adding key: https://ondemand.us-west-1.saucelabs.com:443 for channel [id: 0x5473078d, L:/192.168.1.146:56861 - R:ondemand.us-west-1.saucelabs.com/66.85.52.224:443]
12:11:07.671 [Forwarding switchToParentFrame on session 23c4ee5d2a954d328883c0cb6703c309 to remote] DEBUG org.asynchttpclient.netty.request.NettyRequestSender -- Using pooled Channel '[id: 0x5473078d, L:/192.168.1.146:56861 - R:ondemand.us-west-1.saucelabs.com/66.85.52.224:443]' for 'POST' to 'https://oauth-autolazare-558fb:f8d0a4b4-e059-4b39-a9eb-366965b887b1@ondemand.us-west-1.saucelabs.com:443/wd/hub/session/23c4ee5d2a954d328883c0cb6703c309/frame/parent'
12:11:07.671 [Forwarding switchToParentFrame on session 23c4ee5d2a954d328883c0cb6703c309 to remote] DEBUG org.asynchttpclient.netty.request.NettyRequestSender -- Using open Channel [id: 0x5473078d, L:/192.168.1.146:56861 - R:ondemand.us-west-1.saucelabs.com/66.85.52.224:443] for POST '/wd/hub/session/23c4ee5d2a954d328883c0cb6703c309/frame/parent'
12:11:07.851 [AsyncHttpClient-1-2] DEBUG org.asynchttpclient.netty.handler.HttpHandler -- 

Request DefaultHttpRequest(decodeResult: success, version: HTTP/1.1)
POST /wd/hub/session/23c4ee5d2a954d328883c0cb6703c309/frame/parent HTTP/1.1
User-Agent: selenium/4.9.0 (java windows)
traceparent: 00-cea0c0e75cf03adfea341b994dd138c9-71b149c03f6c95ae-01
Content-Length: 3
Content-Type: application/json; charset=utf-8
host: ondemand.us-west-1.saucelabs.com
authorization: Basic b2F1dGgtYXV0b2xhemFyZS01NThmYjpmOGQwYTRiNC1lMDU5LTRiMzktYTllYi0zNjY5NjViODg3YjE=
accept: */*

Response DefaultHttpResponse(decodeResult: success, version: HTTP/1.1)
HTTP/1.1 200 OK
content-length: 15
content-type: application/json;charset=UTF-8
date: Thu, 11 May 2023 16:11:06 GMT
server: monocle/0.42
x-request-id: 8462c2a6-2c79-4ae6-ae9b-f95be4bf547c

12:11:07.853 [AsyncHttpClient-1-2] DEBUG org.asynchttpclient.netty.channel.ChannelManager -- Adding key: https://ondemand.us-west-1.saucelabs.com:443 for channel [id: 0x5473078d, L:/192.168.1.146:56861 - R:ondemand.us-west-1.saucelabs.com/66.85.52.224:443]
12:11:07.859 [Forwarding switchToParentFrame on session 23c4ee5d2a954d328883c0cb6703c309 to remote] DEBUG org.asynchttpclient.netty.request.NettyRequestSender -- Using pooled Channel '[id: 0x5473078d, L:/192.168.1.146:56861 - R:ondemand.us-west-1.saucelabs.com/66.85.52.224:443]' for 'POST' to 'https://oauth-autolazare-558fb:f8d0a4b4-e059-4b39-a9eb-366965b887b1@ondemand.us-west-1.saucelabs.com:443/wd/hub/session/23c4ee5d2a954d328883c0cb6703c309/frame/parent'
12:11:07.859 [Forwarding switchToParentFrame on session 23c4ee5d2a954d328883c0cb6703c309 to remote] DEBUG org.asynchttpclient.netty.request.NettyRequestSender -- Using open Channel [id: 0x5473078d, L:/192.168.1.146:56861 - R:ondemand.us-west-1.saucelabs.com/66.85.52.224:443] for POST '/wd/hub/session/23c4ee5d2a954d328883c0cb6703c309/frame/parent'
12:11:08.121 [AsyncHttpClient-1-2] DEBUG org.asynchttpclient.netty.handler.HttpHandler -- 

Request DefaultHttpRequest(decodeResult: success, version: HTTP/1.1)
POST /wd/hub/session/23c4ee5d2a954d328883c0cb6703c309/frame/parent HTTP/1.1
User-Agent: selenium/4.9.0 (java windows)
traceparent: 00-b7722d847a0242a063a9da50469adbc8-e2c6fdd8c2d4de49-01
Content-Length: 3
Content-Type: application/json; charset=utf-8
host: ondemand.us-west-1.saucelabs.com
authorization: Basic b2F1dGgtYXV0b2xhemFyZS01NThmYjpmOGQwYTRiNC1lMDU5LTRiMzktYTllYi0zNjY5NjViODg3YjE=
accept: */*

Response DefaultHttpResponse(decodeResult: success, version: HTTP/1.1)
HTTP/1.1 200 OK
content-length: 15
content-type: application/json;charset=UTF-8
date: Thu, 11 May 2023 16:11:06 GMT
server: monocle/0.42
x-request-id: b61fc826-bbe5-48cc-8191-6a76cdf49648

12:11:08.121 [AsyncHttpClient-1-2] DEBUG org.asynchttpclient.netty.channel.ChannelManager -- Adding key: https://ondemand.us-west-1.saucelabs.com:443 for channel [id: 0x5473078d, L:/192.168.1.146:56861 - R:ondemand.us-west-1.saucelabs.com/66.85.52.224:443]
12:11:08.126 [Forwarding switchToFrame on session 23c4ee5d2a954d328883c0cb6703c309 to remote] DEBUG org.asynchttpclient.netty.request.NettyRequestSender -- Using pooled Channel '[id: 0x5473078d, L:/192.168.1.146:56861 - R:ondemand.us-west-1.saucelabs.com/66.85.52.224:443]' for 'POST' to 'https://oauth-autolazare-558fb:f8d0a4b4-e059-4b39-a9eb-366965b887b1@ondemand.us-west-1.saucelabs.com:443/wd/hub/session/23c4ee5d2a954d328883c0cb6703c309/frame'
12:11:08.126 [Forwarding switchToFrame on session 23c4ee5d2a954d328883c0cb6703c309 to remote] DEBUG org.asynchttpclient.netty.request.NettyRequestSender -- Using open Channel [id: 0x5473078d, L:/192.168.1.146:56861 - R:ondemand.us-west-1.saucelabs.com/66.85.52.224:443] for POST '/wd/hub/session/23c4ee5d2a954d328883c0cb6703c309/frame'
12:11:08.407 [AsyncHttpClient-1-2] DEBUG org.asynchttpclient.netty.handler.HttpHandler -- 

Request DefaultHttpRequest(decodeResult: success, version: HTTP/1.1)
POST /wd/hub/session/23c4ee5d2a954d328883c0cb6703c309/frame HTTP/1.1
User-Agent: selenium/4.9.0 (java windows)
traceparent: 00-ca66acde0778f72e56954e74a85f0afd-b973e4baa6b2f43a-01
Content-Length: 106
Content-Type: application/json; charset=utf-8
host: ondemand.us-west-1.saucelabs.com
authorization: Basic b2F1dGgtYXV0b2xhemFyZS01NThmYjpmOGQwYTRiNC1lMDU5LTRiMzktYTllYi0zNjY5NjViODg3YjE=
accept: */*

Response DefaultHttpResponse(decodeResult: success, version: HTTP/1.1)
HTTP/1.1 200 OK
content-length: 15
content-type: application/json;charset=UTF-8
date: Thu, 11 May 2023 16:11:07 GMT
server: monocle/0.42
x-request-id: 346f310a-7f27-4310-9569-5944ee576cc9

12:11:08.408 [AsyncHttpClient-1-2] DEBUG org.asynchttpclient.netty.channel.ChannelManager -- Adding key: https://ondemand.us-west-1.saucelabs.com:443 for channel [id: 0x5473078d, L:/192.168.1.146:56861 - R:ondemand.us-west-1.saucelabs.com/66.85.52.224:443]
12:11:08.418 [Forwarding executeScript on session 23c4ee5d2a954d328883c0cb6703c309 to remote] DEBUG org.asynchttpclient.netty.request.NettyRequestSender -- Using pooled Channel '[id: 0x5473078d, L:/192.168.1.146:56861 - R:ondemand.us-west-1.saucelabs.com/66.85.52.224:443]' for 'POST' to 'https://oauth-autolazare-558fb:f8d0a4b4-e059-4b39-a9eb-366965b887b1@ondemand.us-west-1.saucelabs.com:443/wd/hub/session/23c4ee5d2a954d328883c0cb6703c309/execute/sync'
12:11:08.419 [Forwarding executeScript on session 23c4ee5d2a954d328883c0cb6703c309 to remote] DEBUG org.asynchttpclient.netty.request.NettyRequestSender -- Using open Channel [id: 0x5473078d, L:/192.168.1.146:56861 - R:ondemand.us-west-1.saucelabs.com/66.85.52.224:443] for POST '/wd/hub/session/23c4ee5d2a954d328883c0cb6703c309/execute/sync'
12:11:09.179 [AsyncHttpClient-1-2] DEBUG org.asynchttpclient.netty.handler.HttpHandler -- 

Request DefaultHttpRequest(decodeResult: success, version: HTTP/1.1)
POST /wd/hub/session/23c4ee5d2a954d328883c0cb6703c309/execute/sync HTTP/1.1
User-Agent: selenium/4.9.0 (java windows)
traceparent: 00-e722056b0ccba3f693e96ef79418cdf7-8920f3b5517b2182-01
Content-Length: 323605
Content-Type: application/json; charset=utf-8
host: ondemand.us-west-1.saucelabs.com
authorization: Basic b2F1dGgtYXV0b2xhemFyZS01NThmYjpmOGQwYTRiNC1lMDU5LTRiMzktYTllYi0zNjY5NjViODg3YjE=
accept: */*

Response DefaultHttpResponse(decodeResult: success, version: HTTP/1.1)
HTTP/1.1 200 OK
content-length: 15
content-type: application/json;charset=UTF-8
date: Thu, 11 May 2023 16:11:07 GMT
server: monocle/0.42
x-request-id: f200d46e-eb96-4fc8-b7f0-15cc9103f093

12:11:09.180 [AsyncHttpClient-1-2] DEBUG org.asynchttpclient.netty.channel.ChannelManager -- Adding key: https://ondemand.us-west-1.saucelabs.com:443 for channel [id: 0x5473078d, L:/192.168.1.146:56861 - R:ondemand.us-west-1.saucelabs.com/66.85.52.224:443]
12:11:09.204 [Forwarding findElements on session 23c4ee5d2a954d328883c0cb6703c309 to remote] DEBUG org.asynchttpclient.netty.request.NettyRequestSender -- Using pooled Channel '[id: 0x5473078d, L:/192.168.1.146:56861 - R:ondemand.us-west-1.saucelabs.com/66.85.52.224:443]' for 'POST' to 'https://oauth-autolazare-558fb:f8d0a4b4-e059-4b39-a9eb-366965b887b1@ondemand.us-west-1.saucelabs.com:443/wd/hub/session/23c4ee5d2a954d328883c0cb6703c309/elements'
12:11:09.205 [Forwarding findElements on session 23c4ee5d2a954d328883c0cb6703c309 to remote] DEBUG org.asynchttpclient.netty.request.NettyRequestSender -- Using open Channel [id: 0x5473078d, L:/192.168.1.146:56861 - R:ondemand.us-west-1.saucelabs.com/66.85.52.224:443] for POST '/wd/hub/session/23c4ee5d2a954d328883c0cb6703c309/elements'
12:11:09.430 [AsyncHttpClient-1-2] DEBUG org.asynchttpclient.netty.handler.HttpHandler -- 

Request DefaultHttpRequest(decodeResult: success, version: HTTP/1.1)
POST /wd/hub/session/23c4ee5d2a954d328883c0cb6703c309/elements HTTP/1.1
User-Agent: selenium/4.9.0 (java windows)
traceparent: 00-1ec063c80106c424968ff682663875d4-c9f5787171f7c86c-01
Content-Length: 98
Content-Type: application/json; charset=utf-8
host: ondemand.us-west-1.saucelabs.com
authorization: Basic b2F1dGgtYXV0b2xhemFyZS01NThmYjpmOGQwYTRiNC1lMDU5LTRiMzktYTllYi0zNjY5NjViODg3YjE=
accept: */*

Response DefaultHttpResponse(decodeResult: success, version: HTTP/1.1)
HTTP/1.1 200 OK
content-length: 187
content-type: application/json;charset=UTF-8
date: Thu, 11 May 2023 16:11:08 GMT
server: monocle/0.42
x-request-id: 851497b5-6812-47fd-a27c-1e2639b19964

12:11:09.430 [AsyncHttpClient-1-2] DEBUG org.asynchttpclient.netty.channel.ChannelManager -- Adding key: https://ondemand.us-west-1.saucelabs.com:443 for channel [id: 0x5473078d, L:/192.168.1.146:56861 - R:ondemand.us-west-1.saucelabs.com/66.85.52.224:443]
12:11:09.432 [Forwarding switchToFrame on session 23c4ee5d2a954d328883c0cb6703c309 to remote] DEBUG org.asynchttpclient.netty.request.NettyRequestSender -- Using pooled Channel '[id: 0x5473078d, L:/192.168.1.146:56861 - R:ondemand.us-west-1.saucelabs.com/66.85.52.224:443]' for 'POST' to 'https://oauth-autolazare-558fb:f8d0a4b4-e059-4b39-a9eb-366965b887b1@ondemand.us-west-1.saucelabs.com:443/wd/hub/session/23c4ee5d2a954d328883c0cb6703c309/frame'
12:11:09.432 [Forwarding switchToFrame on session 23c4ee5d2a954d328883c0cb6703c309 to remote] DEBUG org.asynchttpclient.netty.request.NettyRequestSender -- Using open Channel [id: 0x5473078d, L:/192.168.1.146:56861 - R:ondemand.us-west-1.saucelabs.com/66.85.52.224:443] for POST '/wd/hub/session/23c4ee5d2a954d328883c0cb6703c309/frame'
12:11:09.636 [AsyncHttpClient-1-2] DEBUG org.asynchttpclient.netty.handler.HttpHandler -- 

Request DefaultHttpRequest(decodeResult: success, version: HTTP/1.1)
POST /wd/hub/session/23c4ee5d2a954d328883c0cb6703c309/frame HTTP/1.1
User-Agent: selenium/4.9.0 (java windows)
traceparent: 00-a0f915ef1fa993949599d7aa8348fd29-d91007219f1835de-01
Content-Length: 106
Content-Type: application/json; charset=utf-8
host: ondemand.us-west-1.saucelabs.com
authorization: Basic b2F1dGgtYXV0b2xhemFyZS01NThmYjpmOGQwYTRiNC1lMDU5LTRiMzktYTllYi0zNjY5NjViODg3YjE=
accept: */*

Response DefaultHttpResponse(decodeResult: success, version: HTTP/1.1)
HTTP/1.1 200 OK
content-length: 15
content-type: application/json;charset=UTF-8
date: Thu, 11 May 2023 16:11:08 GMT
server: monocle/0.42
x-request-id: 3180f97c-e0db-42e0-88de-22a02ac4dd96

12:11:09.636 [AsyncHttpClient-1-2] DEBUG org.asynchttpclient.netty.channel.ChannelManager -- Adding key: https://ondemand.us-west-1.saucelabs.com:443 for channel [id: 0x5473078d, L:/192.168.1.146:56861 - R:ondemand.us-west-1.saucelabs.com/66.85.52.224:443]
12:11:09.651 [Forwarding executeScript on session 23c4ee5d2a954d328883c0cb6703c309 to remote] DEBUG org.asynchttpclient.netty.request.NettyRequestSender -- Using pooled Channel '[id: 0x5473078d, L:/192.168.1.146:56861 - R:ondemand.us-west-1.saucelabs.com/66.85.52.224:443]' for 'POST' to 'https://oauth-autolazare-558fb:f8d0a4b4-e059-4b39-a9eb-366965b887b1@ondemand.us-west-1.saucelabs.com:443/wd/hub/session/23c4ee5d2a954d328883c0cb6703c309/execute/sync'
12:11:09.651 [Forwarding executeScript on session 23c4ee5d2a954d328883c0cb6703c309 to remote] DEBUG org.asynchttpclient.netty.request.NettyRequestSender -- Using open Channel [id: 0x5473078d, L:/192.168.1.146:56861 - R:ondemand.us-west-1.saucelabs.com/66.85.52.224:443] for POST '/wd/hub/session/23c4ee5d2a954d328883c0cb6703c309/execute/sync'
12:11:10.607 [AsyncHttpClient-1-2] DEBUG org.asynchttpclient.netty.handler.HttpHandler -- 

Request DefaultHttpRequest(decodeResult: success, version: HTTP/1.1)
POST /wd/hub/session/23c4ee5d2a954d328883c0cb6703c309/execute/sync HTTP/1.1
User-Agent: selenium/4.9.0 (java windows)
traceparent: 00-51a70af0f0ca5352d0a0c41c00099f64-c2454c37a0263e59-01
Content-Length: 323605
Content-Type: application/json; charset=utf-8
host: ondemand.us-west-1.saucelabs.com
authorization: Basic b2F1dGgtYXV0b2xhemFyZS01NThmYjpmOGQwYTRiNC1lMDU5LTRiMzktYTllYi0zNjY5NjViODg3YjE=
accept: */*

Response DefaultHttpResponse(decodeResult: success, version: HTTP/1.1)
HTTP/1.1 200 OK
content-length: 15
content-type: application/json;charset=UTF-8
date: Thu, 11 May 2023 16:11:08 GMT
server: monocle/0.42
x-request-id: e7b141fe-8894-4145-998e-5f27c6075dc7

12:11:10.608 [AsyncHttpClient-1-2] DEBUG org.asynchttpclient.netty.channel.ChannelManager -- Adding key: https://ondemand.us-west-1.saucelabs.com:443 for channel [id: 0x5473078d, L:/192.168.1.146:56861 - R:ondemand.us-west-1.saucelabs.com/66.85.52.224:443]
12:11:10.616 [Forwarding findElements on session 23c4ee5d2a954d328883c0cb6703c309 to remote] DEBUG org.asynchttpclient.netty.request.NettyRequestSender -- Using pooled Channel '[id: 0x5473078d, L:/192.168.1.146:56861 - R:ondemand.us-west-1.saucelabs.com/66.85.52.224:443]' for 'POST' to 'https://oauth-autolazare-558fb:f8d0a4b4-e059-4b39-a9eb-366965b887b1@ondemand.us-west-1.saucelabs.com:443/wd/hub/session/23c4ee5d2a954d328883c0cb6703c309/elements'
12:11:10.616 [Forwarding findElements on session 23c4ee5d2a954d328883c0cb6703c309 to remote] DEBUG org.asynchttpclient.netty.request.NettyRequestSender -- Using open Channel [id: 0x5473078d, L:/192.168.1.146:56861 - R:ondemand.us-west-1.saucelabs.com/66.85.52.224:443] for POST '/wd/hub/session/23c4ee5d2a954d328883c0cb6703c309/elements'
12:11:10.787 [AsyncHttpClient-1-2] DEBUG org.asynchttpclient.netty.handler.HttpHandler -- 

Request DefaultHttpRequest(decodeResult: success, version: HTTP/1.1)
POST /wd/hub/session/23c4ee5d2a954d328883c0cb6703c309/elements HTTP/1.1
User-Agent: selenium/4.9.0 (java windows)
traceparent: 00-7f0ff2fb71eb0b866730ff28cca4a6d5-6ed1a8114d0f086f-01
Content-Length: 98
Content-Type: application/json; charset=utf-8
host: ondemand.us-west-1.saucelabs.com
authorization: Basic b2F1dGgtYXV0b2xhemFyZS01NThmYjpmOGQwYTRiNC1lMDU5LTRiMzktYTllYi0zNjY5NjViODg3YjE=
accept: */*

Response DefaultHttpResponse(decodeResult: success, version: HTTP/1.1)
HTTP/1.1 200 OK
content-length: 13
content-type: application/json;charset=UTF-8
date: Thu, 11 May 2023 16:11:09 GMT
server: monocle/0.42
x-request-id: 9e8a65ec-a02c-4fb4-9e1e-9f81c0670ad1

12:11:10.787 [AsyncHttpClient-1-2] DEBUG org.asynchttpclient.netty.channel.ChannelManager -- Adding key: https://ondemand.us-west-1.saucelabs.com:443 for channel [id: 0x5473078d, L:/192.168.1.146:56861 - R:ondemand.us-west-1.saucelabs.com/66.85.52.224:443]
12:11:10.802 [Forwarding switchToParentFrame on session 23c4ee5d2a954d328883c0cb6703c309 to remote] DEBUG org.asynchttpclient.netty.request.NettyRequestSender -- Using pooled Channel '[id: 0x5473078d, L:/192.168.1.146:56861 - R:ondemand.us-west-1.saucelabs.com/66.85.52.224:443]' for 'POST' to 'https://oauth-autolazare-558fb:f8d0a4b4-e059-4b39-a9eb-366965b887b1@ondemand.us-west-1.saucelabs.com:443/wd/hub/session/23c4ee5d2a954d328883c0cb6703c309/frame/parent'
12:11:10.803 [Forwarding switchToParentFrame on session 23c4ee5d2a954d328883c0cb6703c309 to remote] DEBUG org.asynchttpclient.netty.request.NettyRequestSender -- Using open Channel [id: 0x5473078d, L:/192.168.1.146:56861 - R:ondemand.us-west-1.saucelabs.com/66.85.52.224:443] for POST '/wd/hub/session/23c4ee5d2a954d328883c0cb6703c309/frame/parent'
12:11:10.962 [AsyncHttpClient-1-2] DEBUG org.asynchttpclient.netty.handler.HttpHandler -- 

Request DefaultHttpRequest(decodeResult: success, version: HTTP/1.1)
POST /wd/hub/session/23c4ee5d2a954d328883c0cb6703c309/frame/parent HTTP/1.1
User-Agent: selenium/4.9.0 (java windows)
traceparent: 00-130b2fae67e4b4ec22a7d8330fcc137e-60c7e21fbcb65fe9-01
Content-Length: 3
Content-Type: application/json; charset=utf-8
host: ondemand.us-west-1.saucelabs.com
authorization: Basic b2F1dGgtYXV0b2xhemFyZS01NThmYjpmOGQwYTRiNC1lMDU5LTRiMzktYTllYi0zNjY5NjViODg3YjE=
accept: */*

Response DefaultHttpResponse(decodeResult: success, version: HTTP/1.1)
HTTP/1.1 200 OK
content-length: 15
content-type: application/json;charset=UTF-8
date: Thu, 11 May 2023 16:11:09 GMT
server: monocle/0.42
x-request-id: fe134170-8c3a-43e6-b3a7-ba30e7da84af

12:11:10.968 [AsyncHttpClient-1-2] DEBUG org.asynchttpclient.netty.channel.ChannelManager -- Adding key: https://ondemand.us-west-1.saucelabs.com:443 for channel [id: 0x5473078d, L:/192.168.1.146:56861 - R:ondemand.us-west-1.saucelabs.com/66.85.52.224:443]
12:11:10.973 [Forwarding switchToFrame on session 23c4ee5d2a954d328883c0cb6703c309 to remote] DEBUG org.asynchttpclient.netty.request.NettyRequestSender -- Using pooled Channel '[id: 0x5473078d, L:/192.168.1.146:56861 - R:ondemand.us-west-1.saucelabs.com/66.85.52.224:443]' for 'POST' to 'https://oauth-autolazare-558fb:f8d0a4b4-e059-4b39-a9eb-366965b887b1@ondemand.us-west-1.saucelabs.com:443/wd/hub/session/23c4ee5d2a954d328883c0cb6703c309/frame'
12:11:10.973 [Forwarding switchToFrame on session 23c4ee5d2a954d328883c0cb6703c309 to remote] DEBUG org.asynchttpclient.netty.request.NettyRequestSender -- Using open Channel [id: 0x5473078d, L:/192.168.1.146:56861 - R:ondemand.us-west-1.saucelabs.com/66.85.52.224:443] for POST '/wd/hub/session/23c4ee5d2a954d328883c0cb6703c309/frame'
12:11:11.172 [AsyncHttpClient-1-2] DEBUG org.asynchttpclient.netty.handler.HttpHandler -- 

Request DefaultHttpRequest(decodeResult: success, version: HTTP/1.1)
POST /wd/hub/session/23c4ee5d2a954d328883c0cb6703c309/frame HTTP/1.1
User-Agent: selenium/4.9.0 (java windows)
traceparent: 00-12524fae8d1342f5ffcfc26c729287e0-2f304cbf66e200a1-01
Content-Length: 106
Content-Type: application/json; charset=utf-8
host: ondemand.us-west-1.saucelabs.com
authorization: Basic b2F1dGgtYXV0b2xhemFyZS01NThmYjpmOGQwYTRiNC1lMDU5LTRiMzktYTllYi0zNjY5NjViODg3YjE=
accept: */*

Response DefaultHttpResponse(decodeResult: success, version: HTTP/1.1)
HTTP/1.1 200 OK
content-length: 15
content-type: application/json;charset=UTF-8
date: Thu, 11 May 2023 16:11:09 GMT
server: monocle/0.42
x-request-id: e051844b-cbf2-4c6b-9681-d38d9f919184

12:11:11.173 [AsyncHttpClient-1-2] DEBUG org.asynchttpclient.netty.channel.ChannelManager -- Adding key: https://ondemand.us-west-1.saucelabs.com:443 for channel [id: 0x5473078d, L:/192.168.1.146:56861 - R:ondemand.us-west-1.saucelabs.com/66.85.52.224:443]
12:11:11.180 [Forwarding executeScript on session 23c4ee5d2a954d328883c0cb6703c309 to remote] DEBUG org.asynchttpclient.netty.request.NettyRequestSender -- Using pooled Channel '[id: 0x5473078d, L:/192.168.1.146:56861 - R:ondemand.us-west-1.saucelabs.com/66.85.52.224:443]' for 'POST' to 'https://oauth-autolazare-558fb:f8d0a4b4-e059-4b39-a9eb-366965b887b1@ondemand.us-west-1.saucelabs.com:443/wd/hub/session/23c4ee5d2a954d328883c0cb6703c309/execute/sync'
12:11:11.185 [Forwarding executeScript on session 23c4ee5d2a954d328883c0cb6703c309 to remote] DEBUG org.asynchttpclient.netty.request.NettyRequestSender -- Using open Channel [id: 0x5473078d, L:/192.168.1.146:56861 - R:ondemand.us-west-1.saucelabs.com/66.85.52.224:443] for POST '/wd/hub/session/23c4ee5d2a954d328883c0cb6703c309/execute/sync'
12:11:11.968 [AsyncHttpClient-1-2] DEBUG org.asynchttpclient.netty.handler.HttpHandler -- 

Request DefaultHttpRequest(decodeResult: success, version: HTTP/1.1)
POST /wd/hub/session/23c4ee5d2a954d328883c0cb6703c309/execute/sync HTTP/1.1
User-Agent: selenium/4.9.0 (java windows)
traceparent: 00-f495713e938fdc78766b39fc63b2fe18-99f9fed4b0788a66-01
Content-Length: 323605
Content-Type: application/json; charset=utf-8
host: ondemand.us-west-1.saucelabs.com
authorization: Basic b2F1dGgtYXV0b2xhemFyZS01NThmYjpmOGQwYTRiNC1lMDU5LTRiMzktYTllYi0zNjY5NjViODg3YjE=
accept: */*

Response DefaultHttpResponse(decodeResult: success, version: HTTP/1.1)
HTTP/1.1 200 OK
content-length: 15
content-type: application/json;charset=UTF-8
date: Thu, 11 May 2023 16:11:10 GMT
server: monocle/0.42
x-request-id: f04100b0-3cad-4c98-b951-ff90f135273d

12:11:11.969 [AsyncHttpClient-1-2] DEBUG org.asynchttpclient.netty.channel.ChannelManager -- Adding key: https://ondemand.us-west-1.saucelabs.com:443 for channel [id: 0x5473078d, L:/192.168.1.146:56861 - R:ondemand.us-west-1.saucelabs.com/66.85.52.224:443]
12:11:11.974 [Forwarding findElements on session 23c4ee5d2a954d328883c0cb6703c309 to remote] DEBUG org.asynchttpclient.netty.request.NettyRequestSender -- Using pooled Channel '[id: 0x5473078d, L:/192.168.1.146:56861 - R:ondemand.us-west-1.saucelabs.com/66.85.52.224:443]' for 'POST' to 'https://oauth-autolazare-558fb:f8d0a4b4-e059-4b39-a9eb-366965b887b1@ondemand.us-west-1.saucelabs.com:443/wd/hub/session/23c4ee5d2a954d328883c0cb6703c309/elements'
12:11:11.974 [Forwarding findElements on session 23c4ee5d2a954d328883c0cb6703c309 to remote] DEBUG org.asynchttpclient.netty.request.NettyRequestSender -- Using open Channel [id: 0x5473078d, L:/192.168.1.146:56861 - R:ondemand.us-west-1.saucelabs.com/66.85.52.224:443] for POST '/wd/hub/session/23c4ee5d2a954d328883c0cb6703c309/elements'
12:11:12.159 [AsyncHttpClient-1-2] DEBUG org.asynchttpclient.netty.handler.HttpHandler -- 

Request DefaultHttpRequest(decodeResult: success, version: HTTP/1.1)
POST /wd/hub/session/23c4ee5d2a954d328883c0cb6703c309/elements HTTP/1.1
User-Agent: selenium/4.9.0 (java windows)
traceparent: 00-fe7ba8d025523586fa229e7e327f2cc7-89762313ad60e312-01
Content-Length: 98
Content-Type: application/json; charset=utf-8
host: ondemand.us-west-1.saucelabs.com
authorization: Basic b2F1dGgtYXV0b2xhemFyZS01NThmYjpmOGQwYTRiNC1lMDU5LTRiMzktYTllYi0zNjY5NjViODg3YjE=
accept: */*

Response DefaultHttpResponse(decodeResult: success, version: HTTP/1.1)
HTTP/1.1 200 OK
content-length: 13
content-type: application/json;charset=UTF-8
date: Thu, 11 May 2023 16:11:10 GMT
server: monocle/0.42
x-request-id: 4fed6068-c08d-4024-be1c-b0162c6870da

12:11:12.160 [AsyncHttpClient-1-2] DEBUG org.asynchttpclient.netty.channel.ChannelManager -- Adding key: https://ondemand.us-west-1.saucelabs.com:443 for channel [id: 0x5473078d, L:/192.168.1.146:56861 - R:ondemand.us-west-1.saucelabs.com/66.85.52.224:443]
12:11:12.162 [Forwarding switchToParentFrame on session 23c4ee5d2a954d328883c0cb6703c309 to remote] DEBUG org.asynchttpclient.netty.request.NettyRequestSender -- Using pooled Channel '[id: 0x5473078d, L:/192.168.1.146:56861 - R:ondemand.us-west-1.saucelabs.com/66.85.52.224:443]' for 'POST' to 'https://oauth-autolazare-558fb:f8d0a4b4-e059-4b39-a9eb-366965b887b1@ondemand.us-west-1.saucelabs.com:443/wd/hub/session/23c4ee5d2a954d328883c0cb6703c309/frame/parent'
12:11:12.162 [Forwarding switchToParentFrame on session 23c4ee5d2a954d328883c0cb6703c309 to remote] DEBUG org.asynchttpclient.netty.request.NettyRequestSender -- Using open Channel [id: 0x5473078d, L:/192.168.1.146:56861 - R:ondemand.us-west-1.saucelabs.com/66.85.52.224:443] for POST '/wd/hub/session/23c4ee5d2a954d328883c0cb6703c309/frame/parent'
12:11:12.343 [AsyncHttpClient-1-2] DEBUG org.asynchttpclient.netty.handler.HttpHandler -- 

Request DefaultHttpRequest(decodeResult: success, version: HTTP/1.1)
POST /wd/hub/session/23c4ee5d2a954d328883c0cb6703c309/frame/parent HTTP/1.1
User-Agent: selenium/4.9.0 (java windows)
traceparent: 00-50aaff0aa713017eb5ef3cbea4740beb-aa5b0c69a93445ca-01
Content-Length: 3
Content-Type: application/json; charset=utf-8
host: ondemand.us-west-1.saucelabs.com
authorization: Basic b2F1dGgtYXV0b2xhemFyZS01NThmYjpmOGQwYTRiNC1lMDU5LTRiMzktYTllYi0zNjY5NjViODg3YjE=
accept: */*

Response DefaultHttpResponse(decodeResult: success, version: HTTP/1.1)
HTTP/1.1 200 OK
content-length: 15
content-type: application/json;charset=UTF-8
date: Thu, 11 May 2023 16:11:11 GMT
server: monocle/0.42
x-request-id: 84380baf-448f-4274-b127-27b6311182b7

12:11:12.343 [AsyncHttpClient-1-2] DEBUG org.asynchttpclient.netty.channel.ChannelManager -- Adding key: https://ondemand.us-west-1.saucelabs.com:443 for channel [id: 0x5473078d, L:/192.168.1.146:56861 - R:ondemand.us-west-1.saucelabs.com/66.85.52.224:443]
12:11:12.345 [Forwarding switchToParentFrame on session 23c4ee5d2a954d328883c0cb6703c309 to remote] DEBUG org.asynchttpclient.netty.request.NettyRequestSender -- Using pooled Channel '[id: 0x5473078d, L:/192.168.1.146:56861 - R:ondemand.us-west-1.saucelabs.com/66.85.52.224:443]' for 'POST' to 'https://oauth-autolazare-558fb:f8d0a4b4-e059-4b39-a9eb-366965b887b1@ondemand.us-west-1.saucelabs.com:443/wd/hub/session/23c4ee5d2a954d328883c0cb6703c309/frame/parent'
12:11:12.345 [Forwarding switchToParentFrame on session 23c4ee5d2a954d328883c0cb6703c309 to remote] DEBUG org.asynchttpclient.netty.request.NettyRequestSender -- Using open Channel [id: 0x5473078d, L:/192.168.1.146:56861 - R:ondemand.us-west-1.saucelabs.com/66.85.52.224:443] for POST '/wd/hub/session/23c4ee5d2a954d328883c0cb6703c309/frame/parent'
12:11:12.534 [AsyncHttpClient-1-2] DEBUG org.asynchttpclient.netty.handler.HttpHandler -- 

Request DefaultHttpRequest(decodeResult: success, version: HTTP/1.1)
POST /wd/hub/session/23c4ee5d2a954d328883c0cb6703c309/frame/parent HTTP/1.1
User-Agent: selenium/4.9.0 (java windows)
traceparent: 00-f96e7eddf262375c855c5f4a31fdf0fd-10bc7229fce89a6b-01
Content-Length: 3
Content-Type: application/json; charset=utf-8
host: ondemand.us-west-1.saucelabs.com
authorization: Basic b2F1dGgtYXV0b2xhemFyZS01NThmYjpmOGQwYTRiNC1lMDU5LTRiMzktYTllYi0zNjY5NjViODg3YjE=
accept: */*

Response DefaultHttpResponse(decodeResult: success, version: HTTP/1.1)
HTTP/1.1 200 OK
content-length: 15
content-type: application/json;charset=UTF-8
date: Thu, 11 May 2023 16:11:11 GMT
server: monocle/0.42
x-request-id: 17161d4c-b2fe-4f66-b050-ade1dd4af9ee

12:11:12.535 [AsyncHttpClient-1-2] DEBUG org.asynchttpclient.netty.channel.ChannelManager -- Adding key: https://ondemand.us-west-1.saucelabs.com:443 for channel [id: 0x5473078d, L:/192.168.1.146:56861 - R:ondemand.us-west-1.saucelabs.com/66.85.52.224:443]
12:11:12.537 [Forwarding switchToFrame on session 23c4ee5d2a954d328883c0cb6703c309 to remote] DEBUG org.asynchttpclient.netty.request.NettyRequestSender -- Using pooled Channel '[id: 0x5473078d, L:/192.168.1.146:56861 - R:ondemand.us-west-1.saucelabs.com/66.85.52.224:443]' for 'POST' to 'https://oauth-autolazare-558fb:f8d0a4b4-e059-4b39-a9eb-366965b887b1@ondemand.us-west-1.saucelabs.com:443/wd/hub/session/23c4ee5d2a954d328883c0cb6703c309/frame'
12:11:12.537 [Forwarding switchToFrame on session 23c4ee5d2a954d328883c0cb6703c309 to remote] DEBUG org.asynchttpclient.netty.request.NettyRequestSender -- Using open Channel [id: 0x5473078d, L:/192.168.1.146:56861 - R:ondemand.us-west-1.saucelabs.com/66.85.52.224:443] for POST '/wd/hub/session/23c4ee5d2a954d328883c0cb6703c309/frame'
12:11:12.730 [AsyncHttpClient-1-2] DEBUG org.asynchttpclient.netty.handler.HttpHandler -- 

Request DefaultHttpRequest(decodeResult: success, version: HTTP/1.1)
POST /wd/hub/session/23c4ee5d2a954d328883c0cb6703c309/frame HTTP/1.1
User-Agent: selenium/4.9.0 (java windows)
traceparent: 00-6e442fda9c8e280cb3437017a163bd98-be3ee44ce090286b-01
Content-Length: 106
Content-Type: application/json; charset=utf-8
host: ondemand.us-west-1.saucelabs.com
authorization: Basic b2F1dGgtYXV0b2xhemFyZS01NThmYjpmOGQwYTRiNC1lMDU5LTRiMzktYTllYi0zNjY5NjViODg3YjE=
accept: */*

Response DefaultHttpResponse(decodeResult: success, version: HTTP/1.1)
HTTP/1.1 200 OK
content-length: 15
content-type: application/json;charset=UTF-8
date: Thu, 11 May 2023 16:11:11 GMT
server: monocle/0.42
x-request-id: f0bcdc60-f8c0-4cf8-acc1-f8d853365ecc

12:11:12.731 [AsyncHttpClient-1-2] DEBUG org.asynchttpclient.netty.channel.ChannelManager -- Adding key: https://ondemand.us-west-1.saucelabs.com:443 for channel [id: 0x5473078d, L:/192.168.1.146:56861 - R:ondemand.us-west-1.saucelabs.com/66.85.52.224:443]
12:11:12.756 [Forwarding executeScript on session 23c4ee5d2a954d328883c0cb6703c309 to remote] DEBUG org.asynchttpclient.netty.request.NettyRequestSender -- Using pooled Channel '[id: 0x5473078d, L:/192.168.1.146:56861 - R:ondemand.us-west-1.saucelabs.com/66.85.52.224:443]' for 'POST' to 'https://oauth-autolazare-558fb:f8d0a4b4-e059-4b39-a9eb-366965b887b1@ondemand.us-west-1.saucelabs.com:443/wd/hub/session/23c4ee5d2a954d328883c0cb6703c309/execute/sync'
12:11:12.756 [Forwarding executeScript on session 23c4ee5d2a954d328883c0cb6703c309 to remote] DEBUG org.asynchttpclient.netty.request.NettyRequestSender -- Using open Channel [id: 0x5473078d, L:/192.168.1.146:56861 - R:ondemand.us-west-1.saucelabs.com/66.85.52.224:443] for POST '/wd/hub/session/23c4ee5d2a954d328883c0cb6703c309/execute/sync'
12:11:13.587 [AsyncHttpClient-1-2] DEBUG org.asynchttpclient.netty.handler.HttpHandler -- 

Request DefaultHttpRequest(decodeResult: success, version: HTTP/1.1)
POST /wd/hub/session/23c4ee5d2a954d328883c0cb6703c309/execute/sync HTTP/1.1
User-Agent: selenium/4.9.0 (java windows)
traceparent: 00-b87cc7ff33605fc4cdece51dd32f361e-73239d5df629b208-01
Content-Length: 323605
Content-Type: application/json; charset=utf-8
host: ondemand.us-west-1.saucelabs.com
authorization: Basic b2F1dGgtYXV0b2xhemFyZS01NThmYjpmOGQwYTRiNC1lMDU5LTRiMzktYTllYi0zNjY5NjViODg3YjE=
accept: */*

Response DefaultHttpResponse(decodeResult: success, version: HTTP/1.1)
HTTP/1.1 200 OK
content-length: 15
content-type: application/json;charset=UTF-8
date: Thu, 11 May 2023 16:11:11 GMT
server: monocle/0.42
x-request-id: c77b3c2b-4691-47ab-802f-243e06da2991

12:11:13.587 [AsyncHttpClient-1-2] DEBUG org.asynchttpclient.netty.channel.ChannelManager -- Adding key: https://ondemand.us-west-1.saucelabs.com:443 for channel [id: 0x5473078d, L:/192.168.1.146:56861 - R:ondemand.us-west-1.saucelabs.com/66.85.52.224:443]
12:11:13.592 [Forwarding findElements on session 23c4ee5d2a954d328883c0cb6703c309 to remote] DEBUG org.asynchttpclient.netty.request.NettyRequestSender -- Using pooled Channel '[id: 0x5473078d, L:/192.168.1.146:56861 - R:ondemand.us-west-1.saucelabs.com/66.85.52.224:443]' for 'POST' to 'https://oauth-autolazare-558fb:f8d0a4b4-e059-4b39-a9eb-366965b887b1@ondemand.us-west-1.saucelabs.com:443/wd/hub/session/23c4ee5d2a954d328883c0cb6703c309/elements'
12:11:13.594 [Forwarding findElements on session 23c4ee5d2a954d328883c0cb6703c309 to remote] DEBUG org.asynchttpclient.netty.request.NettyRequestSender -- Using open Channel [id: 0x5473078d, L:/192.168.1.146:56861 - R:ondemand.us-west-1.saucelabs.com/66.85.52.224:443] for POST '/wd/hub/session/23c4ee5d2a954d328883c0cb6703c309/elements'
12:11:13.755 [AsyncHttpClient-1-2] DEBUG org.asynchttpclient.netty.handler.HttpHandler -- 

Request DefaultHttpRequest(decodeResult: success, version: HTTP/1.1)
POST /wd/hub/session/23c4ee5d2a954d328883c0cb6703c309/elements HTTP/1.1
User-Agent: selenium/4.9.0 (java windows)
traceparent: 00-7dae383c67076c4a7d9805a033cdcf68-298a5c290dbfdb41-01
Content-Length: 98
Content-Type: application/json; charset=utf-8
host: ondemand.us-west-1.saucelabs.com
authorization: Basic b2F1dGgtYXV0b2xhemFyZS01NThmYjpmOGQwYTRiNC1lMDU5LTRiMzktYTllYi0zNjY5NjViODg3YjE=
accept: */*

Response DefaultHttpResponse(decodeResult: success, version: HTTP/1.1)
HTTP/1.1 200 OK
content-length: 187
content-type: application/json;charset=UTF-8
date: Thu, 11 May 2023 16:11:12 GMT
server: monocle/0.42
x-request-id: f92bbc27-b719-4133-844b-6a61f20d2310

12:11:13.755 [AsyncHttpClient-1-2] DEBUG org.asynchttpclient.netty.channel.ChannelManager -- Adding key: https://ondemand.us-west-1.saucelabs.com:443 for channel [id: 0x5473078d, L:/192.168.1.146:56861 - R:ondemand.us-west-1.saucelabs.com/66.85.52.224:443]
12:11:13.759 [Forwarding switchToFrame on session 23c4ee5d2a954d328883c0cb6703c309 to remote] DEBUG org.asynchttpclient.netty.request.NettyRequestSender -- Using pooled Channel '[id: 0x5473078d, L:/192.168.1.146:56861 - R:ondemand.us-west-1.saucelabs.com/66.85.52.224:443]' for 'POST' to 'https://oauth-autolazare-558fb:f8d0a4b4-e059-4b39-a9eb-366965b887b1@ondemand.us-west-1.saucelabs.com:443/wd/hub/session/23c4ee5d2a954d328883c0cb6703c309/frame'
12:11:13.759 [Forwarding switchToFrame on session 23c4ee5d2a954d328883c0cb6703c309 to remote] DEBUG org.asynchttpclient.netty.request.NettyRequestSender -- Using open Channel [id: 0x5473078d, L:/192.168.1.146:56861 - R:ondemand.us-west-1.saucelabs.com/66.85.52.224:443] for POST '/wd/hub/session/23c4ee5d2a954d328883c0cb6703c309/frame'
12:11:13.979 [AsyncHttpClient-1-2] DEBUG org.asynchttpclient.netty.handler.HttpHandler -- 

Request DefaultHttpRequest(decodeResult: success, version: HTTP/1.1)
POST /wd/hub/session/23c4ee5d2a954d328883c0cb6703c309/frame HTTP/1.1
User-Agent: selenium/4.9.0 (java windows)
traceparent: 00-5b568f77a031a324da5e68ffb7729904-ab32c94a04c563be-01
Content-Length: 106
Content-Type: application/json; charset=utf-8
host: ondemand.us-west-1.saucelabs.com
authorization: Basic b2F1dGgtYXV0b2xhemFyZS01NThmYjpmOGQwYTRiNC1lMDU5LTRiMzktYTllYi0zNjY5NjViODg3YjE=
accept: */*

Response DefaultHttpResponse(decodeResult: success, version: HTTP/1.1)
HTTP/1.1 200 OK
content-length: 15
content-type: application/json;charset=UTF-8
date: Thu, 11 May 2023 16:11:12 GMT
server: monocle/0.42
x-request-id: 87ea00ae-2d95-4686-90a6-129cfe0184fe

12:11:13.979 [AsyncHttpClient-1-2] DEBUG org.asynchttpclient.netty.channel.ChannelManager -- Adding key: https://ondemand.us-west-1.saucelabs.com:443 for channel [id: 0x5473078d, L:/192.168.1.146:56861 - R:ondemand.us-west-1.saucelabs.com/66.85.52.224:443]
12:11:13.993 [Forwarding executeScript on session 23c4ee5d2a954d328883c0cb6703c309 to remote] DEBUG org.asynchttpclient.netty.request.NettyRequestSender -- Using pooled Channel '[id: 0x5473078d, L:/192.168.1.146:56861 - R:ondemand.us-west-1.saucelabs.com/66.85.52.224:443]' for 'POST' to 'https://oauth-autolazare-558fb:f8d0a4b4-e059-4b39-a9eb-366965b887b1@ondemand.us-west-1.saucelabs.com:443/wd/hub/session/23c4ee5d2a954d328883c0cb6703c309/execute/sync'
12:11:13.993 [Forwarding executeScript on session 23c4ee5d2a954d328883c0cb6703c309 to remote] DEBUG org.asynchttpclient.netty.request.NettyRequestSender -- Using open Channel [id: 0x5473078d, L:/192.168.1.146:56861 - R:ondemand.us-west-1.saucelabs.com/66.85.52.224:443] for POST '/wd/hub/session/23c4ee5d2a954d328883c0cb6703c309/execute/sync'
12:11:14.669 [AsyncHttpClient-1-2] DEBUG org.asynchttpclient.netty.handler.HttpHandler -- 

Request DefaultHttpRequest(decodeResult: success, version: HTTP/1.1)
POST /wd/hub/session/23c4ee5d2a954d328883c0cb6703c309/execute/sync HTTP/1.1
User-Agent: selenium/4.9.0 (java windows)
traceparent: 00-0f1703d1daddd421131ef9c7ea65dc4a-75b8e3d96ebbba5d-01
Content-Length: 323605
Content-Type: application/json; charset=utf-8
host: ondemand.us-west-1.saucelabs.com
authorization: Basic b2F1dGgtYXV0b2xhemFyZS01NThmYjpmOGQwYTRiNC1lMDU5LTRiMzktYTllYi0zNjY5NjViODg3YjE=
accept: */*

Response DefaultHttpResponse(decodeResult: success, version: HTTP/1.1)
HTTP/1.1 200 OK
content-length: 15
content-type: application/json;charset=UTF-8
date: Thu, 11 May 2023 16:11:13 GMT
server: monocle/0.42
x-request-id: 902befd2-08f1-4905-8a9a-627a15124c8d

12:11:14.669 [AsyncHttpClient-1-2] DEBUG org.asynchttpclient.netty.channel.ChannelManager -- Adding key: https://ondemand.us-west-1.saucelabs.com:443 for channel [id: 0x5473078d, L:/192.168.1.146:56861 - R:ondemand.us-west-1.saucelabs.com/66.85.52.224:443]
12:11:14.686 [Forwarding findElements on session 23c4ee5d2a954d328883c0cb6703c309 to remote] DEBUG org.asynchttpclient.netty.request.NettyRequestSender -- Using pooled Channel '[id: 0x5473078d, L:/192.168.1.146:56861 - R:ondemand.us-west-1.saucelabs.com/66.85.52.224:443]' for 'POST' to 'https://oauth-autolazare-558fb:f8d0a4b4-e059-4b39-a9eb-366965b887b1@ondemand.us-west-1.saucelabs.com:443/wd/hub/session/23c4ee5d2a954d328883c0cb6703c309/elements'
12:11:14.686 [Forwarding findElements on session 23c4ee5d2a954d328883c0cb6703c309 to remote] DEBUG org.asynchttpclient.netty.request.NettyRequestSender -- Using open Channel [id: 0x5473078d, L:/192.168.1.146:56861 - R:ondemand.us-west-1.saucelabs.com/66.85.52.224:443] for POST '/wd/hub/session/23c4ee5d2a954d328883c0cb6703c309/elements'
12:11:14.945 [AsyncHttpClient-1-2] DEBUG org.asynchttpclient.netty.handler.HttpHandler -- 

Request DefaultHttpRequest(decodeResult: success, version: HTTP/1.1)
POST /wd/hub/session/23c4ee5d2a954d328883c0cb6703c309/elements HTTP/1.1
User-Agent: selenium/4.9.0 (java windows)
traceparent: 00-5f97ab1cf21294a2836c82c6ec5ddefc-d4ac838756c0c1d0-01
Content-Length: 98
Content-Type: application/json; charset=utf-8
host: ondemand.us-west-1.saucelabs.com
authorization: Basic b2F1dGgtYXV0b2xhemFyZS01NThmYjpmOGQwYTRiNC1lMDU5LTRiMzktYTllYi0zNjY5NjViODg3YjE=
accept: */*

Response DefaultHttpResponse(decodeResult: success, version: HTTP/1.1)
HTTP/1.1 200 OK
content-length: 13
content-type: application/json;charset=UTF-8
date: Thu, 11 May 2023 16:11:13 GMT
server: monocle/0.42
x-request-id: a977f664-e016-4b7c-9174-c12c8ff0655d

12:11:14.945 [AsyncHttpClient-1-2] DEBUG org.asynchttpclient.netty.channel.ChannelManager -- Adding key: https://ondemand.us-west-1.saucelabs.com:443 for channel [id: 0x5473078d, L:/192.168.1.146:56861 - R:ondemand.us-west-1.saucelabs.com/66.85.52.224:443]
12:11:14.949 [Forwarding switchToParentFrame on session 23c4ee5d2a954d328883c0cb6703c309 to remote] DEBUG org.asynchttpclient.netty.request.NettyRequestSender -- Using pooled Channel '[id: 0x5473078d, L:/192.168.1.146:56861 - R:ondemand.us-west-1.saucelabs.com/66.85.52.224:443]' for 'POST' to 'https://oauth-autolazare-558fb:f8d0a4b4-e059-4b39-a9eb-366965b887b1@ondemand.us-west-1.saucelabs.com:443/wd/hub/session/23c4ee5d2a954d328883c0cb6703c309/frame/parent'
12:11:14.949 [Forwarding switchToParentFrame on session 23c4ee5d2a954d328883c0cb6703c309 to remote] DEBUG org.asynchttpclient.netty.request.NettyRequestSender -- Using open Channel [id: 0x5473078d, L:/192.168.1.146:56861 - R:ondemand.us-west-1.saucelabs.com/66.85.52.224:443] for POST '/wd/hub/session/23c4ee5d2a954d328883c0cb6703c309/frame/parent'
12:11:15.113 [AsyncHttpClient-1-2] DEBUG org.asynchttpclient.netty.handler.HttpHandler -- 

Request DefaultHttpRequest(decodeResult: success, version: HTTP/1.1)
POST /wd/hub/session/23c4ee5d2a954d328883c0cb6703c309/frame/parent HTTP/1.1
User-Agent: selenium/4.9.0 (java windows)
traceparent: 00-f679626bd875dbc3d2e3750b7fb8b682-3ea2a97b8572e9cd-01
Content-Length: 3
Content-Type: application/json; charset=utf-8
host: ondemand.us-west-1.saucelabs.com
authorization: Basic b2F1dGgtYXV0b2xhemFyZS01NThmYjpmOGQwYTRiNC1lMDU5LTRiMzktYTllYi0zNjY5NjViODg3YjE=
accept: */*

Response DefaultHttpResponse(decodeResult: success, version: HTTP/1.1)
HTTP/1.1 200 OK
content-length: 15
content-type: application/json;charset=UTF-8
date: Thu, 11 May 2023 16:11:13 GMT
server: monocle/0.42
x-request-id: 3595e432-a8dd-4fcc-9c7c-4749c1e5b3de

12:11:15.113 [AsyncHttpClient-1-2] DEBUG org.asynchttpclient.netty.channel.ChannelManager -- Adding key: https://ondemand.us-west-1.saucelabs.com:443 for channel [id: 0x5473078d, L:/192.168.1.146:56861 - R:ondemand.us-west-1.saucelabs.com/66.85.52.224:443]
12:11:15.118 [Forwarding switchToFrame on session 23c4ee5d2a954d328883c0cb6703c309 to remote] DEBUG org.asynchttpclient.netty.request.NettyRequestSender -- Using pooled Channel '[id: 0x5473078d, L:/192.168.1.146:56861 - R:ondemand.us-west-1.saucelabs.com/66.85.52.224:443]' for 'POST' to 'https://oauth-autolazare-558fb:f8d0a4b4-e059-4b39-a9eb-366965b887b1@ondemand.us-west-1.saucelabs.com:443/wd/hub/session/23c4ee5d2a954d328883c0cb6703c309/frame'
12:11:15.118 [Forwarding switchToFrame on session 23c4ee5d2a954d328883c0cb6703c309 to remote] DEBUG org.asynchttpclient.netty.request.NettyRequestSender -- Using open Channel [id: 0x5473078d, L:/192.168.1.146:56861 - R:ondemand.us-west-1.saucelabs.com/66.85.52.224:443] for POST '/wd/hub/session/23c4ee5d2a954d328883c0cb6703c309/frame'
12:11:15.362 [AsyncHttpClient-1-2] DEBUG org.asynchttpclient.netty.handler.HttpHandler -- 

Request DefaultHttpRequest(decodeResult: success, version: HTTP/1.1)
POST /wd/hub/session/23c4ee5d2a954d328883c0cb6703c309/frame HTTP/1.1
User-Agent: selenium/4.9.0 (java windows)
traceparent: 00-8deaa8f04ec5f680853518f8a1f67495-646442a54a9b4689-01
Content-Length: 106
Content-Type: application/json; charset=utf-8
host: ondemand.us-west-1.saucelabs.com
authorization: Basic b2F1dGgtYXV0b2xhemFyZS01NThmYjpmOGQwYTRiNC1lMDU5LTRiMzktYTllYi0zNjY5NjViODg3YjE=
accept: */*

Response DefaultHttpResponse(decodeResult: success, version: HTTP/1.1)
HTTP/1.1 200 OK
content-length: 15
content-type: application/json;charset=UTF-8
date: Thu, 11 May 2023 16:11:13 GMT
server: monocle/0.42
x-request-id: 9d25aea4-4be8-4d23-ac14-16b4f23d9f79

12:11:15.363 [AsyncHttpClient-1-2] DEBUG org.asynchttpclient.netty.channel.ChannelManager -- Adding key: https://ondemand.us-west-1.saucelabs.com:443 for channel [id: 0x5473078d, L:/192.168.1.146:56861 - R:ondemand.us-west-1.saucelabs.com/66.85.52.224:443]
12:11:15.385 [Forwarding executeScript on session 23c4ee5d2a954d328883c0cb6703c309 to remote] DEBUG org.asynchttpclient.netty.request.NettyRequestSender -- Using pooled Channel '[id: 0x5473078d, L:/192.168.1.146:56861 - R:ondemand.us-west-1.saucelabs.com/66.85.52.224:443]' for 'POST' to 'https://oauth-autolazare-558fb:f8d0a4b4-e059-4b39-a9eb-366965b887b1@ondemand.us-west-1.saucelabs.com:443/wd/hub/session/23c4ee5d2a954d328883c0cb6703c309/execute/sync'
12:11:15.385 [Forwarding executeScript on session 23c4ee5d2a954d328883c0cb6703c309 to remote] DEBUG org.asynchttpclient.netty.request.NettyRequestSender -- Using open Channel [id: 0x5473078d, L:/192.168.1.146:56861 - R:ondemand.us-west-1.saucelabs.com/66.85.52.224:443] for POST '/wd/hub/session/23c4ee5d2a954d328883c0cb6703c309/execute/sync'
12:11:16.330 [AsyncHttpClient-1-2] DEBUG org.asynchttpclient.netty.handler.HttpHandler -- 

Request DefaultHttpRequest(decodeResult: success, version: HTTP/1.1)
POST /wd/hub/session/23c4ee5d2a954d328883c0cb6703c309/execute/sync HTTP/1.1
User-Agent: selenium/4.9.0 (java windows)
traceparent: 00-778dd7f66c28dd4d25ce9247e05271f8-9551415f6b00f136-01
Content-Length: 323605
Content-Type: application/json; charset=utf-8
host: ondemand.us-west-1.saucelabs.com
authorization: Basic b2F1dGgtYXV0b2xhemFyZS01NThmYjpmOGQwYTRiNC1lMDU5LTRiMzktYTllYi0zNjY5NjViODg3YjE=
accept: */*

Response DefaultHttpResponse(decodeResult: success, version: HTTP/1.1)
HTTP/1.1 200 OK
content-length: 15
content-type: application/json;charset=UTF-8
date: Thu, 11 May 2023 16:11:14 GMT
server: monocle/0.42
x-request-id: 5798b2fc-6144-4e5f-ae6f-94e5beb96573

12:11:16.331 [AsyncHttpClient-1-2] DEBUG org.asynchttpclient.netty.channel.ChannelManager -- Adding key: https://ondemand.us-west-1.saucelabs.com:443 for channel [id: 0x5473078d, L:/192.168.1.146:56861 - R:ondemand.us-west-1.saucelabs.com/66.85.52.224:443]
12:11:16.337 [Forwarding findElements on session 23c4ee5d2a954d328883c0cb6703c309 to remote] DEBUG org.asynchttpclient.netty.request.NettyRequestSender -- Using pooled Channel '[id: 0x5473078d, L:/192.168.1.146:56861 - R:ondemand.us-west-1.saucelabs.com/66.85.52.224:443]' for 'POST' to 'https://oauth-autolazare-558fb:f8d0a4b4-e059-4b39-a9eb-366965b887b1@ondemand.us-west-1.saucelabs.com:443/wd/hub/session/23c4ee5d2a954d328883c0cb6703c309/elements'
12:11:16.337 [Forwarding findElements on session 23c4ee5d2a954d328883c0cb6703c309 to remote] DEBUG org.asynchttpclient.netty.request.NettyRequestSender -- Using open Channel [id: 0x5473078d, L:/192.168.1.146:56861 - R:ondemand.us-west-1.saucelabs.com/66.85.52.224:443] for POST '/wd/hub/session/23c4ee5d2a954d328883c0cb6703c309/elements'
12:11:16.535 [AsyncHttpClient-1-2] DEBUG org.asynchttpclient.netty.handler.HttpHandler -- 

Request DefaultHttpRequest(decodeResult: success, version: HTTP/1.1)
POST /wd/hub/session/23c4ee5d2a954d328883c0cb6703c309/elements HTTP/1.1
User-Agent: selenium/4.9.0 (java windows)
traceparent: 00-afc88e70a669134223cc148a88f2c892-2a7b9149cfb76c34-01
Content-Length: 98
Content-Type: application/json; charset=utf-8
host: ondemand.us-west-1.saucelabs.com
authorization: Basic b2F1dGgtYXV0b2xhemFyZS01NThmYjpmOGQwYTRiNC1lMDU5LTRiMzktYTllYi0zNjY5NjViODg3YjE=
accept: */*

Response DefaultHttpResponse(decodeResult: success, version: HTTP/1.1)
HTTP/1.1 200 OK
content-length: 13
content-type: application/json;charset=UTF-8
date: Thu, 11 May 2023 16:11:15 GMT
server: monocle/0.42
x-request-id: 5b8b53c8-235b-47e1-9ff5-fa8bd91fb1ee

12:11:16.550 [AsyncHttpClient-1-2] DEBUG org.asynchttpclient.netty.channel.ChannelManager -- Adding key: https://ondemand.us-west-1.saucelabs.com:443 for channel [id: 0x5473078d, L:/192.168.1.146:56861 - R:ondemand.us-west-1.saucelabs.com/66.85.52.224:443]
12:11:16.552 [Forwarding switchToParentFrame on session 23c4ee5d2a954d328883c0cb6703c309 to remote] DEBUG org.asynchttpclient.netty.request.NettyRequestSender -- Using pooled Channel '[id: 0x5473078d, L:/192.168.1.146:56861 - R:ondemand.us-west-1.saucelabs.com/66.85.52.224:443]' for 'POST' to 'https://oauth-autolazare-558fb:f8d0a4b4-e059-4b39-a9eb-366965b887b1@ondemand.us-west-1.saucelabs.com:443/wd/hub/session/23c4ee5d2a954d328883c0cb6703c309/frame/parent'
12:11:16.552 [Forwarding switchToParentFrame on session 23c4ee5d2a954d328883c0cb6703c309 to remote] DEBUG org.asynchttpclient.netty.request.NettyRequestSender -- Using open Channel [id: 0x5473078d, L:/192.168.1.146:56861 - R:ondemand.us-west-1.saucelabs.com/66.85.52.224:443] for POST '/wd/hub/session/23c4ee5d2a954d328883c0cb6703c309/frame/parent'
12:11:16.712 [AsyncHttpClient-1-2] DEBUG org.asynchttpclient.netty.handler.HttpHandler -- 

Request DefaultHttpRequest(decodeResult: success, version: HTTP/1.1)
POST /wd/hub/session/23c4ee5d2a954d328883c0cb6703c309/frame/parent HTTP/1.1
User-Agent: selenium/4.9.0 (java windows)
traceparent: 00-aaaebdd99245d369f599bd3361d8d4de-6eb1c2dfacfc4f65-01
Content-Length: 3
Content-Type: application/json; charset=utf-8
host: ondemand.us-west-1.saucelabs.com
authorization: Basic b2F1dGgtYXV0b2xhemFyZS01NThmYjpmOGQwYTRiNC1lMDU5LTRiMzktYTllYi0zNjY5NjViODg3YjE=
accept: */*

Response DefaultHttpResponse(decodeResult: success, version: HTTP/1.1)
HTTP/1.1 200 OK
content-length: 15
content-type: application/json;charset=UTF-8
date: Thu, 11 May 2023 16:11:15 GMT
server: monocle/0.42
x-request-id: 24d313ad-7d14-4fc4-a534-922dbaa4c3ae

12:11:16.712 [AsyncHttpClient-1-2] DEBUG org.asynchttpclient.netty.channel.ChannelManager -- Adding key: https://ondemand.us-west-1.saucelabs.com:443 for channel [id: 0x5473078d, L:/192.168.1.146:56861 - R:ondemand.us-west-1.saucelabs.com/66.85.52.224:443]
12:11:16.712 [Forwarding switchToParentFrame on session 23c4ee5d2a954d328883c0cb6703c309 to remote] DEBUG org.asynchttpclient.netty.request.NettyRequestSender -- Using pooled Channel '[id: 0x5473078d, L:/192.168.1.146:56861 - R:ondemand.us-west-1.saucelabs.com/66.85.52.224:443]' for 'POST' to 'https://oauth-autolazare-558fb:f8d0a4b4-e059-4b39-a9eb-366965b887b1@ondemand.us-west-1.saucelabs.com:443/wd/hub/session/23c4ee5d2a954d328883c0cb6703c309/frame/parent'
12:11:16.712 [Forwarding switchToParentFrame on session 23c4ee5d2a954d328883c0cb6703c309 to remote] DEBUG org.asynchttpclient.netty.request.NettyRequestSender -- Using open Channel [id: 0x5473078d, L:/192.168.1.146:56861 - R:ondemand.us-west-1.saucelabs.com/66.85.52.224:443] for POST '/wd/hub/session/23c4ee5d2a954d328883c0cb6703c309/frame/parent'
12:11:16.966 [AsyncHttpClient-1-2] DEBUG org.asynchttpclient.netty.handler.HttpHandler -- 

Request DefaultHttpRequest(decodeResult: success, version: HTTP/1.1)
POST /wd/hub/session/23c4ee5d2a954d328883c0cb6703c309/frame/parent HTTP/1.1
User-Agent: selenium/4.9.0 (java windows)
traceparent: 00-9f54e02023a831253e0d4f3ce0c4cab7-4c3df7ba754f19eb-01
Content-Length: 3
Content-Type: application/json; charset=utf-8
host: ondemand.us-west-1.saucelabs.com
authorization: Basic b2F1dGgtYXV0b2xhemFyZS01NThmYjpmOGQwYTRiNC1lMDU5LTRiMzktYTllYi0zNjY5NjViODg3YjE=
accept: */*

Response DefaultHttpResponse(decodeResult: success, version: HTTP/1.1)
HTTP/1.1 200 OK
content-length: 15
content-type: application/json;charset=UTF-8
date: Thu, 11 May 2023 16:11:15 GMT
server: monocle/0.42
x-request-id: 7f24b6d6-480b-4412-86db-2f746b038823

12:11:16.966 [AsyncHttpClient-1-2] DEBUG org.asynchttpclient.netty.channel.ChannelManager -- Adding key: https://ondemand.us-west-1.saucelabs.com:443 for channel [id: 0x5473078d, L:/192.168.1.146:56861 - R:ondemand.us-west-1.saucelabs.com/66.85.52.224:443]
12:11:16.968 [Forwarding switchToFrame on session 23c4ee5d2a954d328883c0cb6703c309 to remote] DEBUG org.asynchttpclient.netty.request.NettyRequestSender -- Using pooled Channel '[id: 0x5473078d, L:/192.168.1.146:56861 - R:ondemand.us-west-1.saucelabs.com/66.85.52.224:443]' for 'POST' to 'https://oauth-autolazare-558fb:f8d0a4b4-e059-4b39-a9eb-366965b887b1@ondemand.us-west-1.saucelabs.com:443/wd/hub/session/23c4ee5d2a954d328883c0cb6703c309/frame'
12:11:16.968 [Forwarding switchToFrame on session 23c4ee5d2a954d328883c0cb6703c309 to remote] DEBUG org.asynchttpclient.netty.request.NettyRequestSender -- Using open Channel [id: 0x5473078d, L:/192.168.1.146:56861 - R:ondemand.us-west-1.saucelabs.com/66.85.52.224:443] for POST '/wd/hub/session/23c4ee5d2a954d328883c0cb6703c309/frame'
12:11:17.169 [AsyncHttpClient-1-2] DEBUG org.asynchttpclient.netty.handler.HttpHandler -- 

Request DefaultHttpRequest(decodeResult: success, version: HTTP/1.1)
POST /wd/hub/session/23c4ee5d2a954d328883c0cb6703c309/frame HTTP/1.1
User-Agent: selenium/4.9.0 (java windows)
traceparent: 00-2f9d2ac929c284b2c664860f7693a5c5-a8c2298bcd05ede0-01
Content-Length: 106
Content-Type: application/json; charset=utf-8
host: ondemand.us-west-1.saucelabs.com
authorization: Basic b2F1dGgtYXV0b2xhemFyZS01NThmYjpmOGQwYTRiNC1lMDU5LTRiMzktYTllYi0zNjY5NjViODg3YjE=
accept: */*

Response DefaultHttpResponse(decodeResult: success, version: HTTP/1.1)
HTTP/1.1 200 OK
content-length: 15
content-type: application/json;charset=UTF-8
date: Thu, 11 May 2023 16:11:15 GMT
server: monocle/0.42
x-request-id: 19d88f76-b4ea-4610-afb0-f5790a6a6b53

12:11:17.169 [AsyncHttpClient-1-2] DEBUG org.asynchttpclient.netty.channel.ChannelManager -- Adding key: https://ondemand.us-west-1.saucelabs.com:443 for channel [id: 0x5473078d, L:/192.168.1.146:56861 - R:ondemand.us-west-1.saucelabs.com/66.85.52.224:443]
12:11:17.184 [Forwarding executeScript on session 23c4ee5d2a954d328883c0cb6703c309 to remote] DEBUG org.asynchttpclient.netty.request.NettyRequestSender -- Using pooled Channel '[id: 0x5473078d, L:/192.168.1.146:56861 - R:ondemand.us-west-1.saucelabs.com/66.85.52.224:443]' for 'POST' to 'https://oauth-autolazare-558fb:f8d0a4b4-e059-4b39-a9eb-366965b887b1@ondemand.us-west-1.saucelabs.com:443/wd/hub/session/23c4ee5d2a954d328883c0cb6703c309/execute/sync'
12:11:17.184 [Forwarding executeScript on session 23c4ee5d2a954d328883c0cb6703c309 to remote] DEBUG org.asynchttpclient.netty.request.NettyRequestSender -- Using open Channel [id: 0x5473078d, L:/192.168.1.146:56861 - R:ondemand.us-west-1.saucelabs.com/66.85.52.224:443] for POST '/wd/hub/session/23c4ee5d2a954d328883c0cb6703c309/execute/sync'
12:11:18.100 [AsyncHttpClient-1-2] DEBUG org.asynchttpclient.netty.handler.HttpHandler -- 

Request DefaultHttpRequest(decodeResult: success, version: HTTP/1.1)
POST /wd/hub/session/23c4ee5d2a954d328883c0cb6703c309/execute/sync HTTP/1.1
User-Agent: selenium/4.9.0 (java windows)
traceparent: 00-f489308c3d2069b2bddb78a15baba617-9e23912954d4928b-01
Content-Length: 323605
Content-Type: application/json; charset=utf-8
host: ondemand.us-west-1.saucelabs.com
authorization: Basic b2F1dGgtYXV0b2xhemFyZS01NThmYjpmOGQwYTRiNC1lMDU5LTRiMzktYTllYi0zNjY5NjViODg3YjE=
accept: */*

Response DefaultHttpResponse(decodeResult: success, version: HTTP/1.1)
HTTP/1.1 200 OK
content-length: 15
content-type: application/json;charset=UTF-8
date: Thu, 11 May 2023 16:11:16 GMT
server: monocle/0.42
x-request-id: 75b26b5d-8a22-47f7-afe2-9fa0b6b910a3

12:11:18.105 [AsyncHttpClient-1-2] DEBUG org.asynchttpclient.netty.channel.ChannelManager -- Adding key: https://ondemand.us-west-1.saucelabs.com:443 for channel [id: 0x5473078d, L:/192.168.1.146:56861 - R:ondemand.us-west-1.saucelabs.com/66.85.52.224:443]
12:11:18.111 [Forwarding findElements on session 23c4ee5d2a954d328883c0cb6703c309 to remote] DEBUG org.asynchttpclient.netty.request.NettyRequestSender -- Using pooled Channel '[id: 0x5473078d, L:/192.168.1.146:56861 - R:ondemand.us-west-1.saucelabs.com/66.85.52.224:443]' for 'POST' to 'https://oauth-autolazare-558fb:f8d0a4b4-e059-4b39-a9eb-366965b887b1@ondemand.us-west-1.saucelabs.com:443/wd/hub/session/23c4ee5d2a954d328883c0cb6703c309/elements'
12:11:18.111 [Forwarding findElements on session 23c4ee5d2a954d328883c0cb6703c309 to remote] DEBUG org.asynchttpclient.netty.request.NettyRequestSender -- Using open Channel [id: 0x5473078d, L:/192.168.1.146:56861 - R:ondemand.us-west-1.saucelabs.com/66.85.52.224:443] for POST '/wd/hub/session/23c4ee5d2a954d328883c0cb6703c309/elements'
12:11:18.333 [AsyncHttpClient-1-2] DEBUG org.asynchttpclient.netty.handler.HttpHandler -- 

Request DefaultHttpRequest(decodeResult: success, version: HTTP/1.1)
POST /wd/hub/session/23c4ee5d2a954d328883c0cb6703c309/elements HTTP/1.1
User-Agent: selenium/4.9.0 (java windows)
traceparent: 00-9c85b5657c855f910714c8e2e879eff4-55b507f0a5ee254d-01
Content-Length: 98
Content-Type: application/json; charset=utf-8
host: ondemand.us-west-1.saucelabs.com
authorization: Basic b2F1dGgtYXV0b2xhemFyZS01NThmYjpmOGQwYTRiNC1lMDU5LTRiMzktYTllYi0zNjY5NjViODg3YjE=
accept: */*

Response DefaultHttpResponse(decodeResult: success, version: HTTP/1.1)
HTTP/1.1 200 OK
content-length: 98
content-type: application/json;charset=UTF-8
date: Thu, 11 May 2023 16:11:16 GMT
server: monocle/0.42
x-request-id: 5a90cb61-7aab-44cc-a31d-ce5f41ff65cf

12:11:18.333 [AsyncHttpClient-1-2] DEBUG org.asynchttpclient.netty.channel.ChannelManager -- Adding key: https://ondemand.us-west-1.saucelabs.com:443 for channel [id: 0x5473078d, L:/192.168.1.146:56861 - R:ondemand.us-west-1.saucelabs.com/66.85.52.224:443]
12:11:18.349 [Forwarding switchToFrame on session 23c4ee5d2a954d328883c0cb6703c309 to remote] DEBUG org.asynchttpclient.netty.request.NettyRequestSender -- Using pooled Channel '[id: 0x5473078d, L:/192.168.1.146:56861 - R:ondemand.us-west-1.saucelabs.com/66.85.52.224:443]' for 'POST' to 'https://oauth-autolazare-558fb:f8d0a4b4-e059-4b39-a9eb-366965b887b1@ondemand.us-west-1.saucelabs.com:443/wd/hub/session/23c4ee5d2a954d328883c0cb6703c309/frame'
12:11:18.349 [Forwarding switchToFrame on session 23c4ee5d2a954d328883c0cb6703c309 to remote] DEBUG org.asynchttpclient.netty.request.NettyRequestSender -- Using open Channel [id: 0x5473078d, L:/192.168.1.146:56861 - R:ondemand.us-west-1.saucelabs.com/66.85.52.224:443] for POST '/wd/hub/session/23c4ee5d2a954d328883c0cb6703c309/frame'
12:11:18.651 [AsyncHttpClient-1-2] DEBUG org.asynchttpclient.netty.handler.HttpHandler -- 

Request DefaultHttpRequest(decodeResult: success, version: HTTP/1.1)
POST /wd/hub/session/23c4ee5d2a954d328883c0cb6703c309/frame HTTP/1.1
User-Agent: selenium/4.9.0 (java windows)
traceparent: 00-c032465c52e076d3a81bd91e249e56f6-692cd3e6f8b005d7-01
Content-Length: 105
Content-Type: application/json; charset=utf-8
host: ondemand.us-west-1.saucelabs.com
authorization: Basic b2F1dGgtYXV0b2xhemFyZS01NThmYjpmOGQwYTRiNC1lMDU5LTRiMzktYTllYi0zNjY5NjViODg3YjE=
accept: */*

Response DefaultHttpResponse(decodeResult: success, version: HTTP/1.1)
HTTP/1.1 200 OK
content-length: 15
content-type: application/json;charset=UTF-8
date: Thu, 11 May 2023 16:11:17 GMT
server: monocle/0.42
x-request-id: 3409ce69-a283-4ef8-855f-7186e14bf2d1

12:11:18.653 [AsyncHttpClient-1-2] DEBUG org.asynchttpclient.netty.channel.ChannelManager -- Adding key: https://ondemand.us-west-1.saucelabs.com:443 for channel [id: 0x5473078d, L:/192.168.1.146:56861 - R:ondemand.us-west-1.saucelabs.com/66.85.52.224:443]
12:11:18.663 [Forwarding executeScript on session 23c4ee5d2a954d328883c0cb6703c309 to remote] DEBUG org.asynchttpclient.netty.request.NettyRequestSender -- Using pooled Channel '[id: 0x5473078d, L:/192.168.1.146:56861 - R:ondemand.us-west-1.saucelabs.com/66.85.52.224:443]' for 'POST' to 'https://oauth-autolazare-558fb:f8d0a4b4-e059-4b39-a9eb-366965b887b1@ondemand.us-west-1.saucelabs.com:443/wd/hub/session/23c4ee5d2a954d328883c0cb6703c309/execute/sync'
12:11:18.665 [Forwarding executeScript on session 23c4ee5d2a954d328883c0cb6703c309 to remote] DEBUG org.asynchttpclient.netty.request.NettyRequestSender -- Using open Channel [id: 0x5473078d, L:/192.168.1.146:56861 - R:ondemand.us-west-1.saucelabs.com/66.85.52.224:443] for POST '/wd/hub/session/23c4ee5d2a954d328883c0cb6703c309/execute/sync'
12:11:20.361 [AsyncHttpClient-1-2] DEBUG org.asynchttpclient.netty.handler.HttpHandler -- 

Request DefaultHttpRequest(decodeResult: success, version: HTTP/1.1)
POST /wd/hub/session/23c4ee5d2a954d328883c0cb6703c309/execute/sync HTTP/1.1
User-Agent: selenium/4.9.0 (java windows)
traceparent: 00-e5ea2877eed3bb51e22af26c001968a9-da12dc94fdd438a0-01
Content-Length: 323605
Content-Type: application/json; charset=utf-8
host: ondemand.us-west-1.saucelabs.com
authorization: Basic b2F1dGgtYXV0b2xhemFyZS01NThmYjpmOGQwYTRiNC1lMDU5LTRiMzktYTllYi0zNjY5NjViODg3YjE=
accept: */*

Response DefaultHttpResponse(decodeResult: success, version: HTTP/1.1)
HTTP/1.1 200 OK
content-length: 15
content-type: application/json;charset=UTF-8
date: Thu, 11 May 2023 16:11:18 GMT
server: monocle/0.42
x-request-id: 2296891f-5ede-40f8-a83d-cfed2dd404a2

12:11:20.362 [AsyncHttpClient-1-2] DEBUG org.asynchttpclient.netty.channel.ChannelManager -- Adding key: https://ondemand.us-west-1.saucelabs.com:443 for channel [id: 0x5473078d, L:/192.168.1.146:56861 - R:ondemand.us-west-1.saucelabs.com/66.85.52.224:443]
12:11:20.372 [Forwarding findElements on session 23c4ee5d2a954d328883c0cb6703c309 to remote] DEBUG org.asynchttpclient.netty.request.NettyRequestSender -- Using pooled Channel '[id: 0x5473078d, L:/192.168.1.146:56861 - R:ondemand.us-west-1.saucelabs.com/66.85.52.224:443]' for 'POST' to 'https://oauth-autolazare-558fb:f8d0a4b4-e059-4b39-a9eb-366965b887b1@ondemand.us-west-1.saucelabs.com:443/wd/hub/session/23c4ee5d2a954d328883c0cb6703c309/elements'
12:11:20.373 [Forwarding findElements on session 23c4ee5d2a954d328883c0cb6703c309 to remote] DEBUG org.asynchttpclient.netty.request.NettyRequestSender -- Using open Channel [id: 0x5473078d, L:/192.168.1.146:56861 - R:ondemand.us-west-1.saucelabs.com/66.85.52.224:443] for POST '/wd/hub/session/23c4ee5d2a954d328883c0cb6703c309/elements'
12:11:20.546 [AsyncHttpClient-1-2] DEBUG org.asynchttpclient.netty.handler.HttpHandler -- 

Request DefaultHttpRequest(decodeResult: success, version: HTTP/1.1)
POST /wd/hub/session/23c4ee5d2a954d328883c0cb6703c309/elements HTTP/1.1
User-Agent: selenium/4.9.0 (java windows)
traceparent: 00-6f24c70e4100b1df2f47eb2ff7658b30-1b3525ca967d27e2-01
Content-Length: 98
Content-Type: application/json; charset=utf-8
host: ondemand.us-west-1.saucelabs.com
authorization: Basic b2F1dGgtYXV0b2xhemFyZS01NThmYjpmOGQwYTRiNC1lMDU5LTRiMzktYTllYi0zNjY5NjViODg3YjE=
accept: */*

Response DefaultHttpResponse(decodeResult: success, version: HTTP/1.1)
HTTP/1.1 200 OK
content-length: 13
content-type: application/json;charset=UTF-8
date: Thu, 11 May 2023 16:11:19 GMT
server: monocle/0.42
x-request-id: 2424af83-d12e-46fe-8c6b-221117daacf3

12:11:20.547 [AsyncHttpClient-1-2] DEBUG org.asynchttpclient.netty.channel.ChannelManager -- Adding key: https://ondemand.us-west-1.saucelabs.com:443 for channel [id: 0x5473078d, L:/192.168.1.146:56861 - R:ondemand.us-west-1.saucelabs.com/66.85.52.224:443]
12:11:20.549 [Forwarding switchToParentFrame on session 23c4ee5d2a954d328883c0cb6703c309 to remote] DEBUG org.asynchttpclient.netty.request.NettyRequestSender -- Using pooled Channel '[id: 0x5473078d, L:/192.168.1.146:56861 - R:ondemand.us-west-1.saucelabs.com/66.85.52.224:443]' for 'POST' to 'https://oauth-autolazare-558fb:f8d0a4b4-e059-4b39-a9eb-366965b887b1@ondemand.us-west-1.saucelabs.com:443/wd/hub/session/23c4ee5d2a954d328883c0cb6703c309/frame/parent'
12:11:20.549 [Forwarding switchToParentFrame on session 23c4ee5d2a954d328883c0cb6703c309 to remote] DEBUG org.asynchttpclient.netty.request.NettyRequestSender -- Using open Channel [id: 0x5473078d, L:/192.168.1.146:56861 - R:ondemand.us-west-1.saucelabs.com/66.85.52.224:443] for POST '/wd/hub/session/23c4ee5d2a954d328883c0cb6703c309/frame/parent'
12:11:20.699 [AsyncHttpClient-1-2] DEBUG org.asynchttpclient.netty.handler.HttpHandler -- 

Request DefaultHttpRequest(decodeResult: success, version: HTTP/1.1)
POST /wd/hub/session/23c4ee5d2a954d328883c0cb6703c309/frame/parent HTTP/1.1
User-Agent: selenium/4.9.0 (java windows)
traceparent: 00-2b831581702737bf630b1e228adacb39-eedefbd8c532c023-01
Content-Length: 3
Content-Type: application/json; charset=utf-8
host: ondemand.us-west-1.saucelabs.com
authorization: Basic b2F1dGgtYXV0b2xhemFyZS01NThmYjpmOGQwYTRiNC1lMDU5LTRiMzktYTllYi0zNjY5NjViODg3YjE=
accept: */*

Response DefaultHttpResponse(decodeResult: success, version: HTTP/1.1)
HTTP/1.1 200 OK
content-length: 15
content-type: application/json;charset=UTF-8
date: Thu, 11 May 2023 16:11:19 GMT
server: monocle/0.42
x-request-id: a231751d-e263-48a9-9dc3-bcfffaa193a8

12:11:20.699 [AsyncHttpClient-1-2] DEBUG org.asynchttpclient.netty.channel.ChannelManager -- Adding key: https://ondemand.us-west-1.saucelabs.com:443 for channel [id: 0x5473078d, L:/192.168.1.146:56861 - R:ondemand.us-west-1.saucelabs.com/66.85.52.224:443]
12:11:20.699 [Forwarding switchToParentFrame on session 23c4ee5d2a954d328883c0cb6703c309 to remote] DEBUG org.asynchttpclient.netty.request.NettyRequestSender -- Using pooled Channel '[id: 0x5473078d, L:/192.168.1.146:56861 - R:ondemand.us-west-1.saucelabs.com/66.85.52.224:443]' for 'POST' to 'https://oauth-autolazare-558fb:f8d0a4b4-e059-4b39-a9eb-366965b887b1@ondemand.us-west-1.saucelabs.com:443/wd/hub/session/23c4ee5d2a954d328883c0cb6703c309/frame/parent'
12:11:20.699 [Forwarding switchToParentFrame on session 23c4ee5d2a954d328883c0cb6703c309 to remote] DEBUG org.asynchttpclient.netty.request.NettyRequestSender -- Using open Channel [id: 0x5473078d, L:/192.168.1.146:56861 - R:ondemand.us-west-1.saucelabs.com/66.85.52.224:443] for POST '/wd/hub/session/23c4ee5d2a954d328883c0cb6703c309/frame/parent'
12:11:20.874 [AsyncHttpClient-1-2] DEBUG org.asynchttpclient.netty.handler.HttpHandler -- 

Request DefaultHttpRequest(decodeResult: success, version: HTTP/1.1)
POST /wd/hub/session/23c4ee5d2a954d328883c0cb6703c309/frame/parent HTTP/1.1
User-Agent: selenium/4.9.0 (java windows)
traceparent: 00-b69c2e9423b2f835ac88ff16b9cdeaf5-db5fd9a4f5a0c5cf-01
Content-Length: 3
Content-Type: application/json; charset=utf-8
host: ondemand.us-west-1.saucelabs.com
authorization: Basic b2F1dGgtYXV0b2xhemFyZS01NThmYjpmOGQwYTRiNC1lMDU5LTRiMzktYTllYi0zNjY5NjViODg3YjE=
accept: */*

Response DefaultHttpResponse(decodeResult: success, version: HTTP/1.1)
HTTP/1.1 200 OK
content-length: 15
content-type: application/json;charset=UTF-8
date: Thu, 11 May 2023 16:11:19 GMT
server: monocle/0.42
x-request-id: 7fe31d39-488c-47f1-9625-a2d203d0c29e

12:11:20.874 [AsyncHttpClient-1-2] DEBUG org.asynchttpclient.netty.channel.ChannelManager -- Adding key: https://ondemand.us-west-1.saucelabs.com:443 for channel [id: 0x5473078d, L:/192.168.1.146:56861 - R:ondemand.us-west-1.saucelabs.com/66.85.52.224:443]
12:11:20.877 [Forwarding switchToFrame on session 23c4ee5d2a954d328883c0cb6703c309 to remote] DEBUG org.asynchttpclient.netty.request.NettyRequestSender -- Using pooled Channel '[id: 0x5473078d, L:/192.168.1.146:56861 - R:ondemand.us-west-1.saucelabs.com/66.85.52.224:443]' for 'POST' to 'https://oauth-autolazare-558fb:f8d0a4b4-e059-4b39-a9eb-366965b887b1@ondemand.us-west-1.saucelabs.com:443/wd/hub/session/23c4ee5d2a954d328883c0cb6703c309/frame'
12:11:20.877 [Forwarding switchToFrame on session 23c4ee5d2a954d328883c0cb6703c309 to remote] DEBUG org.asynchttpclient.netty.request.NettyRequestSender -- Using open Channel [id: 0x5473078d, L:/192.168.1.146:56861 - R:ondemand.us-west-1.saucelabs.com/66.85.52.224:443] for POST '/wd/hub/session/23c4ee5d2a954d328883c0cb6703c309/frame'
12:11:21.041 [AsyncHttpClient-1-2] DEBUG org.asynchttpclient.netty.handler.HttpHandler -- 

Request DefaultHttpRequest(decodeResult: success, version: HTTP/1.1)
POST /wd/hub/session/23c4ee5d2a954d328883c0cb6703c309/frame HTTP/1.1
User-Agent: selenium/4.9.0 (java windows)
traceparent: 00-790abe5ddaeeeddf995251f7ac3b6637-117636aee09eb284-01
Content-Length: 106
Content-Type: application/json; charset=utf-8
host: ondemand.us-west-1.saucelabs.com
authorization: Basic b2F1dGgtYXV0b2xhemFyZS01NThmYjpmOGQwYTRiNC1lMDU5LTRiMzktYTllYi0zNjY5NjViODg3YjE=
accept: */*

Response DefaultHttpResponse(decodeResult: success, version: HTTP/1.1)
HTTP/1.1 200 OK
content-length: 15
content-type: application/json;charset=UTF-8
date: Thu, 11 May 2023 16:11:19 GMT
server: monocle/0.42
x-request-id: 3ef56404-c593-4d69-89ea-d6c5d9d4d17c

12:11:21.056 [AsyncHttpClient-1-2] DEBUG org.asynchttpclient.netty.channel.ChannelManager -- Adding key: https://ondemand.us-west-1.saucelabs.com:443 for channel [id: 0x5473078d, L:/192.168.1.146:56861 - R:ondemand.us-west-1.saucelabs.com/66.85.52.224:443]
12:11:21.056 [Forwarding executeScript on session 23c4ee5d2a954d328883c0cb6703c309 to remote] DEBUG org.asynchttpclient.netty.request.NettyRequestSender -- Using pooled Channel '[id: 0x5473078d, L:/192.168.1.146:56861 - R:ondemand.us-west-1.saucelabs.com/66.85.52.224:443]' for 'POST' to 'https://oauth-autolazare-558fb:f8d0a4b4-e059-4b39-a9eb-366965b887b1@ondemand.us-west-1.saucelabs.com:443/wd/hub/session/23c4ee5d2a954d328883c0cb6703c309/execute/sync'
12:11:21.056 [Forwarding executeScript on session 23c4ee5d2a954d328883c0cb6703c309 to remote] DEBUG org.asynchttpclient.netty.request.NettyRequestSender -- Using open Channel [id: 0x5473078d, L:/192.168.1.146:56861 - R:ondemand.us-west-1.saucelabs.com/66.85.52.224:443] for POST '/wd/hub/session/23c4ee5d2a954d328883c0cb6703c309/execute/sync'
12:11:21.794 [AsyncHttpClient-1-2] DEBUG org.asynchttpclient.netty.handler.HttpHandler -- 

Request DefaultHttpRequest(decodeResult: success, version: HTTP/1.1)
POST /wd/hub/session/23c4ee5d2a954d328883c0cb6703c309/execute/sync HTTP/1.1
User-Agent: selenium/4.9.0 (java windows)
traceparent: 00-fb68e991c9bb6dcca893e9f1b556eb74-60e34f498da77ee4-01
Content-Length: 323605
Content-Type: application/json; charset=utf-8
host: ondemand.us-west-1.saucelabs.com
authorization: Basic b2F1dGgtYXV0b2xhemFyZS01NThmYjpmOGQwYTRiNC1lMDU5LTRiMzktYTllYi0zNjY5NjViODg3YjE=
accept: */*

Response DefaultHttpResponse(decodeResult: success, version: HTTP/1.1)
HTTP/1.1 200 OK
content-length: 15
content-type: application/json;charset=UTF-8
date: Thu, 11 May 2023 16:11:20 GMT
server: monocle/0.42
x-request-id: bac824a0-000d-4c23-a901-022d93e8dc27

12:11:21.795 [AsyncHttpClient-1-2] DEBUG org.asynchttpclient.netty.channel.ChannelManager -- Adding key: https://ondemand.us-west-1.saucelabs.com:443 for channel [id: 0x5473078d, L:/192.168.1.146:56861 - R:ondemand.us-west-1.saucelabs.com/66.85.52.224:443]
12:11:21.801 [Forwarding findElements on session 23c4ee5d2a954d328883c0cb6703c309 to remote] DEBUG org.asynchttpclient.netty.request.NettyRequestSender -- Using pooled Channel '[id: 0x5473078d, L:/192.168.1.146:56861 - R:ondemand.us-west-1.saucelabs.com/66.85.52.224:443]' for 'POST' to 'https://oauth-autolazare-558fb:f8d0a4b4-e059-4b39-a9eb-366965b887b1@ondemand.us-west-1.saucelabs.com:443/wd/hub/session/23c4ee5d2a954d328883c0cb6703c309/elements'
12:11:21.801 [Forwarding findElements on session 23c4ee5d2a954d328883c0cb6703c309 to remote] DEBUG org.asynchttpclient.netty.request.NettyRequestSender -- Using open Channel [id: 0x5473078d, L:/192.168.1.146:56861 - R:ondemand.us-west-1.saucelabs.com/66.85.52.224:443] for POST '/wd/hub/session/23c4ee5d2a954d328883c0cb6703c309/elements'
12:11:21.977 [AsyncHttpClient-1-2] DEBUG org.asynchttpclient.netty.handler.HttpHandler -- 

Request DefaultHttpRequest(decodeResult: success, version: HTTP/1.1)
POST /wd/hub/session/23c4ee5d2a954d328883c0cb6703c309/elements HTTP/1.1
User-Agent: selenium/4.9.0 (java windows)
traceparent: 00-7fb3acf3ea0aa63f34ed3a0d433b6ac1-5dea19ed06870855-01
Content-Length: 98
Content-Type: application/json; charset=utf-8
host: ondemand.us-west-1.saucelabs.com
authorization: Basic b2F1dGgtYXV0b2xhemFyZS01NThmYjpmOGQwYTRiNC1lMDU5LTRiMzktYTllYi0zNjY5NjViODg3YjE=
accept: */*

Response DefaultHttpResponse(decodeResult: success, version: HTTP/1.1)
HTTP/1.1 200 OK
content-length: 13
content-type: application/json;charset=UTF-8
date: Thu, 11 May 2023 16:11:20 GMT
server: monocle/0.42
x-request-id: 2433ade2-185c-49fa-8ffb-ead270d222f8

12:11:21.978 [AsyncHttpClient-1-2] DEBUG org.asynchttpclient.netty.channel.ChannelManager -- Adding key: https://ondemand.us-west-1.saucelabs.com:443 for channel [id: 0x5473078d, L:/192.168.1.146:56861 - R:ondemand.us-west-1.saucelabs.com/66.85.52.224:443]
12:11:21.980 [Forwarding switchToParentFrame on session 23c4ee5d2a954d328883c0cb6703c309 to remote] DEBUG org.asynchttpclient.netty.request.NettyRequestSender -- Using pooled Channel '[id: 0x5473078d, L:/192.168.1.146:56861 - R:ondemand.us-west-1.saucelabs.com/66.85.52.224:443]' for 'POST' to 'https://oauth-autolazare-558fb:f8d0a4b4-e059-4b39-a9eb-366965b887b1@ondemand.us-west-1.saucelabs.com:443/wd/hub/session/23c4ee5d2a954d328883c0cb6703c309/frame/parent'
12:11:21.981 [Forwarding switchToParentFrame on session 23c4ee5d2a954d328883c0cb6703c309 to remote] DEBUG org.asynchttpclient.netty.request.NettyRequestSender -- Using open Channel [id: 0x5473078d, L:/192.168.1.146:56861 - R:ondemand.us-west-1.saucelabs.com/66.85.52.224:443] for POST '/wd/hub/session/23c4ee5d2a954d328883c0cb6703c309/frame/parent'
12:11:22.176 [AsyncHttpClient-1-2] DEBUG org.asynchttpclient.netty.handler.HttpHandler -- 

Request DefaultHttpRequest(decodeResult: success, version: HTTP/1.1)
POST /wd/hub/session/23c4ee5d2a954d328883c0cb6703c309/frame/parent HTTP/1.1
User-Agent: selenium/4.9.0 (java windows)
traceparent: 00-4c99993f1be567c634bae75e36b1f470-dd6ea764c2ba2280-01
Content-Length: 3
Content-Type: application/json; charset=utf-8
host: ondemand.us-west-1.saucelabs.com
authorization: Basic b2F1dGgtYXV0b2xhemFyZS01NThmYjpmOGQwYTRiNC1lMDU5LTRiMzktYTllYi0zNjY5NjViODg3YjE=
accept: */*

Response DefaultHttpResponse(decodeResult: success, version: HTTP/1.1)
HTTP/1.1 200 OK
content-length: 15
content-type: application/json;charset=UTF-8
date: Thu, 11 May 2023 16:11:20 GMT
server: monocle/0.42
x-request-id: 644264c4-c11f-4c1c-91c6-f5935c0364da

12:11:22.176 [AsyncHttpClient-1-2] DEBUG org.asynchttpclient.netty.channel.ChannelManager -- Adding key: https://ondemand.us-west-1.saucelabs.com:443 for channel [id: 0x5473078d, L:/192.168.1.146:56861 - R:ondemand.us-west-1.saucelabs.com/66.85.52.224:443]
12:11:22.180 [Forwarding switchToFrame on session 23c4ee5d2a954d328883c0cb6703c309 to remote] DEBUG org.asynchttpclient.netty.request.NettyRequestSender -- Using pooled Channel '[id: 0x5473078d, L:/192.168.1.146:56861 - R:ondemand.us-west-1.saucelabs.com/66.85.52.224:443]' for 'POST' to 'https://oauth-autolazare-558fb:f8d0a4b4-e059-4b39-a9eb-366965b887b1@ondemand.us-west-1.saucelabs.com:443/wd/hub/session/23c4ee5d2a954d328883c0cb6703c309/frame'
12:11:22.180 [Forwarding switchToFrame on session 23c4ee5d2a954d328883c0cb6703c309 to remote] DEBUG org.asynchttpclient.netty.request.NettyRequestSender -- Using open Channel [id: 0x5473078d, L:/192.168.1.146:56861 - R:ondemand.us-west-1.saucelabs.com/66.85.52.224:443] for POST '/wd/hub/session/23c4ee5d2a954d328883c0cb6703c309/frame'
12:11:22.403 [AsyncHttpClient-1-2] DEBUG org.asynchttpclient.netty.handler.HttpHandler -- 

Request DefaultHttpRequest(decodeResult: success, version: HTTP/1.1)
POST /wd/hub/session/23c4ee5d2a954d328883c0cb6703c309/frame HTTP/1.1
User-Agent: selenium/4.9.0 (java windows)
traceparent: 00-664070ab7ad3099832e0846ad6fb8515-9e637f5e12330eb1-01
Content-Length: 106
Content-Type: application/json; charset=utf-8
host: ondemand.us-west-1.saucelabs.com
authorization: Basic b2F1dGgtYXV0b2xhemFyZS01NThmYjpmOGQwYTRiNC1lMDU5LTRiMzktYTllYi0zNjY5NjViODg3YjE=
accept: */*

Response DefaultHttpResponse(decodeResult: success, version: HTTP/1.1)
HTTP/1.1 200 OK
content-length: 15
content-type: application/json;charset=UTF-8
date: Thu, 11 May 2023 16:11:21 GMT
server: monocle/0.42
x-request-id: 80467698-0e14-4179-9cb4-dd8c8e8f0f5c

12:11:22.403 [AsyncHttpClient-1-2] DEBUG org.asynchttpclient.netty.channel.ChannelManager -- Adding key: https://ondemand.us-west-1.saucelabs.com:443 for channel [id: 0x5473078d, L:/192.168.1.146:56861 - R:ondemand.us-west-1.saucelabs.com/66.85.52.224:443]
12:11:22.417 [Forwarding executeScript on session 23c4ee5d2a954d328883c0cb6703c309 to remote] DEBUG org.asynchttpclient.netty.request.NettyRequestSender -- Using pooled Channel '[id: 0x5473078d, L:/192.168.1.146:56861 - R:ondemand.us-west-1.saucelabs.com/66.85.52.224:443]' for 'POST' to 'https://oauth-autolazare-558fb:f8d0a4b4-e059-4b39-a9eb-366965b887b1@ondemand.us-west-1.saucelabs.com:443/wd/hub/session/23c4ee5d2a954d328883c0cb6703c309/execute/sync'
12:11:22.417 [Forwarding executeScript on session 23c4ee5d2a954d328883c0cb6703c309 to remote] DEBUG org.asynchttpclient.netty.request.NettyRequestSender -- Using open Channel [id: 0x5473078d, L:/192.168.1.146:56861 - R:ondemand.us-west-1.saucelabs.com/66.85.52.224:443] for POST '/wd/hub/session/23c4ee5d2a954d328883c0cb6703c309/execute/sync'
12:11:23.271 [AsyncHttpClient-1-2] DEBUG org.asynchttpclient.netty.handler.HttpHandler -- 

Request DefaultHttpRequest(decodeResult: success, version: HTTP/1.1)
POST /wd/hub/session/23c4ee5d2a954d328883c0cb6703c309/execute/sync HTTP/1.1
User-Agent: selenium/4.9.0 (java windows)
traceparent: 00-8922962706155e891eb41684c1807eec-d4d1d8c607549201-01
Content-Length: 323605
Content-Type: application/json; charset=utf-8
host: ondemand.us-west-1.saucelabs.com
authorization: Basic b2F1dGgtYXV0b2xhemFyZS01NThmYjpmOGQwYTRiNC1lMDU5LTRiMzktYTllYi0zNjY5NjViODg3YjE=
accept: */*

Response DefaultHttpResponse(decodeResult: success, version: HTTP/1.1)
HTTP/1.1 200 OK
content-length: 15
content-type: application/json;charset=UTF-8
date: Thu, 11 May 2023 16:11:21 GMT
server: monocle/0.42
x-request-id: 456e511a-b133-444e-9ef9-98a8b2e3daba

12:11:23.271 [AsyncHttpClient-1-2] DEBUG org.asynchttpclient.netty.channel.ChannelManager -- Adding key: https://ondemand.us-west-1.saucelabs.com:443 for channel [id: 0x5473078d, L:/192.168.1.146:56861 - R:ondemand.us-west-1.saucelabs.com/66.85.52.224:443]
12:11:23.303 [Forwarding findElements on session 23c4ee5d2a954d328883c0cb6703c309 to remote] DEBUG org.asynchttpclient.netty.request.NettyRequestSender -- Using pooled Channel '[id: 0x5473078d, L:/192.168.1.146:56861 - R:ondemand.us-west-1.saucelabs.com/66.85.52.224:443]' for 'POST' to 'https://oauth-autolazare-558fb:f8d0a4b4-e059-4b39-a9eb-366965b887b1@ondemand.us-west-1.saucelabs.com:443/wd/hub/session/23c4ee5d2a954d328883c0cb6703c309/elements'
12:11:23.304 [Forwarding findElements on session 23c4ee5d2a954d328883c0cb6703c309 to remote] DEBUG org.asynchttpclient.netty.request.NettyRequestSender -- Using open Channel [id: 0x5473078d, L:/192.168.1.146:56861 - R:ondemand.us-west-1.saucelabs.com/66.85.52.224:443] for POST '/wd/hub/session/23c4ee5d2a954d328883c0cb6703c309/elements'
12:11:23.559 [AsyncHttpClient-1-2] DEBUG org.asynchttpclient.netty.handler.HttpHandler -- 

Request DefaultHttpRequest(decodeResult: success, version: HTTP/1.1)
POST /wd/hub/session/23c4ee5d2a954d328883c0cb6703c309/elements HTTP/1.1
User-Agent: selenium/4.9.0 (java windows)
traceparent: 00-507e3f83bac894a88869736a3f6ffde1-96af26c41d01702b-01
Content-Length: 98
Content-Type: application/json; charset=utf-8
host: ondemand.us-west-1.saucelabs.com
authorization: Basic b2F1dGgtYXV0b2xhemFyZS01NThmYjpmOGQwYTRiNC1lMDU5LTRiMzktYTllYi0zNjY5NjViODg3YjE=
accept: */*

Response DefaultHttpResponse(decodeResult: success, version: HTTP/1.1)
HTTP/1.1 200 OK
content-length: 99
content-type: application/json;charset=UTF-8
date: Thu, 11 May 2023 16:11:22 GMT
server: monocle/0.42
x-request-id: 72706d9f-5d4b-4d6f-8ed6-0110d3b519fc

12:11:23.559 [AsyncHttpClient-1-2] DEBUG org.asynchttpclient.netty.channel.ChannelManager -- Adding key: https://ondemand.us-west-1.saucelabs.com:443 for channel [id: 0x5473078d, L:/192.168.1.146:56861 - R:ondemand.us-west-1.saucelabs.com/66.85.52.224:443]
12:11:23.563 [Forwarding switchToFrame on session 23c4ee5d2a954d328883c0cb6703c309 to remote] DEBUG org.asynchttpclient.netty.request.NettyRequestSender -- Using pooled Channel '[id: 0x5473078d, L:/192.168.1.146:56861 - R:ondemand.us-west-1.saucelabs.com/66.85.52.224:443]' for 'POST' to 'https://oauth-autolazare-558fb:f8d0a4b4-e059-4b39-a9eb-366965b887b1@ondemand.us-west-1.saucelabs.com:443/wd/hub/session/23c4ee5d2a954d328883c0cb6703c309/frame'
12:11:23.564 [Forwarding switchToFrame on session 23c4ee5d2a954d328883c0cb6703c309 to remote] DEBUG org.asynchttpclient.netty.request.NettyRequestSender -- Using open Channel [id: 0x5473078d, L:/192.168.1.146:56861 - R:ondemand.us-west-1.saucelabs.com/66.85.52.224:443] for POST '/wd/hub/session/23c4ee5d2a954d328883c0cb6703c309/frame'
12:11:23.743 [AsyncHttpClient-1-2] DEBUG org.asynchttpclient.netty.handler.HttpHandler -- 

Request DefaultHttpRequest(decodeResult: success, version: HTTP/1.1)
POST /wd/hub/session/23c4ee5d2a954d328883c0cb6703c309/frame HTTP/1.1
User-Agent: selenium/4.9.0 (java windows)
traceparent: 00-00a8575e5500d9ce479e5166862e9b24-5917b9e225e2e37b-01
Content-Length: 106
Content-Type: application/json; charset=utf-8
host: ondemand.us-west-1.saucelabs.com
authorization: Basic b2F1dGgtYXV0b2xhemFyZS01NThmYjpmOGQwYTRiNC1lMDU5LTRiMzktYTllYi0zNjY5NjViODg3YjE=
accept: */*

Response DefaultHttpResponse(decodeResult: success, version: HTTP/1.1)
HTTP/1.1 200 OK
content-length: 15
content-type: application/json;charset=UTF-8
date: Thu, 11 May 2023 16:11:22 GMT
server: monocle/0.42
x-request-id: b11d8267-ab7b-4c08-9db3-64734c6ebc05

12:11:23.743 [AsyncHttpClient-1-2] DEBUG org.asynchttpclient.netty.channel.ChannelManager -- Adding key: https://ondemand.us-west-1.saucelabs.com:443 for channel [id: 0x5473078d, L:/192.168.1.146:56861 - R:ondemand.us-west-1.saucelabs.com/66.85.52.224:443]
12:11:23.743 [Forwarding executeScript on session 23c4ee5d2a954d328883c0cb6703c309 to remote] DEBUG org.asynchttpclient.netty.request.NettyRequestSender -- Using pooled Channel '[id: 0x5473078d, L:/192.168.1.146:56861 - R:ondemand.us-west-1.saucelabs.com/66.85.52.224:443]' for 'POST' to 'https://oauth-autolazare-558fb:f8d0a4b4-e059-4b39-a9eb-366965b887b1@ondemand.us-west-1.saucelabs.com:443/wd/hub/session/23c4ee5d2a954d328883c0cb6703c309/execute/sync'
12:11:23.743 [Forwarding executeScript on session 23c4ee5d2a954d328883c0cb6703c309 to remote] DEBUG org.asynchttpclient.netty.request.NettyRequestSender -- Using open Channel [id: 0x5473078d, L:/192.168.1.146:56861 - R:ondemand.us-west-1.saucelabs.com/66.85.52.224:443] for POST '/wd/hub/session/23c4ee5d2a954d328883c0cb6703c309/execute/sync'
12:11:24.454 [AsyncHttpClient-1-2] DEBUG org.asynchttpclient.netty.handler.HttpHandler -- 

Request DefaultHttpRequest(decodeResult: success, version: HTTP/1.1)
POST /wd/hub/session/23c4ee5d2a954d328883c0cb6703c309/execute/sync HTTP/1.1
User-Agent: selenium/4.9.0 (java windows)
traceparent: 00-2a31bddffd299e12c9296e9e335a0097-f7a0749b2f6f96b9-01
Content-Length: 323605
Content-Type: application/json; charset=utf-8
host: ondemand.us-west-1.saucelabs.com
authorization: Basic b2F1dGgtYXV0b2xhemFyZS01NThmYjpmOGQwYTRiNC1lMDU5LTRiMzktYTllYi0zNjY5NjViODg3YjE=
accept: */*

Response DefaultHttpResponse(decodeResult: success, version: HTTP/1.1)
HTTP/1.1 200 OK
content-length: 15
content-type: application/json;charset=UTF-8
date: Thu, 11 May 2023 16:11:22 GMT
server: monocle/0.42
x-request-id: 91202cc6-6f01-43b6-9ce5-3addfe07d672

12:11:24.454 [AsyncHttpClient-1-2] DEBUG org.asynchttpclient.netty.channel.ChannelManager -- Adding key: https://ondemand.us-west-1.saucelabs.com:443 for channel [id: 0x5473078d, L:/192.168.1.146:56861 - R:ondemand.us-west-1.saucelabs.com/66.85.52.224:443]
12:11:24.458 [Forwarding findElements on session 23c4ee5d2a954d328883c0cb6703c309 to remote] DEBUG org.asynchttpclient.netty.request.NettyRequestSender -- Using pooled Channel '[id: 0x5473078d, L:/192.168.1.146:56861 - R:ondemand.us-west-1.saucelabs.com/66.85.52.224:443]' for 'POST' to 'https://oauth-autolazare-558fb:f8d0a4b4-e059-4b39-a9eb-366965b887b1@ondemand.us-west-1.saucelabs.com:443/wd/hub/session/23c4ee5d2a954d328883c0cb6703c309/elements'
12:11:24.458 [Forwarding findElements on session 23c4ee5d2a954d328883c0cb6703c309 to remote] DEBUG org.asynchttpclient.netty.request.NettyRequestSender -- Using open Channel [id: 0x5473078d, L:/192.168.1.146:56861 - R:ondemand.us-west-1.saucelabs.com/66.85.52.224:443] for POST '/wd/hub/session/23c4ee5d2a954d328883c0cb6703c309/elements'
12:11:24.681 [AsyncHttpClient-1-2] DEBUG org.asynchttpclient.netty.handler.HttpHandler -- 

Request DefaultHttpRequest(decodeResult: success, version: HTTP/1.1)
POST /wd/hub/session/23c4ee5d2a954d328883c0cb6703c309/elements HTTP/1.1
User-Agent: selenium/4.9.0 (java windows)
traceparent: 00-eef3a6451b9a04b363d8d16fee44357e-40d9558e86e45dc7-01
Content-Length: 98
Content-Type: application/json; charset=utf-8
host: ondemand.us-west-1.saucelabs.com
authorization: Basic b2F1dGgtYXV0b2xhemFyZS01NThmYjpmOGQwYTRiNC1lMDU5LTRiMzktYTllYi0zNjY5NjViODg3YjE=
accept: */*

Response DefaultHttpResponse(decodeResult: success, version: HTTP/1.1)
HTTP/1.1 200 OK
content-length: 13
content-type: application/json;charset=UTF-8
date: Thu, 11 May 2023 16:11:23 GMT
server: monocle/0.42
x-request-id: 4e65f829-ed10-4d85-b139-71c62829eb13

12:11:24.681 [AsyncHttpClient-1-2] DEBUG org.asynchttpclient.netty.channel.ChannelManager -- Adding key: https://ondemand.us-west-1.saucelabs.com:443 for channel [id: 0x5473078d, L:/192.168.1.146:56861 - R:ondemand.us-west-1.saucelabs.com/66.85.52.224:443]
12:11:24.685 [Forwarding switchToParentFrame on session 23c4ee5d2a954d328883c0cb6703c309 to remote] DEBUG org.asynchttpclient.netty.request.NettyRequestSender -- Using pooled Channel '[id: 0x5473078d, L:/192.168.1.146:56861 - R:ondemand.us-west-1.saucelabs.com/66.85.52.224:443]' for 'POST' to 'https://oauth-autolazare-558fb:f8d0a4b4-e059-4b39-a9eb-366965b887b1@ondemand.us-west-1.saucelabs.com:443/wd/hub/session/23c4ee5d2a954d328883c0cb6703c309/frame/parent'
12:11:24.685 [Forwarding switchToParentFrame on session 23c4ee5d2a954d328883c0cb6703c309 to remote] DEBUG org.asynchttpclient.netty.request.NettyRequestSender -- Using open Channel [id: 0x5473078d, L:/192.168.1.146:56861 - R:ondemand.us-west-1.saucelabs.com/66.85.52.224:443] for POST '/wd/hub/session/23c4ee5d2a954d328883c0cb6703c309/frame/parent'
12:11:24.842 [AsyncHttpClient-1-2] DEBUG org.asynchttpclient.netty.handler.HttpHandler -- 

Request DefaultHttpRequest(decodeResult: success, version: HTTP/1.1)
POST /wd/hub/session/23c4ee5d2a954d328883c0cb6703c309/frame/parent HTTP/1.1
User-Agent: selenium/4.9.0 (java windows)
traceparent: 00-a7add59ced1ee4c1ab06aeb1af38c496-55d8a3091413b042-01
Content-Length: 3
Content-Type: application/json; charset=utf-8
host: ondemand.us-west-1.saucelabs.com
authorization: Basic b2F1dGgtYXV0b2xhemFyZS01NThmYjpmOGQwYTRiNC1lMDU5LTRiMzktYTllYi0zNjY5NjViODg3YjE=
accept: */*

Response DefaultHttpResponse(decodeResult: success, version: HTTP/1.1)
HTTP/1.1 200 OK
content-length: 15
content-type: application/json;charset=UTF-8
date: Thu, 11 May 2023 16:11:23 GMT
server: monocle/0.42
x-request-id: 6204c653-1488-426e-aa2d-cef55a73652b

12:11:24.842 [AsyncHttpClient-1-2] DEBUG org.asynchttpclient.netty.channel.ChannelManager -- Adding key: https://ondemand.us-west-1.saucelabs.com:443 for channel [id: 0x5473078d, L:/192.168.1.146:56861 - R:ondemand.us-west-1.saucelabs.com/66.85.52.224:443]
12:11:24.844 [Forwarding switchToParentFrame on session 23c4ee5d2a954d328883c0cb6703c309 to remote] DEBUG org.asynchttpclient.netty.request.NettyRequestSender -- Using pooled Channel '[id: 0x5473078d, L:/192.168.1.146:56861 - R:ondemand.us-west-1.saucelabs.com/66.85.52.224:443]' for 'POST' to 'https://oauth-autolazare-558fb:f8d0a4b4-e059-4b39-a9eb-366965b887b1@ondemand.us-west-1.saucelabs.com:443/wd/hub/session/23c4ee5d2a954d328883c0cb6703c309/frame/parent'
12:11:24.844 [Forwarding switchToParentFrame on session 23c4ee5d2a954d328883c0cb6703c309 to remote] DEBUG org.asynchttpclient.netty.request.NettyRequestSender -- Using open Channel [id: 0x5473078d, L:/192.168.1.146:56861 - R:ondemand.us-west-1.saucelabs.com/66.85.52.224:443] for POST '/wd/hub/session/23c4ee5d2a954d328883c0cb6703c309/frame/parent'
12:11:25.066 [AsyncHttpClient-1-2] DEBUG org.asynchttpclient.netty.handler.HttpHandler -- 

Request DefaultHttpRequest(decodeResult: success, version: HTTP/1.1)
POST /wd/hub/session/23c4ee5d2a954d328883c0cb6703c309/frame/parent HTTP/1.1
User-Agent: selenium/4.9.0 (java windows)
traceparent: 00-dcc4c80cc4f58b9a373b11a755c5d600-18a4c253777225e6-01
Content-Length: 3
Content-Type: application/json; charset=utf-8
host: ondemand.us-west-1.saucelabs.com
authorization: Basic b2F1dGgtYXV0b2xhemFyZS01NThmYjpmOGQwYTRiNC1lMDU5LTRiMzktYTllYi0zNjY5NjViODg3YjE=
accept: */*

Response DefaultHttpResponse(decodeResult: success, version: HTTP/1.1)
HTTP/1.1 200 OK
content-length: 15
content-type: application/json;charset=UTF-8
date: Thu, 11 May 2023 16:11:23 GMT
server: monocle/0.42
x-request-id: f67f2819-d9ef-404c-949c-373c0ffded1b

12:11:25.066 [AsyncHttpClient-1-2] DEBUG org.asynchttpclient.netty.channel.ChannelManager -- Adding key: https://ondemand.us-west-1.saucelabs.com:443 for channel [id: 0x5473078d, L:/192.168.1.146:56861 - R:ondemand.us-west-1.saucelabs.com/66.85.52.224:443]
12:11:25.066 [Forwarding switchToFrame on session 23c4ee5d2a954d328883c0cb6703c309 to remote] DEBUG org.asynchttpclient.netty.request.NettyRequestSender -- Using pooled Channel '[id: 0x5473078d, L:/192.168.1.146:56861 - R:ondemand.us-west-1.saucelabs.com/66.85.52.224:443]' for 'POST' to 'https://oauth-autolazare-558fb:f8d0a4b4-e059-4b39-a9eb-366965b887b1@ondemand.us-west-1.saucelabs.com:443/wd/hub/session/23c4ee5d2a954d328883c0cb6703c309/frame'
12:11:25.066 [Forwarding switchToFrame on session 23c4ee5d2a954d328883c0cb6703c309 to remote] DEBUG org.asynchttpclient.netty.request.NettyRequestSender -- Using open Channel [id: 0x5473078d, L:/192.168.1.146:56861 - R:ondemand.us-west-1.saucelabs.com/66.85.52.224:443] for POST '/wd/hub/session/23c4ee5d2a954d328883c0cb6703c309/frame'
12:11:25.331 [AsyncHttpClient-1-2] DEBUG org.asynchttpclient.netty.handler.HttpHandler -- 

Request DefaultHttpRequest(decodeResult: success, version: HTTP/1.1)
POST /wd/hub/session/23c4ee5d2a954d328883c0cb6703c309/frame HTTP/1.1
User-Agent: selenium/4.9.0 (java windows)
traceparent: 00-24715885596f7e5855f6eda7ed206354-3ae5f3c1ea5a2009-01
Content-Length: 106
Content-Type: application/json; charset=utf-8
host: ondemand.us-west-1.saucelabs.com
authorization: Basic b2F1dGgtYXV0b2xhemFyZS01NThmYjpmOGQwYTRiNC1lMDU5LTRiMzktYTllYi0zNjY5NjViODg3YjE=
accept: */*

Response DefaultHttpResponse(decodeResult: success, version: HTTP/1.1)
HTTP/1.1 200 OK
content-length: 15
content-type: application/json;charset=UTF-8
date: Thu, 11 May 2023 16:11:23 GMT
server: monocle/0.42
x-request-id: 46721fde-5620-4e4d-a596-1df57999aa6f

12:11:25.331 [AsyncHttpClient-1-2] DEBUG org.asynchttpclient.netty.channel.ChannelManager -- Adding key: https://ondemand.us-west-1.saucelabs.com:443 for channel [id: 0x5473078d, L:/192.168.1.146:56861 - R:ondemand.us-west-1.saucelabs.com/66.85.52.224:443]
12:11:25.348 [Forwarding executeScript on session 23c4ee5d2a954d328883c0cb6703c309 to remote] DEBUG org.asynchttpclient.netty.request.NettyRequestSender -- Using pooled Channel '[id: 0x5473078d, L:/192.168.1.146:56861 - R:ondemand.us-west-1.saucelabs.com/66.85.52.224:443]' for 'POST' to 'https://oauth-autolazare-558fb:f8d0a4b4-e059-4b39-a9eb-366965b887b1@ondemand.us-west-1.saucelabs.com:443/wd/hub/session/23c4ee5d2a954d328883c0cb6703c309/execute/sync'
12:11:25.348 [Forwarding executeScript on session 23c4ee5d2a954d328883c0cb6703c309 to remote] DEBUG org.asynchttpclient.netty.request.NettyRequestSender -- Using open Channel [id: 0x5473078d, L:/192.168.1.146:56861 - R:ondemand.us-west-1.saucelabs.com/66.85.52.224:443] for POST '/wd/hub/session/23c4ee5d2a954d328883c0cb6703c309/execute/sync'
12:11:26.259 [AsyncHttpClient-1-2] DEBUG org.asynchttpclient.netty.handler.HttpHandler -- 

Request DefaultHttpRequest(decodeResult: success, version: HTTP/1.1)
POST /wd/hub/session/23c4ee5d2a954d328883c0cb6703c309/execute/sync HTTP/1.1
User-Agent: selenium/4.9.0 (java windows)
traceparent: 00-35539e03498fdb4059661907af117071-049006e4ad52ddd3-01
Content-Length: 323605
Content-Type: application/json; charset=utf-8
host: ondemand.us-west-1.saucelabs.com
authorization: Basic b2F1dGgtYXV0b2xhemFyZS01NThmYjpmOGQwYTRiNC1lMDU5LTRiMzktYTllYi0zNjY5NjViODg3YjE=
accept: */*

Response DefaultHttpResponse(decodeResult: success, version: HTTP/1.1)
HTTP/1.1 200 OK
content-length: 15
content-type: application/json;charset=UTF-8
date: Thu, 11 May 2023 16:11:24 GMT
server: monocle/0.42
x-request-id: 743eb55b-04ad-4e90-ba86-810e5fd1dd8d

12:11:26.259 [AsyncHttpClient-1-2] DEBUG org.asynchttpclient.netty.channel.ChannelManager -- Adding key: https://ondemand.us-west-1.saucelabs.com:443 for channel [id: 0x5473078d, L:/192.168.1.146:56861 - R:ondemand.us-west-1.saucelabs.com/66.85.52.224:443]
12:11:26.274 [Forwarding findElements on session 23c4ee5d2a954d328883c0cb6703c309 to remote] DEBUG org.asynchttpclient.netty.request.NettyRequestSender -- Using pooled Channel '[id: 0x5473078d, L:/192.168.1.146:56861 - R:ondemand.us-west-1.saucelabs.com/66.85.52.224:443]' for 'POST' to 'https://oauth-autolazare-558fb:f8d0a4b4-e059-4b39-a9eb-366965b887b1@ondemand.us-west-1.saucelabs.com:443/wd/hub/session/23c4ee5d2a954d328883c0cb6703c309/elements'
12:11:26.274 [Forwarding findElements on session 23c4ee5d2a954d328883c0cb6703c309 to remote] DEBUG org.asynchttpclient.netty.request.NettyRequestSender -- Using open Channel [id: 0x5473078d, L:/192.168.1.146:56861 - R:ondemand.us-west-1.saucelabs.com/66.85.52.224:443] for POST '/wd/hub/session/23c4ee5d2a954d328883c0cb6703c309/elements'
12:11:26.468 [AsyncHttpClient-1-2] DEBUG org.asynchttpclient.netty.handler.HttpHandler -- 

Request DefaultHttpRequest(decodeResult: success, version: HTTP/1.1)
POST /wd/hub/session/23c4ee5d2a954d328883c0cb6703c309/elements HTTP/1.1
User-Agent: selenium/4.9.0 (java windows)
traceparent: 00-a03f0bead2d4cf02dbd90b98b27e5408-ab92576fecc217e4-01
Content-Length: 98
Content-Type: application/json; charset=utf-8
host: ondemand.us-west-1.saucelabs.com
authorization: Basic b2F1dGgtYXV0b2xhemFyZS01NThmYjpmOGQwYTRiNC1lMDU5LTRiMzktYTllYi0zNjY5NjViODg3YjE=
accept: */*

Response DefaultHttpResponse(decodeResult: success, version: HTTP/1.1)
HTTP/1.1 200 OK
content-length: 13
content-type: application/json;charset=UTF-8
date: Thu, 11 May 2023 16:11:25 GMT
server: monocle/0.42
x-request-id: 93e320b1-21bf-4187-b42b-92b417643016

12:11:26.468 [AsyncHttpClient-1-2] DEBUG org.asynchttpclient.netty.channel.ChannelManager -- Adding key: https://ondemand.us-west-1.saucelabs.com:443 for channel [id: 0x5473078d, L:/192.168.1.146:56861 - R:ondemand.us-west-1.saucelabs.com/66.85.52.224:443]
12:11:26.468 [Forwarding switchToParentFrame on session 23c4ee5d2a954d328883c0cb6703c309 to remote] DEBUG org.asynchttpclient.netty.request.NettyRequestSender -- Using pooled Channel '[id: 0x5473078d, L:/192.168.1.146:56861 - R:ondemand.us-west-1.saucelabs.com/66.85.52.224:443]' for 'POST' to 'https://oauth-autolazare-558fb:f8d0a4b4-e059-4b39-a9eb-366965b887b1@ondemand.us-west-1.saucelabs.com:443/wd/hub/session/23c4ee5d2a954d328883c0cb6703c309/frame/parent'
12:11:26.468 [Forwarding switchToParentFrame on session 23c4ee5d2a954d328883c0cb6703c309 to remote] DEBUG org.asynchttpclient.netty.request.NettyRequestSender -- Using open Channel [id: 0x5473078d, L:/192.168.1.146:56861 - R:ondemand.us-west-1.saucelabs.com/66.85.52.224:443] for POST '/wd/hub/session/23c4ee5d2a954d328883c0cb6703c309/frame/parent'
12:11:26.627 [AsyncHttpClient-1-2] DEBUG org.asynchttpclient.netty.handler.HttpHandler -- 

Request DefaultHttpRequest(decodeResult: success, version: HTTP/1.1)
POST /wd/hub/session/23c4ee5d2a954d328883c0cb6703c309/frame/parent HTTP/1.1
User-Agent: selenium/4.9.0 (java windows)
traceparent: 00-f1243851f748786d8ce5e06422a9cb07-77afd4dd3fc85f1d-01
Content-Length: 3
Content-Type: application/json; charset=utf-8
host: ondemand.us-west-1.saucelabs.com
authorization: Basic b2F1dGgtYXV0b2xhemFyZS01NThmYjpmOGQwYTRiNC1lMDU5LTRiMzktYTllYi0zNjY5NjViODg3YjE=
accept: */*

Response DefaultHttpResponse(decodeResult: success, version: HTTP/1.1)
HTTP/1.1 200 OK
content-length: 15
content-type: application/json;charset=UTF-8
date: Thu, 11 May 2023 16:11:25 GMT
server: monocle/0.42
x-request-id: ddd988fb-5b68-4b11-b0a7-31882c200a6b

12:11:26.627 [AsyncHttpClient-1-2] DEBUG org.asynchttpclient.netty.channel.ChannelManager -- Adding key: https://ondemand.us-west-1.saucelabs.com:443 for channel [id: 0x5473078d, L:/192.168.1.146:56861 - R:ondemand.us-west-1.saucelabs.com/66.85.52.224:443]
12:11:26.627 [Forwarding switchToFrame on session 23c4ee5d2a954d328883c0cb6703c309 to remote] DEBUG org.asynchttpclient.netty.request.NettyRequestSender -- Using pooled Channel '[id: 0x5473078d, L:/192.168.1.146:56861 - R:ondemand.us-west-1.saucelabs.com/66.85.52.224:443]' for 'POST' to 'https://oauth-autolazare-558fb:f8d0a4b4-e059-4b39-a9eb-366965b887b1@ondemand.us-west-1.saucelabs.com:443/wd/hub/session/23c4ee5d2a954d328883c0cb6703c309/frame'
12:11:26.627 [Forwarding switchToFrame on session 23c4ee5d2a954d328883c0cb6703c309 to remote] DEBUG org.asynchttpclient.netty.request.NettyRequestSender -- Using open Channel [id: 0x5473078d, L:/192.168.1.146:56861 - R:ondemand.us-west-1.saucelabs.com/66.85.52.224:443] for POST '/wd/hub/session/23c4ee5d2a954d328883c0cb6703c309/frame'
12:11:26.814 [AsyncHttpClient-1-2] DEBUG org.asynchttpclient.netty.handler.HttpHandler -- 

Request DefaultHttpRequest(decodeResult: success, version: HTTP/1.1)
POST /wd/hub/session/23c4ee5d2a954d328883c0cb6703c309/frame HTTP/1.1
User-Agent: selenium/4.9.0 (java windows)
traceparent: 00-fe41039c3d8d5b13ba66e398594ff311-63640ac1b86558ac-01
Content-Length: 106
Content-Type: application/json; charset=utf-8
host: ondemand.us-west-1.saucelabs.com
authorization: Basic b2F1dGgtYXV0b2xhemFyZS01NThmYjpmOGQwYTRiNC1lMDU5LTRiMzktYTllYi0zNjY5NjViODg3YjE=
accept: */*

Response DefaultHttpResponse(decodeResult: success, version: HTTP/1.1)
HTTP/1.1 200 OK
content-length: 15
content-type: application/json;charset=UTF-8
date: Thu, 11 May 2023 16:11:25 GMT
server: monocle/0.42
x-request-id: edbf8aa1-a5e8-4984-b339-d0ecdf2f12ba

12:11:26.814 [AsyncHttpClient-1-2] DEBUG org.asynchttpclient.netty.channel.ChannelManager -- Adding key: https://ondemand.us-west-1.saucelabs.com:443 for channel [id: 0x5473078d, L:/192.168.1.146:56861 - R:ondemand.us-west-1.saucelabs.com/66.85.52.224:443]
12:11:26.834 [Forwarding executeScript on session 23c4ee5d2a954d328883c0cb6703c309 to remote] DEBUG org.asynchttpclient.netty.request.NettyRequestSender -- Using pooled Channel '[id: 0x5473078d, L:/192.168.1.146:56861 - R:ondemand.us-west-1.saucelabs.com/66.85.52.224:443]' for 'POST' to 'https://oauth-autolazare-558fb:f8d0a4b4-e059-4b39-a9eb-366965b887b1@ondemand.us-west-1.saucelabs.com:443/wd/hub/session/23c4ee5d2a954d328883c0cb6703c309/execute/sync'
12:11:26.834 [Forwarding executeScript on session 23c4ee5d2a954d328883c0cb6703c309 to remote] DEBUG org.asynchttpclient.netty.request.NettyRequestSender -- Using open Channel [id: 0x5473078d, L:/192.168.1.146:56861 - R:ondemand.us-west-1.saucelabs.com/66.85.52.224:443] for POST '/wd/hub/session/23c4ee5d2a954d328883c0cb6703c309/execute/sync'
12:11:27.576 [AsyncHttpClient-1-2] DEBUG org.asynchttpclient.netty.handler.HttpHandler -- 

Request DefaultHttpRequest(decodeResult: success, version: HTTP/1.1)
POST /wd/hub/session/23c4ee5d2a954d328883c0cb6703c309/execute/sync HTTP/1.1
User-Agent: selenium/4.9.0 (java windows)
traceparent: 00-9331079276f63b04e94ca5ee913ef969-edc3c19cf7001c66-01
Content-Length: 323605
Content-Type: application/json; charset=utf-8
host: ondemand.us-west-1.saucelabs.com
authorization: Basic b2F1dGgtYXV0b2xhemFyZS01NThmYjpmOGQwYTRiNC1lMDU5LTRiMzktYTllYi0zNjY5NjViODg3YjE=
accept: */*

Response DefaultHttpResponse(decodeResult: success, version: HTTP/1.1)
HTTP/1.1 200 OK
content-length: 15
content-type: application/json;charset=UTF-8
date: Thu, 11 May 2023 16:11:25 GMT
server: monocle/0.42
x-request-id: ff0e600f-cfc9-4556-ba1c-69fb12e3a1ad

12:11:27.576 [AsyncHttpClient-1-2] DEBUG org.asynchttpclient.netty.channel.ChannelManager -- Adding key: https://ondemand.us-west-1.saucelabs.com:443 for channel [id: 0x5473078d, L:/192.168.1.146:56861 - R:ondemand.us-west-1.saucelabs.com/66.85.52.224:443]
12:11:27.580 [Forwarding findElements on session 23c4ee5d2a954d328883c0cb6703c309 to remote] DEBUG org.asynchttpclient.netty.request.NettyRequestSender -- Using pooled Channel '[id: 0x5473078d, L:/192.168.1.146:56861 - R:ondemand.us-west-1.saucelabs.com/66.85.52.224:443]' for 'POST' to 'https://oauth-autolazare-558fb:f8d0a4b4-e059-4b39-a9eb-366965b887b1@ondemand.us-west-1.saucelabs.com:443/wd/hub/session/23c4ee5d2a954d328883c0cb6703c309/elements'
12:11:27.580 [Forwarding findElements on session 23c4ee5d2a954d328883c0cb6703c309 to remote] DEBUG org.asynchttpclient.netty.request.NettyRequestSender -- Using open Channel [id: 0x5473078d, L:/192.168.1.146:56861 - R:ondemand.us-west-1.saucelabs.com/66.85.52.224:443] for POST '/wd/hub/session/23c4ee5d2a954d328883c0cb6703c309/elements'
12:11:27.765 [AsyncHttpClient-1-2] DEBUG org.asynchttpclient.netty.handler.HttpHandler -- 

Request DefaultHttpRequest(decodeResult: success, version: HTTP/1.1)
POST /wd/hub/session/23c4ee5d2a954d328883c0cb6703c309/elements HTTP/1.1
User-Agent: selenium/4.9.0 (java windows)
traceparent: 00-8b9b7190b3ffe1fed8650f45c3f6dbb4-ad74ec7f76db32b1-01
Content-Length: 98
Content-Type: application/json; charset=utf-8
host: ondemand.us-west-1.saucelabs.com
authorization: Basic b2F1dGgtYXV0b2xhemFyZS01NThmYjpmOGQwYTRiNC1lMDU5LTRiMzktYTllYi0zNjY5NjViODg3YjE=
accept: */*

Response DefaultHttpResponse(decodeResult: success, version: HTTP/1.1)
HTTP/1.1 200 OK
content-length: 13
content-type: application/json;charset=UTF-8
date: Thu, 11 May 2023 16:11:26 GMT
server: monocle/0.42
x-request-id: 95fb61b5-f087-4a4c-a87f-3f20b17772a7

12:11:27.766 [AsyncHttpClient-1-2] DEBUG org.asynchttpclient.netty.channel.ChannelManager -- Adding key: https://ondemand.us-west-1.saucelabs.com:443 for channel [id: 0x5473078d, L:/192.168.1.146:56861 - R:ondemand.us-west-1.saucelabs.com/66.85.52.224:443]
12:11:27.771 [Forwarding switchToParentFrame on session 23c4ee5d2a954d328883c0cb6703c309 to remote] DEBUG org.asynchttpclient.netty.request.NettyRequestSender -- Using pooled Channel '[id: 0x5473078d, L:/192.168.1.146:56861 - R:ondemand.us-west-1.saucelabs.com/66.85.52.224:443]' for 'POST' to 'https://oauth-autolazare-558fb:f8d0a4b4-e059-4b39-a9eb-366965b887b1@ondemand.us-west-1.saucelabs.com:443/wd/hub/session/23c4ee5d2a954d328883c0cb6703c309/frame/parent'
12:11:27.773 [Forwarding switchToParentFrame on session 23c4ee5d2a954d328883c0cb6703c309 to remote] DEBUG org.asynchttpclient.netty.request.NettyRequestSender -- Using open Channel [id: 0x5473078d, L:/192.168.1.146:56861 - R:ondemand.us-west-1.saucelabs.com/66.85.52.224:443] for POST '/wd/hub/session/23c4ee5d2a954d328883c0cb6703c309/frame/parent'
12:11:27.937 [AsyncHttpClient-1-2] DEBUG org.asynchttpclient.netty.handler.HttpHandler -- 

Request DefaultHttpRequest(decodeResult: success, version: HTTP/1.1)
POST /wd/hub/session/23c4ee5d2a954d328883c0cb6703c309/frame/parent HTTP/1.1
User-Agent: selenium/4.9.0 (java windows)
traceparent: 00-70d67b6731964bc679c3b7d0e5070b9c-8f55447d20a228f4-01
Content-Length: 3
Content-Type: application/json; charset=utf-8
host: ondemand.us-west-1.saucelabs.com
authorization: Basic b2F1dGgtYXV0b2xhemFyZS01NThmYjpmOGQwYTRiNC1lMDU5LTRiMzktYTllYi0zNjY5NjViODg3YjE=
accept: */*

Response DefaultHttpResponse(decodeResult: success, version: HTTP/1.1)
HTTP/1.1 200 OK
content-length: 15
content-type: application/json;charset=UTF-8
date: Thu, 11 May 2023 16:11:26 GMT
server: monocle/0.42
x-request-id: aa7d5ca1-a11d-4d6f-9a24-8ccc3d33fb6f

12:11:27.937 [AsyncHttpClient-1-2] DEBUG org.asynchttpclient.netty.channel.ChannelManager -- Adding key: https://ondemand.us-west-1.saucelabs.com:443 for channel [id: 0x5473078d, L:/192.168.1.146:56861 - R:ondemand.us-west-1.saucelabs.com/66.85.52.224:443]
12:11:27.937 [Forwarding switchToFrame on session 23c4ee5d2a954d328883c0cb6703c309 to remote] DEBUG org.asynchttpclient.netty.request.NettyRequestSender -- Using pooled Channel '[id: 0x5473078d, L:/192.168.1.146:56861 - R:ondemand.us-west-1.saucelabs.com/66.85.52.224:443]' for 'POST' to 'https://oauth-autolazare-558fb:f8d0a4b4-e059-4b39-a9eb-366965b887b1@ondemand.us-west-1.saucelabs.com:443/wd/hub/session/23c4ee5d2a954d328883c0cb6703c309/frame'
12:11:27.937 [Forwarding switchToFrame on session 23c4ee5d2a954d328883c0cb6703c309 to remote] DEBUG org.asynchttpclient.netty.request.NettyRequestSender -- Using open Channel [id: 0x5473078d, L:/192.168.1.146:56861 - R:ondemand.us-west-1.saucelabs.com/66.85.52.224:443] for POST '/wd/hub/session/23c4ee5d2a954d328883c0cb6703c309/frame'
12:11:28.123 [AsyncHttpClient-1-2] DEBUG org.asynchttpclient.netty.handler.HttpHandler -- 

Request DefaultHttpRequest(decodeResult: success, version: HTTP/1.1)
POST /wd/hub/session/23c4ee5d2a954d328883c0cb6703c309/frame HTTP/1.1
User-Agent: selenium/4.9.0 (java windows)
traceparent: 00-25fb4ab82763430e2a11eff581ff9e50-d84b612568606219-01
Content-Length: 106
Content-Type: application/json; charset=utf-8
host: ondemand.us-west-1.saucelabs.com
authorization: Basic b2F1dGgtYXV0b2xhemFyZS01NThmYjpmOGQwYTRiNC1lMDU5LTRiMzktYTllYi0zNjY5NjViODg3YjE=
accept: */*

Response DefaultHttpResponse(decodeResult: success, version: HTTP/1.1)
HTTP/1.1 200 OK
content-length: 15
content-type: application/json;charset=UTF-8
date: Thu, 11 May 2023 16:11:26 GMT
server: monocle/0.42
x-request-id: 6038b4c7-5aa0-4215-9554-31673e24a957

12:11:28.123 [AsyncHttpClient-1-2] DEBUG org.asynchttpclient.netty.channel.ChannelManager -- Adding key: https://ondemand.us-west-1.saucelabs.com:443 for channel [id: 0x5473078d, L:/192.168.1.146:56861 - R:ondemand.us-west-1.saucelabs.com/66.85.52.224:443]
12:11:28.137 [Forwarding executeScript on session 23c4ee5d2a954d328883c0cb6703c309 to remote] DEBUG org.asynchttpclient.netty.request.NettyRequestSender -- Using pooled Channel '[id: 0x5473078d, L:/192.168.1.146:56861 - R:ondemand.us-west-1.saucelabs.com/66.85.52.224:443]' for 'POST' to 'https://oauth-autolazare-558fb:f8d0a4b4-e059-4b39-a9eb-366965b887b1@ondemand.us-west-1.saucelabs.com:443/wd/hub/session/23c4ee5d2a954d328883c0cb6703c309/execute/sync'
12:11:28.137 [Forwarding executeScript on session 23c4ee5d2a954d328883c0cb6703c309 to remote] DEBUG org.asynchttpclient.netty.request.NettyRequestSender -- Using open Channel [id: 0x5473078d, L:/192.168.1.146:56861 - R:ondemand.us-west-1.saucelabs.com/66.85.52.224:443] for POST '/wd/hub/session/23c4ee5d2a954d328883c0cb6703c309/execute/sync'
12:11:29.004 [AsyncHttpClient-1-2] DEBUG org.asynchttpclient.netty.handler.HttpHandler -- 

Request DefaultHttpRequest(decodeResult: success, version: HTTP/1.1)
POST /wd/hub/session/23c4ee5d2a954d328883c0cb6703c309/execute/sync HTTP/1.1
User-Agent: selenium/4.9.0 (java windows)
traceparent: 00-017df552282b1fb844f8059e4fb82702-108a924f2a8d8f16-01
Content-Length: 323605
Content-Type: application/json; charset=utf-8
host: ondemand.us-west-1.saucelabs.com
authorization: Basic b2F1dGgtYXV0b2xhemFyZS01NThmYjpmOGQwYTRiNC1lMDU5LTRiMzktYTllYi0zNjY5NjViODg3YjE=
accept: */*

Response DefaultHttpResponse(decodeResult: success, version: HTTP/1.1)
HTTP/1.1 200 OK
content-length: 15
content-type: application/json;charset=UTF-8
date: Thu, 11 May 2023 16:11:27 GMT
server: monocle/0.42
x-request-id: 41592d7c-d816-42c4-8e39-8019b20de50c

12:11:29.006 [AsyncHttpClient-1-2] DEBUG org.asynchttpclient.netty.channel.ChannelManager -- Adding key: https://ondemand.us-west-1.saucelabs.com:443 for channel [id: 0x5473078d, L:/192.168.1.146:56861 - R:ondemand.us-west-1.saucelabs.com/66.85.52.224:443]
12:11:29.017 [Forwarding findElements on session 23c4ee5d2a954d328883c0cb6703c309 to remote] DEBUG org.asynchttpclient.netty.request.NettyRequestSender -- Using pooled Channel '[id: 0x5473078d, L:/192.168.1.146:56861 - R:ondemand.us-west-1.saucelabs.com/66.85.52.224:443]' for 'POST' to 'https://oauth-autolazare-558fb:f8d0a4b4-e059-4b39-a9eb-366965b887b1@ondemand.us-west-1.saucelabs.com:443/wd/hub/session/23c4ee5d2a954d328883c0cb6703c309/elements'
12:11:29.018 [Forwarding findElements on session 23c4ee5d2a954d328883c0cb6703c309 to remote] DEBUG org.asynchttpclient.netty.request.NettyRequestSender -- Using open Channel [id: 0x5473078d, L:/192.168.1.146:56861 - R:ondemand.us-west-1.saucelabs.com/66.85.52.224:443] for POST '/wd/hub/session/23c4ee5d2a954d328883c0cb6703c309/elements'
12:11:29.249 [AsyncHttpClient-1-2] DEBUG org.asynchttpclient.netty.handler.HttpHandler -- 

Request DefaultHttpRequest(decodeResult: success, version: HTTP/1.1)
POST /wd/hub/session/23c4ee5d2a954d328883c0cb6703c309/elements HTTP/1.1
User-Agent: selenium/4.9.0 (java windows)
traceparent: 00-b8949b5a4b316fe53d00861ef7ac12a5-4c287fad31e14328-01
Content-Length: 98
Content-Type: application/json; charset=utf-8
host: ondemand.us-west-1.saucelabs.com
authorization: Basic b2F1dGgtYXV0b2xhemFyZS01NThmYjpmOGQwYTRiNC1lMDU5LTRiMzktYTllYi0zNjY5NjViODg3YjE=
accept: */*

Response DefaultHttpResponse(decodeResult: success, version: HTTP/1.1)
HTTP/1.1 200 OK
content-length: 13
content-type: application/json;charset=UTF-8
date: Thu, 11 May 2023 16:11:27 GMT
server: monocle/0.42
x-request-id: ca7f0305-3e95-43e5-8b26-fc34ac52e9e9

12:11:29.250 [AsyncHttpClient-1-2] DEBUG org.asynchttpclient.netty.channel.ChannelManager -- Adding key: https://ondemand.us-west-1.saucelabs.com:443 for channel [id: 0x5473078d, L:/192.168.1.146:56861 - R:ondemand.us-west-1.saucelabs.com/66.85.52.224:443]
12:11:29.258 [Forwarding switchToParentFrame on session 23c4ee5d2a954d328883c0cb6703c309 to remote] DEBUG org.asynchttpclient.netty.request.NettyRequestSender -- Using pooled Channel '[id: 0x5473078d, L:/192.168.1.146:56861 - R:ondemand.us-west-1.saucelabs.com/66.85.52.224:443]' for 'POST' to 'https://oauth-autolazare-558fb:f8d0a4b4-e059-4b39-a9eb-366965b887b1@ondemand.us-west-1.saucelabs.com:443/wd/hub/session/23c4ee5d2a954d328883c0cb6703c309/frame/parent'
12:11:29.258 [Forwarding switchToParentFrame on session 23c4ee5d2a954d328883c0cb6703c309 to remote] DEBUG org.asynchttpclient.netty.request.NettyRequestSender -- Using open Channel [id: 0x5473078d, L:/192.168.1.146:56861 - R:ondemand.us-west-1.saucelabs.com/66.85.52.224:443] for POST '/wd/hub/session/23c4ee5d2a954d328883c0cb6703c309/frame/parent'
12:11:29.516 [AsyncHttpClient-1-2] DEBUG org.asynchttpclient.netty.handler.HttpHandler -- 

Request DefaultHttpRequest(decodeResult: success, version: HTTP/1.1)
POST /wd/hub/session/23c4ee5d2a954d328883c0cb6703c309/frame/parent HTTP/1.1
User-Agent: selenium/4.9.0 (java windows)
traceparent: 00-6ffbe47ad7b817cc1efcef65eed4b5ff-2dd6e92e195b9b1f-01
Content-Length: 3
Content-Type: application/json; charset=utf-8
host: ondemand.us-west-1.saucelabs.com
authorization: Basic b2F1dGgtYXV0b2xhemFyZS01NThmYjpmOGQwYTRiNC1lMDU5LTRiMzktYTllYi0zNjY5NjViODg3YjE=
accept: */*

Response DefaultHttpResponse(decodeResult: success, version: HTTP/1.1)
HTTP/1.1 200 OK
content-length: 15
content-type: application/json;charset=UTF-8
date: Thu, 11 May 2023 16:11:28 GMT
server: monocle/0.42
x-request-id: 165d670c-8b7e-41c1-808a-d866b51126cf

12:11:29.516 [AsyncHttpClient-1-2] DEBUG org.asynchttpclient.netty.channel.ChannelManager -- Adding key: https://ondemand.us-west-1.saucelabs.com:443 for channel [id: 0x5473078d, L:/192.168.1.146:56861 - R:ondemand.us-west-1.saucelabs.com/66.85.52.224:443]
12:11:29.522 [Forwarding switchToFrame on session 23c4ee5d2a954d328883c0cb6703c309 to remote] DEBUG org.asynchttpclient.netty.request.NettyRequestSender -- Using pooled Channel '[id: 0x5473078d, L:/192.168.1.146:56861 - R:ondemand.us-west-1.saucelabs.com/66.85.52.224:443]' for 'POST' to 'https://oauth-autolazare-558fb:f8d0a4b4-e059-4b39-a9eb-366965b887b1@ondemand.us-west-1.saucelabs.com:443/wd/hub/session/23c4ee5d2a954d328883c0cb6703c309/frame'
12:11:29.522 [Forwarding switchToFrame on session 23c4ee5d2a954d328883c0cb6703c309 to remote] DEBUG org.asynchttpclient.netty.request.NettyRequestSender -- Using open Channel [id: 0x5473078d, L:/192.168.1.146:56861 - R:ondemand.us-west-1.saucelabs.com/66.85.52.224:443] for POST '/wd/hub/session/23c4ee5d2a954d328883c0cb6703c309/frame'
12:11:29.725 [AsyncHttpClient-1-2] DEBUG org.asynchttpclient.netty.handler.HttpHandler -- 

Request DefaultHttpRequest(decodeResult: success, version: HTTP/1.1)
POST /wd/hub/session/23c4ee5d2a954d328883c0cb6703c309/frame HTTP/1.1
User-Agent: selenium/4.9.0 (java windows)
traceparent: 00-54f008f88f6de75028010d5302f27a94-7d22f96e941fc10a-01
Content-Length: 106
Content-Type: application/json; charset=utf-8
host: ondemand.us-west-1.saucelabs.com
authorization: Basic b2F1dGgtYXV0b2xhemFyZS01NThmYjpmOGQwYTRiNC1lMDU5LTRiMzktYTllYi0zNjY5NjViODg3YjE=
accept: */*

Response DefaultHttpResponse(decodeResult: success, version: HTTP/1.1)
HTTP/1.1 200 OK
content-length: 15
content-type: application/json;charset=UTF-8
date: Thu, 11 May 2023 16:11:28 GMT
server: monocle/0.42
x-request-id: ccf75a5e-43c2-4c9e-a002-580d657a0d6a

12:11:29.725 [AsyncHttpClient-1-2] DEBUG org.asynchttpclient.netty.channel.ChannelManager -- Adding key: https://ondemand.us-west-1.saucelabs.com:443 for channel [id: 0x5473078d, L:/192.168.1.146:56861 - R:ondemand.us-west-1.saucelabs.com/66.85.52.224:443]
12:11:29.753 [Forwarding executeScript on session 23c4ee5d2a954d328883c0cb6703c309 to remote] DEBUG org.asynchttpclient.netty.request.NettyRequestSender -- Using pooled Channel '[id: 0x5473078d, L:/192.168.1.146:56861 - R:ondemand.us-west-1.saucelabs.com/66.85.52.224:443]' for 'POST' to 'https://oauth-autolazare-558fb:f8d0a4b4-e059-4b39-a9eb-366965b887b1@ondemand.us-west-1.saucelabs.com:443/wd/hub/session/23c4ee5d2a954d328883c0cb6703c309/execute/sync'
12:11:29.753 [Forwarding executeScript on session 23c4ee5d2a954d328883c0cb6703c309 to remote] DEBUG org.asynchttpclient.netty.request.NettyRequestSender -- Using open Channel [id: 0x5473078d, L:/192.168.1.146:56861 - R:ondemand.us-west-1.saucelabs.com/66.85.52.224:443] for POST '/wd/hub/session/23c4ee5d2a954d328883c0cb6703c309/execute/sync'
12:11:30.535 [AsyncHttpClient-1-2] DEBUG org.asynchttpclient.netty.handler.HttpHandler -- 

Request DefaultHttpRequest(decodeResult: success, version: HTTP/1.1)
POST /wd/hub/session/23c4ee5d2a954d328883c0cb6703c309/execute/sync HTTP/1.1
User-Agent: selenium/4.9.0 (java windows)
traceparent: 00-684d74c558304521ead61858e158875e-cc41e6ec0b29d128-01
Content-Length: 323605
Content-Type: application/json; charset=utf-8
host: ondemand.us-west-1.saucelabs.com
authorization: Basic b2F1dGgtYXV0b2xhemFyZS01NThmYjpmOGQwYTRiNC1lMDU5LTRiMzktYTllYi0zNjY5NjViODg3YjE=
accept: */*

Response DefaultHttpResponse(decodeResult: success, version: HTTP/1.1)
HTTP/1.1 200 OK
content-length: 15
content-type: application/json;charset=UTF-8
date: Thu, 11 May 2023 16:11:28 GMT
server: monocle/0.42
x-request-id: 6554d4a2-948f-468a-8f13-f83dd8b586f3

12:11:30.535 [AsyncHttpClient-1-2] DEBUG org.asynchttpclient.netty.channel.ChannelManager -- Adding key: https://ondemand.us-west-1.saucelabs.com:443 for channel [id: 0x5473078d, L:/192.168.1.146:56861 - R:ondemand.us-west-1.saucelabs.com/66.85.52.224:443]
12:11:30.539 [Forwarding findElements on session 23c4ee5d2a954d328883c0cb6703c309 to remote] DEBUG org.asynchttpclient.netty.request.NettyRequestSender -- Using pooled Channel '[id: 0x5473078d, L:/192.168.1.146:56861 - R:ondemand.us-west-1.saucelabs.com/66.85.52.224:443]' for 'POST' to 'https://oauth-autolazare-558fb:f8d0a4b4-e059-4b39-a9eb-366965b887b1@ondemand.us-west-1.saucelabs.com:443/wd/hub/session/23c4ee5d2a954d328883c0cb6703c309/elements'
12:11:30.539 [Forwarding findElements on session 23c4ee5d2a954d328883c0cb6703c309 to remote] DEBUG org.asynchttpclient.netty.request.NettyRequestSender -- Using open Channel [id: 0x5473078d, L:/192.168.1.146:56861 - R:ondemand.us-west-1.saucelabs.com/66.85.52.224:443] for POST '/wd/hub/session/23c4ee5d2a954d328883c0cb6703c309/elements'
12:11:30.762 [AsyncHttpClient-1-2] DEBUG org.asynchttpclient.netty.handler.HttpHandler -- 

Request DefaultHttpRequest(decodeResult: success, version: HTTP/1.1)
POST /wd/hub/session/23c4ee5d2a954d328883c0cb6703c309/elements HTTP/1.1
User-Agent: selenium/4.9.0 (java windows)
traceparent: 00-bc666362a48e6dbb3c6a7b8ca3958941-e252f252e933ef84-01
Content-Length: 98
Content-Type: application/json; charset=utf-8
host: ondemand.us-west-1.saucelabs.com
authorization: Basic b2F1dGgtYXV0b2xhemFyZS01NThmYjpmOGQwYTRiNC1lMDU5LTRiMzktYTllYi0zNjY5NjViODg3YjE=
accept: */*

Response DefaultHttpResponse(decodeResult: success, version: HTTP/1.1)
HTTP/1.1 200 OK
content-length: 13
content-type: application/json;charset=UTF-8
date: Thu, 11 May 2023 16:11:29 GMT
server: monocle/0.42
x-request-id: 5569f469-a9ec-4f19-a90d-d74803a774e8

12:11:30.762 [AsyncHttpClient-1-2] DEBUG org.asynchttpclient.netty.channel.ChannelManager -- Adding key: https://ondemand.us-west-1.saucelabs.com:443 for channel [id: 0x5473078d, L:/192.168.1.146:56861 - R:ondemand.us-west-1.saucelabs.com/66.85.52.224:443]
12:11:30.766 [Forwarding switchToParentFrame on session 23c4ee5d2a954d328883c0cb6703c309 to remote] DEBUG org.asynchttpclient.netty.request.NettyRequestSender -- Using pooled Channel '[id: 0x5473078d, L:/192.168.1.146:56861 - R:ondemand.us-west-1.saucelabs.com/66.85.52.224:443]' for 'POST' to 'https://oauth-autolazare-558fb:f8d0a4b4-e059-4b39-a9eb-366965b887b1@ondemand.us-west-1.saucelabs.com:443/wd/hub/session/23c4ee5d2a954d328883c0cb6703c309/frame/parent'
12:11:30.766 [Forwarding switchToParentFrame on session 23c4ee5d2a954d328883c0cb6703c309 to remote] DEBUG org.asynchttpclient.netty.request.NettyRequestSender -- Using open Channel [id: 0x5473078d, L:/192.168.1.146:56861 - R:ondemand.us-west-1.saucelabs.com/66.85.52.224:443] for POST '/wd/hub/session/23c4ee5d2a954d328883c0cb6703c309/frame/parent'
12:11:30.930 [AsyncHttpClient-1-2] DEBUG org.asynchttpclient.netty.handler.HttpHandler -- 

Request DefaultHttpRequest(decodeResult: success, version: HTTP/1.1)
POST /wd/hub/session/23c4ee5d2a954d328883c0cb6703c309/frame/parent HTTP/1.1
User-Agent: selenium/4.9.0 (java windows)
traceparent: 00-23707173618416e6c3a8d64cc60ffe31-da970cedcd037c09-01
Content-Length: 3
Content-Type: application/json; charset=utf-8
host: ondemand.us-west-1.saucelabs.com
authorization: Basic b2F1dGgtYXV0b2xhemFyZS01NThmYjpmOGQwYTRiNC1lMDU5LTRiMzktYTllYi0zNjY5NjViODg3YjE=
accept: */*

Response DefaultHttpResponse(decodeResult: success, version: HTTP/1.1)
HTTP/1.1 200 OK
content-length: 15
content-type: application/json;charset=UTF-8
date: Thu, 11 May 2023 16:11:29 GMT
server: monocle/0.42
x-request-id: 13bd952b-d5d7-47bc-ac62-6fae7e048ead

12:11:30.930 [AsyncHttpClient-1-2] DEBUG org.asynchttpclient.netty.channel.ChannelManager -- Adding key: https://ondemand.us-west-1.saucelabs.com:443 for channel [id: 0x5473078d, L:/192.168.1.146:56861 - R:ondemand.us-west-1.saucelabs.com/66.85.52.224:443]
12:11:30.931 [AsyncHttpClient-1-1] DEBUG org.asynchttpclient.netty.channel.DefaultChannelPool -- Entry count for : https://ondemand.us-west-1.saucelabs.com:443 : 1
12:11:30.931 [Forwarding executeScript on session 23c4ee5d2a954d328883c0cb6703c309 to remote] DEBUG org.asynchttpclient.netty.request.NettyRequestSender -- Using pooled Channel '[id: 0x5473078d, L:/192.168.1.146:56861 - R:ondemand.us-west-1.saucelabs.com/66.85.52.224:443]' for 'POST' to 'https://oauth-autolazare-558fb:f8d0a4b4-e059-4b39-a9eb-366965b887b1@ondemand.us-west-1.saucelabs.com:443/wd/hub/session/23c4ee5d2a954d328883c0cb6703c309/execute/sync'
12:11:30.931 [Forwarding executeScript on session 23c4ee5d2a954d328883c0cb6703c309 to remote] DEBUG org.asynchttpclient.netty.request.NettyRequestSender -- Using open Channel [id: 0x5473078d, L:/192.168.1.146:56861 - R:ondemand.us-west-1.saucelabs.com/66.85.52.224:443] for POST '/wd/hub/session/23c4ee5d2a954d328883c0cb6703c309/execute/sync'
12:11:31.098 [AsyncHttpClient-1-2] DEBUG org.asynchttpclient.netty.handler.HttpHandler -- 

Request DefaultHttpRequest(decodeResult: success, version: HTTP/1.1)
POST /wd/hub/session/23c4ee5d2a954d328883c0cb6703c309/execute/sync HTTP/1.1
User-Agent: selenium/4.9.0 (java windows)
traceparent: 00-e9ac509180aa0cecd64dacc0d1d8df96-8793c34e6ccc8dc3-01
Content-Length: 85
Content-Type: application/json; charset=utf-8
host: ondemand.us-west-1.saucelabs.com
authorization: Basic b2F1dGgtYXV0b2xhemFyZS01NThmYjpmOGQwYTRiNC1lMDU5LTRiMzktYTllYi0zNjY5NjViODg3YjE=
accept: */*

Response DefaultHttpResponse(decodeResult: success, version: HTTP/1.1)
HTTP/1.1 200 OK
content-length: 16
content-type: application/json;charset=UTF-8
date: Thu, 11 May 2023 16:11:29 GMT
server: monocle/0.42
x-request-id: 8729fbd0-a704-429d-9306-552a48d8df54

12:11:31.101 [AsyncHttpClient-1-2] DEBUG org.asynchttpclient.netty.channel.ChannelManager -- Adding key: https://ondemand.us-west-1.saucelabs.com:443 for channel [id: 0x5473078d, L:/192.168.1.146:56861 - R:ondemand.us-west-1.saucelabs.com/66.85.52.224:443]
12:11:31.101 [Forwarding switchToFrame on session 23c4ee5d2a954d328883c0cb6703c309 to remote] DEBUG org.asynchttpclient.netty.request.NettyRequestSender -- Using pooled Channel '[id: 0x5473078d, L:/192.168.1.146:56861 - R:ondemand.us-west-1.saucelabs.com/66.85.52.224:443]' for 'POST' to 'https://oauth-autolazare-558fb:f8d0a4b4-e059-4b39-a9eb-366965b887b1@ondemand.us-west-1.saucelabs.com:443/wd/hub/session/23c4ee5d2a954d328883c0cb6703c309/frame'
12:11:31.101 [Forwarding switchToFrame on session 23c4ee5d2a954d328883c0cb6703c309 to remote] DEBUG org.asynchttpclient.netty.request.NettyRequestSender -- Using open Channel [id: 0x5473078d, L:/192.168.1.146:56861 - R:ondemand.us-west-1.saucelabs.com/66.85.52.224:443] for POST '/wd/hub/session/23c4ee5d2a954d328883c0cb6703c309/frame'
12:11:31.258 [AsyncHttpClient-1-2] DEBUG org.asynchttpclient.netty.handler.HttpHandler -- 

Request DefaultHttpRequest(decodeResult: success, version: HTTP/1.1)
POST /wd/hub/session/23c4ee5d2a954d328883c0cb6703c309/frame HTTP/1.1
User-Agent: selenium/4.9.0 (java windows)
traceparent: 00-f4a59a08058e9cd4859d14a3a6446d3c-5422fe4568fd7d88-01
Content-Length: 16
Content-Type: application/json; charset=utf-8
host: ondemand.us-west-1.saucelabs.com
authorization: Basic b2F1dGgtYXV0b2xhemFyZS01NThmYjpmOGQwYTRiNC1lMDU5LTRiMzktYTllYi0zNjY5NjViODg3YjE=
accept: */*

Response DefaultHttpResponse(decodeResult: success, version: HTTP/1.1)
HTTP/1.1 200 OK
content-length: 15
content-type: application/json;charset=UTF-8
date: Thu, 11 May 2023 16:11:29 GMT
server: monocle/0.42
x-request-id: aeca3737-f4c8-4fb4-b366-c8fa7b63f8fd

12:11:31.258 [AsyncHttpClient-1-2] DEBUG org.asynchttpclient.netty.channel.ChannelManager -- Adding key: https://ondemand.us-west-1.saucelabs.com:443 for channel [id: 0x5473078d, L:/192.168.1.146:56861 - R:ondemand.us-west-1.saucelabs.com/66.85.52.224:443]
12:11:31.265 [Forwarding executeScript on session 23c4ee5d2a954d328883c0cb6703c309 to remote] DEBUG org.asynchttpclient.netty.request.NettyRequestSender -- Using pooled Channel '[id: 0x5473078d, L:/192.168.1.146:56861 - R:ondemand.us-west-1.saucelabs.com/66.85.52.224:443]' for 'POST' to 'https://oauth-autolazare-558fb:f8d0a4b4-e059-4b39-a9eb-366965b887b1@ondemand.us-west-1.saucelabs.com:443/wd/hub/session/23c4ee5d2a954d328883c0cb6703c309/execute/sync'
12:11:31.265 [Forwarding executeScript on session 23c4ee5d2a954d328883c0cb6703c309 to remote] DEBUG org.asynchttpclient.netty.request.NettyRequestSender -- Using open Channel [id: 0x5473078d, L:/192.168.1.146:56861 - R:ondemand.us-west-1.saucelabs.com/66.85.52.224:443] for POST '/wd/hub/session/23c4ee5d2a954d328883c0cb6703c309/execute/sync'
12:11:31.450 [AsyncHttpClient-1-2] DEBUG org.asynchttpclient.netty.handler.HttpHandler -- 

Request DefaultHttpRequest(decodeResult: success, version: HTTP/1.1)
POST /wd/hub/session/23c4ee5d2a954d328883c0cb6703c309/execute/sync HTTP/1.1
User-Agent: selenium/4.9.0 (java windows)
traceparent: 00-9334a781c23e459e65fffcc73d799c87-ddff7a7bd02ca5ef-01
Content-Length: 99
Content-Type: application/json; charset=utf-8
host: ondemand.us-west-1.saucelabs.com
authorization: Basic b2F1dGgtYXV0b2xhemFyZS01NThmYjpmOGQwYTRiNC1lMDU5LTRiMzktYTllYi0zNjY5NjViODg3YjE=
accept: */*

Response DefaultHttpResponse(decodeResult: success, version: HTTP/1.1)
HTTP/1.1 200 OK
content-length: 15
content-type: application/json;charset=UTF-8
date: Thu, 11 May 2023 16:11:30 GMT
server: monocle/0.42
x-request-id: ec0921c5-a848-4fee-ba78-ae9e67acf3cb

12:11:31.451 [AsyncHttpClient-1-2] DEBUG org.asynchttpclient.netty.channel.ChannelManager -- Adding key: https://ondemand.us-west-1.saucelabs.com:443 for channel [id: 0x5473078d, L:/192.168.1.146:56861 - R:ondemand.us-west-1.saucelabs.com/66.85.52.224:443]
12:11:31.458 [Forwarding findElements on session 23c4ee5d2a954d328883c0cb6703c309 to remote] DEBUG org.asynchttpclient.netty.request.NettyRequestSender -- Using pooled Channel '[id: 0x5473078d, L:/192.168.1.146:56861 - R:ondemand.us-west-1.saucelabs.com/66.85.52.224:443]' for 'POST' to 'https://oauth-autolazare-558fb:f8d0a4b4-e059-4b39-a9eb-366965b887b1@ondemand.us-west-1.saucelabs.com:443/wd/hub/session/23c4ee5d2a954d328883c0cb6703c309/elements'
12:11:31.458 [Forwarding findElements on session 23c4ee5d2a954d328883c0cb6703c309 to remote] DEBUG org.asynchttpclient.netty.request.NettyRequestSender -- Using open Channel [id: 0x5473078d, L:/192.168.1.146:56861 - R:ondemand.us-west-1.saucelabs.com/66.85.52.224:443] for POST '/wd/hub/session/23c4ee5d2a954d328883c0cb6703c309/elements'
12:11:31.661 [AsyncHttpClient-1-2] DEBUG org.asynchttpclient.netty.handler.HttpHandler -- 

Request DefaultHttpRequest(decodeResult: success, version: HTTP/1.1)
POST /wd/hub/session/23c4ee5d2a954d328883c0cb6703c309/elements HTTP/1.1
User-Agent: selenium/4.9.0 (java windows)
traceparent: 00-dc65eaf583e15364394d7605c95959f2-d427649b3c5e7c21-01
Content-Length: 98
Content-Type: application/json; charset=utf-8
host: ondemand.us-west-1.saucelabs.com
authorization: Basic b2F1dGgtYXV0b2xhemFyZS01NThmYjpmOGQwYTRiNC1lMDU5LTRiMzktYTllYi0zNjY5NjViODg3YjE=
accept: */*

Response DefaultHttpResponse(decodeResult: success, version: HTTP/1.1)
HTTP/1.1 200 OK
content-length: 891
content-type: application/json;charset=UTF-8
date: Thu, 11 May 2023 16:11:30 GMT
server: monocle/0.42
x-request-id: 6b2c9769-e4ba-4e1e-8773-7ebe732d16fc

12:11:31.661 [AsyncHttpClient-1-2] DEBUG org.asynchttpclient.netty.channel.ChannelManager -- Adding key: https://ondemand.us-west-1.saucelabs.com:443 for channel [id: 0x5473078d, L:/192.168.1.146:56861 - R:ondemand.us-west-1.saucelabs.com/66.85.52.224:443]
12:11:31.664 [Forwarding switchToFrame on session 23c4ee5d2a954d328883c0cb6703c309 to remote] DEBUG org.asynchttpclient.netty.request.NettyRequestSender -- Using pooled Channel '[id: 0x5473078d, L:/192.168.1.146:56861 - R:ondemand.us-west-1.saucelabs.com/66.85.52.224:443]' for 'POST' to 'https://oauth-autolazare-558fb:f8d0a4b4-e059-4b39-a9eb-366965b887b1@ondemand.us-west-1.saucelabs.com:443/wd/hub/session/23c4ee5d2a954d328883c0cb6703c309/frame'
12:11:31.664 [Forwarding switchToFrame on session 23c4ee5d2a954d328883c0cb6703c309 to remote] DEBUG org.asynchttpclient.netty.request.NettyRequestSender -- Using open Channel [id: 0x5473078d, L:/192.168.1.146:56861 - R:ondemand.us-west-1.saucelabs.com/66.85.52.224:443] for POST '/wd/hub/session/23c4ee5d2a954d328883c0cb6703c309/frame'
12:11:31.843 [AsyncHttpClient-1-2] DEBUG org.asynchttpclient.netty.handler.HttpHandler -- 

Request DefaultHttpRequest(decodeResult: success, version: HTTP/1.1)
POST /wd/hub/session/23c4ee5d2a954d328883c0cb6703c309/frame HTTP/1.1
User-Agent: selenium/4.9.0 (java windows)
traceparent: 00-29f6f78eb48642beee1b2ef3bcd46b5e-b411b3b6a6efbc03-01
Content-Length: 106
Content-Type: application/json; charset=utf-8
host: ondemand.us-west-1.saucelabs.com
authorization: Basic b2F1dGgtYXV0b2xhemFyZS01NThmYjpmOGQwYTRiNC1lMDU5LTRiMzktYTllYi0zNjY5NjViODg3YjE=
accept: */*

Response DefaultHttpResponse(decodeResult: success, version: HTTP/1.1)
HTTP/1.1 200 OK
content-length: 15
content-type: application/json;charset=UTF-8
date: Thu, 11 May 2023 16:11:30 GMT
server: monocle/0.42
x-request-id: d2f73cdc-bc3f-4bcb-8bd9-33529b336c44

12:11:31.843 [AsyncHttpClient-1-2] DEBUG org.asynchttpclient.netty.channel.ChannelManager -- Adding key: https://ondemand.us-west-1.saucelabs.com:443 for channel [id: 0x5473078d, L:/192.168.1.146:56861 - R:ondemand.us-west-1.saucelabs.com/66.85.52.224:443]
12:11:31.850 [Forwarding executeScript on session 23c4ee5d2a954d328883c0cb6703c309 to remote] DEBUG org.asynchttpclient.netty.request.NettyRequestSender -- Using pooled Channel '[id: 0x5473078d, L:/192.168.1.146:56861 - R:ondemand.us-west-1.saucelabs.com/66.85.52.224:443]' for 'POST' to 'https://oauth-autolazare-558fb:f8d0a4b4-e059-4b39-a9eb-366965b887b1@ondemand.us-west-1.saucelabs.com:443/wd/hub/session/23c4ee5d2a954d328883c0cb6703c309/execute/sync'
12:11:31.850 [Forwarding executeScript on session 23c4ee5d2a954d328883c0cb6703c309 to remote] DEBUG org.asynchttpclient.netty.request.NettyRequestSender -- Using open Channel [id: 0x5473078d, L:/192.168.1.146:56861 - R:ondemand.us-west-1.saucelabs.com/66.85.52.224:443] for POST '/wd/hub/session/23c4ee5d2a954d328883c0cb6703c309/execute/sync'
12:11:32.010 [AsyncHttpClient-1-2] DEBUG org.asynchttpclient.netty.handler.HttpHandler -- 

Request DefaultHttpRequest(decodeResult: success, version: HTTP/1.1)
POST /wd/hub/session/23c4ee5d2a954d328883c0cb6703c309/execute/sync HTTP/1.1
User-Agent: selenium/4.9.0 (java windows)
traceparent: 00-667ea45ef597cc9aefea1057833f7f4d-042ed72c949c014c-01
Content-Length: 99
Content-Type: application/json; charset=utf-8
host: ondemand.us-west-1.saucelabs.com
authorization: Basic b2F1dGgtYXV0b2xhemFyZS01NThmYjpmOGQwYTRiNC1lMDU5LTRiMzktYTllYi0zNjY5NjViODg3YjE=
accept: */*

Response DefaultHttpResponse(decodeResult: success, version: HTTP/1.1)
HTTP/1.1 200 OK
content-length: 15
content-type: application/json;charset=UTF-8
date: Thu, 11 May 2023 16:11:30 GMT
server: monocle/0.42
x-request-id: 28528aab-b5b6-43d2-a82a-c66e8c088ec1

12:11:32.010 [AsyncHttpClient-1-2] DEBUG org.asynchttpclient.netty.channel.ChannelManager -- Adding key: https://ondemand.us-west-1.saucelabs.com:443 for channel [id: 0x5473078d, L:/192.168.1.146:56861 - R:ondemand.us-west-1.saucelabs.com/66.85.52.224:443]
12:11:32.013 [Forwarding findElements on session 23c4ee5d2a954d328883c0cb6703c309 to remote] DEBUG org.asynchttpclient.netty.request.NettyRequestSender -- Using pooled Channel '[id: 0x5473078d, L:/192.168.1.146:56861 - R:ondemand.us-west-1.saucelabs.com/66.85.52.224:443]' for 'POST' to 'https://oauth-autolazare-558fb:f8d0a4b4-e059-4b39-a9eb-366965b887b1@ondemand.us-west-1.saucelabs.com:443/wd/hub/session/23c4ee5d2a954d328883c0cb6703c309/elements'
12:11:32.014 [Forwarding findElements on session 23c4ee5d2a954d328883c0cb6703c309 to remote] DEBUG org.asynchttpclient.netty.request.NettyRequestSender -- Using open Channel [id: 0x5473078d, L:/192.168.1.146:56861 - R:ondemand.us-west-1.saucelabs.com/66.85.52.224:443] for POST '/wd/hub/session/23c4ee5d2a954d328883c0cb6703c309/elements'
12:11:32.205 [AsyncHttpClient-1-2] DEBUG org.asynchttpclient.netty.handler.HttpHandler -- 

Request DefaultHttpRequest(decodeResult: success, version: HTTP/1.1)
POST /wd/hub/session/23c4ee5d2a954d328883c0cb6703c309/elements HTTP/1.1
User-Agent: selenium/4.9.0 (java windows)
traceparent: 00-76d74a47e156f5b795414d02a7b55c7a-4d4e60978d8fee49-01
Content-Length: 98
Content-Type: application/json; charset=utf-8
host: ondemand.us-west-1.saucelabs.com
authorization: Basic b2F1dGgtYXV0b2xhemFyZS01NThmYjpmOGQwYTRiNC1lMDU5LTRiMzktYTllYi0zNjY5NjViODg3YjE=
accept: */*

Response DefaultHttpResponse(decodeResult: success, version: HTTP/1.1)
HTTP/1.1 200 OK
content-length: 99
content-type: application/json;charset=UTF-8
date: Thu, 11 May 2023 16:11:30 GMT
server: monocle/0.42
x-request-id: 85a90fa2-1b98-4b56-8d0d-ee1469e74e86

12:11:32.205 [AsyncHttpClient-1-2] DEBUG org.asynchttpclient.netty.channel.ChannelManager -- Adding key: https://ondemand.us-west-1.saucelabs.com:443 for channel [id: 0x5473078d, L:/192.168.1.146:56861 - R:ondemand.us-west-1.saucelabs.com/66.85.52.224:443]
12:11:32.207 [Forwarding switchToFrame on session 23c4ee5d2a954d328883c0cb6703c309 to remote] DEBUG org.asynchttpclient.netty.request.NettyRequestSender -- Using pooled Channel '[id: 0x5473078d, L:/192.168.1.146:56861 - R:ondemand.us-west-1.saucelabs.com/66.85.52.224:443]' for 'POST' to 'https://oauth-autolazare-558fb:f8d0a4b4-e059-4b39-a9eb-366965b887b1@ondemand.us-west-1.saucelabs.com:443/wd/hub/session/23c4ee5d2a954d328883c0cb6703c309/frame'
12:11:32.207 [Forwarding switchToFrame on session 23c4ee5d2a954d328883c0cb6703c309 to remote] DEBUG org.asynchttpclient.netty.request.NettyRequestSender -- Using open Channel [id: 0x5473078d, L:/192.168.1.146:56861 - R:ondemand.us-west-1.saucelabs.com/66.85.52.224:443] for POST '/wd/hub/session/23c4ee5d2a954d328883c0cb6703c309/frame'
12:11:32.427 [AsyncHttpClient-1-2] DEBUG org.asynchttpclient.netty.handler.HttpHandler -- 

Request DefaultHttpRequest(decodeResult: success, version: HTTP/1.1)
POST /wd/hub/session/23c4ee5d2a954d328883c0cb6703c309/frame HTTP/1.1
User-Agent: selenium/4.9.0 (java windows)
traceparent: 00-8c54fe0d0697847adc1e20f736c53491-d936e52ea33b7323-01
Content-Length: 106
Content-Type: application/json; charset=utf-8
host: ondemand.us-west-1.saucelabs.com
authorization: Basic b2F1dGgtYXV0b2xhemFyZS01NThmYjpmOGQwYTRiNC1lMDU5LTRiMzktYTllYi0zNjY5NjViODg3YjE=
accept: */*

Response DefaultHttpResponse(decodeResult: success, version: HTTP/1.1)
HTTP/1.1 200 OK
content-length: 15
content-type: application/json;charset=UTF-8
date: Thu, 11 May 2023 16:11:31 GMT
server: monocle/0.42
x-request-id: a74dbccc-605f-4974-9806-eb97a52998a8

12:11:32.427 [AsyncHttpClient-1-2] DEBUG org.asynchttpclient.netty.channel.ChannelManager -- Adding key: https://ondemand.us-west-1.saucelabs.com:443 for channel [id: 0x5473078d, L:/192.168.1.146:56861 - R:ondemand.us-west-1.saucelabs.com/66.85.52.224:443]
12:11:32.427 [Forwarding executeScript on session 23c4ee5d2a954d328883c0cb6703c309 to remote] DEBUG org.asynchttpclient.netty.request.NettyRequestSender -- Using pooled Channel '[id: 0x5473078d, L:/192.168.1.146:56861 - R:ondemand.us-west-1.saucelabs.com/66.85.52.224:443]' for 'POST' to 'https://oauth-autolazare-558fb:f8d0a4b4-e059-4b39-a9eb-366965b887b1@ondemand.us-west-1.saucelabs.com:443/wd/hub/session/23c4ee5d2a954d328883c0cb6703c309/execute/sync'
12:11:32.427 [Forwarding executeScript on session 23c4ee5d2a954d328883c0cb6703c309 to remote] DEBUG org.asynchttpclient.netty.request.NettyRequestSender -- Using open Channel [id: 0x5473078d, L:/192.168.1.146:56861 - R:ondemand.us-west-1.saucelabs.com/66.85.52.224:443] for POST '/wd/hub/session/23c4ee5d2a954d328883c0cb6703c309/execute/sync'
12:11:32.619 [AsyncHttpClient-1-2] DEBUG org.asynchttpclient.netty.handler.HttpHandler -- 

Request DefaultHttpRequest(decodeResult: success, version: HTTP/1.1)
POST /wd/hub/session/23c4ee5d2a954d328883c0cb6703c309/execute/sync HTTP/1.1
User-Agent: selenium/4.9.0 (java windows)
traceparent: 00-f398dadade40fe9e2aed59235582c884-f3e600b883db69bb-01
Content-Length: 99
Content-Type: application/json; charset=utf-8
host: ondemand.us-west-1.saucelabs.com
authorization: Basic b2F1dGgtYXV0b2xhemFyZS01NThmYjpmOGQwYTRiNC1lMDU5LTRiMzktYTllYi0zNjY5NjViODg3YjE=
accept: */*

Response DefaultHttpResponse(decodeResult: success, version: HTTP/1.1)
HTTP/1.1 200 OK
content-length: 15
content-type: application/json;charset=UTF-8
date: Thu, 11 May 2023 16:11:31 GMT
server: monocle/0.42
x-request-id: 3e6b4bff-a3e8-4437-bf8d-658af474353a

12:11:32.619 [AsyncHttpClient-1-2] DEBUG org.asynchttpclient.netty.channel.ChannelManager -- Adding key: https://ondemand.us-west-1.saucelabs.com:443 for channel [id: 0x5473078d, L:/192.168.1.146:56861 - R:ondemand.us-west-1.saucelabs.com/66.85.52.224:443]
12:11:32.619 [Forwarding findElements on session 23c4ee5d2a954d328883c0cb6703c309 to remote] DEBUG org.asynchttpclient.netty.request.NettyRequestSender -- Using pooled Channel '[id: 0x5473078d, L:/192.168.1.146:56861 - R:ondemand.us-west-1.saucelabs.com/66.85.52.224:443]' for 'POST' to 'https://oauth-autolazare-558fb:f8d0a4b4-e059-4b39-a9eb-366965b887b1@ondemand.us-west-1.saucelabs.com:443/wd/hub/session/23c4ee5d2a954d328883c0cb6703c309/elements'
12:11:32.619 [Forwarding findElements on session 23c4ee5d2a954d328883c0cb6703c309 to remote] DEBUG org.asynchttpclient.netty.request.NettyRequestSender -- Using open Channel [id: 0x5473078d, L:/192.168.1.146:56861 - R:ondemand.us-west-1.saucelabs.com/66.85.52.224:443] for POST '/wd/hub/session/23c4ee5d2a954d328883c0cb6703c309/elements'
12:11:32.812 [AsyncHttpClient-1-2] DEBUG org.asynchttpclient.netty.handler.HttpHandler -- 

Request DefaultHttpRequest(decodeResult: success, version: HTTP/1.1)
POST /wd/hub/session/23c4ee5d2a954d328883c0cb6703c309/elements HTTP/1.1
User-Agent: selenium/4.9.0 (java windows)
traceparent: 00-bcd3580fc32bdc5701651788efb95d86-7d436299816e4220-01
Content-Length: 98
Content-Type: application/json; charset=utf-8
host: ondemand.us-west-1.saucelabs.com
authorization: Basic b2F1dGgtYXV0b2xhemFyZS01NThmYjpmOGQwYTRiNC1lMDU5LTRiMzktYTllYi0zNjY5NjViODg3YjE=
accept: */*

Response DefaultHttpResponse(decodeResult: success, version: HTTP/1.1)
HTTP/1.1 200 OK
content-length: 13
content-type: application/json;charset=UTF-8
date: Thu, 11 May 2023 16:11:31 GMT
server: monocle/0.42
x-request-id: 6041652c-cf9c-4a1d-91e9-43bb4ba98d0d

12:11:32.812 [AsyncHttpClient-1-2] DEBUG org.asynchttpclient.netty.channel.ChannelManager -- Adding key: https://ondemand.us-west-1.saucelabs.com:443 for channel [id: 0x5473078d, L:/192.168.1.146:56861 - R:ondemand.us-west-1.saucelabs.com/66.85.52.224:443]
12:11:32.812 [Forwarding switchToParentFrame on session 23c4ee5d2a954d328883c0cb6703c309 to remote] DEBUG org.asynchttpclient.netty.request.NettyRequestSender -- Using pooled Channel '[id: 0x5473078d, L:/192.168.1.146:56861 - R:ondemand.us-west-1.saucelabs.com/66.85.52.224:443]' for 'POST' to 'https://oauth-autolazare-558fb:f8d0a4b4-e059-4b39-a9eb-366965b887b1@ondemand.us-west-1.saucelabs.com:443/wd/hub/session/23c4ee5d2a954d328883c0cb6703c309/frame/parent'
12:11:32.812 [Forwarding switchToParentFrame on session 23c4ee5d2a954d328883c0cb6703c309 to remote] DEBUG org.asynchttpclient.netty.request.NettyRequestSender -- Using open Channel [id: 0x5473078d, L:/192.168.1.146:56861 - R:ondemand.us-west-1.saucelabs.com/66.85.52.224:443] for POST '/wd/hub/session/23c4ee5d2a954d328883c0cb6703c309/frame/parent'
12:11:32.988 [AsyncHttpClient-1-2] DEBUG org.asynchttpclient.netty.handler.HttpHandler -- 

Request DefaultHttpRequest(decodeResult: success, version: HTTP/1.1)
POST /wd/hub/session/23c4ee5d2a954d328883c0cb6703c309/frame/parent HTTP/1.1
User-Agent: selenium/4.9.0 (java windows)
traceparent: 00-99e2d375c373e90625976e250fdc3e61-9f389364abdb26ad-01
Content-Length: 3
Content-Type: application/json; charset=utf-8
host: ondemand.us-west-1.saucelabs.com
authorization: Basic b2F1dGgtYXV0b2xhemFyZS01NThmYjpmOGQwYTRiNC1lMDU5LTRiMzktYTllYi0zNjY5NjViODg3YjE=
accept: */*

Response DefaultHttpResponse(decodeResult: success, version: HTTP/1.1)
HTTP/1.1 200 OK
content-length: 15
content-type: application/json;charset=UTF-8
date: Thu, 11 May 2023 16:11:31 GMT
server: monocle/0.42
x-request-id: d8617656-0ef4-4583-a1a4-b1179a8c44e1

12:11:32.988 [AsyncHttpClient-1-2] DEBUG org.asynchttpclient.netty.channel.ChannelManager -- Adding key: https://ondemand.us-west-1.saucelabs.com:443 for channel [id: 0x5473078d, L:/192.168.1.146:56861 - R:ondemand.us-west-1.saucelabs.com/66.85.52.224:443]
12:11:32.988 [Forwarding switchToParentFrame on session 23c4ee5d2a954d328883c0cb6703c309 to remote] DEBUG org.asynchttpclient.netty.request.NettyRequestSender -- Using pooled Channel '[id: 0x5473078d, L:/192.168.1.146:56861 - R:ondemand.us-west-1.saucelabs.com/66.85.52.224:443]' for 'POST' to 'https://oauth-autolazare-558fb:f8d0a4b4-e059-4b39-a9eb-366965b887b1@ondemand.us-west-1.saucelabs.com:443/wd/hub/session/23c4ee5d2a954d328883c0cb6703c309/frame/parent'
12:11:32.988 [Forwarding switchToParentFrame on session 23c4ee5d2a954d328883c0cb6703c309 to remote] DEBUG org.asynchttpclient.netty.request.NettyRequestSender -- Using open Channel [id: 0x5473078d, L:/192.168.1.146:56861 - R:ondemand.us-west-1.saucelabs.com/66.85.52.224:443] for POST '/wd/hub/session/23c4ee5d2a954d328883c0cb6703c309/frame/parent'
12:11:33.241 [AsyncHttpClient-1-2] DEBUG org.asynchttpclient.netty.handler.HttpHandler -- 

Request DefaultHttpRequest(decodeResult: success, version: HTTP/1.1)
POST /wd/hub/session/23c4ee5d2a954d328883c0cb6703c309/frame/parent HTTP/1.1
User-Agent: selenium/4.9.0 (java windows)
traceparent: 00-4a82b493081a98075f253ca842886d7f-c10ed8c1a2fde92e-01
Content-Length: 3
Content-Type: application/json; charset=utf-8
host: ondemand.us-west-1.saucelabs.com
authorization: Basic b2F1dGgtYXV0b2xhemFyZS01NThmYjpmOGQwYTRiNC1lMDU5LTRiMzktYTllYi0zNjY5NjViODg3YjE=
accept: */*

Response DefaultHttpResponse(decodeResult: success, version: HTTP/1.1)
HTTP/1.1 200 OK
content-length: 15
content-type: application/json;charset=UTF-8
date: Thu, 11 May 2023 16:11:31 GMT
server: monocle/0.42
x-request-id: 6e9d342c-8ab8-480b-b5c3-d84161e3d82b

12:11:33.241 [AsyncHttpClient-1-2] DEBUG org.asynchttpclient.netty.channel.ChannelManager -- Adding key: https://ondemand.us-west-1.saucelabs.com:443 for channel [id: 0x5473078d, L:/192.168.1.146:56861 - R:ondemand.us-west-1.saucelabs.com/66.85.52.224:443]
12:11:33.245 [Forwarding switchToFrame on session 23c4ee5d2a954d328883c0cb6703c309 to remote] DEBUG org.asynchttpclient.netty.request.NettyRequestSender -- Using pooled Channel '[id: 0x5473078d, L:/192.168.1.146:56861 - R:ondemand.us-west-1.saucelabs.com/66.85.52.224:443]' for 'POST' to 'https://oauth-autolazare-558fb:f8d0a4b4-e059-4b39-a9eb-366965b887b1@ondemand.us-west-1.saucelabs.com:443/wd/hub/session/23c4ee5d2a954d328883c0cb6703c309/frame'
12:11:33.245 [Forwarding switchToFrame on session 23c4ee5d2a954d328883c0cb6703c309 to remote] DEBUG org.asynchttpclient.netty.request.NettyRequestSender -- Using open Channel [id: 0x5473078d, L:/192.168.1.146:56861 - R:ondemand.us-west-1.saucelabs.com/66.85.52.224:443] for POST '/wd/hub/session/23c4ee5d2a954d328883c0cb6703c309/frame'
12:11:33.428 [AsyncHttpClient-1-2] DEBUG org.asynchttpclient.netty.handler.HttpHandler -- 

Request DefaultHttpRequest(decodeResult: success, version: HTTP/1.1)
POST /wd/hub/session/23c4ee5d2a954d328883c0cb6703c309/frame HTTP/1.1
User-Agent: selenium/4.9.0 (java windows)
traceparent: 00-693f446f2782bc79af264d998b0a8754-7568c376548b2d67-01
Content-Length: 106
Content-Type: application/json; charset=utf-8
host: ondemand.us-west-1.saucelabs.com
authorization: Basic b2F1dGgtYXV0b2xhemFyZS01NThmYjpmOGQwYTRiNC1lMDU5LTRiMzktYTllYi0zNjY5NjViODg3YjE=
accept: */*

Response DefaultHttpResponse(decodeResult: success, version: HTTP/1.1)
HTTP/1.1 200 OK
content-length: 15
content-type: application/json;charset=UTF-8
date: Thu, 11 May 2023 16:11:32 GMT
server: monocle/0.42
x-request-id: ccb842d7-e01c-4907-a9f5-239c41bde20e

12:11:33.428 [AsyncHttpClient-1-2] DEBUG org.asynchttpclient.netty.channel.ChannelManager -- Adding key: https://ondemand.us-west-1.saucelabs.com:443 for channel [id: 0x5473078d, L:/192.168.1.146:56861 - R:ondemand.us-west-1.saucelabs.com/66.85.52.224:443]
12:11:33.431 [Forwarding executeScript on session 23c4ee5d2a954d328883c0cb6703c309 to remote] DEBUG org.asynchttpclient.netty.request.NettyRequestSender -- Using pooled Channel '[id: 0x5473078d, L:/192.168.1.146:56861 - R:ondemand.us-west-1.saucelabs.com/66.85.52.224:443]' for 'POST' to 'https://oauth-autolazare-558fb:f8d0a4b4-e059-4b39-a9eb-366965b887b1@ondemand.us-west-1.saucelabs.com:443/wd/hub/session/23c4ee5d2a954d328883c0cb6703c309/execute/sync'
12:11:33.431 [Forwarding executeScript on session 23c4ee5d2a954d328883c0cb6703c309 to remote] DEBUG org.asynchttpclient.netty.request.NettyRequestSender -- Using open Channel [id: 0x5473078d, L:/192.168.1.146:56861 - R:ondemand.us-west-1.saucelabs.com/66.85.52.224:443] for POST '/wd/hub/session/23c4ee5d2a954d328883c0cb6703c309/execute/sync'
12:11:33.594 [AsyncHttpClient-1-2] DEBUG org.asynchttpclient.netty.handler.HttpHandler -- 

Request DefaultHttpRequest(decodeResult: success, version: HTTP/1.1)
POST /wd/hub/session/23c4ee5d2a954d328883c0cb6703c309/execute/sync HTTP/1.1
User-Agent: selenium/4.9.0 (java windows)
traceparent: 00-11e4cbce6840ce7157cd8b3580b5432e-c4240a88a04446e7-01
Content-Length: 99
Content-Type: application/json; charset=utf-8
host: ondemand.us-west-1.saucelabs.com
authorization: Basic b2F1dGgtYXV0b2xhemFyZS01NThmYjpmOGQwYTRiNC1lMDU5LTRiMzktYTllYi0zNjY5NjViODg3YjE=
accept: */*

Response DefaultHttpResponse(decodeResult: success, version: HTTP/1.1)
HTTP/1.1 200 OK
content-length: 15
content-type: application/json;charset=UTF-8
date: Thu, 11 May 2023 16:11:32 GMT
server: monocle/0.42
x-request-id: bddad02b-7b0f-4313-9e4a-dad0ef143051

12:11:33.594 [AsyncHttpClient-1-2] DEBUG org.asynchttpclient.netty.channel.ChannelManager -- Adding key: https://ondemand.us-west-1.saucelabs.com:443 for channel [id: 0x5473078d, L:/192.168.1.146:56861 - R:ondemand.us-west-1.saucelabs.com/66.85.52.224:443]
12:11:33.594 [Forwarding findElements on session 23c4ee5d2a954d328883c0cb6703c309 to remote] DEBUG org.asynchttpclient.netty.request.NettyRequestSender -- Using pooled Channel '[id: 0x5473078d, L:/192.168.1.146:56861 - R:ondemand.us-west-1.saucelabs.com/66.85.52.224:443]' for 'POST' to 'https://oauth-autolazare-558fb:f8d0a4b4-e059-4b39-a9eb-366965b887b1@ondemand.us-west-1.saucelabs.com:443/wd/hub/session/23c4ee5d2a954d328883c0cb6703c309/elements'
12:11:33.594 [Forwarding findElements on session 23c4ee5d2a954d328883c0cb6703c309 to remote] DEBUG org.asynchttpclient.netty.request.NettyRequestSender -- Using open Channel [id: 0x5473078d, L:/192.168.1.146:56861 - R:ondemand.us-west-1.saucelabs.com/66.85.52.224:443] for POST '/wd/hub/session/23c4ee5d2a954d328883c0cb6703c309/elements'
12:11:33.765 [AsyncHttpClient-1-2] DEBUG org.asynchttpclient.netty.handler.HttpHandler -- 

Request DefaultHttpRequest(decodeResult: success, version: HTTP/1.1)
POST /wd/hub/session/23c4ee5d2a954d328883c0cb6703c309/elements HTTP/1.1
User-Agent: selenium/4.9.0 (java windows)
traceparent: 00-902a736030cbb710baa359e6dca996c0-4ec889e48535b31d-01
Content-Length: 98
Content-Type: application/json; charset=utf-8
host: ondemand.us-west-1.saucelabs.com
authorization: Basic b2F1dGgtYXV0b2xhemFyZS01NThmYjpmOGQwYTRiNC1lMDU5LTRiMzktYTllYi0zNjY5NjViODg3YjE=
accept: */*

Response DefaultHttpResponse(decodeResult: success, version: HTTP/1.1)
HTTP/1.1 200 OK
content-length: 187
content-type: application/json;charset=UTF-8
date: Thu, 11 May 2023 16:11:32 GMT
server: monocle/0.42
x-request-id: 162b40a3-ef08-4136-a2cf-37c42f515c24

12:11:33.766 [AsyncHttpClient-1-2] DEBUG org.asynchttpclient.netty.channel.ChannelManager -- Adding key: https://ondemand.us-west-1.saucelabs.com:443 for channel [id: 0x5473078d, L:/192.168.1.146:56861 - R:ondemand.us-west-1.saucelabs.com/66.85.52.224:443]
12:11:33.768 [Forwarding switchToFrame on session 23c4ee5d2a954d328883c0cb6703c309 to remote] DEBUG org.asynchttpclient.netty.request.NettyRequestSender -- Using pooled Channel '[id: 0x5473078d, L:/192.168.1.146:56861 - R:ondemand.us-west-1.saucelabs.com/66.85.52.224:443]' for 'POST' to 'https://oauth-autolazare-558fb:f8d0a4b4-e059-4b39-a9eb-366965b887b1@ondemand.us-west-1.saucelabs.com:443/wd/hub/session/23c4ee5d2a954d328883c0cb6703c309/frame'
12:11:33.769 [Forwarding switchToFrame on session 23c4ee5d2a954d328883c0cb6703c309 to remote] DEBUG org.asynchttpclient.netty.request.NettyRequestSender -- Using open Channel [id: 0x5473078d, L:/192.168.1.146:56861 - R:ondemand.us-west-1.saucelabs.com/66.85.52.224:443] for POST '/wd/hub/session/23c4ee5d2a954d328883c0cb6703c309/frame'
12:11:33.975 [AsyncHttpClient-1-2] DEBUG org.asynchttpclient.netty.handler.HttpHandler -- 

Request DefaultHttpRequest(decodeResult: success, version: HTTP/1.1)
POST /wd/hub/session/23c4ee5d2a954d328883c0cb6703c309/frame HTTP/1.1
User-Agent: selenium/4.9.0 (java windows)
traceparent: 00-28e2230b7dd7663692622fc7d33cdfea-a3d2fe25602362ac-01
Content-Length: 106
Content-Type: application/json; charset=utf-8
host: ondemand.us-west-1.saucelabs.com
authorization: Basic b2F1dGgtYXV0b2xhemFyZS01NThmYjpmOGQwYTRiNC1lMDU5LTRiMzktYTllYi0zNjY5NjViODg3YjE=
accept: */*

Response DefaultHttpResponse(decodeResult: success, version: HTTP/1.1)
HTTP/1.1 200 OK
content-length: 15
content-type: application/json;charset=UTF-8
date: Thu, 11 May 2023 16:11:32 GMT
server: monocle/0.42
x-request-id: d73930d4-1140-4ad1-a8cd-8b0342383d93

12:11:33.975 [AsyncHttpClient-1-2] DEBUG org.asynchttpclient.netty.channel.ChannelManager -- Adding key: https://ondemand.us-west-1.saucelabs.com:443 for channel [id: 0x5473078d, L:/192.168.1.146:56861 - R:ondemand.us-west-1.saucelabs.com/66.85.52.224:443]
12:11:33.975 [Forwarding executeScript on session 23c4ee5d2a954d328883c0cb6703c309 to remote] DEBUG org.asynchttpclient.netty.request.NettyRequestSender -- Using pooled Channel '[id: 0x5473078d, L:/192.168.1.146:56861 - R:ondemand.us-west-1.saucelabs.com/66.85.52.224:443]' for 'POST' to 'https://oauth-autolazare-558fb:f8d0a4b4-e059-4b39-a9eb-366965b887b1@ondemand.us-west-1.saucelabs.com:443/wd/hub/session/23c4ee5d2a954d328883c0cb6703c309/execute/sync'
12:11:33.975 [Forwarding executeScript on session 23c4ee5d2a954d328883c0cb6703c309 to remote] DEBUG org.asynchttpclient.netty.request.NettyRequestSender -- Using open Channel [id: 0x5473078d, L:/192.168.1.146:56861 - R:ondemand.us-west-1.saucelabs.com/66.85.52.224:443] for POST '/wd/hub/session/23c4ee5d2a954d328883c0cb6703c309/execute/sync'
12:11:34.235 [AsyncHttpClient-1-2] DEBUG org.asynchttpclient.netty.handler.HttpHandler -- 

Request DefaultHttpRequest(decodeResult: success, version: HTTP/1.1)
POST /wd/hub/session/23c4ee5d2a954d328883c0cb6703c309/execute/sync HTTP/1.1
User-Agent: selenium/4.9.0 (java windows)
traceparent: 00-46dbbb1bd055de0b51442aa802860f6e-82977dfe661bd8cb-01
Content-Length: 99
Content-Type: application/json; charset=utf-8
host: ondemand.us-west-1.saucelabs.com
authorization: Basic b2F1dGgtYXV0b2xhemFyZS01NThmYjpmOGQwYTRiNC1lMDU5LTRiMzktYTllYi0zNjY5NjViODg3YjE=
accept: */*

Response DefaultHttpResponse(decodeResult: success, version: HTTP/1.1)
HTTP/1.1 200 OK
content-length: 15
content-type: application/json;charset=UTF-8
date: Thu, 11 May 2023 16:11:32 GMT
server: monocle/0.42
x-request-id: 869ca68e-0d14-4c7f-9e6d-ef63e6e8c3a7

12:11:34.237 [AsyncHttpClient-1-2] DEBUG org.asynchttpclient.netty.channel.ChannelManager -- Adding key: https://ondemand.us-west-1.saucelabs.com:443 for channel [id: 0x5473078d, L:/192.168.1.146:56861 - R:ondemand.us-west-1.saucelabs.com/66.85.52.224:443]
12:11:34.237 [Forwarding findElements on session 23c4ee5d2a954d328883c0cb6703c309 to remote] DEBUG org.asynchttpclient.netty.request.NettyRequestSender -- Using pooled Channel '[id: 0x5473078d, L:/192.168.1.146:56861 - R:ondemand.us-west-1.saucelabs.com/66.85.52.224:443]' for 'POST' to 'https://oauth-autolazare-558fb:f8d0a4b4-e059-4b39-a9eb-366965b887b1@ondemand.us-west-1.saucelabs.com:443/wd/hub/session/23c4ee5d2a954d328883c0cb6703c309/elements'
12:11:34.237 [Forwarding findElements on session 23c4ee5d2a954d328883c0cb6703c309 to remote] DEBUG org.asynchttpclient.netty.request.NettyRequestSender -- Using open Channel [id: 0x5473078d, L:/192.168.1.146:56861 - R:ondemand.us-west-1.saucelabs.com/66.85.52.224:443] for POST '/wd/hub/session/23c4ee5d2a954d328883c0cb6703c309/elements'
12:11:34.410 [AsyncHttpClient-1-2] DEBUG org.asynchttpclient.netty.handler.HttpHandler -- 

Request DefaultHttpRequest(decodeResult: success, version: HTTP/1.1)
POST /wd/hub/session/23c4ee5d2a954d328883c0cb6703c309/elements HTTP/1.1
User-Agent: selenium/4.9.0 (java windows)
traceparent: 00-9e7e725889a191160f91983bdaac18ca-a70d7b287b5c1693-01
Content-Length: 98
Content-Type: application/json; charset=utf-8
host: ondemand.us-west-1.saucelabs.com
authorization: Basic b2F1dGgtYXV0b2xhemFyZS01NThmYjpmOGQwYTRiNC1lMDU5LTRiMzktYTllYi0zNjY5NjViODg3YjE=
accept: */*

Response DefaultHttpResponse(decodeResult: success, version: HTTP/1.1)
HTTP/1.1 200 OK
content-length: 13
content-type: application/json;charset=UTF-8
date: Thu, 11 May 2023 16:11:33 GMT
server: monocle/0.42
x-request-id: d68aa465-4a79-4844-aeb5-6bfc423c2f56

12:11:34.411 [AsyncHttpClient-1-2] DEBUG org.asynchttpclient.netty.channel.ChannelManager -- Adding key: https://ondemand.us-west-1.saucelabs.com:443 for channel [id: 0x5473078d, L:/192.168.1.146:56861 - R:ondemand.us-west-1.saucelabs.com/66.85.52.224:443]
12:11:34.413 [Forwarding switchToParentFrame on session 23c4ee5d2a954d328883c0cb6703c309 to remote] DEBUG org.asynchttpclient.netty.request.NettyRequestSender -- Using pooled Channel '[id: 0x5473078d, L:/192.168.1.146:56861 - R:ondemand.us-west-1.saucelabs.com/66.85.52.224:443]' for 'POST' to 'https://oauth-autolazare-558fb:f8d0a4b4-e059-4b39-a9eb-366965b887b1@ondemand.us-west-1.saucelabs.com:443/wd/hub/session/23c4ee5d2a954d328883c0cb6703c309/frame/parent'
12:11:34.413 [Forwarding switchToParentFrame on session 23c4ee5d2a954d328883c0cb6703c309 to remote] DEBUG org.asynchttpclient.netty.request.NettyRequestSender -- Using open Channel [id: 0x5473078d, L:/192.168.1.146:56861 - R:ondemand.us-west-1.saucelabs.com/66.85.52.224:443] for POST '/wd/hub/session/23c4ee5d2a954d328883c0cb6703c309/frame/parent'
12:11:34.593 [AsyncHttpClient-1-2] DEBUG org.asynchttpclient.netty.handler.HttpHandler -- 

Request DefaultHttpRequest(decodeResult: success, version: HTTP/1.1)
POST /wd/hub/session/23c4ee5d2a954d328883c0cb6703c309/frame/parent HTTP/1.1
User-Agent: selenium/4.9.0 (java windows)
traceparent: 00-937eac48edb281a1bff735ef88f23fc9-37afaa503d043e9d-01
Content-Length: 3
Content-Type: application/json; charset=utf-8
host: ondemand.us-west-1.saucelabs.com
authorization: Basic b2F1dGgtYXV0b2xhemFyZS01NThmYjpmOGQwYTRiNC1lMDU5LTRiMzktYTllYi0zNjY5NjViODg3YjE=
accept: */*

Response DefaultHttpResponse(decodeResult: success, version: HTTP/1.1)
HTTP/1.1 200 OK
content-length: 15
content-type: application/json;charset=UTF-8
date: Thu, 11 May 2023 16:11:33 GMT
server: monocle/0.42
x-request-id: 1bb771e5-8684-45aa-a386-4300fb3a517f

12:11:34.593 [AsyncHttpClient-1-2] DEBUG org.asynchttpclient.netty.channel.ChannelManager -- Adding key: https://ondemand.us-west-1.saucelabs.com:443 for channel [id: 0x5473078d, L:/192.168.1.146:56861 - R:ondemand.us-west-1.saucelabs.com/66.85.52.224:443]
12:11:34.593 [Forwarding switchToFrame on session 23c4ee5d2a954d328883c0cb6703c309 to remote] DEBUG org.asynchttpclient.netty.request.NettyRequestSender -- Using pooled Channel '[id: 0x5473078d, L:/192.168.1.146:56861 - R:ondemand.us-west-1.saucelabs.com/66.85.52.224:443]' for 'POST' to 'https://oauth-autolazare-558fb:f8d0a4b4-e059-4b39-a9eb-366965b887b1@ondemand.us-west-1.saucelabs.com:443/wd/hub/session/23c4ee5d2a954d328883c0cb6703c309/frame'
12:11:34.593 [Forwarding switchToFrame on session 23c4ee5d2a954d328883c0cb6703c309 to remote] DEBUG org.asynchttpclient.netty.request.NettyRequestSender -- Using open Channel [id: 0x5473078d, L:/192.168.1.146:56861 - R:ondemand.us-west-1.saucelabs.com/66.85.52.224:443] for POST '/wd/hub/session/23c4ee5d2a954d328883c0cb6703c309/frame'
12:11:34.858 [AsyncHttpClient-1-2] DEBUG org.asynchttpclient.netty.handler.HttpHandler -- 

Request DefaultHttpRequest(decodeResult: success, version: HTTP/1.1)
POST /wd/hub/session/23c4ee5d2a954d328883c0cb6703c309/frame HTTP/1.1
User-Agent: selenium/4.9.0 (java windows)
traceparent: 00-d82ab35846cdc0cdd57003667ec9569a-9229ab94bad65651-01
Content-Length: 106
Content-Type: application/json; charset=utf-8
host: ondemand.us-west-1.saucelabs.com
authorization: Basic b2F1dGgtYXV0b2xhemFyZS01NThmYjpmOGQwYTRiNC1lMDU5LTRiMzktYTllYi0zNjY5NjViODg3YjE=
accept: */*

Response DefaultHttpResponse(decodeResult: success, version: HTTP/1.1)
HTTP/1.1 200 OK
content-length: 15
content-type: application/json;charset=UTF-8
date: Thu, 11 May 2023 16:11:33 GMT
server: monocle/0.42
x-request-id: 0d0404de-1e57-4a6b-9266-6576eb0415c6

12:11:34.858 [AsyncHttpClient-1-2] DEBUG org.asynchttpclient.netty.channel.ChannelManager -- Adding key: https://ondemand.us-west-1.saucelabs.com:443 for channel [id: 0x5473078d, L:/192.168.1.146:56861 - R:ondemand.us-west-1.saucelabs.com/66.85.52.224:443]
12:11:34.858 [Forwarding executeScript on session 23c4ee5d2a954d328883c0cb6703c309 to remote] DEBUG org.asynchttpclient.netty.request.NettyRequestSender -- Using pooled Channel '[id: 0x5473078d, L:/192.168.1.146:56861 - R:ondemand.us-west-1.saucelabs.com/66.85.52.224:443]' for 'POST' to 'https://oauth-autolazare-558fb:f8d0a4b4-e059-4b39-a9eb-366965b887b1@ondemand.us-west-1.saucelabs.com:443/wd/hub/session/23c4ee5d2a954d328883c0cb6703c309/execute/sync'
12:11:34.858 [Forwarding executeScript on session 23c4ee5d2a954d328883c0cb6703c309 to remote] DEBUG org.asynchttpclient.netty.request.NettyRequestSender -- Using open Channel [id: 0x5473078d, L:/192.168.1.146:56861 - R:ondemand.us-west-1.saucelabs.com/66.85.52.224:443] for POST '/wd/hub/session/23c4ee5d2a954d328883c0cb6703c309/execute/sync'
12:11:35.027 [AsyncHttpClient-1-2] DEBUG org.asynchttpclient.netty.handler.HttpHandler -- 

Request DefaultHttpRequest(decodeResult: success, version: HTTP/1.1)
POST /wd/hub/session/23c4ee5d2a954d328883c0cb6703c309/execute/sync HTTP/1.1
User-Agent: selenium/4.9.0 (java windows)
traceparent: 00-3fd17cc9b43a3827a7be29d624b5a985-12a165f745b00c72-01
Content-Length: 99
Content-Type: application/json; charset=utf-8
host: ondemand.us-west-1.saucelabs.com
authorization: Basic b2F1dGgtYXV0b2xhemFyZS01NThmYjpmOGQwYTRiNC1lMDU5LTRiMzktYTllYi0zNjY5NjViODg3YjE=
accept: */*

Response DefaultHttpResponse(decodeResult: success, version: HTTP/1.1)
HTTP/1.1 200 OK
content-length: 15
content-type: application/json;charset=UTF-8
date: Thu, 11 May 2023 16:11:33 GMT
server: monocle/0.42
x-request-id: a799331d-5dfc-4273-8786-529b33b9b7f3

12:11:35.028 [AsyncHttpClient-1-2] DEBUG org.asynchttpclient.netty.channel.ChannelManager -- Adding key: https://ondemand.us-west-1.saucelabs.com:443 for channel [id: 0x5473078d, L:/192.168.1.146:56861 - R:ondemand.us-west-1.saucelabs.com/66.85.52.224:443]
12:11:35.030 [Forwarding findElements on session 23c4ee5d2a954d328883c0cb6703c309 to remote] DEBUG org.asynchttpclient.netty.request.NettyRequestSender -- Using pooled Channel '[id: 0x5473078d, L:/192.168.1.146:56861 - R:ondemand.us-west-1.saucelabs.com/66.85.52.224:443]' for 'POST' to 'https://oauth-autolazare-558fb:f8d0a4b4-e059-4b39-a9eb-366965b887b1@ondemand.us-west-1.saucelabs.com:443/wd/hub/session/23c4ee5d2a954d328883c0cb6703c309/elements'
12:11:35.030 [Forwarding findElements on session 23c4ee5d2a954d328883c0cb6703c309 to remote] DEBUG org.asynchttpclient.netty.request.NettyRequestSender -- Using open Channel [id: 0x5473078d, L:/192.168.1.146:56861 - R:ondemand.us-west-1.saucelabs.com/66.85.52.224:443] for POST '/wd/hub/session/23c4ee5d2a954d328883c0cb6703c309/elements'
12:11:35.211 [AsyncHttpClient-1-2] DEBUG org.asynchttpclient.netty.handler.HttpHandler -- 

Request DefaultHttpRequest(decodeResult: success, version: HTTP/1.1)
POST /wd/hub/session/23c4ee5d2a954d328883c0cb6703c309/elements HTTP/1.1
User-Agent: selenium/4.9.0 (java windows)
traceparent: 00-a1818fa504a5a7aea631feb43fa1cfa5-71a47040fa1ac66c-01
Content-Length: 98
Content-Type: application/json; charset=utf-8
host: ondemand.us-west-1.saucelabs.com
authorization: Basic b2F1dGgtYXV0b2xhemFyZS01NThmYjpmOGQwYTRiNC1lMDU5LTRiMzktYTllYi0zNjY5NjViODg3YjE=
accept: */*

Response DefaultHttpResponse(decodeResult: success, version: HTTP/1.1)
HTTP/1.1 200 OK
content-length: 13
content-type: application/json;charset=UTF-8
date: Thu, 11 May 2023 16:11:33 GMT
server: monocle/0.42
x-request-id: d5b5b596-beec-449e-b489-50b6c790f4b6

12:11:35.211 [AsyncHttpClient-1-2] DEBUG org.asynchttpclient.netty.channel.ChannelManager -- Adding key: https://ondemand.us-west-1.saucelabs.com:443 for channel [id: 0x5473078d, L:/192.168.1.146:56861 - R:ondemand.us-west-1.saucelabs.com/66.85.52.224:443]
12:11:35.211 [Forwarding switchToParentFrame on session 23c4ee5d2a954d328883c0cb6703c309 to remote] DEBUG org.asynchttpclient.netty.request.NettyRequestSender -- Using pooled Channel '[id: 0x5473078d, L:/192.168.1.146:56861 - R:ondemand.us-west-1.saucelabs.com/66.85.52.224:443]' for 'POST' to 'https://oauth-autolazare-558fb:f8d0a4b4-e059-4b39-a9eb-366965b887b1@ondemand.us-west-1.saucelabs.com:443/wd/hub/session/23c4ee5d2a954d328883c0cb6703c309/frame/parent'
12:11:35.211 [Forwarding switchToParentFrame on session 23c4ee5d2a954d328883c0cb6703c309 to remote] DEBUG org.asynchttpclient.netty.request.NettyRequestSender -- Using open Channel [id: 0x5473078d, L:/192.168.1.146:56861 - R:ondemand.us-west-1.saucelabs.com/66.85.52.224:443] for POST '/wd/hub/session/23c4ee5d2a954d328883c0cb6703c309/frame/parent'
12:11:35.377 [AsyncHttpClient-1-2] DEBUG org.asynchttpclient.netty.handler.HttpHandler -- 

Request DefaultHttpRequest(decodeResult: success, version: HTTP/1.1)
POST /wd/hub/session/23c4ee5d2a954d328883c0cb6703c309/frame/parent HTTP/1.1
User-Agent: selenium/4.9.0 (java windows)
traceparent: 00-7b219071870e2164a5346b6065dd81b8-18ba547f07f7e982-01
Content-Length: 3
Content-Type: application/json; charset=utf-8
host: ondemand.us-west-1.saucelabs.com
authorization: Basic b2F1dGgtYXV0b2xhemFyZS01NThmYjpmOGQwYTRiNC1lMDU5LTRiMzktYTllYi0zNjY5NjViODg3YjE=
accept: */*

Response DefaultHttpResponse(decodeResult: success, version: HTTP/1.1)
HTTP/1.1 200 OK
content-length: 15
content-type: application/json;charset=UTF-8
date: Thu, 11 May 2023 16:11:34 GMT
server: monocle/0.42
x-request-id: caa2dc2b-2a92-4a59-993c-b7303ee2e32b

12:11:35.377 [AsyncHttpClient-1-2] DEBUG org.asynchttpclient.netty.channel.ChannelManager -- Adding key: https://ondemand.us-west-1.saucelabs.com:443 for channel [id: 0x5473078d, L:/192.168.1.146:56861 - R:ondemand.us-west-1.saucelabs.com/66.85.52.224:443]
12:11:35.379 [Forwarding switchToParentFrame on session 23c4ee5d2a954d328883c0cb6703c309 to remote] DEBUG org.asynchttpclient.netty.request.NettyRequestSender -- Using pooled Channel '[id: 0x5473078d, L:/192.168.1.146:56861 - R:ondemand.us-west-1.saucelabs.com/66.85.52.224:443]' for 'POST' to 'https://oauth-autolazare-558fb:f8d0a4b4-e059-4b39-a9eb-366965b887b1@ondemand.us-west-1.saucelabs.com:443/wd/hub/session/23c4ee5d2a954d328883c0cb6703c309/frame/parent'
12:11:35.379 [Forwarding switchToParentFrame on session 23c4ee5d2a954d328883c0cb6703c309 to remote] DEBUG org.asynchttpclient.netty.request.NettyRequestSender -- Using open Channel [id: 0x5473078d, L:/192.168.1.146:56861 - R:ondemand.us-west-1.saucelabs.com/66.85.52.224:443] for POST '/wd/hub/session/23c4ee5d2a954d328883c0cb6703c309/frame/parent'
12:11:35.564 [AsyncHttpClient-1-2] DEBUG org.asynchttpclient.netty.handler.HttpHandler -- 

Request DefaultHttpRequest(decodeResult: success, version: HTTP/1.1)
POST /wd/hub/session/23c4ee5d2a954d328883c0cb6703c309/frame/parent HTTP/1.1
User-Agent: selenium/4.9.0 (java windows)
traceparent: 00-e548fa377d96b53dc954179805f45528-953e2f28ad486fc3-01
Content-Length: 3
Content-Type: application/json; charset=utf-8
host: ondemand.us-west-1.saucelabs.com
authorization: Basic b2F1dGgtYXV0b2xhemFyZS01NThmYjpmOGQwYTRiNC1lMDU5LTRiMzktYTllYi0zNjY5NjViODg3YjE=
accept: */*

Response DefaultHttpResponse(decodeResult: success, version: HTTP/1.1)
HTTP/1.1 200 OK
content-length: 15
content-type: application/json;charset=UTF-8
date: Thu, 11 May 2023 16:11:34 GMT
server: monocle/0.42
x-request-id: 46603140-f359-4b9a-9ede-acf5fa6846ef

12:11:35.564 [AsyncHttpClient-1-2] DEBUG org.asynchttpclient.netty.channel.ChannelManager -- Adding key: https://ondemand.us-west-1.saucelabs.com:443 for channel [id: 0x5473078d, L:/192.168.1.146:56861 - R:ondemand.us-west-1.saucelabs.com/66.85.52.224:443]
12:11:35.573 [Forwarding switchToFrame on session 23c4ee5d2a954d328883c0cb6703c309 to remote] DEBUG org.asynchttpclient.netty.request.NettyRequestSender -- Using pooled Channel '[id: 0x5473078d, L:/192.168.1.146:56861 - R:ondemand.us-west-1.saucelabs.com/66.85.52.224:443]' for 'POST' to 'https://oauth-autolazare-558fb:f8d0a4b4-e059-4b39-a9eb-366965b887b1@ondemand.us-west-1.saucelabs.com:443/wd/hub/session/23c4ee5d2a954d328883c0cb6703c309/frame'
12:11:35.573 [Forwarding switchToFrame on session 23c4ee5d2a954d328883c0cb6703c309 to remote] DEBUG org.asynchttpclient.netty.request.NettyRequestSender -- Using open Channel [id: 0x5473078d, L:/192.168.1.146:56861 - R:ondemand.us-west-1.saucelabs.com/66.85.52.224:443] for POST '/wd/hub/session/23c4ee5d2a954d328883c0cb6703c309/frame'
12:11:35.806 [AsyncHttpClient-1-2] DEBUG org.asynchttpclient.netty.handler.HttpHandler -- 

Request DefaultHttpRequest(decodeResult: success, version: HTTP/1.1)
POST /wd/hub/session/23c4ee5d2a954d328883c0cb6703c309/frame HTTP/1.1
User-Agent: selenium/4.9.0 (java windows)
traceparent: 00-72b2e8c6dd8b20c27bb1b24abd3c5d81-b00d1adebf96b329-01
Content-Length: 106
Content-Type: application/json; charset=utf-8
host: ondemand.us-west-1.saucelabs.com
authorization: Basic b2F1dGgtYXV0b2xhemFyZS01NThmYjpmOGQwYTRiNC1lMDU5LTRiMzktYTllYi0zNjY5NjViODg3YjE=
accept: */*

Response DefaultHttpResponse(decodeResult: success, version: HTTP/1.1)
HTTP/1.1 200 OK
content-length: 15
content-type: application/json;charset=UTF-8
date: Thu, 11 May 2023 16:11:34 GMT
server: monocle/0.42
x-request-id: a3d46c09-649d-487b-a8e8-c30096d003b3

12:11:35.806 [AsyncHttpClient-1-2] DEBUG org.asynchttpclient.netty.channel.ChannelManager -- Adding key: https://ondemand.us-west-1.saucelabs.com:443 for channel [id: 0x5473078d, L:/192.168.1.146:56861 - R:ondemand.us-west-1.saucelabs.com/66.85.52.224:443]
12:11:35.809 [Forwarding executeScript on session 23c4ee5d2a954d328883c0cb6703c309 to remote] DEBUG org.asynchttpclient.netty.request.NettyRequestSender -- Using pooled Channel '[id: 0x5473078d, L:/192.168.1.146:56861 - R:ondemand.us-west-1.saucelabs.com/66.85.52.224:443]' for 'POST' to 'https://oauth-autolazare-558fb:f8d0a4b4-e059-4b39-a9eb-366965b887b1@ondemand.us-west-1.saucelabs.com:443/wd/hub/session/23c4ee5d2a954d328883c0cb6703c309/execute/sync'
12:11:35.809 [Forwarding executeScript on session 23c4ee5d2a954d328883c0cb6703c309 to remote] DEBUG org.asynchttpclient.netty.request.NettyRequestSender -- Using open Channel [id: 0x5473078d, L:/192.168.1.146:56861 - R:ondemand.us-west-1.saucelabs.com/66.85.52.224:443] for POST '/wd/hub/session/23c4ee5d2a954d328883c0cb6703c309/execute/sync'
12:11:35.974 [AsyncHttpClient-1-2] DEBUG org.asynchttpclient.netty.handler.HttpHandler -- 

Request DefaultHttpRequest(decodeResult: success, version: HTTP/1.1)
POST /wd/hub/session/23c4ee5d2a954d328883c0cb6703c309/execute/sync HTTP/1.1
User-Agent: selenium/4.9.0 (java windows)
traceparent: 00-b29fc8e7d3c6d1698908a2e48c352c4e-1dc5bf0af1ba8eae-01
Content-Length: 99
Content-Type: application/json; charset=utf-8
host: ondemand.us-west-1.saucelabs.com
authorization: Basic b2F1dGgtYXV0b2xhemFyZS01NThmYjpmOGQwYTRiNC1lMDU5LTRiMzktYTllYi0zNjY5NjViODg3YjE=
accept: */*

Response DefaultHttpResponse(decodeResult: success, version: HTTP/1.1)
HTTP/1.1 200 OK
content-length: 15
content-type: application/json;charset=UTF-8
date: Thu, 11 May 2023 16:11:34 GMT
server: monocle/0.42
x-request-id: a0dc5c56-c8b7-4610-bec1-a9f158a54c8f

12:11:35.974 [AsyncHttpClient-1-2] DEBUG org.asynchttpclient.netty.channel.ChannelManager -- Adding key: https://ondemand.us-west-1.saucelabs.com:443 for channel [id: 0x5473078d, L:/192.168.1.146:56861 - R:ondemand.us-west-1.saucelabs.com/66.85.52.224:443]
12:11:35.979 [Forwarding findElements on session 23c4ee5d2a954d328883c0cb6703c309 to remote] DEBUG org.asynchttpclient.netty.request.NettyRequestSender -- Using pooled Channel '[id: 0x5473078d, L:/192.168.1.146:56861 - R:ondemand.us-west-1.saucelabs.com/66.85.52.224:443]' for 'POST' to 'https://oauth-autolazare-558fb:f8d0a4b4-e059-4b39-a9eb-366965b887b1@ondemand.us-west-1.saucelabs.com:443/wd/hub/session/23c4ee5d2a954d328883c0cb6703c309/elements'
12:11:35.986 [Forwarding findElements on session 23c4ee5d2a954d328883c0cb6703c309 to remote] DEBUG org.asynchttpclient.netty.request.NettyRequestSender -- Using open Channel [id: 0x5473078d, L:/192.168.1.146:56861 - R:ondemand.us-west-1.saucelabs.com/66.85.52.224:443] for POST '/wd/hub/session/23c4ee5d2a954d328883c0cb6703c309/elements'
12:11:36.177 [AsyncHttpClient-1-2] DEBUG org.asynchttpclient.netty.handler.HttpHandler -- 

Request DefaultHttpRequest(decodeResult: success, version: HTTP/1.1)
POST /wd/hub/session/23c4ee5d2a954d328883c0cb6703c309/elements HTTP/1.1
User-Agent: selenium/4.9.0 (java windows)
traceparent: 00-fac25111ec2e928528741eaac9016697-20aa23c1c800a042-01
Content-Length: 98
Content-Type: application/json; charset=utf-8
host: ondemand.us-west-1.saucelabs.com
authorization: Basic b2F1dGgtYXV0b2xhemFyZS01NThmYjpmOGQwYTRiNC1lMDU5LTRiMzktYTllYi0zNjY5NjViODg3YjE=
accept: */*

Response DefaultHttpResponse(decodeResult: success, version: HTTP/1.1)
HTTP/1.1 200 OK
content-length: 187
content-type: application/json;charset=UTF-8
date: Thu, 11 May 2023 16:11:34 GMT
server: monocle/0.42
x-request-id: 78b25aa5-0b5e-4c90-b210-c426b44d5ac8

12:11:36.177 [AsyncHttpClient-1-2] DEBUG org.asynchttpclient.netty.channel.ChannelManager -- Adding key: https://ondemand.us-west-1.saucelabs.com:443 for channel [id: 0x5473078d, L:/192.168.1.146:56861 - R:ondemand.us-west-1.saucelabs.com/66.85.52.224:443]
12:11:36.177 [Forwarding switchToFrame on session 23c4ee5d2a954d328883c0cb6703c309 to remote] DEBUG org.asynchttpclient.netty.request.NettyRequestSender -- Using pooled Channel '[id: 0x5473078d, L:/192.168.1.146:56861 - R:ondemand.us-west-1.saucelabs.com/66.85.52.224:443]' for 'POST' to 'https://oauth-autolazare-558fb:f8d0a4b4-e059-4b39-a9eb-366965b887b1@ondemand.us-west-1.saucelabs.com:443/wd/hub/session/23c4ee5d2a954d328883c0cb6703c309/frame'
12:11:36.177 [Forwarding switchToFrame on session 23c4ee5d2a954d328883c0cb6703c309 to remote] DEBUG org.asynchttpclient.netty.request.NettyRequestSender -- Using open Channel [id: 0x5473078d, L:/192.168.1.146:56861 - R:ondemand.us-west-1.saucelabs.com/66.85.52.224:443] for POST '/wd/hub/session/23c4ee5d2a954d328883c0cb6703c309/frame'
12:11:36.385 [AsyncHttpClient-1-2] DEBUG org.asynchttpclient.netty.handler.HttpHandler -- 

Request DefaultHttpRequest(decodeResult: success, version: HTTP/1.1)
POST /wd/hub/session/23c4ee5d2a954d328883c0cb6703c309/frame HTTP/1.1
User-Agent: selenium/4.9.0 (java windows)
traceparent: 00-b42a2812d10aa295f0930d981e371561-a6688118626863ea-01
Content-Length: 106
Content-Type: application/json; charset=utf-8
host: ondemand.us-west-1.saucelabs.com
authorization: Basic b2F1dGgtYXV0b2xhemFyZS01NThmYjpmOGQwYTRiNC1lMDU5LTRiMzktYTllYi0zNjY5NjViODg3YjE=
accept: */*

Response DefaultHttpResponse(decodeResult: success, version: HTTP/1.1)
HTTP/1.1 200 OK
content-length: 15
content-type: application/json;charset=UTF-8
date: Thu, 11 May 2023 16:11:35 GMT
server: monocle/0.42
x-request-id: 34162d80-9488-47a9-8f33-2a7c69d2e13a

12:11:36.385 [AsyncHttpClient-1-2] DEBUG org.asynchttpclient.netty.channel.ChannelManager -- Adding key: https://ondemand.us-west-1.saucelabs.com:443 for channel [id: 0x5473078d, L:/192.168.1.146:56861 - R:ondemand.us-west-1.saucelabs.com/66.85.52.224:443]
12:11:36.385 [Forwarding executeScript on session 23c4ee5d2a954d328883c0cb6703c309 to remote] DEBUG org.asynchttpclient.netty.request.NettyRequestSender -- Using pooled Channel '[id: 0x5473078d, L:/192.168.1.146:56861 - R:ondemand.us-west-1.saucelabs.com/66.85.52.224:443]' for 'POST' to 'https://oauth-autolazare-558fb:f8d0a4b4-e059-4b39-a9eb-366965b887b1@ondemand.us-west-1.saucelabs.com:443/wd/hub/session/23c4ee5d2a954d328883c0cb6703c309/execute/sync'
12:11:36.385 [Forwarding executeScript on session 23c4ee5d2a954d328883c0cb6703c309 to remote] DEBUG org.asynchttpclient.netty.request.NettyRequestSender -- Using open Channel [id: 0x5473078d, L:/192.168.1.146:56861 - R:ondemand.us-west-1.saucelabs.com/66.85.52.224:443] for POST '/wd/hub/session/23c4ee5d2a954d328883c0cb6703c309/execute/sync'
12:11:36.585 [AsyncHttpClient-1-2] DEBUG org.asynchttpclient.netty.handler.HttpHandler -- 

Request DefaultHttpRequest(decodeResult: success, version: HTTP/1.1)
POST /wd/hub/session/23c4ee5d2a954d328883c0cb6703c309/execute/sync HTTP/1.1
User-Agent: selenium/4.9.0 (java windows)
traceparent: 00-123f6ccf694a3f2700fe7c05a5566c8a-a6c23c10b41dcb35-01
Content-Length: 99
Content-Type: application/json; charset=utf-8
host: ondemand.us-west-1.saucelabs.com
authorization: Basic b2F1dGgtYXV0b2xhemFyZS01NThmYjpmOGQwYTRiNC1lMDU5LTRiMzktYTllYi0zNjY5NjViODg3YjE=
accept: */*

Response DefaultHttpResponse(decodeResult: success, version: HTTP/1.1)
HTTP/1.1 200 OK
content-length: 15
content-type: application/json;charset=UTF-8
date: Thu, 11 May 2023 16:11:35 GMT
server: monocle/0.42
x-request-id: df38128b-e351-4417-b87f-4de15b434c4d

12:11:36.585 [AsyncHttpClient-1-2] DEBUG org.asynchttpclient.netty.channel.ChannelManager -- Adding key: https://ondemand.us-west-1.saucelabs.com:443 for channel [id: 0x5473078d, L:/192.168.1.146:56861 - R:ondemand.us-west-1.saucelabs.com/66.85.52.224:443]
12:11:36.725 [Forwarding findElements on session 23c4ee5d2a954d328883c0cb6703c309 to remote] DEBUG org.asynchttpclient.netty.request.NettyRequestSender -- Using pooled Channel '[id: 0x5473078d, L:/192.168.1.146:56861 - R:ondemand.us-west-1.saucelabs.com/66.85.52.224:443]' for 'POST' to 'https://oauth-autolazare-558fb:f8d0a4b4-e059-4b39-a9eb-366965b887b1@ondemand.us-west-1.saucelabs.com:443/wd/hub/session/23c4ee5d2a954d328883c0cb6703c309/elements'
12:11:36.728 [Forwarding findElements on session 23c4ee5d2a954d328883c0cb6703c309 to remote] DEBUG org.asynchttpclient.netty.request.NettyRequestSender -- Using open Channel [id: 0x5473078d, L:/192.168.1.146:56861 - R:ondemand.us-west-1.saucelabs.com/66.85.52.224:443] for POST '/wd/hub/session/23c4ee5d2a954d328883c0cb6703c309/elements'
12:11:36.916 [AsyncHttpClient-1-2] DEBUG org.asynchttpclient.netty.handler.HttpHandler -- 

Request DefaultHttpRequest(decodeResult: success, version: HTTP/1.1)
POST /wd/hub/session/23c4ee5d2a954d328883c0cb6703c309/elements HTTP/1.1
User-Agent: selenium/4.9.0 (java windows)
traceparent: 00-5ffb170bd9f982fe677f982567a63666-0156990cb115b8d1-01
Content-Length: 98
Content-Type: application/json; charset=utf-8
host: ondemand.us-west-1.saucelabs.com
authorization: Basic b2F1dGgtYXV0b2xhemFyZS01NThmYjpmOGQwYTRiNC1lMDU5LTRiMzktYTllYi0zNjY5NjViODg3YjE=
accept: */*

Response DefaultHttpResponse(decodeResult: success, version: HTTP/1.1)
HTTP/1.1 200 OK
content-length: 13
content-type: application/json;charset=UTF-8
date: Thu, 11 May 2023 16:11:35 GMT
server: monocle/0.42
x-request-id: 919bc383-7214-4b7e-88bc-3bf22fe9bacf

12:11:36.918 [AsyncHttpClient-1-2] DEBUG org.asynchttpclient.netty.channel.ChannelManager -- Adding key: https://ondemand.us-west-1.saucelabs.com:443 for channel [id: 0x5473078d, L:/192.168.1.146:56861 - R:ondemand.us-west-1.saucelabs.com/66.85.52.224:443]
12:11:36.918 [Forwarding switchToParentFrame on session 23c4ee5d2a954d328883c0cb6703c309 to remote] DEBUG org.asynchttpclient.netty.request.NettyRequestSender -- Using pooled Channel '[id: 0x5473078d, L:/192.168.1.146:56861 - R:ondemand.us-west-1.saucelabs.com/66.85.52.224:443]' for 'POST' to 'https://oauth-autolazare-558fb:f8d0a4b4-e059-4b39-a9eb-366965b887b1@ondemand.us-west-1.saucelabs.com:443/wd/hub/session/23c4ee5d2a954d328883c0cb6703c309/frame/parent'
12:11:36.918 [Forwarding switchToParentFrame on session 23c4ee5d2a954d328883c0cb6703c309 to remote] DEBUG org.asynchttpclient.netty.request.NettyRequestSender -- Using open Channel [id: 0x5473078d, L:/192.168.1.146:56861 - R:ondemand.us-west-1.saucelabs.com/66.85.52.224:443] for POST '/wd/hub/session/23c4ee5d2a954d328883c0cb6703c309/frame/parent'
12:11:37.122 [AsyncHttpClient-1-2] DEBUG org.asynchttpclient.netty.handler.HttpHandler -- 

Request DefaultHttpRequest(decodeResult: success, version: HTTP/1.1)
POST /wd/hub/session/23c4ee5d2a954d328883c0cb6703c309/frame/parent HTTP/1.1
User-Agent: selenium/4.9.0 (java windows)
traceparent: 00-d657f0fcf555fb678ff851896f65ac5e-a59f1c26d8fd34b1-01
Content-Length: 3
Content-Type: application/json; charset=utf-8
host: ondemand.us-west-1.saucelabs.com
authorization: Basic b2F1dGgtYXV0b2xhemFyZS01NThmYjpmOGQwYTRiNC1lMDU5LTRiMzktYTllYi0zNjY5NjViODg3YjE=
accept: */*

Response DefaultHttpResponse(decodeResult: success, version: HTTP/1.1)
HTTP/1.1 200 OK
content-length: 15
content-type: application/json;charset=UTF-8
date: Thu, 11 May 2023 16:11:35 GMT
server: monocle/0.42
x-request-id: d829c79c-289f-44d6-a1bb-1cc69107f575

12:11:37.122 [AsyncHttpClient-1-2] DEBUG org.asynchttpclient.netty.channel.ChannelManager -- Adding key: https://ondemand.us-west-1.saucelabs.com:443 for channel [id: 0x5473078d, L:/192.168.1.146:56861 - R:ondemand.us-west-1.saucelabs.com/66.85.52.224:443]
12:11:37.122 [Forwarding switchToFrame on session 23c4ee5d2a954d328883c0cb6703c309 to remote] DEBUG org.asynchttpclient.netty.request.NettyRequestSender -- Using pooled Channel '[id: 0x5473078d, L:/192.168.1.146:56861 - R:ondemand.us-west-1.saucelabs.com/66.85.52.224:443]' for 'POST' to 'https://oauth-autolazare-558fb:f8d0a4b4-e059-4b39-a9eb-366965b887b1@ondemand.us-west-1.saucelabs.com:443/wd/hub/session/23c4ee5d2a954d328883c0cb6703c309/frame'
12:11:37.122 [Forwarding switchToFrame on session 23c4ee5d2a954d328883c0cb6703c309 to remote] DEBUG org.asynchttpclient.netty.request.NettyRequestSender -- Using open Channel [id: 0x5473078d, L:/192.168.1.146:56861 - R:ondemand.us-west-1.saucelabs.com/66.85.52.224:443] for POST '/wd/hub/session/23c4ee5d2a954d328883c0cb6703c309/frame'
12:11:37.334 [AsyncHttpClient-1-2] DEBUG org.asynchttpclient.netty.handler.HttpHandler -- 

Request DefaultHttpRequest(decodeResult: success, version: HTTP/1.1)
POST /wd/hub/session/23c4ee5d2a954d328883c0cb6703c309/frame HTTP/1.1
User-Agent: selenium/4.9.0 (java windows)
traceparent: 00-7cbb5258c17dcca6572b7e333f4b2855-14d5aafd43f1a4f8-01
Content-Length: 106
Content-Type: application/json; charset=utf-8
host: ondemand.us-west-1.saucelabs.com
authorization: Basic b2F1dGgtYXV0b2xhemFyZS01NThmYjpmOGQwYTRiNC1lMDU5LTRiMzktYTllYi0zNjY5NjViODg3YjE=
accept: */*

Response DefaultHttpResponse(decodeResult: success, version: HTTP/1.1)
HTTP/1.1 200 OK
content-length: 15
content-type: application/json;charset=UTF-8
date: Thu, 11 May 2023 16:11:36 GMT
server: monocle/0.42
x-request-id: f8aa6419-5973-4604-aee6-efa45370f31a

12:11:37.334 [AsyncHttpClient-1-2] DEBUG org.asynchttpclient.netty.channel.ChannelManager -- Adding key: https://ondemand.us-west-1.saucelabs.com:443 for channel [id: 0x5473078d, L:/192.168.1.146:56861 - R:ondemand.us-west-1.saucelabs.com/66.85.52.224:443]
12:11:37.334 [Forwarding executeScript on session 23c4ee5d2a954d328883c0cb6703c309 to remote] DEBUG org.asynchttpclient.netty.request.NettyRequestSender -- Using pooled Channel '[id: 0x5473078d, L:/192.168.1.146:56861 - R:ondemand.us-west-1.saucelabs.com/66.85.52.224:443]' for 'POST' to 'https://oauth-autolazare-558fb:f8d0a4b4-e059-4b39-a9eb-366965b887b1@ondemand.us-west-1.saucelabs.com:443/wd/hub/session/23c4ee5d2a954d328883c0cb6703c309/execute/sync'
12:11:37.334 [Forwarding executeScript on session 23c4ee5d2a954d328883c0cb6703c309 to remote] DEBUG org.asynchttpclient.netty.request.NettyRequestSender -- Using open Channel [id: 0x5473078d, L:/192.168.1.146:56861 - R:ondemand.us-west-1.saucelabs.com/66.85.52.224:443] for POST '/wd/hub/session/23c4ee5d2a954d328883c0cb6703c309/execute/sync'
12:11:37.611 [AsyncHttpClient-1-2] DEBUG org.asynchttpclient.netty.handler.HttpHandler -- 

Request DefaultHttpRequest(decodeResult: success, version: HTTP/1.1)
POST /wd/hub/session/23c4ee5d2a954d328883c0cb6703c309/execute/sync HTTP/1.1
User-Agent: selenium/4.9.0 (java windows)
traceparent: 00-a8b8a3b9374ae2464d279ca1a2a5557c-6e1d4c92e85c5822-01
Content-Length: 99
Content-Type: application/json; charset=utf-8
host: ondemand.us-west-1.saucelabs.com
authorization: Basic b2F1dGgtYXV0b2xhemFyZS01NThmYjpmOGQwYTRiNC1lMDU5LTRiMzktYTllYi0zNjY5NjViODg3YjE=
accept: */*

Response DefaultHttpResponse(decodeResult: success, version: HTTP/1.1)
HTTP/1.1 200 OK
content-length: 15
content-type: application/json;charset=UTF-8
date: Thu, 11 May 2023 16:11:36 GMT
server: monocle/0.42
x-request-id: 04e3036c-50ac-40ff-a8c4-5db74050b113

12:11:37.611 [AsyncHttpClient-1-2] DEBUG org.asynchttpclient.netty.channel.ChannelManager -- Adding key: https://ondemand.us-west-1.saucelabs.com:443 for channel [id: 0x5473078d, L:/192.168.1.146:56861 - R:ondemand.us-west-1.saucelabs.com/66.85.52.224:443]
12:11:37.611 [Forwarding findElements on session 23c4ee5d2a954d328883c0cb6703c309 to remote] DEBUG org.asynchttpclient.netty.request.NettyRequestSender -- Using pooled Channel '[id: 0x5473078d, L:/192.168.1.146:56861 - R:ondemand.us-west-1.saucelabs.com/66.85.52.224:443]' for 'POST' to 'https://oauth-autolazare-558fb:f8d0a4b4-e059-4b39-a9eb-366965b887b1@ondemand.us-west-1.saucelabs.com:443/wd/hub/session/23c4ee5d2a954d328883c0cb6703c309/elements'
12:11:37.611 [Forwarding findElements on session 23c4ee5d2a954d328883c0cb6703c309 to remote] DEBUG org.asynchttpclient.netty.request.NettyRequestSender -- Using open Channel [id: 0x5473078d, L:/192.168.1.146:56861 - R:ondemand.us-west-1.saucelabs.com/66.85.52.224:443] for POST '/wd/hub/session/23c4ee5d2a954d328883c0cb6703c309/elements'
12:11:37.776 [AsyncHttpClient-1-2] DEBUG org.asynchttpclient.netty.handler.HttpHandler -- 

Request DefaultHttpRequest(decodeResult: success, version: HTTP/1.1)
POST /wd/hub/session/23c4ee5d2a954d328883c0cb6703c309/elements HTTP/1.1
User-Agent: selenium/4.9.0 (java windows)
traceparent: 00-2ca5f1bff8313545e42e2a07b0093608-321d8fde70d3d594-01
Content-Length: 98
Content-Type: application/json; charset=utf-8
host: ondemand.us-west-1.saucelabs.com
authorization: Basic b2F1dGgtYXV0b2xhemFyZS01NThmYjpmOGQwYTRiNC1lMDU5LTRiMzktYTllYi0zNjY5NjViODg3YjE=
accept: */*

Response DefaultHttpResponse(decodeResult: success, version: HTTP/1.1)
HTTP/1.1 200 OK
content-length: 13
content-type: application/json;charset=UTF-8
date: Thu, 11 May 2023 16:11:36 GMT
server: monocle/0.42
x-request-id: 6cda3e7b-90fa-45e5-a919-70a73020552d

12:11:37.776 [AsyncHttpClient-1-2] DEBUG org.asynchttpclient.netty.channel.ChannelManager -- Adding key: https://ondemand.us-west-1.saucelabs.com:443 for channel [id: 0x5473078d, L:/192.168.1.146:56861 - R:ondemand.us-west-1.saucelabs.com/66.85.52.224:443]
12:11:37.784 [Forwarding switchToParentFrame on session 23c4ee5d2a954d328883c0cb6703c309 to remote] DEBUG org.asynchttpclient.netty.request.NettyRequestSender -- Using pooled Channel '[id: 0x5473078d, L:/192.168.1.146:56861 - R:ondemand.us-west-1.saucelabs.com/66.85.52.224:443]' for 'POST' to 'https://oauth-autolazare-558fb:f8d0a4b4-e059-4b39-a9eb-366965b887b1@ondemand.us-west-1.saucelabs.com:443/wd/hub/session/23c4ee5d2a954d328883c0cb6703c309/frame/parent'
12:11:37.785 [Forwarding switchToParentFrame on session 23c4ee5d2a954d328883c0cb6703c309 to remote] DEBUG org.asynchttpclient.netty.request.NettyRequestSender -- Using open Channel [id: 0x5473078d, L:/192.168.1.146:56861 - R:ondemand.us-west-1.saucelabs.com/66.85.52.224:443] for POST '/wd/hub/session/23c4ee5d2a954d328883c0cb6703c309/frame/parent'
12:11:37.968 [AsyncHttpClient-1-2] DEBUG org.asynchttpclient.netty.handler.HttpHandler -- 

Request DefaultHttpRequest(decodeResult: success, version: HTTP/1.1)
POST /wd/hub/session/23c4ee5d2a954d328883c0cb6703c309/frame/parent HTTP/1.1
User-Agent: selenium/4.9.0 (java windows)
traceparent: 00-aca04af5b76b4e860596e11fff52ab89-4a23cd7ca01a8858-01
Content-Length: 3
Content-Type: application/json; charset=utf-8
host: ondemand.us-west-1.saucelabs.com
authorization: Basic b2F1dGgtYXV0b2xhemFyZS01NThmYjpmOGQwYTRiNC1lMDU5LTRiMzktYTllYi0zNjY5NjViODg3YjE=
accept: */*

Response DefaultHttpResponse(decodeResult: success, version: HTTP/1.1)
HTTP/1.1 200 OK
content-length: 15
content-type: application/json;charset=UTF-8
date: Thu, 11 May 2023 16:11:36 GMT
server: monocle/0.42
x-request-id: 8c79ce06-8d73-4ff0-b5e5-af5ed246f58a

12:11:37.969 [AsyncHttpClient-1-2] DEBUG org.asynchttpclient.netty.channel.ChannelManager -- Adding key: https://ondemand.us-west-1.saucelabs.com:443 for channel [id: 0x5473078d, L:/192.168.1.146:56861 - R:ondemand.us-west-1.saucelabs.com/66.85.52.224:443]
12:11:37.969 [Forwarding switchToParentFrame on session 23c4ee5d2a954d328883c0cb6703c309 to remote] DEBUG org.asynchttpclient.netty.request.NettyRequestSender -- Using pooled Channel '[id: 0x5473078d, L:/192.168.1.146:56861 - R:ondemand.us-west-1.saucelabs.com/66.85.52.224:443]' for 'POST' to 'https://oauth-autolazare-558fb:f8d0a4b4-e059-4b39-a9eb-366965b887b1@ondemand.us-west-1.saucelabs.com:443/wd/hub/session/23c4ee5d2a954d328883c0cb6703c309/frame/parent'
12:11:37.969 [Forwarding switchToParentFrame on session 23c4ee5d2a954d328883c0cb6703c309 to remote] DEBUG org.asynchttpclient.netty.request.NettyRequestSender -- Using open Channel [id: 0x5473078d, L:/192.168.1.146:56861 - R:ondemand.us-west-1.saucelabs.com/66.85.52.224:443] for POST '/wd/hub/session/23c4ee5d2a954d328883c0cb6703c309/frame/parent'
12:11:38.161 [AsyncHttpClient-1-2] DEBUG org.asynchttpclient.netty.handler.HttpHandler -- 

Request DefaultHttpRequest(decodeResult: success, version: HTTP/1.1)
POST /wd/hub/session/23c4ee5d2a954d328883c0cb6703c309/frame/parent HTTP/1.1
User-Agent: selenium/4.9.0 (java windows)
traceparent: 00-7fc08061749d9f80aec5aa31db444553-608ccfb3a29b81ab-01
Content-Length: 3
Content-Type: application/json; charset=utf-8
host: ondemand.us-west-1.saucelabs.com
authorization: Basic b2F1dGgtYXV0b2xhemFyZS01NThmYjpmOGQwYTRiNC1lMDU5LTRiMzktYTllYi0zNjY5NjViODg3YjE=
accept: */*

Response DefaultHttpResponse(decodeResult: success, version: HTTP/1.1)
HTTP/1.1 200 OK
content-length: 15
content-type: application/json;charset=UTF-8
date: Thu, 11 May 2023 16:11:36 GMT
server: monocle/0.42
x-request-id: 183559a4-32a5-4f30-b75a-c3b4c68ef97b

12:11:38.161 [AsyncHttpClient-1-2] DEBUG org.asynchttpclient.netty.channel.ChannelManager -- Adding key: https://ondemand.us-west-1.saucelabs.com:443 for channel [id: 0x5473078d, L:/192.168.1.146:56861 - R:ondemand.us-west-1.saucelabs.com/66.85.52.224:443]
12:11:38.166 [Forwarding switchToFrame on session 23c4ee5d2a954d328883c0cb6703c309 to remote] DEBUG org.asynchttpclient.netty.request.NettyRequestSender -- Using pooled Channel '[id: 0x5473078d, L:/192.168.1.146:56861 - R:ondemand.us-west-1.saucelabs.com/66.85.52.224:443]' for 'POST' to 'https://oauth-autolazare-558fb:f8d0a4b4-e059-4b39-a9eb-366965b887b1@ondemand.us-west-1.saucelabs.com:443/wd/hub/session/23c4ee5d2a954d328883c0cb6703c309/frame'
12:11:38.166 [Forwarding switchToFrame on session 23c4ee5d2a954d328883c0cb6703c309 to remote] DEBUG org.asynchttpclient.netty.request.NettyRequestSender -- Using open Channel [id: 0x5473078d, L:/192.168.1.146:56861 - R:ondemand.us-west-1.saucelabs.com/66.85.52.224:443] for POST '/wd/hub/session/23c4ee5d2a954d328883c0cb6703c309/frame'
12:11:38.366 [AsyncHttpClient-1-2] DEBUG org.asynchttpclient.netty.handler.HttpHandler -- 

Request DefaultHttpRequest(decodeResult: success, version: HTTP/1.1)
POST /wd/hub/session/23c4ee5d2a954d328883c0cb6703c309/frame HTTP/1.1
User-Agent: selenium/4.9.0 (java windows)
traceparent: 00-ff85832a6c2c1acaf1806001f8216438-79baf6127915cbc6-01
Content-Length: 106
Content-Type: application/json; charset=utf-8
host: ondemand.us-west-1.saucelabs.com
authorization: Basic b2F1dGgtYXV0b2xhemFyZS01NThmYjpmOGQwYTRiNC1lMDU5LTRiMzktYTllYi0zNjY5NjViODg3YjE=
accept: */*

Response DefaultHttpResponse(decodeResult: success, version: HTTP/1.1)
HTTP/1.1 200 OK
content-length: 15
content-type: application/json;charset=UTF-8
date: Thu, 11 May 2023 16:11:37 GMT
server: monocle/0.42
x-request-id: b9e16cc8-3d4d-4f5b-9129-29c4d0c3604c

12:11:38.367 [AsyncHttpClient-1-2] DEBUG org.asynchttpclient.netty.channel.ChannelManager -- Adding key: https://ondemand.us-west-1.saucelabs.com:443 for channel [id: 0x5473078d, L:/192.168.1.146:56861 - R:ondemand.us-west-1.saucelabs.com/66.85.52.224:443]
12:11:38.369 [Forwarding executeScript on session 23c4ee5d2a954d328883c0cb6703c309 to remote] DEBUG org.asynchttpclient.netty.request.NettyRequestSender -- Using pooled Channel '[id: 0x5473078d, L:/192.168.1.146:56861 - R:ondemand.us-west-1.saucelabs.com/66.85.52.224:443]' for 'POST' to 'https://oauth-autolazare-558fb:f8d0a4b4-e059-4b39-a9eb-366965b887b1@ondemand.us-west-1.saucelabs.com:443/wd/hub/session/23c4ee5d2a954d328883c0cb6703c309/execute/sync'
12:11:38.369 [Forwarding executeScript on session 23c4ee5d2a954d328883c0cb6703c309 to remote] DEBUG org.asynchttpclient.netty.request.NettyRequestSender -- Using open Channel [id: 0x5473078d, L:/192.168.1.146:56861 - R:ondemand.us-west-1.saucelabs.com/66.85.52.224:443] for POST '/wd/hub/session/23c4ee5d2a954d328883c0cb6703c309/execute/sync'
12:11:38.541 [AsyncHttpClient-1-2] DEBUG org.asynchttpclient.netty.handler.HttpHandler -- 

Request DefaultHttpRequest(decodeResult: success, version: HTTP/1.1)
POST /wd/hub/session/23c4ee5d2a954d328883c0cb6703c309/execute/sync HTTP/1.1
User-Agent: selenium/4.9.0 (java windows)
traceparent: 00-216564ff80ffcce6a4f451415f69b5ce-4b56b3efcac67386-01
Content-Length: 99
Content-Type: application/json; charset=utf-8
host: ondemand.us-west-1.saucelabs.com
authorization: Basic b2F1dGgtYXV0b2xhemFyZS01NThmYjpmOGQwYTRiNC1lMDU5LTRiMzktYTllYi0zNjY5NjViODg3YjE=
accept: */*

Response DefaultHttpResponse(decodeResult: success, version: HTTP/1.1)
HTTP/1.1 200 OK
content-length: 15
content-type: application/json;charset=UTF-8
date: Thu, 11 May 2023 16:11:37 GMT
server: monocle/0.42
x-request-id: 995a683a-5535-4fbf-a288-556f49e93c31

12:11:38.541 [AsyncHttpClient-1-2] DEBUG org.asynchttpclient.netty.channel.ChannelManager -- Adding key: https://ondemand.us-west-1.saucelabs.com:443 for channel [id: 0x5473078d, L:/192.168.1.146:56861 - R:ondemand.us-west-1.saucelabs.com/66.85.52.224:443]
12:11:38.546 [Forwarding findElements on session 23c4ee5d2a954d328883c0cb6703c309 to remote] DEBUG org.asynchttpclient.netty.request.NettyRequestSender -- Using pooled Channel '[id: 0x5473078d, L:/192.168.1.146:56861 - R:ondemand.us-west-1.saucelabs.com/66.85.52.224:443]' for 'POST' to 'https://oauth-autolazare-558fb:f8d0a4b4-e059-4b39-a9eb-366965b887b1@ondemand.us-west-1.saucelabs.com:443/wd/hub/session/23c4ee5d2a954d328883c0cb6703c309/elements'
12:11:38.546 [Forwarding findElements on session 23c4ee5d2a954d328883c0cb6703c309 to remote] DEBUG org.asynchttpclient.netty.request.NettyRequestSender -- Using open Channel [id: 0x5473078d, L:/192.168.1.146:56861 - R:ondemand.us-west-1.saucelabs.com/66.85.52.224:443] for POST '/wd/hub/session/23c4ee5d2a954d328883c0cb6703c309/elements'
12:11:38.712 [AsyncHttpClient-1-2] DEBUG org.asynchttpclient.netty.handler.HttpHandler -- 

Request DefaultHttpRequest(decodeResult: success, version: HTTP/1.1)
POST /wd/hub/session/23c4ee5d2a954d328883c0cb6703c309/elements HTTP/1.1
User-Agent: selenium/4.9.0 (java windows)
traceparent: 00-4acf42e200c0e42228b63c6c69f01d7a-7efaa791113e3d08-01
Content-Length: 98
Content-Type: application/json; charset=utf-8
host: ondemand.us-west-1.saucelabs.com
authorization: Basic b2F1dGgtYXV0b2xhemFyZS01NThmYjpmOGQwYTRiNC1lMDU5LTRiMzktYTllYi0zNjY5NjViODg3YjE=
accept: */*

Response DefaultHttpResponse(decodeResult: success, version: HTTP/1.1)
HTTP/1.1 200 OK
content-length: 98
content-type: application/json;charset=UTF-8
date: Thu, 11 May 2023 16:11:37 GMT
server: monocle/0.42
x-request-id: 30ed6bbf-46e4-4bd1-a357-9a09be854c59

12:11:38.712 [AsyncHttpClient-1-2] DEBUG org.asynchttpclient.netty.channel.ChannelManager -- Adding key: https://ondemand.us-west-1.saucelabs.com:443 for channel [id: 0x5473078d, L:/192.168.1.146:56861 - R:ondemand.us-west-1.saucelabs.com/66.85.52.224:443]
12:11:38.715 [Forwarding switchToFrame on session 23c4ee5d2a954d328883c0cb6703c309 to remote] DEBUG org.asynchttpclient.netty.request.NettyRequestSender -- Using pooled Channel '[id: 0x5473078d, L:/192.168.1.146:56861 - R:ondemand.us-west-1.saucelabs.com/66.85.52.224:443]' for 'POST' to 'https://oauth-autolazare-558fb:f8d0a4b4-e059-4b39-a9eb-366965b887b1@ondemand.us-west-1.saucelabs.com:443/wd/hub/session/23c4ee5d2a954d328883c0cb6703c309/frame'
12:11:38.716 [Forwarding switchToFrame on session 23c4ee5d2a954d328883c0cb6703c309 to remote] DEBUG org.asynchttpclient.netty.request.NettyRequestSender -- Using open Channel [id: 0x5473078d, L:/192.168.1.146:56861 - R:ondemand.us-west-1.saucelabs.com/66.85.52.224:443] for POST '/wd/hub/session/23c4ee5d2a954d328883c0cb6703c309/frame'
12:11:38.897 [AsyncHttpClient-1-2] DEBUG org.asynchttpclient.netty.handler.HttpHandler -- 

Request DefaultHttpRequest(decodeResult: success, version: HTTP/1.1)
POST /wd/hub/session/23c4ee5d2a954d328883c0cb6703c309/frame HTTP/1.1
User-Agent: selenium/4.9.0 (java windows)
traceparent: 00-184049792d7614780d353108f9a7ba28-f149a1d833b50801-01
Content-Length: 105
Content-Type: application/json; charset=utf-8
host: ondemand.us-west-1.saucelabs.com
authorization: Basic b2F1dGgtYXV0b2xhemFyZS01NThmYjpmOGQwYTRiNC1lMDU5LTRiMzktYTllYi0zNjY5NjViODg3YjE=
accept: */*

Response DefaultHttpResponse(decodeResult: success, version: HTTP/1.1)
HTTP/1.1 200 OK
content-length: 15
content-type: application/json;charset=UTF-8
date: Thu, 11 May 2023 16:11:37 GMT
server: monocle/0.42
x-request-id: 04c84e88-4ff4-499b-b63b-45ea6ac43090

12:11:38.897 [AsyncHttpClient-1-2] DEBUG org.asynchttpclient.netty.channel.ChannelManager -- Adding key: https://ondemand.us-west-1.saucelabs.com:443 for channel [id: 0x5473078d, L:/192.168.1.146:56861 - R:ondemand.us-west-1.saucelabs.com/66.85.52.224:443]
12:11:38.897 [Forwarding executeScript on session 23c4ee5d2a954d328883c0cb6703c309 to remote] DEBUG org.asynchttpclient.netty.request.NettyRequestSender -- Using pooled Channel '[id: 0x5473078d, L:/192.168.1.146:56861 - R:ondemand.us-west-1.saucelabs.com/66.85.52.224:443]' for 'POST' to 'https://oauth-autolazare-558fb:f8d0a4b4-e059-4b39-a9eb-366965b887b1@ondemand.us-west-1.saucelabs.com:443/wd/hub/session/23c4ee5d2a954d328883c0cb6703c309/execute/sync'
12:11:38.897 [Forwarding executeScript on session 23c4ee5d2a954d328883c0cb6703c309 to remote] DEBUG org.asynchttpclient.netty.request.NettyRequestSender -- Using open Channel [id: 0x5473078d, L:/192.168.1.146:56861 - R:ondemand.us-west-1.saucelabs.com/66.85.52.224:443] for POST '/wd/hub/session/23c4ee5d2a954d328883c0cb6703c309/execute/sync'
12:11:39.069 [AsyncHttpClient-1-2] DEBUG org.asynchttpclient.netty.handler.HttpHandler -- 

Request DefaultHttpRequest(decodeResult: success, version: HTTP/1.1)
POST /wd/hub/session/23c4ee5d2a954d328883c0cb6703c309/execute/sync HTTP/1.1
User-Agent: selenium/4.9.0 (java windows)
traceparent: 00-2c52d14b48b3d9ba43b4ad7b285c51f0-bd5c7b92a287fddf-01
Content-Length: 99
Content-Type: application/json; charset=utf-8
host: ondemand.us-west-1.saucelabs.com
authorization: Basic b2F1dGgtYXV0b2xhemFyZS01NThmYjpmOGQwYTRiNC1lMDU5LTRiMzktYTllYi0zNjY5NjViODg3YjE=
accept: */*

Response DefaultHttpResponse(decodeResult: success, version: HTTP/1.1)
HTTP/1.1 200 OK
content-length: 15
content-type: application/json;charset=UTF-8
date: Thu, 11 May 2023 16:11:37 GMT
server: monocle/0.42
x-request-id: 2628801f-224f-4fe4-b53e-1868fa5e8377

12:11:39.069 [AsyncHttpClient-1-2] DEBUG org.asynchttpclient.netty.channel.ChannelManager -- Adding key: https://ondemand.us-west-1.saucelabs.com:443 for channel [id: 0x5473078d, L:/192.168.1.146:56861 - R:ondemand.us-west-1.saucelabs.com/66.85.52.224:443]
12:11:39.069 [Forwarding findElements on session 23c4ee5d2a954d328883c0cb6703c309 to remote] DEBUG org.asynchttpclient.netty.request.NettyRequestSender -- Using pooled Channel '[id: 0x5473078d, L:/192.168.1.146:56861 - R:ondemand.us-west-1.saucelabs.com/66.85.52.224:443]' for 'POST' to 'https://oauth-autolazare-558fb:f8d0a4b4-e059-4b39-a9eb-366965b887b1@ondemand.us-west-1.saucelabs.com:443/wd/hub/session/23c4ee5d2a954d328883c0cb6703c309/elements'
12:11:39.069 [Forwarding findElements on session 23c4ee5d2a954d328883c0cb6703c309 to remote] DEBUG org.asynchttpclient.netty.request.NettyRequestSender -- Using open Channel [id: 0x5473078d, L:/192.168.1.146:56861 - R:ondemand.us-west-1.saucelabs.com/66.85.52.224:443] for POST '/wd/hub/session/23c4ee5d2a954d328883c0cb6703c309/elements'
12:11:39.333 [AsyncHttpClient-1-2] DEBUG org.asynchttpclient.netty.handler.HttpHandler -- 

Request DefaultHttpRequest(decodeResult: success, version: HTTP/1.1)
POST /wd/hub/session/23c4ee5d2a954d328883c0cb6703c309/elements HTTP/1.1
User-Agent: selenium/4.9.0 (java windows)
traceparent: 00-0f463229753f89e69c1d39d7473096a1-58985287d7909122-01
Content-Length: 98
Content-Type: application/json; charset=utf-8
host: ondemand.us-west-1.saucelabs.com
authorization: Basic b2F1dGgtYXV0b2xhemFyZS01NThmYjpmOGQwYTRiNC1lMDU5LTRiMzktYTllYi0zNjY5NjViODg3YjE=
accept: */*

Response DefaultHttpResponse(decodeResult: success, version: HTTP/1.1)
HTTP/1.1 200 OK
content-length: 13
content-type: application/json;charset=UTF-8
date: Thu, 11 May 2023 16:11:37 GMT
server: monocle/0.42
x-request-id: 381a0bab-87e6-4f3c-92d3-d79f81c5b3a6

12:11:39.333 [AsyncHttpClient-1-2] DEBUG org.asynchttpclient.netty.channel.ChannelManager -- Adding key: https://ondemand.us-west-1.saucelabs.com:443 for channel [id: 0x5473078d, L:/192.168.1.146:56861 - R:ondemand.us-west-1.saucelabs.com/66.85.52.224:443]
12:11:39.337 [Forwarding switchToParentFrame on session 23c4ee5d2a954d328883c0cb6703c309 to remote] DEBUG org.asynchttpclient.netty.request.NettyRequestSender -- Using pooled Channel '[id: 0x5473078d, L:/192.168.1.146:56861 - R:ondemand.us-west-1.saucelabs.com/66.85.52.224:443]' for 'POST' to 'https://oauth-autolazare-558fb:f8d0a4b4-e059-4b39-a9eb-366965b887b1@ondemand.us-west-1.saucelabs.com:443/wd/hub/session/23c4ee5d2a954d328883c0cb6703c309/frame/parent'
12:11:39.337 [Forwarding switchToParentFrame on session 23c4ee5d2a954d328883c0cb6703c309 to remote] DEBUG org.asynchttpclient.netty.request.NettyRequestSender -- Using open Channel [id: 0x5473078d, L:/192.168.1.146:56861 - R:ondemand.us-west-1.saucelabs.com/66.85.52.224:443] for POST '/wd/hub/session/23c4ee5d2a954d328883c0cb6703c309/frame/parent'
12:11:39.545 [AsyncHttpClient-1-2] DEBUG org.asynchttpclient.netty.handler.HttpHandler -- 

Request DefaultHttpRequest(decodeResult: success, version: HTTP/1.1)
POST /wd/hub/session/23c4ee5d2a954d328883c0cb6703c309/frame/parent HTTP/1.1
User-Agent: selenium/4.9.0 (java windows)
traceparent: 00-1db4408f8dbfd851fbb5d159f51a6ed9-d1fb7bff4dd6b11d-01
Content-Length: 3
Content-Type: application/json; charset=utf-8
host: ondemand.us-west-1.saucelabs.com
authorization: Basic b2F1dGgtYXV0b2xhemFyZS01NThmYjpmOGQwYTRiNC1lMDU5LTRiMzktYTllYi0zNjY5NjViODg3YjE=
accept: */*

Response DefaultHttpResponse(decodeResult: success, version: HTTP/1.1)
HTTP/1.1 200 OK
content-length: 15
content-type: application/json;charset=UTF-8
date: Thu, 11 May 2023 16:11:38 GMT
server: monocle/0.42
x-request-id: 57af9678-634a-42a4-9fe1-21008e4289ef

12:11:39.545 [AsyncHttpClient-1-2] DEBUG org.asynchttpclient.netty.channel.ChannelManager -- Adding key: https://ondemand.us-west-1.saucelabs.com:443 for channel [id: 0x5473078d, L:/192.168.1.146:56861 - R:ondemand.us-west-1.saucelabs.com/66.85.52.224:443]
12:11:39.545 [Forwarding switchToParentFrame on session 23c4ee5d2a954d328883c0cb6703c309 to remote] DEBUG org.asynchttpclient.netty.request.NettyRequestSender -- Using pooled Channel '[id: 0x5473078d, L:/192.168.1.146:56861 - R:ondemand.us-west-1.saucelabs.com/66.85.52.224:443]' for 'POST' to 'https://oauth-autolazare-558fb:f8d0a4b4-e059-4b39-a9eb-366965b887b1@ondemand.us-west-1.saucelabs.com:443/wd/hub/session/23c4ee5d2a954d328883c0cb6703c309/frame/parent'
12:11:39.545 [Forwarding switchToParentFrame on session 23c4ee5d2a954d328883c0cb6703c309 to remote] DEBUG org.asynchttpclient.netty.request.NettyRequestSender -- Using open Channel [id: 0x5473078d, L:/192.168.1.146:56861 - R:ondemand.us-west-1.saucelabs.com/66.85.52.224:443] for POST '/wd/hub/session/23c4ee5d2a954d328883c0cb6703c309/frame/parent'
12:11:39.728 [AsyncHttpClient-1-2] DEBUG org.asynchttpclient.netty.handler.HttpHandler -- 

Request DefaultHttpRequest(decodeResult: success, version: HTTP/1.1)
POST /wd/hub/session/23c4ee5d2a954d328883c0cb6703c309/frame/parent HTTP/1.1
User-Agent: selenium/4.9.0 (java windows)
traceparent: 00-381736f4b0d64e3255390e570401024a-087f1f7cccd71297-01
Content-Length: 3
Content-Type: application/json; charset=utf-8
host: ondemand.us-west-1.saucelabs.com
authorization: Basic b2F1dGgtYXV0b2xhemFyZS01NThmYjpmOGQwYTRiNC1lMDU5LTRiMzktYTllYi0zNjY5NjViODg3YjE=
accept: */*

Response DefaultHttpResponse(decodeResult: success, version: HTTP/1.1)
HTTP/1.1 200 OK
content-length: 15
content-type: application/json;charset=UTF-8
date: Thu, 11 May 2023 16:11:38 GMT
server: monocle/0.42
x-request-id: c0e12fd6-567f-452c-9ee4-f22f6b27c98d

12:11:39.731 [AsyncHttpClient-1-2] DEBUG org.asynchttpclient.netty.channel.ChannelManager -- Adding key: https://ondemand.us-west-1.saucelabs.com:443 for channel [id: 0x5473078d, L:/192.168.1.146:56861 - R:ondemand.us-west-1.saucelabs.com/66.85.52.224:443]
12:11:39.732 [Forwarding switchToFrame on session 23c4ee5d2a954d328883c0cb6703c309 to remote] DEBUG org.asynchttpclient.netty.request.NettyRequestSender -- Using pooled Channel '[id: 0x5473078d, L:/192.168.1.146:56861 - R:ondemand.us-west-1.saucelabs.com/66.85.52.224:443]' for 'POST' to 'https://oauth-autolazare-558fb:f8d0a4b4-e059-4b39-a9eb-366965b887b1@ondemand.us-west-1.saucelabs.com:443/wd/hub/session/23c4ee5d2a954d328883c0cb6703c309/frame'
12:11:39.732 [Forwarding switchToFrame on session 23c4ee5d2a954d328883c0cb6703c309 to remote] DEBUG org.asynchttpclient.netty.request.NettyRequestSender -- Using open Channel [id: 0x5473078d, L:/192.168.1.146:56861 - R:ondemand.us-west-1.saucelabs.com/66.85.52.224:443] for POST '/wd/hub/session/23c4ee5d2a954d328883c0cb6703c309/frame'
12:11:39.933 [AsyncHttpClient-1-2] DEBUG org.asynchttpclient.netty.handler.HttpHandler -- 

Request DefaultHttpRequest(decodeResult: success, version: HTTP/1.1)
POST /wd/hub/session/23c4ee5d2a954d328883c0cb6703c309/frame HTTP/1.1
User-Agent: selenium/4.9.0 (java windows)
traceparent: 00-ca141fd989bf43ac5f7ed9485eba2b76-c50928807559ead7-01
Content-Length: 106
Content-Type: application/json; charset=utf-8
host: ondemand.us-west-1.saucelabs.com
authorization: Basic b2F1dGgtYXV0b2xhemFyZS01NThmYjpmOGQwYTRiNC1lMDU5LTRiMzktYTllYi0zNjY5NjViODg3YjE=
accept: */*

Response DefaultHttpResponse(decodeResult: success, version: HTTP/1.1)
HTTP/1.1 200 OK
content-length: 15
content-type: application/json;charset=UTF-8
date: Thu, 11 May 2023 16:11:38 GMT
server: monocle/0.42
x-request-id: 964b9437-ff6c-4dd9-87ba-04468cec9cdb

12:11:39.933 [AsyncHttpClient-1-2] DEBUG org.asynchttpclient.netty.channel.ChannelManager -- Adding key: https://ondemand.us-west-1.saucelabs.com:443 for channel [id: 0x5473078d, L:/192.168.1.146:56861 - R:ondemand.us-west-1.saucelabs.com/66.85.52.224:443]
12:11:39.937 [Forwarding executeScript on session 23c4ee5d2a954d328883c0cb6703c309 to remote] DEBUG org.asynchttpclient.netty.request.NettyRequestSender -- Using pooled Channel '[id: 0x5473078d, L:/192.168.1.146:56861 - R:ondemand.us-west-1.saucelabs.com/66.85.52.224:443]' for 'POST' to 'https://oauth-autolazare-558fb:f8d0a4b4-e059-4b39-a9eb-366965b887b1@ondemand.us-west-1.saucelabs.com:443/wd/hub/session/23c4ee5d2a954d328883c0cb6703c309/execute/sync'
12:11:39.937 [Forwarding executeScript on session 23c4ee5d2a954d328883c0cb6703c309 to remote] DEBUG org.asynchttpclient.netty.request.NettyRequestSender -- Using open Channel [id: 0x5473078d, L:/192.168.1.146:56861 - R:ondemand.us-west-1.saucelabs.com/66.85.52.224:443] for POST '/wd/hub/session/23c4ee5d2a954d328883c0cb6703c309/execute/sync'
12:11:40.105 [AsyncHttpClient-1-2] DEBUG org.asynchttpclient.netty.handler.HttpHandler -- 

Request DefaultHttpRequest(decodeResult: success, version: HTTP/1.1)
POST /wd/hub/session/23c4ee5d2a954d328883c0cb6703c309/execute/sync HTTP/1.1
User-Agent: selenium/4.9.0 (java windows)
traceparent: 00-c550aa61864e81e5d3947b93951410a3-b52d727d04b01d84-01
Content-Length: 99
Content-Type: application/json; charset=utf-8
host: ondemand.us-west-1.saucelabs.com
authorization: Basic b2F1dGgtYXV0b2xhemFyZS01NThmYjpmOGQwYTRiNC1lMDU5LTRiMzktYTllYi0zNjY5NjViODg3YjE=
accept: */*

Response DefaultHttpResponse(decodeResult: success, version: HTTP/1.1)
HTTP/1.1 200 OK
content-length: 15
content-type: application/json;charset=UTF-8
date: Thu, 11 May 2023 16:11:38 GMT
server: monocle/0.42
x-request-id: dc7a6310-e12e-4593-92ca-c6933d0f97bc

12:11:40.105 [AsyncHttpClient-1-2] DEBUG org.asynchttpclient.netty.channel.ChannelManager -- Adding key: https://ondemand.us-west-1.saucelabs.com:443 for channel [id: 0x5473078d, L:/192.168.1.146:56861 - R:ondemand.us-west-1.saucelabs.com/66.85.52.224:443]
12:11:40.105 [Forwarding findElements on session 23c4ee5d2a954d328883c0cb6703c309 to remote] DEBUG org.asynchttpclient.netty.request.NettyRequestSender -- Using pooled Channel '[id: 0x5473078d, L:/192.168.1.146:56861 - R:ondemand.us-west-1.saucelabs.com/66.85.52.224:443]' for 'POST' to 'https://oauth-autolazare-558fb:f8d0a4b4-e059-4b39-a9eb-366965b887b1@ondemand.us-west-1.saucelabs.com:443/wd/hub/session/23c4ee5d2a954d328883c0cb6703c309/elements'
12:11:40.105 [Forwarding findElements on session 23c4ee5d2a954d328883c0cb6703c309 to remote] DEBUG org.asynchttpclient.netty.request.NettyRequestSender -- Using open Channel [id: 0x5473078d, L:/192.168.1.146:56861 - R:ondemand.us-west-1.saucelabs.com/66.85.52.224:443] for POST '/wd/hub/session/23c4ee5d2a954d328883c0cb6703c309/elements'
12:11:40.366 [AsyncHttpClient-1-2] DEBUG org.asynchttpclient.netty.handler.HttpHandler -- 

Request DefaultHttpRequest(decodeResult: success, version: HTTP/1.1)
POST /wd/hub/session/23c4ee5d2a954d328883c0cb6703c309/elements HTTP/1.1
User-Agent: selenium/4.9.0 (java windows)
traceparent: 00-df94276f7a290f735ce2d0de663ae203-084881ab9d06e237-01
Content-Length: 98
Content-Type: application/json; charset=utf-8
host: ondemand.us-west-1.saucelabs.com
authorization: Basic b2F1dGgtYXV0b2xhemFyZS01NThmYjpmOGQwYTRiNC1lMDU5LTRiMzktYTllYi0zNjY5NjViODg3YjE=
accept: */*

Response DefaultHttpResponse(decodeResult: success, version: HTTP/1.1)
HTTP/1.1 200 OK
content-length: 13
content-type: application/json;charset=UTF-8
date: Thu, 11 May 2023 16:11:38 GMT
server: monocle/0.42
x-request-id: cbf102a4-0b92-4ee8-ad90-8cf1333c77f8

12:11:40.366 [AsyncHttpClient-1-2] DEBUG org.asynchttpclient.netty.channel.ChannelManager -- Adding key: https://ondemand.us-west-1.saucelabs.com:443 for channel [id: 0x5473078d, L:/192.168.1.146:56861 - R:ondemand.us-west-1.saucelabs.com/66.85.52.224:443]
12:11:40.374 [Forwarding switchToParentFrame on session 23c4ee5d2a954d328883c0cb6703c309 to remote] DEBUG org.asynchttpclient.netty.request.NettyRequestSender -- Using pooled Channel '[id: 0x5473078d, L:/192.168.1.146:56861 - R:ondemand.us-west-1.saucelabs.com/66.85.52.224:443]' for 'POST' to 'https://oauth-autolazare-558fb:f8d0a4b4-e059-4b39-a9eb-366965b887b1@ondemand.us-west-1.saucelabs.com:443/wd/hub/session/23c4ee5d2a954d328883c0cb6703c309/frame/parent'
12:11:40.375 [Forwarding switchToParentFrame on session 23c4ee5d2a954d328883c0cb6703c309 to remote] DEBUG org.asynchttpclient.netty.request.NettyRequestSender -- Using open Channel [id: 0x5473078d, L:/192.168.1.146:56861 - R:ondemand.us-west-1.saucelabs.com/66.85.52.224:443] for POST '/wd/hub/session/23c4ee5d2a954d328883c0cb6703c309/frame/parent'
12:11:40.556 [AsyncHttpClient-1-2] DEBUG org.asynchttpclient.netty.handler.HttpHandler -- 

Request DefaultHttpRequest(decodeResult: success, version: HTTP/1.1)
POST /wd/hub/session/23c4ee5d2a954d328883c0cb6703c309/frame/parent HTTP/1.1
User-Agent: selenium/4.9.0 (java windows)
traceparent: 00-cf78db6e939fddc3acf2e2e0a9731873-0c7d67df6e57efc3-01
Content-Length: 3
Content-Type: application/json; charset=utf-8
host: ondemand.us-west-1.saucelabs.com
authorization: Basic b2F1dGgtYXV0b2xhemFyZS01NThmYjpmOGQwYTRiNC1lMDU5LTRiMzktYTllYi0zNjY5NjViODg3YjE=
accept: */*

Response DefaultHttpResponse(decodeResult: success, version: HTTP/1.1)
HTTP/1.1 200 OK
content-length: 15
content-type: application/json;charset=UTF-8
date: Thu, 11 May 2023 16:11:39 GMT
server: monocle/0.42
x-request-id: 175cf29c-07f6-44f1-8fa3-160aff4ba147

12:11:40.556 [AsyncHttpClient-1-2] DEBUG org.asynchttpclient.netty.channel.ChannelManager -- Adding key: https://ondemand.us-west-1.saucelabs.com:443 for channel [id: 0x5473078d, L:/192.168.1.146:56861 - R:ondemand.us-west-1.saucelabs.com/66.85.52.224:443]
12:11:40.556 [Forwarding switchToFrame on session 23c4ee5d2a954d328883c0cb6703c309 to remote] DEBUG org.asynchttpclient.netty.request.NettyRequestSender -- Using pooled Channel '[id: 0x5473078d, L:/192.168.1.146:56861 - R:ondemand.us-west-1.saucelabs.com/66.85.52.224:443]' for 'POST' to 'https://oauth-autolazare-558fb:f8d0a4b4-e059-4b39-a9eb-366965b887b1@ondemand.us-west-1.saucelabs.com:443/wd/hub/session/23c4ee5d2a954d328883c0cb6703c309/frame'
12:11:40.556 [Forwarding switchToFrame on session 23c4ee5d2a954d328883c0cb6703c309 to remote] DEBUG org.asynchttpclient.netty.request.NettyRequestSender -- Using open Channel [id: 0x5473078d, L:/192.168.1.146:56861 - R:ondemand.us-west-1.saucelabs.com/66.85.52.224:443] for POST '/wd/hub/session/23c4ee5d2a954d328883c0cb6703c309/frame'
12:11:40.759 [AsyncHttpClient-1-2] DEBUG org.asynchttpclient.netty.handler.HttpHandler -- 

Request DefaultHttpRequest(decodeResult: success, version: HTTP/1.1)
POST /wd/hub/session/23c4ee5d2a954d328883c0cb6703c309/frame HTTP/1.1
User-Agent: selenium/4.9.0 (java windows)
traceparent: 00-7ce634ffafb83e89f105d00bae23357d-b06623e10966680f-01
Content-Length: 106
Content-Type: application/json; charset=utf-8
host: ondemand.us-west-1.saucelabs.com
authorization: Basic b2F1dGgtYXV0b2xhemFyZS01NThmYjpmOGQwYTRiNC1lMDU5LTRiMzktYTllYi0zNjY5NjViODg3YjE=
accept: */*

Response DefaultHttpResponse(decodeResult: success, version: HTTP/1.1)
HTTP/1.1 200 OK
content-length: 15
content-type: application/json;charset=UTF-8
date: Thu, 11 May 2023 16:11:39 GMT
server: monocle/0.42
x-request-id: 67285dfc-22a5-4a33-80e1-a078276773aa

12:11:40.759 [AsyncHttpClient-1-2] DEBUG org.asynchttpclient.netty.channel.ChannelManager -- Adding key: https://ondemand.us-west-1.saucelabs.com:443 for channel [id: 0x5473078d, L:/192.168.1.146:56861 - R:ondemand.us-west-1.saucelabs.com/66.85.52.224:443]
12:11:40.771 [Forwarding executeScript on session 23c4ee5d2a954d328883c0cb6703c309 to remote] DEBUG org.asynchttpclient.netty.request.NettyRequestSender -- Using pooled Channel '[id: 0x5473078d, L:/192.168.1.146:56861 - R:ondemand.us-west-1.saucelabs.com/66.85.52.224:443]' for 'POST' to 'https://oauth-autolazare-558fb:f8d0a4b4-e059-4b39-a9eb-366965b887b1@ondemand.us-west-1.saucelabs.com:443/wd/hub/session/23c4ee5d2a954d328883c0cb6703c309/execute/sync'
12:11:40.771 [Forwarding executeScript on session 23c4ee5d2a954d328883c0cb6703c309 to remote] DEBUG org.asynchttpclient.netty.request.NettyRequestSender -- Using open Channel [id: 0x5473078d, L:/192.168.1.146:56861 - R:ondemand.us-west-1.saucelabs.com/66.85.52.224:443] for POST '/wd/hub/session/23c4ee5d2a954d328883c0cb6703c309/execute/sync'
12:11:40.943 [AsyncHttpClient-1-2] DEBUG org.asynchttpclient.netty.handler.HttpHandler -- 

Request DefaultHttpRequest(decodeResult: success, version: HTTP/1.1)
POST /wd/hub/session/23c4ee5d2a954d328883c0cb6703c309/execute/sync HTTP/1.1
User-Agent: selenium/4.9.0 (java windows)
traceparent: 00-3e804488d5d5cb79ca08c35434226b1b-6aac5dc957989167-01
Content-Length: 99
Content-Type: application/json; charset=utf-8
host: ondemand.us-west-1.saucelabs.com
authorization: Basic b2F1dGgtYXV0b2xhemFyZS01NThmYjpmOGQwYTRiNC1lMDU5LTRiMzktYTllYi0zNjY5NjViODg3YjE=
accept: */*

Response DefaultHttpResponse(decodeResult: success, version: HTTP/1.1)
HTTP/1.1 200 OK
content-length: 15
content-type: application/json;charset=UTF-8
date: Thu, 11 May 2023 16:11:39 GMT
server: monocle/0.42
x-request-id: c5be9ddf-ed6f-425c-bfaf-cbda15af28d5

12:11:40.943 [AsyncHttpClient-1-2] DEBUG org.asynchttpclient.netty.channel.ChannelManager -- Adding key: https://ondemand.us-west-1.saucelabs.com:443 for channel [id: 0x5473078d, L:/192.168.1.146:56861 - R:ondemand.us-west-1.saucelabs.com/66.85.52.224:443]
12:11:40.950 [Forwarding findElements on session 23c4ee5d2a954d328883c0cb6703c309 to remote] DEBUG org.asynchttpclient.netty.request.NettyRequestSender -- Using pooled Channel '[id: 0x5473078d, L:/192.168.1.146:56861 - R:ondemand.us-west-1.saucelabs.com/66.85.52.224:443]' for 'POST' to 'https://oauth-autolazare-558fb:f8d0a4b4-e059-4b39-a9eb-366965b887b1@ondemand.us-west-1.saucelabs.com:443/wd/hub/session/23c4ee5d2a954d328883c0cb6703c309/elements'
12:11:40.950 [Forwarding findElements on session 23c4ee5d2a954d328883c0cb6703c309 to remote] DEBUG org.asynchttpclient.netty.request.NettyRequestSender -- Using open Channel [id: 0x5473078d, L:/192.168.1.146:56861 - R:ondemand.us-west-1.saucelabs.com/66.85.52.224:443] for POST '/wd/hub/session/23c4ee5d2a954d328883c0cb6703c309/elements'
12:11:41.159 [AsyncHttpClient-1-2] DEBUG org.asynchttpclient.netty.handler.HttpHandler -- 

Request DefaultHttpRequest(decodeResult: success, version: HTTP/1.1)
POST /wd/hub/session/23c4ee5d2a954d328883c0cb6703c309/elements HTTP/1.1
User-Agent: selenium/4.9.0 (java windows)
traceparent: 00-08970e2ccc8ee3ef9a4b7d86358f465b-dfd340b2372ebc62-01
Content-Length: 98
Content-Type: application/json; charset=utf-8
host: ondemand.us-west-1.saucelabs.com
authorization: Basic b2F1dGgtYXV0b2xhemFyZS01NThmYjpmOGQwYTRiNC1lMDU5LTRiMzktYTllYi0zNjY5NjViODg3YjE=
accept: */*

Response DefaultHttpResponse(decodeResult: success, version: HTTP/1.1)
HTTP/1.1 200 OK
content-length: 99
content-type: application/json;charset=UTF-8
date: Thu, 11 May 2023 16:11:39 GMT
server: monocle/0.42
x-request-id: 2c98dd0f-82ee-4e37-9346-28e707f376f5

12:11:41.160 [AsyncHttpClient-1-2] DEBUG org.asynchttpclient.netty.channel.ChannelManager -- Adding key: https://ondemand.us-west-1.saucelabs.com:443 for channel [id: 0x5473078d, L:/192.168.1.146:56861 - R:ondemand.us-west-1.saucelabs.com/66.85.52.224:443]
12:11:41.160 [Forwarding switchToFrame on session 23c4ee5d2a954d328883c0cb6703c309 to remote] DEBUG org.asynchttpclient.netty.request.NettyRequestSender -- Using pooled Channel '[id: 0x5473078d, L:/192.168.1.146:56861 - R:ondemand.us-west-1.saucelabs.com/66.85.52.224:443]' for 'POST' to 'https://oauth-autolazare-558fb:f8d0a4b4-e059-4b39-a9eb-366965b887b1@ondemand.us-west-1.saucelabs.com:443/wd/hub/session/23c4ee5d2a954d328883c0cb6703c309/frame'
12:11:41.160 [Forwarding switchToFrame on session 23c4ee5d2a954d328883c0cb6703c309 to remote] DEBUG org.asynchttpclient.netty.request.NettyRequestSender -- Using open Channel [id: 0x5473078d, L:/192.168.1.146:56861 - R:ondemand.us-west-1.saucelabs.com/66.85.52.224:443] for POST '/wd/hub/session/23c4ee5d2a954d328883c0cb6703c309/frame'
12:11:41.354 [AsyncHttpClient-1-2] DEBUG org.asynchttpclient.netty.handler.HttpHandler -- 

Request DefaultHttpRequest(decodeResult: success, version: HTTP/1.1)
POST /wd/hub/session/23c4ee5d2a954d328883c0cb6703c309/frame HTTP/1.1
User-Agent: selenium/4.9.0 (java windows)
traceparent: 00-9f9849965cba244772b6dbf4ca7c035f-9d3b103cb3c07aa2-01
Content-Length: 106
Content-Type: application/json; charset=utf-8
host: ondemand.us-west-1.saucelabs.com
authorization: Basic b2F1dGgtYXV0b2xhemFyZS01NThmYjpmOGQwYTRiNC1lMDU5LTRiMzktYTllYi0zNjY5NjViODg3YjE=
accept: */*

Response DefaultHttpResponse(decodeResult: success, version: HTTP/1.1)
HTTP/1.1 200 OK
content-length: 15
content-type: application/json;charset=UTF-8
date: Thu, 11 May 2023 16:11:40 GMT
server: monocle/0.42
x-request-id: 383ebb53-a5b6-4be9-b678-cebd8c0c0170

12:11:41.354 [AsyncHttpClient-1-2] DEBUG org.asynchttpclient.netty.channel.ChannelManager -- Adding key: https://ondemand.us-west-1.saucelabs.com:443 for channel [id: 0x5473078d, L:/192.168.1.146:56861 - R:ondemand.us-west-1.saucelabs.com/66.85.52.224:443]
12:11:41.354 [Forwarding executeScript on session 23c4ee5d2a954d328883c0cb6703c309 to remote] DEBUG org.asynchttpclient.netty.request.NettyRequestSender -- Using pooled Channel '[id: 0x5473078d, L:/192.168.1.146:56861 - R:ondemand.us-west-1.saucelabs.com/66.85.52.224:443]' for 'POST' to 'https://oauth-autolazare-558fb:f8d0a4b4-e059-4b39-a9eb-366965b887b1@ondemand.us-west-1.saucelabs.com:443/wd/hub/session/23c4ee5d2a954d328883c0cb6703c309/execute/sync'
12:11:41.354 [Forwarding executeScript on session 23c4ee5d2a954d328883c0cb6703c309 to remote] DEBUG org.asynchttpclient.netty.request.NettyRequestSender -- Using open Channel [id: 0x5473078d, L:/192.168.1.146:56861 - R:ondemand.us-west-1.saucelabs.com/66.85.52.224:443] for POST '/wd/hub/session/23c4ee5d2a954d328883c0cb6703c309/execute/sync'
12:11:41.544 [AsyncHttpClient-1-2] DEBUG org.asynchttpclient.netty.handler.HttpHandler -- 

Request DefaultHttpRequest(decodeResult: success, version: HTTP/1.1)
POST /wd/hub/session/23c4ee5d2a954d328883c0cb6703c309/execute/sync HTTP/1.1
User-Agent: selenium/4.9.0 (java windows)
traceparent: 00-dd69be6f9ea827d182a3bbf43f8fc13d-00921135413cfb6e-01
Content-Length: 99
Content-Type: application/json; charset=utf-8
host: ondemand.us-west-1.saucelabs.com
authorization: Basic b2F1dGgtYXV0b2xhemFyZS01NThmYjpmOGQwYTRiNC1lMDU5LTRiMzktYTllYi0zNjY5NjViODg3YjE=
accept: */*

Response DefaultHttpResponse(decodeResult: success, version: HTTP/1.1)
HTTP/1.1 200 OK
content-length: 15
content-type: application/json;charset=UTF-8
date: Thu, 11 May 2023 16:11:40 GMT
server: monocle/0.42
x-request-id: 48c82459-8ea6-42b6-8b47-e5506495d07e

12:11:41.545 [AsyncHttpClient-1-2] DEBUG org.asynchttpclient.netty.channel.ChannelManager -- Adding key: https://ondemand.us-west-1.saucelabs.com:443 for channel [id: 0x5473078d, L:/192.168.1.146:56861 - R:ondemand.us-west-1.saucelabs.com/66.85.52.224:443]
12:11:41.545 [Forwarding findElements on session 23c4ee5d2a954d328883c0cb6703c309 to remote] DEBUG org.asynchttpclient.netty.request.NettyRequestSender -- Using pooled Channel '[id: 0x5473078d, L:/192.168.1.146:56861 - R:ondemand.us-west-1.saucelabs.com/66.85.52.224:443]' for 'POST' to 'https://oauth-autolazare-558fb:f8d0a4b4-e059-4b39-a9eb-366965b887b1@ondemand.us-west-1.saucelabs.com:443/wd/hub/session/23c4ee5d2a954d328883c0cb6703c309/elements'
12:11:41.545 [Forwarding findElements on session 23c4ee5d2a954d328883c0cb6703c309 to remote] DEBUG org.asynchttpclient.netty.request.NettyRequestSender -- Using open Channel [id: 0x5473078d, L:/192.168.1.146:56861 - R:ondemand.us-west-1.saucelabs.com/66.85.52.224:443] for POST '/wd/hub/session/23c4ee5d2a954d328883c0cb6703c309/elements'
12:11:41.716 [AsyncHttpClient-1-2] DEBUG org.asynchttpclient.netty.handler.HttpHandler -- 

Request DefaultHttpRequest(decodeResult: success, version: HTTP/1.1)
POST /wd/hub/session/23c4ee5d2a954d328883c0cb6703c309/elements HTTP/1.1
User-Agent: selenium/4.9.0 (java windows)
traceparent: 00-0c66a9f69b8e10092206636f15c0e185-c991e7f65c34f07d-01
Content-Length: 98
Content-Type: application/json; charset=utf-8
host: ondemand.us-west-1.saucelabs.com
authorization: Basic b2F1dGgtYXV0b2xhemFyZS01NThmYjpmOGQwYTRiNC1lMDU5LTRiMzktYTllYi0zNjY5NjViODg3YjE=
accept: */*

Response DefaultHttpResponse(decodeResult: success, version: HTTP/1.1)
HTTP/1.1 200 OK
content-length: 13
content-type: application/json;charset=UTF-8
date: Thu, 11 May 2023 16:11:40 GMT
server: monocle/0.42
x-request-id: 0f64d560-6ce6-403d-a03c-d9752f722273

12:11:41.716 [AsyncHttpClient-1-2] DEBUG org.asynchttpclient.netty.channel.ChannelManager -- Adding key: https://ondemand.us-west-1.saucelabs.com:443 for channel [id: 0x5473078d, L:/192.168.1.146:56861 - R:ondemand.us-west-1.saucelabs.com/66.85.52.224:443]
12:11:41.716 [Forwarding switchToParentFrame on session 23c4ee5d2a954d328883c0cb6703c309 to remote] DEBUG org.asynchttpclient.netty.request.NettyRequestSender -- Using pooled Channel '[id: 0x5473078d, L:/192.168.1.146:56861 - R:ondemand.us-west-1.saucelabs.com/66.85.52.224:443]' for 'POST' to 'https://oauth-autolazare-558fb:f8d0a4b4-e059-4b39-a9eb-366965b887b1@ondemand.us-west-1.saucelabs.com:443/wd/hub/session/23c4ee5d2a954d328883c0cb6703c309/frame/parent'
12:11:41.716 [Forwarding switchToParentFrame on session 23c4ee5d2a954d328883c0cb6703c309 to remote] DEBUG org.asynchttpclient.netty.request.NettyRequestSender -- Using open Channel [id: 0x5473078d, L:/192.168.1.146:56861 - R:ondemand.us-west-1.saucelabs.com/66.85.52.224:443] for POST '/wd/hub/session/23c4ee5d2a954d328883c0cb6703c309/frame/parent'
12:11:41.917 [AsyncHttpClient-1-2] DEBUG org.asynchttpclient.netty.handler.HttpHandler -- 

Request DefaultHttpRequest(decodeResult: success, version: HTTP/1.1)
POST /wd/hub/session/23c4ee5d2a954d328883c0cb6703c309/frame/parent HTTP/1.1
User-Agent: selenium/4.9.0 (java windows)
traceparent: 00-94d989c63695cfc47277cd1a4eadaed2-dedbe9bddc27805d-01
Content-Length: 3
Content-Type: application/json; charset=utf-8
host: ondemand.us-west-1.saucelabs.com
authorization: Basic b2F1dGgtYXV0b2xhemFyZS01NThmYjpmOGQwYTRiNC1lMDU5LTRiMzktYTllYi0zNjY5NjViODg3YjE=
accept: */*

Response DefaultHttpResponse(decodeResult: success, version: HTTP/1.1)
HTTP/1.1 200 OK
content-length: 15
content-type: application/json;charset=UTF-8
date: Thu, 11 May 2023 16:11:40 GMT
server: monocle/0.42
x-request-id: 8029b17d-b3b7-4545-a693-0ce6b9249323

12:11:41.917 [AsyncHttpClient-1-2] DEBUG org.asynchttpclient.netty.channel.ChannelManager -- Adding key: https://ondemand.us-west-1.saucelabs.com:443 for channel [id: 0x5473078d, L:/192.168.1.146:56861 - R:ondemand.us-west-1.saucelabs.com/66.85.52.224:443]
12:11:41.919 [Forwarding switchToParentFrame on session 23c4ee5d2a954d328883c0cb6703c309 to remote] DEBUG org.asynchttpclient.netty.request.NettyRequestSender -- Using pooled Channel '[id: 0x5473078d, L:/192.168.1.146:56861 - R:ondemand.us-west-1.saucelabs.com/66.85.52.224:443]' for 'POST' to 'https://oauth-autolazare-558fb:f8d0a4b4-e059-4b39-a9eb-366965b887b1@ondemand.us-west-1.saucelabs.com:443/wd/hub/session/23c4ee5d2a954d328883c0cb6703c309/frame/parent'
12:11:41.919 [Forwarding switchToParentFrame on session 23c4ee5d2a954d328883c0cb6703c309 to remote] DEBUG org.asynchttpclient.netty.request.NettyRequestSender -- Using open Channel [id: 0x5473078d, L:/192.168.1.146:56861 - R:ondemand.us-west-1.saucelabs.com/66.85.52.224:443] for POST '/wd/hub/session/23c4ee5d2a954d328883c0cb6703c309/frame/parent'
12:11:42.096 [AsyncHttpClient-1-2] DEBUG org.asynchttpclient.netty.handler.HttpHandler -- 

Request DefaultHttpRequest(decodeResult: success, version: HTTP/1.1)
POST /wd/hub/session/23c4ee5d2a954d328883c0cb6703c309/frame/parent HTTP/1.1
User-Agent: selenium/4.9.0 (java windows)
traceparent: 00-f49de73146843a1dc33ec565e10b8eb1-3490058fa6f22b7b-01
Content-Length: 3
Content-Type: application/json; charset=utf-8
host: ondemand.us-west-1.saucelabs.com
authorization: Basic b2F1dGgtYXV0b2xhemFyZS01NThmYjpmOGQwYTRiNC1lMDU5LTRiMzktYTllYi0zNjY5NjViODg3YjE=
accept: */*

Response DefaultHttpResponse(decodeResult: success, version: HTTP/1.1)
HTTP/1.1 200 OK
content-length: 15
content-type: application/json;charset=UTF-8
date: Thu, 11 May 2023 16:11:40 GMT
server: monocle/0.42
x-request-id: 287ab00d-ab51-469c-85f5-2a48551e679f

12:11:42.097 [AsyncHttpClient-1-2] DEBUG org.asynchttpclient.netty.channel.ChannelManager -- Adding key: https://ondemand.us-west-1.saucelabs.com:443 for channel [id: 0x5473078d, L:/192.168.1.146:56861 - R:ondemand.us-west-1.saucelabs.com/66.85.52.224:443]
12:11:42.099 [Forwarding switchToFrame on session 23c4ee5d2a954d328883c0cb6703c309 to remote] DEBUG org.asynchttpclient.netty.request.NettyRequestSender -- Using pooled Channel '[id: 0x5473078d, L:/192.168.1.146:56861 - R:ondemand.us-west-1.saucelabs.com/66.85.52.224:443]' for 'POST' to 'https://oauth-autolazare-558fb:f8d0a4b4-e059-4b39-a9eb-366965b887b1@ondemand.us-west-1.saucelabs.com:443/wd/hub/session/23c4ee5d2a954d328883c0cb6703c309/frame'
12:11:42.099 [Forwarding switchToFrame on session 23c4ee5d2a954d328883c0cb6703c309 to remote] DEBUG org.asynchttpclient.netty.request.NettyRequestSender -- Using open Channel [id: 0x5473078d, L:/192.168.1.146:56861 - R:ondemand.us-west-1.saucelabs.com/66.85.52.224:443] for POST '/wd/hub/session/23c4ee5d2a954d328883c0cb6703c309/frame'
12:11:42.294 [AsyncHttpClient-1-2] DEBUG org.asynchttpclient.netty.handler.HttpHandler -- 

Request DefaultHttpRequest(decodeResult: success, version: HTTP/1.1)
POST /wd/hub/session/23c4ee5d2a954d328883c0cb6703c309/frame HTTP/1.1
User-Agent: selenium/4.9.0 (java windows)
traceparent: 00-0df8511d78476a8654e65b7dc22fdc40-f4cdc8c46eddaf10-01
Content-Length: 106
Content-Type: application/json; charset=utf-8
host: ondemand.us-west-1.saucelabs.com
authorization: Basic b2F1dGgtYXV0b2xhemFyZS01NThmYjpmOGQwYTRiNC1lMDU5LTRiMzktYTllYi0zNjY5NjViODg3YjE=
accept: */*

Response DefaultHttpResponse(decodeResult: success, version: HTTP/1.1)
HTTP/1.1 200 OK
content-length: 15
content-type: application/json;charset=UTF-8
date: Thu, 11 May 2023 16:11:40 GMT
server: monocle/0.42
x-request-id: 7f5eca0c-ec35-47b3-8ff3-8b6628a2e071

12:11:42.294 [AsyncHttpClient-1-2] DEBUG org.asynchttpclient.netty.channel.ChannelManager -- Adding key: https://ondemand.us-west-1.saucelabs.com:443 for channel [id: 0x5473078d, L:/192.168.1.146:56861 - R:ondemand.us-west-1.saucelabs.com/66.85.52.224:443]
12:11:42.294 [Forwarding executeScript on session 23c4ee5d2a954d328883c0cb6703c309 to remote] DEBUG org.asynchttpclient.netty.request.NettyRequestSender -- Using pooled Channel '[id: 0x5473078d, L:/192.168.1.146:56861 - R:ondemand.us-west-1.saucelabs.com/66.85.52.224:443]' for 'POST' to 'https://oauth-autolazare-558fb:f8d0a4b4-e059-4b39-a9eb-366965b887b1@ondemand.us-west-1.saucelabs.com:443/wd/hub/session/23c4ee5d2a954d328883c0cb6703c309/execute/sync'
12:11:42.294 [Forwarding executeScript on session 23c4ee5d2a954d328883c0cb6703c309 to remote] DEBUG org.asynchttpclient.netty.request.NettyRequestSender -- Using open Channel [id: 0x5473078d, L:/192.168.1.146:56861 - R:ondemand.us-west-1.saucelabs.com/66.85.52.224:443] for POST '/wd/hub/session/23c4ee5d2a954d328883c0cb6703c309/execute/sync'
12:11:42.482 [AsyncHttpClient-1-2] DEBUG org.asynchttpclient.netty.handler.HttpHandler -- 

Request DefaultHttpRequest(decodeResult: success, version: HTTP/1.1)
POST /wd/hub/session/23c4ee5d2a954d328883c0cb6703c309/execute/sync HTTP/1.1
User-Agent: selenium/4.9.0 (java windows)
traceparent: 00-cb47140787097f759b1ff5bc0e669ab2-57e601e5b8ba762b-01
Content-Length: 99
Content-Type: application/json; charset=utf-8
host: ondemand.us-west-1.saucelabs.com
authorization: Basic b2F1dGgtYXV0b2xhemFyZS01NThmYjpmOGQwYTRiNC1lMDU5LTRiMzktYTllYi0zNjY5NjViODg3YjE=
accept: */*

Response DefaultHttpResponse(decodeResult: success, version: HTTP/1.1)
HTTP/1.1 200 OK
content-length: 15
content-type: application/json;charset=UTF-8
date: Thu, 11 May 2023 16:11:41 GMT
server: monocle/0.42
x-request-id: 25a774e0-81f3-4a01-ba83-a248838b4e92

12:11:42.482 [AsyncHttpClient-1-2] DEBUG org.asynchttpclient.netty.channel.ChannelManager -- Adding key: https://ondemand.us-west-1.saucelabs.com:443 for channel [id: 0x5473078d, L:/192.168.1.146:56861 - R:ondemand.us-west-1.saucelabs.com/66.85.52.224:443]
12:11:42.482 [Forwarding findElements on session 23c4ee5d2a954d328883c0cb6703c309 to remote] DEBUG org.asynchttpclient.netty.request.NettyRequestSender -- Using pooled Channel '[id: 0x5473078d, L:/192.168.1.146:56861 - R:ondemand.us-west-1.saucelabs.com/66.85.52.224:443]' for 'POST' to 'https://oauth-autolazare-558fb:f8d0a4b4-e059-4b39-a9eb-366965b887b1@ondemand.us-west-1.saucelabs.com:443/wd/hub/session/23c4ee5d2a954d328883c0cb6703c309/elements'
12:11:42.482 [Forwarding findElements on session 23c4ee5d2a954d328883c0cb6703c309 to remote] DEBUG org.asynchttpclient.netty.request.NettyRequestSender -- Using open Channel [id: 0x5473078d, L:/192.168.1.146:56861 - R:ondemand.us-west-1.saucelabs.com/66.85.52.224:443] for POST '/wd/hub/session/23c4ee5d2a954d328883c0cb6703c309/elements'
12:11:42.671 [AsyncHttpClient-1-2] DEBUG org.asynchttpclient.netty.handler.HttpHandler -- 

Request DefaultHttpRequest(decodeResult: success, version: HTTP/1.1)
POST /wd/hub/session/23c4ee5d2a954d328883c0cb6703c309/elements HTTP/1.1
User-Agent: selenium/4.9.0 (java windows)
traceparent: 00-71feb4892c965fba7e0f910a6631bc15-13279e395cc1967d-01
Content-Length: 98
Content-Type: application/json; charset=utf-8
host: ondemand.us-west-1.saucelabs.com
authorization: Basic b2F1dGgtYXV0b2xhemFyZS01NThmYjpmOGQwYTRiNC1lMDU5LTRiMzktYTllYi0zNjY5NjViODg3YjE=
accept: */*

Response DefaultHttpResponse(decodeResult: success, version: HTTP/1.1)
HTTP/1.1 200 OK
content-length: 13
content-type: application/json;charset=UTF-8
date: Thu, 11 May 2023 16:11:41 GMT
server: monocle/0.42
x-request-id: 355b4031-026b-4b0e-82f3-0c603b78455a

12:11:42.671 [AsyncHttpClient-1-2] DEBUG org.asynchttpclient.netty.channel.ChannelManager -- Adding key: https://ondemand.us-west-1.saucelabs.com:443 for channel [id: 0x5473078d, L:/192.168.1.146:56861 - R:ondemand.us-west-1.saucelabs.com/66.85.52.224:443]
12:11:42.671 [Forwarding switchToParentFrame on session 23c4ee5d2a954d328883c0cb6703c309 to remote] DEBUG org.asynchttpclient.netty.request.NettyRequestSender -- Using pooled Channel '[id: 0x5473078d, L:/192.168.1.146:56861 - R:ondemand.us-west-1.saucelabs.com/66.85.52.224:443]' for 'POST' to 'https://oauth-autolazare-558fb:f8d0a4b4-e059-4b39-a9eb-366965b887b1@ondemand.us-west-1.saucelabs.com:443/wd/hub/session/23c4ee5d2a954d328883c0cb6703c309/frame/parent'
12:11:42.671 [Forwarding switchToParentFrame on session 23c4ee5d2a954d328883c0cb6703c309 to remote] DEBUG org.asynchttpclient.netty.request.NettyRequestSender -- Using open Channel [id: 0x5473078d, L:/192.168.1.146:56861 - R:ondemand.us-west-1.saucelabs.com/66.85.52.224:443] for POST '/wd/hub/session/23c4ee5d2a954d328883c0cb6703c309/frame/parent'
12:11:42.844 [AsyncHttpClient-1-2] DEBUG org.asynchttpclient.netty.handler.HttpHandler -- 

Request DefaultHttpRequest(decodeResult: success, version: HTTP/1.1)
POST /wd/hub/session/23c4ee5d2a954d328883c0cb6703c309/frame/parent HTTP/1.1
User-Agent: selenium/4.9.0 (java windows)
traceparent: 00-06fb235f7c863e82f6400cbf5a0a26d3-82ff7df1134a8c9d-01
Content-Length: 3
Content-Type: application/json; charset=utf-8
host: ondemand.us-west-1.saucelabs.com
authorization: Basic b2F1dGgtYXV0b2xhemFyZS01NThmYjpmOGQwYTRiNC1lMDU5LTRiMzktYTllYi0zNjY5NjViODg3YjE=
accept: */*

Response DefaultHttpResponse(decodeResult: success, version: HTTP/1.1)
HTTP/1.1 200 OK
content-length: 15
content-type: application/json;charset=UTF-8
date: Thu, 11 May 2023 16:11:41 GMT
server: monocle/0.42
x-request-id: 17eca64e-f67f-47d7-9a6e-a6d6eaa0d482

12:11:42.844 [AsyncHttpClient-1-2] DEBUG org.asynchttpclient.netty.channel.ChannelManager -- Adding key: https://ondemand.us-west-1.saucelabs.com:443 for channel [id: 0x5473078d, L:/192.168.1.146:56861 - R:ondemand.us-west-1.saucelabs.com/66.85.52.224:443]
12:11:42.844 [Forwarding switchToFrame on session 23c4ee5d2a954d328883c0cb6703c309 to remote] DEBUG org.asynchttpclient.netty.request.NettyRequestSender -- Using pooled Channel '[id: 0x5473078d, L:/192.168.1.146:56861 - R:ondemand.us-west-1.saucelabs.com/66.85.52.224:443]' for 'POST' to 'https://oauth-autolazare-558fb:f8d0a4b4-e059-4b39-a9eb-366965b887b1@ondemand.us-west-1.saucelabs.com:443/wd/hub/session/23c4ee5d2a954d328883c0cb6703c309/frame'
12:11:42.844 [Forwarding switchToFrame on session 23c4ee5d2a954d328883c0cb6703c309 to remote] DEBUG org.asynchttpclient.netty.request.NettyRequestSender -- Using open Channel [id: 0x5473078d, L:/192.168.1.146:56861 - R:ondemand.us-west-1.saucelabs.com/66.85.52.224:443] for POST '/wd/hub/session/23c4ee5d2a954d328883c0cb6703c309/frame'
12:11:43.083 [AsyncHttpClient-1-2] DEBUG org.asynchttpclient.netty.handler.HttpHandler -- 

Request DefaultHttpRequest(decodeResult: success, version: HTTP/1.1)
POST /wd/hub/session/23c4ee5d2a954d328883c0cb6703c309/frame HTTP/1.1
User-Agent: selenium/4.9.0 (java windows)
traceparent: 00-a72b33ec7485a7e15863755aac31d1d4-4beffab7c0984ca8-01
Content-Length: 106
Content-Type: application/json; charset=utf-8
host: ondemand.us-west-1.saucelabs.com
authorization: Basic b2F1dGgtYXV0b2xhemFyZS01NThmYjpmOGQwYTRiNC1lMDU5LTRiMzktYTllYi0zNjY5NjViODg3YjE=
accept: */*

Response DefaultHttpResponse(decodeResult: success, version: HTTP/1.1)
HTTP/1.1 200 OK
content-length: 15
content-type: application/json;charset=UTF-8
date: Thu, 11 May 2023 16:11:41 GMT
server: monocle/0.42
x-request-id: 01fac6ad-d4ce-4138-91c1-0d69c3e2135c

12:11:43.083 [AsyncHttpClient-1-2] DEBUG org.asynchttpclient.netty.channel.ChannelManager -- Adding key: https://ondemand.us-west-1.saucelabs.com:443 for channel [id: 0x5473078d, L:/192.168.1.146:56861 - R:ondemand.us-west-1.saucelabs.com/66.85.52.224:443]
12:11:43.083 [Forwarding executeScript on session 23c4ee5d2a954d328883c0cb6703c309 to remote] DEBUG org.asynchttpclient.netty.request.NettyRequestSender -- Using pooled Channel '[id: 0x5473078d, L:/192.168.1.146:56861 - R:ondemand.us-west-1.saucelabs.com/66.85.52.224:443]' for 'POST' to 'https://oauth-autolazare-558fb:f8d0a4b4-e059-4b39-a9eb-366965b887b1@ondemand.us-west-1.saucelabs.com:443/wd/hub/session/23c4ee5d2a954d328883c0cb6703c309/execute/sync'
12:11:43.083 [Forwarding executeScript on session 23c4ee5d2a954d328883c0cb6703c309 to remote] DEBUG org.asynchttpclient.netty.request.NettyRequestSender -- Using open Channel [id: 0x5473078d, L:/192.168.1.146:56861 - R:ondemand.us-west-1.saucelabs.com/66.85.52.224:443] for POST '/wd/hub/session/23c4ee5d2a954d328883c0cb6703c309/execute/sync'
12:11:43.308 [AsyncHttpClient-1-2] DEBUG org.asynchttpclient.netty.handler.HttpHandler -- 

Request DefaultHttpRequest(decodeResult: success, version: HTTP/1.1)
POST /wd/hub/session/23c4ee5d2a954d328883c0cb6703c309/execute/sync HTTP/1.1
User-Agent: selenium/4.9.0 (java windows)
traceparent: 00-80ec21cb03e66dbf93571bb67eb32860-c752fdcdf3303d0b-01
Content-Length: 99
Content-Type: application/json; charset=utf-8
host: ondemand.us-west-1.saucelabs.com
authorization: Basic b2F1dGgtYXV0b2xhemFyZS01NThmYjpmOGQwYTRiNC1lMDU5LTRiMzktYTllYi0zNjY5NjViODg3YjE=
accept: */*

Response DefaultHttpResponse(decodeResult: success, version: HTTP/1.1)
HTTP/1.1 200 OK
content-length: 15
content-type: application/json;charset=UTF-8
date: Thu, 11 May 2023 16:11:41 GMT
server: monocle/0.42
x-request-id: f6559b80-f717-41cf-884d-bc26510c828c

12:11:43.308 [AsyncHttpClient-1-2] DEBUG org.asynchttpclient.netty.channel.ChannelManager -- Adding key: https://ondemand.us-west-1.saucelabs.com:443 for channel [id: 0x5473078d, L:/192.168.1.146:56861 - R:ondemand.us-west-1.saucelabs.com/66.85.52.224:443]
12:11:43.308 [Forwarding findElements on session 23c4ee5d2a954d328883c0cb6703c309 to remote] DEBUG org.asynchttpclient.netty.request.NettyRequestSender -- Using pooled Channel '[id: 0x5473078d, L:/192.168.1.146:56861 - R:ondemand.us-west-1.saucelabs.com/66.85.52.224:443]' for 'POST' to 'https://oauth-autolazare-558fb:f8d0a4b4-e059-4b39-a9eb-366965b887b1@ondemand.us-west-1.saucelabs.com:443/wd/hub/session/23c4ee5d2a954d328883c0cb6703c309/elements'
12:11:43.308 [Forwarding findElements on session 23c4ee5d2a954d328883c0cb6703c309 to remote] DEBUG org.asynchttpclient.netty.request.NettyRequestSender -- Using open Channel [id: 0x5473078d, L:/192.168.1.146:56861 - R:ondemand.us-west-1.saucelabs.com/66.85.52.224:443] for POST '/wd/hub/session/23c4ee5d2a954d328883c0cb6703c309/elements'
12:11:43.497 [AsyncHttpClient-1-2] DEBUG org.asynchttpclient.netty.handler.HttpHandler -- 

Request DefaultHttpRequest(decodeResult: success, version: HTTP/1.1)
POST /wd/hub/session/23c4ee5d2a954d328883c0cb6703c309/elements HTTP/1.1
User-Agent: selenium/4.9.0 (java windows)
traceparent: 00-67f17bbe9c27f4de72c4f28d6a9a9928-3693783d80f21cde-01
Content-Length: 98
Content-Type: application/json; charset=utf-8
host: ondemand.us-west-1.saucelabs.com
authorization: Basic b2F1dGgtYXV0b2xhemFyZS01NThmYjpmOGQwYTRiNC1lMDU5LTRiMzktYTllYi0zNjY5NjViODg3YjE=
accept: */*

Response DefaultHttpResponse(decodeResult: success, version: HTTP/1.1)
HTTP/1.1 200 OK
content-length: 13
content-type: application/json;charset=UTF-8
date: Thu, 11 May 2023 16:11:42 GMT
server: monocle/0.42
x-request-id: 4582aae3-f63e-473a-a559-4c9b360bad44

12:11:43.497 [AsyncHttpClient-1-2] DEBUG org.asynchttpclient.netty.channel.ChannelManager -- Adding key: https://ondemand.us-west-1.saucelabs.com:443 for channel [id: 0x5473078d, L:/192.168.1.146:56861 - R:ondemand.us-west-1.saucelabs.com/66.85.52.224:443]
12:11:43.503 [Forwarding switchToParentFrame on session 23c4ee5d2a954d328883c0cb6703c309 to remote] DEBUG org.asynchttpclient.netty.request.NettyRequestSender -- Using pooled Channel '[id: 0x5473078d, L:/192.168.1.146:56861 - R:ondemand.us-west-1.saucelabs.com/66.85.52.224:443]' for 'POST' to 'https://oauth-autolazare-558fb:f8d0a4b4-e059-4b39-a9eb-366965b887b1@ondemand.us-west-1.saucelabs.com:443/wd/hub/session/23c4ee5d2a954d328883c0cb6703c309/frame/parent'
12:11:43.503 [Forwarding switchToParentFrame on session 23c4ee5d2a954d328883c0cb6703c309 to remote] DEBUG org.asynchttpclient.netty.request.NettyRequestSender -- Using open Channel [id: 0x5473078d, L:/192.168.1.146:56861 - R:ondemand.us-west-1.saucelabs.com/66.85.52.224:443] for POST '/wd/hub/session/23c4ee5d2a954d328883c0cb6703c309/frame/parent'
12:11:43.657 [AsyncHttpClient-1-2] DEBUG org.asynchttpclient.netty.handler.HttpHandler -- 

Request DefaultHttpRequest(decodeResult: success, version: HTTP/1.1)
POST /wd/hub/session/23c4ee5d2a954d328883c0cb6703c309/frame/parent HTTP/1.1
User-Agent: selenium/4.9.0 (java windows)
traceparent: 00-90307d889d5444d16d5aa21f08708fba-193c65048db5fd2d-01
Content-Length: 3
Content-Type: application/json; charset=utf-8
host: ondemand.us-west-1.saucelabs.com
authorization: Basic b2F1dGgtYXV0b2xhemFyZS01NThmYjpmOGQwYTRiNC1lMDU5LTRiMzktYTllYi0zNjY5NjViODg3YjE=
accept: */*

Response DefaultHttpResponse(decodeResult: success, version: HTTP/1.1)
HTTP/1.1 200 OK
content-length: 15
content-type: application/json;charset=UTF-8
date: Thu, 11 May 2023 16:11:42 GMT
server: monocle/0.42
x-request-id: 79844d19-e28a-45c2-8c47-66a41d5449a8

12:11:43.657 [AsyncHttpClient-1-2] DEBUG org.asynchttpclient.netty.channel.ChannelManager -- Adding key: https://ondemand.us-west-1.saucelabs.com:443 for channel [id: 0x5473078d, L:/192.168.1.146:56861 - R:ondemand.us-west-1.saucelabs.com/66.85.52.224:443]
12:11:43.657 [Forwarding switchToFrame on session 23c4ee5d2a954d328883c0cb6703c309 to remote] DEBUG org.asynchttpclient.netty.request.NettyRequestSender -- Using pooled Channel '[id: 0x5473078d, L:/192.168.1.146:56861 - R:ondemand.us-west-1.saucelabs.com/66.85.52.224:443]' for 'POST' to 'https://oauth-autolazare-558fb:f8d0a4b4-e059-4b39-a9eb-366965b887b1@ondemand.us-west-1.saucelabs.com:443/wd/hub/session/23c4ee5d2a954d328883c0cb6703c309/frame'
12:11:43.657 [Forwarding switchToFrame on session 23c4ee5d2a954d328883c0cb6703c309 to remote] DEBUG org.asynchttpclient.netty.request.NettyRequestSender -- Using open Channel [id: 0x5473078d, L:/192.168.1.146:56861 - R:ondemand.us-west-1.saucelabs.com/66.85.52.224:443] for POST '/wd/hub/session/23c4ee5d2a954d328883c0cb6703c309/frame'
12:11:43.831 [AsyncHttpClient-1-2] DEBUG org.asynchttpclient.netty.handler.HttpHandler -- 

Request DefaultHttpRequest(decodeResult: success, version: HTTP/1.1)
POST /wd/hub/session/23c4ee5d2a954d328883c0cb6703c309/frame HTTP/1.1
User-Agent: selenium/4.9.0 (java windows)
traceparent: 00-f7bed9d6f01700a59c57105b5d82c92b-b169b6ab72ee8ced-01
Content-Length: 106
Content-Type: application/json; charset=utf-8
host: ondemand.us-west-1.saucelabs.com
authorization: Basic b2F1dGgtYXV0b2xhemFyZS01NThmYjpmOGQwYTRiNC1lMDU5LTRiMzktYTllYi0zNjY5NjViODg3YjE=
accept: */*

Response DefaultHttpResponse(decodeResult: success, version: HTTP/1.1)
HTTP/1.1 200 OK
content-length: 15
content-type: application/json;charset=UTF-8
date: Thu, 11 May 2023 16:11:42 GMT
server: monocle/0.42
x-request-id: 2487d338-e1d2-480d-8d0f-acb637c3a04c

12:11:43.840 [AsyncHttpClient-1-2] DEBUG org.asynchttpclient.netty.channel.ChannelManager -- Adding key: https://ondemand.us-west-1.saucelabs.com:443 for channel [id: 0x5473078d, L:/192.168.1.146:56861 - R:ondemand.us-west-1.saucelabs.com/66.85.52.224:443]
12:11:43.840 [Forwarding executeScript on session 23c4ee5d2a954d328883c0cb6703c309 to remote] DEBUG org.asynchttpclient.netty.request.NettyRequestSender -- Using pooled Channel '[id: 0x5473078d, L:/192.168.1.146:56861 - R:ondemand.us-west-1.saucelabs.com/66.85.52.224:443]' for 'POST' to 'https://oauth-autolazare-558fb:f8d0a4b4-e059-4b39-a9eb-366965b887b1@ondemand.us-west-1.saucelabs.com:443/wd/hub/session/23c4ee5d2a954d328883c0cb6703c309/execute/sync'
12:11:43.840 [Forwarding executeScript on session 23c4ee5d2a954d328883c0cb6703c309 to remote] DEBUG org.asynchttpclient.netty.request.NettyRequestSender -- Using open Channel [id: 0x5473078d, L:/192.168.1.146:56861 - R:ondemand.us-west-1.saucelabs.com/66.85.52.224:443] for POST '/wd/hub/session/23c4ee5d2a954d328883c0cb6703c309/execute/sync'
12:11:43.992 [AsyncHttpClient-1-2] DEBUG org.asynchttpclient.netty.handler.HttpHandler -- 

Request DefaultHttpRequest(decodeResult: success, version: HTTP/1.1)
POST /wd/hub/session/23c4ee5d2a954d328883c0cb6703c309/execute/sync HTTP/1.1
User-Agent: selenium/4.9.0 (java windows)
traceparent: 00-7d38862294e4c6f3f0dc8952ae41e5e7-ab427ff8008d6e2f-01
Content-Length: 99
Content-Type: application/json; charset=utf-8
host: ondemand.us-west-1.saucelabs.com
authorization: Basic b2F1dGgtYXV0b2xhemFyZS01NThmYjpmOGQwYTRiNC1lMDU5LTRiMzktYTllYi0zNjY5NjViODg3YjE=
accept: */*

Response DefaultHttpResponse(decodeResult: success, version: HTTP/1.1)
HTTP/1.1 200 OK
content-length: 15
content-type: application/json;charset=UTF-8
date: Thu, 11 May 2023 16:11:42 GMT
server: monocle/0.42
x-request-id: f6c61d3b-5311-4382-9ca5-f5c7fe5d5415

12:11:43.992 [AsyncHttpClient-1-2] DEBUG org.asynchttpclient.netty.channel.ChannelManager -- Adding key: https://ondemand.us-west-1.saucelabs.com:443 for channel [id: 0x5473078d, L:/192.168.1.146:56861 - R:ondemand.us-west-1.saucelabs.com/66.85.52.224:443]
12:11:44.005 [Forwarding findElements on session 23c4ee5d2a954d328883c0cb6703c309 to remote] DEBUG org.asynchttpclient.netty.request.NettyRequestSender -- Using pooled Channel '[id: 0x5473078d, L:/192.168.1.146:56861 - R:ondemand.us-west-1.saucelabs.com/66.85.52.224:443]' for 'POST' to 'https://oauth-autolazare-558fb:f8d0a4b4-e059-4b39-a9eb-366965b887b1@ondemand.us-west-1.saucelabs.com:443/wd/hub/session/23c4ee5d2a954d328883c0cb6703c309/elements'
12:11:44.005 [Forwarding findElements on session 23c4ee5d2a954d328883c0cb6703c309 to remote] DEBUG org.asynchttpclient.netty.request.NettyRequestSender -- Using open Channel [id: 0x5473078d, L:/192.168.1.146:56861 - R:ondemand.us-west-1.saucelabs.com/66.85.52.224:443] for POST '/wd/hub/session/23c4ee5d2a954d328883c0cb6703c309/elements'
12:11:44.194 [AsyncHttpClient-1-2] DEBUG org.asynchttpclient.netty.handler.HttpHandler -- 

Request DefaultHttpRequest(decodeResult: success, version: HTTP/1.1)
POST /wd/hub/session/23c4ee5d2a954d328883c0cb6703c309/elements HTTP/1.1
User-Agent: selenium/4.9.0 (java windows)
traceparent: 00-fd4e168e89b6b5eeb37aaa4c7df86ce9-f2d081daad8edffa-01
Content-Length: 98
Content-Type: application/json; charset=utf-8
host: ondemand.us-west-1.saucelabs.com
authorization: Basic b2F1dGgtYXV0b2xhemFyZS01NThmYjpmOGQwYTRiNC1lMDU5LTRiMzktYTllYi0zNjY5NjViODg3YjE=
accept: */*

Response DefaultHttpResponse(decodeResult: success, version: HTTP/1.1)
HTTP/1.1 200 OK
content-length: 13
content-type: application/json;charset=UTF-8
date: Thu, 11 May 2023 16:11:42 GMT
server: monocle/0.42
x-request-id: 4e9c265b-780a-4a6e-8174-6e1778fe4875

12:11:44.197 [AsyncHttpClient-1-2] DEBUG org.asynchttpclient.netty.channel.ChannelManager -- Adding key: https://ondemand.us-west-1.saucelabs.com:443 for channel [id: 0x5473078d, L:/192.168.1.146:56861 - R:ondemand.us-west-1.saucelabs.com/66.85.52.224:443]
12:11:44.200 [Forwarding switchToParentFrame on session 23c4ee5d2a954d328883c0cb6703c309 to remote] DEBUG org.asynchttpclient.netty.request.NettyRequestSender -- Using pooled Channel '[id: 0x5473078d, L:/192.168.1.146:56861 - R:ondemand.us-west-1.saucelabs.com/66.85.52.224:443]' for 'POST' to 'https://oauth-autolazare-558fb:f8d0a4b4-e059-4b39-a9eb-366965b887b1@ondemand.us-west-1.saucelabs.com:443/wd/hub/session/23c4ee5d2a954d328883c0cb6703c309/frame/parent'
12:11:44.200 [Forwarding switchToParentFrame on session 23c4ee5d2a954d328883c0cb6703c309 to remote] DEBUG org.asynchttpclient.netty.request.NettyRequestSender -- Using open Channel [id: 0x5473078d, L:/192.168.1.146:56861 - R:ondemand.us-west-1.saucelabs.com/66.85.52.224:443] for POST '/wd/hub/session/23c4ee5d2a954d328883c0cb6703c309/frame/parent'
12:11:44.369 [AsyncHttpClient-1-2] DEBUG org.asynchttpclient.netty.handler.HttpHandler -- 

Request DefaultHttpRequest(decodeResult: success, version: HTTP/1.1)
POST /wd/hub/session/23c4ee5d2a954d328883c0cb6703c309/frame/parent HTTP/1.1
User-Agent: selenium/4.9.0 (java windows)
traceparent: 00-2649263a0d506b882763deebcf7a59be-fc7cf8ffba653e2c-01
Content-Length: 3
Content-Type: application/json; charset=utf-8
host: ondemand.us-west-1.saucelabs.com
authorization: Basic b2F1dGgtYXV0b2xhemFyZS01NThmYjpmOGQwYTRiNC1lMDU5LTRiMzktYTllYi0zNjY5NjViODg3YjE=
accept: */*

Response DefaultHttpResponse(decodeResult: success, version: HTTP/1.1)
HTTP/1.1 200 OK
content-length: 15
content-type: application/json;charset=UTF-8
date: Thu, 11 May 2023 16:11:43 GMT
server: monocle/0.42
x-request-id: 3588bb92-3a28-49f3-bd08-366e44b78c7d

12:11:44.369 [AsyncHttpClient-1-2] DEBUG org.asynchttpclient.netty.channel.ChannelManager -- Adding key: https://ondemand.us-west-1.saucelabs.com:443 for channel [id: 0x5473078d, L:/192.168.1.146:56861 - R:ondemand.us-west-1.saucelabs.com/66.85.52.224:443]
12:11:44.369 [Forwarding switchToFrame on session 23c4ee5d2a954d328883c0cb6703c309 to remote] DEBUG org.asynchttpclient.netty.request.NettyRequestSender -- Using pooled Channel '[id: 0x5473078d, L:/192.168.1.146:56861 - R:ondemand.us-west-1.saucelabs.com/66.85.52.224:443]' for 'POST' to 'https://oauth-autolazare-558fb:f8d0a4b4-e059-4b39-a9eb-366965b887b1@ondemand.us-west-1.saucelabs.com:443/wd/hub/session/23c4ee5d2a954d328883c0cb6703c309/frame'
12:11:44.369 [Forwarding switchToFrame on session 23c4ee5d2a954d328883c0cb6703c309 to remote] DEBUG org.asynchttpclient.netty.request.NettyRequestSender -- Using open Channel [id: 0x5473078d, L:/192.168.1.146:56861 - R:ondemand.us-west-1.saucelabs.com/66.85.52.224:443] for POST '/wd/hub/session/23c4ee5d2a954d328883c0cb6703c309/frame'
12:11:44.551 [AsyncHttpClient-1-2] DEBUG org.asynchttpclient.netty.handler.HttpHandler -- 

Request DefaultHttpRequest(decodeResult: success, version: HTTP/1.1)
POST /wd/hub/session/23c4ee5d2a954d328883c0cb6703c309/frame HTTP/1.1
User-Agent: selenium/4.9.0 (java windows)
traceparent: 00-ee5bde93eee6b203d1d40fb027b52e62-81cfc2009bebfa38-01
Content-Length: 106
Content-Type: application/json; charset=utf-8
host: ondemand.us-west-1.saucelabs.com
authorization: Basic b2F1dGgtYXV0b2xhemFyZS01NThmYjpmOGQwYTRiNC1lMDU5LTRiMzktYTllYi0zNjY5NjViODg3YjE=
accept: */*

Response DefaultHttpResponse(decodeResult: success, version: HTTP/1.1)
HTTP/1.1 200 OK
content-length: 15
content-type: application/json;charset=UTF-8
date: Thu, 11 May 2023 16:11:43 GMT
server: monocle/0.42
x-request-id: d4fc1d86-17c1-49cf-9816-e6652ef9bec2

12:11:44.551 [AsyncHttpClient-1-2] DEBUG org.asynchttpclient.netty.channel.ChannelManager -- Adding key: https://ondemand.us-west-1.saucelabs.com:443 for channel [id: 0x5473078d, L:/192.168.1.146:56861 - R:ondemand.us-west-1.saucelabs.com/66.85.52.224:443]
12:11:44.551 [Forwarding executeScript on session 23c4ee5d2a954d328883c0cb6703c309 to remote] DEBUG org.asynchttpclient.netty.request.NettyRequestSender -- Using pooled Channel '[id: 0x5473078d, L:/192.168.1.146:56861 - R:ondemand.us-west-1.saucelabs.com/66.85.52.224:443]' for 'POST' to 'https://oauth-autolazare-558fb:f8d0a4b4-e059-4b39-a9eb-366965b887b1@ondemand.us-west-1.saucelabs.com:443/wd/hub/session/23c4ee5d2a954d328883c0cb6703c309/execute/sync'
12:11:44.551 [Forwarding executeScript on session 23c4ee5d2a954d328883c0cb6703c309 to remote] DEBUG org.asynchttpclient.netty.request.NettyRequestSender -- Using open Channel [id: 0x5473078d, L:/192.168.1.146:56861 - R:ondemand.us-west-1.saucelabs.com/66.85.52.224:443] for POST '/wd/hub/session/23c4ee5d2a954d328883c0cb6703c309/execute/sync'
12:11:44.765 [AsyncHttpClient-1-2] DEBUG org.asynchttpclient.netty.handler.HttpHandler -- 

Request DefaultHttpRequest(decodeResult: success, version: HTTP/1.1)
POST /wd/hub/session/23c4ee5d2a954d328883c0cb6703c309/execute/sync HTTP/1.1
User-Agent: selenium/4.9.0 (java windows)
traceparent: 00-0786b6d317e95ea65a99f2ef80510282-483b6358d4f8a15b-01
Content-Length: 99
Content-Type: application/json; charset=utf-8
host: ondemand.us-west-1.saucelabs.com
authorization: Basic b2F1dGgtYXV0b2xhemFyZS01NThmYjpmOGQwYTRiNC1lMDU5LTRiMzktYTllYi0zNjY5NjViODg3YjE=
accept: */*

Response DefaultHttpResponse(decodeResult: success, version: HTTP/1.1)
HTTP/1.1 200 OK
content-length: 15
content-type: application/json;charset=UTF-8
date: Thu, 11 May 2023 16:11:43 GMT
server: monocle/0.42
x-request-id: 8d4cf7bb-e58f-4582-ae0b-6c3f9765791e

12:11:44.765 [AsyncHttpClient-1-2] DEBUG org.asynchttpclient.netty.channel.ChannelManager -- Adding key: https://ondemand.us-west-1.saucelabs.com:443 for channel [id: 0x5473078d, L:/192.168.1.146:56861 - R:ondemand.us-west-1.saucelabs.com/66.85.52.224:443]
12:11:44.765 [Forwarding findElements on session 23c4ee5d2a954d328883c0cb6703c309 to remote] DEBUG org.asynchttpclient.netty.request.NettyRequestSender -- Using pooled Channel '[id: 0x5473078d, L:/192.168.1.146:56861 - R:ondemand.us-west-1.saucelabs.com/66.85.52.224:443]' for 'POST' to 'https://oauth-autolazare-558fb:f8d0a4b4-e059-4b39-a9eb-366965b887b1@ondemand.us-west-1.saucelabs.com:443/wd/hub/session/23c4ee5d2a954d328883c0cb6703c309/elements'
12:11:44.765 [Forwarding findElements on session 23c4ee5d2a954d328883c0cb6703c309 to remote] DEBUG org.asynchttpclient.netty.request.NettyRequestSender -- Using open Channel [id: 0x5473078d, L:/192.168.1.146:56861 - R:ondemand.us-west-1.saucelabs.com/66.85.52.224:443] for POST '/wd/hub/session/23c4ee5d2a954d328883c0cb6703c309/elements'
12:11:44.973 [AsyncHttpClient-1-2] DEBUG org.asynchttpclient.netty.handler.HttpHandler -- 

Request DefaultHttpRequest(decodeResult: success, version: HTTP/1.1)
POST /wd/hub/session/23c4ee5d2a954d328883c0cb6703c309/elements HTTP/1.1
User-Agent: selenium/4.9.0 (java windows)
traceparent: 00-3edb6ba527b47d836bfefe41b5008c23-bc251625a06bbcca-01
Content-Length: 98
Content-Type: application/json; charset=utf-8
host: ondemand.us-west-1.saucelabs.com
authorization: Basic b2F1dGgtYXV0b2xhemFyZS01NThmYjpmOGQwYTRiNC1lMDU5LTRiMzktYTllYi0zNjY5NjViODg3YjE=
accept: */*

Response DefaultHttpResponse(decodeResult: success, version: HTTP/1.1)
HTTP/1.1 200 OK
content-length: 13
content-type: application/json;charset=UTF-8
date: Thu, 11 May 2023 16:11:43 GMT
server: monocle/0.42
x-request-id: 92f79fd8-9251-41ee-9424-b20b2c1bf423

12:11:44.973 [AsyncHttpClient-1-2] DEBUG org.asynchttpclient.netty.channel.ChannelManager -- Adding key: https://ondemand.us-west-1.saucelabs.com:443 for channel [id: 0x5473078d, L:/192.168.1.146:56861 - R:ondemand.us-west-1.saucelabs.com/66.85.52.224:443]
12:11:44.973 [Forwarding switchToParentFrame on session 23c4ee5d2a954d328883c0cb6703c309 to remote] DEBUG org.asynchttpclient.netty.request.NettyRequestSender -- Using pooled Channel '[id: 0x5473078d, L:/192.168.1.146:56861 - R:ondemand.us-west-1.saucelabs.com/66.85.52.224:443]' for 'POST' to 'https://oauth-autolazare-558fb:f8d0a4b4-e059-4b39-a9eb-366965b887b1@ondemand.us-west-1.saucelabs.com:443/wd/hub/session/23c4ee5d2a954d328883c0cb6703c309/frame/parent'
12:11:44.973 [Forwarding switchToParentFrame on session 23c4ee5d2a954d328883c0cb6703c309 to remote] DEBUG org.asynchttpclient.netty.request.NettyRequestSender -- Using open Channel [id: 0x5473078d, L:/192.168.1.146:56861 - R:ondemand.us-west-1.saucelabs.com/66.85.52.224:443] for POST '/wd/hub/session/23c4ee5d2a954d328883c0cb6703c309/frame/parent'
12:11:45.150 [AsyncHttpClient-1-2] DEBUG org.asynchttpclient.netty.handler.HttpHandler -- 

Request DefaultHttpRequest(decodeResult: success, version: HTTP/1.1)
POST /wd/hub/session/23c4ee5d2a954d328883c0cb6703c309/frame/parent HTTP/1.1
User-Agent: selenium/4.9.0 (java windows)
traceparent: 00-6212fc4e4239b78c6bbaf4a1593e9322-5c1e3f76896960a9-01
Content-Length: 3
Content-Type: application/json; charset=utf-8
host: ondemand.us-west-1.saucelabs.com
authorization: Basic b2F1dGgtYXV0b2xhemFyZS01NThmYjpmOGQwYTRiNC1lMDU5LTRiMzktYTllYi0zNjY5NjViODg3YjE=
accept: */*

Response DefaultHttpResponse(decodeResult: success, version: HTTP/1.1)
HTTP/1.1 200 OK
content-length: 15
content-type: application/json;charset=UTF-8
date: Thu, 11 May 2023 16:11:43 GMT
server: monocle/0.42
x-request-id: 414b703d-ded5-4f80-bf81-57385d775f53

12:11:45.150 [AsyncHttpClient-1-2] DEBUG org.asynchttpclient.netty.channel.ChannelManager -- Adding key: https://ondemand.us-west-1.saucelabs.com:443 for channel [id: 0x5473078d, L:/192.168.1.146:56861 - R:ondemand.us-west-1.saucelabs.com/66.85.52.224:443]
12:11:45.152 [Forwarding executeAsyncScript on session 23c4ee5d2a954d328883c0cb6703c309 to remote] DEBUG org.asynchttpclient.netty.request.NettyRequestSender -- Using pooled Channel '[id: 0x5473078d, L:/192.168.1.146:56861 - R:ondemand.us-west-1.saucelabs.com/66.85.52.224:443]' for 'POST' to 'https://oauth-autolazare-558fb:f8d0a4b4-e059-4b39-a9eb-366965b887b1@ondemand.us-west-1.saucelabs.com:443/wd/hub/session/23c4ee5d2a954d328883c0cb6703c309/execute/async'
12:11:45.152 [Forwarding executeAsyncScript on session 23c4ee5d2a954d328883c0cb6703c309 to remote] DEBUG org.asynchttpclient.netty.request.NettyRequestSender -- Using open Channel [id: 0x5473078d, L:/192.168.1.146:56861 - R:ondemand.us-west-1.saucelabs.com/66.85.52.224:443] for POST '/wd/hub/session/23c4ee5d2a954d328883c0cb6703c309/execute/async'
12:11:48.261 [AsyncHttpClient-1-2] DEBUG org.asynchttpclient.netty.handler.HttpHandler -- 

Request DefaultHttpRequest(decodeResult: success, version: HTTP/1.1)
POST /wd/hub/session/23c4ee5d2a954d328883c0cb6703c309/execute/async HTTP/1.1
User-Agent: selenium/4.9.0 (java windows)
traceparent: 00-284bf5d92a7b298d76cccac2a65a326d-13d35a56819a5e89-01
Content-Length: 358
Content-Type: application/json; charset=utf-8
host: ondemand.us-west-1.saucelabs.com
authorization: Basic b2F1dGgtYXV0b2xhemFyZS01NThmYjpmOGQwYTRiNC1lMDU5LTRiMzktYTllYi0zNjY5NjViODg3YjE=
accept: */*

Response DefaultHttpResponse(decodeResult: success, version: HTTP/1.1)
HTTP/1.1 200 OK
content-type: application/json;charset=UTF-8
date: Thu, 11 May 2023 16:11:44 GMT
server: monocle/0.42
transfer-encoding: chunked
x-request-id: 1a80a7ea-ed89-4268-b950-2a74840e478b

12:11:48.695 [AsyncHttpClient-1-2] DEBUG org.asynchttpclient.netty.channel.ChannelManager -- Adding key: https://ondemand.us-west-1.saucelabs.com:443 for channel [id: 0x5473078d, L:/192.168.1.146:56861 - R:ondemand.us-west-1.saucelabs.com/66.85.52.224:443]
File already exists.
12:11:49.277 [Forwarding maximizeCurrentWindow on session 23c4ee5d2a954d328883c0cb6703c309 to remote] DEBUG org.asynchttpclient.netty.request.NettyRequestSender -- Using pooled Channel '[id: 0x5473078d, L:/192.168.1.146:56861 - R:ondemand.us-west-1.saucelabs.com/66.85.52.224:443]' for 'POST' to 'https://oauth-autolazare-558fb:f8d0a4b4-e059-4b39-a9eb-366965b887b1@ondemand.us-west-1.saucelabs.com:443/wd/hub/session/23c4ee5d2a954d328883c0cb6703c309/window/maximize'
12:11:49.277 [Forwarding maximizeCurrentWindow on session 23c4ee5d2a954d328883c0cb6703c309 to remote] DEBUG org.asynchttpclient.netty.request.NettyRequestSender -- Using open Channel [id: 0x5473078d, L:/192.168.1.146:56861 - R:ondemand.us-west-1.saucelabs.com/66.85.52.224:443] for POST '/wd/hub/session/23c4ee5d2a954d328883c0cb6703c309/window/maximize'
12:11:49.522 [AsyncHttpClient-1-2] DEBUG org.asynchttpclient.netty.handler.HttpHandler -- 

Request DefaultHttpRequest(decodeResult: success, version: HTTP/1.1)
POST /wd/hub/session/23c4ee5d2a954d328883c0cb6703c309/window/maximize HTTP/1.1
User-Agent: selenium/4.9.0 (java windows)
traceparent: 00-71b7729477a8ef803c939808e1356160-2b9aa3321dfa524c-01
Content-Length: 3
Content-Type: application/json; charset=utf-8
host: ondemand.us-west-1.saucelabs.com
authorization: Basic b2F1dGgtYXV0b2xhemFyZS01NThmYjpmOGQwYTRiNC1lMDU5LTRiMzktYTllYi0zNjY5NjViODg3YjE=
accept: */*

Response DefaultHttpResponse(decodeResult: success, version: HTTP/1.1)
HTTP/1.1 200 OK
content-length: 59
content-type: application/json;charset=UTF-8
date: Thu, 11 May 2023 16:11:48 GMT
server: monocle/0.42
x-request-id: 4d0bf819-0ab5-4ec4-8352-287ff3722558

12:11:49.522 [AsyncHttpClient-1-2] DEBUG org.asynchttpclient.netty.channel.ChannelManager -- Adding key: https://ondemand.us-west-1.saucelabs.com:443 for channel [id: 0x5473078d, L:/192.168.1.146:56861 - R:ondemand.us-west-1.saucelabs.com/66.85.52.224:443]
12:11:49.547 [Forwarding getTitle on session 23c4ee5d2a954d328883c0cb6703c309 to remote] DEBUG org.asynchttpclient.netty.request.NettyRequestSender -- Using pooled Channel '[id: 0x5473078d, L:/192.168.1.146:56861 - R:ondemand.us-west-1.saucelabs.com/66.85.52.224:443]' for 'GET' to 'https://oauth-autolazare-558fb:f8d0a4b4-e059-4b39-a9eb-366965b887b1@ondemand.us-west-1.saucelabs.com:443/wd/hub/session/23c4ee5d2a954d328883c0cb6703c309/title'
12:11:49.547 [Forwarding getTitle on session 23c4ee5d2a954d328883c0cb6703c309 to remote] DEBUG org.asynchttpclient.netty.request.NettyRequestSender -- Using open Channel [id: 0x5473078d, L:/192.168.1.146:56861 - R:ondemand.us-west-1.saucelabs.com/66.85.52.224:443] for GET '/wd/hub/session/23c4ee5d2a954d328883c0cb6703c309/title'
12:11:49.733 [AsyncHttpClient-1-2] DEBUG org.asynchttpclient.netty.handler.HttpHandler -- 

Request DefaultFullHttpRequest(decodeResult: success, version: HTTP/1.1, content: EmptyByteBufBE)
GET /wd/hub/session/23c4ee5d2a954d328883c0cb6703c309/title HTTP/1.1
User-Agent: selenium/4.9.0 (java windows)
Cache-Control: no-cache
traceparent: 00-96bc22df2e7ef9399099dd4bd77d8ea2-d865c983c25a8411-01
Content-Type: application/json; charset=utf-8
host: ondemand.us-west-1.saucelabs.com
authorization: Basic b2F1dGgtYXV0b2xhemFyZS01NThmYjpmOGQwYTRiNC1lMDU5LTRiMzktYTllYi0zNjY5NjViODg3YjE=
accept: */*

Response DefaultHttpResponse(decodeResult: success, version: HTTP/1.1)
HTTP/1.1 200 OK
content-length: 57
content-type: application/json;charset=UTF-8
date: Thu, 11 May 2023 16:11:48 GMT
server: monocle/0.42
x-request-id: 85df834b-daca-4ef3-aff2-f77051e97ab6

12:11:49.733 [AsyncHttpClient-1-2] DEBUG org.asynchttpclient.netty.channel.ChannelManager -- Adding key: https://ondemand.us-west-1.saucelabs.com:443 for channel [id: 0x5473078d, L:/192.168.1.146:56861 - R:ondemand.us-west-1.saucelabs.com/66.85.52.224:443]
12:11:49.733 [Forwarding quit on session 23c4ee5d2a954d328883c0cb6703c309 to remote] DEBUG org.asynchttpclient.netty.request.NettyRequestSender -- Using pooled Channel '[id: 0x5473078d, L:/192.168.1.146:56861 - R:ondemand.us-west-1.saucelabs.com/66.85.52.224:443]' for 'DELETE' to 'https://oauth-autolazare-558fb:f8d0a4b4-e059-4b39-a9eb-366965b887b1@ondemand.us-west-1.saucelabs.com:443/wd/hub/session/23c4ee5d2a954d328883c0cb6703c309'
12:11:49.733 [Forwarding quit on session 23c4ee5d2a954d328883c0cb6703c309 to remote] DEBUG org.asynchttpclient.netty.request.NettyRequestSender -- Using open Channel [id: 0x5473078d, L:/192.168.1.146:56861 - R:ondemand.us-west-1.saucelabs.com/66.85.52.224:443] for DELETE '/wd/hub/session/23c4ee5d2a954d328883c0cb6703c309'
12:11:50.076 [AsyncHttpClient-1-2] DEBUG org.asynchttpclient.netty.handler.HttpHandler -- 

Request DefaultFullHttpRequest(decodeResult: success, version: HTTP/1.1, content: EmptyByteBufBE)
DELETE /wd/hub/session/23c4ee5d2a954d328883c0cb6703c309 HTTP/1.1
User-Agent: selenium/4.9.0 (java windows)
traceparent: 00-9049001a1d7e3a9eff8648e53a4475ea-2b4c5ecf65d35bb7-01
Content-Type: application/json; charset=utf-8
host: ondemand.us-west-1.saucelabs.com
authorization: Basic b2F1dGgtYXV0b2xhemFyZS01NThmYjpmOGQwYTRiNC1lMDU5LTRiMzktYTllYi0zNjY5NjViODg3YjE=
accept: */*

Response DefaultHttpResponse(decodeResult: success, version: HTTP/1.1)
HTTP/1.1 200 OK
content-length: 13
content-type: application/json;charset=UTF-8
date: Thu, 11 May 2023 16:11:48 GMT
server: monocle/0.42
x-request-id: 2a0686d8-18ec-4a29-8cfe-4622ea7fd0e9

12:11:50.076 [AsyncHttpClient-1-2] DEBUG org.asynchttpclient.netty.channel.ChannelManager -- Adding key: https://ondemand.us-west-1.saucelabs.com:443 for channel [id: 0x5473078d, L:/192.168.1.146:56861 - R:ondemand.us-west-1.saucelabs.com/66.85.52.224:443]
  Given user navigate to the site               # stepDefinitions.Login.user_navigate_to_the_site()
]]></system-out>
    <system-err><![CDATA[May 11, 2023 12:10:48 PM org.openqa.selenium.remote.tracing.opentelemetry.OpenTelemetryTracer createTracer
INFO: Using OpenTelemetry for tracing
]]></system-err>
  </testcase>
</testsuite>