<?xml version="1.0" encoding="UTF-8"?>
<testsuite xmlns:xsi="http://www.w3.org/2001/XMLSchema-instance" xsi:noNamespaceSchemaLocation="https://maven.apache.org/surefire/maven-surefire-plugin/xsd/surefire-test-report-3.0.xsd" version="3.0" name="TestSuite" time="64.486" tests="1" errors="0" skipped="0" failures="0">
  <properties>
    <property name="sun.desktop" value="windows"/>
    <property name="awt.toolkit" value="sun.awt.windows.WToolkit"/>
    <property name="java.specification.version" value="11"/>
    <property name="sun.cpu.isalist" value="amd64"/>
    <property name="sun.jnu.encoding" value="Cp1252"/>
    <property name="java.class.path" value="C:\Users\ganah\IdeaProjects\Cucumber_Project_03_28_2023_job\target\test-classes;C:\Users\ganah\IdeaProjects\Cucumber_Project_03_28_2023_job\target\classes;C:\Users\ganah\.m2\repository\org\seleniumhq\selenium\selenium-java\4.9.0\selenium-java-4.9.0.jar;C:\Users\ganah\.m2\repository\org\seleniumhq\selenium\selenium-api\4.9.0\selenium-api-4.9.0.jar;C:\Users\ganah\.m2\repository\org\seleniumhq\selenium\selenium-chrome-driver\4.9.0\selenium-chrome-driver-4.9.0.jar;C:\Users\ganah\.m2\repository\com\google\auto\service\auto-service-annotations\1.0.1\auto-service-annotations-1.0.1.jar;C:\Users\ganah\.m2\repository\com\google\auto\service\auto-service\1.0.1\auto-service-1.0.1.jar;C:\Users\ganah\.m2\repository\com\google\auto\auto-common\1.2\auto-common-1.2.jar;C:\Users\ganah\.m2\repository\org\seleniumhq\selenium\selenium-chromium-driver\4.9.0\selenium-chromium-driver-4.9.0.jar;C:\Users\ganah\.m2\repository\org\seleniumhq\selenium\selenium-json\4.9.0\selenium-json-4.9.0.jar;C:\Users\ganah\.m2\repository\org\seleniumhq\selenium\selenium-manager\4.9.0\selenium-manager-4.9.0.jar;C:\Users\ganah\.m2\repository\org\seleniumhq\selenium\selenium-devtools-v110\4.9.0\selenium-devtools-v110-4.9.0.jar;C:\Users\ganah\.m2\repository\org\seleniumhq\selenium\selenium-devtools-v111\4.9.0\selenium-devtools-v111-4.9.0.jar;C:\Users\ganah\.m2\repository\org\seleniumhq\selenium\selenium-devtools-v112\4.9.0\selenium-devtools-v112-4.9.0.jar;C:\Users\ganah\.m2\repository\org\seleniumhq\selenium\selenium-devtools-v85\4.9.0\selenium-devtools-v85-4.9.0.jar;C:\Users\ganah\.m2\repository\org\seleniumhq\selenium\selenium-edge-driver\4.9.0\selenium-edge-driver-4.9.0.jar;C:\Users\ganah\.m2\repository\org\seleniumhq\selenium\selenium-firefox-driver\4.9.0\selenium-firefox-driver-4.9.0.jar;C:\Users\ganah\.m2\repository\org\seleniumhq\selenium\selenium-http\4.9.0\selenium-http-4.9.0.jar;C:\Users\ganah\.m2\repository\dev\failsafe\failsafe\3.3.1\failsafe-3.3.1.jar;C:\Users\ganah\.m2\repository\org\seleniumhq\selenium\selenium-ie-driver\4.9.0\selenium-ie-driver-4.9.0.jar;C:\Users\ganah\.m2\repository\org\seleniumhq\selenium\selenium-remote-driver\4.9.0\selenium-remote-driver-4.9.0.jar;C:\Users\ganah\.m2\repository\io\netty\netty-buffer\4.1.91.Final\netty-buffer-4.1.91.Final.jar;C:\Users\ganah\.m2\repository\io\netty\netty-codec-http\4.1.91.Final\netty-codec-http-4.1.91.Final.jar;C:\Users\ganah\.m2\repository\io\netty\netty-codec\4.1.91.Final\netty-codec-4.1.91.Final.jar;C:\Users\ganah\.m2\repository\io\netty\netty-handler\4.1.91.Final\netty-handler-4.1.91.Final.jar;C:\Users\ganah\.m2\repository\io\netty\netty-common\4.1.91.Final\netty-common-4.1.91.Final.jar;C:\Users\ganah\.m2\repository\io\netty\netty-transport-classes-epoll\4.1.91.Final\netty-transport-classes-epoll-4.1.91.Final.jar;C:\Users\ganah\.m2\repository\io\netty\netty-transport-classes-kqueue\4.1.91.Final\netty-transport-classes-kqueue-4.1.91.Final.jar;C:\Users\ganah\.m2\repository\io\netty\netty-transport-native-epoll\4.1.91.Final\netty-transport-native-epoll-4.1.91.Final.jar;C:\Users\ganah\.m2\repository\io\netty\netty-transport-native-kqueue\4.1.91.Final\netty-transport-native-kqueue-4.1.91.Final.jar;C:\Users\ganah\.m2\repository\io\netty\netty-transport-native-unix-common\4.1.91.Final\netty-transport-native-unix-common-4.1.91.Final.jar;C:\Users\ganah\.m2\repository\io\netty\netty-transport\4.1.91.Final\netty-transport-4.1.91.Final.jar;C:\Users\ganah\.m2\repository\io\netty\netty-resolver\4.1.91.Final\netty-resolver-4.1.91.Final.jar;C:\Users\ganah\.m2\repository\io\opentelemetry\opentelemetry-api\1.25.0\opentelemetry-api-1.25.0.jar;C:\Users\ganah\.m2\repository\io\opentelemetry\opentelemetry-context\1.25.0\opentelemetry-context-1.25.0.jar;C:\Users\ganah\.m2\repository\io\opentelemetry\opentelemetry-exporter-logging\1.25.0\opentelemetry-exporter-logging-1.25.0.jar;C:\Users\ganah\.m2\repository\io\opentelemetry\opentelemetry-sdk-metrics\1.25.0\opentelemetry-sdk-metrics-1.25.0.jar;C:\Users\ganah\.m2\repository\io\opentelemetry\opentelemetry-sdk-logs\1.25.0-alpha\opentelemetry-sdk-logs-1.25.0-alpha.jar;C:\Users\ganah\.m2\repository\io\opentelemetry\opentelemetry-api-logs\1.25.0-alpha\opentelemetry-api-logs-1.25.0-alpha.jar;C:\Users\ganah\.m2\repository\io\opentelemetry\opentelemetry-api-events\1.25.0-alpha\opentelemetry-api-events-1.25.0-alpha.jar;C:\Users\ganah\.m2\repository\io\opentelemetry\opentelemetry-sdk-common\1.25.0\opentelemetry-sdk-common-1.25.0.jar;C:\Users\ganah\.m2\repository\io\opentelemetry\opentelemetry-sdk-extension-autoconfigure-spi\1.25.0\opentelemetry-sdk-extension-autoconfigure-spi-1.25.0.jar;C:\Users\ganah\.m2\repository\io\opentelemetry\opentelemetry-sdk-extension-autoconfigure\1.25.0-alpha\opentelemetry-sdk-extension-autoconfigure-1.25.0-alpha.jar;C:\Users\ganah\.m2\repository\io\opentelemetry\opentelemetry-sdk-trace\1.25.0\opentelemetry-sdk-trace-1.25.0.jar;C:\Users\ganah\.m2\repository\io\opentelemetry\opentelemetry-sdk\1.25.0\opentelemetry-sdk-1.25.0.jar;C:\Users\ganah\.m2\repository\io\opentelemetry\opentelemetry-semconv\1.25.0-alpha\opentelemetry-semconv-1.25.0-alpha.jar;C:\Users\ganah\.m2\repository\io\ous\jtoml\2.0.0\jtoml-2.0.0.jar;C:\Users\ganah\.m2\repository\net\bytebuddy\byte-buddy\1.14.4\byte-buddy-1.14.4.jar;C:\Users\ganah\.m2\repository\org\apache\commons\commons-exec\1.3\commons-exec-1.3.jar;C:\Users\ganah\.m2\repository\org\asynchttpclient\async-http-client\2.12.3\async-http-client-2.12.3.jar;C:\Users\ganah\.m2\repository\org\asynchttpclient\async-http-client-netty-utils\2.12.3\async-http-client-netty-utils-2.12.3.jar;C:\Users\ganah\.m2\repository\io\netty\netty-codec-socks\4.1.60.Final\netty-codec-socks-4.1.60.Final.jar;C:\Users\ganah\.m2\repository\io\netty\netty-handler-proxy\4.1.60.Final\netty-handler-proxy-4.1.60.Final.jar;C:\Users\ganah\.m2\repository\io\netty\netty-transport-native-epoll\4.1.60.Final\netty-transport-native-epoll-4.1.60.Final-linux-x86_64.jar;C:\Users\ganah\.m2\repository\io\netty\netty-transport-native-kqueue\4.1.60.Final\netty-transport-native-kqueue-4.1.60.Final-osx-x86_64.jar;C:\Users\ganah\.m2\repository\com\typesafe\netty\netty-reactive-streams\2.0.4\netty-reactive-streams-2.0.4.jar;C:\Users\ganah\.m2\repository\com\sun\activation\jakarta.activation\1.2.2\jakarta.activation-1.2.2.jar;C:\Users\ganah\.m2\repository\org\seleniumhq\selenium\selenium-safari-driver\4.9.0\selenium-safari-driver-4.9.0.jar;C:\Users\ganah\.m2\repository\org\seleniumhq\selenium\selenium-support\4.9.0\selenium-support-4.9.0.jar;C:\Users\ganah\.m2\repository\org\apache\maven\plugins\maven-surefire-plugin\3.0.0-M5\maven-surefire-plugin-3.0.0-M5.jar;C:\Users\ganah\.m2\repository\org\apache\maven\surefire\maven-surefire-common\3.0.0-M5\maven-surefire-common-3.0.0-M5.jar;C:\Users\ganah\.m2\repository\org\apache\maven\surefire\surefire-api\3.0.0-M5\surefire-api-3.0.0-M5.jar;C:\Users\ganah\.m2\repository\org\apache\maven\surefire\surefire-logger-api\3.0.0-M5\surefire-logger-api-3.0.0-M5.jar;C:\Users\ganah\.m2\repository\org\apache\maven\surefire\surefire-extensions-api\3.0.0-M5\surefire-extensions-api-3.0.0-M5.jar;C:\Users\ganah\.m2\repository\org\apache\maven\surefire\surefire-booter\3.0.0-M5\surefire-booter-3.0.0-M5.jar;C:\Users\ganah\.m2\repository\org\apache\maven\surefire\surefire-extensions-spi\3.0.0-M5\surefire-extensions-spi-3.0.0-M5.jar;C:\Users\ganah\.m2\repository\org\apache\maven\maven-toolchain\3.0-alpha-2\maven-toolchain-3.0-alpha-2.jar;C:\Users\ganah\.m2\repository\org\apache\maven\shared\maven-artifact-transfer\0.11.0\maven-artifact-transfer-0.11.0.jar;C:\Users\ganah\.m2\repository\org\apache\maven\shared\maven-common-artifact-filters\3.0.1\maven-common-artifact-filters-3.0.1.jar;C:\Users\ganah\.m2\repository\org\apache\maven\surefire\surefire-shared-utils\3.0.0-M4\surefire-shared-utils-3.0.0-M4.jar;C:\Users\ganah\.m2\repository\org\apache\maven\plugins\maven-failsafe-plugin\3.0.0-M5\maven-failsafe-plugin-3.0.0-M5.jar;C:\Users\ganah\.m2\repository\junit\junit\4.13.1\junit-4.13.1.jar;C:\Users\ganah\.m2\repository\org\hamcrest\hamcrest-core\1.3\hamcrest-core-1.3.jar;C:\Users\ganah\.m2\repository\io\github\bonigarcia\webdrivermanager\5.3.1\webdrivermanager-5.3.1.jar;C:\Users\ganah\.m2\repository\org\slf4j\slf4j-api\2.0.3\slf4j-api-2.0.3.jar;C:\Users\ganah\.m2\repository\com\google\code\gson\gson\2.10\gson-2.10.jar;C:\Users\ganah\.m2\repository\com\github\docker-java\docker-java\3.2.13\docker-java-3.2.13.jar;C:\Users\ganah\.m2\repository\com\github\docker-java\docker-java-core\3.2.13\docker-java-core-3.2.13.jar;C:\Users\ganah\.m2\repository\com\github\docker-java\docker-java-api\3.2.13\docker-java-api-3.2.13.jar;C:\Users\ganah\.m2\repository\org\apache\commons\commons-compress\1.21\commons-compress-1.21.jar;C:\Users\ganah\.m2\repository\org\bouncycastle\bcpkix-jdk15on\1.64\bcpkix-jdk15on-1.64.jar;C:\Users\ganah\.m2\repository\org\bouncycastle\bcprov-jdk15on\1.64\bcprov-jdk15on-1.64.jar;C:\Users\ganah\.m2\repository\org\slf4j\jcl-over-slf4j\1.7.30\jcl-over-slf4j-1.7.30.jar;C:\Users\ganah\.m2\repository\com\github\docker-java\docker-java-transport-httpclient5\3.2.13\docker-java-transport-httpclient5-3.2.13.jar;C:\Users\ganah\.m2\repository\com\github\docker-java\docker-java-transport\3.2.13\docker-java-transport-3.2.13.jar;C:\Users\ganah\.m2\repository\net\java\dev\jna\jna\5.8.0\jna-5.8.0.jar;C:\Users\ganah\.m2\repository\org\brotli\dec\0.1.2\dec-0.1.2.jar;C:\Users\ganah\.m2\repository\org\apache\commons\commons-lang3\3.12.0\commons-lang3-3.12.0.jar;C:\Users\ganah\.m2\repository\org\apache\httpcomponents\client5\httpclient5\5.1.3\httpclient5-5.1.3.jar;C:\Users\ganah\.m2\repository\org\apache\httpcomponents\core5\httpcore5\5.1.3\httpcore5-5.1.3.jar;C:\Users\ganah\.m2\repository\org\apache\httpcomponents\core5\httpcore5-h2\5.1.3\httpcore5-h2-5.1.3.jar;C:\Users\ganah\.m2\repository\org\testng\testng\7.7.0\testng-7.7.0.jar;C:\Users\ganah\.m2\repository\com\beust\jcommander\1.82\jcommander-1.82.jar;C:\Users\ganah\.m2\repository\org\webjars\jquery\3.6.1\jquery-3.6.1.jar;C:\Users\ganah\.m2\repository\org\apache\maven\plugins\maven-compiler-plugin\3.8.1\maven-compiler-plugin-3.8.1.jar;C:\Users\ganah\.m2\repository\org\apache\maven\maven-plugin-api\3.0\maven-plugin-api-3.0.jar;C:\Users\ganah\.m2\repository\org\apache\maven\maven-model\3.0\maven-model-3.0.jar;C:\Users\ganah\.m2\repository\org\sonatype\sisu\sisu-inject-plexus\1.4.2\sisu-inject-plexus-1.4.2.jar;C:\Users\ganah\.m2\repository\org\sonatype\sisu\sisu-inject-bean\1.4.2\sisu-inject-bean-1.4.2.jar;C:\Users\ganah\.m2\repository\org\sonatype\sisu\sisu-guice\2.1.7\sisu-guice-2.1.7-noaop.jar;C:\Users\ganah\.m2\repository\org\apache\maven\maven-artifact\3.0\maven-artifact-3.0.jar;C:\Users\ganah\.m2\repository\org\apache\maven\maven-core\3.0\maven-core-3.0.jar;C:\Users\ganah\.m2\repository\org\apache\maven\maven-settings\3.0\maven-settings-3.0.jar;C:\Users\ganah\.m2\repository\org\apache\maven\maven-settings-builder\3.0\maven-settings-builder-3.0.jar;C:\Users\ganah\.m2\repository\org\apache\maven\maven-repository-metadata\3.0\maven-repository-metadata-3.0.jar;C:\Users\ganah\.m2\repository\org\apache\maven\maven-model-builder\3.0\maven-model-builder-3.0.jar;C:\Users\ganah\.m2\repository\org\apache\maven\maven-aether-provider\3.0\maven-aether-provider-3.0.jar;C:\Users\ganah\.m2\repository\org\sonatype\aether\aether-impl\1.7\aether-impl-1.7.jar;C:\Users\ganah\.m2\repository\org\sonatype\aether\aether-spi\1.7\aether-spi-1.7.jar;C:\Users\ganah\.m2\repository\org\sonatype\aether\aether-api\1.7\aether-api-1.7.jar;C:\Users\ganah\.m2\repository\org\sonatype\aether\aether-util\1.7\aether-util-1.7.jar;C:\Users\ganah\.m2\repository\org\codehaus\plexus\plexus-interpolation\1.14\plexus-interpolation-1.14.jar;C:\Users\ganah\.m2\repository\org\codehaus\plexus\plexus-classworlds\2.2.3\plexus-classworlds-2.2.3.jar;C:\Users\ganah\.m2\repository\org\codehaus\plexus\plexus-component-annotations\1.5.5\plexus-component-annotations-1.5.5.jar;C:\Users\ganah\.m2\repository\org\sonatype\plexus\plexus-sec-dispatcher\1.3\plexus-sec-dispatcher-1.3.jar;C:\Users\ganah\.m2\repository\org\sonatype\plexus\plexus-cipher\1.4\plexus-cipher-1.4.jar;C:\Users\ganah\.m2\repository\org\apache\maven\shared\maven-shared-utils\3.2.1\maven-shared-utils-3.2.1.jar;C:\Users\ganah\.m2\repository\org\apache\maven\shared\maven-shared-incremental\1.1\maven-shared-incremental-1.1.jar;C:\Users\ganah\.m2\repository\org\codehaus\plexus\plexus-java\0.9.10\plexus-java-0.9.10.jar;C:\Users\ganah\.m2\repository\org\ow2\asm\asm\6.2\asm-6.2.jar;C:\Users\ganah\.m2\repository\com\thoughtworks\qdox\qdox\2.0-M8\qdox-2.0-M8.jar;C:\Users\ganah\.m2\repository\org\codehaus\plexus\plexus-compiler-api\2.8.4\plexus-compiler-api-2.8.4.jar;C:\Users\ganah\.m2\repository\org\codehaus\plexus\plexus-compiler-manager\2.8.4\plexus-compiler-manager-2.8.4.jar;C:\Users\ganah\.m2\repository\org\codehaus\plexus\plexus-compiler-javac\2.8.4\plexus-compiler-javac-2.8.4.jar;C:\Users\ganah\.m2\repository\io\cucumber\cucumber-core\7.11.0\cucumber-core-7.11.0.jar;C:\Users\ganah\.m2\repository\io\cucumber\cucumber-gherkin-messages\7.11.0\cucumber-gherkin-messages-7.11.0.jar;C:\Users\ganah\.m2\repository\io\cucumber\gherkin\26.0.3\gherkin-26.0.3.jar;C:\Users\ganah\.m2\repository\io\cucumber\messages\21.0.1\messages-21.0.1.jar;C:\Users\ganah\.m2\repository\io\cucumber\tag-expressions\5.0.1\tag-expressions-5.0.1.jar;C:\Users\ganah\.m2\repository\io\cucumber\cucumber-expressions\16.1.1\cucumber-expressions-16.1.1.jar;C:\Users\ganah\.m2\repository\io\cucumber\datatable\7.11.0\datatable-7.11.0.jar;C:\Users\ganah\.m2\repository\io\cucumber\cucumber-plugin\7.11.0\cucumber-plugin-7.11.0.jar;C:\Users\ganah\.m2\repository\io\cucumber\docstring\7.11.0\docstring-7.11.0.jar;C:\Users\ganah\.m2\repository\io\cucumber\html-formatter\20.2.1\html-formatter-20.2.1.jar;C:\Users\ganah\.m2\repository\io\cucumber\junit-xml-formatter\0.1.0\junit-xml-formatter-0.1.0.jar;C:\Users\ganah\.m2\repository\io\cucumber\ci-environment\9.1.0\ci-environment-9.1.0.jar;C:\Users\ganah\.m2\repository\org\apiguardian\apiguardian-api\1.1.2\apiguardian-api-1.1.2.jar;C:\Users\ganah\.m2\repository\io\cucumber\cucumber-gherkin\7.11.0\cucumber-gherkin-7.11.0.jar;C:\Users\ganah\.m2\repository\io\cucumber\cucumber-java\7.11.0\cucumber-java-7.11.0.jar;C:\Users\ganah\.m2\repository\net\masterthought\cucumber-reporting\5.7.4\cucumber-reporting-5.7.4.jar;C:\Users\ganah\.m2\repository\com\fasterxml\jackson\core\jackson-databind\2.13.2.2\jackson-databind-2.13.2.2.jar;C:\Users\ganah\.m2\repository\com\fasterxml\jackson\core\jackson-annotations\2.13.2\jackson-annotations-2.13.2.jar;C:\Users\ganah\.m2\repository\com\fasterxml\jackson\core\jackson-core\2.13.2\jackson-core-2.13.2.jar;C:\Users\ganah\.m2\repository\com\fasterxml\jackson\datatype\jackson-datatype-jsr310\2.13.2\jackson-datatype-jsr310-2.13.2.jar;C:\Users\ganah\.m2\repository\org\apache\velocity\velocity-engine-core\2.3\velocity-engine-core-2.3.jar;C:\Users\ganah\.m2\repository\org\apache\commons\commons-collections4\4.4\commons-collections4-4.4.jar;C:\Users\ganah\.m2\repository\joda-time\joda-time\2.10.14\joda-time-2.10.14.jar;C:\Users\ganah\.m2\repository\commons-io\commons-io\2.7\commons-io-2.7.jar;C:\Users\ganah\.m2\repository\org\codehaus\plexus\plexus-utils\3.4.2\plexus-utils-3.4.2.jar;C:\Users\ganah\.m2\repository\org\jsoup\jsoup\1.15.3\jsoup-1.15.3.jar;C:\Users\ganah\.m2\repository\com\google\guava\guava\31.1-jre\guava-31.1-jre.jar;C:\Users\ganah\.m2\repository\com\google\guava\failureaccess\1.0.1\failureaccess-1.0.1.jar;C:\Users\ganah\.m2\repository\com\google\guava\listenablefuture\9999.0-empty-to-avoid-conflict-with-guava\listenablefuture-9999.0-empty-to-avoid-conflict-with-guava.jar;C:\Users\ganah\.m2\repository\com\google\code\findbugs\jsr305\3.0.2\jsr305-3.0.2.jar;C:\Users\ganah\.m2\repository\com\google\errorprone\error_prone_annotations\2.11.0\error_prone_annotations-2.11.0.jar;C:\Users\ganah\.m2\repository\com\google\j2objc\j2objc-annotations\1.3\j2objc-annotations-1.3.jar;C:\Users\ganah\.m2\repository\com\googlecode\owasp-java-html-sanitizer\owasp-java-html-sanitizer\20211018.2\owasp-java-html-sanitizer-20211018.2.jar;C:\Users\ganah\.m2\repository\commons-configuration\commons-configuration\1.10\commons-configuration-1.10.jar;C:\Users\ganah\.m2\repository\commons-lang\commons-lang\2.6\commons-lang-2.6.jar;C:\Users\ganah\.m2\repository\io\cucumber\cucumber-junit\7.11.0\cucumber-junit-7.11.0.jar;C:\Users\ganah\.m2\repository\io\cucumber\cucumber-testng\7.11.1\cucumber-testng-7.11.1.jar;C:\Users\ganah\.m2\repository\org\postgresql\postgresql\42.6.0\postgresql-42.6.0.jar;C:\Users\ganah\.m2\repository\org\checkerframework\checker-qual\3.31.0\checker-qual-3.31.0.jar;C:\Users\ganah\.m2\repository\com\vimalselvam\cucumber-extentsreport\3.0.2\cucumber-extentsreport-3.0.2.jar;C:\Users\ganah\.m2\repository\com\aventstack\extentreports\5.0.9\extentreports-5.0.9.jar;C:\Users\ganah\.m2\repository\io\reactivex\rxjava3\rxjava\3.0.4\rxjava-3.0.4.jar;C:\Users\ganah\.m2\repository\org\reactivestreams\reactive-streams\1.0.3\reactive-streams-1.0.3.jar;C:\Users\ganah\.m2\repository\org\freemarker\freemarker\2.3.30\freemarker-2.3.30.jar;C:\Users\ganah\.m2\repository\org\projectlombok\lombok\1.18.12\lombok-1.18.12.jar;C:\Users\ganah\.m2\repository\org\apache\logging\log4j\log4j-core\2.14.1\log4j-core-2.14.1.jar;C:\Users\ganah\.m2\repository\org\apache\logging\log4j\log4j-api\2.14.1\log4j-api-2.14.1.jar;C:\Users\ganah\.m2\repository\com\deque\html\axe-core\selenium\4.6.0\selenium-4.6.0.jar;C:\Users\ganah\.m2\repository\com\deque\html\axe-core\dequeutilites\4.6.0\dequeutilites-4.6.0.jar;C:\Users\ganah\.m2\repository\org\springframework\boot\spring-boot-starter-web\3.0.6\spring-boot-starter-web-3.0.6.jar;C:\Users\ganah\.m2\repository\org\springframework\boot\spring-boot-starter\3.0.6\spring-boot-starter-3.0.6.jar;C:\Users\ganah\.m2\repository\org\springframework\boot\spring-boot\3.0.6\spring-boot-3.0.6.jar;C:\Users\ganah\.m2\repository\org\springframework\boot\spring-boot-autoconfigure\3.0.6\spring-boot-autoconfigure-3.0.6.jar;C:\Users\ganah\.m2\repository\org\springframework\boot\spring-boot-starter-logging\3.0.6\spring-boot-starter-logging-3.0.6.jar;C:\Users\ganah\.m2\repository\ch\qos\logback\logback-classic\1.4.7\logback-classic-1.4.7.jar;C:\Users\ganah\.m2\repository\ch\qos\logback\logback-core\1.4.7\logback-core-1.4.7.jar;C:\Users\ganah\.m2\repository\org\apache\logging\log4j\log4j-to-slf4j\2.19.0\log4j-to-slf4j-2.19.0.jar;C:\Users\ganah\.m2\repository\org\slf4j\jul-to-slf4j\2.0.7\jul-to-slf4j-2.0.7.jar;C:\Users\ganah\.m2\repository\jakarta\annotation\jakarta.annotation-api\2.1.1\jakarta.annotation-api-2.1.1.jar;C:\Users\ganah\.m2\repository\org\springframework\spring-core\6.0.8\spring-core-6.0.8.jar;C:\Users\ganah\.m2\repository\org\springframework\spring-jcl\6.0.8\spring-jcl-6.0.8.jar;C:\Users\ganah\.m2\repository\org\yaml\snakeyaml\1.33\snakeyaml-1.33.jar;C:\Users\ganah\.m2\repository\org\springframework\boot\spring-boot-starter-json\3.0.6\spring-boot-starter-json-3.0.6.jar;C:\Users\ganah\.m2\repository\com\fasterxml\jackson\datatype\jackson-datatype-jdk8\2.14.2\jackson-datatype-jdk8-2.14.2.jar;C:\Users\ganah\.m2\repository\com\fasterxml\jackson\module\jackson-module-parameter-names\2.14.2\jackson-module-parameter-names-2.14.2.jar;C:\Users\ganah\.m2\repository\org\springframework\boot\spring-boot-starter-tomcat\3.0.6\spring-boot-starter-tomcat-3.0.6.jar;C:\Users\ganah\.m2\repository\org\apache\tomcat\embed\tomcat-embed-core\10.1.8\tomcat-embed-core-10.1.8.jar;C:\Users\ganah\.m2\repository\org\apache\tomcat\embed\tomcat-embed-el\10.1.8\tomcat-embed-el-10.1.8.jar;C:\Users\ganah\.m2\repository\org\apache\tomcat\embed\tomcat-embed-websocket\10.1.8\tomcat-embed-websocket-10.1.8.jar;C:\Users\ganah\.m2\repository\org\springframework\spring-web\6.0.8\spring-web-6.0.8.jar;C:\Users\ganah\.m2\repository\org\springframework\spring-beans\6.0.8\spring-beans-6.0.8.jar;C:\Users\ganah\.m2\repository\io\micrometer\micrometer-observation\1.10.6\micrometer-observation-1.10.6.jar;C:\Users\ganah\.m2\repository\io\micrometer\micrometer-commons\1.10.6\micrometer-commons-1.10.6.jar;C:\Users\ganah\.m2\repository\org\springframework\spring-webmvc\6.0.8\spring-webmvc-6.0.8.jar;C:\Users\ganah\.m2\repository\org\springframework\spring-aop\6.0.8\spring-aop-6.0.8.jar;C:\Users\ganah\.m2\repository\org\springframework\spring-context\6.0.8\spring-context-6.0.8.jar;C:\Users\ganah\.m2\repository\org\springframework\spring-expression\6.0.8\spring-expression-6.0.8.jar;C:\Users\ganah\.m2\repository\org\thymeleaf\thymeleaf\3.0.12.RELEASE\thymeleaf-3.0.12.RELEASE.jar;C:\Users\ganah\.m2\repository\ognl\ognl\3.1.26\ognl-3.1.26.jar;C:\Users\ganah\.m2\repository\org\javassist\javassist\3.20.0-GA\javassist-3.20.0-GA.jar;C:\Users\ganah\.m2\repository\org\attoparser\attoparser\2.0.5.RELEASE\attoparser-2.0.5.RELEASE.jar;C:\Users\ganah\.m2\repository\org\unbescape\unbescape\1.1.6.RELEASE\unbescape-1.1.6.RELEASE.jar;C:\Users\ganah\.m2\repository\org\apache\httpcomponents\httpclient\4.5.14\httpclient-4.5.14.jar;C:\Users\ganah\.m2\repository\org\apache\httpcomponents\httpcore\4.4.16\httpcore-4.4.16.jar;C:\Users\ganah\.m2\repository\commons-logging\commons-logging\1.2\commons-logging-1.2.jar;C:\Users\ganah\.m2\repository\commons-codec\commons-codec\1.11\commons-codec-1.11.jar;"/>
    <property name="java.vm.vendor" value="Oracle Corporation"/>
    <property name="sun.arch.data.model" value="64"/>
    <property name="user.variant" value=""/>
    <property name="java.vendor.url" value="https://openjdk.java.net/"/>
    <property name="user.timezone" value="America/New_York"/>
    <property name="java.vm.specification.version" value="11"/>
    <property name="os.name" value="Windows 10"/>
    <property name="sun.java.launcher" value="SUN_STANDARD"/>
    <property name="user.country" value="US"/>
    <property name="sun.boot.library.path" value="C:\Program Files\Java\jdk-11.0.11\bin"/>
    <property name="sun.java.command" value="C:\Users\ganah\AppData\Local\Temp\surefire8648602836879648807\surefirebooter10853718258001439989.jar C:\Users\ganah\AppData\Local\Temp\surefire8648602836879648807 2023-05-12T21-44-11_558-jvmRun1 surefire7583121420586689396tmp surefire_06631819849656511584tmp"/>
    <property name="jdk.debug" value="release"/>
    <property name="surefire.test.class.path" value="C:\Users\ganah\IdeaProjects\Cucumber_Project_03_28_2023_job\target\test-classes;C:\Users\ganah\IdeaProjects\Cucumber_Project_03_28_2023_job\target\classes;C:\Users\ganah\.m2\repository\org\seleniumhq\selenium\selenium-java\4.9.0\selenium-java-4.9.0.jar;C:\Users\ganah\.m2\repository\org\seleniumhq\selenium\selenium-api\4.9.0\selenium-api-4.9.0.jar;C:\Users\ganah\.m2\repository\org\seleniumhq\selenium\selenium-chrome-driver\4.9.0\selenium-chrome-driver-4.9.0.jar;C:\Users\ganah\.m2\repository\com\google\auto\service\auto-service-annotations\1.0.1\auto-service-annotations-1.0.1.jar;C:\Users\ganah\.m2\repository\com\google\auto\service\auto-service\1.0.1\auto-service-1.0.1.jar;C:\Users\ganah\.m2\repository\com\google\auto\auto-common\1.2\auto-common-1.2.jar;C:\Users\ganah\.m2\repository\org\seleniumhq\selenium\selenium-chromium-driver\4.9.0\selenium-chromium-driver-4.9.0.jar;C:\Users\ganah\.m2\repository\org\seleniumhq\selenium\selenium-json\4.9.0\selenium-json-4.9.0.jar;C:\Users\ganah\.m2\repository\org\seleniumhq\selenium\selenium-manager\4.9.0\selenium-manager-4.9.0.jar;C:\Users\ganah\.m2\repository\org\seleniumhq\selenium\selenium-devtools-v110\4.9.0\selenium-devtools-v110-4.9.0.jar;C:\Users\ganah\.m2\repository\org\seleniumhq\selenium\selenium-devtools-v111\4.9.0\selenium-devtools-v111-4.9.0.jar;C:\Users\ganah\.m2\repository\org\seleniumhq\selenium\selenium-devtools-v112\4.9.0\selenium-devtools-v112-4.9.0.jar;C:\Users\ganah\.m2\repository\org\seleniumhq\selenium\selenium-devtools-v85\4.9.0\selenium-devtools-v85-4.9.0.jar;C:\Users\ganah\.m2\repository\org\seleniumhq\selenium\selenium-edge-driver\4.9.0\selenium-edge-driver-4.9.0.jar;C:\Users\ganah\.m2\repository\org\seleniumhq\selenium\selenium-firefox-driver\4.9.0\selenium-firefox-driver-4.9.0.jar;C:\Users\ganah\.m2\repository\org\seleniumhq\selenium\selenium-http\4.9.0\selenium-http-4.9.0.jar;C:\Users\ganah\.m2\repository\dev\failsafe\failsafe\3.3.1\failsafe-3.3.1.jar;C:\Users\ganah\.m2\repository\org\seleniumhq\selenium\selenium-ie-driver\4.9.0\selenium-ie-driver-4.9.0.jar;C:\Users\ganah\.m2\repository\org\seleniumhq\selenium\selenium-remote-driver\4.9.0\selenium-remote-driver-4.9.0.jar;C:\Users\ganah\.m2\repository\io\netty\netty-buffer\4.1.91.Final\netty-buffer-4.1.91.Final.jar;C:\Users\ganah\.m2\repository\io\netty\netty-codec-http\4.1.91.Final\netty-codec-http-4.1.91.Final.jar;C:\Users\ganah\.m2\repository\io\netty\netty-codec\4.1.91.Final\netty-codec-4.1.91.Final.jar;C:\Users\ganah\.m2\repository\io\netty\netty-handler\4.1.91.Final\netty-handler-4.1.91.Final.jar;C:\Users\ganah\.m2\repository\io\netty\netty-common\4.1.91.Final\netty-common-4.1.91.Final.jar;C:\Users\ganah\.m2\repository\io\netty\netty-transport-classes-epoll\4.1.91.Final\netty-transport-classes-epoll-4.1.91.Final.jar;C:\Users\ganah\.m2\repository\io\netty\netty-transport-classes-kqueue\4.1.91.Final\netty-transport-classes-kqueue-4.1.91.Final.jar;C:\Users\ganah\.m2\repository\io\netty\netty-transport-native-epoll\4.1.91.Final\netty-transport-native-epoll-4.1.91.Final.jar;C:\Users\ganah\.m2\repository\io\netty\netty-transport-native-kqueue\4.1.91.Final\netty-transport-native-kqueue-4.1.91.Final.jar;C:\Users\ganah\.m2\repository\io\netty\netty-transport-native-unix-common\4.1.91.Final\netty-transport-native-unix-common-4.1.91.Final.jar;C:\Users\ganah\.m2\repository\io\netty\netty-transport\4.1.91.Final\netty-transport-4.1.91.Final.jar;C:\Users\ganah\.m2\repository\io\netty\netty-resolver\4.1.91.Final\netty-resolver-4.1.91.Final.jar;C:\Users\ganah\.m2\repository\io\opentelemetry\opentelemetry-api\1.25.0\opentelemetry-api-1.25.0.jar;C:\Users\ganah\.m2\repository\io\opentelemetry\opentelemetry-context\1.25.0\opentelemetry-context-1.25.0.jar;C:\Users\ganah\.m2\repository\io\opentelemetry\opentelemetry-exporter-logging\1.25.0\opentelemetry-exporter-logging-1.25.0.jar;C:\Users\ganah\.m2\repository\io\opentelemetry\opentelemetry-sdk-metrics\1.25.0\opentelemetry-sdk-metrics-1.25.0.jar;C:\Users\ganah\.m2\repository\io\opentelemetry\opentelemetry-sdk-logs\1.25.0-alpha\opentelemetry-sdk-logs-1.25.0-alpha.jar;C:\Users\ganah\.m2\repository\io\opentelemetry\opentelemetry-api-logs\1.25.0-alpha\opentelemetry-api-logs-1.25.0-alpha.jar;C:\Users\ganah\.m2\repository\io\opentelemetry\opentelemetry-api-events\1.25.0-alpha\opentelemetry-api-events-1.25.0-alpha.jar;C:\Users\ganah\.m2\repository\io\opentelemetry\opentelemetry-sdk-common\1.25.0\opentelemetry-sdk-common-1.25.0.jar;C:\Users\ganah\.m2\repository\io\opentelemetry\opentelemetry-sdk-extension-autoconfigure-spi\1.25.0\opentelemetry-sdk-extension-autoconfigure-spi-1.25.0.jar;C:\Users\ganah\.m2\repository\io\opentelemetry\opentelemetry-sdk-extension-autoconfigure\1.25.0-alpha\opentelemetry-sdk-extension-autoconfigure-1.25.0-alpha.jar;C:\Users\ganah\.m2\repository\io\opentelemetry\opentelemetry-sdk-trace\1.25.0\opentelemetry-sdk-trace-1.25.0.jar;C:\Users\ganah\.m2\repository\io\opentelemetry\opentelemetry-sdk\1.25.0\opentelemetry-sdk-1.25.0.jar;C:\Users\ganah\.m2\repository\io\opentelemetry\opentelemetry-semconv\1.25.0-alpha\opentelemetry-semconv-1.25.0-alpha.jar;C:\Users\ganah\.m2\repository\io\ous\jtoml\2.0.0\jtoml-2.0.0.jar;C:\Users\ganah\.m2\repository\net\bytebuddy\byte-buddy\1.14.4\byte-buddy-1.14.4.jar;C:\Users\ganah\.m2\repository\org\apache\commons\commons-exec\1.3\commons-exec-1.3.jar;C:\Users\ganah\.m2\repository\org\asynchttpclient\async-http-client\2.12.3\async-http-client-2.12.3.jar;C:\Users\ganah\.m2\repository\org\asynchttpclient\async-http-client-netty-utils\2.12.3\async-http-client-netty-utils-2.12.3.jar;C:\Users\ganah\.m2\repository\io\netty\netty-codec-socks\4.1.60.Final\netty-codec-socks-4.1.60.Final.jar;C:\Users\ganah\.m2\repository\io\netty\netty-handler-proxy\4.1.60.Final\netty-handler-proxy-4.1.60.Final.jar;C:\Users\ganah\.m2\repository\io\netty\netty-transport-native-epoll\4.1.60.Final\netty-transport-native-epoll-4.1.60.Final-linux-x86_64.jar;C:\Users\ganah\.m2\repository\io\netty\netty-transport-native-kqueue\4.1.60.Final\netty-transport-native-kqueue-4.1.60.Final-osx-x86_64.jar;C:\Users\ganah\.m2\repository\com\typesafe\netty\netty-reactive-streams\2.0.4\netty-reactive-streams-2.0.4.jar;C:\Users\ganah\.m2\repository\com\sun\activation\jakarta.activation\1.2.2\jakarta.activation-1.2.2.jar;C:\Users\ganah\.m2\repository\org\seleniumhq\selenium\selenium-safari-driver\4.9.0\selenium-safari-driver-4.9.0.jar;C:\Users\ganah\.m2\repository\org\seleniumhq\selenium\selenium-support\4.9.0\selenium-support-4.9.0.jar;C:\Users\ganah\.m2\repository\org\apache\maven\plugins\maven-surefire-plugin\3.0.0-M5\maven-surefire-plugin-3.0.0-M5.jar;C:\Users\ganah\.m2\repository\org\apache\maven\surefire\maven-surefire-common\3.0.0-M5\maven-surefire-common-3.0.0-M5.jar;C:\Users\ganah\.m2\repository\org\apache\maven\surefire\surefire-api\3.0.0-M5\surefire-api-3.0.0-M5.jar;C:\Users\ganah\.m2\repository\org\apache\maven\surefire\surefire-logger-api\3.0.0-M5\surefire-logger-api-3.0.0-M5.jar;C:\Users\ganah\.m2\repository\org\apache\maven\surefire\surefire-extensions-api\3.0.0-M5\surefire-extensions-api-3.0.0-M5.jar;C:\Users\ganah\.m2\repository\org\apache\maven\surefire\surefire-booter\3.0.0-M5\surefire-booter-3.0.0-M5.jar;C:\Users\ganah\.m2\repository\org\apache\maven\surefire\surefire-extensions-spi\3.0.0-M5\surefire-extensions-spi-3.0.0-M5.jar;C:\Users\ganah\.m2\repository\org\apache\maven\maven-toolchain\3.0-alpha-2\maven-toolchain-3.0-alpha-2.jar;C:\Users\ganah\.m2\repository\org\apache\maven\shared\maven-artifact-transfer\0.11.0\maven-artifact-transfer-0.11.0.jar;C:\Users\ganah\.m2\repository\org\apache\maven\shared\maven-common-artifact-filters\3.0.1\maven-common-artifact-filters-3.0.1.jar;C:\Users\ganah\.m2\repository\org\apache\maven\surefire\surefire-shared-utils\3.0.0-M4\surefire-shared-utils-3.0.0-M4.jar;C:\Users\ganah\.m2\repository\org\apache\maven\plugins\maven-failsafe-plugin\3.0.0-M5\maven-failsafe-plugin-3.0.0-M5.jar;C:\Users\ganah\.m2\repository\junit\junit\4.13.1\junit-4.13.1.jar;C:\Users\ganah\.m2\repository\org\hamcrest\hamcrest-core\1.3\hamcrest-core-1.3.jar;C:\Users\ganah\.m2\repository\io\github\bonigarcia\webdrivermanager\5.3.1\webdrivermanager-5.3.1.jar;C:\Users\ganah\.m2\repository\org\slf4j\slf4j-api\2.0.3\slf4j-api-2.0.3.jar;C:\Users\ganah\.m2\repository\com\google\code\gson\gson\2.10\gson-2.10.jar;C:\Users\ganah\.m2\repository\com\github\docker-java\docker-java\3.2.13\docker-java-3.2.13.jar;C:\Users\ganah\.m2\repository\com\github\docker-java\docker-java-core\3.2.13\docker-java-core-3.2.13.jar;C:\Users\ganah\.m2\repository\com\github\docker-java\docker-java-api\3.2.13\docker-java-api-3.2.13.jar;C:\Users\ganah\.m2\repository\org\apache\commons\commons-compress\1.21\commons-compress-1.21.jar;C:\Users\ganah\.m2\repository\org\bouncycastle\bcpkix-jdk15on\1.64\bcpkix-jdk15on-1.64.jar;C:\Users\ganah\.m2\repository\org\bouncycastle\bcprov-jdk15on\1.64\bcprov-jdk15on-1.64.jar;C:\Users\ganah\.m2\repository\org\slf4j\jcl-over-slf4j\1.7.30\jcl-over-slf4j-1.7.30.jar;C:\Users\ganah\.m2\repository\com\github\docker-java\docker-java-transport-httpclient5\3.2.13\docker-java-transport-httpclient5-3.2.13.jar;C:\Users\ganah\.m2\repository\com\github\docker-java\docker-java-transport\3.2.13\docker-java-transport-3.2.13.jar;C:\Users\ganah\.m2\repository\net\java\dev\jna\jna\5.8.0\jna-5.8.0.jar;C:\Users\ganah\.m2\repository\org\brotli\dec\0.1.2\dec-0.1.2.jar;C:\Users\ganah\.m2\repository\org\apache\commons\commons-lang3\3.12.0\commons-lang3-3.12.0.jar;C:\Users\ganah\.m2\repository\org\apache\httpcomponents\client5\httpclient5\5.1.3\httpclient5-5.1.3.jar;C:\Users\ganah\.m2\repository\org\apache\httpcomponents\core5\httpcore5\5.1.3\httpcore5-5.1.3.jar;C:\Users\ganah\.m2\repository\org\apache\httpcomponents\core5\httpcore5-h2\5.1.3\httpcore5-h2-5.1.3.jar;C:\Users\ganah\.m2\repository\org\testng\testng\7.7.0\testng-7.7.0.jar;C:\Users\ganah\.m2\repository\com\beust\jcommander\1.82\jcommander-1.82.jar;C:\Users\ganah\.m2\repository\org\webjars\jquery\3.6.1\jquery-3.6.1.jar;C:\Users\ganah\.m2\repository\org\apache\maven\plugins\maven-compiler-plugin\3.8.1\maven-compiler-plugin-3.8.1.jar;C:\Users\ganah\.m2\repository\org\apache\maven\maven-plugin-api\3.0\maven-plugin-api-3.0.jar;C:\Users\ganah\.m2\repository\org\apache\maven\maven-model\3.0\maven-model-3.0.jar;C:\Users\ganah\.m2\repository\org\sonatype\sisu\sisu-inject-plexus\1.4.2\sisu-inject-plexus-1.4.2.jar;C:\Users\ganah\.m2\repository\org\sonatype\sisu\sisu-inject-bean\1.4.2\sisu-inject-bean-1.4.2.jar;C:\Users\ganah\.m2\repository\org\sonatype\sisu\sisu-guice\2.1.7\sisu-guice-2.1.7-noaop.jar;C:\Users\ganah\.m2\repository\org\apache\maven\maven-artifact\3.0\maven-artifact-3.0.jar;C:\Users\ganah\.m2\repository\org\apache\maven\maven-core\3.0\maven-core-3.0.jar;C:\Users\ganah\.m2\repository\org\apache\maven\maven-settings\3.0\maven-settings-3.0.jar;C:\Users\ganah\.m2\repository\org\apache\maven\maven-settings-builder\3.0\maven-settings-builder-3.0.jar;C:\Users\ganah\.m2\repository\org\apache\maven\maven-repository-metadata\3.0\maven-repository-metadata-3.0.jar;C:\Users\ganah\.m2\repository\org\apache\maven\maven-model-builder\3.0\maven-model-builder-3.0.jar;C:\Users\ganah\.m2\repository\org\apache\maven\maven-aether-provider\3.0\maven-aether-provider-3.0.jar;C:\Users\ganah\.m2\repository\org\sonatype\aether\aether-impl\1.7\aether-impl-1.7.jar;C:\Users\ganah\.m2\repository\org\sonatype\aether\aether-spi\1.7\aether-spi-1.7.jar;C:\Users\ganah\.m2\repository\org\sonatype\aether\aether-api\1.7\aether-api-1.7.jar;C:\Users\ganah\.m2\repository\org\sonatype\aether\aether-util\1.7\aether-util-1.7.jar;C:\Users\ganah\.m2\repository\org\codehaus\plexus\plexus-interpolation\1.14\plexus-interpolation-1.14.jar;C:\Users\ganah\.m2\repository\org\codehaus\plexus\plexus-classworlds\2.2.3\plexus-classworlds-2.2.3.jar;C:\Users\ganah\.m2\repository\org\codehaus\plexus\plexus-component-annotations\1.5.5\plexus-component-annotations-1.5.5.jar;C:\Users\ganah\.m2\repository\org\sonatype\plexus\plexus-sec-dispatcher\1.3\plexus-sec-dispatcher-1.3.jar;C:\Users\ganah\.m2\repository\org\sonatype\plexus\plexus-cipher\1.4\plexus-cipher-1.4.jar;C:\Users\ganah\.m2\repository\org\apache\maven\shared\maven-shared-utils\3.2.1\maven-shared-utils-3.2.1.jar;C:\Users\ganah\.m2\repository\org\apache\maven\shared\maven-shared-incremental\1.1\maven-shared-incremental-1.1.jar;C:\Users\ganah\.m2\repository\org\codehaus\plexus\plexus-java\0.9.10\plexus-java-0.9.10.jar;C:\Users\ganah\.m2\repository\org\ow2\asm\asm\6.2\asm-6.2.jar;C:\Users\ganah\.m2\repository\com\thoughtworks\qdox\qdox\2.0-M8\qdox-2.0-M8.jar;C:\Users\ganah\.m2\repository\org\codehaus\plexus\plexus-compiler-api\2.8.4\plexus-compiler-api-2.8.4.jar;C:\Users\ganah\.m2\repository\org\codehaus\plexus\plexus-compiler-manager\2.8.4\plexus-compiler-manager-2.8.4.jar;C:\Users\ganah\.m2\repository\org\codehaus\plexus\plexus-compiler-javac\2.8.4\plexus-compiler-javac-2.8.4.jar;C:\Users\ganah\.m2\repository\io\cucumber\cucumber-core\7.11.0\cucumber-core-7.11.0.jar;C:\Users\ganah\.m2\repository\io\cucumber\cucumber-gherkin-messages\7.11.0\cucumber-gherkin-messages-7.11.0.jar;C:\Users\ganah\.m2\repository\io\cucumber\gherkin\26.0.3\gherkin-26.0.3.jar;C:\Users\ganah\.m2\repository\io\cucumber\messages\21.0.1\messages-21.0.1.jar;C:\Users\ganah\.m2\repository\io\cucumber\tag-expressions\5.0.1\tag-expressions-5.0.1.jar;C:\Users\ganah\.m2\repository\io\cucumber\cucumber-expressions\16.1.1\cucumber-expressions-16.1.1.jar;C:\Users\ganah\.m2\repository\io\cucumber\datatable\7.11.0\datatable-7.11.0.jar;C:\Users\ganah\.m2\repository\io\cucumber\cucumber-plugin\7.11.0\cucumber-plugin-7.11.0.jar;C:\Users\ganah\.m2\repository\io\cucumber\docstring\7.11.0\docstring-7.11.0.jar;C:\Users\ganah\.m2\repository\io\cucumber\html-formatter\20.2.1\html-formatter-20.2.1.jar;C:\Users\ganah\.m2\repository\io\cucumber\junit-xml-formatter\0.1.0\junit-xml-formatter-0.1.0.jar;C:\Users\ganah\.m2\repository\io\cucumber\ci-environment\9.1.0\ci-environment-9.1.0.jar;C:\Users\ganah\.m2\repository\org\apiguardian\apiguardian-api\1.1.2\apiguardian-api-1.1.2.jar;C:\Users\ganah\.m2\repository\io\cucumber\cucumber-gherkin\7.11.0\cucumber-gherkin-7.11.0.jar;C:\Users\ganah\.m2\repository\io\cucumber\cucumber-java\7.11.0\cucumber-java-7.11.0.jar;C:\Users\ganah\.m2\repository\net\masterthought\cucumber-reporting\5.7.4\cucumber-reporting-5.7.4.jar;C:\Users\ganah\.m2\repository\com\fasterxml\jackson\core\jackson-databind\2.13.2.2\jackson-databind-2.13.2.2.jar;C:\Users\ganah\.m2\repository\com\fasterxml\jackson\core\jackson-annotations\2.13.2\jackson-annotations-2.13.2.jar;C:\Users\ganah\.m2\repository\com\fasterxml\jackson\core\jackson-core\2.13.2\jackson-core-2.13.2.jar;C:\Users\ganah\.m2\repository\com\fasterxml\jackson\datatype\jackson-datatype-jsr310\2.13.2\jackson-datatype-jsr310-2.13.2.jar;C:\Users\ganah\.m2\repository\org\apache\velocity\velocity-engine-core\2.3\velocity-engine-core-2.3.jar;C:\Users\ganah\.m2\repository\org\apache\commons\commons-collections4\4.4\commons-collections4-4.4.jar;C:\Users\ganah\.m2\repository\joda-time\joda-time\2.10.14\joda-time-2.10.14.jar;C:\Users\ganah\.m2\repository\commons-io\commons-io\2.7\commons-io-2.7.jar;C:\Users\ganah\.m2\repository\org\codehaus\plexus\plexus-utils\3.4.2\plexus-utils-3.4.2.jar;C:\Users\ganah\.m2\repository\org\jsoup\jsoup\1.15.3\jsoup-1.15.3.jar;C:\Users\ganah\.m2\repository\com\google\guava\guava\31.1-jre\guava-31.1-jre.jar;C:\Users\ganah\.m2\repository\com\google\guava\failureaccess\1.0.1\failureaccess-1.0.1.jar;C:\Users\ganah\.m2\repository\com\google\guava\listenablefuture\9999.0-empty-to-avoid-conflict-with-guava\listenablefuture-9999.0-empty-to-avoid-conflict-with-guava.jar;C:\Users\ganah\.m2\repository\com\google\code\findbugs\jsr305\3.0.2\jsr305-3.0.2.jar;C:\Users\ganah\.m2\repository\com\google\errorprone\error_prone_annotations\2.11.0\error_prone_annotations-2.11.0.jar;C:\Users\ganah\.m2\repository\com\google\j2objc\j2objc-annotations\1.3\j2objc-annotations-1.3.jar;C:\Users\ganah\.m2\repository\com\googlecode\owasp-java-html-sanitizer\owasp-java-html-sanitizer\20211018.2\owasp-java-html-sanitizer-20211018.2.jar;C:\Users\ganah\.m2\repository\commons-configuration\commons-configuration\1.10\commons-configuration-1.10.jar;C:\Users\ganah\.m2\repository\commons-lang\commons-lang\2.6\commons-lang-2.6.jar;C:\Users\ganah\.m2\repository\io\cucumber\cucumber-junit\7.11.0\cucumber-junit-7.11.0.jar;C:\Users\ganah\.m2\repository\io\cucumber\cucumber-testng\7.11.1\cucumber-testng-7.11.1.jar;C:\Users\ganah\.m2\repository\org\postgresql\postgresql\42.6.0\postgresql-42.6.0.jar;C:\Users\ganah\.m2\repository\org\checkerframework\checker-qual\3.31.0\checker-qual-3.31.0.jar;C:\Users\ganah\.m2\repository\com\vimalselvam\cucumber-extentsreport\3.0.2\cucumber-extentsreport-3.0.2.jar;C:\Users\ganah\.m2\repository\com\aventstack\extentreports\5.0.9\extentreports-5.0.9.jar;C:\Users\ganah\.m2\repository\io\reactivex\rxjava3\rxjava\3.0.4\rxjava-3.0.4.jar;C:\Users\ganah\.m2\repository\org\reactivestreams\reactive-streams\1.0.3\reactive-streams-1.0.3.jar;C:\Users\ganah\.m2\repository\org\freemarker\freemarker\2.3.30\freemarker-2.3.30.jar;C:\Users\ganah\.m2\repository\org\projectlombok\lombok\1.18.12\lombok-1.18.12.jar;C:\Users\ganah\.m2\repository\org\apache\logging\log4j\log4j-core\2.14.1\log4j-core-2.14.1.jar;C:\Users\ganah\.m2\repository\org\apache\logging\log4j\log4j-api\2.14.1\log4j-api-2.14.1.jar;C:\Users\ganah\.m2\repository\com\deque\html\axe-core\selenium\4.6.0\selenium-4.6.0.jar;C:\Users\ganah\.m2\repository\com\deque\html\axe-core\dequeutilites\4.6.0\dequeutilites-4.6.0.jar;C:\Users\ganah\.m2\repository\org\springframework\boot\spring-boot-starter-web\3.0.6\spring-boot-starter-web-3.0.6.jar;C:\Users\ganah\.m2\repository\org\springframework\boot\spring-boot-starter\3.0.6\spring-boot-starter-3.0.6.jar;C:\Users\ganah\.m2\repository\org\springframework\boot\spring-boot\3.0.6\spring-boot-3.0.6.jar;C:\Users\ganah\.m2\repository\org\springframework\boot\spring-boot-autoconfigure\3.0.6\spring-boot-autoconfigure-3.0.6.jar;C:\Users\ganah\.m2\repository\org\springframework\boot\spring-boot-starter-logging\3.0.6\spring-boot-starter-logging-3.0.6.jar;C:\Users\ganah\.m2\repository\ch\qos\logback\logback-classic\1.4.7\logback-classic-1.4.7.jar;C:\Users\ganah\.m2\repository\ch\qos\logback\logback-core\1.4.7\logback-core-1.4.7.jar;C:\Users\ganah\.m2\repository\org\apache\logging\log4j\log4j-to-slf4j\2.19.0\log4j-to-slf4j-2.19.0.jar;C:\Users\ganah\.m2\repository\org\slf4j\jul-to-slf4j\2.0.7\jul-to-slf4j-2.0.7.jar;C:\Users\ganah\.m2\repository\jakarta\annotation\jakarta.annotation-api\2.1.1\jakarta.annotation-api-2.1.1.jar;C:\Users\ganah\.m2\repository\org\springframework\spring-core\6.0.8\spring-core-6.0.8.jar;C:\Users\ganah\.m2\repository\org\springframework\spring-jcl\6.0.8\spring-jcl-6.0.8.jar;C:\Users\ganah\.m2\repository\org\yaml\snakeyaml\1.33\snakeyaml-1.33.jar;C:\Users\ganah\.m2\repository\org\springframework\boot\spring-boot-starter-json\3.0.6\spring-boot-starter-json-3.0.6.jar;C:\Users\ganah\.m2\repository\com\fasterxml\jackson\datatype\jackson-datatype-jdk8\2.14.2\jackson-datatype-jdk8-2.14.2.jar;C:\Users\ganah\.m2\repository\com\fasterxml\jackson\module\jackson-module-parameter-names\2.14.2\jackson-module-parameter-names-2.14.2.jar;C:\Users\ganah\.m2\repository\org\springframework\boot\spring-boot-starter-tomcat\3.0.6\spring-boot-starter-tomcat-3.0.6.jar;C:\Users\ganah\.m2\repository\org\apache\tomcat\embed\tomcat-embed-core\10.1.8\tomcat-embed-core-10.1.8.jar;C:\Users\ganah\.m2\repository\org\apache\tomcat\embed\tomcat-embed-el\10.1.8\tomcat-embed-el-10.1.8.jar;C:\Users\ganah\.m2\repository\org\apache\tomcat\embed\tomcat-embed-websocket\10.1.8\tomcat-embed-websocket-10.1.8.jar;C:\Users\ganah\.m2\repository\org\springframework\spring-web\6.0.8\spring-web-6.0.8.jar;C:\Users\ganah\.m2\repository\org\springframework\spring-beans\6.0.8\spring-beans-6.0.8.jar;C:\Users\ganah\.m2\repository\io\micrometer\micrometer-observation\1.10.6\micrometer-observation-1.10.6.jar;C:\Users\ganah\.m2\repository\io\micrometer\micrometer-commons\1.10.6\micrometer-commons-1.10.6.jar;C:\Users\ganah\.m2\repository\org\springframework\spring-webmvc\6.0.8\spring-webmvc-6.0.8.jar;C:\Users\ganah\.m2\repository\org\springframework\spring-aop\6.0.8\spring-aop-6.0.8.jar;C:\Users\ganah\.m2\repository\org\springframework\spring-context\6.0.8\spring-context-6.0.8.jar;C:\Users\ganah\.m2\repository\org\springframework\spring-expression\6.0.8\spring-expression-6.0.8.jar;C:\Users\ganah\.m2\repository\org\thymeleaf\thymeleaf\3.0.12.RELEASE\thymeleaf-3.0.12.RELEASE.jar;C:\Users\ganah\.m2\repository\ognl\ognl\3.1.26\ognl-3.1.26.jar;C:\Users\ganah\.m2\repository\org\javassist\javassist\3.20.0-GA\javassist-3.20.0-GA.jar;C:\Users\ganah\.m2\repository\org\attoparser\attoparser\2.0.5.RELEASE\attoparser-2.0.5.RELEASE.jar;C:\Users\ganah\.m2\repository\org\unbescape\unbescape\1.1.6.RELEASE\unbescape-1.1.6.RELEASE.jar;C:\Users\ganah\.m2\repository\org\apache\httpcomponents\httpclient\4.5.14\httpclient-4.5.14.jar;C:\Users\ganah\.m2\repository\org\apache\httpcomponents\httpcore\4.4.16\httpcore-4.4.16.jar;C:\Users\ganah\.m2\repository\commons-logging\commons-logging\1.2\commons-logging-1.2.jar;C:\Users\ganah\.m2\repository\commons-codec\commons-codec\1.11\commons-codec-1.11.jar;"/>
    <property name="sun.cpu.endian" value="little"/>
    <property name="user.home" value="C:\Users\ganah"/>
    <property name="user.language" value="en"/>
    <property name="java.specification.vendor" value="Oracle Corporation"/>
    <property name="java.version.date" value="2021-04-20"/>
    <property name="java.home" value="C:\Program Files\Java\jdk-11.0.11"/>
    <property name="file.separator" value="\"/>
    <property name="basedir" value="C:\Users\ganah\IdeaProjects\Cucumber_Project_03_28_2023_job"/>
    <property name="java.vm.compressedOopsMode" value="32-bit"/>
    <property name="line.separator" value="&#10;"/>
    <property name="java.specification.name" value="Java Platform API Specification"/>
    <property name="java.vm.specification.vendor" value="Oracle Corporation"/>
    <property name="java.awt.graphicsenv" value="sun.awt.Win32GraphicsEnvironment"/>
    <property name="surefire.real.class.path" value="C:\Users\ganah\AppData\Local\Temp\surefire8648602836879648807\surefirebooter10853718258001439989.jar"/>
    <property name="user.script" value=""/>
    <property name="sun.management.compiler" value="HotSpot 64-Bit Tiered Compilers"/>
    <property name="java.runtime.version" value="11.0.11+9-LTS-194"/>
    <property name="user.name" value="ganah"/>
    <property name="path.separator" value=";"/>
    <property name="otel.metrics.exporter" value="none"/>
    <property name="os.version" value="10.0"/>
    <property name="java.runtime.name" value="Java(TM) SE Runtime Environment"/>
    <property name="otel.traces.exporter" value="none"/>
    <property name="file.encoding" value="Cp1252"/>
    <property name="java.vm.name" value="Java HotSpot(TM) 64-Bit Server VM"/>
    <property name="java.vendor.version" value="18.9"/>
    <property name="localRepository" value="C:\Users\ganah\.m2\repository"/>
    <property name="java.vendor.url.bug" value="https://bugreport.java.com/bugreport/"/>
    <property name="java.io.tmpdir" value="C:\Users\ganah\AppData\Local\Temp\"/>
    <property name="java.version" value="11.0.11"/>
    <property name="user.dir" value="C:\Users\ganah\IdeaProjects\Cucumber_Project_03_28_2023_job"/>
    <property name="os.arch" value="amd64"/>
    <property name="java.vm.specification.name" value="Java Virtual Machine Specification"/>
    <property name="java.awt.printerjob" value="sun.awt.windows.WPrinterJob"/>
    <property name="sun.os.patch.level" value=""/>
    <property name="java.library.path" value="C:\Program Files\Java\jdk-11.0.11\bin;C:\WINDOWS\Sun\Java\bin;C:\WINDOWS\system32;C:\WINDOWS;C:\Program Files\Common Files\Oracle\Java\javapath;C:\WINDOWS\system32;C:\WINDOWS;C:\WINDOWS\System32\Wbem;C:\WINDOWS\System32\WindowsPowerShell\v1.0\;C:\WINDOWS\System32\OpenSSH\;C:\Users\ganah\Downloads\apache-maven-3.8.1-bin\apache-maven-3.8.1\bin;C:\Program Files\Java\jdk-11.0.11\bin;C:\Program Files\Git\cmd;C:\Program Files\nodejs\;C:\Users\ganah\OneDrive\Bureau\Android\platform-tools;C:\Program Files\Microsoft SQL Server\150\Tools\Binn\;C:\Program Files\Microsoft SQL Server\Client SDK\ODBC\170\Tools\Binn\;C:\Program Files\dotnet\;C:\Users\ganah\AppData\Local\Programs\Python\Python311\Scripts\;C:\Users\ganah\AppData\Local\Programs\Python\Python311\;C:\Users\ganah\AppData\Local\Microsoft\WindowsApps;;C:\Program Files\JetBrains\IntelliJ IDEA Community Edition 2021.1.1\bin;;C:\Users\ganah\AppData\Roaming\npm;C:\Users\ganah\AppData\Local\Programs\Microsoft VS Code\bin;C:\Users\ganah\.dotnet\tools;."/>
    <property name="java.vendor" value="Oracle Corporation"/>
    <property name="java.vm.info" value="mixed mode"/>
    <property name="java.vm.version" value="11.0.11+9-LTS-194"/>
    <property name="sun.io.unicode.encoding" value="UnicodeLittle"/>
    <property name="java.class.version" value="55.0"/>
  </properties>
  <testcase name="runScenario[&quot;Log in to page with valid credentials&quot;, &quot;Login Page Functionnality&quot;](1)" classname="runner.Runner" time="62.456">
    <system-out><![CDATA[21:44:12.586 [main] DEBUG org.testng.TestNG -- suiteXmlPath: "C:\Users\ganah\IdeaProjects\Cucumber_Project_03_28_2023_job\src\test\resources\test.xml"

@Test
Scenario: Log in to page with valid credentials # src/test/java/features/login.feature:5
Connection to POSTGRES DB SUCCESSFULL
column name : auth-autolazare-558fb
Connection to POSTGRES DB SUCCESSFULL
column name : f8d0a4b4-e059-4b39-a9eb-366965b887b1
Using Sauce Labs
21:44:14.231 [main] DEBUG io.netty.util.internal.logging.InternalLoggerFactory -- Using SLF4J as the default logging framework
21:44:14.231 [main] DEBUG io.netty.util.ResourceLeakDetector -- -Dio.netty.leakDetection.level: simple
21:44:14.231 [main] DEBUG io.netty.util.ResourceLeakDetector -- -Dio.netty.leakDetection.targetRecords: 4
21:44:14.231 [main] DEBUG io.netty.util.ResourceLeakDetectorFactory -- Loaded default ResourceLeakDetector: io.netty.util.ResourceLeakDetector@6917bb4
21:44:14.246 [main] DEBUG io.netty.util.internal.PlatformDependent0 -- -Dio.netty.noUnsafe: false
21:44:14.246 [main] DEBUG io.netty.util.internal.PlatformDependent0 -- Java version: 11
21:44:14.246 [main] DEBUG io.netty.util.internal.PlatformDependent0 -- sun.misc.Unsafe.theUnsafe: available
21:44:14.246 [main] DEBUG io.netty.util.internal.PlatformDependent0 -- sun.misc.Unsafe.copyMemory: available
21:44:14.246 [main] DEBUG io.netty.util.internal.PlatformDependent0 -- sun.misc.Unsafe.storeFence: available
21:44:14.246 [main] DEBUG io.netty.util.internal.PlatformDependent0 -- java.nio.Buffer.address: available
21:44:14.262 [main] DEBUG io.netty.util.internal.PlatformDependent0 -- direct buffer constructor: unavailable: Reflective setAccessible(true) disabled
21:44:14.262 [main] DEBUG io.netty.util.internal.PlatformDependent0 -- java.nio.Bits.unaligned: available, true
21:44:14.262 [main] DEBUG io.netty.util.internal.PlatformDependent0 -- jdk.internal.misc.Unsafe.allocateUninitializedArray(int): unavailable: class io.netty.util.internal.PlatformDependent0$7 cannot access class jdk.internal.misc.Unsafe (in module java.base) because module java.base does not export jdk.internal.misc to unnamed module @71984c3
21:44:14.262 [main] DEBUG io.netty.util.internal.PlatformDependent0 -- java.nio.DirectByteBuffer.<init>(long, int): unavailable
21:44:14.262 [main] DEBUG io.netty.util.internal.PlatformDependent -- sun.misc.Unsafe: available
21:44:14.262 [main] DEBUG io.netty.util.internal.PlatformDependent -- maxDirectMemory: 2090860544 bytes (maybe)
21:44:14.262 [main] DEBUG io.netty.util.internal.PlatformDependent -- -Dio.netty.tmpdir: C:\Users\ganah\AppData\Local\Temp (java.io.tmpdir)
21:44:14.262 [main] DEBUG io.netty.util.internal.PlatformDependent -- -Dio.netty.bitMode: 64 (sun.arch.data.model)
21:44:14.262 [main] DEBUG io.netty.util.internal.PlatformDependent -- Platform: Windows
21:44:14.262 [main] DEBUG io.netty.util.internal.PlatformDependent -- -Dio.netty.maxDirectMemory: -1 bytes
21:44:14.262 [main] DEBUG io.netty.util.internal.PlatformDependent -- -Dio.netty.uninitializedArrayAllocationThreshold: -1
21:44:14.262 [main] DEBUG io.netty.util.internal.CleanerJava9 -- java.nio.ByteBuffer.cleaner(): available
21:44:14.262 [main] DEBUG io.netty.util.internal.PlatformDependent -- -Dio.netty.noPreferDirect: false
21:44:14.262 [main] DEBUG io.netty.util.internal.PlatformDependent -- org.jctools-core.MpscChunkedArrayQueue: available
21:44:14.294 [main] DEBUG io.netty.util.internal.InternalThreadLocalMap -- -Dio.netty.threadLocalMap.stringBuilder.initialSize: 1024
21:44:14.294 [main] DEBUG io.netty.util.internal.InternalThreadLocalMap -- -Dio.netty.threadLocalMap.stringBuilder.maxSize: 4096
21:44:14.437 [main] DEBUG io.netty.handler.ssl.JdkSslContext -- Default protocols (JDK): [TLSv1.3, TLSv1.2] 
21:44:14.437 [main] DEBUG io.netty.handler.ssl.JdkSslContext -- Default cipher suites (JDK): [TLS_ECDHE_ECDSA_WITH_AES_256_GCM_SHA384, TLS_ECDHE_ECDSA_WITH_AES_128_GCM_SHA256, TLS_ECDHE_RSA_WITH_AES_128_GCM_SHA256, TLS_ECDHE_RSA_WITH_AES_256_GCM_SHA384, TLS_ECDHE_RSA_WITH_AES_128_CBC_SHA, TLS_ECDHE_RSA_WITH_AES_256_CBC_SHA, TLS_RSA_WITH_AES_128_GCM_SHA256, TLS_RSA_WITH_AES_128_CBC_SHA, TLS_RSA_WITH_AES_256_CBC_SHA, TLS_AES_128_GCM_SHA256, TLS_AES_256_GCM_SHA384]
21:44:14.452 [main] DEBUG io.netty.util.concurrent.GlobalEventExecutor -- -Dio.netty.globalEventExecutor.quietPeriodSeconds: 1
21:44:14.452 [main] DEBUG io.netty.channel.MultithreadEventLoopGroup -- -Dio.netty.eventLoopThreads: 16
21:44:14.469 [main] DEBUG io.netty.channel.nio.NioEventLoop -- -Dio.netty.noKeySetOptimization: false
21:44:14.469 [main] DEBUG io.netty.channel.nio.NioEventLoop -- -Dio.netty.selectorAutoRebuildThreshold: 512
21:44:14.519 [main] DEBUG io.netty.buffer.PooledByteBufAllocator -- -Dio.netty.allocator.numHeapArenas: 16
21:44:14.519 [main] DEBUG io.netty.buffer.PooledByteBufAllocator -- -Dio.netty.allocator.numDirectArenas: 16
21:44:14.519 [main] DEBUG io.netty.buffer.PooledByteBufAllocator -- -Dio.netty.allocator.pageSize: 8192
21:44:14.519 [main] DEBUG io.netty.buffer.PooledByteBufAllocator -- -Dio.netty.allocator.maxOrder: 9
21:44:14.519 [main] DEBUG io.netty.buffer.PooledByteBufAllocator -- -Dio.netty.allocator.chunkSize: 4194304
21:44:14.519 [main] DEBUG io.netty.buffer.PooledByteBufAllocator -- -Dio.netty.allocator.smallCacheSize: 256
21:44:14.519 [main] DEBUG io.netty.buffer.PooledByteBufAllocator -- -Dio.netty.allocator.normalCacheSize: 64
21:44:14.519 [main] DEBUG io.netty.buffer.PooledByteBufAllocator -- -Dio.netty.allocator.maxCachedBufferCapacity: 32768
21:44:14.519 [main] DEBUG io.netty.buffer.PooledByteBufAllocator -- -Dio.netty.allocator.cacheTrimInterval: 8192
21:44:14.519 [main] DEBUG io.netty.buffer.PooledByteBufAllocator -- -Dio.netty.allocator.cacheTrimIntervalMillis: 0
21:44:14.519 [main] DEBUG io.netty.buffer.PooledByteBufAllocator -- -Dio.netty.allocator.useCacheForAllThreads: false
21:44:14.519 [main] DEBUG io.netty.buffer.PooledByteBufAllocator -- -Dio.netty.allocator.maxCachedByteBuffersPerChunk: 1023
21:44:14.531 [main] DEBUG io.netty.buffer.ByteBufUtil -- -Dio.netty.allocator.type: pooled
21:44:14.531 [main] DEBUG io.netty.buffer.ByteBufUtil -- -Dio.netty.threadLocalDirectBufferSize: 0
21:44:14.531 [main] DEBUG io.netty.buffer.ByteBufUtil -- -Dio.netty.maxThreadLocalCharBufferSize: 16384
21:44:14.866 [Forwarding newSession on session null to remote] DEBUG io.netty.channel.DefaultChannelId -- -Dio.netty.processId: 36260 (auto-detected)
21:44:14.866 [Forwarding newSession on session null to remote] DEBUG io.netty.util.NetUtil -- -Djava.net.preferIPv4Stack: false
21:44:14.866 [Forwarding newSession on session null to remote] DEBUG io.netty.util.NetUtil -- -Djava.net.preferIPv6Addresses: false
21:44:14.944 [Forwarding newSession on session null to remote] DEBUG io.netty.util.NetUtilInitializations -- Loopback interface: lo (Software Loopback Interface 1, 127.0.0.1)
21:44:14.960 [Forwarding newSession on session null to remote] DEBUG io.netty.util.NetUtil -- Failed to get SOMAXCONN from sysctl and file \proc\sys\net\core\somaxconn. Default: 200
21:44:14.960 [Forwarding newSession on session null to remote] DEBUG io.netty.channel.DefaultChannelId -- -Dio.netty.machineId: 68:3e:26:ff:fe:44:81:12 (auto-detected)
21:44:15.020 [AsyncHttpClient-1-2] DEBUG io.netty.buffer.AbstractByteBuf -- -Dio.netty.buffer.checkAccessible: true
21:44:15.020 [AsyncHttpClient-1-2] DEBUG io.netty.buffer.AbstractByteBuf -- -Dio.netty.buffer.checkBounds: true
21:44:15.020 [AsyncHttpClient-1-2] DEBUG io.netty.util.ResourceLeakDetectorFactory -- Loaded default ResourceLeakDetector: io.netty.util.ResourceLeakDetector@249d7001
21:44:15.149 [AsyncHttpClient-1-2] DEBUG io.netty.util.Recycler -- -Dio.netty.recycler.maxCapacityPerThread: 4096
21:44:15.149 [AsyncHttpClient-1-2] DEBUG io.netty.util.Recycler -- -Dio.netty.recycler.ratio: 8
21:44:15.149 [AsyncHttpClient-1-2] DEBUG io.netty.util.Recycler -- -Dio.netty.recycler.chunkSize: 32
21:44:15.149 [AsyncHttpClient-1-2] DEBUG io.netty.util.Recycler -- -Dio.netty.recycler.blocking: false
21:44:15.149 [AsyncHttpClient-1-2] DEBUG io.netty.util.Recycler -- -Dio.netty.recycler.batchFastThreadLocalOnly: true
21:44:15.307 [AsyncHttpClient-1-2] DEBUG io.netty.handler.ssl.util.InsecureTrustManagerFactory -- Accepting a server certificate: CN=ondemand.us-west-1.saucelabs.com
21:44:15.496 [AsyncHttpClient-1-2] DEBUG org.asynchttpclient.netty.channel.NettyConnectListener -- Using new Channel '[id: 0xfbedb3e3, L:/192.168.1.146:57708 - R:ondemand.us-west-1.saucelabs.com/66.85.52.224:443]' for 'POST' to '/wd/hub/session'
21:44:15.543 [AsyncHttpClient-1-2] DEBUG io.netty.handler.ssl.SslHandler -- [id: 0xfbedb3e3, L:/192.168.1.146:57708 - R:ondemand.us-west-1.saucelabs.com/66.85.52.224:443] HANDSHAKEN: protocol:TLSv1.2 cipher suite:TLS_ECDHE_RSA_WITH_AES_128_GCM_SHA256
21:44:20.577 [AsyncHttpClient-1-2] DEBUG io.netty.handler.codec.compression.Brotli -- brotli4j not in the classpath; Brotli support will be unavailable.
21:44:20.578 [AsyncHttpClient-1-2] DEBUG org.asynchttpclient.netty.handler.HttpHandler -- 

Request DefaultHttpRequest(decodeResult: success, version: HTTP/1.1)
POST /wd/hub/session HTTP/1.1
User-Agent: selenium/4.9.0 (java windows)
traceparent: 00-322e6fce33e2567a60afa14b84de8e82-05626bf0d324960e-01
Content-Length: 434
Content-Type: application/json; charset=utf-8
host: ondemand.us-west-1.saucelabs.com
authorization: Basic b2F1dGgtYXV0b2xhemFyZS01NThmYjpmOGQwYTRiNC1lMDU5LTRiMzktYTllYi0zNjY5NjViODg3YjE=
accept: */*

Response DefaultHttpResponse(decodeResult: success, version: HTTP/1.1)
HTTP/1.1 200 OK
content-type: application/json;charset=UTF-8
date: Sat, 13 May 2023 01:44:15 GMT
server: monocle/0.42
content-length: 978
x-request-id: 4df79378-7d16-4307-b803-9e3dc41fce5c

21:44:20.584 [AsyncHttpClient-1-2] DEBUG org.asynchttpclient.netty.channel.ChannelManager -- Adding key: https://ondemand.us-west-1.saucelabs.com:443 for channel [id: 0xfbedb3e3, L:/192.168.1.146:57708 - R:ondemand.us-west-1.saucelabs.com/66.85.52.224:443]
21:44:20.684 [Forwarding get on session fc23df27e25c4a7d9c7067a436198608 to remote] DEBUG org.asynchttpclient.netty.request.NettyRequestSender -- Using pooled Channel '[id: 0xfbedb3e3, L:/192.168.1.146:57708 - R:ondemand.us-west-1.saucelabs.com/66.85.52.224:443]' for 'POST' to 'https://oauth-autolazare-558fb:f8d0a4b4-e059-4b39-a9eb-366965b887b1@ondemand.us-west-1.saucelabs.com:443/wd/hub/session/fc23df27e25c4a7d9c7067a436198608/url'
21:44:20.684 [Forwarding get on session fc23df27e25c4a7d9c7067a436198608 to remote] DEBUG org.asynchttpclient.netty.request.NettyRequestSender -- Using open Channel [id: 0xfbedb3e3, L:/192.168.1.146:57708 - R:ondemand.us-west-1.saucelabs.com/66.85.52.224:443] for POST '/wd/hub/session/fc23df27e25c4a7d9c7067a436198608/url'
21:44:25.261 [AsyncHttpClient-1-2] DEBUG org.asynchttpclient.netty.handler.HttpHandler -- 

Request DefaultHttpRequest(decodeResult: success, version: HTTP/1.1)
POST /wd/hub/session/fc23df27e25c4a7d9c7067a436198608/url HTTP/1.1
User-Agent: selenium/4.9.0 (java windows)
traceparent: 00-a11d17edd027f53fdd240929232d4d44-40a0f79f67426085-01
Content-Length: 111
Content-Type: application/json; charset=utf-8
host: ondemand.us-west-1.saucelabs.com
authorization: Basic b2F1dGgtYXV0b2xhemFyZS01NThmYjpmOGQwYTRiNC1lMDU5LTRiMzktYTllYi0zNjY5NjViODg3YjE=
accept: */*

Response DefaultHttpResponse(decodeResult: success, version: HTTP/1.1)
HTTP/1.1 200 OK
content-type: application/json;charset=UTF-8
date: Sat, 13 May 2023 01:44:20 GMT
server: monocle/0.42
content-length: 15
x-request-id: ff8c3d7d-1223-4579-b81d-e5341a40d7a4

21:44:25.262 [AsyncHttpClient-1-2] DEBUG org.asynchttpclient.netty.channel.ChannelManager -- Adding key: https://ondemand.us-west-1.saucelabs.com:443 for channel [id: 0xfbedb3e3, L:/192.168.1.146:57708 - R:ondemand.us-west-1.saucelabs.com/66.85.52.224:443]
21:44:25.273 [Forwarding getTitle on session fc23df27e25c4a7d9c7067a436198608 to remote] DEBUG org.asynchttpclient.netty.request.NettyRequestSender -- Using pooled Channel '[id: 0xfbedb3e3, L:/192.168.1.146:57708 - R:ondemand.us-west-1.saucelabs.com/66.85.52.224:443]' for 'GET' to 'https://oauth-autolazare-558fb:f8d0a4b4-e059-4b39-a9eb-366965b887b1@ondemand.us-west-1.saucelabs.com:443/wd/hub/session/fc23df27e25c4a7d9c7067a436198608/title'
21:44:25.273 [Forwarding getTitle on session fc23df27e25c4a7d9c7067a436198608 to remote] DEBUG org.asynchttpclient.netty.request.NettyRequestSender -- Using open Channel [id: 0xfbedb3e3, L:/192.168.1.146:57708 - R:ondemand.us-west-1.saucelabs.com/66.85.52.224:443] for GET '/wd/hub/session/fc23df27e25c4a7d9c7067a436198608/title'
21:44:25.491 [AsyncHttpClient-1-2] DEBUG org.asynchttpclient.netty.handler.HttpHandler -- 

Request DefaultFullHttpRequest(decodeResult: success, version: HTTP/1.1, content: EmptyByteBufBE)
GET /wd/hub/session/fc23df27e25c4a7d9c7067a436198608/title HTTP/1.1
User-Agent: selenium/4.9.0 (java windows)
Cache-Control: no-cache
traceparent: 00-bc6f420761fa756c69840f57cafa64f2-9ce5ea906a56f3f1-01
Content-Type: application/json; charset=utf-8
host: ondemand.us-west-1.saucelabs.com
authorization: Basic b2F1dGgtYXV0b2xhemFyZS01NThmYjpmOGQwYTRiNC1lMDU5LTRiMzktYTllYi0zNjY5NjViODg3YjE=
accept: */*

Response DefaultHttpResponse(decodeResult: success, version: HTTP/1.1)
HTTP/1.1 200 OK
content-type: application/json;charset=UTF-8
date: Sat, 13 May 2023 01:44:25 GMT
server: monocle/0.42
content-length: 57
x-request-id: a9cdbb20-1345-46f8-9fe6-0de35dd11cd8

21:44:25.491 [AsyncHttpClient-1-2] DEBUG org.asynchttpclient.netty.channel.ChannelManager -- Adding key: https://ondemand.us-west-1.saucelabs.com:443 for channel [id: 0xfbedb3e3, L:/192.168.1.146:57708 - R:ondemand.us-west-1.saucelabs.com/66.85.52.224:443]
We Are in WEbSite :   SoftAssert in TestNG example | Selenium Easy
21:44:25.623 [Forwarding setTimeout on session fc23df27e25c4a7d9c7067a436198608 to remote] DEBUG org.asynchttpclient.netty.request.NettyRequestSender -- Using pooled Channel '[id: 0xfbedb3e3, L:/192.168.1.146:57708 - R:ondemand.us-west-1.saucelabs.com/66.85.52.224:443]' for 'POST' to 'https://oauth-autolazare-558fb:f8d0a4b4-e059-4b39-a9eb-366965b887b1@ondemand.us-west-1.saucelabs.com:443/wd/hub/session/fc23df27e25c4a7d9c7067a436198608/timeouts'
21:44:25.625 [Forwarding setTimeout on session fc23df27e25c4a7d9c7067a436198608 to remote] DEBUG org.asynchttpclient.netty.request.NettyRequestSender -- Using open Channel [id: 0xfbedb3e3, L:/192.168.1.146:57708 - R:ondemand.us-west-1.saucelabs.com/66.85.52.224:443] for POST '/wd/hub/session/fc23df27e25c4a7d9c7067a436198608/timeouts'
21:44:25.859 [AsyncHttpClient-1-2] DEBUG org.asynchttpclient.netty.handler.HttpHandler -- 

Request DefaultHttpRequest(decodeResult: success, version: HTTP/1.1)
POST /wd/hub/session/fc23df27e25c4a7d9c7067a436198608/timeouts HTTP/1.1
User-Agent: selenium/4.9.0 (java windows)
traceparent: 00-c8ca17131d39a651566de5b9c7fba7e9-b2ebd42fb7bb5eca-01
Content-Length: 21
Content-Type: application/json; charset=utf-8
host: ondemand.us-west-1.saucelabs.com
authorization: Basic b2F1dGgtYXV0b2xhemFyZS01NThmYjpmOGQwYTRiNC1lMDU5LTRiMzktYTllYi0zNjY5NjViODg3YjE=
accept: */*

Response DefaultHttpResponse(decodeResult: success, version: HTTP/1.1)
HTTP/1.1 200 OK
content-type: application/json;charset=UTF-8
date: Sat, 13 May 2023 01:44:25 GMT
server: monocle/0.42
content-length: 15
x-request-id: a93d9809-fa1f-4a5b-b649-511e42c4deba

21:44:25.859 [AsyncHttpClient-1-2] DEBUG org.asynchttpclient.netty.channel.ChannelManager -- Adding key: https://ondemand.us-west-1.saucelabs.com:443 for channel [id: 0xfbedb3e3, L:/192.168.1.146:57708 - R:ondemand.us-west-1.saucelabs.com/66.85.52.224:443]
21:44:26.004 [Forwarding executeScript on session fc23df27e25c4a7d9c7067a436198608 to remote] DEBUG org.asynchttpclient.netty.request.NettyRequestSender -- Using pooled Channel '[id: 0xfbedb3e3, L:/192.168.1.146:57708 - R:ondemand.us-west-1.saucelabs.com/66.85.52.224:443]' for 'POST' to 'https://oauth-autolazare-558fb:f8d0a4b4-e059-4b39-a9eb-366965b887b1@ondemand.us-west-1.saucelabs.com:443/wd/hub/session/fc23df27e25c4a7d9c7067a436198608/execute/sync'
21:44:26.014 [Forwarding executeScript on session fc23df27e25c4a7d9c7067a436198608 to remote] DEBUG org.asynchttpclient.netty.request.NettyRequestSender -- Using open Channel [id: 0xfbedb3e3, L:/192.168.1.146:57708 - R:ondemand.us-west-1.saucelabs.com/66.85.52.224:443] for POST '/wd/hub/session/fc23df27e25c4a7d9c7067a436198608/execute/sync'
21:44:27.116 [AsyncHttpClient-1-2] DEBUG org.asynchttpclient.netty.handler.HttpHandler -- 

Request DefaultHttpRequest(decodeResult: success, version: HTTP/1.1)
POST /wd/hub/session/fc23df27e25c4a7d9c7067a436198608/execute/sync HTTP/1.1
User-Agent: selenium/4.9.0 (java windows)
traceparent: 00-de97fc0016096d2997830ce9ffe16852-bcc579a34901f5eb-01
Content-Length: 323605
Content-Type: application/json; charset=utf-8
host: ondemand.us-west-1.saucelabs.com
authorization: Basic b2F1dGgtYXV0b2xhemFyZS01NThmYjpmOGQwYTRiNC1lMDU5LTRiMzktYTllYi0zNjY5NjViODg3YjE=
accept: */*

Response DefaultHttpResponse(decodeResult: success, version: HTTP/1.1)
HTTP/1.1 200 OK
content-type: application/json;charset=UTF-8
date: Sat, 13 May 2023 01:44:26 GMT
server: monocle/0.42
content-length: 15
x-request-id: 58f5ccf6-ce39-4bac-8852-9c62b72b3b79

21:44:27.117 [AsyncHttpClient-1-2] DEBUG org.asynchttpclient.netty.channel.ChannelManager -- Adding key: https://ondemand.us-west-1.saucelabs.com:443 for channel [id: 0xfbedb3e3, L:/192.168.1.146:57708 - R:ondemand.us-west-1.saucelabs.com/66.85.52.224:443]
21:44:27.141 [Forwarding executeScript on session fc23df27e25c4a7d9c7067a436198608 to remote] DEBUG org.asynchttpclient.netty.request.NettyRequestSender -- Using pooled Channel '[id: 0xfbedb3e3, L:/192.168.1.146:57708 - R:ondemand.us-west-1.saucelabs.com/66.85.52.224:443]' for 'POST' to 'https://oauth-autolazare-558fb:f8d0a4b4-e059-4b39-a9eb-366965b887b1@ondemand.us-west-1.saucelabs.com:443/wd/hub/session/fc23df27e25c4a7d9c7067a436198608/execute/sync'
21:44:27.141 [Forwarding executeScript on session fc23df27e25c4a7d9c7067a436198608 to remote] DEBUG org.asynchttpclient.netty.request.NettyRequestSender -- Using open Channel [id: 0xfbedb3e3, L:/192.168.1.146:57708 - R:ondemand.us-west-1.saucelabs.com/66.85.52.224:443] for POST '/wd/hub/session/fc23df27e25c4a7d9c7067a436198608/execute/sync'
21:44:27.367 [AsyncHttpClient-1-2] DEBUG org.asynchttpclient.netty.handler.HttpHandler -- 

Request DefaultHttpRequest(decodeResult: success, version: HTTP/1.1)
POST /wd/hub/session/fc23df27e25c4a7d9c7067a436198608/execute/sync HTTP/1.1
User-Agent: selenium/4.9.0 (java windows)
traceparent: 00-4776b8dd0e2ec24e39bbcc77d27d0260-096aa1cfe997cfca-01
Content-Length: 85
Content-Type: application/json; charset=utf-8
host: ondemand.us-west-1.saucelabs.com
authorization: Basic b2F1dGgtYXV0b2xhemFyZS01NThmYjpmOGQwYTRiNC1lMDU5LTRiMzktYTllYi0zNjY5NjViODg3YjE=
accept: */*

Response DefaultHttpResponse(decodeResult: success, version: HTTP/1.1)
HTTP/1.1 200 OK
content-type: application/json;charset=UTF-8
date: Sat, 13 May 2023 01:44:27 GMT
server: monocle/0.42
content-length: 16
x-request-id: de605cea-a9c2-4b6e-8823-a2d2f5aabf94

21:44:27.368 [AsyncHttpClient-1-2] DEBUG org.asynchttpclient.netty.channel.ChannelManager -- Adding key: https://ondemand.us-west-1.saucelabs.com:443 for channel [id: 0xfbedb3e3, L:/192.168.1.146:57708 - R:ondemand.us-west-1.saucelabs.com/66.85.52.224:443]
21:44:27.429 [Forwarding switchToFrame on session fc23df27e25c4a7d9c7067a436198608 to remote] DEBUG org.asynchttpclient.netty.request.NettyRequestSender -- Using pooled Channel '[id: 0xfbedb3e3, L:/192.168.1.146:57708 - R:ondemand.us-west-1.saucelabs.com/66.85.52.224:443]' for 'POST' to 'https://oauth-autolazare-558fb:f8d0a4b4-e059-4b39-a9eb-366965b887b1@ondemand.us-west-1.saucelabs.com:443/wd/hub/session/fc23df27e25c4a7d9c7067a436198608/frame'
21:44:27.430 [Forwarding switchToFrame on session fc23df27e25c4a7d9c7067a436198608 to remote] DEBUG org.asynchttpclient.netty.request.NettyRequestSender -- Using open Channel [id: 0xfbedb3e3, L:/192.168.1.146:57708 - R:ondemand.us-west-1.saucelabs.com/66.85.52.224:443] for POST '/wd/hub/session/fc23df27e25c4a7d9c7067a436198608/frame'
21:44:27.683 [AsyncHttpClient-1-2] DEBUG org.asynchttpclient.netty.handler.HttpHandler -- 

Request DefaultHttpRequest(decodeResult: success, version: HTTP/1.1)
POST /wd/hub/session/fc23df27e25c4a7d9c7067a436198608/frame HTTP/1.1
User-Agent: selenium/4.9.0 (java windows)
traceparent: 00-69058221df095d564ba3cd53904545d1-2d2beb9a33201d5e-01
Content-Length: 16
Content-Type: application/json; charset=utf-8
host: ondemand.us-west-1.saucelabs.com
authorization: Basic b2F1dGgtYXV0b2xhemFyZS01NThmYjpmOGQwYTRiNC1lMDU5LTRiMzktYTllYi0zNjY5NjViODg3YjE=
accept: */*

Response DefaultHttpResponse(decodeResult: success, version: HTTP/1.1)
HTTP/1.1 200 OK
content-type: application/json;charset=UTF-8
date: Sat, 13 May 2023 01:44:27 GMT
server: monocle/0.42
content-length: 15
x-request-id: f43b851b-7d0f-4249-a83d-0e9763a7a0bc

21:44:27.683 [AsyncHttpClient-1-2] DEBUG org.asynchttpclient.netty.channel.ChannelManager -- Adding key: https://ondemand.us-west-1.saucelabs.com:443 for channel [id: 0xfbedb3e3, L:/192.168.1.146:57708 - R:ondemand.us-west-1.saucelabs.com/66.85.52.224:443]
21:44:27.707 [Forwarding executeScript on session fc23df27e25c4a7d9c7067a436198608 to remote] DEBUG org.asynchttpclient.netty.request.NettyRequestSender -- Using pooled Channel '[id: 0xfbedb3e3, L:/192.168.1.146:57708 - R:ondemand.us-west-1.saucelabs.com/66.85.52.224:443]' for 'POST' to 'https://oauth-autolazare-558fb:f8d0a4b4-e059-4b39-a9eb-366965b887b1@ondemand.us-west-1.saucelabs.com:443/wd/hub/session/fc23df27e25c4a7d9c7067a436198608/execute/sync'
21:44:27.707 [Forwarding executeScript on session fc23df27e25c4a7d9c7067a436198608 to remote] DEBUG org.asynchttpclient.netty.request.NettyRequestSender -- Using open Channel [id: 0xfbedb3e3, L:/192.168.1.146:57708 - R:ondemand.us-west-1.saucelabs.com/66.85.52.224:443] for POST '/wd/hub/session/fc23df27e25c4a7d9c7067a436198608/execute/sync'
21:44:28.500 [AsyncHttpClient-1-2] DEBUG org.asynchttpclient.netty.handler.HttpHandler -- 

Request DefaultHttpRequest(decodeResult: success, version: HTTP/1.1)
POST /wd/hub/session/fc23df27e25c4a7d9c7067a436198608/execute/sync HTTP/1.1
User-Agent: selenium/4.9.0 (java windows)
traceparent: 00-213d2a098681312d07a3a83fd95bc7cd-6255977ecb3aa818-01
Content-Length: 323605
Content-Type: application/json; charset=utf-8
host: ondemand.us-west-1.saucelabs.com
authorization: Basic b2F1dGgtYXV0b2xhemFyZS01NThmYjpmOGQwYTRiNC1lMDU5LTRiMzktYTllYi0zNjY5NjViODg3YjE=
accept: */*

Response DefaultHttpResponse(decodeResult: success, version: HTTP/1.1)
HTTP/1.1 200 OK
content-type: application/json;charset=UTF-8
date: Sat, 13 May 2023 01:44:28 GMT
server: monocle/0.42
content-length: 15
x-request-id: 89a40d49-b56c-4b11-a2ed-4512ea1c8e70

21:44:28.501 [AsyncHttpClient-1-2] DEBUG org.asynchttpclient.netty.channel.ChannelManager -- Adding key: https://ondemand.us-west-1.saucelabs.com:443 for channel [id: 0xfbedb3e3, L:/192.168.1.146:57708 - R:ondemand.us-west-1.saucelabs.com/66.85.52.224:443]
21:44:28.513 [Forwarding findElements on session fc23df27e25c4a7d9c7067a436198608 to remote] DEBUG org.asynchttpclient.netty.request.NettyRequestSender -- Using pooled Channel '[id: 0xfbedb3e3, L:/192.168.1.146:57708 - R:ondemand.us-west-1.saucelabs.com/66.85.52.224:443]' for 'POST' to 'https://oauth-autolazare-558fb:f8d0a4b4-e059-4b39-a9eb-366965b887b1@ondemand.us-west-1.saucelabs.com:443/wd/hub/session/fc23df27e25c4a7d9c7067a436198608/elements'
21:44:28.513 [Forwarding findElements on session fc23df27e25c4a7d9c7067a436198608 to remote] DEBUG org.asynchttpclient.netty.request.NettyRequestSender -- Using open Channel [id: 0xfbedb3e3, L:/192.168.1.146:57708 - R:ondemand.us-west-1.saucelabs.com/66.85.52.224:443] for POST '/wd/hub/session/fc23df27e25c4a7d9c7067a436198608/elements'
21:44:28.772 [AsyncHttpClient-1-2] DEBUG org.asynchttpclient.netty.handler.HttpHandler -- 

Request DefaultHttpRequest(decodeResult: success, version: HTTP/1.1)
POST /wd/hub/session/fc23df27e25c4a7d9c7067a436198608/elements HTTP/1.1
User-Agent: selenium/4.9.0 (java windows)
traceparent: 00-45b46013fb226d27250302544860f974-8d95af5187bd4073-01
Content-Length: 98
Content-Type: application/json; charset=utf-8
host: ondemand.us-west-1.saucelabs.com
authorization: Basic b2F1dGgtYXV0b2xhemFyZS01NThmYjpmOGQwYTRiNC1lMDU5LTRiMzktYTllYi0zNjY5NjViODg3YjE=
accept: */*

Response DefaultHttpResponse(decodeResult: success, version: HTTP/1.1)
HTTP/1.1 200 OK
content-type: application/json;charset=UTF-8
date: Sat, 13 May 2023 01:44:28 GMT
server: monocle/0.42
content-length: 891
x-request-id: 3ceecc8c-64fb-4615-9610-b03c5a47bbdd

21:44:28.772 [AsyncHttpClient-1-2] DEBUG org.asynchttpclient.netty.channel.ChannelManager -- Adding key: https://ondemand.us-west-1.saucelabs.com:443 for channel [id: 0xfbedb3e3, L:/192.168.1.146:57708 - R:ondemand.us-west-1.saucelabs.com/66.85.52.224:443]
21:44:28.792 [Forwarding switchToFrame on session fc23df27e25c4a7d9c7067a436198608 to remote] DEBUG org.asynchttpclient.netty.request.NettyRequestSender -- Using pooled Channel '[id: 0xfbedb3e3, L:/192.168.1.146:57708 - R:ondemand.us-west-1.saucelabs.com/66.85.52.224:443]' for 'POST' to 'https://oauth-autolazare-558fb:f8d0a4b4-e059-4b39-a9eb-366965b887b1@ondemand.us-west-1.saucelabs.com:443/wd/hub/session/fc23df27e25c4a7d9c7067a436198608/frame'
21:44:28.792 [Forwarding switchToFrame on session fc23df27e25c4a7d9c7067a436198608 to remote] DEBUG org.asynchttpclient.netty.request.NettyRequestSender -- Using open Channel [id: 0xfbedb3e3, L:/192.168.1.146:57708 - R:ondemand.us-west-1.saucelabs.com/66.85.52.224:443] for POST '/wd/hub/session/fc23df27e25c4a7d9c7067a436198608/frame'
21:44:29.024 [AsyncHttpClient-1-2] DEBUG org.asynchttpclient.netty.handler.HttpHandler -- 

Request DefaultHttpRequest(decodeResult: success, version: HTTP/1.1)
POST /wd/hub/session/fc23df27e25c4a7d9c7067a436198608/frame HTTP/1.1
User-Agent: selenium/4.9.0 (java windows)
traceparent: 00-2429a8ed36fa73c17bcb520e5a9b563d-1040d412373248c8-01
Content-Length: 106
Content-Type: application/json; charset=utf-8
host: ondemand.us-west-1.saucelabs.com
authorization: Basic b2F1dGgtYXV0b2xhemFyZS01NThmYjpmOGQwYTRiNC1lMDU5LTRiMzktYTllYi0zNjY5NjViODg3YjE=
accept: */*

Response DefaultHttpResponse(decodeResult: success, version: HTTP/1.1)
HTTP/1.1 200 OK
content-type: application/json;charset=UTF-8
date: Sat, 13 May 2023 01:44:28 GMT
server: monocle/0.42
content-length: 15
x-request-id: e44f0797-8494-4123-a4f4-09786d6b1be4

21:44:29.025 [AsyncHttpClient-1-2] DEBUG org.asynchttpclient.netty.channel.ChannelManager -- Adding key: https://ondemand.us-west-1.saucelabs.com:443 for channel [id: 0xfbedb3e3, L:/192.168.1.146:57708 - R:ondemand.us-west-1.saucelabs.com/66.85.52.224:443]
21:44:29.041 [Forwarding executeScript on session fc23df27e25c4a7d9c7067a436198608 to remote] DEBUG org.asynchttpclient.netty.request.NettyRequestSender -- Using pooled Channel '[id: 0xfbedb3e3, L:/192.168.1.146:57708 - R:ondemand.us-west-1.saucelabs.com/66.85.52.224:443]' for 'POST' to 'https://oauth-autolazare-558fb:f8d0a4b4-e059-4b39-a9eb-366965b887b1@ondemand.us-west-1.saucelabs.com:443/wd/hub/session/fc23df27e25c4a7d9c7067a436198608/execute/sync'
21:44:29.042 [Forwarding executeScript on session fc23df27e25c4a7d9c7067a436198608 to remote] DEBUG org.asynchttpclient.netty.request.NettyRequestSender -- Using open Channel [id: 0xfbedb3e3, L:/192.168.1.146:57708 - R:ondemand.us-west-1.saucelabs.com/66.85.52.224:443] for POST '/wd/hub/session/fc23df27e25c4a7d9c7067a436198608/execute/sync'
21:44:29.861 [AsyncHttpClient-1-2] DEBUG org.asynchttpclient.netty.handler.HttpHandler -- 

Request DefaultHttpRequest(decodeResult: success, version: HTTP/1.1)
POST /wd/hub/session/fc23df27e25c4a7d9c7067a436198608/execute/sync HTTP/1.1
User-Agent: selenium/4.9.0 (java windows)
traceparent: 00-86236c38cbfa04825e2e8d1f30c94203-b399252836eb06f9-01
Content-Length: 323605
Content-Type: application/json; charset=utf-8
host: ondemand.us-west-1.saucelabs.com
authorization: Basic b2F1dGgtYXV0b2xhemFyZS01NThmYjpmOGQwYTRiNC1lMDU5LTRiMzktYTllYi0zNjY5NjViODg3YjE=
accept: */*

Response DefaultHttpResponse(decodeResult: success, version: HTTP/1.1)
HTTP/1.1 200 OK
content-type: application/json;charset=UTF-8
date: Sat, 13 May 2023 01:44:29 GMT
server: monocle/0.42
content-length: 15
x-request-id: bc4c1681-f441-45ac-b346-a1428f1f83d2

21:44:29.861 [AsyncHttpClient-1-2] DEBUG org.asynchttpclient.netty.channel.ChannelManager -- Adding key: https://ondemand.us-west-1.saucelabs.com:443 for channel [id: 0xfbedb3e3, L:/192.168.1.146:57708 - R:ondemand.us-west-1.saucelabs.com/66.85.52.224:443]
21:44:29.889 [Forwarding findElements on session fc23df27e25c4a7d9c7067a436198608 to remote] DEBUG org.asynchttpclient.netty.request.NettyRequestSender -- Using pooled Channel '[id: 0xfbedb3e3, L:/192.168.1.146:57708 - R:ondemand.us-west-1.saucelabs.com/66.85.52.224:443]' for 'POST' to 'https://oauth-autolazare-558fb:f8d0a4b4-e059-4b39-a9eb-366965b887b1@ondemand.us-west-1.saucelabs.com:443/wd/hub/session/fc23df27e25c4a7d9c7067a436198608/elements'
21:44:29.889 [Forwarding findElements on session fc23df27e25c4a7d9c7067a436198608 to remote] DEBUG org.asynchttpclient.netty.request.NettyRequestSender -- Using open Channel [id: 0xfbedb3e3, L:/192.168.1.146:57708 - R:ondemand.us-west-1.saucelabs.com/66.85.52.224:443] for POST '/wd/hub/session/fc23df27e25c4a7d9c7067a436198608/elements'
21:44:30.103 [AsyncHttpClient-1-2] DEBUG org.asynchttpclient.netty.handler.HttpHandler -- 

Request DefaultHttpRequest(decodeResult: success, version: HTTP/1.1)
POST /wd/hub/session/fc23df27e25c4a7d9c7067a436198608/elements HTTP/1.1
User-Agent: selenium/4.9.0 (java windows)
traceparent: 00-c576570c58a4d07526a4ad1347991743-3dba50feb84b35e9-01
Content-Length: 98
Content-Type: application/json; charset=utf-8
host: ondemand.us-west-1.saucelabs.com
authorization: Basic b2F1dGgtYXV0b2xhemFyZS01NThmYjpmOGQwYTRiNC1lMDU5LTRiMzktYTllYi0zNjY5NjViODg3YjE=
accept: */*

Response DefaultHttpResponse(decodeResult: success, version: HTTP/1.1)
HTTP/1.1 200 OK
content-type: application/json;charset=UTF-8
date: Sat, 13 May 2023 01:44:29 GMT
server: monocle/0.42
content-length: 99
x-request-id: f40d2340-5283-4219-9dae-f068acf88344

21:44:30.104 [AsyncHttpClient-1-2] DEBUG org.asynchttpclient.netty.channel.ChannelManager -- Adding key: https://ondemand.us-west-1.saucelabs.com:443 for channel [id: 0xfbedb3e3, L:/192.168.1.146:57708 - R:ondemand.us-west-1.saucelabs.com/66.85.52.224:443]
21:44:30.108 [Forwarding switchToFrame on session fc23df27e25c4a7d9c7067a436198608 to remote] DEBUG org.asynchttpclient.netty.request.NettyRequestSender -- Using pooled Channel '[id: 0xfbedb3e3, L:/192.168.1.146:57708 - R:ondemand.us-west-1.saucelabs.com/66.85.52.224:443]' for 'POST' to 'https://oauth-autolazare-558fb:f8d0a4b4-e059-4b39-a9eb-366965b887b1@ondemand.us-west-1.saucelabs.com:443/wd/hub/session/fc23df27e25c4a7d9c7067a436198608/frame'
21:44:30.108 [Forwarding switchToFrame on session fc23df27e25c4a7d9c7067a436198608 to remote] DEBUG org.asynchttpclient.netty.request.NettyRequestSender -- Using open Channel [id: 0xfbedb3e3, L:/192.168.1.146:57708 - R:ondemand.us-west-1.saucelabs.com/66.85.52.224:443] for POST '/wd/hub/session/fc23df27e25c4a7d9c7067a436198608/frame'
21:44:30.427 [AsyncHttpClient-1-2] DEBUG org.asynchttpclient.netty.handler.HttpHandler -- 

Request DefaultHttpRequest(decodeResult: success, version: HTTP/1.1)
POST /wd/hub/session/fc23df27e25c4a7d9c7067a436198608/frame HTTP/1.1
User-Agent: selenium/4.9.0 (java windows)
traceparent: 00-711f411cd5ef26872b35742794706c8e-8d832ed033625f15-01
Content-Length: 106
Content-Type: application/json; charset=utf-8
host: ondemand.us-west-1.saucelabs.com
authorization: Basic b2F1dGgtYXV0b2xhemFyZS01NThmYjpmOGQwYTRiNC1lMDU5LTRiMzktYTllYi0zNjY5NjViODg3YjE=
accept: */*

Response DefaultHttpResponse(decodeResult: success, version: HTTP/1.1)
HTTP/1.1 200 OK
content-type: application/json;charset=UTF-8
date: Sat, 13 May 2023 01:44:30 GMT
server: monocle/0.42
content-length: 15
x-request-id: 3ab246ac-0bbf-4d68-bc64-ff61b5a8707f

21:44:30.427 [AsyncHttpClient-1-2] DEBUG org.asynchttpclient.netty.channel.ChannelManager -- Adding key: https://ondemand.us-west-1.saucelabs.com:443 for channel [id: 0xfbedb3e3, L:/192.168.1.146:57708 - R:ondemand.us-west-1.saucelabs.com/66.85.52.224:443]
21:44:30.438 [Forwarding executeScript on session fc23df27e25c4a7d9c7067a436198608 to remote] DEBUG org.asynchttpclient.netty.request.NettyRequestSender -- Using pooled Channel '[id: 0xfbedb3e3, L:/192.168.1.146:57708 - R:ondemand.us-west-1.saucelabs.com/66.85.52.224:443]' for 'POST' to 'https://oauth-autolazare-558fb:f8d0a4b4-e059-4b39-a9eb-366965b887b1@ondemand.us-west-1.saucelabs.com:443/wd/hub/session/fc23df27e25c4a7d9c7067a436198608/execute/sync'
21:44:30.438 [Forwarding executeScript on session fc23df27e25c4a7d9c7067a436198608 to remote] DEBUG org.asynchttpclient.netty.request.NettyRequestSender -- Using open Channel [id: 0xfbedb3e3, L:/192.168.1.146:57708 - R:ondemand.us-west-1.saucelabs.com/66.85.52.224:443] for POST '/wd/hub/session/fc23df27e25c4a7d9c7067a436198608/execute/sync'
21:44:31.326 [AsyncHttpClient-1-2] DEBUG org.asynchttpclient.netty.handler.HttpHandler -- 

Request DefaultHttpRequest(decodeResult: success, version: HTTP/1.1)
POST /wd/hub/session/fc23df27e25c4a7d9c7067a436198608/execute/sync HTTP/1.1
User-Agent: selenium/4.9.0 (java windows)
traceparent: 00-66167c180901aad2b5dadbc2326d0a2e-ba60072efa6b5187-01
Content-Length: 323605
Content-Type: application/json; charset=utf-8
host: ondemand.us-west-1.saucelabs.com
authorization: Basic b2F1dGgtYXV0b2xhemFyZS01NThmYjpmOGQwYTRiNC1lMDU5LTRiMzktYTllYi0zNjY5NjViODg3YjE=
accept: */*

Response DefaultHttpResponse(decodeResult: success, version: HTTP/1.1)
HTTP/1.1 200 OK
content-type: application/json;charset=UTF-8
date: Sat, 13 May 2023 01:44:30 GMT
server: monocle/0.42
content-length: 15
x-request-id: 939f9439-8aef-43cb-9cdf-88c880a0e9bd

21:44:31.327 [AsyncHttpClient-1-2] DEBUG org.asynchttpclient.netty.channel.ChannelManager -- Adding key: https://ondemand.us-west-1.saucelabs.com:443 for channel [id: 0xfbedb3e3, L:/192.168.1.146:57708 - R:ondemand.us-west-1.saucelabs.com/66.85.52.224:443]
21:44:31.336 [Forwarding findElements on session fc23df27e25c4a7d9c7067a436198608 to remote] DEBUG org.asynchttpclient.netty.request.NettyRequestSender -- Using pooled Channel '[id: 0xfbedb3e3, L:/192.168.1.146:57708 - R:ondemand.us-west-1.saucelabs.com/66.85.52.224:443]' for 'POST' to 'https://oauth-autolazare-558fb:f8d0a4b4-e059-4b39-a9eb-366965b887b1@ondemand.us-west-1.saucelabs.com:443/wd/hub/session/fc23df27e25c4a7d9c7067a436198608/elements'
21:44:31.336 [Forwarding findElements on session fc23df27e25c4a7d9c7067a436198608 to remote] DEBUG org.asynchttpclient.netty.request.NettyRequestSender -- Using open Channel [id: 0xfbedb3e3, L:/192.168.1.146:57708 - R:ondemand.us-west-1.saucelabs.com/66.85.52.224:443] for POST '/wd/hub/session/fc23df27e25c4a7d9c7067a436198608/elements'
21:44:31.570 [AsyncHttpClient-1-2] DEBUG org.asynchttpclient.netty.handler.HttpHandler -- 

Request DefaultHttpRequest(decodeResult: success, version: HTTP/1.1)
POST /wd/hub/session/fc23df27e25c4a7d9c7067a436198608/elements HTTP/1.1
User-Agent: selenium/4.9.0 (java windows)
traceparent: 00-944fdb074af512a3fafc8659414066f9-5197a02b8f08cc0e-01
Content-Length: 98
Content-Type: application/json; charset=utf-8
host: ondemand.us-west-1.saucelabs.com
authorization: Basic b2F1dGgtYXV0b2xhemFyZS01NThmYjpmOGQwYTRiNC1lMDU5LTRiMzktYTllYi0zNjY5NjViODg3YjE=
accept: */*

Response DefaultHttpResponse(decodeResult: success, version: HTTP/1.1)
HTTP/1.1 200 OK
content-type: application/json;charset=UTF-8
date: Sat, 13 May 2023 01:44:31 GMT
server: monocle/0.42
content-length: 13
x-request-id: de4a41ac-47c9-4bec-a447-2db7bed3a396

21:44:31.570 [AsyncHttpClient-1-2] DEBUG org.asynchttpclient.netty.channel.ChannelManager -- Adding key: https://ondemand.us-west-1.saucelabs.com:443 for channel [id: 0xfbedb3e3, L:/192.168.1.146:57708 - R:ondemand.us-west-1.saucelabs.com/66.85.52.224:443]
21:44:31.574 [Forwarding switchToParentFrame on session fc23df27e25c4a7d9c7067a436198608 to remote] DEBUG org.asynchttpclient.netty.request.NettyRequestSender -- Using pooled Channel '[id: 0xfbedb3e3, L:/192.168.1.146:57708 - R:ondemand.us-west-1.saucelabs.com/66.85.52.224:443]' for 'POST' to 'https://oauth-autolazare-558fb:f8d0a4b4-e059-4b39-a9eb-366965b887b1@ondemand.us-west-1.saucelabs.com:443/wd/hub/session/fc23df27e25c4a7d9c7067a436198608/frame/parent'
21:44:31.574 [Forwarding switchToParentFrame on session fc23df27e25c4a7d9c7067a436198608 to remote] DEBUG org.asynchttpclient.netty.request.NettyRequestSender -- Using open Channel [id: 0xfbedb3e3, L:/192.168.1.146:57708 - R:ondemand.us-west-1.saucelabs.com/66.85.52.224:443] for POST '/wd/hub/session/fc23df27e25c4a7d9c7067a436198608/frame/parent'
21:44:31.780 [AsyncHttpClient-1-2] DEBUG org.asynchttpclient.netty.handler.HttpHandler -- 

Request DefaultHttpRequest(decodeResult: success, version: HTTP/1.1)
POST /wd/hub/session/fc23df27e25c4a7d9c7067a436198608/frame/parent HTTP/1.1
User-Agent: selenium/4.9.0 (java windows)
traceparent: 00-cc7ea67ffc2e9afd7180738fc61d3c9a-e9854110b3662e89-01
Content-Length: 3
Content-Type: application/json; charset=utf-8
host: ondemand.us-west-1.saucelabs.com
authorization: Basic b2F1dGgtYXV0b2xhemFyZS01NThmYjpmOGQwYTRiNC1lMDU5LTRiMzktYTllYi0zNjY5NjViODg3YjE=
accept: */*

Response DefaultHttpResponse(decodeResult: success, version: HTTP/1.1)
HTTP/1.1 200 OK
content-type: application/json;charset=UTF-8
date: Sat, 13 May 2023 01:44:31 GMT
server: monocle/0.42
content-length: 15
x-request-id: eb350763-77b3-4db7-9978-c196667da8b7

21:44:31.780 [AsyncHttpClient-1-2] DEBUG org.asynchttpclient.netty.channel.ChannelManager -- Adding key: https://ondemand.us-west-1.saucelabs.com:443 for channel [id: 0xfbedb3e3, L:/192.168.1.146:57708 - R:ondemand.us-west-1.saucelabs.com/66.85.52.224:443]
21:44:31.783 [Forwarding switchToParentFrame on session fc23df27e25c4a7d9c7067a436198608 to remote] DEBUG org.asynchttpclient.netty.request.NettyRequestSender -- Using pooled Channel '[id: 0xfbedb3e3, L:/192.168.1.146:57708 - R:ondemand.us-west-1.saucelabs.com/66.85.52.224:443]' for 'POST' to 'https://oauth-autolazare-558fb:f8d0a4b4-e059-4b39-a9eb-366965b887b1@ondemand.us-west-1.saucelabs.com:443/wd/hub/session/fc23df27e25c4a7d9c7067a436198608/frame/parent'
21:44:31.783 [Forwarding switchToParentFrame on session fc23df27e25c4a7d9c7067a436198608 to remote] DEBUG org.asynchttpclient.netty.request.NettyRequestSender -- Using open Channel [id: 0xfbedb3e3, L:/192.168.1.146:57708 - R:ondemand.us-west-1.saucelabs.com/66.85.52.224:443] for POST '/wd/hub/session/fc23df27e25c4a7d9c7067a436198608/frame/parent'
21:44:32.026 [AsyncHttpClient-1-2] DEBUG org.asynchttpclient.netty.handler.HttpHandler -- 

Request DefaultHttpRequest(decodeResult: success, version: HTTP/1.1)
POST /wd/hub/session/fc23df27e25c4a7d9c7067a436198608/frame/parent HTTP/1.1
User-Agent: selenium/4.9.0 (java windows)
traceparent: 00-9a613f07cbd7d9413951013df7c9cfb6-f6dd37bb3464d914-01
Content-Length: 3
Content-Type: application/json; charset=utf-8
host: ondemand.us-west-1.saucelabs.com
authorization: Basic b2F1dGgtYXV0b2xhemFyZS01NThmYjpmOGQwYTRiNC1lMDU5LTRiMzktYTllYi0zNjY5NjViODg3YjE=
accept: */*

Response DefaultHttpResponse(decodeResult: success, version: HTTP/1.1)
HTTP/1.1 200 OK
content-type: application/json;charset=UTF-8
date: Sat, 13 May 2023 01:44:31 GMT
server: monocle/0.42
content-length: 15
x-request-id: 776fc545-b4a6-47b0-b763-f38b62ac845e

21:44:32.026 [AsyncHttpClient-1-2] DEBUG org.asynchttpclient.netty.channel.ChannelManager -- Adding key: https://ondemand.us-west-1.saucelabs.com:443 for channel [id: 0xfbedb3e3, L:/192.168.1.146:57708 - R:ondemand.us-west-1.saucelabs.com/66.85.52.224:443]
21:44:32.031 [Forwarding switchToFrame on session fc23df27e25c4a7d9c7067a436198608 to remote] DEBUG org.asynchttpclient.netty.request.NettyRequestSender -- Using pooled Channel '[id: 0xfbedb3e3, L:/192.168.1.146:57708 - R:ondemand.us-west-1.saucelabs.com/66.85.52.224:443]' for 'POST' to 'https://oauth-autolazare-558fb:f8d0a4b4-e059-4b39-a9eb-366965b887b1@ondemand.us-west-1.saucelabs.com:443/wd/hub/session/fc23df27e25c4a7d9c7067a436198608/frame'
21:44:32.034 [Forwarding switchToFrame on session fc23df27e25c4a7d9c7067a436198608 to remote] DEBUG org.asynchttpclient.netty.request.NettyRequestSender -- Using open Channel [id: 0xfbedb3e3, L:/192.168.1.146:57708 - R:ondemand.us-west-1.saucelabs.com/66.85.52.224:443] for POST '/wd/hub/session/fc23df27e25c4a7d9c7067a436198608/frame'
21:44:32.302 [AsyncHttpClient-1-2] DEBUG org.asynchttpclient.netty.handler.HttpHandler -- 

Request DefaultHttpRequest(decodeResult: success, version: HTTP/1.1)
POST /wd/hub/session/fc23df27e25c4a7d9c7067a436198608/frame HTTP/1.1
User-Agent: selenium/4.9.0 (java windows)
traceparent: 00-1c6ab930b0ed8990578d71a1ba5b9bab-c3bede7f9cc911ce-01
Content-Length: 106
Content-Type: application/json; charset=utf-8
host: ondemand.us-west-1.saucelabs.com
authorization: Basic b2F1dGgtYXV0b2xhemFyZS01NThmYjpmOGQwYTRiNC1lMDU5LTRiMzktYTllYi0zNjY5NjViODg3YjE=
accept: */*

Response DefaultHttpResponse(decodeResult: success, version: HTTP/1.1)
HTTP/1.1 200 OK
content-type: application/json;charset=UTF-8
date: Sat, 13 May 2023 01:44:32 GMT
server: monocle/0.42
content-length: 15
x-request-id: 39155173-0328-4691-8106-6abd9de77c09

21:44:32.302 [AsyncHttpClient-1-2] DEBUG org.asynchttpclient.netty.channel.ChannelManager -- Adding key: https://ondemand.us-west-1.saucelabs.com:443 for channel [id: 0xfbedb3e3, L:/192.168.1.146:57708 - R:ondemand.us-west-1.saucelabs.com/66.85.52.224:443]
21:44:32.316 [Forwarding executeScript on session fc23df27e25c4a7d9c7067a436198608 to remote] DEBUG org.asynchttpclient.netty.request.NettyRequestSender -- Using pooled Channel '[id: 0xfbedb3e3, L:/192.168.1.146:57708 - R:ondemand.us-west-1.saucelabs.com/66.85.52.224:443]' for 'POST' to 'https://oauth-autolazare-558fb:f8d0a4b4-e059-4b39-a9eb-366965b887b1@ondemand.us-west-1.saucelabs.com:443/wd/hub/session/fc23df27e25c4a7d9c7067a436198608/execute/sync'
21:44:32.316 [Forwarding executeScript on session fc23df27e25c4a7d9c7067a436198608 to remote] DEBUG org.asynchttpclient.netty.request.NettyRequestSender -- Using open Channel [id: 0xfbedb3e3, L:/192.168.1.146:57708 - R:ondemand.us-west-1.saucelabs.com/66.85.52.224:443] for POST '/wd/hub/session/fc23df27e25c4a7d9c7067a436198608/execute/sync'
21:44:33.067 [AsyncHttpClient-1-2] DEBUG org.asynchttpclient.netty.handler.HttpHandler -- 

Request DefaultHttpRequest(decodeResult: success, version: HTTP/1.1)
POST /wd/hub/session/fc23df27e25c4a7d9c7067a436198608/execute/sync HTTP/1.1
User-Agent: selenium/4.9.0 (java windows)
traceparent: 00-44c95a3c6beceb8f9fbde1a25e0b60b3-b11c6750d75e6ac4-01
Content-Length: 323605
Content-Type: application/json; charset=utf-8
host: ondemand.us-west-1.saucelabs.com
authorization: Basic b2F1dGgtYXV0b2xhemFyZS01NThmYjpmOGQwYTRiNC1lMDU5LTRiMzktYTllYi0zNjY5NjViODg3YjE=
accept: */*

Response DefaultHttpResponse(decodeResult: success, version: HTTP/1.1)
HTTP/1.1 200 OK
content-type: application/json;charset=UTF-8
date: Sat, 13 May 2023 01:44:32 GMT
server: monocle/0.42
content-length: 15
x-request-id: 0c990f27-d7d9-4320-98d7-c60383eef481

21:44:33.068 [AsyncHttpClient-1-2] DEBUG org.asynchttpclient.netty.channel.ChannelManager -- Adding key: https://ondemand.us-west-1.saucelabs.com:443 for channel [id: 0xfbedb3e3, L:/192.168.1.146:57708 - R:ondemand.us-west-1.saucelabs.com/66.85.52.224:443]
21:44:33.088 [AsyncHttpClient-1-1] DEBUG org.asynchttpclient.netty.channel.DefaultChannelPool -- Entry count for : https://ondemand.us-west-1.saucelabs.com:443 : 1
21:44:33.092 [Forwarding findElements on session fc23df27e25c4a7d9c7067a436198608 to remote] DEBUG org.asynchttpclient.netty.request.NettyRequestSender -- Using pooled Channel '[id: 0xfbedb3e3, L:/192.168.1.146:57708 - R:ondemand.us-west-1.saucelabs.com/66.85.52.224:443]' for 'POST' to 'https://oauth-autolazare-558fb:f8d0a4b4-e059-4b39-a9eb-366965b887b1@ondemand.us-west-1.saucelabs.com:443/wd/hub/session/fc23df27e25c4a7d9c7067a436198608/elements'
21:44:33.092 [Forwarding findElements on session fc23df27e25c4a7d9c7067a436198608 to remote] DEBUG org.asynchttpclient.netty.request.NettyRequestSender -- Using open Channel [id: 0xfbedb3e3, L:/192.168.1.146:57708 - R:ondemand.us-west-1.saucelabs.com/66.85.52.224:443] for POST '/wd/hub/session/fc23df27e25c4a7d9c7067a436198608/elements'
21:44:33.348 [AsyncHttpClient-1-2] DEBUG org.asynchttpclient.netty.handler.HttpHandler -- 

Request DefaultHttpRequest(decodeResult: success, version: HTTP/1.1)
POST /wd/hub/session/fc23df27e25c4a7d9c7067a436198608/elements HTTP/1.1
User-Agent: selenium/4.9.0 (java windows)
traceparent: 00-0be5f83ca8db46edfdc1fac6f50164f0-8a4b64cb4f662d93-01
Content-Length: 98
Content-Type: application/json; charset=utf-8
host: ondemand.us-west-1.saucelabs.com
authorization: Basic b2F1dGgtYXV0b2xhemFyZS01NThmYjpmOGQwYTRiNC1lMDU5LTRiMzktYTllYi0zNjY5NjViODg3YjE=
accept: */*

Response DefaultHttpResponse(decodeResult: success, version: HTTP/1.1)
HTTP/1.1 200 OK
content-type: application/json;charset=UTF-8
date: Sat, 13 May 2023 01:44:33 GMT
server: monocle/0.42
content-length: 187
x-request-id: 7a60e654-71aa-426b-b911-b30c55a7f165

21:44:33.349 [AsyncHttpClient-1-2] DEBUG org.asynchttpclient.netty.channel.ChannelManager -- Adding key: https://ondemand.us-west-1.saucelabs.com:443 for channel [id: 0xfbedb3e3, L:/192.168.1.146:57708 - R:ondemand.us-west-1.saucelabs.com/66.85.52.224:443]
21:44:33.353 [Forwarding switchToFrame on session fc23df27e25c4a7d9c7067a436198608 to remote] DEBUG org.asynchttpclient.netty.request.NettyRequestSender -- Using pooled Channel '[id: 0xfbedb3e3, L:/192.168.1.146:57708 - R:ondemand.us-west-1.saucelabs.com/66.85.52.224:443]' for 'POST' to 'https://oauth-autolazare-558fb:f8d0a4b4-e059-4b39-a9eb-366965b887b1@ondemand.us-west-1.saucelabs.com:443/wd/hub/session/fc23df27e25c4a7d9c7067a436198608/frame'
21:44:33.354 [Forwarding switchToFrame on session fc23df27e25c4a7d9c7067a436198608 to remote] DEBUG org.asynchttpclient.netty.request.NettyRequestSender -- Using open Channel [id: 0xfbedb3e3, L:/192.168.1.146:57708 - R:ondemand.us-west-1.saucelabs.com/66.85.52.224:443] for POST '/wd/hub/session/fc23df27e25c4a7d9c7067a436198608/frame'
21:44:33.588 [AsyncHttpClient-1-2] DEBUG org.asynchttpclient.netty.handler.HttpHandler -- 

Request DefaultHttpRequest(decodeResult: success, version: HTTP/1.1)
POST /wd/hub/session/fc23df27e25c4a7d9c7067a436198608/frame HTTP/1.1
User-Agent: selenium/4.9.0 (java windows)
traceparent: 00-a4728287d216bc5f2ff82ffe2c31fbc0-ab487bc85c98dab4-01
Content-Length: 106
Content-Type: application/json; charset=utf-8
host: ondemand.us-west-1.saucelabs.com
authorization: Basic b2F1dGgtYXV0b2xhemFyZS01NThmYjpmOGQwYTRiNC1lMDU5LTRiMzktYTllYi0zNjY5NjViODg3YjE=
accept: */*

Response DefaultHttpResponse(decodeResult: success, version: HTTP/1.1)
HTTP/1.1 200 OK
content-type: application/json;charset=UTF-8
date: Sat, 13 May 2023 01:44:33 GMT
server: monocle/0.42
content-length: 15
x-request-id: a0715577-d963-4fab-a853-51aeba7bd30f

21:44:33.588 [AsyncHttpClient-1-2] DEBUG org.asynchttpclient.netty.channel.ChannelManager -- Adding key: https://ondemand.us-west-1.saucelabs.com:443 for channel [id: 0xfbedb3e3, L:/192.168.1.146:57708 - R:ondemand.us-west-1.saucelabs.com/66.85.52.224:443]
21:44:33.601 [Forwarding executeScript on session fc23df27e25c4a7d9c7067a436198608 to remote] DEBUG org.asynchttpclient.netty.request.NettyRequestSender -- Using pooled Channel '[id: 0xfbedb3e3, L:/192.168.1.146:57708 - R:ondemand.us-west-1.saucelabs.com/66.85.52.224:443]' for 'POST' to 'https://oauth-autolazare-558fb:f8d0a4b4-e059-4b39-a9eb-366965b887b1@ondemand.us-west-1.saucelabs.com:443/wd/hub/session/fc23df27e25c4a7d9c7067a436198608/execute/sync'
21:44:33.601 [Forwarding executeScript on session fc23df27e25c4a7d9c7067a436198608 to remote] DEBUG org.asynchttpclient.netty.request.NettyRequestSender -- Using open Channel [id: 0xfbedb3e3, L:/192.168.1.146:57708 - R:ondemand.us-west-1.saucelabs.com/66.85.52.224:443] for POST '/wd/hub/session/fc23df27e25c4a7d9c7067a436198608/execute/sync'
21:44:34.397 [AsyncHttpClient-1-2] DEBUG org.asynchttpclient.netty.handler.HttpHandler -- 

Request DefaultHttpRequest(decodeResult: success, version: HTTP/1.1)
POST /wd/hub/session/fc23df27e25c4a7d9c7067a436198608/execute/sync HTTP/1.1
User-Agent: selenium/4.9.0 (java windows)
traceparent: 00-67a5ecc6c9ddd525b3d605e47144022a-8ad155d9cb55497a-01
Content-Length: 323605
Content-Type: application/json; charset=utf-8
host: ondemand.us-west-1.saucelabs.com
authorization: Basic b2F1dGgtYXV0b2xhemFyZS01NThmYjpmOGQwYTRiNC1lMDU5LTRiMzktYTllYi0zNjY5NjViODg3YjE=
accept: */*

Response DefaultHttpResponse(decodeResult: success, version: HTTP/1.1)
HTTP/1.1 200 OK
content-type: application/json;charset=UTF-8
date: Sat, 13 May 2023 01:44:33 GMT
server: monocle/0.42
content-length: 15
x-request-id: 8672ff5c-72bb-4ea3-af76-51ca48eef4b6

21:44:34.397 [AsyncHttpClient-1-2] DEBUG org.asynchttpclient.netty.channel.ChannelManager -- Adding key: https://ondemand.us-west-1.saucelabs.com:443 for channel [id: 0xfbedb3e3, L:/192.168.1.146:57708 - R:ondemand.us-west-1.saucelabs.com/66.85.52.224:443]
21:44:34.414 [Forwarding findElements on session fc23df27e25c4a7d9c7067a436198608 to remote] DEBUG org.asynchttpclient.netty.request.NettyRequestSender -- Using pooled Channel '[id: 0xfbedb3e3, L:/192.168.1.146:57708 - R:ondemand.us-west-1.saucelabs.com/66.85.52.224:443]' for 'POST' to 'https://oauth-autolazare-558fb:f8d0a4b4-e059-4b39-a9eb-366965b887b1@ondemand.us-west-1.saucelabs.com:443/wd/hub/session/fc23df27e25c4a7d9c7067a436198608/elements'
21:44:34.414 [Forwarding findElements on session fc23df27e25c4a7d9c7067a436198608 to remote] DEBUG org.asynchttpclient.netty.request.NettyRequestSender -- Using open Channel [id: 0xfbedb3e3, L:/192.168.1.146:57708 - R:ondemand.us-west-1.saucelabs.com/66.85.52.224:443] for POST '/wd/hub/session/fc23df27e25c4a7d9c7067a436198608/elements'
21:44:34.676 [AsyncHttpClient-1-2] DEBUG org.asynchttpclient.netty.handler.HttpHandler -- 

Request DefaultHttpRequest(decodeResult: success, version: HTTP/1.1)
POST /wd/hub/session/fc23df27e25c4a7d9c7067a436198608/elements HTTP/1.1
User-Agent: selenium/4.9.0 (java windows)
traceparent: 00-bf9bdc89ba07ccdaea2bb30875820196-69fbd0f30b17596c-01
Content-Length: 98
Content-Type: application/json; charset=utf-8
host: ondemand.us-west-1.saucelabs.com
authorization: Basic b2F1dGgtYXV0b2xhemFyZS01NThmYjpmOGQwYTRiNC1lMDU5LTRiMzktYTllYi0zNjY5NjViODg3YjE=
accept: */*

Response DefaultHttpResponse(decodeResult: success, version: HTTP/1.1)
HTTP/1.1 200 OK
content-type: application/json;charset=UTF-8
date: Sat, 13 May 2023 01:44:34 GMT
server: monocle/0.42
content-length: 13
x-request-id: e4952774-f9da-43a6-9d2c-739d835c95a1

21:44:34.677 [AsyncHttpClient-1-2] DEBUG org.asynchttpclient.netty.channel.ChannelManager -- Adding key: https://ondemand.us-west-1.saucelabs.com:443 for channel [id: 0xfbedb3e3, L:/192.168.1.146:57708 - R:ondemand.us-west-1.saucelabs.com/66.85.52.224:443]
21:44:34.680 [Forwarding switchToParentFrame on session fc23df27e25c4a7d9c7067a436198608 to remote] DEBUG org.asynchttpclient.netty.request.NettyRequestSender -- Using pooled Channel '[id: 0xfbedb3e3, L:/192.168.1.146:57708 - R:ondemand.us-west-1.saucelabs.com/66.85.52.224:443]' for 'POST' to 'https://oauth-autolazare-558fb:f8d0a4b4-e059-4b39-a9eb-366965b887b1@ondemand.us-west-1.saucelabs.com:443/wd/hub/session/fc23df27e25c4a7d9c7067a436198608/frame/parent'
21:44:34.681 [Forwarding switchToParentFrame on session fc23df27e25c4a7d9c7067a436198608 to remote] DEBUG org.asynchttpclient.netty.request.NettyRequestSender -- Using open Channel [id: 0xfbedb3e3, L:/192.168.1.146:57708 - R:ondemand.us-west-1.saucelabs.com/66.85.52.224:443] for POST '/wd/hub/session/fc23df27e25c4a7d9c7067a436198608/frame/parent'
21:44:34.840 [AsyncHttpClient-1-2] DEBUG org.asynchttpclient.netty.handler.HttpHandler -- 

Request DefaultHttpRequest(decodeResult: success, version: HTTP/1.1)
POST /wd/hub/session/fc23df27e25c4a7d9c7067a436198608/frame/parent HTTP/1.1
User-Agent: selenium/4.9.0 (java windows)
traceparent: 00-da2cdd23dc33acc7d5f5f8570455a05f-434339b71dad8f85-01
Content-Length: 3
Content-Type: application/json; charset=utf-8
host: ondemand.us-west-1.saucelabs.com
authorization: Basic b2F1dGgtYXV0b2xhemFyZS01NThmYjpmOGQwYTRiNC1lMDU5LTRiMzktYTllYi0zNjY5NjViODg3YjE=
accept: */*

Response DefaultHttpResponse(decodeResult: success, version: HTTP/1.1)
HTTP/1.1 200 OK
content-type: application/json;charset=UTF-8
date: Sat, 13 May 2023 01:44:34 GMT
server: monocle/0.42
content-length: 15
x-request-id: 6f1c802c-9f09-4da8-a924-bb5468eb7323

21:44:34.840 [AsyncHttpClient-1-2] DEBUG org.asynchttpclient.netty.channel.ChannelManager -- Adding key: https://ondemand.us-west-1.saucelabs.com:443 for channel [id: 0xfbedb3e3, L:/192.168.1.146:57708 - R:ondemand.us-west-1.saucelabs.com/66.85.52.224:443]
21:44:34.843 [Forwarding switchToFrame on session fc23df27e25c4a7d9c7067a436198608 to remote] DEBUG org.asynchttpclient.netty.request.NettyRequestSender -- Using pooled Channel '[id: 0xfbedb3e3, L:/192.168.1.146:57708 - R:ondemand.us-west-1.saucelabs.com/66.85.52.224:443]' for 'POST' to 'https://oauth-autolazare-558fb:f8d0a4b4-e059-4b39-a9eb-366965b887b1@ondemand.us-west-1.saucelabs.com:443/wd/hub/session/fc23df27e25c4a7d9c7067a436198608/frame'
21:44:34.843 [Forwarding switchToFrame on session fc23df27e25c4a7d9c7067a436198608 to remote] DEBUG org.asynchttpclient.netty.request.NettyRequestSender -- Using open Channel [id: 0xfbedb3e3, L:/192.168.1.146:57708 - R:ondemand.us-west-1.saucelabs.com/66.85.52.224:443] for POST '/wd/hub/session/fc23df27e25c4a7d9c7067a436198608/frame'
21:44:35.579 [AsyncHttpClient-1-2] DEBUG org.asynchttpclient.netty.handler.HttpHandler -- 

Request DefaultHttpRequest(decodeResult: success, version: HTTP/1.1)
POST /wd/hub/session/fc23df27e25c4a7d9c7067a436198608/frame HTTP/1.1
User-Agent: selenium/4.9.0 (java windows)
traceparent: 00-55c8058522621993ba4949be5daa399f-078d4c47d2f73007-01
Content-Length: 106
Content-Type: application/json; charset=utf-8
host: ondemand.us-west-1.saucelabs.com
authorization: Basic b2F1dGgtYXV0b2xhemFyZS01NThmYjpmOGQwYTRiNC1lMDU5LTRiMzktYTllYi0zNjY5NjViODg3YjE=
accept: */*

Response DefaultHttpResponse(decodeResult: success, version: HTTP/1.1)
HTTP/1.1 200 OK
content-type: application/json;charset=UTF-8
date: Sat, 13 May 2023 01:44:35 GMT
server: monocle/0.42
content-length: 15
x-request-id: ed0d3728-2297-444a-813d-7fbed64c6f71

21:44:35.580 [AsyncHttpClient-1-2] DEBUG org.asynchttpclient.netty.channel.ChannelManager -- Adding key: https://ondemand.us-west-1.saucelabs.com:443 for channel [id: 0xfbedb3e3, L:/192.168.1.146:57708 - R:ondemand.us-west-1.saucelabs.com/66.85.52.224:443]
21:44:35.592 [Forwarding executeScript on session fc23df27e25c4a7d9c7067a436198608 to remote] DEBUG org.asynchttpclient.netty.request.NettyRequestSender -- Using pooled Channel '[id: 0xfbedb3e3, L:/192.168.1.146:57708 - R:ondemand.us-west-1.saucelabs.com/66.85.52.224:443]' for 'POST' to 'https://oauth-autolazare-558fb:f8d0a4b4-e059-4b39-a9eb-366965b887b1@ondemand.us-west-1.saucelabs.com:443/wd/hub/session/fc23df27e25c4a7d9c7067a436198608/execute/sync'
21:44:35.592 [Forwarding executeScript on session fc23df27e25c4a7d9c7067a436198608 to remote] DEBUG org.asynchttpclient.netty.request.NettyRequestSender -- Using open Channel [id: 0xfbedb3e3, L:/192.168.1.146:57708 - R:ondemand.us-west-1.saucelabs.com/66.85.52.224:443] for POST '/wd/hub/session/fc23df27e25c4a7d9c7067a436198608/execute/sync'
21:44:36.382 [AsyncHttpClient-1-2] DEBUG org.asynchttpclient.netty.handler.HttpHandler -- 

Request DefaultHttpRequest(decodeResult: success, version: HTTP/1.1)
POST /wd/hub/session/fc23df27e25c4a7d9c7067a436198608/execute/sync HTTP/1.1
User-Agent: selenium/4.9.0 (java windows)
traceparent: 00-fe56cec540f70b3791153a1e8368e2a6-8196f44cf4a68641-01
Content-Length: 323605
Content-Type: application/json; charset=utf-8
host: ondemand.us-west-1.saucelabs.com
authorization: Basic b2F1dGgtYXV0b2xhemFyZS01NThmYjpmOGQwYTRiNC1lMDU5LTRiMzktYTllYi0zNjY5NjViODg3YjE=
accept: */*

Response DefaultHttpResponse(decodeResult: success, version: HTTP/1.1)
HTTP/1.1 200 OK
content-type: application/json;charset=UTF-8
date: Sat, 13 May 2023 01:44:35 GMT
server: monocle/0.42
content-length: 15
x-request-id: 0be697c1-2984-41a2-9455-874d81feb568

21:44:36.382 [AsyncHttpClient-1-2] DEBUG org.asynchttpclient.netty.channel.ChannelManager -- Adding key: https://ondemand.us-west-1.saucelabs.com:443 for channel [id: 0xfbedb3e3, L:/192.168.1.146:57708 - R:ondemand.us-west-1.saucelabs.com/66.85.52.224:443]
21:44:36.386 [Forwarding findElements on session fc23df27e25c4a7d9c7067a436198608 to remote] DEBUG org.asynchttpclient.netty.request.NettyRequestSender -- Using pooled Channel '[id: 0xfbedb3e3, L:/192.168.1.146:57708 - R:ondemand.us-west-1.saucelabs.com/66.85.52.224:443]' for 'POST' to 'https://oauth-autolazare-558fb:f8d0a4b4-e059-4b39-a9eb-366965b887b1@ondemand.us-west-1.saucelabs.com:443/wd/hub/session/fc23df27e25c4a7d9c7067a436198608/elements'
21:44:36.386 [Forwarding findElements on session fc23df27e25c4a7d9c7067a436198608 to remote] DEBUG org.asynchttpclient.netty.request.NettyRequestSender -- Using open Channel [id: 0xfbedb3e3, L:/192.168.1.146:57708 - R:ondemand.us-west-1.saucelabs.com/66.85.52.224:443] for POST '/wd/hub/session/fc23df27e25c4a7d9c7067a436198608/elements'
21:44:36.626 [AsyncHttpClient-1-2] DEBUG org.asynchttpclient.netty.handler.HttpHandler -- 

Request DefaultHttpRequest(decodeResult: success, version: HTTP/1.1)
POST /wd/hub/session/fc23df27e25c4a7d9c7067a436198608/elements HTTP/1.1
User-Agent: selenium/4.9.0 (java windows)
traceparent: 00-0f0a661d7d0b8fee7f29623eec2d40de-c9d7a8afcac5363b-01
Content-Length: 98
Content-Type: application/json; charset=utf-8
host: ondemand.us-west-1.saucelabs.com
authorization: Basic b2F1dGgtYXV0b2xhemFyZS01NThmYjpmOGQwYTRiNC1lMDU5LTRiMzktYTllYi0zNjY5NjViODg3YjE=
accept: */*

Response DefaultHttpResponse(decodeResult: success, version: HTTP/1.1)
HTTP/1.1 200 OK
content-type: application/json;charset=UTF-8
date: Sat, 13 May 2023 01:44:36 GMT
server: monocle/0.42
content-length: 13
x-request-id: 37993ae9-e865-4c9c-823c-33dca37bf8d2

21:44:36.626 [AsyncHttpClient-1-2] DEBUG org.asynchttpclient.netty.channel.ChannelManager -- Adding key: https://ondemand.us-west-1.saucelabs.com:443 for channel [id: 0xfbedb3e3, L:/192.168.1.146:57708 - R:ondemand.us-west-1.saucelabs.com/66.85.52.224:443]
21:44:36.643 [Forwarding switchToParentFrame on session fc23df27e25c4a7d9c7067a436198608 to remote] DEBUG org.asynchttpclient.netty.request.NettyRequestSender -- Using pooled Channel '[id: 0xfbedb3e3, L:/192.168.1.146:57708 - R:ondemand.us-west-1.saucelabs.com/66.85.52.224:443]' for 'POST' to 'https://oauth-autolazare-558fb:f8d0a4b4-e059-4b39-a9eb-366965b887b1@ondemand.us-west-1.saucelabs.com:443/wd/hub/session/fc23df27e25c4a7d9c7067a436198608/frame/parent'
21:44:36.644 [Forwarding switchToParentFrame on session fc23df27e25c4a7d9c7067a436198608 to remote] DEBUG org.asynchttpclient.netty.request.NettyRequestSender -- Using open Channel [id: 0xfbedb3e3, L:/192.168.1.146:57708 - R:ondemand.us-west-1.saucelabs.com/66.85.52.224:443] for POST '/wd/hub/session/fc23df27e25c4a7d9c7067a436198608/frame/parent'
21:44:36.828 [AsyncHttpClient-1-2] DEBUG org.asynchttpclient.netty.handler.HttpHandler -- 

Request DefaultHttpRequest(decodeResult: success, version: HTTP/1.1)
POST /wd/hub/session/fc23df27e25c4a7d9c7067a436198608/frame/parent HTTP/1.1
User-Agent: selenium/4.9.0 (java windows)
traceparent: 00-75264e7bfa3189f9ba89a2fb13cb6522-f5fbfb3f5e11e4d0-01
Content-Length: 3
Content-Type: application/json; charset=utf-8
host: ondemand.us-west-1.saucelabs.com
authorization: Basic b2F1dGgtYXV0b2xhemFyZS01NThmYjpmOGQwYTRiNC1lMDU5LTRiMzktYTllYi0zNjY5NjViODg3YjE=
accept: */*

Response DefaultHttpResponse(decodeResult: success, version: HTTP/1.1)
HTTP/1.1 200 OK
content-type: application/json;charset=UTF-8
date: Sat, 13 May 2023 01:44:36 GMT
server: monocle/0.42
content-length: 15
x-request-id: b76a5ad5-3e74-490b-9cb8-046df6a90863

21:44:36.828 [AsyncHttpClient-1-2] DEBUG org.asynchttpclient.netty.channel.ChannelManager -- Adding key: https://ondemand.us-west-1.saucelabs.com:443 for channel [id: 0xfbedb3e3, L:/192.168.1.146:57708 - R:ondemand.us-west-1.saucelabs.com/66.85.52.224:443]
21:44:36.828 [Forwarding switchToParentFrame on session fc23df27e25c4a7d9c7067a436198608 to remote] DEBUG org.asynchttpclient.netty.request.NettyRequestSender -- Using pooled Channel '[id: 0xfbedb3e3, L:/192.168.1.146:57708 - R:ondemand.us-west-1.saucelabs.com/66.85.52.224:443]' for 'POST' to 'https://oauth-autolazare-558fb:f8d0a4b4-e059-4b39-a9eb-366965b887b1@ondemand.us-west-1.saucelabs.com:443/wd/hub/session/fc23df27e25c4a7d9c7067a436198608/frame/parent'
21:44:36.828 [Forwarding switchToParentFrame on session fc23df27e25c4a7d9c7067a436198608 to remote] DEBUG org.asynchttpclient.netty.request.NettyRequestSender -- Using open Channel [id: 0xfbedb3e3, L:/192.168.1.146:57708 - R:ondemand.us-west-1.saucelabs.com/66.85.52.224:443] for POST '/wd/hub/session/fc23df27e25c4a7d9c7067a436198608/frame/parent'
21:44:37.061 [AsyncHttpClient-1-2] DEBUG org.asynchttpclient.netty.handler.HttpHandler -- 

Request DefaultHttpRequest(decodeResult: success, version: HTTP/1.1)
POST /wd/hub/session/fc23df27e25c4a7d9c7067a436198608/frame/parent HTTP/1.1
User-Agent: selenium/4.9.0 (java windows)
traceparent: 00-290d97053084cc1d0ce0c8bd2f2d6462-74d763e09627ad02-01
Content-Length: 3
Content-Type: application/json; charset=utf-8
host: ondemand.us-west-1.saucelabs.com
authorization: Basic b2F1dGgtYXV0b2xhemFyZS01NThmYjpmOGQwYTRiNC1lMDU5LTRiMzktYTllYi0zNjY5NjViODg3YjE=
accept: */*

Response DefaultHttpResponse(decodeResult: success, version: HTTP/1.1)
HTTP/1.1 200 OK
content-type: application/json;charset=UTF-8
date: Sat, 13 May 2023 01:44:36 GMT
server: monocle/0.42
content-length: 15
x-request-id: 40acf504-b587-48d7-8cbd-988bceae1876

21:44:37.062 [AsyncHttpClient-1-2] DEBUG org.asynchttpclient.netty.channel.ChannelManager -- Adding key: https://ondemand.us-west-1.saucelabs.com:443 for channel [id: 0xfbedb3e3, L:/192.168.1.146:57708 - R:ondemand.us-west-1.saucelabs.com/66.85.52.224:443]
21:44:37.063 [Forwarding switchToFrame on session fc23df27e25c4a7d9c7067a436198608 to remote] DEBUG org.asynchttpclient.netty.request.NettyRequestSender -- Using pooled Channel '[id: 0xfbedb3e3, L:/192.168.1.146:57708 - R:ondemand.us-west-1.saucelabs.com/66.85.52.224:443]' for 'POST' to 'https://oauth-autolazare-558fb:f8d0a4b4-e059-4b39-a9eb-366965b887b1@ondemand.us-west-1.saucelabs.com:443/wd/hub/session/fc23df27e25c4a7d9c7067a436198608/frame'
21:44:37.064 [Forwarding switchToFrame on session fc23df27e25c4a7d9c7067a436198608 to remote] DEBUG org.asynchttpclient.netty.request.NettyRequestSender -- Using open Channel [id: 0xfbedb3e3, L:/192.168.1.146:57708 - R:ondemand.us-west-1.saucelabs.com/66.85.52.224:443] for POST '/wd/hub/session/fc23df27e25c4a7d9c7067a436198608/frame'
21:44:37.328 [AsyncHttpClient-1-2] DEBUG org.asynchttpclient.netty.handler.HttpHandler -- 

Request DefaultHttpRequest(decodeResult: success, version: HTTP/1.1)
POST /wd/hub/session/fc23df27e25c4a7d9c7067a436198608/frame HTTP/1.1
User-Agent: selenium/4.9.0 (java windows)
traceparent: 00-bd28bc435f643977b15517836449f57e-a6d7c79721d79e08-01
Content-Length: 106
Content-Type: application/json; charset=utf-8
host: ondemand.us-west-1.saucelabs.com
authorization: Basic b2F1dGgtYXV0b2xhemFyZS01NThmYjpmOGQwYTRiNC1lMDU5LTRiMzktYTllYi0zNjY5NjViODg3YjE=
accept: */*

Response DefaultHttpResponse(decodeResult: success, version: HTTP/1.1)
HTTP/1.1 200 OK
content-type: application/json;charset=UTF-8
date: Sat, 13 May 2023 01:44:37 GMT
server: monocle/0.42
content-length: 15
x-request-id: 52236b67-6459-47b3-8c69-1157ad3ea692

21:44:37.328 [AsyncHttpClient-1-2] DEBUG org.asynchttpclient.netty.channel.ChannelManager -- Adding key: https://ondemand.us-west-1.saucelabs.com:443 for channel [id: 0xfbedb3e3, L:/192.168.1.146:57708 - R:ondemand.us-west-1.saucelabs.com/66.85.52.224:443]
21:44:37.343 [Forwarding executeScript on session fc23df27e25c4a7d9c7067a436198608 to remote] DEBUG org.asynchttpclient.netty.request.NettyRequestSender -- Using pooled Channel '[id: 0xfbedb3e3, L:/192.168.1.146:57708 - R:ondemand.us-west-1.saucelabs.com/66.85.52.224:443]' for 'POST' to 'https://oauth-autolazare-558fb:f8d0a4b4-e059-4b39-a9eb-366965b887b1@ondemand.us-west-1.saucelabs.com:443/wd/hub/session/fc23df27e25c4a7d9c7067a436198608/execute/sync'
21:44:37.343 [Forwarding executeScript on session fc23df27e25c4a7d9c7067a436198608 to remote] DEBUG org.asynchttpclient.netty.request.NettyRequestSender -- Using open Channel [id: 0xfbedb3e3, L:/192.168.1.146:57708 - R:ondemand.us-west-1.saucelabs.com/66.85.52.224:443] for POST '/wd/hub/session/fc23df27e25c4a7d9c7067a436198608/execute/sync'
21:44:38.220 [AsyncHttpClient-1-2] DEBUG org.asynchttpclient.netty.handler.HttpHandler -- 

Request DefaultHttpRequest(decodeResult: success, version: HTTP/1.1)
POST /wd/hub/session/fc23df27e25c4a7d9c7067a436198608/execute/sync HTTP/1.1
User-Agent: selenium/4.9.0 (java windows)
traceparent: 00-9bf06c7a80959afaae4f0a015179573e-db350b9b8b0134f6-01
Content-Length: 323605
Content-Type: application/json; charset=utf-8
host: ondemand.us-west-1.saucelabs.com
authorization: Basic b2F1dGgtYXV0b2xhemFyZS01NThmYjpmOGQwYTRiNC1lMDU5LTRiMzktYTllYi0zNjY5NjViODg3YjE=
accept: */*

Response DefaultHttpResponse(decodeResult: success, version: HTTP/1.1)
HTTP/1.1 200 OK
content-type: application/json;charset=UTF-8
date: Sat, 13 May 2023 01:44:37 GMT
server: monocle/0.42
content-length: 15
x-request-id: f7ac999d-9413-43de-970e-46b012d3c824

21:44:38.222 [AsyncHttpClient-1-2] DEBUG org.asynchttpclient.netty.channel.ChannelManager -- Adding key: https://ondemand.us-west-1.saucelabs.com:443 for channel [id: 0xfbedb3e3, L:/192.168.1.146:57708 - R:ondemand.us-west-1.saucelabs.com/66.85.52.224:443]
21:44:38.226 [Forwarding findElements on session fc23df27e25c4a7d9c7067a436198608 to remote] DEBUG org.asynchttpclient.netty.request.NettyRequestSender -- Using pooled Channel '[id: 0xfbedb3e3, L:/192.168.1.146:57708 - R:ondemand.us-west-1.saucelabs.com/66.85.52.224:443]' for 'POST' to 'https://oauth-autolazare-558fb:f8d0a4b4-e059-4b39-a9eb-366965b887b1@ondemand.us-west-1.saucelabs.com:443/wd/hub/session/fc23df27e25c4a7d9c7067a436198608/elements'
21:44:38.226 [Forwarding findElements on session fc23df27e25c4a7d9c7067a436198608 to remote] DEBUG org.asynchttpclient.netty.request.NettyRequestSender -- Using open Channel [id: 0xfbedb3e3, L:/192.168.1.146:57708 - R:ondemand.us-west-1.saucelabs.com/66.85.52.224:443] for POST '/wd/hub/session/fc23df27e25c4a7d9c7067a436198608/elements'
21:44:38.437 [AsyncHttpClient-1-2] DEBUG org.asynchttpclient.netty.handler.HttpHandler -- 

Request DefaultHttpRequest(decodeResult: success, version: HTTP/1.1)
POST /wd/hub/session/fc23df27e25c4a7d9c7067a436198608/elements HTTP/1.1
User-Agent: selenium/4.9.0 (java windows)
traceparent: 00-685d4d7257f72bdd9f1db57255115d74-b7603fe521649265-01
Content-Length: 98
Content-Type: application/json; charset=utf-8
host: ondemand.us-west-1.saucelabs.com
authorization: Basic b2F1dGgtYXV0b2xhemFyZS01NThmYjpmOGQwYTRiNC1lMDU5LTRiMzktYTllYi0zNjY5NjViODg3YjE=
accept: */*

Response DefaultHttpResponse(decodeResult: success, version: HTTP/1.1)
HTTP/1.1 200 OK
content-type: application/json;charset=UTF-8
date: Sat, 13 May 2023 01:44:38 GMT
server: monocle/0.42
content-length: 187
x-request-id: 262d8560-7f63-4dd9-b85e-17b19bf2f99b

21:44:38.444 [AsyncHttpClient-1-2] DEBUG org.asynchttpclient.netty.channel.ChannelManager -- Adding key: https://ondemand.us-west-1.saucelabs.com:443 for channel [id: 0xfbedb3e3, L:/192.168.1.146:57708 - R:ondemand.us-west-1.saucelabs.com/66.85.52.224:443]
21:44:38.448 [Forwarding switchToFrame on session fc23df27e25c4a7d9c7067a436198608 to remote] DEBUG org.asynchttpclient.netty.request.NettyRequestSender -- Using pooled Channel '[id: 0xfbedb3e3, L:/192.168.1.146:57708 - R:ondemand.us-west-1.saucelabs.com/66.85.52.224:443]' for 'POST' to 'https://oauth-autolazare-558fb:f8d0a4b4-e059-4b39-a9eb-366965b887b1@ondemand.us-west-1.saucelabs.com:443/wd/hub/session/fc23df27e25c4a7d9c7067a436198608/frame'
21:44:38.448 [Forwarding switchToFrame on session fc23df27e25c4a7d9c7067a436198608 to remote] DEBUG org.asynchttpclient.netty.request.NettyRequestSender -- Using open Channel [id: 0xfbedb3e3, L:/192.168.1.146:57708 - R:ondemand.us-west-1.saucelabs.com/66.85.52.224:443] for POST '/wd/hub/session/fc23df27e25c4a7d9c7067a436198608/frame'
21:44:38.662 [AsyncHttpClient-1-2] DEBUG org.asynchttpclient.netty.handler.HttpHandler -- 

Request DefaultHttpRequest(decodeResult: success, version: HTTP/1.1)
POST /wd/hub/session/fc23df27e25c4a7d9c7067a436198608/frame HTTP/1.1
User-Agent: selenium/4.9.0 (java windows)
traceparent: 00-328730714ee14f26cf4ba5f1b1ac9542-14c569f495341707-01
Content-Length: 106
Content-Type: application/json; charset=utf-8
host: ondemand.us-west-1.saucelabs.com
authorization: Basic b2F1dGgtYXV0b2xhemFyZS01NThmYjpmOGQwYTRiNC1lMDU5LTRiMzktYTllYi0zNjY5NjViODg3YjE=
accept: */*

Response DefaultHttpResponse(decodeResult: success, version: HTTP/1.1)
HTTP/1.1 200 OK
content-type: application/json;charset=UTF-8
date: Sat, 13 May 2023 01:44:38 GMT
server: monocle/0.42
content-length: 15
x-request-id: a5b28656-fc8c-481e-a4f2-6873cf10ab4a

21:44:38.662 [AsyncHttpClient-1-2] DEBUG org.asynchttpclient.netty.channel.ChannelManager -- Adding key: https://ondemand.us-west-1.saucelabs.com:443 for channel [id: 0xfbedb3e3, L:/192.168.1.146:57708 - R:ondemand.us-west-1.saucelabs.com/66.85.52.224:443]
21:44:38.680 [Forwarding executeScript on session fc23df27e25c4a7d9c7067a436198608 to remote] DEBUG org.asynchttpclient.netty.request.NettyRequestSender -- Using pooled Channel '[id: 0xfbedb3e3, L:/192.168.1.146:57708 - R:ondemand.us-west-1.saucelabs.com/66.85.52.224:443]' for 'POST' to 'https://oauth-autolazare-558fb:f8d0a4b4-e059-4b39-a9eb-366965b887b1@ondemand.us-west-1.saucelabs.com:443/wd/hub/session/fc23df27e25c4a7d9c7067a436198608/execute/sync'
21:44:38.680 [Forwarding executeScript on session fc23df27e25c4a7d9c7067a436198608 to remote] DEBUG org.asynchttpclient.netty.request.NettyRequestSender -- Using open Channel [id: 0xfbedb3e3, L:/192.168.1.146:57708 - R:ondemand.us-west-1.saucelabs.com/66.85.52.224:443] for POST '/wd/hub/session/fc23df27e25c4a7d9c7067a436198608/execute/sync'
21:44:39.306 [AsyncHttpClient-1-2] DEBUG org.asynchttpclient.netty.handler.HttpHandler -- 

Request DefaultHttpRequest(decodeResult: success, version: HTTP/1.1)
POST /wd/hub/session/fc23df27e25c4a7d9c7067a436198608/execute/sync HTTP/1.1
User-Agent: selenium/4.9.0 (java windows)
traceparent: 00-567d85854d42272f7d19a0ca2bf45813-33a66edd2eeb3c85-01
Content-Length: 323605
Content-Type: application/json; charset=utf-8
host: ondemand.us-west-1.saucelabs.com
authorization: Basic b2F1dGgtYXV0b2xhemFyZS01NThmYjpmOGQwYTRiNC1lMDU5LTRiMzktYTllYi0zNjY5NjViODg3YjE=
accept: */*

Response DefaultHttpResponse(decodeResult: success, version: HTTP/1.1)
HTTP/1.1 200 OK
content-type: application/json;charset=UTF-8
date: Sat, 13 May 2023 01:44:38 GMT
server: monocle/0.42
content-length: 15
x-request-id: 91d15793-b31f-48ef-9f0c-ca26f759bedd

21:44:39.306 [AsyncHttpClient-1-2] DEBUG org.asynchttpclient.netty.channel.ChannelManager -- Adding key: https://ondemand.us-west-1.saucelabs.com:443 for channel [id: 0xfbedb3e3, L:/192.168.1.146:57708 - R:ondemand.us-west-1.saucelabs.com/66.85.52.224:443]
21:44:39.323 [Forwarding findElements on session fc23df27e25c4a7d9c7067a436198608 to remote] DEBUG org.asynchttpclient.netty.request.NettyRequestSender -- Using pooled Channel '[id: 0xfbedb3e3, L:/192.168.1.146:57708 - R:ondemand.us-west-1.saucelabs.com/66.85.52.224:443]' for 'POST' to 'https://oauth-autolazare-558fb:f8d0a4b4-e059-4b39-a9eb-366965b887b1@ondemand.us-west-1.saucelabs.com:443/wd/hub/session/fc23df27e25c4a7d9c7067a436198608/elements'
21:44:39.323 [Forwarding findElements on session fc23df27e25c4a7d9c7067a436198608 to remote] DEBUG org.asynchttpclient.netty.request.NettyRequestSender -- Using open Channel [id: 0xfbedb3e3, L:/192.168.1.146:57708 - R:ondemand.us-west-1.saucelabs.com/66.85.52.224:443] for POST '/wd/hub/session/fc23df27e25c4a7d9c7067a436198608/elements'
21:44:39.580 [AsyncHttpClient-1-2] DEBUG org.asynchttpclient.netty.handler.HttpHandler -- 

Request DefaultHttpRequest(decodeResult: success, version: HTTP/1.1)
POST /wd/hub/session/fc23df27e25c4a7d9c7067a436198608/elements HTTP/1.1
User-Agent: selenium/4.9.0 (java windows)
traceparent: 00-5947f2e334ea753055bdbdc6290a6d91-000d312a79082027-01
Content-Length: 98
Content-Type: application/json; charset=utf-8
host: ondemand.us-west-1.saucelabs.com
authorization: Basic b2F1dGgtYXV0b2xhemFyZS01NThmYjpmOGQwYTRiNC1lMDU5LTRiMzktYTllYi0zNjY5NjViODg3YjE=
accept: */*

Response DefaultHttpResponse(decodeResult: success, version: HTTP/1.1)
HTTP/1.1 200 OK
content-type: application/json;charset=UTF-8
date: Sat, 13 May 2023 01:44:39 GMT
server: monocle/0.42
content-length: 13
x-request-id: 06d40db3-d68e-485a-bef6-6cd8978fc39f

21:44:39.580 [AsyncHttpClient-1-2] DEBUG org.asynchttpclient.netty.channel.ChannelManager -- Adding key: https://ondemand.us-west-1.saucelabs.com:443 for channel [id: 0xfbedb3e3, L:/192.168.1.146:57708 - R:ondemand.us-west-1.saucelabs.com/66.85.52.224:443]
21:44:39.580 [Forwarding switchToParentFrame on session fc23df27e25c4a7d9c7067a436198608 to remote] DEBUG org.asynchttpclient.netty.request.NettyRequestSender -- Using pooled Channel '[id: 0xfbedb3e3, L:/192.168.1.146:57708 - R:ondemand.us-west-1.saucelabs.com/66.85.52.224:443]' for 'POST' to 'https://oauth-autolazare-558fb:f8d0a4b4-e059-4b39-a9eb-366965b887b1@ondemand.us-west-1.saucelabs.com:443/wd/hub/session/fc23df27e25c4a7d9c7067a436198608/frame/parent'
21:44:39.580 [Forwarding switchToParentFrame on session fc23df27e25c4a7d9c7067a436198608 to remote] DEBUG org.asynchttpclient.netty.request.NettyRequestSender -- Using open Channel [id: 0xfbedb3e3, L:/192.168.1.146:57708 - R:ondemand.us-west-1.saucelabs.com/66.85.52.224:443] for POST '/wd/hub/session/fc23df27e25c4a7d9c7067a436198608/frame/parent'
21:44:39.831 [AsyncHttpClient-1-2] DEBUG org.asynchttpclient.netty.handler.HttpHandler -- 

Request DefaultHttpRequest(decodeResult: success, version: HTTP/1.1)
POST /wd/hub/session/fc23df27e25c4a7d9c7067a436198608/frame/parent HTTP/1.1
User-Agent: selenium/4.9.0 (java windows)
traceparent: 00-dc4aeade93b3f34aa890a987136b5a34-d4e5dd90b0f5cb47-01
Content-Length: 3
Content-Type: application/json; charset=utf-8
host: ondemand.us-west-1.saucelabs.com
authorization: Basic b2F1dGgtYXV0b2xhemFyZS01NThmYjpmOGQwYTRiNC1lMDU5LTRiMzktYTllYi0zNjY5NjViODg3YjE=
accept: */*

Response DefaultHttpResponse(decodeResult: success, version: HTTP/1.1)
HTTP/1.1 200 OK
content-type: application/json;charset=UTF-8
date: Sat, 13 May 2023 01:44:39 GMT
server: monocle/0.42
content-length: 15
x-request-id: c5b7107f-978e-44f1-995b-276738cd671d

21:44:39.831 [AsyncHttpClient-1-2] DEBUG org.asynchttpclient.netty.channel.ChannelManager -- Adding key: https://ondemand.us-west-1.saucelabs.com:443 for channel [id: 0xfbedb3e3, L:/192.168.1.146:57708 - R:ondemand.us-west-1.saucelabs.com/66.85.52.224:443]
21:44:39.833 [Forwarding switchToFrame on session fc23df27e25c4a7d9c7067a436198608 to remote] DEBUG org.asynchttpclient.netty.request.NettyRequestSender -- Using pooled Channel '[id: 0xfbedb3e3, L:/192.168.1.146:57708 - R:ondemand.us-west-1.saucelabs.com/66.85.52.224:443]' for 'POST' to 'https://oauth-autolazare-558fb:f8d0a4b4-e059-4b39-a9eb-366965b887b1@ondemand.us-west-1.saucelabs.com:443/wd/hub/session/fc23df27e25c4a7d9c7067a436198608/frame'
21:44:39.833 [Forwarding switchToFrame on session fc23df27e25c4a7d9c7067a436198608 to remote] DEBUG org.asynchttpclient.netty.request.NettyRequestSender -- Using open Channel [id: 0xfbedb3e3, L:/192.168.1.146:57708 - R:ondemand.us-west-1.saucelabs.com/66.85.52.224:443] for POST '/wd/hub/session/fc23df27e25c4a7d9c7067a436198608/frame'
21:44:40.011 [AsyncHttpClient-1-2] DEBUG org.asynchttpclient.netty.handler.HttpHandler -- 

Request DefaultHttpRequest(decodeResult: success, version: HTTP/1.1)
POST /wd/hub/session/fc23df27e25c4a7d9c7067a436198608/frame HTTP/1.1
User-Agent: selenium/4.9.0 (java windows)
traceparent: 00-41d0fd3ac911704c6e5e4be4836613d5-8f1e3970663446f8-01
Content-Length: 106
Content-Type: application/json; charset=utf-8
host: ondemand.us-west-1.saucelabs.com
authorization: Basic b2F1dGgtYXV0b2xhemFyZS01NThmYjpmOGQwYTRiNC1lMDU5LTRiMzktYTllYi0zNjY5NjViODg3YjE=
accept: */*

Response DefaultHttpResponse(decodeResult: success, version: HTTP/1.1)
HTTP/1.1 200 OK
content-type: application/json;charset=UTF-8
date: Sat, 13 May 2023 01:44:39 GMT
server: monocle/0.42
content-length: 15
x-request-id: 06ad8aac-96b3-4c59-9dfd-d08828d01f62

21:44:40.011 [AsyncHttpClient-1-2] DEBUG org.asynchttpclient.netty.channel.ChannelManager -- Adding key: https://ondemand.us-west-1.saucelabs.com:443 for channel [id: 0xfbedb3e3, L:/192.168.1.146:57708 - R:ondemand.us-west-1.saucelabs.com/66.85.52.224:443]
21:44:40.036 [Forwarding executeScript on session fc23df27e25c4a7d9c7067a436198608 to remote] DEBUG org.asynchttpclient.netty.request.NettyRequestSender -- Using pooled Channel '[id: 0xfbedb3e3, L:/192.168.1.146:57708 - R:ondemand.us-west-1.saucelabs.com/66.85.52.224:443]' for 'POST' to 'https://oauth-autolazare-558fb:f8d0a4b4-e059-4b39-a9eb-366965b887b1@ondemand.us-west-1.saucelabs.com:443/wd/hub/session/fc23df27e25c4a7d9c7067a436198608/execute/sync'
21:44:40.036 [Forwarding executeScript on session fc23df27e25c4a7d9c7067a436198608 to remote] DEBUG org.asynchttpclient.netty.request.NettyRequestSender -- Using open Channel [id: 0xfbedb3e3, L:/192.168.1.146:57708 - R:ondemand.us-west-1.saucelabs.com/66.85.52.224:443] for POST '/wd/hub/session/fc23df27e25c4a7d9c7067a436198608/execute/sync'
21:44:40.628 [AsyncHttpClient-1-2] DEBUG org.asynchttpclient.netty.handler.HttpHandler -- 

Request DefaultHttpRequest(decodeResult: success, version: HTTP/1.1)
POST /wd/hub/session/fc23df27e25c4a7d9c7067a436198608/execute/sync HTTP/1.1
User-Agent: selenium/4.9.0 (java windows)
traceparent: 00-2c3cf3bf7159bbe85c715aee5d34deed-74a293b322767b7f-01
Content-Length: 323605
Content-Type: application/json; charset=utf-8
host: ondemand.us-west-1.saucelabs.com
authorization: Basic b2F1dGgtYXV0b2xhemFyZS01NThmYjpmOGQwYTRiNC1lMDU5LTRiMzktYTllYi0zNjY5NjViODg3YjE=
accept: */*

Response DefaultHttpResponse(decodeResult: success, version: HTTP/1.1)
HTTP/1.1 200 OK
content-type: application/json;charset=UTF-8
date: Sat, 13 May 2023 01:44:40 GMT
server: monocle/0.42
content-length: 15
x-request-id: 992a1a3d-7ad8-42cc-acde-29bf0a0e9c04

21:44:40.629 [AsyncHttpClient-1-2] DEBUG org.asynchttpclient.netty.channel.ChannelManager -- Adding key: https://ondemand.us-west-1.saucelabs.com:443 for channel [id: 0xfbedb3e3, L:/192.168.1.146:57708 - R:ondemand.us-west-1.saucelabs.com/66.85.52.224:443]
21:44:40.631 [Forwarding findElements on session fc23df27e25c4a7d9c7067a436198608 to remote] DEBUG org.asynchttpclient.netty.request.NettyRequestSender -- Using pooled Channel '[id: 0xfbedb3e3, L:/192.168.1.146:57708 - R:ondemand.us-west-1.saucelabs.com/66.85.52.224:443]' for 'POST' to 'https://oauth-autolazare-558fb:f8d0a4b4-e059-4b39-a9eb-366965b887b1@ondemand.us-west-1.saucelabs.com:443/wd/hub/session/fc23df27e25c4a7d9c7067a436198608/elements'
21:44:40.631 [Forwarding findElements on session fc23df27e25c4a7d9c7067a436198608 to remote] DEBUG org.asynchttpclient.netty.request.NettyRequestSender -- Using open Channel [id: 0xfbedb3e3, L:/192.168.1.146:57708 - R:ondemand.us-west-1.saucelabs.com/66.85.52.224:443] for POST '/wd/hub/session/fc23df27e25c4a7d9c7067a436198608/elements'
21:44:40.897 [AsyncHttpClient-1-2] DEBUG org.asynchttpclient.netty.handler.HttpHandler -- 

Request DefaultHttpRequest(decodeResult: success, version: HTTP/1.1)
POST /wd/hub/session/fc23df27e25c4a7d9c7067a436198608/elements HTTP/1.1
User-Agent: selenium/4.9.0 (java windows)
traceparent: 00-50e2dc071a89a39139e47cb4aced4e02-a65a03aae6a79fa6-01
Content-Length: 98
Content-Type: application/json; charset=utf-8
host: ondemand.us-west-1.saucelabs.com
authorization: Basic b2F1dGgtYXV0b2xhemFyZS01NThmYjpmOGQwYTRiNC1lMDU5LTRiMzktYTllYi0zNjY5NjViODg3YjE=
accept: */*

Response DefaultHttpResponse(decodeResult: success, version: HTTP/1.1)
HTTP/1.1 200 OK
content-type: application/json;charset=UTF-8
date: Sat, 13 May 2023 01:44:40 GMT
server: monocle/0.42
content-length: 13
x-request-id: 71ba1510-f136-4674-9cb5-2c81f69a45ff

21:44:40.897 [AsyncHttpClient-1-2] DEBUG org.asynchttpclient.netty.channel.ChannelManager -- Adding key: https://ondemand.us-west-1.saucelabs.com:443 for channel [id: 0xfbedb3e3, L:/192.168.1.146:57708 - R:ondemand.us-west-1.saucelabs.com/66.85.52.224:443]
21:44:40.900 [Forwarding switchToParentFrame on session fc23df27e25c4a7d9c7067a436198608 to remote] DEBUG org.asynchttpclient.netty.request.NettyRequestSender -- Using pooled Channel '[id: 0xfbedb3e3, L:/192.168.1.146:57708 - R:ondemand.us-west-1.saucelabs.com/66.85.52.224:443]' for 'POST' to 'https://oauth-autolazare-558fb:f8d0a4b4-e059-4b39-a9eb-366965b887b1@ondemand.us-west-1.saucelabs.com:443/wd/hub/session/fc23df27e25c4a7d9c7067a436198608/frame/parent'
21:44:40.901 [Forwarding switchToParentFrame on session fc23df27e25c4a7d9c7067a436198608 to remote] DEBUG org.asynchttpclient.netty.request.NettyRequestSender -- Using open Channel [id: 0xfbedb3e3, L:/192.168.1.146:57708 - R:ondemand.us-west-1.saucelabs.com/66.85.52.224:443] for POST '/wd/hub/session/fc23df27e25c4a7d9c7067a436198608/frame/parent'
21:44:41.144 [AsyncHttpClient-1-2] DEBUG org.asynchttpclient.netty.handler.HttpHandler -- 

Request DefaultHttpRequest(decodeResult: success, version: HTTP/1.1)
POST /wd/hub/session/fc23df27e25c4a7d9c7067a436198608/frame/parent HTTP/1.1
User-Agent: selenium/4.9.0 (java windows)
traceparent: 00-d9030ed5ff272b296a3ebab1cf03fd98-f9fe83c732584a66-01
Content-Length: 3
Content-Type: application/json; charset=utf-8
host: ondemand.us-west-1.saucelabs.com
authorization: Basic b2F1dGgtYXV0b2xhemFyZS01NThmYjpmOGQwYTRiNC1lMDU5LTRiMzktYTllYi0zNjY5NjViODg3YjE=
accept: */*

Response DefaultHttpResponse(decodeResult: success, version: HTTP/1.1)
HTTP/1.1 200 OK
content-type: application/json;charset=UTF-8
date: Sat, 13 May 2023 01:44:40 GMT
server: monocle/0.42
content-length: 15
x-request-id: fd31aa69-182f-40e5-890b-3e11e2c881df

21:44:41.144 [AsyncHttpClient-1-2] DEBUG org.asynchttpclient.netty.channel.ChannelManager -- Adding key: https://ondemand.us-west-1.saucelabs.com:443 for channel [id: 0xfbedb3e3, L:/192.168.1.146:57708 - R:ondemand.us-west-1.saucelabs.com/66.85.52.224:443]
21:44:41.148 [Forwarding switchToParentFrame on session fc23df27e25c4a7d9c7067a436198608 to remote] DEBUG org.asynchttpclient.netty.request.NettyRequestSender -- Using pooled Channel '[id: 0xfbedb3e3, L:/192.168.1.146:57708 - R:ondemand.us-west-1.saucelabs.com/66.85.52.224:443]' for 'POST' to 'https://oauth-autolazare-558fb:f8d0a4b4-e059-4b39-a9eb-366965b887b1@ondemand.us-west-1.saucelabs.com:443/wd/hub/session/fc23df27e25c4a7d9c7067a436198608/frame/parent'
21:44:41.149 [Forwarding switchToParentFrame on session fc23df27e25c4a7d9c7067a436198608 to remote] DEBUG org.asynchttpclient.netty.request.NettyRequestSender -- Using open Channel [id: 0xfbedb3e3, L:/192.168.1.146:57708 - R:ondemand.us-west-1.saucelabs.com/66.85.52.224:443] for POST '/wd/hub/session/fc23df27e25c4a7d9c7067a436198608/frame/parent'
21:44:41.380 [AsyncHttpClient-1-2] DEBUG org.asynchttpclient.netty.handler.HttpHandler -- 

Request DefaultHttpRequest(decodeResult: success, version: HTTP/1.1)
POST /wd/hub/session/fc23df27e25c4a7d9c7067a436198608/frame/parent HTTP/1.1
User-Agent: selenium/4.9.0 (java windows)
traceparent: 00-cbadda50358d7aef340d9b97e26ab294-3263b3a19d10d553-01
Content-Length: 3
Content-Type: application/json; charset=utf-8
host: ondemand.us-west-1.saucelabs.com
authorization: Basic b2F1dGgtYXV0b2xhemFyZS01NThmYjpmOGQwYTRiNC1lMDU5LTRiMzktYTllYi0zNjY5NjViODg3YjE=
accept: */*

Response DefaultHttpResponse(decodeResult: success, version: HTTP/1.1)
HTTP/1.1 200 OK
content-type: application/json;charset=UTF-8
date: Sat, 13 May 2023 01:44:41 GMT
server: monocle/0.42
content-length: 15
x-request-id: c8a18883-bb37-4d18-86a8-440c718edf68

21:44:41.380 [AsyncHttpClient-1-2] DEBUG org.asynchttpclient.netty.channel.ChannelManager -- Adding key: https://ondemand.us-west-1.saucelabs.com:443 for channel [id: 0xfbedb3e3, L:/192.168.1.146:57708 - R:ondemand.us-west-1.saucelabs.com/66.85.52.224:443]
21:44:41.381 [Forwarding switchToFrame on session fc23df27e25c4a7d9c7067a436198608 to remote] DEBUG org.asynchttpclient.netty.request.NettyRequestSender -- Using pooled Channel '[id: 0xfbedb3e3, L:/192.168.1.146:57708 - R:ondemand.us-west-1.saucelabs.com/66.85.52.224:443]' for 'POST' to 'https://oauth-autolazare-558fb:f8d0a4b4-e059-4b39-a9eb-366965b887b1@ondemand.us-west-1.saucelabs.com:443/wd/hub/session/fc23df27e25c4a7d9c7067a436198608/frame'
21:44:41.381 [Forwarding switchToFrame on session fc23df27e25c4a7d9c7067a436198608 to remote] DEBUG org.asynchttpclient.netty.request.NettyRequestSender -- Using open Channel [id: 0xfbedb3e3, L:/192.168.1.146:57708 - R:ondemand.us-west-1.saucelabs.com/66.85.52.224:443] for POST '/wd/hub/session/fc23df27e25c4a7d9c7067a436198608/frame'
21:44:41.645 [AsyncHttpClient-1-2] DEBUG org.asynchttpclient.netty.handler.HttpHandler -- 

Request DefaultHttpRequest(decodeResult: success, version: HTTP/1.1)
POST /wd/hub/session/fc23df27e25c4a7d9c7067a436198608/frame HTTP/1.1
User-Agent: selenium/4.9.0 (java windows)
traceparent: 00-20f7762501dd70221e1e33b8e9790aba-22bb5c5cd59727fd-01
Content-Length: 106
Content-Type: application/json; charset=utf-8
host: ondemand.us-west-1.saucelabs.com
authorization: Basic b2F1dGgtYXV0b2xhemFyZS01NThmYjpmOGQwYTRiNC1lMDU5LTRiMzktYTllYi0zNjY5NjViODg3YjE=
accept: */*

Response DefaultHttpResponse(decodeResult: success, version: HTTP/1.1)
HTTP/1.1 200 OK
content-type: application/json;charset=UTF-8
date: Sat, 13 May 2023 01:44:41 GMT
server: monocle/0.42
content-length: 15
x-request-id: 4192f55b-f9ee-46ad-ae55-90f32418f44c

21:44:41.645 [AsyncHttpClient-1-2] DEBUG org.asynchttpclient.netty.channel.ChannelManager -- Adding key: https://ondemand.us-west-1.saucelabs.com:443 for channel [id: 0xfbedb3e3, L:/192.168.1.146:57708 - R:ondemand.us-west-1.saucelabs.com/66.85.52.224:443]
21:44:41.652 [Forwarding executeScript on session fc23df27e25c4a7d9c7067a436198608 to remote] DEBUG org.asynchttpclient.netty.request.NettyRequestSender -- Using pooled Channel '[id: 0xfbedb3e3, L:/192.168.1.146:57708 - R:ondemand.us-west-1.saucelabs.com/66.85.52.224:443]' for 'POST' to 'https://oauth-autolazare-558fb:f8d0a4b4-e059-4b39-a9eb-366965b887b1@ondemand.us-west-1.saucelabs.com:443/wd/hub/session/fc23df27e25c4a7d9c7067a436198608/execute/sync'
21:44:41.652 [Forwarding executeScript on session fc23df27e25c4a7d9c7067a436198608 to remote] DEBUG org.asynchttpclient.netty.request.NettyRequestSender -- Using open Channel [id: 0xfbedb3e3, L:/192.168.1.146:57708 - R:ondemand.us-west-1.saucelabs.com/66.85.52.224:443] for POST '/wd/hub/session/fc23df27e25c4a7d9c7067a436198608/execute/sync'
21:44:42.360 [AsyncHttpClient-1-2] DEBUG org.asynchttpclient.netty.handler.HttpHandler -- 

Request DefaultHttpRequest(decodeResult: success, version: HTTP/1.1)
POST /wd/hub/session/fc23df27e25c4a7d9c7067a436198608/execute/sync HTTP/1.1
User-Agent: selenium/4.9.0 (java windows)
traceparent: 00-cf2ae381231fac9d3a8b095203b34a1b-5e4c72d9bac8420b-01
Content-Length: 323605
Content-Type: application/json; charset=utf-8
host: ondemand.us-west-1.saucelabs.com
authorization: Basic b2F1dGgtYXV0b2xhemFyZS01NThmYjpmOGQwYTRiNC1lMDU5LTRiMzktYTllYi0zNjY5NjViODg3YjE=
accept: */*

Response DefaultHttpResponse(decodeResult: success, version: HTTP/1.1)
HTTP/1.1 200 OK
content-type: application/json;charset=UTF-8
date: Sat, 13 May 2023 01:44:41 GMT
server: monocle/0.42
content-length: 15
x-request-id: 4affab44-4a0a-4b55-a2ae-d50bf166ba7b

21:44:42.360 [AsyncHttpClient-1-2] DEBUG org.asynchttpclient.netty.channel.ChannelManager -- Adding key: https://ondemand.us-west-1.saucelabs.com:443 for channel [id: 0xfbedb3e3, L:/192.168.1.146:57708 - R:ondemand.us-west-1.saucelabs.com/66.85.52.224:443]
21:44:42.365 [Forwarding findElements on session fc23df27e25c4a7d9c7067a436198608 to remote] DEBUG org.asynchttpclient.netty.request.NettyRequestSender -- Using pooled Channel '[id: 0xfbedb3e3, L:/192.168.1.146:57708 - R:ondemand.us-west-1.saucelabs.com/66.85.52.224:443]' for 'POST' to 'https://oauth-autolazare-558fb:f8d0a4b4-e059-4b39-a9eb-366965b887b1@ondemand.us-west-1.saucelabs.com:443/wd/hub/session/fc23df27e25c4a7d9c7067a436198608/elements'
21:44:42.365 [Forwarding findElements on session fc23df27e25c4a7d9c7067a436198608 to remote] DEBUG org.asynchttpclient.netty.request.NettyRequestSender -- Using open Channel [id: 0xfbedb3e3, L:/192.168.1.146:57708 - R:ondemand.us-west-1.saucelabs.com/66.85.52.224:443] for POST '/wd/hub/session/fc23df27e25c4a7d9c7067a436198608/elements'
21:44:42.627 [AsyncHttpClient-1-2] DEBUG org.asynchttpclient.netty.handler.HttpHandler -- 

Request DefaultHttpRequest(decodeResult: success, version: HTTP/1.1)
POST /wd/hub/session/fc23df27e25c4a7d9c7067a436198608/elements HTTP/1.1
User-Agent: selenium/4.9.0 (java windows)
traceparent: 00-4fc8c7dbee9ad6303c30e2cdf055f6d7-2fb7cc7b0c7ceddf-01
Content-Length: 98
Content-Type: application/json; charset=utf-8
host: ondemand.us-west-1.saucelabs.com
authorization: Basic b2F1dGgtYXV0b2xhemFyZS01NThmYjpmOGQwYTRiNC1lMDU5LTRiMzktYTllYi0zNjY5NjViODg3YjE=
accept: */*

Response DefaultHttpResponse(decodeResult: success, version: HTTP/1.1)
HTTP/1.1 200 OK
content-type: application/json;charset=UTF-8
date: Sat, 13 May 2023 01:44:42 GMT
server: monocle/0.42
content-length: 98
x-request-id: 82086954-e3ba-4d0a-8654-edb19097e9ad

21:44:42.627 [AsyncHttpClient-1-2] DEBUG org.asynchttpclient.netty.channel.ChannelManager -- Adding key: https://ondemand.us-west-1.saucelabs.com:443 for channel [id: 0xfbedb3e3, L:/192.168.1.146:57708 - R:ondemand.us-west-1.saucelabs.com/66.85.52.224:443]
21:44:42.627 [Forwarding switchToFrame on session fc23df27e25c4a7d9c7067a436198608 to remote] DEBUG org.asynchttpclient.netty.request.NettyRequestSender -- Using pooled Channel '[id: 0xfbedb3e3, L:/192.168.1.146:57708 - R:ondemand.us-west-1.saucelabs.com/66.85.52.224:443]' for 'POST' to 'https://oauth-autolazare-558fb:f8d0a4b4-e059-4b39-a9eb-366965b887b1@ondemand.us-west-1.saucelabs.com:443/wd/hub/session/fc23df27e25c4a7d9c7067a436198608/frame'
21:44:42.627 [Forwarding switchToFrame on session fc23df27e25c4a7d9c7067a436198608 to remote] DEBUG org.asynchttpclient.netty.request.NettyRequestSender -- Using open Channel [id: 0xfbedb3e3, L:/192.168.1.146:57708 - R:ondemand.us-west-1.saucelabs.com/66.85.52.224:443] for POST '/wd/hub/session/fc23df27e25c4a7d9c7067a436198608/frame'
21:44:42.891 [AsyncHttpClient-1-2] DEBUG org.asynchttpclient.netty.handler.HttpHandler -- 

Request DefaultHttpRequest(decodeResult: success, version: HTTP/1.1)
POST /wd/hub/session/fc23df27e25c4a7d9c7067a436198608/frame HTTP/1.1
User-Agent: selenium/4.9.0 (java windows)
traceparent: 00-4171c8432ce5e2b6ca734f9b18242fe3-1175a8a425da8b2e-01
Content-Length: 105
Content-Type: application/json; charset=utf-8
host: ondemand.us-west-1.saucelabs.com
authorization: Basic b2F1dGgtYXV0b2xhemFyZS01NThmYjpmOGQwYTRiNC1lMDU5LTRiMzktYTllYi0zNjY5NjViODg3YjE=
accept: */*

Response DefaultHttpResponse(decodeResult: success, version: HTTP/1.1)
HTTP/1.1 200 OK
content-type: application/json;charset=UTF-8
date: Sat, 13 May 2023 01:44:42 GMT
server: monocle/0.42
content-length: 15
x-request-id: b886f2fa-a5ea-4112-ab02-5897a720b818

21:44:42.891 [AsyncHttpClient-1-2] DEBUG org.asynchttpclient.netty.channel.ChannelManager -- Adding key: https://ondemand.us-west-1.saucelabs.com:443 for channel [id: 0xfbedb3e3, L:/192.168.1.146:57708 - R:ondemand.us-west-1.saucelabs.com/66.85.52.224:443]
21:44:42.905 [Forwarding executeScript on session fc23df27e25c4a7d9c7067a436198608 to remote] DEBUG org.asynchttpclient.netty.request.NettyRequestSender -- Using pooled Channel '[id: 0xfbedb3e3, L:/192.168.1.146:57708 - R:ondemand.us-west-1.saucelabs.com/66.85.52.224:443]' for 'POST' to 'https://oauth-autolazare-558fb:f8d0a4b4-e059-4b39-a9eb-366965b887b1@ondemand.us-west-1.saucelabs.com:443/wd/hub/session/fc23df27e25c4a7d9c7067a436198608/execute/sync'
21:44:42.905 [Forwarding executeScript on session fc23df27e25c4a7d9c7067a436198608 to remote] DEBUG org.asynchttpclient.netty.request.NettyRequestSender -- Using open Channel [id: 0xfbedb3e3, L:/192.168.1.146:57708 - R:ondemand.us-west-1.saucelabs.com/66.85.52.224:443] for POST '/wd/hub/session/fc23df27e25c4a7d9c7067a436198608/execute/sync'
21:44:43.644 [AsyncHttpClient-1-2] DEBUG org.asynchttpclient.netty.handler.HttpHandler -- 

Request DefaultHttpRequest(decodeResult: success, version: HTTP/1.1)
POST /wd/hub/session/fc23df27e25c4a7d9c7067a436198608/execute/sync HTTP/1.1
User-Agent: selenium/4.9.0 (java windows)
traceparent: 00-885c52396edf2050ac132a8f8a540069-c74a621504b6e21b-01
Content-Length: 323605
Content-Type: application/json; charset=utf-8
host: ondemand.us-west-1.saucelabs.com
authorization: Basic b2F1dGgtYXV0b2xhemFyZS01NThmYjpmOGQwYTRiNC1lMDU5LTRiMzktYTllYi0zNjY5NjViODg3YjE=
accept: */*

Response DefaultHttpResponse(decodeResult: success, version: HTTP/1.1)
HTTP/1.1 200 OK
content-type: application/json;charset=UTF-8
date: Sat, 13 May 2023 01:44:43 GMT
server: monocle/0.42
content-length: 15
x-request-id: b672e81c-2c1b-4264-8b92-2d3b7d2e7862

21:44:43.646 [AsyncHttpClient-1-2] DEBUG org.asynchttpclient.netty.channel.ChannelManager -- Adding key: https://ondemand.us-west-1.saucelabs.com:443 for channel [id: 0xfbedb3e3, L:/192.168.1.146:57708 - R:ondemand.us-west-1.saucelabs.com/66.85.52.224:443]
21:44:43.651 [Forwarding findElements on session fc23df27e25c4a7d9c7067a436198608 to remote] DEBUG org.asynchttpclient.netty.request.NettyRequestSender -- Using pooled Channel '[id: 0xfbedb3e3, L:/192.168.1.146:57708 - R:ondemand.us-west-1.saucelabs.com/66.85.52.224:443]' for 'POST' to 'https://oauth-autolazare-558fb:f8d0a4b4-e059-4b39-a9eb-366965b887b1@ondemand.us-west-1.saucelabs.com:443/wd/hub/session/fc23df27e25c4a7d9c7067a436198608/elements'
21:44:43.651 [Forwarding findElements on session fc23df27e25c4a7d9c7067a436198608 to remote] DEBUG org.asynchttpclient.netty.request.NettyRequestSender -- Using open Channel [id: 0xfbedb3e3, L:/192.168.1.146:57708 - R:ondemand.us-west-1.saucelabs.com/66.85.52.224:443] for POST '/wd/hub/session/fc23df27e25c4a7d9c7067a436198608/elements'
21:44:43.904 [AsyncHttpClient-1-2] DEBUG org.asynchttpclient.netty.handler.HttpHandler -- 

Request DefaultHttpRequest(decodeResult: success, version: HTTP/1.1)
POST /wd/hub/session/fc23df27e25c4a7d9c7067a436198608/elements HTTP/1.1
User-Agent: selenium/4.9.0 (java windows)
traceparent: 00-8eacf00fcdfa53046dc74b3d55b6089d-434a126cffe30a39-01
Content-Length: 98
Content-Type: application/json; charset=utf-8
host: ondemand.us-west-1.saucelabs.com
authorization: Basic b2F1dGgtYXV0b2xhemFyZS01NThmYjpmOGQwYTRiNC1lMDU5LTRiMzktYTllYi0zNjY5NjViODg3YjE=
accept: */*

Response DefaultHttpResponse(decodeResult: success, version: HTTP/1.1)
HTTP/1.1 200 OK
content-type: application/json;charset=UTF-8
date: Sat, 13 May 2023 01:44:43 GMT
server: monocle/0.42
content-length: 13
x-request-id: be50c3a8-df76-492f-88d2-44947194c016

21:44:43.904 [AsyncHttpClient-1-2] DEBUG org.asynchttpclient.netty.channel.ChannelManager -- Adding key: https://ondemand.us-west-1.saucelabs.com:443 for channel [id: 0xfbedb3e3, L:/192.168.1.146:57708 - R:ondemand.us-west-1.saucelabs.com/66.85.52.224:443]
21:44:43.906 [Forwarding switchToParentFrame on session fc23df27e25c4a7d9c7067a436198608 to remote] DEBUG org.asynchttpclient.netty.request.NettyRequestSender -- Using pooled Channel '[id: 0xfbedb3e3, L:/192.168.1.146:57708 - R:ondemand.us-west-1.saucelabs.com/66.85.52.224:443]' for 'POST' to 'https://oauth-autolazare-558fb:f8d0a4b4-e059-4b39-a9eb-366965b887b1@ondemand.us-west-1.saucelabs.com:443/wd/hub/session/fc23df27e25c4a7d9c7067a436198608/frame/parent'
21:44:43.906 [Forwarding switchToParentFrame on session fc23df27e25c4a7d9c7067a436198608 to remote] DEBUG org.asynchttpclient.netty.request.NettyRequestSender -- Using open Channel [id: 0xfbedb3e3, L:/192.168.1.146:57708 - R:ondemand.us-west-1.saucelabs.com/66.85.52.224:443] for POST '/wd/hub/session/fc23df27e25c4a7d9c7067a436198608/frame/parent'
21:44:44.116 [AsyncHttpClient-1-2] DEBUG org.asynchttpclient.netty.handler.HttpHandler -- 

Request DefaultHttpRequest(decodeResult: success, version: HTTP/1.1)
POST /wd/hub/session/fc23df27e25c4a7d9c7067a436198608/frame/parent HTTP/1.1
User-Agent: selenium/4.9.0 (java windows)
traceparent: 00-de48cd419734f4139ed0dde968e68b98-1d7f324172971a2a-01
Content-Length: 3
Content-Type: application/json; charset=utf-8
host: ondemand.us-west-1.saucelabs.com
authorization: Basic b2F1dGgtYXV0b2xhemFyZS01NThmYjpmOGQwYTRiNC1lMDU5LTRiMzktYTllYi0zNjY5NjViODg3YjE=
accept: */*

Response DefaultHttpResponse(decodeResult: success, version: HTTP/1.1)
HTTP/1.1 200 OK
content-type: application/json;charset=UTF-8
date: Sat, 13 May 2023 01:44:43 GMT
server: monocle/0.42
content-length: 15
x-request-id: 7cfc84b1-4456-4f68-9052-468f365dfbe1

21:44:44.117 [AsyncHttpClient-1-2] DEBUG org.asynchttpclient.netty.channel.ChannelManager -- Adding key: https://ondemand.us-west-1.saucelabs.com:443 for channel [id: 0xfbedb3e3, L:/192.168.1.146:57708 - R:ondemand.us-west-1.saucelabs.com/66.85.52.224:443]
21:44:44.118 [Forwarding switchToParentFrame on session fc23df27e25c4a7d9c7067a436198608 to remote] DEBUG org.asynchttpclient.netty.request.NettyRequestSender -- Using pooled Channel '[id: 0xfbedb3e3, L:/192.168.1.146:57708 - R:ondemand.us-west-1.saucelabs.com/66.85.52.224:443]' for 'POST' to 'https://oauth-autolazare-558fb:f8d0a4b4-e059-4b39-a9eb-366965b887b1@ondemand.us-west-1.saucelabs.com:443/wd/hub/session/fc23df27e25c4a7d9c7067a436198608/frame/parent'
21:44:44.118 [Forwarding switchToParentFrame on session fc23df27e25c4a7d9c7067a436198608 to remote] DEBUG org.asynchttpclient.netty.request.NettyRequestSender -- Using open Channel [id: 0xfbedb3e3, L:/192.168.1.146:57708 - R:ondemand.us-west-1.saucelabs.com/66.85.52.224:443] for POST '/wd/hub/session/fc23df27e25c4a7d9c7067a436198608/frame/parent'
21:44:44.320 [AsyncHttpClient-1-2] DEBUG org.asynchttpclient.netty.handler.HttpHandler -- 

Request DefaultHttpRequest(decodeResult: success, version: HTTP/1.1)
POST /wd/hub/session/fc23df27e25c4a7d9c7067a436198608/frame/parent HTTP/1.1
User-Agent: selenium/4.9.0 (java windows)
traceparent: 00-a1560fb5dee02213c84c847e52063fe4-4c80a03cf3667943-01
Content-Length: 3
Content-Type: application/json; charset=utf-8
host: ondemand.us-west-1.saucelabs.com
authorization: Basic b2F1dGgtYXV0b2xhemFyZS01NThmYjpmOGQwYTRiNC1lMDU5LTRiMzktYTllYi0zNjY5NjViODg3YjE=
accept: */*

Response DefaultHttpResponse(decodeResult: success, version: HTTP/1.1)
HTTP/1.1 200 OK
content-type: application/json;charset=UTF-8
date: Sat, 13 May 2023 01:44:44 GMT
server: monocle/0.42
content-length: 15
x-request-id: 00a97cb3-a480-4af4-a332-38dadbfb6bf6

21:44:44.320 [AsyncHttpClient-1-2] DEBUG org.asynchttpclient.netty.channel.ChannelManager -- Adding key: https://ondemand.us-west-1.saucelabs.com:443 for channel [id: 0xfbedb3e3, L:/192.168.1.146:57708 - R:ondemand.us-west-1.saucelabs.com/66.85.52.224:443]
21:44:44.322 [Forwarding switchToFrame on session fc23df27e25c4a7d9c7067a436198608 to remote] DEBUG org.asynchttpclient.netty.request.NettyRequestSender -- Using pooled Channel '[id: 0xfbedb3e3, L:/192.168.1.146:57708 - R:ondemand.us-west-1.saucelabs.com/66.85.52.224:443]' for 'POST' to 'https://oauth-autolazare-558fb:f8d0a4b4-e059-4b39-a9eb-366965b887b1@ondemand.us-west-1.saucelabs.com:443/wd/hub/session/fc23df27e25c4a7d9c7067a436198608/frame'
21:44:44.322 [Forwarding switchToFrame on session fc23df27e25c4a7d9c7067a436198608 to remote] DEBUG org.asynchttpclient.netty.request.NettyRequestSender -- Using open Channel [id: 0xfbedb3e3, L:/192.168.1.146:57708 - R:ondemand.us-west-1.saucelabs.com/66.85.52.224:443] for POST '/wd/hub/session/fc23df27e25c4a7d9c7067a436198608/frame'
21:44:44.606 [AsyncHttpClient-1-2] DEBUG org.asynchttpclient.netty.handler.HttpHandler -- 

Request DefaultHttpRequest(decodeResult: success, version: HTTP/1.1)
POST /wd/hub/session/fc23df27e25c4a7d9c7067a436198608/frame HTTP/1.1
User-Agent: selenium/4.9.0 (java windows)
traceparent: 00-c3bf25be6f21303cbb331880138fa0dd-b7ccf221fa9f0279-01
Content-Length: 106
Content-Type: application/json; charset=utf-8
host: ondemand.us-west-1.saucelabs.com
authorization: Basic b2F1dGgtYXV0b2xhemFyZS01NThmYjpmOGQwYTRiNC1lMDU5LTRiMzktYTllYi0zNjY5NjViODg3YjE=
accept: */*

Response DefaultHttpResponse(decodeResult: success, version: HTTP/1.1)
HTTP/1.1 200 OK
content-type: application/json;charset=UTF-8
date: Sat, 13 May 2023 01:44:44 GMT
server: monocle/0.42
content-length: 15
x-request-id: 2236711e-94e1-4eaa-9200-76cdbac2227a

21:44:44.606 [AsyncHttpClient-1-2] DEBUG org.asynchttpclient.netty.channel.ChannelManager -- Adding key: https://ondemand.us-west-1.saucelabs.com:443 for channel [id: 0xfbedb3e3, L:/192.168.1.146:57708 - R:ondemand.us-west-1.saucelabs.com/66.85.52.224:443]
21:44:44.614 [Forwarding executeScript on session fc23df27e25c4a7d9c7067a436198608 to remote] DEBUG org.asynchttpclient.netty.request.NettyRequestSender -- Using pooled Channel '[id: 0xfbedb3e3, L:/192.168.1.146:57708 - R:ondemand.us-west-1.saucelabs.com/66.85.52.224:443]' for 'POST' to 'https://oauth-autolazare-558fb:f8d0a4b4-e059-4b39-a9eb-366965b887b1@ondemand.us-west-1.saucelabs.com:443/wd/hub/session/fc23df27e25c4a7d9c7067a436198608/execute/sync'
21:44:44.614 [Forwarding executeScript on session fc23df27e25c4a7d9c7067a436198608 to remote] DEBUG org.asynchttpclient.netty.request.NettyRequestSender -- Using open Channel [id: 0xfbedb3e3, L:/192.168.1.146:57708 - R:ondemand.us-west-1.saucelabs.com/66.85.52.224:443] for POST '/wd/hub/session/fc23df27e25c4a7d9c7067a436198608/execute/sync'
21:44:45.327 [AsyncHttpClient-1-2] DEBUG org.asynchttpclient.netty.handler.HttpHandler -- 

Request DefaultHttpRequest(decodeResult: success, version: HTTP/1.1)
POST /wd/hub/session/fc23df27e25c4a7d9c7067a436198608/execute/sync HTTP/1.1
User-Agent: selenium/4.9.0 (java windows)
traceparent: 00-ff997687985d9f2bd869be79f02bfc77-ea6b3333d9934d5a-01
Content-Length: 323605
Content-Type: application/json; charset=utf-8
host: ondemand.us-west-1.saucelabs.com
authorization: Basic b2F1dGgtYXV0b2xhemFyZS01NThmYjpmOGQwYTRiNC1lMDU5LTRiMzktYTllYi0zNjY5NjViODg3YjE=
accept: */*

Response DefaultHttpResponse(decodeResult: success, version: HTTP/1.1)
HTTP/1.1 200 OK
content-type: application/json;charset=UTF-8
date: Sat, 13 May 2023 01:44:44 GMT
server: monocle/0.42
content-length: 15
x-request-id: dad46b75-3a27-4532-8932-e1c811f8bd60

21:44:45.328 [AsyncHttpClient-1-2] DEBUG org.asynchttpclient.netty.channel.ChannelManager -- Adding key: https://ondemand.us-west-1.saucelabs.com:443 for channel [id: 0xfbedb3e3, L:/192.168.1.146:57708 - R:ondemand.us-west-1.saucelabs.com/66.85.52.224:443]
21:44:45.333 [Forwarding findElements on session fc23df27e25c4a7d9c7067a436198608 to remote] DEBUG org.asynchttpclient.netty.request.NettyRequestSender -- Using pooled Channel '[id: 0xfbedb3e3, L:/192.168.1.146:57708 - R:ondemand.us-west-1.saucelabs.com/66.85.52.224:443]' for 'POST' to 'https://oauth-autolazare-558fb:f8d0a4b4-e059-4b39-a9eb-366965b887b1@ondemand.us-west-1.saucelabs.com:443/wd/hub/session/fc23df27e25c4a7d9c7067a436198608/elements'
21:44:45.333 [Forwarding findElements on session fc23df27e25c4a7d9c7067a436198608 to remote] DEBUG org.asynchttpclient.netty.request.NettyRequestSender -- Using open Channel [id: 0xfbedb3e3, L:/192.168.1.146:57708 - R:ondemand.us-west-1.saucelabs.com/66.85.52.224:443] for POST '/wd/hub/session/fc23df27e25c4a7d9c7067a436198608/elements'
21:44:45.519 [AsyncHttpClient-1-2] DEBUG org.asynchttpclient.netty.handler.HttpHandler -- 

Request DefaultHttpRequest(decodeResult: success, version: HTTP/1.1)
POST /wd/hub/session/fc23df27e25c4a7d9c7067a436198608/elements HTTP/1.1
User-Agent: selenium/4.9.0 (java windows)
traceparent: 00-cf7ded24362e8e5fef8bf2eca9beff36-a66ddf919197262e-01
Content-Length: 98
Content-Type: application/json; charset=utf-8
host: ondemand.us-west-1.saucelabs.com
authorization: Basic b2F1dGgtYXV0b2xhemFyZS01NThmYjpmOGQwYTRiNC1lMDU5LTRiMzktYTllYi0zNjY5NjViODg3YjE=
accept: */*

Response DefaultHttpResponse(decodeResult: success, version: HTTP/1.1)
HTTP/1.1 200 OK
content-type: application/json;charset=UTF-8
date: Sat, 13 May 2023 01:44:45 GMT
server: monocle/0.42
content-length: 13
x-request-id: d0b36fa2-7491-4e7b-ad8e-eb7e4c186919

21:44:45.520 [AsyncHttpClient-1-2] DEBUG org.asynchttpclient.netty.channel.ChannelManager -- Adding key: https://ondemand.us-west-1.saucelabs.com:443 for channel [id: 0xfbedb3e3, L:/192.168.1.146:57708 - R:ondemand.us-west-1.saucelabs.com/66.85.52.224:443]
21:44:45.521 [Forwarding switchToParentFrame on session fc23df27e25c4a7d9c7067a436198608 to remote] DEBUG org.asynchttpclient.netty.request.NettyRequestSender -- Using pooled Channel '[id: 0xfbedb3e3, L:/192.168.1.146:57708 - R:ondemand.us-west-1.saucelabs.com/66.85.52.224:443]' for 'POST' to 'https://oauth-autolazare-558fb:f8d0a4b4-e059-4b39-a9eb-366965b887b1@ondemand.us-west-1.saucelabs.com:443/wd/hub/session/fc23df27e25c4a7d9c7067a436198608/frame/parent'
21:44:45.522 [Forwarding switchToParentFrame on session fc23df27e25c4a7d9c7067a436198608 to remote] DEBUG org.asynchttpclient.netty.request.NettyRequestSender -- Using open Channel [id: 0xfbedb3e3, L:/192.168.1.146:57708 - R:ondemand.us-west-1.saucelabs.com/66.85.52.224:443] for POST '/wd/hub/session/fc23df27e25c4a7d9c7067a436198608/frame/parent'
21:44:45.733 [AsyncHttpClient-1-2] DEBUG org.asynchttpclient.netty.handler.HttpHandler -- 

Request DefaultHttpRequest(decodeResult: success, version: HTTP/1.1)
POST /wd/hub/session/fc23df27e25c4a7d9c7067a436198608/frame/parent HTTP/1.1
User-Agent: selenium/4.9.0 (java windows)
traceparent: 00-67a1adec6d3b974a322ea6f21e70a288-8afd5f80c0d80d68-01
Content-Length: 3
Content-Type: application/json; charset=utf-8
host: ondemand.us-west-1.saucelabs.com
authorization: Basic b2F1dGgtYXV0b2xhemFyZS01NThmYjpmOGQwYTRiNC1lMDU5LTRiMzktYTllYi0zNjY5NjViODg3YjE=
accept: */*

Response DefaultHttpResponse(decodeResult: success, version: HTTP/1.1)
HTTP/1.1 200 OK
content-type: application/json;charset=UTF-8
date: Sat, 13 May 2023 01:44:45 GMT
server: monocle/0.42
content-length: 15
x-request-id: 26d04eb8-49fa-460c-bb90-e56e6cf73e85

21:44:45.733 [AsyncHttpClient-1-2] DEBUG org.asynchttpclient.netty.channel.ChannelManager -- Adding key: https://ondemand.us-west-1.saucelabs.com:443 for channel [id: 0xfbedb3e3, L:/192.168.1.146:57708 - R:ondemand.us-west-1.saucelabs.com/66.85.52.224:443]
21:44:45.736 [Forwarding switchToFrame on session fc23df27e25c4a7d9c7067a436198608 to remote] DEBUG org.asynchttpclient.netty.request.NettyRequestSender -- Using pooled Channel '[id: 0xfbedb3e3, L:/192.168.1.146:57708 - R:ondemand.us-west-1.saucelabs.com/66.85.52.224:443]' for 'POST' to 'https://oauth-autolazare-558fb:f8d0a4b4-e059-4b39-a9eb-366965b887b1@ondemand.us-west-1.saucelabs.com:443/wd/hub/session/fc23df27e25c4a7d9c7067a436198608/frame'
21:44:45.736 [Forwarding switchToFrame on session fc23df27e25c4a7d9c7067a436198608 to remote] DEBUG org.asynchttpclient.netty.request.NettyRequestSender -- Using open Channel [id: 0xfbedb3e3, L:/192.168.1.146:57708 - R:ondemand.us-west-1.saucelabs.com/66.85.52.224:443] for POST '/wd/hub/session/fc23df27e25c4a7d9c7067a436198608/frame'
21:44:45.916 [AsyncHttpClient-1-2] DEBUG org.asynchttpclient.netty.handler.HttpHandler -- 

Request DefaultHttpRequest(decodeResult: success, version: HTTP/1.1)
POST /wd/hub/session/fc23df27e25c4a7d9c7067a436198608/frame HTTP/1.1
User-Agent: selenium/4.9.0 (java windows)
traceparent: 00-80216e5de4338d757778cf72c3a3fde8-d692400a207c8c99-01
Content-Length: 106
Content-Type: application/json; charset=utf-8
host: ondemand.us-west-1.saucelabs.com
authorization: Basic b2F1dGgtYXV0b2xhemFyZS01NThmYjpmOGQwYTRiNC1lMDU5LTRiMzktYTllYi0zNjY5NjViODg3YjE=
accept: */*

Response DefaultHttpResponse(decodeResult: success, version: HTTP/1.1)
HTTP/1.1 200 OK
content-type: application/json;charset=UTF-8
date: Sat, 13 May 2023 01:44:45 GMT
server: monocle/0.42
content-length: 15
x-request-id: 1fc99025-f9f1-4550-a880-4d8df32b50d5

21:44:45.916 [AsyncHttpClient-1-2] DEBUG org.asynchttpclient.netty.channel.ChannelManager -- Adding key: https://ondemand.us-west-1.saucelabs.com:443 for channel [id: 0xfbedb3e3, L:/192.168.1.146:57708 - R:ondemand.us-west-1.saucelabs.com/66.85.52.224:443]
21:44:45.923 [Forwarding executeScript on session fc23df27e25c4a7d9c7067a436198608 to remote] DEBUG org.asynchttpclient.netty.request.NettyRequestSender -- Using pooled Channel '[id: 0xfbedb3e3, L:/192.168.1.146:57708 - R:ondemand.us-west-1.saucelabs.com/66.85.52.224:443]' for 'POST' to 'https://oauth-autolazare-558fb:f8d0a4b4-e059-4b39-a9eb-366965b887b1@ondemand.us-west-1.saucelabs.com:443/wd/hub/session/fc23df27e25c4a7d9c7067a436198608/execute/sync'
21:44:45.923 [Forwarding executeScript on session fc23df27e25c4a7d9c7067a436198608 to remote] DEBUG org.asynchttpclient.netty.request.NettyRequestSender -- Using open Channel [id: 0xfbedb3e3, L:/192.168.1.146:57708 - R:ondemand.us-west-1.saucelabs.com/66.85.52.224:443] for POST '/wd/hub/session/fc23df27e25c4a7d9c7067a436198608/execute/sync'
21:44:46.507 [AsyncHttpClient-1-2] DEBUG org.asynchttpclient.netty.handler.HttpHandler -- 

Request DefaultHttpRequest(decodeResult: success, version: HTTP/1.1)
POST /wd/hub/session/fc23df27e25c4a7d9c7067a436198608/execute/sync HTTP/1.1
User-Agent: selenium/4.9.0 (java windows)
traceparent: 00-08c4885d635bfef477087cbfc1599819-867c387cc410c580-01
Content-Length: 323605
Content-Type: application/json; charset=utf-8
host: ondemand.us-west-1.saucelabs.com
authorization: Basic b2F1dGgtYXV0b2xhemFyZS01NThmYjpmOGQwYTRiNC1lMDU5LTRiMzktYTllYi0zNjY5NjViODg3YjE=
accept: */*

Response DefaultHttpResponse(decodeResult: success, version: HTTP/1.1)
HTTP/1.1 200 OK
content-type: application/json;charset=UTF-8
date: Sat, 13 May 2023 01:44:46 GMT
server: monocle/0.42
content-length: 15
x-request-id: b6f54f9b-8f99-42f7-9b21-ec2910a0f870

21:44:46.507 [AsyncHttpClient-1-2] DEBUG org.asynchttpclient.netty.channel.ChannelManager -- Adding key: https://ondemand.us-west-1.saucelabs.com:443 for channel [id: 0xfbedb3e3, L:/192.168.1.146:57708 - R:ondemand.us-west-1.saucelabs.com/66.85.52.224:443]
21:44:46.511 [Forwarding findElements on session fc23df27e25c4a7d9c7067a436198608 to remote] DEBUG org.asynchttpclient.netty.request.NettyRequestSender -- Using pooled Channel '[id: 0xfbedb3e3, L:/192.168.1.146:57708 - R:ondemand.us-west-1.saucelabs.com/66.85.52.224:443]' for 'POST' to 'https://oauth-autolazare-558fb:f8d0a4b4-e059-4b39-a9eb-366965b887b1@ondemand.us-west-1.saucelabs.com:443/wd/hub/session/fc23df27e25c4a7d9c7067a436198608/elements'
21:44:46.512 [Forwarding findElements on session fc23df27e25c4a7d9c7067a436198608 to remote] DEBUG org.asynchttpclient.netty.request.NettyRequestSender -- Using open Channel [id: 0xfbedb3e3, L:/192.168.1.146:57708 - R:ondemand.us-west-1.saucelabs.com/66.85.52.224:443] for POST '/wd/hub/session/fc23df27e25c4a7d9c7067a436198608/elements'
21:44:46.727 [AsyncHttpClient-1-2] DEBUG org.asynchttpclient.netty.handler.HttpHandler -- 

Request DefaultHttpRequest(decodeResult: success, version: HTTP/1.1)
POST /wd/hub/session/fc23df27e25c4a7d9c7067a436198608/elements HTTP/1.1
User-Agent: selenium/4.9.0 (java windows)
traceparent: 00-936e984c0b7eef64680da1aa0e767d12-cd807d302f59a884-01
Content-Length: 98
Content-Type: application/json; charset=utf-8
host: ondemand.us-west-1.saucelabs.com
authorization: Basic b2F1dGgtYXV0b2xhemFyZS01NThmYjpmOGQwYTRiNC1lMDU5LTRiMzktYTllYi0zNjY5NjViODg3YjE=
accept: */*

Response DefaultHttpResponse(decodeResult: success, version: HTTP/1.1)
HTTP/1.1 200 OK
content-type: application/json;charset=UTF-8
date: Sat, 13 May 2023 01:44:46 GMT
server: monocle/0.42
content-length: 187
x-request-id: 49eb6646-ba3d-4a35-b496-559b9eb0a856

21:44:46.727 [AsyncHttpClient-1-2] DEBUG org.asynchttpclient.netty.channel.ChannelManager -- Adding key: https://ondemand.us-west-1.saucelabs.com:443 for channel [id: 0xfbedb3e3, L:/192.168.1.146:57708 - R:ondemand.us-west-1.saucelabs.com/66.85.52.224:443]
21:44:46.729 [Forwarding switchToFrame on session fc23df27e25c4a7d9c7067a436198608 to remote] DEBUG org.asynchttpclient.netty.request.NettyRequestSender -- Using pooled Channel '[id: 0xfbedb3e3, L:/192.168.1.146:57708 - R:ondemand.us-west-1.saucelabs.com/66.85.52.224:443]' for 'POST' to 'https://oauth-autolazare-558fb:f8d0a4b4-e059-4b39-a9eb-366965b887b1@ondemand.us-west-1.saucelabs.com:443/wd/hub/session/fc23df27e25c4a7d9c7067a436198608/frame'
21:44:46.730 [Forwarding switchToFrame on session fc23df27e25c4a7d9c7067a436198608 to remote] DEBUG org.asynchttpclient.netty.request.NettyRequestSender -- Using open Channel [id: 0xfbedb3e3, L:/192.168.1.146:57708 - R:ondemand.us-west-1.saucelabs.com/66.85.52.224:443] for POST '/wd/hub/session/fc23df27e25c4a7d9c7067a436198608/frame'
21:44:47.000 [AsyncHttpClient-1-2] DEBUG org.asynchttpclient.netty.handler.HttpHandler -- 

Request DefaultHttpRequest(decodeResult: success, version: HTTP/1.1)
POST /wd/hub/session/fc23df27e25c4a7d9c7067a436198608/frame HTTP/1.1
User-Agent: selenium/4.9.0 (java windows)
traceparent: 00-f1feb5505aeca080927b51725b45fccc-a4fdc746aef80734-01
Content-Length: 106
Content-Type: application/json; charset=utf-8
host: ondemand.us-west-1.saucelabs.com
authorization: Basic b2F1dGgtYXV0b2xhemFyZS01NThmYjpmOGQwYTRiNC1lMDU5LTRiMzktYTllYi0zNjY5NjViODg3YjE=
accept: */*

Response DefaultHttpResponse(decodeResult: success, version: HTTP/1.1)
HTTP/1.1 200 OK
content-type: application/json;charset=UTF-8
date: Sat, 13 May 2023 01:44:46 GMT
server: monocle/0.42
content-length: 15
x-request-id: a47d5f82-8ada-455b-bb72-340bf3aa98e0

21:44:47.000 [AsyncHttpClient-1-2] DEBUG org.asynchttpclient.netty.channel.ChannelManager -- Adding key: https://ondemand.us-west-1.saucelabs.com:443 for channel [id: 0xfbedb3e3, L:/192.168.1.146:57708 - R:ondemand.us-west-1.saucelabs.com/66.85.52.224:443]
21:44:47.006 [Forwarding executeScript on session fc23df27e25c4a7d9c7067a436198608 to remote] DEBUG org.asynchttpclient.netty.request.NettyRequestSender -- Using pooled Channel '[id: 0xfbedb3e3, L:/192.168.1.146:57708 - R:ondemand.us-west-1.saucelabs.com/66.85.52.224:443]' for 'POST' to 'https://oauth-autolazare-558fb:f8d0a4b4-e059-4b39-a9eb-366965b887b1@ondemand.us-west-1.saucelabs.com:443/wd/hub/session/fc23df27e25c4a7d9c7067a436198608/execute/sync'
21:44:47.006 [Forwarding executeScript on session fc23df27e25c4a7d9c7067a436198608 to remote] DEBUG org.asynchttpclient.netty.request.NettyRequestSender -- Using open Channel [id: 0xfbedb3e3, L:/192.168.1.146:57708 - R:ondemand.us-west-1.saucelabs.com/66.85.52.224:443] for POST '/wd/hub/session/fc23df27e25c4a7d9c7067a436198608/execute/sync'
21:44:47.702 [AsyncHttpClient-1-2] DEBUG org.asynchttpclient.netty.handler.HttpHandler -- 

Request DefaultHttpRequest(decodeResult: success, version: HTTP/1.1)
POST /wd/hub/session/fc23df27e25c4a7d9c7067a436198608/execute/sync HTTP/1.1
User-Agent: selenium/4.9.0 (java windows)
traceparent: 00-188912c032907d1251fe31a72e4856c1-315ca529429330ea-01
Content-Length: 323605
Content-Type: application/json; charset=utf-8
host: ondemand.us-west-1.saucelabs.com
authorization: Basic b2F1dGgtYXV0b2xhemFyZS01NThmYjpmOGQwYTRiNC1lMDU5LTRiMzktYTllYi0zNjY5NjViODg3YjE=
accept: */*

Response DefaultHttpResponse(decodeResult: success, version: HTTP/1.1)
HTTP/1.1 200 OK
content-type: application/json;charset=UTF-8
date: Sat, 13 May 2023 01:44:47 GMT
server: monocle/0.42
content-length: 15
x-request-id: 0e78f13a-3fae-42b4-a44f-9b4070a5154e

21:44:47.703 [AsyncHttpClient-1-2] DEBUG org.asynchttpclient.netty.channel.ChannelManager -- Adding key: https://ondemand.us-west-1.saucelabs.com:443 for channel [id: 0xfbedb3e3, L:/192.168.1.146:57708 - R:ondemand.us-west-1.saucelabs.com/66.85.52.224:443]
21:44:47.706 [Forwarding findElements on session fc23df27e25c4a7d9c7067a436198608 to remote] DEBUG org.asynchttpclient.netty.request.NettyRequestSender -- Using pooled Channel '[id: 0xfbedb3e3, L:/192.168.1.146:57708 - R:ondemand.us-west-1.saucelabs.com/66.85.52.224:443]' for 'POST' to 'https://oauth-autolazare-558fb:f8d0a4b4-e059-4b39-a9eb-366965b887b1@ondemand.us-west-1.saucelabs.com:443/wd/hub/session/fc23df27e25c4a7d9c7067a436198608/elements'
21:44:47.706 [Forwarding findElements on session fc23df27e25c4a7d9c7067a436198608 to remote] DEBUG org.asynchttpclient.netty.request.NettyRequestSender -- Using open Channel [id: 0xfbedb3e3, L:/192.168.1.146:57708 - R:ondemand.us-west-1.saucelabs.com/66.85.52.224:443] for POST '/wd/hub/session/fc23df27e25c4a7d9c7067a436198608/elements'
21:44:47.873 [AsyncHttpClient-1-2] DEBUG org.asynchttpclient.netty.handler.HttpHandler -- 

Request DefaultHttpRequest(decodeResult: success, version: HTTP/1.1)
POST /wd/hub/session/fc23df27e25c4a7d9c7067a436198608/elements HTTP/1.1
User-Agent: selenium/4.9.0 (java windows)
traceparent: 00-52cc4a87fe0e8aa193e35748c1f46276-5962efe95c571fdc-01
Content-Length: 98
Content-Type: application/json; charset=utf-8
host: ondemand.us-west-1.saucelabs.com
authorization: Basic b2F1dGgtYXV0b2xhemFyZS01NThmYjpmOGQwYTRiNC1lMDU5LTRiMzktYTllYi0zNjY5NjViODg3YjE=
accept: */*

Response DefaultHttpResponse(decodeResult: success, version: HTTP/1.1)
HTTP/1.1 200 OK
content-type: application/json;charset=UTF-8
date: Sat, 13 May 2023 01:44:47 GMT
server: monocle/0.42
content-length: 13
x-request-id: e9f110dd-f809-42e4-aaa3-408220b3f7cb

21:44:47.874 [AsyncHttpClient-1-2] DEBUG org.asynchttpclient.netty.channel.ChannelManager -- Adding key: https://ondemand.us-west-1.saucelabs.com:443 for channel [id: 0xfbedb3e3, L:/192.168.1.146:57708 - R:ondemand.us-west-1.saucelabs.com/66.85.52.224:443]
21:44:47.877 [Forwarding switchToParentFrame on session fc23df27e25c4a7d9c7067a436198608 to remote] DEBUG org.asynchttpclient.netty.request.NettyRequestSender -- Using pooled Channel '[id: 0xfbedb3e3, L:/192.168.1.146:57708 - R:ondemand.us-west-1.saucelabs.com/66.85.52.224:443]' for 'POST' to 'https://oauth-autolazare-558fb:f8d0a4b4-e059-4b39-a9eb-366965b887b1@ondemand.us-west-1.saucelabs.com:443/wd/hub/session/fc23df27e25c4a7d9c7067a436198608/frame/parent'
21:44:47.877 [Forwarding switchToParentFrame on session fc23df27e25c4a7d9c7067a436198608 to remote] DEBUG org.asynchttpclient.netty.request.NettyRequestSender -- Using open Channel [id: 0xfbedb3e3, L:/192.168.1.146:57708 - R:ondemand.us-west-1.saucelabs.com/66.85.52.224:443] for POST '/wd/hub/session/fc23df27e25c4a7d9c7067a436198608/frame/parent'
21:44:48.094 [AsyncHttpClient-1-2] DEBUG org.asynchttpclient.netty.handler.HttpHandler -- 

Request DefaultHttpRequest(decodeResult: success, version: HTTP/1.1)
POST /wd/hub/session/fc23df27e25c4a7d9c7067a436198608/frame/parent HTTP/1.1
User-Agent: selenium/4.9.0 (java windows)
traceparent: 00-b1ea181ad95a80d2390a2dfeca280432-b37c9174f1aae166-01
Content-Length: 3
Content-Type: application/json; charset=utf-8
host: ondemand.us-west-1.saucelabs.com
authorization: Basic b2F1dGgtYXV0b2xhemFyZS01NThmYjpmOGQwYTRiNC1lMDU5LTRiMzktYTllYi0zNjY5NjViODg3YjE=
accept: */*

Response DefaultHttpResponse(decodeResult: success, version: HTTP/1.1)
HTTP/1.1 200 OK
content-type: application/json;charset=UTF-8
date: Sat, 13 May 2023 01:44:47 GMT
server: monocle/0.42
content-length: 15
x-request-id: 769cfa59-4d56-42e9-b5ee-0608506fa051

21:44:48.094 [AsyncHttpClient-1-2] DEBUG org.asynchttpclient.netty.channel.ChannelManager -- Adding key: https://ondemand.us-west-1.saucelabs.com:443 for channel [id: 0xfbedb3e3, L:/192.168.1.146:57708 - R:ondemand.us-west-1.saucelabs.com/66.85.52.224:443]
21:44:48.097 [Forwarding switchToFrame on session fc23df27e25c4a7d9c7067a436198608 to remote] DEBUG org.asynchttpclient.netty.request.NettyRequestSender -- Using pooled Channel '[id: 0xfbedb3e3, L:/192.168.1.146:57708 - R:ondemand.us-west-1.saucelabs.com/66.85.52.224:443]' for 'POST' to 'https://oauth-autolazare-558fb:f8d0a4b4-e059-4b39-a9eb-366965b887b1@ondemand.us-west-1.saucelabs.com:443/wd/hub/session/fc23df27e25c4a7d9c7067a436198608/frame'
21:44:48.097 [Forwarding switchToFrame on session fc23df27e25c4a7d9c7067a436198608 to remote] DEBUG org.asynchttpclient.netty.request.NettyRequestSender -- Using open Channel [id: 0xfbedb3e3, L:/192.168.1.146:57708 - R:ondemand.us-west-1.saucelabs.com/66.85.52.224:443] for POST '/wd/hub/session/fc23df27e25c4a7d9c7067a436198608/frame'
21:44:48.412 [AsyncHttpClient-1-2] DEBUG org.asynchttpclient.netty.handler.HttpHandler -- 

Request DefaultHttpRequest(decodeResult: success, version: HTTP/1.1)
POST /wd/hub/session/fc23df27e25c4a7d9c7067a436198608/frame HTTP/1.1
User-Agent: selenium/4.9.0 (java windows)
traceparent: 00-fa1264655efe0a35da091c1549dbb576-7cc87e117f5589df-01
Content-Length: 106
Content-Type: application/json; charset=utf-8
host: ondemand.us-west-1.saucelabs.com
authorization: Basic b2F1dGgtYXV0b2xhemFyZS01NThmYjpmOGQwYTRiNC1lMDU5LTRiMzktYTllYi0zNjY5NjViODg3YjE=
accept: */*

Response DefaultHttpResponse(decodeResult: success, version: HTTP/1.1)
HTTP/1.1 200 OK
content-type: application/json;charset=UTF-8
date: Sat, 13 May 2023 01:44:48 GMT
server: monocle/0.42
content-length: 15
x-request-id: 81dd8cf5-a3b6-42a9-b335-8933f273444b

21:44:48.412 [AsyncHttpClient-1-2] DEBUG org.asynchttpclient.netty.channel.ChannelManager -- Adding key: https://ondemand.us-west-1.saucelabs.com:443 for channel [id: 0xfbedb3e3, L:/192.168.1.146:57708 - R:ondemand.us-west-1.saucelabs.com/66.85.52.224:443]
21:44:48.420 [Forwarding executeScript on session fc23df27e25c4a7d9c7067a436198608 to remote] DEBUG org.asynchttpclient.netty.request.NettyRequestSender -- Using pooled Channel '[id: 0xfbedb3e3, L:/192.168.1.146:57708 - R:ondemand.us-west-1.saucelabs.com/66.85.52.224:443]' for 'POST' to 'https://oauth-autolazare-558fb:f8d0a4b4-e059-4b39-a9eb-366965b887b1@ondemand.us-west-1.saucelabs.com:443/wd/hub/session/fc23df27e25c4a7d9c7067a436198608/execute/sync'
21:44:48.421 [Forwarding executeScript on session fc23df27e25c4a7d9c7067a436198608 to remote] DEBUG org.asynchttpclient.netty.request.NettyRequestSender -- Using open Channel [id: 0xfbedb3e3, L:/192.168.1.146:57708 - R:ondemand.us-west-1.saucelabs.com/66.85.52.224:443] for POST '/wd/hub/session/fc23df27e25c4a7d9c7067a436198608/execute/sync'
21:44:49.034 [AsyncHttpClient-1-2] DEBUG org.asynchttpclient.netty.handler.HttpHandler -- 

Request DefaultHttpRequest(decodeResult: success, version: HTTP/1.1)
POST /wd/hub/session/fc23df27e25c4a7d9c7067a436198608/execute/sync HTTP/1.1
User-Agent: selenium/4.9.0 (java windows)
traceparent: 00-9a2e683965c0f1f2ae7ca40fc9180078-80eed66b809eae2e-01
Content-Length: 323605
Content-Type: application/json; charset=utf-8
host: ondemand.us-west-1.saucelabs.com
authorization: Basic b2F1dGgtYXV0b2xhemFyZS01NThmYjpmOGQwYTRiNC1lMDU5LTRiMzktYTllYi0zNjY5NjViODg3YjE=
accept: */*

Response DefaultHttpResponse(decodeResult: success, version: HTTP/1.1)
HTTP/1.1 200 OK
content-type: application/json;charset=UTF-8
date: Sat, 13 May 2023 01:44:48 GMT
server: monocle/0.42
content-length: 15
x-request-id: 63299605-99a3-4785-b415-68a69cf538d7

21:44:49.034 [AsyncHttpClient-1-2] DEBUG org.asynchttpclient.netty.channel.ChannelManager -- Adding key: https://ondemand.us-west-1.saucelabs.com:443 for channel [id: 0xfbedb3e3, L:/192.168.1.146:57708 - R:ondemand.us-west-1.saucelabs.com/66.85.52.224:443]
21:44:49.038 [Forwarding findElements on session fc23df27e25c4a7d9c7067a436198608 to remote] DEBUG org.asynchttpclient.netty.request.NettyRequestSender -- Using pooled Channel '[id: 0xfbedb3e3, L:/192.168.1.146:57708 - R:ondemand.us-west-1.saucelabs.com/66.85.52.224:443]' for 'POST' to 'https://oauth-autolazare-558fb:f8d0a4b4-e059-4b39-a9eb-366965b887b1@ondemand.us-west-1.saucelabs.com:443/wd/hub/session/fc23df27e25c4a7d9c7067a436198608/elements'
21:44:49.038 [Forwarding findElements on session fc23df27e25c4a7d9c7067a436198608 to remote] DEBUG org.asynchttpclient.netty.request.NettyRequestSender -- Using open Channel [id: 0xfbedb3e3, L:/192.168.1.146:57708 - R:ondemand.us-west-1.saucelabs.com/66.85.52.224:443] for POST '/wd/hub/session/fc23df27e25c4a7d9c7067a436198608/elements'
21:44:49.252 [AsyncHttpClient-1-2] DEBUG org.asynchttpclient.netty.handler.HttpHandler -- 

Request DefaultHttpRequest(decodeResult: success, version: HTTP/1.1)
POST /wd/hub/session/fc23df27e25c4a7d9c7067a436198608/elements HTTP/1.1
User-Agent: selenium/4.9.0 (java windows)
traceparent: 00-35ce2c4878ab70daef2d26ddf7aee91f-3a4ee2d385ce0103-01
Content-Length: 98
Content-Type: application/json; charset=utf-8
host: ondemand.us-west-1.saucelabs.com
authorization: Basic b2F1dGgtYXV0b2xhemFyZS01NThmYjpmOGQwYTRiNC1lMDU5LTRiMzktYTllYi0zNjY5NjViODg3YjE=
accept: */*

Response DefaultHttpResponse(decodeResult: success, version: HTTP/1.1)
HTTP/1.1 200 OK
content-type: application/json;charset=UTF-8
date: Sat, 13 May 2023 01:44:49 GMT
server: monocle/0.42
content-length: 13
x-request-id: db63e2e3-fd45-4e19-83d4-57c23c5f1b7b

21:44:49.252 [AsyncHttpClient-1-2] DEBUG org.asynchttpclient.netty.channel.ChannelManager -- Adding key: https://ondemand.us-west-1.saucelabs.com:443 for channel [id: 0xfbedb3e3, L:/192.168.1.146:57708 - R:ondemand.us-west-1.saucelabs.com/66.85.52.224:443]
21:44:49.253 [Forwarding switchToParentFrame on session fc23df27e25c4a7d9c7067a436198608 to remote] DEBUG org.asynchttpclient.netty.request.NettyRequestSender -- Using pooled Channel '[id: 0xfbedb3e3, L:/192.168.1.146:57708 - R:ondemand.us-west-1.saucelabs.com/66.85.52.224:443]' for 'POST' to 'https://oauth-autolazare-558fb:f8d0a4b4-e059-4b39-a9eb-366965b887b1@ondemand.us-west-1.saucelabs.com:443/wd/hub/session/fc23df27e25c4a7d9c7067a436198608/frame/parent'
21:44:49.254 [Forwarding switchToParentFrame on session fc23df27e25c4a7d9c7067a436198608 to remote] DEBUG org.asynchttpclient.netty.request.NettyRequestSender -- Using open Channel [id: 0xfbedb3e3, L:/192.168.1.146:57708 - R:ondemand.us-west-1.saucelabs.com/66.85.52.224:443] for POST '/wd/hub/session/fc23df27e25c4a7d9c7067a436198608/frame/parent'
21:44:49.416 [AsyncHttpClient-1-2] DEBUG org.asynchttpclient.netty.handler.HttpHandler -- 

Request DefaultHttpRequest(decodeResult: success, version: HTTP/1.1)
POST /wd/hub/session/fc23df27e25c4a7d9c7067a436198608/frame/parent HTTP/1.1
User-Agent: selenium/4.9.0 (java windows)
traceparent: 00-9f2d9a8c1f6001e4b256682fc4503833-1d3aa9a798cd0eb3-01
Content-Length: 3
Content-Type: application/json; charset=utf-8
host: ondemand.us-west-1.saucelabs.com
authorization: Basic b2F1dGgtYXV0b2xhemFyZS01NThmYjpmOGQwYTRiNC1lMDU5LTRiMzktYTllYi0zNjY5NjViODg3YjE=
accept: */*

Response DefaultHttpResponse(decodeResult: success, version: HTTP/1.1)
HTTP/1.1 200 OK
content-type: application/json;charset=UTF-8
date: Sat, 13 May 2023 01:44:49 GMT
server: monocle/0.42
content-length: 15
x-request-id: d357ab62-eaf4-4799-a4b2-eb30d069b505

21:44:49.418 [AsyncHttpClient-1-2] DEBUG org.asynchttpclient.netty.channel.ChannelManager -- Adding key: https://ondemand.us-west-1.saucelabs.com:443 for channel [id: 0xfbedb3e3, L:/192.168.1.146:57708 - R:ondemand.us-west-1.saucelabs.com/66.85.52.224:443]
21:44:49.427 [Forwarding switchToParentFrame on session fc23df27e25c4a7d9c7067a436198608 to remote] DEBUG org.asynchttpclient.netty.request.NettyRequestSender -- Using pooled Channel '[id: 0xfbedb3e3, L:/192.168.1.146:57708 - R:ondemand.us-west-1.saucelabs.com/66.85.52.224:443]' for 'POST' to 'https://oauth-autolazare-558fb:f8d0a4b4-e059-4b39-a9eb-366965b887b1@ondemand.us-west-1.saucelabs.com:443/wd/hub/session/fc23df27e25c4a7d9c7067a436198608/frame/parent'
21:44:49.428 [Forwarding switchToParentFrame on session fc23df27e25c4a7d9c7067a436198608 to remote] DEBUG org.asynchttpclient.netty.request.NettyRequestSender -- Using open Channel [id: 0xfbedb3e3, L:/192.168.1.146:57708 - R:ondemand.us-west-1.saucelabs.com/66.85.52.224:443] for POST '/wd/hub/session/fc23df27e25c4a7d9c7067a436198608/frame/parent'
21:44:49.678 [AsyncHttpClient-1-2] DEBUG org.asynchttpclient.netty.handler.HttpHandler -- 

Request DefaultHttpRequest(decodeResult: success, version: HTTP/1.1)
POST /wd/hub/session/fc23df27e25c4a7d9c7067a436198608/frame/parent HTTP/1.1
User-Agent: selenium/4.9.0 (java windows)
traceparent: 00-e1c66adac44013a444a85fb24059abf5-f8b20e35d0fe11ed-01
Content-Length: 3
Content-Type: application/json; charset=utf-8
host: ondemand.us-west-1.saucelabs.com
authorization: Basic b2F1dGgtYXV0b2xhemFyZS01NThmYjpmOGQwYTRiNC1lMDU5LTRiMzktYTllYi0zNjY5NjViODg3YjE=
accept: */*

Response DefaultHttpResponse(decodeResult: success, version: HTTP/1.1)
HTTP/1.1 200 OK
content-type: application/json;charset=UTF-8
date: Sat, 13 May 2023 01:44:49 GMT
server: monocle/0.42
content-length: 15
x-request-id: 5b98aba9-90a8-4296-a180-7d9455394ee8

21:44:49.679 [AsyncHttpClient-1-2] DEBUG org.asynchttpclient.netty.channel.ChannelManager -- Adding key: https://ondemand.us-west-1.saucelabs.com:443 for channel [id: 0xfbedb3e3, L:/192.168.1.146:57708 - R:ondemand.us-west-1.saucelabs.com/66.85.52.224:443]
21:44:49.681 [Forwarding switchToFrame on session fc23df27e25c4a7d9c7067a436198608 to remote] DEBUG org.asynchttpclient.netty.request.NettyRequestSender -- Using pooled Channel '[id: 0xfbedb3e3, L:/192.168.1.146:57708 - R:ondemand.us-west-1.saucelabs.com/66.85.52.224:443]' for 'POST' to 'https://oauth-autolazare-558fb:f8d0a4b4-e059-4b39-a9eb-366965b887b1@ondemand.us-west-1.saucelabs.com:443/wd/hub/session/fc23df27e25c4a7d9c7067a436198608/frame'
21:44:49.681 [Forwarding switchToFrame on session fc23df27e25c4a7d9c7067a436198608 to remote] DEBUG org.asynchttpclient.netty.request.NettyRequestSender -- Using open Channel [id: 0xfbedb3e3, L:/192.168.1.146:57708 - R:ondemand.us-west-1.saucelabs.com/66.85.52.224:443] for POST '/wd/hub/session/fc23df27e25c4a7d9c7067a436198608/frame'
21:44:49.902 [AsyncHttpClient-1-2] DEBUG org.asynchttpclient.netty.handler.HttpHandler -- 

Request DefaultHttpRequest(decodeResult: success, version: HTTP/1.1)
POST /wd/hub/session/fc23df27e25c4a7d9c7067a436198608/frame HTTP/1.1
User-Agent: selenium/4.9.0 (java windows)
traceparent: 00-30496a231a80f42b50081903aa72cb25-0aa5a9e99bdfb9d9-01
Content-Length: 106
Content-Type: application/json; charset=utf-8
host: ondemand.us-west-1.saucelabs.com
authorization: Basic b2F1dGgtYXV0b2xhemFyZS01NThmYjpmOGQwYTRiNC1lMDU5LTRiMzktYTllYi0zNjY5NjViODg3YjE=
accept: */*

Response DefaultHttpResponse(decodeResult: success, version: HTTP/1.1)
HTTP/1.1 200 OK
content-type: application/json;charset=UTF-8
date: Sat, 13 May 2023 01:44:49 GMT
server: monocle/0.42
content-length: 15
x-request-id: b7137ed4-c11b-47ce-9442-23a86ce5eaef

21:44:49.902 [AsyncHttpClient-1-2] DEBUG org.asynchttpclient.netty.channel.ChannelManager -- Adding key: https://ondemand.us-west-1.saucelabs.com:443 for channel [id: 0xfbedb3e3, L:/192.168.1.146:57708 - R:ondemand.us-west-1.saucelabs.com/66.85.52.224:443]
21:44:49.910 [Forwarding executeScript on session fc23df27e25c4a7d9c7067a436198608 to remote] DEBUG org.asynchttpclient.netty.request.NettyRequestSender -- Using pooled Channel '[id: 0xfbedb3e3, L:/192.168.1.146:57708 - R:ondemand.us-west-1.saucelabs.com/66.85.52.224:443]' for 'POST' to 'https://oauth-autolazare-558fb:f8d0a4b4-e059-4b39-a9eb-366965b887b1@ondemand.us-west-1.saucelabs.com:443/wd/hub/session/fc23df27e25c4a7d9c7067a436198608/execute/sync'
21:44:49.910 [Forwarding executeScript on session fc23df27e25c4a7d9c7067a436198608 to remote] DEBUG org.asynchttpclient.netty.request.NettyRequestSender -- Using open Channel [id: 0xfbedb3e3, L:/192.168.1.146:57708 - R:ondemand.us-west-1.saucelabs.com/66.85.52.224:443] for POST '/wd/hub/session/fc23df27e25c4a7d9c7067a436198608/execute/sync'
21:44:50.532 [AsyncHttpClient-1-2] DEBUG org.asynchttpclient.netty.handler.HttpHandler -- 

Request DefaultHttpRequest(decodeResult: success, version: HTTP/1.1)
POST /wd/hub/session/fc23df27e25c4a7d9c7067a436198608/execute/sync HTTP/1.1
User-Agent: selenium/4.9.0 (java windows)
traceparent: 00-c721d4d501d269af12784cee484b72f5-e3d93efd6e2f2537-01
Content-Length: 323605
Content-Type: application/json; charset=utf-8
host: ondemand.us-west-1.saucelabs.com
authorization: Basic b2F1dGgtYXV0b2xhemFyZS01NThmYjpmOGQwYTRiNC1lMDU5LTRiMzktYTllYi0zNjY5NjViODg3YjE=
accept: */*

Response DefaultHttpResponse(decodeResult: success, version: HTTP/1.1)
HTTP/1.1 200 OK
content-type: application/json;charset=UTF-8
date: Sat, 13 May 2023 01:44:50 GMT
server: monocle/0.42
content-length: 15
x-request-id: 6f66ad47-744d-4d6a-bc4c-450ad45f505b

21:44:50.533 [AsyncHttpClient-1-2] DEBUG org.asynchttpclient.netty.channel.ChannelManager -- Adding key: https://ondemand.us-west-1.saucelabs.com:443 for channel [id: 0xfbedb3e3, L:/192.168.1.146:57708 - R:ondemand.us-west-1.saucelabs.com/66.85.52.224:443]
21:44:50.535 [Forwarding findElements on session fc23df27e25c4a7d9c7067a436198608 to remote] DEBUG org.asynchttpclient.netty.request.NettyRequestSender -- Using pooled Channel '[id: 0xfbedb3e3, L:/192.168.1.146:57708 - R:ondemand.us-west-1.saucelabs.com/66.85.52.224:443]' for 'POST' to 'https://oauth-autolazare-558fb:f8d0a4b4-e059-4b39-a9eb-366965b887b1@ondemand.us-west-1.saucelabs.com:443/wd/hub/session/fc23df27e25c4a7d9c7067a436198608/elements'
21:44:50.535 [Forwarding findElements on session fc23df27e25c4a7d9c7067a436198608 to remote] DEBUG org.asynchttpclient.netty.request.NettyRequestSender -- Using open Channel [id: 0xfbedb3e3, L:/192.168.1.146:57708 - R:ondemand.us-west-1.saucelabs.com/66.85.52.224:443] for POST '/wd/hub/session/fc23df27e25c4a7d9c7067a436198608/elements'
21:44:50.798 [AsyncHttpClient-1-2] DEBUG org.asynchttpclient.netty.handler.HttpHandler -- 

Request DefaultHttpRequest(decodeResult: success, version: HTTP/1.1)
POST /wd/hub/session/fc23df27e25c4a7d9c7067a436198608/elements HTTP/1.1
User-Agent: selenium/4.9.0 (java windows)
traceparent: 00-bddb2296f423cc62316c258daf050510-54ed891099742037-01
Content-Length: 98
Content-Type: application/json; charset=utf-8
host: ondemand.us-west-1.saucelabs.com
authorization: Basic b2F1dGgtYXV0b2xhemFyZS01NThmYjpmOGQwYTRiNC1lMDU5LTRiMzktYTllYi0zNjY5NjViODg3YjE=
accept: */*

Response DefaultHttpResponse(decodeResult: success, version: HTTP/1.1)
HTTP/1.1 200 OK
content-type: application/json;charset=UTF-8
date: Sat, 13 May 2023 01:44:50 GMT
server: monocle/0.42
content-length: 13
x-request-id: 279c16fc-b256-4511-b341-2c9e94cfb67e

21:44:50.798 [AsyncHttpClient-1-2] DEBUG org.asynchttpclient.netty.channel.ChannelManager -- Adding key: https://ondemand.us-west-1.saucelabs.com:443 for channel [id: 0xfbedb3e3, L:/192.168.1.146:57708 - R:ondemand.us-west-1.saucelabs.com/66.85.52.224:443]
21:44:50.799 [Forwarding switchToParentFrame on session fc23df27e25c4a7d9c7067a436198608 to remote] DEBUG org.asynchttpclient.netty.request.NettyRequestSender -- Using pooled Channel '[id: 0xfbedb3e3, L:/192.168.1.146:57708 - R:ondemand.us-west-1.saucelabs.com/66.85.52.224:443]' for 'POST' to 'https://oauth-autolazare-558fb:f8d0a4b4-e059-4b39-a9eb-366965b887b1@ondemand.us-west-1.saucelabs.com:443/wd/hub/session/fc23df27e25c4a7d9c7067a436198608/frame/parent'
21:44:50.799 [Forwarding switchToParentFrame on session fc23df27e25c4a7d9c7067a436198608 to remote] DEBUG org.asynchttpclient.netty.request.NettyRequestSender -- Using open Channel [id: 0xfbedb3e3, L:/192.168.1.146:57708 - R:ondemand.us-west-1.saucelabs.com/66.85.52.224:443] for POST '/wd/hub/session/fc23df27e25c4a7d9c7067a436198608/frame/parent'
21:44:51.008 [AsyncHttpClient-1-2] DEBUG org.asynchttpclient.netty.handler.HttpHandler -- 

Request DefaultHttpRequest(decodeResult: success, version: HTTP/1.1)
POST /wd/hub/session/fc23df27e25c4a7d9c7067a436198608/frame/parent HTTP/1.1
User-Agent: selenium/4.9.0 (java windows)
traceparent: 00-1ab0d0b35be49472f1044c4d30188a23-0220309ce3dc21a7-01
Content-Length: 3
Content-Type: application/json; charset=utf-8
host: ondemand.us-west-1.saucelabs.com
authorization: Basic b2F1dGgtYXV0b2xhemFyZS01NThmYjpmOGQwYTRiNC1lMDU5LTRiMzktYTllYi0zNjY5NjViODg3YjE=
accept: */*

Response DefaultHttpResponse(decodeResult: success, version: HTTP/1.1)
HTTP/1.1 200 OK
content-type: application/json;charset=UTF-8
date: Sat, 13 May 2023 01:44:50 GMT
server: monocle/0.42
content-length: 15
x-request-id: f765b080-f22d-453b-a702-2bf62d596b70

21:44:51.008 [AsyncHttpClient-1-2] DEBUG org.asynchttpclient.netty.channel.ChannelManager -- Adding key: https://ondemand.us-west-1.saucelabs.com:443 for channel [id: 0xfbedb3e3, L:/192.168.1.146:57708 - R:ondemand.us-west-1.saucelabs.com/66.85.52.224:443]
21:44:51.010 [Forwarding switchToFrame on session fc23df27e25c4a7d9c7067a436198608 to remote] DEBUG org.asynchttpclient.netty.request.NettyRequestSender -- Using pooled Channel '[id: 0xfbedb3e3, L:/192.168.1.146:57708 - R:ondemand.us-west-1.saucelabs.com/66.85.52.224:443]' for 'POST' to 'https://oauth-autolazare-558fb:f8d0a4b4-e059-4b39-a9eb-366965b887b1@ondemand.us-west-1.saucelabs.com:443/wd/hub/session/fc23df27e25c4a7d9c7067a436198608/frame'
21:44:51.010 [Forwarding switchToFrame on session fc23df27e25c4a7d9c7067a436198608 to remote] DEBUG org.asynchttpclient.netty.request.NettyRequestSender -- Using open Channel [id: 0xfbedb3e3, L:/192.168.1.146:57708 - R:ondemand.us-west-1.saucelabs.com/66.85.52.224:443] for POST '/wd/hub/session/fc23df27e25c4a7d9c7067a436198608/frame'
21:44:51.284 [AsyncHttpClient-1-2] DEBUG org.asynchttpclient.netty.handler.HttpHandler -- 

Request DefaultHttpRequest(decodeResult: success, version: HTTP/1.1)
POST /wd/hub/session/fc23df27e25c4a7d9c7067a436198608/frame HTTP/1.1
User-Agent: selenium/4.9.0 (java windows)
traceparent: 00-d787312d2c62b2587b1b04170bdbf4b3-97f6bfb5f5c47d03-01
Content-Length: 106
Content-Type: application/json; charset=utf-8
host: ondemand.us-west-1.saucelabs.com
authorization: Basic b2F1dGgtYXV0b2xhemFyZS01NThmYjpmOGQwYTRiNC1lMDU5LTRiMzktYTllYi0zNjY5NjViODg3YjE=
accept: */*

Response DefaultHttpResponse(decodeResult: success, version: HTTP/1.1)
HTTP/1.1 200 OK
content-type: application/json;charset=UTF-8
date: Sat, 13 May 2023 01:44:51 GMT
server: monocle/0.42
content-length: 15
x-request-id: 3d2a2129-24eb-4d03-ba9d-a50db32d0b46

21:44:51.284 [AsyncHttpClient-1-2] DEBUG org.asynchttpclient.netty.channel.ChannelManager -- Adding key: https://ondemand.us-west-1.saucelabs.com:443 for channel [id: 0xfbedb3e3, L:/192.168.1.146:57708 - R:ondemand.us-west-1.saucelabs.com/66.85.52.224:443]
21:44:51.298 [Forwarding executeScript on session fc23df27e25c4a7d9c7067a436198608 to remote] DEBUG org.asynchttpclient.netty.request.NettyRequestSender -- Using pooled Channel '[id: 0xfbedb3e3, L:/192.168.1.146:57708 - R:ondemand.us-west-1.saucelabs.com/66.85.52.224:443]' for 'POST' to 'https://oauth-autolazare-558fb:f8d0a4b4-e059-4b39-a9eb-366965b887b1@ondemand.us-west-1.saucelabs.com:443/wd/hub/session/fc23df27e25c4a7d9c7067a436198608/execute/sync'
21:44:51.299 [Forwarding executeScript on session fc23df27e25c4a7d9c7067a436198608 to remote] DEBUG org.asynchttpclient.netty.request.NettyRequestSender -- Using open Channel [id: 0xfbedb3e3, L:/192.168.1.146:57708 - R:ondemand.us-west-1.saucelabs.com/66.85.52.224:443] for POST '/wd/hub/session/fc23df27e25c4a7d9c7067a436198608/execute/sync'
21:44:51.839 [AsyncHttpClient-1-2] DEBUG org.asynchttpclient.netty.handler.HttpHandler -- 

Request DefaultHttpRequest(decodeResult: success, version: HTTP/1.1)
POST /wd/hub/session/fc23df27e25c4a7d9c7067a436198608/execute/sync HTTP/1.1
User-Agent: selenium/4.9.0 (java windows)
traceparent: 00-082eaa4bd9ef9a03799138672fdfad61-66d83594d25e9987-01
Content-Length: 323605
Content-Type: application/json; charset=utf-8
host: ondemand.us-west-1.saucelabs.com
authorization: Basic b2F1dGgtYXV0b2xhemFyZS01NThmYjpmOGQwYTRiNC1lMDU5LTRiMzktYTllYi0zNjY5NjViODg3YjE=
accept: */*

Response DefaultHttpResponse(decodeResult: success, version: HTTP/1.1)
HTTP/1.1 200 OK
content-type: application/json;charset=UTF-8
date: Sat, 13 May 2023 01:44:51 GMT
server: monocle/0.42
content-length: 15
x-request-id: 2aeb643e-79c1-413e-a570-1e2c66c52db7

21:44:51.840 [AsyncHttpClient-1-2] DEBUG org.asynchttpclient.netty.channel.ChannelManager -- Adding key: https://ondemand.us-west-1.saucelabs.com:443 for channel [id: 0xfbedb3e3, L:/192.168.1.146:57708 - R:ondemand.us-west-1.saucelabs.com/66.85.52.224:443]
21:44:51.843 [Forwarding findElements on session fc23df27e25c4a7d9c7067a436198608 to remote] DEBUG org.asynchttpclient.netty.request.NettyRequestSender -- Using pooled Channel '[id: 0xfbedb3e3, L:/192.168.1.146:57708 - R:ondemand.us-west-1.saucelabs.com/66.85.52.224:443]' for 'POST' to 'https://oauth-autolazare-558fb:f8d0a4b4-e059-4b39-a9eb-366965b887b1@ondemand.us-west-1.saucelabs.com:443/wd/hub/session/fc23df27e25c4a7d9c7067a436198608/elements'
21:44:51.843 [Forwarding findElements on session fc23df27e25c4a7d9c7067a436198608 to remote] DEBUG org.asynchttpclient.netty.request.NettyRequestSender -- Using open Channel [id: 0xfbedb3e3, L:/192.168.1.146:57708 - R:ondemand.us-west-1.saucelabs.com/66.85.52.224:443] for POST '/wd/hub/session/fc23df27e25c4a7d9c7067a436198608/elements'
21:44:52.027 [AsyncHttpClient-1-2] DEBUG org.asynchttpclient.netty.handler.HttpHandler -- 

Request DefaultHttpRequest(decodeResult: success, version: HTTP/1.1)
POST /wd/hub/session/fc23df27e25c4a7d9c7067a436198608/elements HTTP/1.1
User-Agent: selenium/4.9.0 (java windows)
traceparent: 00-e44f75323d5c2d1d9cd3dc4f6c39df34-e961f072e525dbf4-01
Content-Length: 98
Content-Type: application/json; charset=utf-8
host: ondemand.us-west-1.saucelabs.com
authorization: Basic b2F1dGgtYXV0b2xhemFyZS01NThmYjpmOGQwYTRiNC1lMDU5LTRiMzktYTllYi0zNjY5NjViODg3YjE=
accept: */*

Response DefaultHttpResponse(decodeResult: success, version: HTTP/1.1)
HTTP/1.1 200 OK
content-type: application/json;charset=UTF-8
date: Sat, 13 May 2023 01:44:51 GMT
server: monocle/0.42
content-length: 13
x-request-id: 460599f8-b6f6-4300-8dd5-ce6191a9ff98

21:44:52.028 [AsyncHttpClient-1-2] DEBUG org.asynchttpclient.netty.channel.ChannelManager -- Adding key: https://ondemand.us-west-1.saucelabs.com:443 for channel [id: 0xfbedb3e3, L:/192.168.1.146:57708 - R:ondemand.us-west-1.saucelabs.com/66.85.52.224:443]
21:44:52.029 [Forwarding switchToParentFrame on session fc23df27e25c4a7d9c7067a436198608 to remote] DEBUG org.asynchttpclient.netty.request.NettyRequestSender -- Using pooled Channel '[id: 0xfbedb3e3, L:/192.168.1.146:57708 - R:ondemand.us-west-1.saucelabs.com/66.85.52.224:443]' for 'POST' to 'https://oauth-autolazare-558fb:f8d0a4b4-e059-4b39-a9eb-366965b887b1@ondemand.us-west-1.saucelabs.com:443/wd/hub/session/fc23df27e25c4a7d9c7067a436198608/frame/parent'
21:44:52.030 [Forwarding switchToParentFrame on session fc23df27e25c4a7d9c7067a436198608 to remote] DEBUG org.asynchttpclient.netty.request.NettyRequestSender -- Using open Channel [id: 0xfbedb3e3, L:/192.168.1.146:57708 - R:ondemand.us-west-1.saucelabs.com/66.85.52.224:443] for POST '/wd/hub/session/fc23df27e25c4a7d9c7067a436198608/frame/parent'
21:44:52.275 [AsyncHttpClient-1-2] DEBUG org.asynchttpclient.netty.handler.HttpHandler -- 

Request DefaultHttpRequest(decodeResult: success, version: HTTP/1.1)
POST /wd/hub/session/fc23df27e25c4a7d9c7067a436198608/frame/parent HTTP/1.1
User-Agent: selenium/4.9.0 (java windows)
traceparent: 00-275392a68c92d912cebe56a2a1778b6a-dba43fdda30cf26b-01
Content-Length: 3
Content-Type: application/json; charset=utf-8
host: ondemand.us-west-1.saucelabs.com
authorization: Basic b2F1dGgtYXV0b2xhemFyZS01NThmYjpmOGQwYTRiNC1lMDU5LTRiMzktYTllYi0zNjY5NjViODg3YjE=
accept: */*

Response DefaultHttpResponse(decodeResult: success, version: HTTP/1.1)
HTTP/1.1 200 OK
content-type: application/json;charset=UTF-8
date: Sat, 13 May 2023 01:44:52 GMT
server: monocle/0.42
content-length: 15
x-request-id: 9c6b90e1-9bcf-4a94-ba56-bf0bafea2a29

21:44:52.275 [AsyncHttpClient-1-2] DEBUG org.asynchttpclient.netty.channel.ChannelManager -- Adding key: https://ondemand.us-west-1.saucelabs.com:443 for channel [id: 0xfbedb3e3, L:/192.168.1.146:57708 - R:ondemand.us-west-1.saucelabs.com/66.85.52.224:443]
21:44:52.277 [Forwarding switchToFrame on session fc23df27e25c4a7d9c7067a436198608 to remote] DEBUG org.asynchttpclient.netty.request.NettyRequestSender -- Using pooled Channel '[id: 0xfbedb3e3, L:/192.168.1.146:57708 - R:ondemand.us-west-1.saucelabs.com/66.85.52.224:443]' for 'POST' to 'https://oauth-autolazare-558fb:f8d0a4b4-e059-4b39-a9eb-366965b887b1@ondemand.us-west-1.saucelabs.com:443/wd/hub/session/fc23df27e25c4a7d9c7067a436198608/frame'
21:44:52.277 [Forwarding switchToFrame on session fc23df27e25c4a7d9c7067a436198608 to remote] DEBUG org.asynchttpclient.netty.request.NettyRequestSender -- Using open Channel [id: 0xfbedb3e3, L:/192.168.1.146:57708 - R:ondemand.us-west-1.saucelabs.com/66.85.52.224:443] for POST '/wd/hub/session/fc23df27e25c4a7d9c7067a436198608/frame'
21:44:52.474 [AsyncHttpClient-1-2] DEBUG org.asynchttpclient.netty.handler.HttpHandler -- 

Request DefaultHttpRequest(decodeResult: success, version: HTTP/1.1)
POST /wd/hub/session/fc23df27e25c4a7d9c7067a436198608/frame HTTP/1.1
User-Agent: selenium/4.9.0 (java windows)
traceparent: 00-4cf60727a1124fbb8be89dd64d1fb457-96fcca96ba2f9fdb-01
Content-Length: 106
Content-Type: application/json; charset=utf-8
host: ondemand.us-west-1.saucelabs.com
authorization: Basic b2F1dGgtYXV0b2xhemFyZS01NThmYjpmOGQwYTRiNC1lMDU5LTRiMzktYTllYi0zNjY5NjViODg3YjE=
accept: */*

Response DefaultHttpResponse(decodeResult: success, version: HTTP/1.1)
HTTP/1.1 200 OK
content-type: application/json;charset=UTF-8
date: Sat, 13 May 2023 01:44:52 GMT
server: monocle/0.42
content-length: 15
x-request-id: be54fde8-2bcc-45a4-be0a-490e70212d03

21:44:52.474 [AsyncHttpClient-1-2] DEBUG org.asynchttpclient.netty.channel.ChannelManager -- Adding key: https://ondemand.us-west-1.saucelabs.com:443 for channel [id: 0xfbedb3e3, L:/192.168.1.146:57708 - R:ondemand.us-west-1.saucelabs.com/66.85.52.224:443]
21:44:52.482 [Forwarding executeScript on session fc23df27e25c4a7d9c7067a436198608 to remote] DEBUG org.asynchttpclient.netty.request.NettyRequestSender -- Using pooled Channel '[id: 0xfbedb3e3, L:/192.168.1.146:57708 - R:ondemand.us-west-1.saucelabs.com/66.85.52.224:443]' for 'POST' to 'https://oauth-autolazare-558fb:f8d0a4b4-e059-4b39-a9eb-366965b887b1@ondemand.us-west-1.saucelabs.com:443/wd/hub/session/fc23df27e25c4a7d9c7067a436198608/execute/sync'
21:44:52.483 [Forwarding executeScript on session fc23df27e25c4a7d9c7067a436198608 to remote] DEBUG org.asynchttpclient.netty.request.NettyRequestSender -- Using open Channel [id: 0xfbedb3e3, L:/192.168.1.146:57708 - R:ondemand.us-west-1.saucelabs.com/66.85.52.224:443] for POST '/wd/hub/session/fc23df27e25c4a7d9c7067a436198608/execute/sync'
21:44:53.068 [AsyncHttpClient-1-2] DEBUG org.asynchttpclient.netty.handler.HttpHandler -- 

Request DefaultHttpRequest(decodeResult: success, version: HTTP/1.1)
POST /wd/hub/session/fc23df27e25c4a7d9c7067a436198608/execute/sync HTTP/1.1
User-Agent: selenium/4.9.0 (java windows)
traceparent: 00-7acd70c8d81d2e6b21aa9ae4c4d6f32d-3cc46378309128fc-01
Content-Length: 323605
Content-Type: application/json; charset=utf-8
host: ondemand.us-west-1.saucelabs.com
authorization: Basic b2F1dGgtYXV0b2xhemFyZS01NThmYjpmOGQwYTRiNC1lMDU5LTRiMzktYTllYi0zNjY5NjViODg3YjE=
accept: */*

Response DefaultHttpResponse(decodeResult: success, version: HTTP/1.1)
HTTP/1.1 200 OK
content-type: application/json;charset=UTF-8
date: Sat, 13 May 2023 01:44:52 GMT
server: monocle/0.42
content-length: 15
x-request-id: b9aac9a4-fb51-4598-a10d-e3f440dcf91c

21:44:53.068 [AsyncHttpClient-1-2] DEBUG org.asynchttpclient.netty.channel.ChannelManager -- Adding key: https://ondemand.us-west-1.saucelabs.com:443 for channel [id: 0xfbedb3e3, L:/192.168.1.146:57708 - R:ondemand.us-west-1.saucelabs.com/66.85.52.224:443]
21:44:53.071 [Forwarding findElements on session fc23df27e25c4a7d9c7067a436198608 to remote] DEBUG org.asynchttpclient.netty.request.NettyRequestSender -- Using pooled Channel '[id: 0xfbedb3e3, L:/192.168.1.146:57708 - R:ondemand.us-west-1.saucelabs.com/66.85.52.224:443]' for 'POST' to 'https://oauth-autolazare-558fb:f8d0a4b4-e059-4b39-a9eb-366965b887b1@ondemand.us-west-1.saucelabs.com:443/wd/hub/session/fc23df27e25c4a7d9c7067a436198608/elements'
21:44:53.071 [Forwarding findElements on session fc23df27e25c4a7d9c7067a436198608 to remote] DEBUG org.asynchttpclient.netty.request.NettyRequestSender -- Using open Channel [id: 0xfbedb3e3, L:/192.168.1.146:57708 - R:ondemand.us-west-1.saucelabs.com/66.85.52.224:443] for POST '/wd/hub/session/fc23df27e25c4a7d9c7067a436198608/elements'
21:44:53.324 [AsyncHttpClient-1-2] DEBUG org.asynchttpclient.netty.handler.HttpHandler -- 

Request DefaultHttpRequest(decodeResult: success, version: HTTP/1.1)
POST /wd/hub/session/fc23df27e25c4a7d9c7067a436198608/elements HTTP/1.1
User-Agent: selenium/4.9.0 (java windows)
traceparent: 00-d94118bb53e3079225ecb03a7275c702-cfa2678aaad1ded2-01
Content-Length: 98
Content-Type: application/json; charset=utf-8
host: ondemand.us-west-1.saucelabs.com
authorization: Basic b2F1dGgtYXV0b2xhemFyZS01NThmYjpmOGQwYTRiNC1lMDU5LTRiMzktYTllYi0zNjY5NjViODg3YjE=
accept: */*

Response DefaultHttpResponse(decodeResult: success, version: HTTP/1.1)
HTTP/1.1 200 OK
content-type: application/json;charset=UTF-8
date: Sat, 13 May 2023 01:44:53 GMT
server: monocle/0.42
content-length: 13
x-request-id: 6bfd158b-8034-4d45-8043-5c13b6bc9665

21:44:53.324 [AsyncHttpClient-1-2] DEBUG org.asynchttpclient.netty.channel.ChannelManager -- Adding key: https://ondemand.us-west-1.saucelabs.com:443 for channel [id: 0xfbedb3e3, L:/192.168.1.146:57708 - R:ondemand.us-west-1.saucelabs.com/66.85.52.224:443]
21:44:53.325 [Forwarding switchToParentFrame on session fc23df27e25c4a7d9c7067a436198608 to remote] DEBUG org.asynchttpclient.netty.request.NettyRequestSender -- Using pooled Channel '[id: 0xfbedb3e3, L:/192.168.1.146:57708 - R:ondemand.us-west-1.saucelabs.com/66.85.52.224:443]' for 'POST' to 'https://oauth-autolazare-558fb:f8d0a4b4-e059-4b39-a9eb-366965b887b1@ondemand.us-west-1.saucelabs.com:443/wd/hub/session/fc23df27e25c4a7d9c7067a436198608/frame/parent'
21:44:53.325 [Forwarding switchToParentFrame on session fc23df27e25c4a7d9c7067a436198608 to remote] DEBUG org.asynchttpclient.netty.request.NettyRequestSender -- Using open Channel [id: 0xfbedb3e3, L:/192.168.1.146:57708 - R:ondemand.us-west-1.saucelabs.com/66.85.52.224:443] for POST '/wd/hub/session/fc23df27e25c4a7d9c7067a436198608/frame/parent'
21:44:53.524 [AsyncHttpClient-1-2] DEBUG org.asynchttpclient.netty.handler.HttpHandler -- 

Request DefaultHttpRequest(decodeResult: success, version: HTTP/1.1)
POST /wd/hub/session/fc23df27e25c4a7d9c7067a436198608/frame/parent HTTP/1.1
User-Agent: selenium/4.9.0 (java windows)
traceparent: 00-269b3d0d5ed6f1ba443127d1495abf30-51aac2662e8acb66-01
Content-Length: 3
Content-Type: application/json; charset=utf-8
host: ondemand.us-west-1.saucelabs.com
authorization: Basic b2F1dGgtYXV0b2xhemFyZS01NThmYjpmOGQwYTRiNC1lMDU5LTRiMzktYTllYi0zNjY5NjViODg3YjE=
accept: */*

Response DefaultHttpResponse(decodeResult: success, version: HTTP/1.1)
HTTP/1.1 200 OK
content-type: application/json;charset=UTF-8
date: Sat, 13 May 2023 01:44:53 GMT
server: monocle/0.42
content-length: 15
x-request-id: a058f652-5b03-4849-80fe-311c1fbb7268

21:44:53.525 [AsyncHttpClient-1-2] DEBUG org.asynchttpclient.netty.channel.ChannelManager -- Adding key: https://ondemand.us-west-1.saucelabs.com:443 for channel [id: 0xfbedb3e3, L:/192.168.1.146:57708 - R:ondemand.us-west-1.saucelabs.com/66.85.52.224:443]
21:44:53.526 [Forwarding switchToFrame on session fc23df27e25c4a7d9c7067a436198608 to remote] DEBUG org.asynchttpclient.netty.request.NettyRequestSender -- Using pooled Channel '[id: 0xfbedb3e3, L:/192.168.1.146:57708 - R:ondemand.us-west-1.saucelabs.com/66.85.52.224:443]' for 'POST' to 'https://oauth-autolazare-558fb:f8d0a4b4-e059-4b39-a9eb-366965b887b1@ondemand.us-west-1.saucelabs.com:443/wd/hub/session/fc23df27e25c4a7d9c7067a436198608/frame'
21:44:53.526 [Forwarding switchToFrame on session fc23df27e25c4a7d9c7067a436198608 to remote] DEBUG org.asynchttpclient.netty.request.NettyRequestSender -- Using open Channel [id: 0xfbedb3e3, L:/192.168.1.146:57708 - R:ondemand.us-west-1.saucelabs.com/66.85.52.224:443] for POST '/wd/hub/session/fc23df27e25c4a7d9c7067a436198608/frame'
21:44:53.708 [AsyncHttpClient-1-2] DEBUG org.asynchttpclient.netty.handler.HttpHandler -- 

Request DefaultHttpRequest(decodeResult: success, version: HTTP/1.1)
POST /wd/hub/session/fc23df27e25c4a7d9c7067a436198608/frame HTTP/1.1
User-Agent: selenium/4.9.0 (java windows)
traceparent: 00-4dd7c44abad3d8731a8254c6f5058d6b-4b7641cf31fbc91b-01
Content-Length: 106
Content-Type: application/json; charset=utf-8
host: ondemand.us-west-1.saucelabs.com
authorization: Basic b2F1dGgtYXV0b2xhemFyZS01NThmYjpmOGQwYTRiNC1lMDU5LTRiMzktYTllYi0zNjY5NjViODg3YjE=
accept: */*

Response DefaultHttpResponse(decodeResult: success, version: HTTP/1.1)
HTTP/1.1 200 OK
content-type: application/json;charset=UTF-8
date: Sat, 13 May 2023 01:44:53 GMT
server: monocle/0.42
content-length: 15
x-request-id: 8417534e-9b51-479e-a924-20b8a86e5318

21:44:53.708 [AsyncHttpClient-1-2] DEBUG org.asynchttpclient.netty.channel.ChannelManager -- Adding key: https://ondemand.us-west-1.saucelabs.com:443 for channel [id: 0xfbedb3e3, L:/192.168.1.146:57708 - R:ondemand.us-west-1.saucelabs.com/66.85.52.224:443]
21:44:53.716 [Forwarding executeScript on session fc23df27e25c4a7d9c7067a436198608 to remote] DEBUG org.asynchttpclient.netty.request.NettyRequestSender -- Using pooled Channel '[id: 0xfbedb3e3, L:/192.168.1.146:57708 - R:ondemand.us-west-1.saucelabs.com/66.85.52.224:443]' for 'POST' to 'https://oauth-autolazare-558fb:f8d0a4b4-e059-4b39-a9eb-366965b887b1@ondemand.us-west-1.saucelabs.com:443/wd/hub/session/fc23df27e25c4a7d9c7067a436198608/execute/sync'
21:44:53.716 [Forwarding executeScript on session fc23df27e25c4a7d9c7067a436198608 to remote] DEBUG org.asynchttpclient.netty.request.NettyRequestSender -- Using open Channel [id: 0xfbedb3e3, L:/192.168.1.146:57708 - R:ondemand.us-west-1.saucelabs.com/66.85.52.224:443] for POST '/wd/hub/session/fc23df27e25c4a7d9c7067a436198608/execute/sync'
21:44:54.398 [AsyncHttpClient-1-2] DEBUG org.asynchttpclient.netty.handler.HttpHandler -- 

Request DefaultHttpRequest(decodeResult: success, version: HTTP/1.1)
POST /wd/hub/session/fc23df27e25c4a7d9c7067a436198608/execute/sync HTTP/1.1
User-Agent: selenium/4.9.0 (java windows)
traceparent: 00-951890ac91e49537bdabdd10790a2081-98ac8e31adc02a44-01
Content-Length: 323605
Content-Type: application/json; charset=utf-8
host: ondemand.us-west-1.saucelabs.com
authorization: Basic b2F1dGgtYXV0b2xhemFyZS01NThmYjpmOGQwYTRiNC1lMDU5LTRiMzktYTllYi0zNjY5NjViODg3YjE=
accept: */*

Response DefaultHttpResponse(decodeResult: success, version: HTTP/1.1)
HTTP/1.1 200 OK
content-type: application/json;charset=UTF-8
date: Sat, 13 May 2023 01:44:53 GMT
server: monocle/0.42
content-length: 15
x-request-id: 99a3f48e-0bb6-4413-91fc-da97b0c629b9

21:44:54.398 [AsyncHttpClient-1-2] DEBUG org.asynchttpclient.netty.channel.ChannelManager -- Adding key: https://ondemand.us-west-1.saucelabs.com:443 for channel [id: 0xfbedb3e3, L:/192.168.1.146:57708 - R:ondemand.us-west-1.saucelabs.com/66.85.52.224:443]
21:44:54.400 [Forwarding findElements on session fc23df27e25c4a7d9c7067a436198608 to remote] DEBUG org.asynchttpclient.netty.request.NettyRequestSender -- Using pooled Channel '[id: 0xfbedb3e3, L:/192.168.1.146:57708 - R:ondemand.us-west-1.saucelabs.com/66.85.52.224:443]' for 'POST' to 'https://oauth-autolazare-558fb:f8d0a4b4-e059-4b39-a9eb-366965b887b1@ondemand.us-west-1.saucelabs.com:443/wd/hub/session/fc23df27e25c4a7d9c7067a436198608/elements'
21:44:54.401 [Forwarding findElements on session fc23df27e25c4a7d9c7067a436198608 to remote] DEBUG org.asynchttpclient.netty.request.NettyRequestSender -- Using open Channel [id: 0xfbedb3e3, L:/192.168.1.146:57708 - R:ondemand.us-west-1.saucelabs.com/66.85.52.224:443] for POST '/wd/hub/session/fc23df27e25c4a7d9c7067a436198608/elements'
21:44:54.651 [AsyncHttpClient-1-2] DEBUG org.asynchttpclient.netty.handler.HttpHandler -- 

Request DefaultHttpRequest(decodeResult: success, version: HTTP/1.1)
POST /wd/hub/session/fc23df27e25c4a7d9c7067a436198608/elements HTTP/1.1
User-Agent: selenium/4.9.0 (java windows)
traceparent: 00-750f004e4abd01a9258d711790c1a8cd-501f22417e6c69b8-01
Content-Length: 98
Content-Type: application/json; charset=utf-8
host: ondemand.us-west-1.saucelabs.com
authorization: Basic b2F1dGgtYXV0b2xhemFyZS01NThmYjpmOGQwYTRiNC1lMDU5LTRiMzktYTllYi0zNjY5NjViODg3YjE=
accept: */*

Response DefaultHttpResponse(decodeResult: success, version: HTTP/1.1)
HTTP/1.1 200 OK
content-type: application/json;charset=UTF-8
date: Sat, 13 May 2023 01:44:54 GMT
server: monocle/0.42
content-length: 13
x-request-id: f5a01b44-1c67-46f6-b001-ccc8ad5cd90b

21:44:54.652 [AsyncHttpClient-1-2] DEBUG org.asynchttpclient.netty.channel.ChannelManager -- Adding key: https://ondemand.us-west-1.saucelabs.com:443 for channel [id: 0xfbedb3e3, L:/192.168.1.146:57708 - R:ondemand.us-west-1.saucelabs.com/66.85.52.224:443]
21:44:54.654 [Forwarding switchToParentFrame on session fc23df27e25c4a7d9c7067a436198608 to remote] DEBUG org.asynchttpclient.netty.request.NettyRequestSender -- Using pooled Channel '[id: 0xfbedb3e3, L:/192.168.1.146:57708 - R:ondemand.us-west-1.saucelabs.com/66.85.52.224:443]' for 'POST' to 'https://oauth-autolazare-558fb:f8d0a4b4-e059-4b39-a9eb-366965b887b1@ondemand.us-west-1.saucelabs.com:443/wd/hub/session/fc23df27e25c4a7d9c7067a436198608/frame/parent'
21:44:54.655 [Forwarding switchToParentFrame on session fc23df27e25c4a7d9c7067a436198608 to remote] DEBUG org.asynchttpclient.netty.request.NettyRequestSender -- Using open Channel [id: 0xfbedb3e3, L:/192.168.1.146:57708 - R:ondemand.us-west-1.saucelabs.com/66.85.52.224:443] for POST '/wd/hub/session/fc23df27e25c4a7d9c7067a436198608/frame/parent'
21:44:54.833 [AsyncHttpClient-1-2] DEBUG org.asynchttpclient.netty.handler.HttpHandler -- 

Request DefaultHttpRequest(decodeResult: success, version: HTTP/1.1)
POST /wd/hub/session/fc23df27e25c4a7d9c7067a436198608/frame/parent HTTP/1.1
User-Agent: selenium/4.9.0 (java windows)
traceparent: 00-4f5c0e1f4e4d65c0f23120cf928f1a0d-4e3992c9aedd71d7-01
Content-Length: 3
Content-Type: application/json; charset=utf-8
host: ondemand.us-west-1.saucelabs.com
authorization: Basic b2F1dGgtYXV0b2xhemFyZS01NThmYjpmOGQwYTRiNC1lMDU5LTRiMzktYTllYi0zNjY5NjViODg3YjE=
accept: */*

Response DefaultHttpResponse(decodeResult: success, version: HTTP/1.1)
HTTP/1.1 200 OK
content-type: application/json;charset=UTF-8
date: Sat, 13 May 2023 01:44:54 GMT
server: monocle/0.42
content-length: 15
x-request-id: 6e4fa0ff-8827-45af-b63d-2cd5fdd90b43

21:44:54.833 [AsyncHttpClient-1-2] DEBUG org.asynchttpclient.netty.channel.ChannelManager -- Adding key: https://ondemand.us-west-1.saucelabs.com:443 for channel [id: 0xfbedb3e3, L:/192.168.1.146:57708 - R:ondemand.us-west-1.saucelabs.com/66.85.52.224:443]
21:44:54.834 [Forwarding executeScript on session fc23df27e25c4a7d9c7067a436198608 to remote] DEBUG org.asynchttpclient.netty.request.NettyRequestSender -- Using pooled Channel '[id: 0xfbedb3e3, L:/192.168.1.146:57708 - R:ondemand.us-west-1.saucelabs.com/66.85.52.224:443]' for 'POST' to 'https://oauth-autolazare-558fb:f8d0a4b4-e059-4b39-a9eb-366965b887b1@ondemand.us-west-1.saucelabs.com:443/wd/hub/session/fc23df27e25c4a7d9c7067a436198608/execute/sync'
21:44:54.835 [Forwarding executeScript on session fc23df27e25c4a7d9c7067a436198608 to remote] DEBUG org.asynchttpclient.netty.request.NettyRequestSender -- Using open Channel [id: 0xfbedb3e3, L:/192.168.1.146:57708 - R:ondemand.us-west-1.saucelabs.com/66.85.52.224:443] for POST '/wd/hub/session/fc23df27e25c4a7d9c7067a436198608/execute/sync'
21:44:54.996 [AsyncHttpClient-1-2] DEBUG org.asynchttpclient.netty.handler.HttpHandler -- 

Request DefaultHttpRequest(decodeResult: success, version: HTTP/1.1)
POST /wd/hub/session/fc23df27e25c4a7d9c7067a436198608/execute/sync HTTP/1.1
User-Agent: selenium/4.9.0 (java windows)
traceparent: 00-9b1ea95b939b00410c37856b244d5d05-0beac4ee0878a6df-01
Content-Length: 85
Content-Type: application/json; charset=utf-8
host: ondemand.us-west-1.saucelabs.com
authorization: Basic b2F1dGgtYXV0b2xhemFyZS01NThmYjpmOGQwYTRiNC1lMDU5LTRiMzktYTllYi0zNjY5NjViODg3YjE=
accept: */*

Response DefaultHttpResponse(decodeResult: success, version: HTTP/1.1)
HTTP/1.1 200 OK
content-type: application/json;charset=UTF-8
date: Sat, 13 May 2023 01:44:54 GMT
server: monocle/0.42
content-length: 16
x-request-id: b7d2a99a-aabb-4824-aaac-ceb7b26a111f

21:44:54.996 [AsyncHttpClient-1-2] DEBUG org.asynchttpclient.netty.channel.ChannelManager -- Adding key: https://ondemand.us-west-1.saucelabs.com:443 for channel [id: 0xfbedb3e3, L:/192.168.1.146:57708 - R:ondemand.us-west-1.saucelabs.com/66.85.52.224:443]
21:44:54.997 [Forwarding switchToFrame on session fc23df27e25c4a7d9c7067a436198608 to remote] DEBUG org.asynchttpclient.netty.request.NettyRequestSender -- Using pooled Channel '[id: 0xfbedb3e3, L:/192.168.1.146:57708 - R:ondemand.us-west-1.saucelabs.com/66.85.52.224:443]' for 'POST' to 'https://oauth-autolazare-558fb:f8d0a4b4-e059-4b39-a9eb-366965b887b1@ondemand.us-west-1.saucelabs.com:443/wd/hub/session/fc23df27e25c4a7d9c7067a436198608/frame'
21:44:54.997 [Forwarding switchToFrame on session fc23df27e25c4a7d9c7067a436198608 to remote] DEBUG org.asynchttpclient.netty.request.NettyRequestSender -- Using open Channel [id: 0xfbedb3e3, L:/192.168.1.146:57708 - R:ondemand.us-west-1.saucelabs.com/66.85.52.224:443] for POST '/wd/hub/session/fc23df27e25c4a7d9c7067a436198608/frame'
21:44:55.190 [AsyncHttpClient-1-2] DEBUG org.asynchttpclient.netty.handler.HttpHandler -- 

Request DefaultHttpRequest(decodeResult: success, version: HTTP/1.1)
POST /wd/hub/session/fc23df27e25c4a7d9c7067a436198608/frame HTTP/1.1
User-Agent: selenium/4.9.0 (java windows)
traceparent: 00-2c959886502f38081a50390b8e41569b-ab1c3851ec1fd9e0-01
Content-Length: 16
Content-Type: application/json; charset=utf-8
host: ondemand.us-west-1.saucelabs.com
authorization: Basic b2F1dGgtYXV0b2xhemFyZS01NThmYjpmOGQwYTRiNC1lMDU5LTRiMzktYTllYi0zNjY5NjViODg3YjE=
accept: */*

Response DefaultHttpResponse(decodeResult: success, version: HTTP/1.1)
HTTP/1.1 200 OK
content-type: application/json;charset=UTF-8
date: Sat, 13 May 2023 01:44:55 GMT
server: monocle/0.42
content-length: 15
x-request-id: 60444265-9df3-4d8e-8919-60ab1527d2bf

21:44:55.190 [AsyncHttpClient-1-2] DEBUG org.asynchttpclient.netty.channel.ChannelManager -- Adding key: https://ondemand.us-west-1.saucelabs.com:443 for channel [id: 0xfbedb3e3, L:/192.168.1.146:57708 - R:ondemand.us-west-1.saucelabs.com/66.85.52.224:443]
21:44:55.190 [Forwarding executeScript on session fc23df27e25c4a7d9c7067a436198608 to remote] DEBUG org.asynchttpclient.netty.request.NettyRequestSender -- Using pooled Channel '[id: 0xfbedb3e3, L:/192.168.1.146:57708 - R:ondemand.us-west-1.saucelabs.com/66.85.52.224:443]' for 'POST' to 'https://oauth-autolazare-558fb:f8d0a4b4-e059-4b39-a9eb-366965b887b1@ondemand.us-west-1.saucelabs.com:443/wd/hub/session/fc23df27e25c4a7d9c7067a436198608/execute/sync'
21:44:55.190 [Forwarding executeScript on session fc23df27e25c4a7d9c7067a436198608 to remote] DEBUG org.asynchttpclient.netty.request.NettyRequestSender -- Using open Channel [id: 0xfbedb3e3, L:/192.168.1.146:57708 - R:ondemand.us-west-1.saucelabs.com/66.85.52.224:443] for POST '/wd/hub/session/fc23df27e25c4a7d9c7067a436198608/execute/sync'
21:44:55.410 [AsyncHttpClient-1-2] DEBUG org.asynchttpclient.netty.handler.HttpHandler -- 

Request DefaultHttpRequest(decodeResult: success, version: HTTP/1.1)
POST /wd/hub/session/fc23df27e25c4a7d9c7067a436198608/execute/sync HTTP/1.1
User-Agent: selenium/4.9.0 (java windows)
traceparent: 00-7c119948434050ffb160254300680759-633638d4735451d3-01
Content-Length: 99
Content-Type: application/json; charset=utf-8
host: ondemand.us-west-1.saucelabs.com
authorization: Basic b2F1dGgtYXV0b2xhemFyZS01NThmYjpmOGQwYTRiNC1lMDU5LTRiMzktYTllYi0zNjY5NjViODg3YjE=
accept: */*

Response DefaultHttpResponse(decodeResult: success, version: HTTP/1.1)
HTTP/1.1 200 OK
content-type: application/json;charset=UTF-8
date: Sat, 13 May 2023 01:44:55 GMT
server: monocle/0.42
content-length: 15
x-request-id: 911386ce-a340-4644-8ac2-a616784971bc

21:44:55.410 [AsyncHttpClient-1-2] DEBUG org.asynchttpclient.netty.channel.ChannelManager -- Adding key: https://ondemand.us-west-1.saucelabs.com:443 for channel [id: 0xfbedb3e3, L:/192.168.1.146:57708 - R:ondemand.us-west-1.saucelabs.com/66.85.52.224:443]
21:44:55.413 [Forwarding findElements on session fc23df27e25c4a7d9c7067a436198608 to remote] DEBUG org.asynchttpclient.netty.request.NettyRequestSender -- Using pooled Channel '[id: 0xfbedb3e3, L:/192.168.1.146:57708 - R:ondemand.us-west-1.saucelabs.com/66.85.52.224:443]' for 'POST' to 'https://oauth-autolazare-558fb:f8d0a4b4-e059-4b39-a9eb-366965b887b1@ondemand.us-west-1.saucelabs.com:443/wd/hub/session/fc23df27e25c4a7d9c7067a436198608/elements'
21:44:55.413 [Forwarding findElements on session fc23df27e25c4a7d9c7067a436198608 to remote] DEBUG org.asynchttpclient.netty.request.NettyRequestSender -- Using open Channel [id: 0xfbedb3e3, L:/192.168.1.146:57708 - R:ondemand.us-west-1.saucelabs.com/66.85.52.224:443] for POST '/wd/hub/session/fc23df27e25c4a7d9c7067a436198608/elements'
21:44:55.654 [AsyncHttpClient-1-2] DEBUG org.asynchttpclient.netty.handler.HttpHandler -- 

Request DefaultHttpRequest(decodeResult: success, version: HTTP/1.1)
POST /wd/hub/session/fc23df27e25c4a7d9c7067a436198608/elements HTTP/1.1
User-Agent: selenium/4.9.0 (java windows)
traceparent: 00-6628bbe5a34531fc93eae82ccb1ec345-66712d9422c98f41-01
Content-Length: 98
Content-Type: application/json; charset=utf-8
host: ondemand.us-west-1.saucelabs.com
authorization: Basic b2F1dGgtYXV0b2xhemFyZS01NThmYjpmOGQwYTRiNC1lMDU5LTRiMzktYTllYi0zNjY5NjViODg3YjE=
accept: */*

Response DefaultHttpResponse(decodeResult: success, version: HTTP/1.1)
HTTP/1.1 200 OK
content-type: application/json;charset=UTF-8
date: Sat, 13 May 2023 01:44:55 GMT
server: monocle/0.42
content-length: 891
x-request-id: 5fc14d26-1e29-4bfe-9393-353d1c7af857

21:44:55.654 [AsyncHttpClient-1-2] DEBUG org.asynchttpclient.netty.channel.ChannelManager -- Adding key: https://ondemand.us-west-1.saucelabs.com:443 for channel [id: 0xfbedb3e3, L:/192.168.1.146:57708 - R:ondemand.us-west-1.saucelabs.com/66.85.52.224:443]
21:44:55.669 [Forwarding switchToFrame on session fc23df27e25c4a7d9c7067a436198608 to remote] DEBUG org.asynchttpclient.netty.request.NettyRequestSender -- Using pooled Channel '[id: 0xfbedb3e3, L:/192.168.1.146:57708 - R:ondemand.us-west-1.saucelabs.com/66.85.52.224:443]' for 'POST' to 'https://oauth-autolazare-558fb:f8d0a4b4-e059-4b39-a9eb-366965b887b1@ondemand.us-west-1.saucelabs.com:443/wd/hub/session/fc23df27e25c4a7d9c7067a436198608/frame'
21:44:55.669 [Forwarding switchToFrame on session fc23df27e25c4a7d9c7067a436198608 to remote] DEBUG org.asynchttpclient.netty.request.NettyRequestSender -- Using open Channel [id: 0xfbedb3e3, L:/192.168.1.146:57708 - R:ondemand.us-west-1.saucelabs.com/66.85.52.224:443] for POST '/wd/hub/session/fc23df27e25c4a7d9c7067a436198608/frame'
21:44:55.928 [AsyncHttpClient-1-2] DEBUG org.asynchttpclient.netty.handler.HttpHandler -- 

Request DefaultHttpRequest(decodeResult: success, version: HTTP/1.1)
POST /wd/hub/session/fc23df27e25c4a7d9c7067a436198608/frame HTTP/1.1
User-Agent: selenium/4.9.0 (java windows)
traceparent: 00-4f9494195b3239205120e3d413c865ae-633daad5830e9319-01
Content-Length: 106
Content-Type: application/json; charset=utf-8
host: ondemand.us-west-1.saucelabs.com
authorization: Basic b2F1dGgtYXV0b2xhemFyZS01NThmYjpmOGQwYTRiNC1lMDU5LTRiMzktYTllYi0zNjY5NjViODg3YjE=
accept: */*

Response DefaultHttpResponse(decodeResult: success, version: HTTP/1.1)
HTTP/1.1 200 OK
content-type: application/json;charset=UTF-8
date: Sat, 13 May 2023 01:44:55 GMT
server: monocle/0.42
content-length: 15
x-request-id: 377fbb33-6ffb-4602-8bf4-af1699847261

21:44:55.928 [AsyncHttpClient-1-2] DEBUG org.asynchttpclient.netty.channel.ChannelManager -- Adding key: https://ondemand.us-west-1.saucelabs.com:443 for channel [id: 0xfbedb3e3, L:/192.168.1.146:57708 - R:ondemand.us-west-1.saucelabs.com/66.85.52.224:443]
21:44:55.928 [Forwarding executeScript on session fc23df27e25c4a7d9c7067a436198608 to remote] DEBUG org.asynchttpclient.netty.request.NettyRequestSender -- Using pooled Channel '[id: 0xfbedb3e3, L:/192.168.1.146:57708 - R:ondemand.us-west-1.saucelabs.com/66.85.52.224:443]' for 'POST' to 'https://oauth-autolazare-558fb:f8d0a4b4-e059-4b39-a9eb-366965b887b1@ondemand.us-west-1.saucelabs.com:443/wd/hub/session/fc23df27e25c4a7d9c7067a436198608/execute/sync'
21:44:55.928 [Forwarding executeScript on session fc23df27e25c4a7d9c7067a436198608 to remote] DEBUG org.asynchttpclient.netty.request.NettyRequestSender -- Using open Channel [id: 0xfbedb3e3, L:/192.168.1.146:57708 - R:ondemand.us-west-1.saucelabs.com/66.85.52.224:443] for POST '/wd/hub/session/fc23df27e25c4a7d9c7067a436198608/execute/sync'
21:44:56.101 [AsyncHttpClient-1-2] DEBUG org.asynchttpclient.netty.handler.HttpHandler -- 

Request DefaultHttpRequest(decodeResult: success, version: HTTP/1.1)
POST /wd/hub/session/fc23df27e25c4a7d9c7067a436198608/execute/sync HTTP/1.1
User-Agent: selenium/4.9.0 (java windows)
traceparent: 00-4994c20829a01f6ff8ac95c289c8bc41-abeeaa5ba386a018-01
Content-Length: 99
Content-Type: application/json; charset=utf-8
host: ondemand.us-west-1.saucelabs.com
authorization: Basic b2F1dGgtYXV0b2xhemFyZS01NThmYjpmOGQwYTRiNC1lMDU5LTRiMzktYTllYi0zNjY5NjViODg3YjE=
accept: */*

Response DefaultHttpResponse(decodeResult: success, version: HTTP/1.1)
HTTP/1.1 200 OK
content-type: application/json;charset=UTF-8
date: Sat, 13 May 2023 01:44:55 GMT
server: monocle/0.42
content-length: 15
x-request-id: 4b8e5f6b-b815-4159-8173-229c5e2662b3

21:44:56.101 [AsyncHttpClient-1-2] DEBUG org.asynchttpclient.netty.channel.ChannelManager -- Adding key: https://ondemand.us-west-1.saucelabs.com:443 for channel [id: 0xfbedb3e3, L:/192.168.1.146:57708 - R:ondemand.us-west-1.saucelabs.com/66.85.52.224:443]
21:44:56.102 [Forwarding findElements on session fc23df27e25c4a7d9c7067a436198608 to remote] DEBUG org.asynchttpclient.netty.request.NettyRequestSender -- Using pooled Channel '[id: 0xfbedb3e3, L:/192.168.1.146:57708 - R:ondemand.us-west-1.saucelabs.com/66.85.52.224:443]' for 'POST' to 'https://oauth-autolazare-558fb:f8d0a4b4-e059-4b39-a9eb-366965b887b1@ondemand.us-west-1.saucelabs.com:443/wd/hub/session/fc23df27e25c4a7d9c7067a436198608/elements'
21:44:56.102 [Forwarding findElements on session fc23df27e25c4a7d9c7067a436198608 to remote] DEBUG org.asynchttpclient.netty.request.NettyRequestSender -- Using open Channel [id: 0xfbedb3e3, L:/192.168.1.146:57708 - R:ondemand.us-west-1.saucelabs.com/66.85.52.224:443] for POST '/wd/hub/session/fc23df27e25c4a7d9c7067a436198608/elements'
21:44:56.321 [AsyncHttpClient-1-2] DEBUG org.asynchttpclient.netty.handler.HttpHandler -- 

Request DefaultHttpRequest(decodeResult: success, version: HTTP/1.1)
POST /wd/hub/session/fc23df27e25c4a7d9c7067a436198608/elements HTTP/1.1
User-Agent: selenium/4.9.0 (java windows)
traceparent: 00-c5f6f94b493d8ab72c485aefddc705e7-f8554ed2a6410a24-01
Content-Length: 98
Content-Type: application/json; charset=utf-8
host: ondemand.us-west-1.saucelabs.com
authorization: Basic b2F1dGgtYXV0b2xhemFyZS01NThmYjpmOGQwYTRiNC1lMDU5LTRiMzktYTllYi0zNjY5NjViODg3YjE=
accept: */*

Response DefaultHttpResponse(decodeResult: success, version: HTTP/1.1)
HTTP/1.1 200 OK
content-type: application/json;charset=UTF-8
date: Sat, 13 May 2023 01:44:56 GMT
server: monocle/0.42
content-length: 99
x-request-id: 39e78d87-abce-45e6-9818-b386f175d2da

21:44:56.321 [AsyncHttpClient-1-2] DEBUG org.asynchttpclient.netty.channel.ChannelManager -- Adding key: https://ondemand.us-west-1.saucelabs.com:443 for channel [id: 0xfbedb3e3, L:/192.168.1.146:57708 - R:ondemand.us-west-1.saucelabs.com/66.85.52.224:443]
21:44:56.323 [Forwarding switchToFrame on session fc23df27e25c4a7d9c7067a436198608 to remote] DEBUG org.asynchttpclient.netty.request.NettyRequestSender -- Using pooled Channel '[id: 0xfbedb3e3, L:/192.168.1.146:57708 - R:ondemand.us-west-1.saucelabs.com/66.85.52.224:443]' for 'POST' to 'https://oauth-autolazare-558fb:f8d0a4b4-e059-4b39-a9eb-366965b887b1@ondemand.us-west-1.saucelabs.com:443/wd/hub/session/fc23df27e25c4a7d9c7067a436198608/frame'
21:44:56.324 [Forwarding switchToFrame on session fc23df27e25c4a7d9c7067a436198608 to remote] DEBUG org.asynchttpclient.netty.request.NettyRequestSender -- Using open Channel [id: 0xfbedb3e3, L:/192.168.1.146:57708 - R:ondemand.us-west-1.saucelabs.com/66.85.52.224:443] for POST '/wd/hub/session/fc23df27e25c4a7d9c7067a436198608/frame'
21:44:56.607 [AsyncHttpClient-1-2] DEBUG org.asynchttpclient.netty.handler.HttpHandler -- 

Request DefaultHttpRequest(decodeResult: success, version: HTTP/1.1)
POST /wd/hub/session/fc23df27e25c4a7d9c7067a436198608/frame HTTP/1.1
User-Agent: selenium/4.9.0 (java windows)
traceparent: 00-79d5534700e948953e735132d23bdf6a-fd702c0b0ee02307-01
Content-Length: 106
Content-Type: application/json; charset=utf-8
host: ondemand.us-west-1.saucelabs.com
authorization: Basic b2F1dGgtYXV0b2xhemFyZS01NThmYjpmOGQwYTRiNC1lMDU5LTRiMzktYTllYi0zNjY5NjViODg3YjE=
accept: */*

Response DefaultHttpResponse(decodeResult: success, version: HTTP/1.1)
HTTP/1.1 200 OK
content-type: application/json;charset=UTF-8
date: Sat, 13 May 2023 01:44:56 GMT
server: monocle/0.42
content-length: 15
x-request-id: 623ad5a5-f185-4549-a422-b2c5db6d1f3b

21:44:56.607 [AsyncHttpClient-1-2] DEBUG org.asynchttpclient.netty.channel.ChannelManager -- Adding key: https://ondemand.us-west-1.saucelabs.com:443 for channel [id: 0xfbedb3e3, L:/192.168.1.146:57708 - R:ondemand.us-west-1.saucelabs.com/66.85.52.224:443]
21:44:56.609 [Forwarding executeScript on session fc23df27e25c4a7d9c7067a436198608 to remote] DEBUG org.asynchttpclient.netty.request.NettyRequestSender -- Using pooled Channel '[id: 0xfbedb3e3, L:/192.168.1.146:57708 - R:ondemand.us-west-1.saucelabs.com/66.85.52.224:443]' for 'POST' to 'https://oauth-autolazare-558fb:f8d0a4b4-e059-4b39-a9eb-366965b887b1@ondemand.us-west-1.saucelabs.com:443/wd/hub/session/fc23df27e25c4a7d9c7067a436198608/execute/sync'
21:44:56.610 [Forwarding executeScript on session fc23df27e25c4a7d9c7067a436198608 to remote] DEBUG org.asynchttpclient.netty.request.NettyRequestSender -- Using open Channel [id: 0xfbedb3e3, L:/192.168.1.146:57708 - R:ondemand.us-west-1.saucelabs.com/66.85.52.224:443] for POST '/wd/hub/session/fc23df27e25c4a7d9c7067a436198608/execute/sync'
21:44:56.858 [AsyncHttpClient-1-2] DEBUG org.asynchttpclient.netty.handler.HttpHandler -- 

Request DefaultHttpRequest(decodeResult: success, version: HTTP/1.1)
POST /wd/hub/session/fc23df27e25c4a7d9c7067a436198608/execute/sync HTTP/1.1
User-Agent: selenium/4.9.0 (java windows)
traceparent: 00-b0784be98665e8ddd00df3ce89d0c806-3be9d8bbeac83380-01
Content-Length: 99
Content-Type: application/json; charset=utf-8
host: ondemand.us-west-1.saucelabs.com
authorization: Basic b2F1dGgtYXV0b2xhemFyZS01NThmYjpmOGQwYTRiNC1lMDU5LTRiMzktYTllYi0zNjY5NjViODg3YjE=
accept: */*

Response DefaultHttpResponse(decodeResult: success, version: HTTP/1.1)
HTTP/1.1 200 OK
content-type: application/json;charset=UTF-8
date: Sat, 13 May 2023 01:44:56 GMT
server: monocle/0.42
content-length: 15
x-request-id: d8f3b956-7111-42f3-b137-3df023c53c4f

21:44:56.858 [AsyncHttpClient-1-2] DEBUG org.asynchttpclient.netty.channel.ChannelManager -- Adding key: https://ondemand.us-west-1.saucelabs.com:443 for channel [id: 0xfbedb3e3, L:/192.168.1.146:57708 - R:ondemand.us-west-1.saucelabs.com/66.85.52.224:443]
21:44:56.858 [Forwarding findElements on session fc23df27e25c4a7d9c7067a436198608 to remote] DEBUG org.asynchttpclient.netty.request.NettyRequestSender -- Using pooled Channel '[id: 0xfbedb3e3, L:/192.168.1.146:57708 - R:ondemand.us-west-1.saucelabs.com/66.85.52.224:443]' for 'POST' to 'https://oauth-autolazare-558fb:f8d0a4b4-e059-4b39-a9eb-366965b887b1@ondemand.us-west-1.saucelabs.com:443/wd/hub/session/fc23df27e25c4a7d9c7067a436198608/elements'
21:44:56.858 [Forwarding findElements on session fc23df27e25c4a7d9c7067a436198608 to remote] DEBUG org.asynchttpclient.netty.request.NettyRequestSender -- Using open Channel [id: 0xfbedb3e3, L:/192.168.1.146:57708 - R:ondemand.us-west-1.saucelabs.com/66.85.52.224:443] for POST '/wd/hub/session/fc23df27e25c4a7d9c7067a436198608/elements'
21:44:57.124 [AsyncHttpClient-1-2] DEBUG org.asynchttpclient.netty.handler.HttpHandler -- 

Request DefaultHttpRequest(decodeResult: success, version: HTTP/1.1)
POST /wd/hub/session/fc23df27e25c4a7d9c7067a436198608/elements HTTP/1.1
User-Agent: selenium/4.9.0 (java windows)
traceparent: 00-d60fecbc96f050174d4f6b27c8396004-80c56988eaae666e-01
Content-Length: 98
Content-Type: application/json; charset=utf-8
host: ondemand.us-west-1.saucelabs.com
authorization: Basic b2F1dGgtYXV0b2xhemFyZS01NThmYjpmOGQwYTRiNC1lMDU5LTRiMzktYTllYi0zNjY5NjViODg3YjE=
accept: */*

Response DefaultHttpResponse(decodeResult: success, version: HTTP/1.1)
HTTP/1.1 200 OK
content-type: application/json;charset=UTF-8
date: Sat, 13 May 2023 01:44:56 GMT
server: monocle/0.42
content-length: 13
x-request-id: 6a79a67c-827b-4bf4-8702-c7dfe709ae3e

21:44:57.124 [AsyncHttpClient-1-2] DEBUG org.asynchttpclient.netty.channel.ChannelManager -- Adding key: https://ondemand.us-west-1.saucelabs.com:443 for channel [id: 0xfbedb3e3, L:/192.168.1.146:57708 - R:ondemand.us-west-1.saucelabs.com/66.85.52.224:443]
21:44:57.126 [Forwarding switchToParentFrame on session fc23df27e25c4a7d9c7067a436198608 to remote] DEBUG org.asynchttpclient.netty.request.NettyRequestSender -- Using pooled Channel '[id: 0xfbedb3e3, L:/192.168.1.146:57708 - R:ondemand.us-west-1.saucelabs.com/66.85.52.224:443]' for 'POST' to 'https://oauth-autolazare-558fb:f8d0a4b4-e059-4b39-a9eb-366965b887b1@ondemand.us-west-1.saucelabs.com:443/wd/hub/session/fc23df27e25c4a7d9c7067a436198608/frame/parent'
21:44:57.126 [Forwarding switchToParentFrame on session fc23df27e25c4a7d9c7067a436198608 to remote] DEBUG org.asynchttpclient.netty.request.NettyRequestSender -- Using open Channel [id: 0xfbedb3e3, L:/192.168.1.146:57708 - R:ondemand.us-west-1.saucelabs.com/66.85.52.224:443] for POST '/wd/hub/session/fc23df27e25c4a7d9c7067a436198608/frame/parent'
21:44:57.307 [AsyncHttpClient-1-2] DEBUG org.asynchttpclient.netty.handler.HttpHandler -- 

Request DefaultHttpRequest(decodeResult: success, version: HTTP/1.1)
POST /wd/hub/session/fc23df27e25c4a7d9c7067a436198608/frame/parent HTTP/1.1
User-Agent: selenium/4.9.0 (java windows)
traceparent: 00-c9036ff457117e5667589e3304df9e82-4a15fac94d035692-01
Content-Length: 3
Content-Type: application/json; charset=utf-8
host: ondemand.us-west-1.saucelabs.com
authorization: Basic b2F1dGgtYXV0b2xhemFyZS01NThmYjpmOGQwYTRiNC1lMDU5LTRiMzktYTllYi0zNjY5NjViODg3YjE=
accept: */*

Response DefaultHttpResponse(decodeResult: success, version: HTTP/1.1)
HTTP/1.1 200 OK
content-type: application/json;charset=UTF-8
date: Sat, 13 May 2023 01:44:57 GMT
server: monocle/0.42
content-length: 15
x-request-id: fd877ca8-6910-4d77-9d42-4e820adc9128

21:44:57.307 [AsyncHttpClient-1-2] DEBUG org.asynchttpclient.netty.channel.ChannelManager -- Adding key: https://ondemand.us-west-1.saucelabs.com:443 for channel [id: 0xfbedb3e3, L:/192.168.1.146:57708 - R:ondemand.us-west-1.saucelabs.com/66.85.52.224:443]
21:44:57.307 [Forwarding switchToParentFrame on session fc23df27e25c4a7d9c7067a436198608 to remote] DEBUG org.asynchttpclient.netty.request.NettyRequestSender -- Using pooled Channel '[id: 0xfbedb3e3, L:/192.168.1.146:57708 - R:ondemand.us-west-1.saucelabs.com/66.85.52.224:443]' for 'POST' to 'https://oauth-autolazare-558fb:f8d0a4b4-e059-4b39-a9eb-366965b887b1@ondemand.us-west-1.saucelabs.com:443/wd/hub/session/fc23df27e25c4a7d9c7067a436198608/frame/parent'
21:44:57.307 [Forwarding switchToParentFrame on session fc23df27e25c4a7d9c7067a436198608 to remote] DEBUG org.asynchttpclient.netty.request.NettyRequestSender -- Using open Channel [id: 0xfbedb3e3, L:/192.168.1.146:57708 - R:ondemand.us-west-1.saucelabs.com/66.85.52.224:443] for POST '/wd/hub/session/fc23df27e25c4a7d9c7067a436198608/frame/parent'
21:44:57.542 [AsyncHttpClient-1-2] DEBUG org.asynchttpclient.netty.handler.HttpHandler -- 

Request DefaultHttpRequest(decodeResult: success, version: HTTP/1.1)
POST /wd/hub/session/fc23df27e25c4a7d9c7067a436198608/frame/parent HTTP/1.1
User-Agent: selenium/4.9.0 (java windows)
traceparent: 00-8afb49d49f2dd79fc38c91586bad3618-afc5eae016ec47db-01
Content-Length: 3
Content-Type: application/json; charset=utf-8
host: ondemand.us-west-1.saucelabs.com
authorization: Basic b2F1dGgtYXV0b2xhemFyZS01NThmYjpmOGQwYTRiNC1lMDU5LTRiMzktYTllYi0zNjY5NjViODg3YjE=
accept: */*

Response DefaultHttpResponse(decodeResult: success, version: HTTP/1.1)
HTTP/1.1 200 OK
content-type: application/json;charset=UTF-8
date: Sat, 13 May 2023 01:44:57 GMT
server: monocle/0.42
content-length: 15
x-request-id: 40701cfe-0d3e-4088-9ac8-45b744604fe0

21:44:57.542 [AsyncHttpClient-1-2] DEBUG org.asynchttpclient.netty.channel.ChannelManager -- Adding key: https://ondemand.us-west-1.saucelabs.com:443 for channel [id: 0xfbedb3e3, L:/192.168.1.146:57708 - R:ondemand.us-west-1.saucelabs.com/66.85.52.224:443]
21:44:57.555 [Forwarding switchToFrame on session fc23df27e25c4a7d9c7067a436198608 to remote] DEBUG org.asynchttpclient.netty.request.NettyRequestSender -- Using pooled Channel '[id: 0xfbedb3e3, L:/192.168.1.146:57708 - R:ondemand.us-west-1.saucelabs.com/66.85.52.224:443]' for 'POST' to 'https://oauth-autolazare-558fb:f8d0a4b4-e059-4b39-a9eb-366965b887b1@ondemand.us-west-1.saucelabs.com:443/wd/hub/session/fc23df27e25c4a7d9c7067a436198608/frame'
21:44:57.555 [Forwarding switchToFrame on session fc23df27e25c4a7d9c7067a436198608 to remote] DEBUG org.asynchttpclient.netty.request.NettyRequestSender -- Using open Channel [id: 0xfbedb3e3, L:/192.168.1.146:57708 - R:ondemand.us-west-1.saucelabs.com/66.85.52.224:443] for POST '/wd/hub/session/fc23df27e25c4a7d9c7067a436198608/frame'
21:44:57.756 [AsyncHttpClient-1-2] DEBUG org.asynchttpclient.netty.handler.HttpHandler -- 

Request DefaultHttpRequest(decodeResult: success, version: HTTP/1.1)
POST /wd/hub/session/fc23df27e25c4a7d9c7067a436198608/frame HTTP/1.1
User-Agent: selenium/4.9.0 (java windows)
traceparent: 00-06f47e62a99081915997a9a331998808-b0e918e54f4dcb38-01
Content-Length: 106
Content-Type: application/json; charset=utf-8
host: ondemand.us-west-1.saucelabs.com
authorization: Basic b2F1dGgtYXV0b2xhemFyZS01NThmYjpmOGQwYTRiNC1lMDU5LTRiMzktYTllYi0zNjY5NjViODg3YjE=
accept: */*

Response DefaultHttpResponse(decodeResult: success, version: HTTP/1.1)
HTTP/1.1 200 OK
content-type: application/json;charset=UTF-8
date: Sat, 13 May 2023 01:44:57 GMT
server: monocle/0.42
content-length: 15
x-request-id: ff7cdcd9-6b1d-488a-9748-c8e886786570

21:44:57.756 [AsyncHttpClient-1-2] DEBUG org.asynchttpclient.netty.channel.ChannelManager -- Adding key: https://ondemand.us-west-1.saucelabs.com:443 for channel [id: 0xfbedb3e3, L:/192.168.1.146:57708 - R:ondemand.us-west-1.saucelabs.com/66.85.52.224:443]
21:44:57.756 [Forwarding executeScript on session fc23df27e25c4a7d9c7067a436198608 to remote] DEBUG org.asynchttpclient.netty.request.NettyRequestSender -- Using pooled Channel '[id: 0xfbedb3e3, L:/192.168.1.146:57708 - R:ondemand.us-west-1.saucelabs.com/66.85.52.224:443]' for 'POST' to 'https://oauth-autolazare-558fb:f8d0a4b4-e059-4b39-a9eb-366965b887b1@ondemand.us-west-1.saucelabs.com:443/wd/hub/session/fc23df27e25c4a7d9c7067a436198608/execute/sync'
21:44:57.756 [Forwarding executeScript on session fc23df27e25c4a7d9c7067a436198608 to remote] DEBUG org.asynchttpclient.netty.request.NettyRequestSender -- Using open Channel [id: 0xfbedb3e3, L:/192.168.1.146:57708 - R:ondemand.us-west-1.saucelabs.com/66.85.52.224:443] for POST '/wd/hub/session/fc23df27e25c4a7d9c7067a436198608/execute/sync'
21:44:57.921 [AsyncHttpClient-1-2] DEBUG org.asynchttpclient.netty.handler.HttpHandler -- 

Request DefaultHttpRequest(decodeResult: success, version: HTTP/1.1)
POST /wd/hub/session/fc23df27e25c4a7d9c7067a436198608/execute/sync HTTP/1.1
User-Agent: selenium/4.9.0 (java windows)
traceparent: 00-e98af4dbf8174eb657b5b3827944526f-f44a6f879176f885-01
Content-Length: 99
Content-Type: application/json; charset=utf-8
host: ondemand.us-west-1.saucelabs.com
authorization: Basic b2F1dGgtYXV0b2xhemFyZS01NThmYjpmOGQwYTRiNC1lMDU5LTRiMzktYTllYi0zNjY5NjViODg3YjE=
accept: */*

Response DefaultHttpResponse(decodeResult: success, version: HTTP/1.1)
HTTP/1.1 200 OK
content-type: application/json;charset=UTF-8
date: Sat, 13 May 2023 01:44:57 GMT
server: monocle/0.42
content-length: 15
x-request-id: 91487fe2-596d-4295-8fed-9d807d866532

21:44:57.921 [AsyncHttpClient-1-2] DEBUG org.asynchttpclient.netty.channel.ChannelManager -- Adding key: https://ondemand.us-west-1.saucelabs.com:443 for channel [id: 0xfbedb3e3, L:/192.168.1.146:57708 - R:ondemand.us-west-1.saucelabs.com/66.85.52.224:443]
21:44:57.926 [Forwarding findElements on session fc23df27e25c4a7d9c7067a436198608 to remote] DEBUG org.asynchttpclient.netty.request.NettyRequestSender -- Using pooled Channel '[id: 0xfbedb3e3, L:/192.168.1.146:57708 - R:ondemand.us-west-1.saucelabs.com/66.85.52.224:443]' for 'POST' to 'https://oauth-autolazare-558fb:f8d0a4b4-e059-4b39-a9eb-366965b887b1@ondemand.us-west-1.saucelabs.com:443/wd/hub/session/fc23df27e25c4a7d9c7067a436198608/elements'
21:44:57.927 [Forwarding findElements on session fc23df27e25c4a7d9c7067a436198608 to remote] DEBUG org.asynchttpclient.netty.request.NettyRequestSender -- Using open Channel [id: 0xfbedb3e3, L:/192.168.1.146:57708 - R:ondemand.us-west-1.saucelabs.com/66.85.52.224:443] for POST '/wd/hub/session/fc23df27e25c4a7d9c7067a436198608/elements'
21:44:58.108 [AsyncHttpClient-1-2] DEBUG org.asynchttpclient.netty.handler.HttpHandler -- 

Request DefaultHttpRequest(decodeResult: success, version: HTTP/1.1)
POST /wd/hub/session/fc23df27e25c4a7d9c7067a436198608/elements HTTP/1.1
User-Agent: selenium/4.9.0 (java windows)
traceparent: 00-c0d28de3abcebb46e8317766626bdffc-ad2c8eb3376ac716-01
Content-Length: 98
Content-Type: application/json; charset=utf-8
host: ondemand.us-west-1.saucelabs.com
authorization: Basic b2F1dGgtYXV0b2xhemFyZS01NThmYjpmOGQwYTRiNC1lMDU5LTRiMzktYTllYi0zNjY5NjViODg3YjE=
accept: */*

Response DefaultHttpResponse(decodeResult: success, version: HTTP/1.1)
HTTP/1.1 200 OK
content-type: application/json;charset=UTF-8
date: Sat, 13 May 2023 01:44:57 GMT
server: monocle/0.42
content-length: 187
x-request-id: ba71faab-35d4-40fa-a632-11a2f2f254e8

21:44:58.108 [AsyncHttpClient-1-2] DEBUG org.asynchttpclient.netty.channel.ChannelManager -- Adding key: https://ondemand.us-west-1.saucelabs.com:443 for channel [id: 0xfbedb3e3, L:/192.168.1.146:57708 - R:ondemand.us-west-1.saucelabs.com/66.85.52.224:443]
21:44:58.122 [Forwarding switchToFrame on session fc23df27e25c4a7d9c7067a436198608 to remote] DEBUG org.asynchttpclient.netty.request.NettyRequestSender -- Using pooled Channel '[id: 0xfbedb3e3, L:/192.168.1.146:57708 - R:ondemand.us-west-1.saucelabs.com/66.85.52.224:443]' for 'POST' to 'https://oauth-autolazare-558fb:f8d0a4b4-e059-4b39-a9eb-366965b887b1@ondemand.us-west-1.saucelabs.com:443/wd/hub/session/fc23df27e25c4a7d9c7067a436198608/frame'
21:44:58.123 [Forwarding switchToFrame on session fc23df27e25c4a7d9c7067a436198608 to remote] DEBUG org.asynchttpclient.netty.request.NettyRequestSender -- Using open Channel [id: 0xfbedb3e3, L:/192.168.1.146:57708 - R:ondemand.us-west-1.saucelabs.com/66.85.52.224:443] for POST '/wd/hub/session/fc23df27e25c4a7d9c7067a436198608/frame'
21:44:58.291 [AsyncHttpClient-1-2] DEBUG org.asynchttpclient.netty.handler.HttpHandler -- 

Request DefaultHttpRequest(decodeResult: success, version: HTTP/1.1)
POST /wd/hub/session/fc23df27e25c4a7d9c7067a436198608/frame HTTP/1.1
User-Agent: selenium/4.9.0 (java windows)
traceparent: 00-1af33dceced20046b3c489ff229504b1-dd2f055329efd6ba-01
Content-Length: 106
Content-Type: application/json; charset=utf-8
host: ondemand.us-west-1.saucelabs.com
authorization: Basic b2F1dGgtYXV0b2xhemFyZS01NThmYjpmOGQwYTRiNC1lMDU5LTRiMzktYTllYi0zNjY5NjViODg3YjE=
accept: */*

Response DefaultHttpResponse(decodeResult: success, version: HTTP/1.1)
HTTP/1.1 200 OK
content-type: application/json;charset=UTF-8
date: Sat, 13 May 2023 01:44:58 GMT
server: monocle/0.42
content-length: 15
x-request-id: 441ce716-670f-4d60-8f31-8d1e56d6170c

21:44:58.291 [AsyncHttpClient-1-2] DEBUG org.asynchttpclient.netty.channel.ChannelManager -- Adding key: https://ondemand.us-west-1.saucelabs.com:443 for channel [id: 0xfbedb3e3, L:/192.168.1.146:57708 - R:ondemand.us-west-1.saucelabs.com/66.85.52.224:443]
21:44:58.291 [Forwarding executeScript on session fc23df27e25c4a7d9c7067a436198608 to remote] DEBUG org.asynchttpclient.netty.request.NettyRequestSender -- Using pooled Channel '[id: 0xfbedb3e3, L:/192.168.1.146:57708 - R:ondemand.us-west-1.saucelabs.com/66.85.52.224:443]' for 'POST' to 'https://oauth-autolazare-558fb:f8d0a4b4-e059-4b39-a9eb-366965b887b1@ondemand.us-west-1.saucelabs.com:443/wd/hub/session/fc23df27e25c4a7d9c7067a436198608/execute/sync'
21:44:58.291 [Forwarding executeScript on session fc23df27e25c4a7d9c7067a436198608 to remote] DEBUG org.asynchttpclient.netty.request.NettyRequestSender -- Using open Channel [id: 0xfbedb3e3, L:/192.168.1.146:57708 - R:ondemand.us-west-1.saucelabs.com/66.85.52.224:443] for POST '/wd/hub/session/fc23df27e25c4a7d9c7067a436198608/execute/sync'
21:44:58.484 [AsyncHttpClient-1-2] DEBUG org.asynchttpclient.netty.handler.HttpHandler -- 

Request DefaultHttpRequest(decodeResult: success, version: HTTP/1.1)
POST /wd/hub/session/fc23df27e25c4a7d9c7067a436198608/execute/sync HTTP/1.1
User-Agent: selenium/4.9.0 (java windows)
traceparent: 00-93ceb8957dc872c0c0735f4f94c3ca9f-e80e86f4fcd76091-01
Content-Length: 99
Content-Type: application/json; charset=utf-8
host: ondemand.us-west-1.saucelabs.com
authorization: Basic b2F1dGgtYXV0b2xhemFyZS01NThmYjpmOGQwYTRiNC1lMDU5LTRiMzktYTllYi0zNjY5NjViODg3YjE=
accept: */*

Response DefaultHttpResponse(decodeResult: success, version: HTTP/1.1)
HTTP/1.1 200 OK
content-type: application/json;charset=UTF-8
date: Sat, 13 May 2023 01:44:58 GMT
server: monocle/0.42
content-length: 15
x-request-id: 7001476d-df23-4b0d-89ce-7b33bb90b778

21:44:58.484 [AsyncHttpClient-1-2] DEBUG org.asynchttpclient.netty.channel.ChannelManager -- Adding key: https://ondemand.us-west-1.saucelabs.com:443 for channel [id: 0xfbedb3e3, L:/192.168.1.146:57708 - R:ondemand.us-west-1.saucelabs.com/66.85.52.224:443]
21:44:58.485 [Forwarding findElements on session fc23df27e25c4a7d9c7067a436198608 to remote] DEBUG org.asynchttpclient.netty.request.NettyRequestSender -- Using pooled Channel '[id: 0xfbedb3e3, L:/192.168.1.146:57708 - R:ondemand.us-west-1.saucelabs.com/66.85.52.224:443]' for 'POST' to 'https://oauth-autolazare-558fb:f8d0a4b4-e059-4b39-a9eb-366965b887b1@ondemand.us-west-1.saucelabs.com:443/wd/hub/session/fc23df27e25c4a7d9c7067a436198608/elements'
21:44:58.485 [Forwarding findElements on session fc23df27e25c4a7d9c7067a436198608 to remote] DEBUG org.asynchttpclient.netty.request.NettyRequestSender -- Using open Channel [id: 0xfbedb3e3, L:/192.168.1.146:57708 - R:ondemand.us-west-1.saucelabs.com/66.85.52.224:443] for POST '/wd/hub/session/fc23df27e25c4a7d9c7067a436198608/elements'
21:44:58.691 [AsyncHttpClient-1-2] DEBUG org.asynchttpclient.netty.handler.HttpHandler -- 

Request DefaultHttpRequest(decodeResult: success, version: HTTP/1.1)
POST /wd/hub/session/fc23df27e25c4a7d9c7067a436198608/elements HTTP/1.1
User-Agent: selenium/4.9.0 (java windows)
traceparent: 00-f8bf2f56ba2a01dda16a4b4c64091706-0a83fd801ef88b7d-01
Content-Length: 98
Content-Type: application/json; charset=utf-8
host: ondemand.us-west-1.saucelabs.com
authorization: Basic b2F1dGgtYXV0b2xhemFyZS01NThmYjpmOGQwYTRiNC1lMDU5LTRiMzktYTllYi0zNjY5NjViODg3YjE=
accept: */*

Response DefaultHttpResponse(decodeResult: success, version: HTTP/1.1)
HTTP/1.1 200 OK
content-type: application/json;charset=UTF-8
date: Sat, 13 May 2023 01:44:58 GMT
server: monocle/0.42
content-length: 13
x-request-id: 4e3aeeb6-d3ff-42f1-a172-160999c61e3b

21:44:58.691 [AsyncHttpClient-1-2] DEBUG org.asynchttpclient.netty.channel.ChannelManager -- Adding key: https://ondemand.us-west-1.saucelabs.com:443 for channel [id: 0xfbedb3e3, L:/192.168.1.146:57708 - R:ondemand.us-west-1.saucelabs.com/66.85.52.224:443]
21:44:58.691 [Forwarding switchToParentFrame on session fc23df27e25c4a7d9c7067a436198608 to remote] DEBUG org.asynchttpclient.netty.request.NettyRequestSender -- Using pooled Channel '[id: 0xfbedb3e3, L:/192.168.1.146:57708 - R:ondemand.us-west-1.saucelabs.com/66.85.52.224:443]' for 'POST' to 'https://oauth-autolazare-558fb:f8d0a4b4-e059-4b39-a9eb-366965b887b1@ondemand.us-west-1.saucelabs.com:443/wd/hub/session/fc23df27e25c4a7d9c7067a436198608/frame/parent'
21:44:58.691 [Forwarding switchToParentFrame on session fc23df27e25c4a7d9c7067a436198608 to remote] DEBUG org.asynchttpclient.netty.request.NettyRequestSender -- Using open Channel [id: 0xfbedb3e3, L:/192.168.1.146:57708 - R:ondemand.us-west-1.saucelabs.com/66.85.52.224:443] for POST '/wd/hub/session/fc23df27e25c4a7d9c7067a436198608/frame/parent'
21:44:58.907 [AsyncHttpClient-1-2] DEBUG org.asynchttpclient.netty.handler.HttpHandler -- 

Request DefaultHttpRequest(decodeResult: success, version: HTTP/1.1)
POST /wd/hub/session/fc23df27e25c4a7d9c7067a436198608/frame/parent HTTP/1.1
User-Agent: selenium/4.9.0 (java windows)
traceparent: 00-8d02b511345f6c5c114c2a3d45094801-432ea257ae67e319-01
Content-Length: 3
Content-Type: application/json; charset=utf-8
host: ondemand.us-west-1.saucelabs.com
authorization: Basic b2F1dGgtYXV0b2xhemFyZS01NThmYjpmOGQwYTRiNC1lMDU5LTRiMzktYTllYi0zNjY5NjViODg3YjE=
accept: */*

Response DefaultHttpResponse(decodeResult: success, version: HTTP/1.1)
HTTP/1.1 200 OK
content-type: application/json;charset=UTF-8
date: Sat, 13 May 2023 01:44:58 GMT
server: monocle/0.42
content-length: 15
x-request-id: de1d9b19-6f35-47f7-9c7a-f4213f4a2b19

21:44:58.907 [AsyncHttpClient-1-2] DEBUG org.asynchttpclient.netty.channel.ChannelManager -- Adding key: https://ondemand.us-west-1.saucelabs.com:443 for channel [id: 0xfbedb3e3, L:/192.168.1.146:57708 - R:ondemand.us-west-1.saucelabs.com/66.85.52.224:443]
21:44:58.909 [Forwarding switchToFrame on session fc23df27e25c4a7d9c7067a436198608 to remote] DEBUG org.asynchttpclient.netty.request.NettyRequestSender -- Using pooled Channel '[id: 0xfbedb3e3, L:/192.168.1.146:57708 - R:ondemand.us-west-1.saucelabs.com/66.85.52.224:443]' for 'POST' to 'https://oauth-autolazare-558fb:f8d0a4b4-e059-4b39-a9eb-366965b887b1@ondemand.us-west-1.saucelabs.com:443/wd/hub/session/fc23df27e25c4a7d9c7067a436198608/frame'
21:44:58.909 [Forwarding switchToFrame on session fc23df27e25c4a7d9c7067a436198608 to remote] DEBUG org.asynchttpclient.netty.request.NettyRequestSender -- Using open Channel [id: 0xfbedb3e3, L:/192.168.1.146:57708 - R:ondemand.us-west-1.saucelabs.com/66.85.52.224:443] for POST '/wd/hub/session/fc23df27e25c4a7d9c7067a436198608/frame'
21:44:59.117 [AsyncHttpClient-1-2] DEBUG org.asynchttpclient.netty.handler.HttpHandler -- 

Request DefaultHttpRequest(decodeResult: success, version: HTTP/1.1)
POST /wd/hub/session/fc23df27e25c4a7d9c7067a436198608/frame HTTP/1.1
User-Agent: selenium/4.9.0 (java windows)
traceparent: 00-d8474af2a5979c46faa66499e872b0b8-f48f3ca7fb3f902f-01
Content-Length: 106
Content-Type: application/json; charset=utf-8
host: ondemand.us-west-1.saucelabs.com
authorization: Basic b2F1dGgtYXV0b2xhemFyZS01NThmYjpmOGQwYTRiNC1lMDU5LTRiMzktYTllYi0zNjY5NjViODg3YjE=
accept: */*

Response DefaultHttpResponse(decodeResult: success, version: HTTP/1.1)
HTTP/1.1 200 OK
content-type: application/json;charset=UTF-8
date: Sat, 13 May 2023 01:44:58 GMT
server: monocle/0.42
content-length: 15
x-request-id: 61d398af-9c7e-4923-af4a-0bad48b23764

21:44:59.118 [AsyncHttpClient-1-2] DEBUG org.asynchttpclient.netty.channel.ChannelManager -- Adding key: https://ondemand.us-west-1.saucelabs.com:443 for channel [id: 0xfbedb3e3, L:/192.168.1.146:57708 - R:ondemand.us-west-1.saucelabs.com/66.85.52.224:443]
21:44:59.120 [Forwarding executeScript on session fc23df27e25c4a7d9c7067a436198608 to remote] DEBUG org.asynchttpclient.netty.request.NettyRequestSender -- Using pooled Channel '[id: 0xfbedb3e3, L:/192.168.1.146:57708 - R:ondemand.us-west-1.saucelabs.com/66.85.52.224:443]' for 'POST' to 'https://oauth-autolazare-558fb:f8d0a4b4-e059-4b39-a9eb-366965b887b1@ondemand.us-west-1.saucelabs.com:443/wd/hub/session/fc23df27e25c4a7d9c7067a436198608/execute/sync'
21:44:59.120 [Forwarding executeScript on session fc23df27e25c4a7d9c7067a436198608 to remote] DEBUG org.asynchttpclient.netty.request.NettyRequestSender -- Using open Channel [id: 0xfbedb3e3, L:/192.168.1.146:57708 - R:ondemand.us-west-1.saucelabs.com/66.85.52.224:443] for POST '/wd/hub/session/fc23df27e25c4a7d9c7067a436198608/execute/sync'
21:44:59.332 [AsyncHttpClient-1-2] DEBUG org.asynchttpclient.netty.handler.HttpHandler -- 

Request DefaultHttpRequest(decodeResult: success, version: HTTP/1.1)
POST /wd/hub/session/fc23df27e25c4a7d9c7067a436198608/execute/sync HTTP/1.1
User-Agent: selenium/4.9.0 (java windows)
traceparent: 00-731a4ed8ae0b96f584fff3dfd8a1a9f6-054b56afa56cb6d8-01
Content-Length: 99
Content-Type: application/json; charset=utf-8
host: ondemand.us-west-1.saucelabs.com
authorization: Basic b2F1dGgtYXV0b2xhemFyZS01NThmYjpmOGQwYTRiNC1lMDU5LTRiMzktYTllYi0zNjY5NjViODg3YjE=
accept: */*

Response DefaultHttpResponse(decodeResult: success, version: HTTP/1.1)
HTTP/1.1 200 OK
content-type: application/json;charset=UTF-8
date: Sat, 13 May 2023 01:44:59 GMT
server: monocle/0.42
content-length: 15
x-request-id: 6172f212-a88a-46f0-855b-61f76e9437cb

21:44:59.333 [AsyncHttpClient-1-2] DEBUG org.asynchttpclient.netty.channel.ChannelManager -- Adding key: https://ondemand.us-west-1.saucelabs.com:443 for channel [id: 0xfbedb3e3, L:/192.168.1.146:57708 - R:ondemand.us-west-1.saucelabs.com/66.85.52.224:443]
21:44:59.334 [Forwarding findElements on session fc23df27e25c4a7d9c7067a436198608 to remote] DEBUG org.asynchttpclient.netty.request.NettyRequestSender -- Using pooled Channel '[id: 0xfbedb3e3, L:/192.168.1.146:57708 - R:ondemand.us-west-1.saucelabs.com/66.85.52.224:443]' for 'POST' to 'https://oauth-autolazare-558fb:f8d0a4b4-e059-4b39-a9eb-366965b887b1@ondemand.us-west-1.saucelabs.com:443/wd/hub/session/fc23df27e25c4a7d9c7067a436198608/elements'
21:44:59.334 [Forwarding findElements on session fc23df27e25c4a7d9c7067a436198608 to remote] DEBUG org.asynchttpclient.netty.request.NettyRequestSender -- Using open Channel [id: 0xfbedb3e3, L:/192.168.1.146:57708 - R:ondemand.us-west-1.saucelabs.com/66.85.52.224:443] for POST '/wd/hub/session/fc23df27e25c4a7d9c7067a436198608/elements'
21:44:59.528 [AsyncHttpClient-1-2] DEBUG org.asynchttpclient.netty.handler.HttpHandler -- 

Request DefaultHttpRequest(decodeResult: success, version: HTTP/1.1)
POST /wd/hub/session/fc23df27e25c4a7d9c7067a436198608/elements HTTP/1.1
User-Agent: selenium/4.9.0 (java windows)
traceparent: 00-b72a09f6e6b4d137df72c76946234cf5-2809019ad1575770-01
Content-Length: 98
Content-Type: application/json; charset=utf-8
host: ondemand.us-west-1.saucelabs.com
authorization: Basic b2F1dGgtYXV0b2xhemFyZS01NThmYjpmOGQwYTRiNC1lMDU5LTRiMzktYTllYi0zNjY5NjViODg3YjE=
accept: */*

Response DefaultHttpResponse(decodeResult: success, version: HTTP/1.1)
HTTP/1.1 200 OK
content-type: application/json;charset=UTF-8
date: Sat, 13 May 2023 01:44:59 GMT
server: monocle/0.42
content-length: 13
x-request-id: 3f02e766-1ab5-4476-80c9-30f4c46d81ad

21:44:59.529 [AsyncHttpClient-1-2] DEBUG org.asynchttpclient.netty.channel.ChannelManager -- Adding key: https://ondemand.us-west-1.saucelabs.com:443 for channel [id: 0xfbedb3e3, L:/192.168.1.146:57708 - R:ondemand.us-west-1.saucelabs.com/66.85.52.224:443]
21:44:59.531 [Forwarding switchToParentFrame on session fc23df27e25c4a7d9c7067a436198608 to remote] DEBUG org.asynchttpclient.netty.request.NettyRequestSender -- Using pooled Channel '[id: 0xfbedb3e3, L:/192.168.1.146:57708 - R:ondemand.us-west-1.saucelabs.com/66.85.52.224:443]' for 'POST' to 'https://oauth-autolazare-558fb:f8d0a4b4-e059-4b39-a9eb-366965b887b1@ondemand.us-west-1.saucelabs.com:443/wd/hub/session/fc23df27e25c4a7d9c7067a436198608/frame/parent'
21:44:59.531 [Forwarding switchToParentFrame on session fc23df27e25c4a7d9c7067a436198608 to remote] DEBUG org.asynchttpclient.netty.request.NettyRequestSender -- Using open Channel [id: 0xfbedb3e3, L:/192.168.1.146:57708 - R:ondemand.us-west-1.saucelabs.com/66.85.52.224:443] for POST '/wd/hub/session/fc23df27e25c4a7d9c7067a436198608/frame/parent'
21:44:59.734 [AsyncHttpClient-1-2] DEBUG org.asynchttpclient.netty.handler.HttpHandler -- 

Request DefaultHttpRequest(decodeResult: success, version: HTTP/1.1)
POST /wd/hub/session/fc23df27e25c4a7d9c7067a436198608/frame/parent HTTP/1.1
User-Agent: selenium/4.9.0 (java windows)
traceparent: 00-bae633426acb0c4658f920d76ca46fc9-b9dc58906cc9c5b5-01
Content-Length: 3
Content-Type: application/json; charset=utf-8
host: ondemand.us-west-1.saucelabs.com
authorization: Basic b2F1dGgtYXV0b2xhemFyZS01NThmYjpmOGQwYTRiNC1lMDU5LTRiMzktYTllYi0zNjY5NjViODg3YjE=
accept: */*

Response DefaultHttpResponse(decodeResult: success, version: HTTP/1.1)
HTTP/1.1 200 OK
content-type: application/json;charset=UTF-8
date: Sat, 13 May 2023 01:44:59 GMT
server: monocle/0.42
content-length: 15
x-request-id: c9875e2d-a85b-4090-a3b7-5ef22e989a77

21:44:59.734 [AsyncHttpClient-1-2] DEBUG org.asynchttpclient.netty.channel.ChannelManager -- Adding key: https://ondemand.us-west-1.saucelabs.com:443 for channel [id: 0xfbedb3e3, L:/192.168.1.146:57708 - R:ondemand.us-west-1.saucelabs.com/66.85.52.224:443]
21:44:59.737 [Forwarding switchToParentFrame on session fc23df27e25c4a7d9c7067a436198608 to remote] DEBUG org.asynchttpclient.netty.request.NettyRequestSender -- Using pooled Channel '[id: 0xfbedb3e3, L:/192.168.1.146:57708 - R:ondemand.us-west-1.saucelabs.com/66.85.52.224:443]' for 'POST' to 'https://oauth-autolazare-558fb:f8d0a4b4-e059-4b39-a9eb-366965b887b1@ondemand.us-west-1.saucelabs.com:443/wd/hub/session/fc23df27e25c4a7d9c7067a436198608/frame/parent'
21:44:59.737 [Forwarding switchToParentFrame on session fc23df27e25c4a7d9c7067a436198608 to remote] DEBUG org.asynchttpclient.netty.request.NettyRequestSender -- Using open Channel [id: 0xfbedb3e3, L:/192.168.1.146:57708 - R:ondemand.us-west-1.saucelabs.com/66.85.52.224:443] for POST '/wd/hub/session/fc23df27e25c4a7d9c7067a436198608/frame/parent'
21:44:59.911 [AsyncHttpClient-1-2] DEBUG org.asynchttpclient.netty.handler.HttpHandler -- 

Request DefaultHttpRequest(decodeResult: success, version: HTTP/1.1)
POST /wd/hub/session/fc23df27e25c4a7d9c7067a436198608/frame/parent HTTP/1.1
User-Agent: selenium/4.9.0 (java windows)
traceparent: 00-d4711741e1990bddaff635a946b91782-43cf9041af3c4b41-01
Content-Length: 3
Content-Type: application/json; charset=utf-8
host: ondemand.us-west-1.saucelabs.com
authorization: Basic b2F1dGgtYXV0b2xhemFyZS01NThmYjpmOGQwYTRiNC1lMDU5LTRiMzktYTllYi0zNjY5NjViODg3YjE=
accept: */*

Response DefaultHttpResponse(decodeResult: success, version: HTTP/1.1)
HTTP/1.1 200 OK
content-type: application/json;charset=UTF-8
date: Sat, 13 May 2023 01:44:59 GMT
server: monocle/0.42
content-length: 15
x-request-id: 56c705d2-e7b5-4714-8d1f-003268a66fb2

21:44:59.912 [AsyncHttpClient-1-2] DEBUG org.asynchttpclient.netty.channel.ChannelManager -- Adding key: https://ondemand.us-west-1.saucelabs.com:443 for channel [id: 0xfbedb3e3, L:/192.168.1.146:57708 - R:ondemand.us-west-1.saucelabs.com/66.85.52.224:443]
21:44:59.913 [Forwarding switchToFrame on session fc23df27e25c4a7d9c7067a436198608 to remote] DEBUG org.asynchttpclient.netty.request.NettyRequestSender -- Using pooled Channel '[id: 0xfbedb3e3, L:/192.168.1.146:57708 - R:ondemand.us-west-1.saucelabs.com/66.85.52.224:443]' for 'POST' to 'https://oauth-autolazare-558fb:f8d0a4b4-e059-4b39-a9eb-366965b887b1@ondemand.us-west-1.saucelabs.com:443/wd/hub/session/fc23df27e25c4a7d9c7067a436198608/frame'
21:44:59.913 [Forwarding switchToFrame on session fc23df27e25c4a7d9c7067a436198608 to remote] DEBUG org.asynchttpclient.netty.request.NettyRequestSender -- Using open Channel [id: 0xfbedb3e3, L:/192.168.1.146:57708 - R:ondemand.us-west-1.saucelabs.com/66.85.52.224:443] for POST '/wd/hub/session/fc23df27e25c4a7d9c7067a436198608/frame'
21:45:00.193 [AsyncHttpClient-1-2] DEBUG org.asynchttpclient.netty.handler.HttpHandler -- 

Request DefaultHttpRequest(decodeResult: success, version: HTTP/1.1)
POST /wd/hub/session/fc23df27e25c4a7d9c7067a436198608/frame HTTP/1.1
User-Agent: selenium/4.9.0 (java windows)
traceparent: 00-84ad25f77473a12dbc9a2de538340362-9c0b0fa37230f933-01
Content-Length: 106
Content-Type: application/json; charset=utf-8
host: ondemand.us-west-1.saucelabs.com
authorization: Basic b2F1dGgtYXV0b2xhemFyZS01NThmYjpmOGQwYTRiNC1lMDU5LTRiMzktYTllYi0zNjY5NjViODg3YjE=
accept: */*

Response DefaultHttpResponse(decodeResult: success, version: HTTP/1.1)
HTTP/1.1 200 OK
content-type: application/json;charset=UTF-8
date: Sat, 13 May 2023 01:44:59 GMT
server: monocle/0.42
content-length: 15
x-request-id: ef0acb32-43c4-4f50-9eed-a0e651b1f7ec

21:45:00.193 [AsyncHttpClient-1-2] DEBUG org.asynchttpclient.netty.channel.ChannelManager -- Adding key: https://ondemand.us-west-1.saucelabs.com:443 for channel [id: 0xfbedb3e3, L:/192.168.1.146:57708 - R:ondemand.us-west-1.saucelabs.com/66.85.52.224:443]
21:45:00.195 [Forwarding executeScript on session fc23df27e25c4a7d9c7067a436198608 to remote] DEBUG org.asynchttpclient.netty.request.NettyRequestSender -- Using pooled Channel '[id: 0xfbedb3e3, L:/192.168.1.146:57708 - R:ondemand.us-west-1.saucelabs.com/66.85.52.224:443]' for 'POST' to 'https://oauth-autolazare-558fb:f8d0a4b4-e059-4b39-a9eb-366965b887b1@ondemand.us-west-1.saucelabs.com:443/wd/hub/session/fc23df27e25c4a7d9c7067a436198608/execute/sync'
21:45:00.195 [Forwarding executeScript on session fc23df27e25c4a7d9c7067a436198608 to remote] DEBUG org.asynchttpclient.netty.request.NettyRequestSender -- Using open Channel [id: 0xfbedb3e3, L:/192.168.1.146:57708 - R:ondemand.us-west-1.saucelabs.com/66.85.52.224:443] for POST '/wd/hub/session/fc23df27e25c4a7d9c7067a436198608/execute/sync'
21:45:00.380 [AsyncHttpClient-1-2] DEBUG org.asynchttpclient.netty.handler.HttpHandler -- 

Request DefaultHttpRequest(decodeResult: success, version: HTTP/1.1)
POST /wd/hub/session/fc23df27e25c4a7d9c7067a436198608/execute/sync HTTP/1.1
User-Agent: selenium/4.9.0 (java windows)
traceparent: 00-75764ebb022bb2614c4fbd465003818f-388cbc3832076cc1-01
Content-Length: 99
Content-Type: application/json; charset=utf-8
host: ondemand.us-west-1.saucelabs.com
authorization: Basic b2F1dGgtYXV0b2xhemFyZS01NThmYjpmOGQwYTRiNC1lMDU5LTRiMzktYTllYi0zNjY5NjViODg3YjE=
accept: */*

Response DefaultHttpResponse(decodeResult: success, version: HTTP/1.1)
HTTP/1.1 200 OK
content-type: application/json;charset=UTF-8
date: Sat, 13 May 2023 01:45:00 GMT
server: monocle/0.42
content-length: 15
x-request-id: e856a1a0-3cbb-4b69-b77f-d3050c96c9c0

21:45:00.380 [AsyncHttpClient-1-2] DEBUG org.asynchttpclient.netty.channel.ChannelManager -- Adding key: https://ondemand.us-west-1.saucelabs.com:443 for channel [id: 0xfbedb3e3, L:/192.168.1.146:57708 - R:ondemand.us-west-1.saucelabs.com/66.85.52.224:443]
21:45:00.381 [Forwarding findElements on session fc23df27e25c4a7d9c7067a436198608 to remote] DEBUG org.asynchttpclient.netty.request.NettyRequestSender -- Using pooled Channel '[id: 0xfbedb3e3, L:/192.168.1.146:57708 - R:ondemand.us-west-1.saucelabs.com/66.85.52.224:443]' for 'POST' to 'https://oauth-autolazare-558fb:f8d0a4b4-e059-4b39-a9eb-366965b887b1@ondemand.us-west-1.saucelabs.com:443/wd/hub/session/fc23df27e25c4a7d9c7067a436198608/elements'
21:45:00.381 [Forwarding findElements on session fc23df27e25c4a7d9c7067a436198608 to remote] DEBUG org.asynchttpclient.netty.request.NettyRequestSender -- Using open Channel [id: 0xfbedb3e3, L:/192.168.1.146:57708 - R:ondemand.us-west-1.saucelabs.com/66.85.52.224:443] for POST '/wd/hub/session/fc23df27e25c4a7d9c7067a436198608/elements'
21:45:00.585 [AsyncHttpClient-1-2] DEBUG org.asynchttpclient.netty.handler.HttpHandler -- 

Request DefaultHttpRequest(decodeResult: success, version: HTTP/1.1)
POST /wd/hub/session/fc23df27e25c4a7d9c7067a436198608/elements HTTP/1.1
User-Agent: selenium/4.9.0 (java windows)
traceparent: 00-9dc9e50d0d471c733e3b2bfbae33050f-2c3a0a453da40ceb-01
Content-Length: 98
Content-Type: application/json; charset=utf-8
host: ondemand.us-west-1.saucelabs.com
authorization: Basic b2F1dGgtYXV0b2xhemFyZS01NThmYjpmOGQwYTRiNC1lMDU5LTRiMzktYTllYi0zNjY5NjViODg3YjE=
accept: */*

Response DefaultHttpResponse(decodeResult: success, version: HTTP/1.1)
HTTP/1.1 200 OK
content-type: application/json;charset=UTF-8
date: Sat, 13 May 2023 01:45:00 GMT
server: monocle/0.42
content-length: 187
x-request-id: ffd05dff-9b3b-44bc-a082-b4ddcec48157

21:45:00.585 [AsyncHttpClient-1-2] DEBUG org.asynchttpclient.netty.channel.ChannelManager -- Adding key: https://ondemand.us-west-1.saucelabs.com:443 for channel [id: 0xfbedb3e3, L:/192.168.1.146:57708 - R:ondemand.us-west-1.saucelabs.com/66.85.52.224:443]
21:45:00.587 [Forwarding switchToFrame on session fc23df27e25c4a7d9c7067a436198608 to remote] DEBUG org.asynchttpclient.netty.request.NettyRequestSender -- Using pooled Channel '[id: 0xfbedb3e3, L:/192.168.1.146:57708 - R:ondemand.us-west-1.saucelabs.com/66.85.52.224:443]' for 'POST' to 'https://oauth-autolazare-558fb:f8d0a4b4-e059-4b39-a9eb-366965b887b1@ondemand.us-west-1.saucelabs.com:443/wd/hub/session/fc23df27e25c4a7d9c7067a436198608/frame'
21:45:00.587 [Forwarding switchToFrame on session fc23df27e25c4a7d9c7067a436198608 to remote] DEBUG org.asynchttpclient.netty.request.NettyRequestSender -- Using open Channel [id: 0xfbedb3e3, L:/192.168.1.146:57708 - R:ondemand.us-west-1.saucelabs.com/66.85.52.224:443] for POST '/wd/hub/session/fc23df27e25c4a7d9c7067a436198608/frame'
21:45:00.806 [AsyncHttpClient-1-2] DEBUG org.asynchttpclient.netty.handler.HttpHandler -- 

Request DefaultHttpRequest(decodeResult: success, version: HTTP/1.1)
POST /wd/hub/session/fc23df27e25c4a7d9c7067a436198608/frame HTTP/1.1
User-Agent: selenium/4.9.0 (java windows)
traceparent: 00-ad7f1a364150b2775f0e3586939507d5-7f077c9fb5a8c6bc-01
Content-Length: 106
Content-Type: application/json; charset=utf-8
host: ondemand.us-west-1.saucelabs.com
authorization: Basic b2F1dGgtYXV0b2xhemFyZS01NThmYjpmOGQwYTRiNC1lMDU5LTRiMzktYTllYi0zNjY5NjViODg3YjE=
accept: */*

Response DefaultHttpResponse(decodeResult: success, version: HTTP/1.1)
HTTP/1.1 200 OK
content-type: application/json;charset=UTF-8
date: Sat, 13 May 2023 01:45:00 GMT
server: monocle/0.42
content-length: 15
x-request-id: 3ecfb9e7-a9f2-4da1-a7b7-8e0619779e54

21:45:00.806 [AsyncHttpClient-1-2] DEBUG org.asynchttpclient.netty.channel.ChannelManager -- Adding key: https://ondemand.us-west-1.saucelabs.com:443 for channel [id: 0xfbedb3e3, L:/192.168.1.146:57708 - R:ondemand.us-west-1.saucelabs.com/66.85.52.224:443]
21:45:00.821 [Forwarding executeScript on session fc23df27e25c4a7d9c7067a436198608 to remote] DEBUG org.asynchttpclient.netty.request.NettyRequestSender -- Using pooled Channel '[id: 0xfbedb3e3, L:/192.168.1.146:57708 - R:ondemand.us-west-1.saucelabs.com/66.85.52.224:443]' for 'POST' to 'https://oauth-autolazare-558fb:f8d0a4b4-e059-4b39-a9eb-366965b887b1@ondemand.us-west-1.saucelabs.com:443/wd/hub/session/fc23df27e25c4a7d9c7067a436198608/execute/sync'
21:45:00.821 [Forwarding executeScript on session fc23df27e25c4a7d9c7067a436198608 to remote] DEBUG org.asynchttpclient.netty.request.NettyRequestSender -- Using open Channel [id: 0xfbedb3e3, L:/192.168.1.146:57708 - R:ondemand.us-west-1.saucelabs.com/66.85.52.224:443] for POST '/wd/hub/session/fc23df27e25c4a7d9c7067a436198608/execute/sync'
21:45:00.987 [AsyncHttpClient-1-2] DEBUG org.asynchttpclient.netty.handler.HttpHandler -- 

Request DefaultHttpRequest(decodeResult: success, version: HTTP/1.1)
POST /wd/hub/session/fc23df27e25c4a7d9c7067a436198608/execute/sync HTTP/1.1
User-Agent: selenium/4.9.0 (java windows)
traceparent: 00-8ec6b23ed9eeb6f883705cc8d1b3713a-4745650e26ffdb4c-01
Content-Length: 99
Content-Type: application/json; charset=utf-8
host: ondemand.us-west-1.saucelabs.com
authorization: Basic b2F1dGgtYXV0b2xhemFyZS01NThmYjpmOGQwYTRiNC1lMDU5LTRiMzktYTllYi0zNjY5NjViODg3YjE=
accept: */*

Response DefaultHttpResponse(decodeResult: success, version: HTTP/1.1)
HTTP/1.1 200 OK
content-type: application/json;charset=UTF-8
date: Sat, 13 May 2023 01:45:00 GMT
server: monocle/0.42
content-length: 15
x-request-id: facb58d6-f2b9-469d-b3ce-59a28925013d

21:45:00.987 [AsyncHttpClient-1-2] DEBUG org.asynchttpclient.netty.channel.ChannelManager -- Adding key: https://ondemand.us-west-1.saucelabs.com:443 for channel [id: 0xfbedb3e3, L:/192.168.1.146:57708 - R:ondemand.us-west-1.saucelabs.com/66.85.52.224:443]
21:45:00.990 [Forwarding findElements on session fc23df27e25c4a7d9c7067a436198608 to remote] DEBUG org.asynchttpclient.netty.request.NettyRequestSender -- Using pooled Channel '[id: 0xfbedb3e3, L:/192.168.1.146:57708 - R:ondemand.us-west-1.saucelabs.com/66.85.52.224:443]' for 'POST' to 'https://oauth-autolazare-558fb:f8d0a4b4-e059-4b39-a9eb-366965b887b1@ondemand.us-west-1.saucelabs.com:443/wd/hub/session/fc23df27e25c4a7d9c7067a436198608/elements'
21:45:00.990 [Forwarding findElements on session fc23df27e25c4a7d9c7067a436198608 to remote] DEBUG org.asynchttpclient.netty.request.NettyRequestSender -- Using open Channel [id: 0xfbedb3e3, L:/192.168.1.146:57708 - R:ondemand.us-west-1.saucelabs.com/66.85.52.224:443] for POST '/wd/hub/session/fc23df27e25c4a7d9c7067a436198608/elements'
21:45:01.189 [AsyncHttpClient-1-2] DEBUG org.asynchttpclient.netty.handler.HttpHandler -- 

Request DefaultHttpRequest(decodeResult: success, version: HTTP/1.1)
POST /wd/hub/session/fc23df27e25c4a7d9c7067a436198608/elements HTTP/1.1
User-Agent: selenium/4.9.0 (java windows)
traceparent: 00-d6cbe83395c2113936764ed2a64bd268-48be948ace80dcf3-01
Content-Length: 98
Content-Type: application/json; charset=utf-8
host: ondemand.us-west-1.saucelabs.com
authorization: Basic b2F1dGgtYXV0b2xhemFyZS01NThmYjpmOGQwYTRiNC1lMDU5LTRiMzktYTllYi0zNjY5NjViODg3YjE=
accept: */*

Response DefaultHttpResponse(decodeResult: success, version: HTTP/1.1)
HTTP/1.1 200 OK
content-type: application/json;charset=UTF-8
date: Sat, 13 May 2023 01:45:01 GMT
server: monocle/0.42
content-length: 13
x-request-id: 881415dc-c33f-4425-9858-d932cf27b5c1

21:45:01.189 [AsyncHttpClient-1-2] DEBUG org.asynchttpclient.netty.channel.ChannelManager -- Adding key: https://ondemand.us-west-1.saucelabs.com:443 for channel [id: 0xfbedb3e3, L:/192.168.1.146:57708 - R:ondemand.us-west-1.saucelabs.com/66.85.52.224:443]
21:45:01.190 [Forwarding switchToParentFrame on session fc23df27e25c4a7d9c7067a436198608 to remote] DEBUG org.asynchttpclient.netty.request.NettyRequestSender -- Using pooled Channel '[id: 0xfbedb3e3, L:/192.168.1.146:57708 - R:ondemand.us-west-1.saucelabs.com/66.85.52.224:443]' for 'POST' to 'https://oauth-autolazare-558fb:f8d0a4b4-e059-4b39-a9eb-366965b887b1@ondemand.us-west-1.saucelabs.com:443/wd/hub/session/fc23df27e25c4a7d9c7067a436198608/frame/parent'
21:45:01.190 [Forwarding switchToParentFrame on session fc23df27e25c4a7d9c7067a436198608 to remote] DEBUG org.asynchttpclient.netty.request.NettyRequestSender -- Using open Channel [id: 0xfbedb3e3, L:/192.168.1.146:57708 - R:ondemand.us-west-1.saucelabs.com/66.85.52.224:443] for POST '/wd/hub/session/fc23df27e25c4a7d9c7067a436198608/frame/parent'
21:45:01.344 [AsyncHttpClient-1-2] DEBUG org.asynchttpclient.netty.handler.HttpHandler -- 

Request DefaultHttpRequest(decodeResult: success, version: HTTP/1.1)
POST /wd/hub/session/fc23df27e25c4a7d9c7067a436198608/frame/parent HTTP/1.1
User-Agent: selenium/4.9.0 (java windows)
traceparent: 00-90273e0aec93946682d3fd28f5c3be9e-18b3065e424f582e-01
Content-Length: 3
Content-Type: application/json; charset=utf-8
host: ondemand.us-west-1.saucelabs.com
authorization: Basic b2F1dGgtYXV0b2xhemFyZS01NThmYjpmOGQwYTRiNC1lMDU5LTRiMzktYTllYi0zNjY5NjViODg3YjE=
accept: */*

Response DefaultHttpResponse(decodeResult: success, version: HTTP/1.1)
HTTP/1.1 200 OK
content-type: application/json;charset=UTF-8
date: Sat, 13 May 2023 01:45:01 GMT
server: monocle/0.42
content-length: 15
x-request-id: 3f1a1348-4a0b-4bdf-8342-6716920094e3

21:45:01.344 [AsyncHttpClient-1-2] DEBUG org.asynchttpclient.netty.channel.ChannelManager -- Adding key: https://ondemand.us-west-1.saucelabs.com:443 for channel [id: 0xfbedb3e3, L:/192.168.1.146:57708 - R:ondemand.us-west-1.saucelabs.com/66.85.52.224:443]
21:45:01.346 [Forwarding switchToFrame on session fc23df27e25c4a7d9c7067a436198608 to remote] DEBUG org.asynchttpclient.netty.request.NettyRequestSender -- Using pooled Channel '[id: 0xfbedb3e3, L:/192.168.1.146:57708 - R:ondemand.us-west-1.saucelabs.com/66.85.52.224:443]' for 'POST' to 'https://oauth-autolazare-558fb:f8d0a4b4-e059-4b39-a9eb-366965b887b1@ondemand.us-west-1.saucelabs.com:443/wd/hub/session/fc23df27e25c4a7d9c7067a436198608/frame'
21:45:01.346 [Forwarding switchToFrame on session fc23df27e25c4a7d9c7067a436198608 to remote] DEBUG org.asynchttpclient.netty.request.NettyRequestSender -- Using open Channel [id: 0xfbedb3e3, L:/192.168.1.146:57708 - R:ondemand.us-west-1.saucelabs.com/66.85.52.224:443] for POST '/wd/hub/session/fc23df27e25c4a7d9c7067a436198608/frame'
21:45:01.605 [AsyncHttpClient-1-2] DEBUG org.asynchttpclient.netty.handler.HttpHandler -- 

Request DefaultHttpRequest(decodeResult: success, version: HTTP/1.1)
POST /wd/hub/session/fc23df27e25c4a7d9c7067a436198608/frame HTTP/1.1
User-Agent: selenium/4.9.0 (java windows)
traceparent: 00-9c8a0d53cc64e5be9223e442dde8dcae-d357a35b3c010d74-01
Content-Length: 106
Content-Type: application/json; charset=utf-8
host: ondemand.us-west-1.saucelabs.com
authorization: Basic b2F1dGgtYXV0b2xhemFyZS01NThmYjpmOGQwYTRiNC1lMDU5LTRiMzktYTllYi0zNjY5NjViODg3YjE=
accept: */*

Response DefaultHttpResponse(decodeResult: success, version: HTTP/1.1)
HTTP/1.1 200 OK
content-type: application/json;charset=UTF-8
date: Sat, 13 May 2023 01:45:01 GMT
server: monocle/0.42
content-length: 15
x-request-id: bcd6a9f3-120a-4b9e-a05a-b2ee89c15f93

21:45:01.605 [AsyncHttpClient-1-2] DEBUG org.asynchttpclient.netty.channel.ChannelManager -- Adding key: https://ondemand.us-west-1.saucelabs.com:443 for channel [id: 0xfbedb3e3, L:/192.168.1.146:57708 - R:ondemand.us-west-1.saucelabs.com/66.85.52.224:443]
21:45:01.623 [Forwarding executeScript on session fc23df27e25c4a7d9c7067a436198608 to remote] DEBUG org.asynchttpclient.netty.request.NettyRequestSender -- Using pooled Channel '[id: 0xfbedb3e3, L:/192.168.1.146:57708 - R:ondemand.us-west-1.saucelabs.com/66.85.52.224:443]' for 'POST' to 'https://oauth-autolazare-558fb:f8d0a4b4-e059-4b39-a9eb-366965b887b1@ondemand.us-west-1.saucelabs.com:443/wd/hub/session/fc23df27e25c4a7d9c7067a436198608/execute/sync'
21:45:01.623 [Forwarding executeScript on session fc23df27e25c4a7d9c7067a436198608 to remote] DEBUG org.asynchttpclient.netty.request.NettyRequestSender -- Using open Channel [id: 0xfbedb3e3, L:/192.168.1.146:57708 - R:ondemand.us-west-1.saucelabs.com/66.85.52.224:443] for POST '/wd/hub/session/fc23df27e25c4a7d9c7067a436198608/execute/sync'
21:45:01.804 [AsyncHttpClient-1-2] DEBUG org.asynchttpclient.netty.handler.HttpHandler -- 

Request DefaultHttpRequest(decodeResult: success, version: HTTP/1.1)
POST /wd/hub/session/fc23df27e25c4a7d9c7067a436198608/execute/sync HTTP/1.1
User-Agent: selenium/4.9.0 (java windows)
traceparent: 00-85a914858501c1f4afa2409329772575-6646394f41f08ff2-01
Content-Length: 99
Content-Type: application/json; charset=utf-8
host: ondemand.us-west-1.saucelabs.com
authorization: Basic b2F1dGgtYXV0b2xhemFyZS01NThmYjpmOGQwYTRiNC1lMDU5LTRiMzktYTllYi0zNjY5NjViODg3YjE=
accept: */*

Response DefaultHttpResponse(decodeResult: success, version: HTTP/1.1)
HTTP/1.1 200 OK
content-type: application/json;charset=UTF-8
date: Sat, 13 May 2023 01:45:01 GMT
server: monocle/0.42
content-length: 15
x-request-id: c073f9f9-c71f-4bd8-bb48-40dc17d51c35

21:45:01.804 [AsyncHttpClient-1-2] DEBUG org.asynchttpclient.netty.channel.ChannelManager -- Adding key: https://ondemand.us-west-1.saucelabs.com:443 for channel [id: 0xfbedb3e3, L:/192.168.1.146:57708 - R:ondemand.us-west-1.saucelabs.com/66.85.52.224:443]
21:45:01.805 [Forwarding findElements on session fc23df27e25c4a7d9c7067a436198608 to remote] DEBUG org.asynchttpclient.netty.request.NettyRequestSender -- Using pooled Channel '[id: 0xfbedb3e3, L:/192.168.1.146:57708 - R:ondemand.us-west-1.saucelabs.com/66.85.52.224:443]' for 'POST' to 'https://oauth-autolazare-558fb:f8d0a4b4-e059-4b39-a9eb-366965b887b1@ondemand.us-west-1.saucelabs.com:443/wd/hub/session/fc23df27e25c4a7d9c7067a436198608/elements'
21:45:01.805 [Forwarding findElements on session fc23df27e25c4a7d9c7067a436198608 to remote] DEBUG org.asynchttpclient.netty.request.NettyRequestSender -- Using open Channel [id: 0xfbedb3e3, L:/192.168.1.146:57708 - R:ondemand.us-west-1.saucelabs.com/66.85.52.224:443] for POST '/wd/hub/session/fc23df27e25c4a7d9c7067a436198608/elements'
21:45:02.035 [AsyncHttpClient-1-2] DEBUG org.asynchttpclient.netty.handler.HttpHandler -- 

Request DefaultHttpRequest(decodeResult: success, version: HTTP/1.1)
POST /wd/hub/session/fc23df27e25c4a7d9c7067a436198608/elements HTTP/1.1
User-Agent: selenium/4.9.0 (java windows)
traceparent: 00-80fd1fe3a8e758b4a6ead6cdf2dc13a3-de5a3875a739bde0-01
Content-Length: 98
Content-Type: application/json; charset=utf-8
host: ondemand.us-west-1.saucelabs.com
authorization: Basic b2F1dGgtYXV0b2xhemFyZS01NThmYjpmOGQwYTRiNC1lMDU5LTRiMzktYTllYi0zNjY5NjViODg3YjE=
accept: */*

Response DefaultHttpResponse(decodeResult: success, version: HTTP/1.1)
HTTP/1.1 200 OK
content-type: application/json;charset=UTF-8
date: Sat, 13 May 2023 01:45:01 GMT
server: monocle/0.42
content-length: 13
x-request-id: 8ba0372d-2ffd-4387-ab89-7a7d84810ec8

21:45:02.035 [AsyncHttpClient-1-2] DEBUG org.asynchttpclient.netty.channel.ChannelManager -- Adding key: https://ondemand.us-west-1.saucelabs.com:443 for channel [id: 0xfbedb3e3, L:/192.168.1.146:57708 - R:ondemand.us-west-1.saucelabs.com/66.85.52.224:443]
21:45:02.037 [Forwarding switchToParentFrame on session fc23df27e25c4a7d9c7067a436198608 to remote] DEBUG org.asynchttpclient.netty.request.NettyRequestSender -- Using pooled Channel '[id: 0xfbedb3e3, L:/192.168.1.146:57708 - R:ondemand.us-west-1.saucelabs.com/66.85.52.224:443]' for 'POST' to 'https://oauth-autolazare-558fb:f8d0a4b4-e059-4b39-a9eb-366965b887b1@ondemand.us-west-1.saucelabs.com:443/wd/hub/session/fc23df27e25c4a7d9c7067a436198608/frame/parent'
21:45:02.037 [Forwarding switchToParentFrame on session fc23df27e25c4a7d9c7067a436198608 to remote] DEBUG org.asynchttpclient.netty.request.NettyRequestSender -- Using open Channel [id: 0xfbedb3e3, L:/192.168.1.146:57708 - R:ondemand.us-west-1.saucelabs.com/66.85.52.224:443] for POST '/wd/hub/session/fc23df27e25c4a7d9c7067a436198608/frame/parent'
21:45:02.235 [AsyncHttpClient-1-2] DEBUG org.asynchttpclient.netty.handler.HttpHandler -- 

Request DefaultHttpRequest(decodeResult: success, version: HTTP/1.1)
POST /wd/hub/session/fc23df27e25c4a7d9c7067a436198608/frame/parent HTTP/1.1
User-Agent: selenium/4.9.0 (java windows)
traceparent: 00-5c9bf90ec66ddcd7c7526acf7f95b8e1-aa49e326fb30e62a-01
Content-Length: 3
Content-Type: application/json; charset=utf-8
host: ondemand.us-west-1.saucelabs.com
authorization: Basic b2F1dGgtYXV0b2xhemFyZS01NThmYjpmOGQwYTRiNC1lMDU5LTRiMzktYTllYi0zNjY5NjViODg3YjE=
accept: */*

Response DefaultHttpResponse(decodeResult: success, version: HTTP/1.1)
HTTP/1.1 200 OK
content-type: application/json;charset=UTF-8
date: Sat, 13 May 2023 01:45:02 GMT
server: monocle/0.42
content-length: 15
x-request-id: 9c41ea48-e929-46cd-82a2-6d2fd4eb56bc

21:45:02.237 [AsyncHttpClient-1-2] DEBUG org.asynchttpclient.netty.channel.ChannelManager -- Adding key: https://ondemand.us-west-1.saucelabs.com:443 for channel [id: 0xfbedb3e3, L:/192.168.1.146:57708 - R:ondemand.us-west-1.saucelabs.com/66.85.52.224:443]
21:45:02.238 [Forwarding switchToParentFrame on session fc23df27e25c4a7d9c7067a436198608 to remote] DEBUG org.asynchttpclient.netty.request.NettyRequestSender -- Using pooled Channel '[id: 0xfbedb3e3, L:/192.168.1.146:57708 - R:ondemand.us-west-1.saucelabs.com/66.85.52.224:443]' for 'POST' to 'https://oauth-autolazare-558fb:f8d0a4b4-e059-4b39-a9eb-366965b887b1@ondemand.us-west-1.saucelabs.com:443/wd/hub/session/fc23df27e25c4a7d9c7067a436198608/frame/parent'
21:45:02.238 [Forwarding switchToParentFrame on session fc23df27e25c4a7d9c7067a436198608 to remote] DEBUG org.asynchttpclient.netty.request.NettyRequestSender -- Using open Channel [id: 0xfbedb3e3, L:/192.168.1.146:57708 - R:ondemand.us-west-1.saucelabs.com/66.85.52.224:443] for POST '/wd/hub/session/fc23df27e25c4a7d9c7067a436198608/frame/parent'
21:45:02.394 [AsyncHttpClient-1-2] DEBUG org.asynchttpclient.netty.handler.HttpHandler -- 

Request DefaultHttpRequest(decodeResult: success, version: HTTP/1.1)
POST /wd/hub/session/fc23df27e25c4a7d9c7067a436198608/frame/parent HTTP/1.1
User-Agent: selenium/4.9.0 (java windows)
traceparent: 00-1237b3ba5dcbbd090106b9e863180390-75307b5bda96972f-01
Content-Length: 3
Content-Type: application/json; charset=utf-8
host: ondemand.us-west-1.saucelabs.com
authorization: Basic b2F1dGgtYXV0b2xhemFyZS01NThmYjpmOGQwYTRiNC1lMDU5LTRiMzktYTllYi0zNjY5NjViODg3YjE=
accept: */*

Response DefaultHttpResponse(decodeResult: success, version: HTTP/1.1)
HTTP/1.1 200 OK
content-type: application/json;charset=UTF-8
date: Sat, 13 May 2023 01:45:02 GMT
server: monocle/0.42
content-length: 15
x-request-id: baad858d-c07e-49d4-b627-dd8c5ce0dc8c

21:45:02.394 [AsyncHttpClient-1-2] DEBUG org.asynchttpclient.netty.channel.ChannelManager -- Adding key: https://ondemand.us-west-1.saucelabs.com:443 for channel [id: 0xfbedb3e3, L:/192.168.1.146:57708 - R:ondemand.us-west-1.saucelabs.com/66.85.52.224:443]
21:45:02.396 [Forwarding switchToFrame on session fc23df27e25c4a7d9c7067a436198608 to remote] DEBUG org.asynchttpclient.netty.request.NettyRequestSender -- Using pooled Channel '[id: 0xfbedb3e3, L:/192.168.1.146:57708 - R:ondemand.us-west-1.saucelabs.com/66.85.52.224:443]' for 'POST' to 'https://oauth-autolazare-558fb:f8d0a4b4-e059-4b39-a9eb-366965b887b1@ondemand.us-west-1.saucelabs.com:443/wd/hub/session/fc23df27e25c4a7d9c7067a436198608/frame'
21:45:02.396 [Forwarding switchToFrame on session fc23df27e25c4a7d9c7067a436198608 to remote] DEBUG org.asynchttpclient.netty.request.NettyRequestSender -- Using open Channel [id: 0xfbedb3e3, L:/192.168.1.146:57708 - R:ondemand.us-west-1.saucelabs.com/66.85.52.224:443] for POST '/wd/hub/session/fc23df27e25c4a7d9c7067a436198608/frame'
21:45:02.667 [AsyncHttpClient-1-2] DEBUG org.asynchttpclient.netty.handler.HttpHandler -- 

Request DefaultHttpRequest(decodeResult: success, version: HTTP/1.1)
POST /wd/hub/session/fc23df27e25c4a7d9c7067a436198608/frame HTTP/1.1
User-Agent: selenium/4.9.0 (java windows)
traceparent: 00-c971200add87c1392a4f0b57b80ba5f5-2b26788f11cce107-01
Content-Length: 106
Content-Type: application/json; charset=utf-8
host: ondemand.us-west-1.saucelabs.com
authorization: Basic b2F1dGgtYXV0b2xhemFyZS01NThmYjpmOGQwYTRiNC1lMDU5LTRiMzktYTllYi0zNjY5NjViODg3YjE=
accept: */*

Response DefaultHttpResponse(decodeResult: success, version: HTTP/1.1)
HTTP/1.1 200 OK
content-type: application/json;charset=UTF-8
date: Sat, 13 May 2023 01:45:02 GMT
server: monocle/0.42
content-length: 15
x-request-id: 76e5c127-bdf4-4e4b-bc19-8875f659727f

21:45:02.668 [AsyncHttpClient-1-2] DEBUG org.asynchttpclient.netty.channel.ChannelManager -- Adding key: https://ondemand.us-west-1.saucelabs.com:443 for channel [id: 0xfbedb3e3, L:/192.168.1.146:57708 - R:ondemand.us-west-1.saucelabs.com/66.85.52.224:443]
21:45:02.670 [Forwarding executeScript on session fc23df27e25c4a7d9c7067a436198608 to remote] DEBUG org.asynchttpclient.netty.request.NettyRequestSender -- Using pooled Channel '[id: 0xfbedb3e3, L:/192.168.1.146:57708 - R:ondemand.us-west-1.saucelabs.com/66.85.52.224:443]' for 'POST' to 'https://oauth-autolazare-558fb:f8d0a4b4-e059-4b39-a9eb-366965b887b1@ondemand.us-west-1.saucelabs.com:443/wd/hub/session/fc23df27e25c4a7d9c7067a436198608/execute/sync'
21:45:02.670 [Forwarding executeScript on session fc23df27e25c4a7d9c7067a436198608 to remote] DEBUG org.asynchttpclient.netty.request.NettyRequestSender -- Using open Channel [id: 0xfbedb3e3, L:/192.168.1.146:57708 - R:ondemand.us-west-1.saucelabs.com/66.85.52.224:443] for POST '/wd/hub/session/fc23df27e25c4a7d9c7067a436198608/execute/sync'
21:45:02.853 [AsyncHttpClient-1-2] DEBUG org.asynchttpclient.netty.handler.HttpHandler -- 

Request DefaultHttpRequest(decodeResult: success, version: HTTP/1.1)
POST /wd/hub/session/fc23df27e25c4a7d9c7067a436198608/execute/sync HTTP/1.1
User-Agent: selenium/4.9.0 (java windows)
traceparent: 00-37bbcdb056d542fb1b7d7d3ad3c1aa5b-43afb28dbaf8d035-01
Content-Length: 99
Content-Type: application/json; charset=utf-8
host: ondemand.us-west-1.saucelabs.com
authorization: Basic b2F1dGgtYXV0b2xhemFyZS01NThmYjpmOGQwYTRiNC1lMDU5LTRiMzktYTllYi0zNjY5NjViODg3YjE=
accept: */*

Response DefaultHttpResponse(decodeResult: success, version: HTTP/1.1)
HTTP/1.1 200 OK
content-type: application/json;charset=UTF-8
date: Sat, 13 May 2023 01:45:02 GMT
server: monocle/0.42
content-length: 15
x-request-id: ad7341b2-274f-4b60-8a2a-51dc20ca0d9f

21:45:02.853 [AsyncHttpClient-1-2] DEBUG org.asynchttpclient.netty.channel.ChannelManager -- Adding key: https://ondemand.us-west-1.saucelabs.com:443 for channel [id: 0xfbedb3e3, L:/192.168.1.146:57708 - R:ondemand.us-west-1.saucelabs.com/66.85.52.224:443]
21:45:02.857 [Forwarding findElements on session fc23df27e25c4a7d9c7067a436198608 to remote] DEBUG org.asynchttpclient.netty.request.NettyRequestSender -- Using pooled Channel '[id: 0xfbedb3e3, L:/192.168.1.146:57708 - R:ondemand.us-west-1.saucelabs.com/66.85.52.224:443]' for 'POST' to 'https://oauth-autolazare-558fb:f8d0a4b4-e059-4b39-a9eb-366965b887b1@ondemand.us-west-1.saucelabs.com:443/wd/hub/session/fc23df27e25c4a7d9c7067a436198608/elements'
21:45:02.857 [Forwarding findElements on session fc23df27e25c4a7d9c7067a436198608 to remote] DEBUG org.asynchttpclient.netty.request.NettyRequestSender -- Using open Channel [id: 0xfbedb3e3, L:/192.168.1.146:57708 - R:ondemand.us-west-1.saucelabs.com/66.85.52.224:443] for POST '/wd/hub/session/fc23df27e25c4a7d9c7067a436198608/elements'
21:45:03.043 [AsyncHttpClient-1-2] DEBUG org.asynchttpclient.netty.handler.HttpHandler -- 

Request DefaultHttpRequest(decodeResult: success, version: HTTP/1.1)
POST /wd/hub/session/fc23df27e25c4a7d9c7067a436198608/elements HTTP/1.1
User-Agent: selenium/4.9.0 (java windows)
traceparent: 00-f8b491d00489bbd68ddd2e7a97972f60-34bf0c9e2dc8d7b1-01
Content-Length: 98
Content-Type: application/json; charset=utf-8
host: ondemand.us-west-1.saucelabs.com
authorization: Basic b2F1dGgtYXV0b2xhemFyZS01NThmYjpmOGQwYTRiNC1lMDU5LTRiMzktYTllYi0zNjY5NjViODg3YjE=
accept: */*

Response DefaultHttpResponse(decodeResult: success, version: HTTP/1.1)
HTTP/1.1 200 OK
content-type: application/json;charset=UTF-8
date: Sat, 13 May 2023 01:45:02 GMT
server: monocle/0.42
content-length: 98
x-request-id: d190a0f0-f685-4aa6-b174-b0e9fcb5c5bd

21:45:03.043 [AsyncHttpClient-1-2] DEBUG org.asynchttpclient.netty.channel.ChannelManager -- Adding key: https://ondemand.us-west-1.saucelabs.com:443 for channel [id: 0xfbedb3e3, L:/192.168.1.146:57708 - R:ondemand.us-west-1.saucelabs.com/66.85.52.224:443]
21:45:03.044 [Forwarding switchToFrame on session fc23df27e25c4a7d9c7067a436198608 to remote] DEBUG org.asynchttpclient.netty.request.NettyRequestSender -- Using pooled Channel '[id: 0xfbedb3e3, L:/192.168.1.146:57708 - R:ondemand.us-west-1.saucelabs.com/66.85.52.224:443]' for 'POST' to 'https://oauth-autolazare-558fb:f8d0a4b4-e059-4b39-a9eb-366965b887b1@ondemand.us-west-1.saucelabs.com:443/wd/hub/session/fc23df27e25c4a7d9c7067a436198608/frame'
21:45:03.045 [Forwarding switchToFrame on session fc23df27e25c4a7d9c7067a436198608 to remote] DEBUG org.asynchttpclient.netty.request.NettyRequestSender -- Using open Channel [id: 0xfbedb3e3, L:/192.168.1.146:57708 - R:ondemand.us-west-1.saucelabs.com/66.85.52.224:443] for POST '/wd/hub/session/fc23df27e25c4a7d9c7067a436198608/frame'
21:45:03.216 [AsyncHttpClient-1-2] DEBUG org.asynchttpclient.netty.handler.HttpHandler -- 

Request DefaultHttpRequest(decodeResult: success, version: HTTP/1.1)
POST /wd/hub/session/fc23df27e25c4a7d9c7067a436198608/frame HTTP/1.1
User-Agent: selenium/4.9.0 (java windows)
traceparent: 00-9f08b1c56099195971360b6ac31dd0f6-d24f2833b49e4472-01
Content-Length: 105
Content-Type: application/json; charset=utf-8
host: ondemand.us-west-1.saucelabs.com
authorization: Basic b2F1dGgtYXV0b2xhemFyZS01NThmYjpmOGQwYTRiNC1lMDU5LTRiMzktYTllYi0zNjY5NjViODg3YjE=
accept: */*

Response DefaultHttpResponse(decodeResult: success, version: HTTP/1.1)
HTTP/1.1 200 OK
content-type: application/json;charset=UTF-8
date: Sat, 13 May 2023 01:45:03 GMT
server: monocle/0.42
content-length: 15
x-request-id: ef3cbedb-f630-4123-9128-2b0141c962f4

21:45:03.216 [AsyncHttpClient-1-2] DEBUG org.asynchttpclient.netty.channel.ChannelManager -- Adding key: https://ondemand.us-west-1.saucelabs.com:443 for channel [id: 0xfbedb3e3, L:/192.168.1.146:57708 - R:ondemand.us-west-1.saucelabs.com/66.85.52.224:443]
21:45:03.218 [Forwarding executeScript on session fc23df27e25c4a7d9c7067a436198608 to remote] DEBUG org.asynchttpclient.netty.request.NettyRequestSender -- Using pooled Channel '[id: 0xfbedb3e3, L:/192.168.1.146:57708 - R:ondemand.us-west-1.saucelabs.com/66.85.52.224:443]' for 'POST' to 'https://oauth-autolazare-558fb:f8d0a4b4-e059-4b39-a9eb-366965b887b1@ondemand.us-west-1.saucelabs.com:443/wd/hub/session/fc23df27e25c4a7d9c7067a436198608/execute/sync'
21:45:03.218 [Forwarding executeScript on session fc23df27e25c4a7d9c7067a436198608 to remote] DEBUG org.asynchttpclient.netty.request.NettyRequestSender -- Using open Channel [id: 0xfbedb3e3, L:/192.168.1.146:57708 - R:ondemand.us-west-1.saucelabs.com/66.85.52.224:443] for POST '/wd/hub/session/fc23df27e25c4a7d9c7067a436198608/execute/sync'
21:45:03.423 [AsyncHttpClient-1-2] DEBUG org.asynchttpclient.netty.handler.HttpHandler -- 

Request DefaultHttpRequest(decodeResult: success, version: HTTP/1.1)
POST /wd/hub/session/fc23df27e25c4a7d9c7067a436198608/execute/sync HTTP/1.1
User-Agent: selenium/4.9.0 (java windows)
traceparent: 00-439a36a9d464b8308be4f35cf34f0912-dcf397fe269f2178-01
Content-Length: 99
Content-Type: application/json; charset=utf-8
host: ondemand.us-west-1.saucelabs.com
authorization: Basic b2F1dGgtYXV0b2xhemFyZS01NThmYjpmOGQwYTRiNC1lMDU5LTRiMzktYTllYi0zNjY5NjViODg3YjE=
accept: */*

Response DefaultHttpResponse(decodeResult: success, version: HTTP/1.1)
HTTP/1.1 200 OK
content-type: application/json;charset=UTF-8
date: Sat, 13 May 2023 01:45:03 GMT
server: monocle/0.42
content-length: 15
x-request-id: e70cafa5-b870-46f8-b504-154a4b8d2f7e

21:45:03.423 [AsyncHttpClient-1-2] DEBUG org.asynchttpclient.netty.channel.ChannelManager -- Adding key: https://ondemand.us-west-1.saucelabs.com:443 for channel [id: 0xfbedb3e3, L:/192.168.1.146:57708 - R:ondemand.us-west-1.saucelabs.com/66.85.52.224:443]
21:45:03.423 [Forwarding findElements on session fc23df27e25c4a7d9c7067a436198608 to remote] DEBUG org.asynchttpclient.netty.request.NettyRequestSender -- Using pooled Channel '[id: 0xfbedb3e3, L:/192.168.1.146:57708 - R:ondemand.us-west-1.saucelabs.com/66.85.52.224:443]' for 'POST' to 'https://oauth-autolazare-558fb:f8d0a4b4-e059-4b39-a9eb-366965b887b1@ondemand.us-west-1.saucelabs.com:443/wd/hub/session/fc23df27e25c4a7d9c7067a436198608/elements'
21:45:03.423 [Forwarding findElements on session fc23df27e25c4a7d9c7067a436198608 to remote] DEBUG org.asynchttpclient.netty.request.NettyRequestSender -- Using open Channel [id: 0xfbedb3e3, L:/192.168.1.146:57708 - R:ondemand.us-west-1.saucelabs.com/66.85.52.224:443] for POST '/wd/hub/session/fc23df27e25c4a7d9c7067a436198608/elements'
21:45:03.685 [AsyncHttpClient-1-2] DEBUG org.asynchttpclient.netty.handler.HttpHandler -- 

Request DefaultHttpRequest(decodeResult: success, version: HTTP/1.1)
POST /wd/hub/session/fc23df27e25c4a7d9c7067a436198608/elements HTTP/1.1
User-Agent: selenium/4.9.0 (java windows)
traceparent: 00-1dbaa98519c49efce568e2112956b90e-d5ae6dd3271fba23-01
Content-Length: 98
Content-Type: application/json; charset=utf-8
host: ondemand.us-west-1.saucelabs.com
authorization: Basic b2F1dGgtYXV0b2xhemFyZS01NThmYjpmOGQwYTRiNC1lMDU5LTRiMzktYTllYi0zNjY5NjViODg3YjE=
accept: */*

Response DefaultHttpResponse(decodeResult: success, version: HTTP/1.1)
HTTP/1.1 200 OK
content-type: application/json;charset=UTF-8
date: Sat, 13 May 2023 01:45:03 GMT
server: monocle/0.42
content-length: 13
x-request-id: 509ad972-24b1-4272-85cb-6ebe00d813db

21:45:03.685 [AsyncHttpClient-1-2] DEBUG org.asynchttpclient.netty.channel.ChannelManager -- Adding key: https://ondemand.us-west-1.saucelabs.com:443 for channel [id: 0xfbedb3e3, L:/192.168.1.146:57708 - R:ondemand.us-west-1.saucelabs.com/66.85.52.224:443]
21:45:03.689 [Forwarding switchToParentFrame on session fc23df27e25c4a7d9c7067a436198608 to remote] DEBUG org.asynchttpclient.netty.request.NettyRequestSender -- Using pooled Channel '[id: 0xfbedb3e3, L:/192.168.1.146:57708 - R:ondemand.us-west-1.saucelabs.com/66.85.52.224:443]' for 'POST' to 'https://oauth-autolazare-558fb:f8d0a4b4-e059-4b39-a9eb-366965b887b1@ondemand.us-west-1.saucelabs.com:443/wd/hub/session/fc23df27e25c4a7d9c7067a436198608/frame/parent'
21:45:03.689 [Forwarding switchToParentFrame on session fc23df27e25c4a7d9c7067a436198608 to remote] DEBUG org.asynchttpclient.netty.request.NettyRequestSender -- Using open Channel [id: 0xfbedb3e3, L:/192.168.1.146:57708 - R:ondemand.us-west-1.saucelabs.com/66.85.52.224:443] for POST '/wd/hub/session/fc23df27e25c4a7d9c7067a436198608/frame/parent'
21:45:03.938 [AsyncHttpClient-1-2] DEBUG org.asynchttpclient.netty.handler.HttpHandler -- 

Request DefaultHttpRequest(decodeResult: success, version: HTTP/1.1)
POST /wd/hub/session/fc23df27e25c4a7d9c7067a436198608/frame/parent HTTP/1.1
User-Agent: selenium/4.9.0 (java windows)
traceparent: 00-0e44ff72402cdb8b09033f9e51013e7e-5ff352c78dc8bef6-01
Content-Length: 3
Content-Type: application/json; charset=utf-8
host: ondemand.us-west-1.saucelabs.com
authorization: Basic b2F1dGgtYXV0b2xhemFyZS01NThmYjpmOGQwYTRiNC1lMDU5LTRiMzktYTllYi0zNjY5NjViODg3YjE=
accept: */*

Response DefaultHttpResponse(decodeResult: success, version: HTTP/1.1)
HTTP/1.1 200 OK
content-type: application/json;charset=UTF-8
date: Sat, 13 May 2023 01:45:03 GMT
server: monocle/0.42
content-length: 15
x-request-id: 7a805123-8d66-4aae-9d93-7d94538de7fb

21:45:03.938 [AsyncHttpClient-1-2] DEBUG org.asynchttpclient.netty.channel.ChannelManager -- Adding key: https://ondemand.us-west-1.saucelabs.com:443 for channel [id: 0xfbedb3e3, L:/192.168.1.146:57708 - R:ondemand.us-west-1.saucelabs.com/66.85.52.224:443]
21:45:03.940 [Forwarding switchToParentFrame on session fc23df27e25c4a7d9c7067a436198608 to remote] DEBUG org.asynchttpclient.netty.request.NettyRequestSender -- Using pooled Channel '[id: 0xfbedb3e3, L:/192.168.1.146:57708 - R:ondemand.us-west-1.saucelabs.com/66.85.52.224:443]' for 'POST' to 'https://oauth-autolazare-558fb:f8d0a4b4-e059-4b39-a9eb-366965b887b1@ondemand.us-west-1.saucelabs.com:443/wd/hub/session/fc23df27e25c4a7d9c7067a436198608/frame/parent'
21:45:03.940 [Forwarding switchToParentFrame on session fc23df27e25c4a7d9c7067a436198608 to remote] DEBUG org.asynchttpclient.netty.request.NettyRequestSender -- Using open Channel [id: 0xfbedb3e3, L:/192.168.1.146:57708 - R:ondemand.us-west-1.saucelabs.com/66.85.52.224:443] for POST '/wd/hub/session/fc23df27e25c4a7d9c7067a436198608/frame/parent'
21:45:04.183 [AsyncHttpClient-1-2] DEBUG org.asynchttpclient.netty.handler.HttpHandler -- 

Request DefaultHttpRequest(decodeResult: success, version: HTTP/1.1)
POST /wd/hub/session/fc23df27e25c4a7d9c7067a436198608/frame/parent HTTP/1.1
User-Agent: selenium/4.9.0 (java windows)
traceparent: 00-ed380edede89de01c00fe3f8ab4c3887-754786e2df0d7372-01
Content-Length: 3
Content-Type: application/json; charset=utf-8
host: ondemand.us-west-1.saucelabs.com
authorization: Basic b2F1dGgtYXV0b2xhemFyZS01NThmYjpmOGQwYTRiNC1lMDU5LTRiMzktYTllYi0zNjY5NjViODg3YjE=
accept: */*

Response DefaultHttpResponse(decodeResult: success, version: HTTP/1.1)
HTTP/1.1 200 OK
content-type: application/json;charset=UTF-8
date: Sat, 13 May 2023 01:45:03 GMT
server: monocle/0.42
content-length: 15
x-request-id: 9c15026d-1480-4a38-83c9-b6da179ac7b5

21:45:04.184 [AsyncHttpClient-1-2] DEBUG org.asynchttpclient.netty.channel.ChannelManager -- Adding key: https://ondemand.us-west-1.saucelabs.com:443 for channel [id: 0xfbedb3e3, L:/192.168.1.146:57708 - R:ondemand.us-west-1.saucelabs.com/66.85.52.224:443]
21:45:04.186 [Forwarding switchToFrame on session fc23df27e25c4a7d9c7067a436198608 to remote] DEBUG org.asynchttpclient.netty.request.NettyRequestSender -- Using pooled Channel '[id: 0xfbedb3e3, L:/192.168.1.146:57708 - R:ondemand.us-west-1.saucelabs.com/66.85.52.224:443]' for 'POST' to 'https://oauth-autolazare-558fb:f8d0a4b4-e059-4b39-a9eb-366965b887b1@ondemand.us-west-1.saucelabs.com:443/wd/hub/session/fc23df27e25c4a7d9c7067a436198608/frame'
21:45:04.186 [Forwarding switchToFrame on session fc23df27e25c4a7d9c7067a436198608 to remote] DEBUG org.asynchttpclient.netty.request.NettyRequestSender -- Using open Channel [id: 0xfbedb3e3, L:/192.168.1.146:57708 - R:ondemand.us-west-1.saucelabs.com/66.85.52.224:443] for POST '/wd/hub/session/fc23df27e25c4a7d9c7067a436198608/frame'
21:45:04.368 [AsyncHttpClient-1-2] DEBUG org.asynchttpclient.netty.handler.HttpHandler -- 

Request DefaultHttpRequest(decodeResult: success, version: HTTP/1.1)
POST /wd/hub/session/fc23df27e25c4a7d9c7067a436198608/frame HTTP/1.1
User-Agent: selenium/4.9.0 (java windows)
traceparent: 00-33a0b32d8fcc147a8c627f7a4686ea59-5e73168720676888-01
Content-Length: 106
Content-Type: application/json; charset=utf-8
host: ondemand.us-west-1.saucelabs.com
authorization: Basic b2F1dGgtYXV0b2xhemFyZS01NThmYjpmOGQwYTRiNC1lMDU5LTRiMzktYTllYi0zNjY5NjViODg3YjE=
accept: */*

Response DefaultHttpResponse(decodeResult: success, version: HTTP/1.1)
HTTP/1.1 200 OK
content-type: application/json;charset=UTF-8
date: Sat, 13 May 2023 01:45:04 GMT
server: monocle/0.42
content-length: 15
x-request-id: 6a058c6a-5f75-4b9d-a726-54391ee7367c

21:45:04.369 [AsyncHttpClient-1-2] DEBUG org.asynchttpclient.netty.channel.ChannelManager -- Adding key: https://ondemand.us-west-1.saucelabs.com:443 for channel [id: 0xfbedb3e3, L:/192.168.1.146:57708 - R:ondemand.us-west-1.saucelabs.com/66.85.52.224:443]
21:45:04.371 [Forwarding executeScript on session fc23df27e25c4a7d9c7067a436198608 to remote] DEBUG org.asynchttpclient.netty.request.NettyRequestSender -- Using pooled Channel '[id: 0xfbedb3e3, L:/192.168.1.146:57708 - R:ondemand.us-west-1.saucelabs.com/66.85.52.224:443]' for 'POST' to 'https://oauth-autolazare-558fb:f8d0a4b4-e059-4b39-a9eb-366965b887b1@ondemand.us-west-1.saucelabs.com:443/wd/hub/session/fc23df27e25c4a7d9c7067a436198608/execute/sync'
21:45:04.371 [Forwarding executeScript on session fc23df27e25c4a7d9c7067a436198608 to remote] DEBUG org.asynchttpclient.netty.request.NettyRequestSender -- Using open Channel [id: 0xfbedb3e3, L:/192.168.1.146:57708 - R:ondemand.us-west-1.saucelabs.com/66.85.52.224:443] for POST '/wd/hub/session/fc23df27e25c4a7d9c7067a436198608/execute/sync'
21:45:04.536 [AsyncHttpClient-1-2] DEBUG org.asynchttpclient.netty.handler.HttpHandler -- 

Request DefaultHttpRequest(decodeResult: success, version: HTTP/1.1)
POST /wd/hub/session/fc23df27e25c4a7d9c7067a436198608/execute/sync HTTP/1.1
User-Agent: selenium/4.9.0 (java windows)
traceparent: 00-a0b9c5ea83c8cfff41d885b3be9d780c-dadd7611d88bbc93-01
Content-Length: 99
Content-Type: application/json; charset=utf-8
host: ondemand.us-west-1.saucelabs.com
authorization: Basic b2F1dGgtYXV0b2xhemFyZS01NThmYjpmOGQwYTRiNC1lMDU5LTRiMzktYTllYi0zNjY5NjViODg3YjE=
accept: */*

Response DefaultHttpResponse(decodeResult: success, version: HTTP/1.1)
HTTP/1.1 200 OK
content-type: application/json;charset=UTF-8
date: Sat, 13 May 2023 01:45:04 GMT
server: monocle/0.42
content-length: 15
x-request-id: f0671d65-bd03-496d-8959-13c8073cb0af

21:45:04.536 [AsyncHttpClient-1-2] DEBUG org.asynchttpclient.netty.channel.ChannelManager -- Adding key: https://ondemand.us-west-1.saucelabs.com:443 for channel [id: 0xfbedb3e3, L:/192.168.1.146:57708 - R:ondemand.us-west-1.saucelabs.com/66.85.52.224:443]
21:45:04.538 [Forwarding findElements on session fc23df27e25c4a7d9c7067a436198608 to remote] DEBUG org.asynchttpclient.netty.request.NettyRequestSender -- Using pooled Channel '[id: 0xfbedb3e3, L:/192.168.1.146:57708 - R:ondemand.us-west-1.saucelabs.com/66.85.52.224:443]' for 'POST' to 'https://oauth-autolazare-558fb:f8d0a4b4-e059-4b39-a9eb-366965b887b1@ondemand.us-west-1.saucelabs.com:443/wd/hub/session/fc23df27e25c4a7d9c7067a436198608/elements'
21:45:04.538 [Forwarding findElements on session fc23df27e25c4a7d9c7067a436198608 to remote] DEBUG org.asynchttpclient.netty.request.NettyRequestSender -- Using open Channel [id: 0xfbedb3e3, L:/192.168.1.146:57708 - R:ondemand.us-west-1.saucelabs.com/66.85.52.224:443] for POST '/wd/hub/session/fc23df27e25c4a7d9c7067a436198608/elements'
21:45:04.790 [AsyncHttpClient-1-2] DEBUG org.asynchttpclient.netty.handler.HttpHandler -- 

Request DefaultHttpRequest(decodeResult: success, version: HTTP/1.1)
POST /wd/hub/session/fc23df27e25c4a7d9c7067a436198608/elements HTTP/1.1
User-Agent: selenium/4.9.0 (java windows)
traceparent: 00-903225d308e23e67d8338f61b30524e8-3b38de660f4846ed-01
Content-Length: 98
Content-Type: application/json; charset=utf-8
host: ondemand.us-west-1.saucelabs.com
authorization: Basic b2F1dGgtYXV0b2xhemFyZS01NThmYjpmOGQwYTRiNC1lMDU5LTRiMzktYTllYi0zNjY5NjViODg3YjE=
accept: */*

Response DefaultHttpResponse(decodeResult: success, version: HTTP/1.1)
HTTP/1.1 200 OK
content-type: application/json;charset=UTF-8
date: Sat, 13 May 2023 01:45:04 GMT
server: monocle/0.42
content-length: 13
x-request-id: 4f62454d-08ae-43ac-8efb-29063e1bb15e

21:45:04.790 [AsyncHttpClient-1-2] DEBUG org.asynchttpclient.netty.channel.ChannelManager -- Adding key: https://ondemand.us-west-1.saucelabs.com:443 for channel [id: 0xfbedb3e3, L:/192.168.1.146:57708 - R:ondemand.us-west-1.saucelabs.com/66.85.52.224:443]
21:45:04.792 [Forwarding switchToParentFrame on session fc23df27e25c4a7d9c7067a436198608 to remote] DEBUG org.asynchttpclient.netty.request.NettyRequestSender -- Using pooled Channel '[id: 0xfbedb3e3, L:/192.168.1.146:57708 - R:ondemand.us-west-1.saucelabs.com/66.85.52.224:443]' for 'POST' to 'https://oauth-autolazare-558fb:f8d0a4b4-e059-4b39-a9eb-366965b887b1@ondemand.us-west-1.saucelabs.com:443/wd/hub/session/fc23df27e25c4a7d9c7067a436198608/frame/parent'
21:45:04.792 [Forwarding switchToParentFrame on session fc23df27e25c4a7d9c7067a436198608 to remote] DEBUG org.asynchttpclient.netty.request.NettyRequestSender -- Using open Channel [id: 0xfbedb3e3, L:/192.168.1.146:57708 - R:ondemand.us-west-1.saucelabs.com/66.85.52.224:443] for POST '/wd/hub/session/fc23df27e25c4a7d9c7067a436198608/frame/parent'
21:45:04.974 [AsyncHttpClient-1-2] DEBUG org.asynchttpclient.netty.handler.HttpHandler -- 

Request DefaultHttpRequest(decodeResult: success, version: HTTP/1.1)
POST /wd/hub/session/fc23df27e25c4a7d9c7067a436198608/frame/parent HTTP/1.1
User-Agent: selenium/4.9.0 (java windows)
traceparent: 00-43786532b304c560bafaf8192a5da569-68f042689fc3edb8-01
Content-Length: 3
Content-Type: application/json; charset=utf-8
host: ondemand.us-west-1.saucelabs.com
authorization: Basic b2F1dGgtYXV0b2xhemFyZS01NThmYjpmOGQwYTRiNC1lMDU5LTRiMzktYTllYi0zNjY5NjViODg3YjE=
accept: */*

Response DefaultHttpResponse(decodeResult: success, version: HTTP/1.1)
HTTP/1.1 200 OK
content-type: application/json;charset=UTF-8
date: Sat, 13 May 2023 01:45:04 GMT
server: monocle/0.42
content-length: 15
x-request-id: 5cc05936-48f2-413a-8e91-a426be4ecf36

21:45:04.974 [AsyncHttpClient-1-2] DEBUG org.asynchttpclient.netty.channel.ChannelManager -- Adding key: https://ondemand.us-west-1.saucelabs.com:443 for channel [id: 0xfbedb3e3, L:/192.168.1.146:57708 - R:ondemand.us-west-1.saucelabs.com/66.85.52.224:443]
21:45:04.976 [Forwarding switchToFrame on session fc23df27e25c4a7d9c7067a436198608 to remote] DEBUG org.asynchttpclient.netty.request.NettyRequestSender -- Using pooled Channel '[id: 0xfbedb3e3, L:/192.168.1.146:57708 - R:ondemand.us-west-1.saucelabs.com/66.85.52.224:443]' for 'POST' to 'https://oauth-autolazare-558fb:f8d0a4b4-e059-4b39-a9eb-366965b887b1@ondemand.us-west-1.saucelabs.com:443/wd/hub/session/fc23df27e25c4a7d9c7067a436198608/frame'
21:45:04.976 [Forwarding switchToFrame on session fc23df27e25c4a7d9c7067a436198608 to remote] DEBUG org.asynchttpclient.netty.request.NettyRequestSender -- Using open Channel [id: 0xfbedb3e3, L:/192.168.1.146:57708 - R:ondemand.us-west-1.saucelabs.com/66.85.52.224:443] for POST '/wd/hub/session/fc23df27e25c4a7d9c7067a436198608/frame'
21:45:05.154 [AsyncHttpClient-1-2] DEBUG org.asynchttpclient.netty.handler.HttpHandler -- 

Request DefaultHttpRequest(decodeResult: success, version: HTTP/1.1)
POST /wd/hub/session/fc23df27e25c4a7d9c7067a436198608/frame HTTP/1.1
User-Agent: selenium/4.9.0 (java windows)
traceparent: 00-246d43bdf4702b81221a07d8e94a21c6-cd3ad9fd50eac8f3-01
Content-Length: 106
Content-Type: application/json; charset=utf-8
host: ondemand.us-west-1.saucelabs.com
authorization: Basic b2F1dGgtYXV0b2xhemFyZS01NThmYjpmOGQwYTRiNC1lMDU5LTRiMzktYTllYi0zNjY5NjViODg3YjE=
accept: */*

Response DefaultHttpResponse(decodeResult: success, version: HTTP/1.1)
HTTP/1.1 200 OK
content-type: application/json;charset=UTF-8
date: Sat, 13 May 2023 01:45:05 GMT
server: monocle/0.42
content-length: 15
x-request-id: bf170007-b4c4-4594-baed-1333708eff1b

21:45:05.155 [AsyncHttpClient-1-2] DEBUG org.asynchttpclient.netty.channel.ChannelManager -- Adding key: https://ondemand.us-west-1.saucelabs.com:443 for channel [id: 0xfbedb3e3, L:/192.168.1.146:57708 - R:ondemand.us-west-1.saucelabs.com/66.85.52.224:443]
21:45:05.156 [Forwarding executeScript on session fc23df27e25c4a7d9c7067a436198608 to remote] DEBUG org.asynchttpclient.netty.request.NettyRequestSender -- Using pooled Channel '[id: 0xfbedb3e3, L:/192.168.1.146:57708 - R:ondemand.us-west-1.saucelabs.com/66.85.52.224:443]' for 'POST' to 'https://oauth-autolazare-558fb:f8d0a4b4-e059-4b39-a9eb-366965b887b1@ondemand.us-west-1.saucelabs.com:443/wd/hub/session/fc23df27e25c4a7d9c7067a436198608/execute/sync'
21:45:05.156 [Forwarding executeScript on session fc23df27e25c4a7d9c7067a436198608 to remote] DEBUG org.asynchttpclient.netty.request.NettyRequestSender -- Using open Channel [id: 0xfbedb3e3, L:/192.168.1.146:57708 - R:ondemand.us-west-1.saucelabs.com/66.85.52.224:443] for POST '/wd/hub/session/fc23df27e25c4a7d9c7067a436198608/execute/sync'
21:45:05.323 [AsyncHttpClient-1-2] DEBUG org.asynchttpclient.netty.handler.HttpHandler -- 

Request DefaultHttpRequest(decodeResult: success, version: HTTP/1.1)
POST /wd/hub/session/fc23df27e25c4a7d9c7067a436198608/execute/sync HTTP/1.1
User-Agent: selenium/4.9.0 (java windows)
traceparent: 00-955f79dd7b0aab31b6a3523738c4c39d-dbef5d67ce6b4c69-01
Content-Length: 99
Content-Type: application/json; charset=utf-8
host: ondemand.us-west-1.saucelabs.com
authorization: Basic b2F1dGgtYXV0b2xhemFyZS01NThmYjpmOGQwYTRiNC1lMDU5LTRiMzktYTllYi0zNjY5NjViODg3YjE=
accept: */*

Response DefaultHttpResponse(decodeResult: success, version: HTTP/1.1)
HTTP/1.1 200 OK
content-type: application/json;charset=UTF-8
date: Sat, 13 May 2023 01:45:05 GMT
server: monocle/0.42
content-length: 15
x-request-id: 97181a1d-c37c-482c-955b-f75e6bcd40db

21:45:05.323 [AsyncHttpClient-1-2] DEBUG org.asynchttpclient.netty.channel.ChannelManager -- Adding key: https://ondemand.us-west-1.saucelabs.com:443 for channel [id: 0xfbedb3e3, L:/192.168.1.146:57708 - R:ondemand.us-west-1.saucelabs.com/66.85.52.224:443]
21:45:05.324 [Forwarding findElements on session fc23df27e25c4a7d9c7067a436198608 to remote] DEBUG org.asynchttpclient.netty.request.NettyRequestSender -- Using pooled Channel '[id: 0xfbedb3e3, L:/192.168.1.146:57708 - R:ondemand.us-west-1.saucelabs.com/66.85.52.224:443]' for 'POST' to 'https://oauth-autolazare-558fb:f8d0a4b4-e059-4b39-a9eb-366965b887b1@ondemand.us-west-1.saucelabs.com:443/wd/hub/session/fc23df27e25c4a7d9c7067a436198608/elements'
21:45:05.324 [Forwarding findElements on session fc23df27e25c4a7d9c7067a436198608 to remote] DEBUG org.asynchttpclient.netty.request.NettyRequestSender -- Using open Channel [id: 0xfbedb3e3, L:/192.168.1.146:57708 - R:ondemand.us-west-1.saucelabs.com/66.85.52.224:443] for POST '/wd/hub/session/fc23df27e25c4a7d9c7067a436198608/elements'
21:45:05.507 [AsyncHttpClient-1-2] DEBUG org.asynchttpclient.netty.handler.HttpHandler -- 

Request DefaultHttpRequest(decodeResult: success, version: HTTP/1.1)
POST /wd/hub/session/fc23df27e25c4a7d9c7067a436198608/elements HTTP/1.1
User-Agent: selenium/4.9.0 (java windows)
traceparent: 00-2a90fa87a3b91470814034dc6411ed25-ddff8ecc375a9c2f-01
Content-Length: 98
Content-Type: application/json; charset=utf-8
host: ondemand.us-west-1.saucelabs.com
authorization: Basic b2F1dGgtYXV0b2xhemFyZS01NThmYjpmOGQwYTRiNC1lMDU5LTRiMzktYTllYi0zNjY5NjViODg3YjE=
accept: */*

Response DefaultHttpResponse(decodeResult: success, version: HTTP/1.1)
HTTP/1.1 200 OK
content-type: application/json;charset=UTF-8
date: Sat, 13 May 2023 01:45:05 GMT
server: monocle/0.42
content-length: 187
x-request-id: 20027fbb-ba98-4b31-bc5f-cc3f4db1bd2a

21:45:05.507 [AsyncHttpClient-1-2] DEBUG org.asynchttpclient.netty.channel.ChannelManager -- Adding key: https://ondemand.us-west-1.saucelabs.com:443 for channel [id: 0xfbedb3e3, L:/192.168.1.146:57708 - R:ondemand.us-west-1.saucelabs.com/66.85.52.224:443]
21:45:05.511 [Forwarding switchToFrame on session fc23df27e25c4a7d9c7067a436198608 to remote] DEBUG org.asynchttpclient.netty.request.NettyRequestSender -- Using pooled Channel '[id: 0xfbedb3e3, L:/192.168.1.146:57708 - R:ondemand.us-west-1.saucelabs.com/66.85.52.224:443]' for 'POST' to 'https://oauth-autolazare-558fb:f8d0a4b4-e059-4b39-a9eb-366965b887b1@ondemand.us-west-1.saucelabs.com:443/wd/hub/session/fc23df27e25c4a7d9c7067a436198608/frame'
21:45:05.511 [Forwarding switchToFrame on session fc23df27e25c4a7d9c7067a436198608 to remote] DEBUG org.asynchttpclient.netty.request.NettyRequestSender -- Using open Channel [id: 0xfbedb3e3, L:/192.168.1.146:57708 - R:ondemand.us-west-1.saucelabs.com/66.85.52.224:443] for POST '/wd/hub/session/fc23df27e25c4a7d9c7067a436198608/frame'
21:45:05.707 [AsyncHttpClient-1-2] DEBUG org.asynchttpclient.netty.handler.HttpHandler -- 

Request DefaultHttpRequest(decodeResult: success, version: HTTP/1.1)
POST /wd/hub/session/fc23df27e25c4a7d9c7067a436198608/frame HTTP/1.1
User-Agent: selenium/4.9.0 (java windows)
traceparent: 00-7b780935a0a7004aa05fc172b99935dd-2413f86f146b44ef-01
Content-Length: 106
Content-Type: application/json; charset=utf-8
host: ondemand.us-west-1.saucelabs.com
authorization: Basic b2F1dGgtYXV0b2xhemFyZS01NThmYjpmOGQwYTRiNC1lMDU5LTRiMzktYTllYi0zNjY5NjViODg3YjE=
accept: */*

Response DefaultHttpResponse(decodeResult: success, version: HTTP/1.1)
HTTP/1.1 200 OK
content-type: application/json;charset=UTF-8
date: Sat, 13 May 2023 01:45:05 GMT
server: monocle/0.42
content-length: 15
x-request-id: d786d577-d7e9-4741-b8f9-5477ab1c1d58

21:45:05.707 [AsyncHttpClient-1-2] DEBUG org.asynchttpclient.netty.channel.ChannelManager -- Adding key: https://ondemand.us-west-1.saucelabs.com:443 for channel [id: 0xfbedb3e3, L:/192.168.1.146:57708 - R:ondemand.us-west-1.saucelabs.com/66.85.52.224:443]
21:45:05.708 [Forwarding executeScript on session fc23df27e25c4a7d9c7067a436198608 to remote] DEBUG org.asynchttpclient.netty.request.NettyRequestSender -- Using pooled Channel '[id: 0xfbedb3e3, L:/192.168.1.146:57708 - R:ondemand.us-west-1.saucelabs.com/66.85.52.224:443]' for 'POST' to 'https://oauth-autolazare-558fb:f8d0a4b4-e059-4b39-a9eb-366965b887b1@ondemand.us-west-1.saucelabs.com:443/wd/hub/session/fc23df27e25c4a7d9c7067a436198608/execute/sync'
21:45:05.708 [Forwarding executeScript on session fc23df27e25c4a7d9c7067a436198608 to remote] DEBUG org.asynchttpclient.netty.request.NettyRequestSender -- Using open Channel [id: 0xfbedb3e3, L:/192.168.1.146:57708 - R:ondemand.us-west-1.saucelabs.com/66.85.52.224:443] for POST '/wd/hub/session/fc23df27e25c4a7d9c7067a436198608/execute/sync'
21:45:05.886 [AsyncHttpClient-1-2] DEBUG org.asynchttpclient.netty.handler.HttpHandler -- 

Request DefaultHttpRequest(decodeResult: success, version: HTTP/1.1)
POST /wd/hub/session/fc23df27e25c4a7d9c7067a436198608/execute/sync HTTP/1.1
User-Agent: selenium/4.9.0 (java windows)
traceparent: 00-a9c470c9e753abcb80fcb90d06ddbfd3-94d33b3d44f1e4fb-01
Content-Length: 99
Content-Type: application/json; charset=utf-8
host: ondemand.us-west-1.saucelabs.com
authorization: Basic b2F1dGgtYXV0b2xhemFyZS01NThmYjpmOGQwYTRiNC1lMDU5LTRiMzktYTllYi0zNjY5NjViODg3YjE=
accept: */*

Response DefaultHttpResponse(decodeResult: success, version: HTTP/1.1)
HTTP/1.1 200 OK
content-type: application/json;charset=UTF-8
date: Sat, 13 May 2023 01:45:05 GMT
server: monocle/0.42
content-length: 15
x-request-id: 1f218a3b-7578-49c5-a24a-c5041228ba0f

21:45:05.886 [AsyncHttpClient-1-2] DEBUG org.asynchttpclient.netty.channel.ChannelManager -- Adding key: https://ondemand.us-west-1.saucelabs.com:443 for channel [id: 0xfbedb3e3, L:/192.168.1.146:57708 - R:ondemand.us-west-1.saucelabs.com/66.85.52.224:443]
21:45:05.888 [Forwarding findElements on session fc23df27e25c4a7d9c7067a436198608 to remote] DEBUG org.asynchttpclient.netty.request.NettyRequestSender -- Using pooled Channel '[id: 0xfbedb3e3, L:/192.168.1.146:57708 - R:ondemand.us-west-1.saucelabs.com/66.85.52.224:443]' for 'POST' to 'https://oauth-autolazare-558fb:f8d0a4b4-e059-4b39-a9eb-366965b887b1@ondemand.us-west-1.saucelabs.com:443/wd/hub/session/fc23df27e25c4a7d9c7067a436198608/elements'
21:45:05.888 [Forwarding findElements on session fc23df27e25c4a7d9c7067a436198608 to remote] DEBUG org.asynchttpclient.netty.request.NettyRequestSender -- Using open Channel [id: 0xfbedb3e3, L:/192.168.1.146:57708 - R:ondemand.us-west-1.saucelabs.com/66.85.52.224:443] for POST '/wd/hub/session/fc23df27e25c4a7d9c7067a436198608/elements'
21:45:06.093 [AsyncHttpClient-1-2] DEBUG org.asynchttpclient.netty.handler.HttpHandler -- 

Request DefaultHttpRequest(decodeResult: success, version: HTTP/1.1)
POST /wd/hub/session/fc23df27e25c4a7d9c7067a436198608/elements HTTP/1.1
User-Agent: selenium/4.9.0 (java windows)
traceparent: 00-8592146e7f3f21ec15cba37e1ca08b09-91100714fd80b8cf-01
Content-Length: 98
Content-Type: application/json; charset=utf-8
host: ondemand.us-west-1.saucelabs.com
authorization: Basic b2F1dGgtYXV0b2xhemFyZS01NThmYjpmOGQwYTRiNC1lMDU5LTRiMzktYTllYi0zNjY5NjViODg3YjE=
accept: */*

Response DefaultHttpResponse(decodeResult: success, version: HTTP/1.1)
HTTP/1.1 200 OK
content-type: application/json;charset=UTF-8
date: Sat, 13 May 2023 01:45:05 GMT
server: monocle/0.42
content-length: 13
x-request-id: 5aac2c19-2e89-4f31-be4c-ee6d16d0dec5

21:45:06.094 [AsyncHttpClient-1-2] DEBUG org.asynchttpclient.netty.channel.ChannelManager -- Adding key: https://ondemand.us-west-1.saucelabs.com:443 for channel [id: 0xfbedb3e3, L:/192.168.1.146:57708 - R:ondemand.us-west-1.saucelabs.com/66.85.52.224:443]
21:45:06.095 [Forwarding switchToParentFrame on session fc23df27e25c4a7d9c7067a436198608 to remote] DEBUG org.asynchttpclient.netty.request.NettyRequestSender -- Using pooled Channel '[id: 0xfbedb3e3, L:/192.168.1.146:57708 - R:ondemand.us-west-1.saucelabs.com/66.85.52.224:443]' for 'POST' to 'https://oauth-autolazare-558fb:f8d0a4b4-e059-4b39-a9eb-366965b887b1@ondemand.us-west-1.saucelabs.com:443/wd/hub/session/fc23df27e25c4a7d9c7067a436198608/frame/parent'
21:45:06.095 [Forwarding switchToParentFrame on session fc23df27e25c4a7d9c7067a436198608 to remote] DEBUG org.asynchttpclient.netty.request.NettyRequestSender -- Using open Channel [id: 0xfbedb3e3, L:/192.168.1.146:57708 - R:ondemand.us-west-1.saucelabs.com/66.85.52.224:443] for POST '/wd/hub/session/fc23df27e25c4a7d9c7067a436198608/frame/parent'
21:45:06.250 [AsyncHttpClient-1-2] DEBUG org.asynchttpclient.netty.handler.HttpHandler -- 

Request DefaultHttpRequest(decodeResult: success, version: HTTP/1.1)
POST /wd/hub/session/fc23df27e25c4a7d9c7067a436198608/frame/parent HTTP/1.1
User-Agent: selenium/4.9.0 (java windows)
traceparent: 00-e85689344affcfe5cc8a5e0e047c70f0-2f6d92cb2307d638-01
Content-Length: 3
Content-Type: application/json; charset=utf-8
host: ondemand.us-west-1.saucelabs.com
authorization: Basic b2F1dGgtYXV0b2xhemFyZS01NThmYjpmOGQwYTRiNC1lMDU5LTRiMzktYTllYi0zNjY5NjViODg3YjE=
accept: */*

Response DefaultHttpResponse(decodeResult: success, version: HTTP/1.1)
HTTP/1.1 200 OK
content-type: application/json;charset=UTF-8
date: Sat, 13 May 2023 01:45:06 GMT
server: monocle/0.42
content-length: 15
x-request-id: 89cef5c5-855a-499f-9363-54e871dc1cf6

21:45:06.250 [AsyncHttpClient-1-2] DEBUG org.asynchttpclient.netty.channel.ChannelManager -- Adding key: https://ondemand.us-west-1.saucelabs.com:443 for channel [id: 0xfbedb3e3, L:/192.168.1.146:57708 - R:ondemand.us-west-1.saucelabs.com/66.85.52.224:443]
21:45:06.252 [Forwarding switchToFrame on session fc23df27e25c4a7d9c7067a436198608 to remote] DEBUG org.asynchttpclient.netty.request.NettyRequestSender -- Using pooled Channel '[id: 0xfbedb3e3, L:/192.168.1.146:57708 - R:ondemand.us-west-1.saucelabs.com/66.85.52.224:443]' for 'POST' to 'https://oauth-autolazare-558fb:f8d0a4b4-e059-4b39-a9eb-366965b887b1@ondemand.us-west-1.saucelabs.com:443/wd/hub/session/fc23df27e25c4a7d9c7067a436198608/frame'
21:45:06.252 [Forwarding switchToFrame on session fc23df27e25c4a7d9c7067a436198608 to remote] DEBUG org.asynchttpclient.netty.request.NettyRequestSender -- Using open Channel [id: 0xfbedb3e3, L:/192.168.1.146:57708 - R:ondemand.us-west-1.saucelabs.com/66.85.52.224:443] for POST '/wd/hub/session/fc23df27e25c4a7d9c7067a436198608/frame'
21:45:06.454 [AsyncHttpClient-1-2] DEBUG org.asynchttpclient.netty.handler.HttpHandler -- 

Request DefaultHttpRequest(decodeResult: success, version: HTTP/1.1)
POST /wd/hub/session/fc23df27e25c4a7d9c7067a436198608/frame HTTP/1.1
User-Agent: selenium/4.9.0 (java windows)
traceparent: 00-e8a0dad3605f3e5c6ae6c406818ddf56-eb112274eba53b86-01
Content-Length: 106
Content-Type: application/json; charset=utf-8
host: ondemand.us-west-1.saucelabs.com
authorization: Basic b2F1dGgtYXV0b2xhemFyZS01NThmYjpmOGQwYTRiNC1lMDU5LTRiMzktYTllYi0zNjY5NjViODg3YjE=
accept: */*

Response DefaultHttpResponse(decodeResult: success, version: HTTP/1.1)
HTTP/1.1 200 OK
content-type: application/json;charset=UTF-8
date: Sat, 13 May 2023 01:45:06 GMT
server: monocle/0.42
content-length: 15
x-request-id: 5ca00e26-1663-49d5-8c90-a6bdda3ba350

21:45:06.454 [AsyncHttpClient-1-2] DEBUG org.asynchttpclient.netty.channel.ChannelManager -- Adding key: https://ondemand.us-west-1.saucelabs.com:443 for channel [id: 0xfbedb3e3, L:/192.168.1.146:57708 - R:ondemand.us-west-1.saucelabs.com/66.85.52.224:443]
21:45:06.455 [Forwarding executeScript on session fc23df27e25c4a7d9c7067a436198608 to remote] DEBUG org.asynchttpclient.netty.request.NettyRequestSender -- Using pooled Channel '[id: 0xfbedb3e3, L:/192.168.1.146:57708 - R:ondemand.us-west-1.saucelabs.com/66.85.52.224:443]' for 'POST' to 'https://oauth-autolazare-558fb:f8d0a4b4-e059-4b39-a9eb-366965b887b1@ondemand.us-west-1.saucelabs.com:443/wd/hub/session/fc23df27e25c4a7d9c7067a436198608/execute/sync'
21:45:06.456 [Forwarding executeScript on session fc23df27e25c4a7d9c7067a436198608 to remote] DEBUG org.asynchttpclient.netty.request.NettyRequestSender -- Using open Channel [id: 0xfbedb3e3, L:/192.168.1.146:57708 - R:ondemand.us-west-1.saucelabs.com/66.85.52.224:443] for POST '/wd/hub/session/fc23df27e25c4a7d9c7067a436198608/execute/sync'
21:45:06.636 [AsyncHttpClient-1-2] DEBUG org.asynchttpclient.netty.handler.HttpHandler -- 

Request DefaultHttpRequest(decodeResult: success, version: HTTP/1.1)
POST /wd/hub/session/fc23df27e25c4a7d9c7067a436198608/execute/sync HTTP/1.1
User-Agent: selenium/4.9.0 (java windows)
traceparent: 00-c7a7995575441c6c8eb1805a459f6545-9eaff075f4278658-01
Content-Length: 99
Content-Type: application/json; charset=utf-8
host: ondemand.us-west-1.saucelabs.com
authorization: Basic b2F1dGgtYXV0b2xhemFyZS01NThmYjpmOGQwYTRiNC1lMDU5LTRiMzktYTllYi0zNjY5NjViODg3YjE=
accept: */*

Response DefaultHttpResponse(decodeResult: success, version: HTTP/1.1)
HTTP/1.1 200 OK
content-type: application/json;charset=UTF-8
date: Sat, 13 May 2023 01:45:06 GMT
server: monocle/0.42
content-length: 15
x-request-id: 6de43a75-92eb-468c-93ab-5c29e8887c68

21:45:06.637 [AsyncHttpClient-1-2] DEBUG org.asynchttpclient.netty.channel.ChannelManager -- Adding key: https://ondemand.us-west-1.saucelabs.com:443 for channel [id: 0xfbedb3e3, L:/192.168.1.146:57708 - R:ondemand.us-west-1.saucelabs.com/66.85.52.224:443]
21:45:06.638 [Forwarding findElements on session fc23df27e25c4a7d9c7067a436198608 to remote] DEBUG org.asynchttpclient.netty.request.NettyRequestSender -- Using pooled Channel '[id: 0xfbedb3e3, L:/192.168.1.146:57708 - R:ondemand.us-west-1.saucelabs.com/66.85.52.224:443]' for 'POST' to 'https://oauth-autolazare-558fb:f8d0a4b4-e059-4b39-a9eb-366965b887b1@ondemand.us-west-1.saucelabs.com:443/wd/hub/session/fc23df27e25c4a7d9c7067a436198608/elements'
21:45:06.638 [Forwarding findElements on session fc23df27e25c4a7d9c7067a436198608 to remote] DEBUG org.asynchttpclient.netty.request.NettyRequestSender -- Using open Channel [id: 0xfbedb3e3, L:/192.168.1.146:57708 - R:ondemand.us-west-1.saucelabs.com/66.85.52.224:443] for POST '/wd/hub/session/fc23df27e25c4a7d9c7067a436198608/elements'
21:45:06.805 [AsyncHttpClient-1-2] DEBUG org.asynchttpclient.netty.handler.HttpHandler -- 

Request DefaultHttpRequest(decodeResult: success, version: HTTP/1.1)
POST /wd/hub/session/fc23df27e25c4a7d9c7067a436198608/elements HTTP/1.1
User-Agent: selenium/4.9.0 (java windows)
traceparent: 00-dc68fdabfd7890b528e13e19ee85fecd-8cd3fcf12adc2a70-01
Content-Length: 98
Content-Type: application/json; charset=utf-8
host: ondemand.us-west-1.saucelabs.com
authorization: Basic b2F1dGgtYXV0b2xhemFyZS01NThmYjpmOGQwYTRiNC1lMDU5LTRiMzktYTllYi0zNjY5NjViODg3YjE=
accept: */*

Response DefaultHttpResponse(decodeResult: success, version: HTTP/1.1)
HTTP/1.1 200 OK
content-type: application/json;charset=UTF-8
date: Sat, 13 May 2023 01:45:06 GMT
server: monocle/0.42
content-length: 13
x-request-id: 9576a8ed-6eb4-465d-b6d5-6f7a41b2aecb

21:45:06.805 [AsyncHttpClient-1-2] DEBUG org.asynchttpclient.netty.channel.ChannelManager -- Adding key: https://ondemand.us-west-1.saucelabs.com:443 for channel [id: 0xfbedb3e3, L:/192.168.1.146:57708 - R:ondemand.us-west-1.saucelabs.com/66.85.52.224:443]
21:45:06.805 [Forwarding switchToParentFrame on session fc23df27e25c4a7d9c7067a436198608 to remote] DEBUG org.asynchttpclient.netty.request.NettyRequestSender -- Using pooled Channel '[id: 0xfbedb3e3, L:/192.168.1.146:57708 - R:ondemand.us-west-1.saucelabs.com/66.85.52.224:443]' for 'POST' to 'https://oauth-autolazare-558fb:f8d0a4b4-e059-4b39-a9eb-366965b887b1@ondemand.us-west-1.saucelabs.com:443/wd/hub/session/fc23df27e25c4a7d9c7067a436198608/frame/parent'
21:45:06.805 [Forwarding switchToParentFrame on session fc23df27e25c4a7d9c7067a436198608 to remote] DEBUG org.asynchttpclient.netty.request.NettyRequestSender -- Using open Channel [id: 0xfbedb3e3, L:/192.168.1.146:57708 - R:ondemand.us-west-1.saucelabs.com/66.85.52.224:443] for POST '/wd/hub/session/fc23df27e25c4a7d9c7067a436198608/frame/parent'
21:45:07.050 [AsyncHttpClient-1-2] DEBUG org.asynchttpclient.netty.handler.HttpHandler -- 

Request DefaultHttpRequest(decodeResult: success, version: HTTP/1.1)
POST /wd/hub/session/fc23df27e25c4a7d9c7067a436198608/frame/parent HTTP/1.1
User-Agent: selenium/4.9.0 (java windows)
traceparent: 00-15688bbba6a4fa0987dae8b0e369fa5a-c62c01e9d23031d3-01
Content-Length: 3
Content-Type: application/json; charset=utf-8
host: ondemand.us-west-1.saucelabs.com
authorization: Basic b2F1dGgtYXV0b2xhemFyZS01NThmYjpmOGQwYTRiNC1lMDU5LTRiMzktYTllYi0zNjY5NjViODg3YjE=
accept: */*

Response DefaultHttpResponse(decodeResult: success, version: HTTP/1.1)
HTTP/1.1 200 OK
content-type: application/json;charset=UTF-8
date: Sat, 13 May 2023 01:45:06 GMT
server: monocle/0.42
content-length: 15
x-request-id: 5fd1a24a-4536-498f-949d-a8fc799228e6

21:45:07.050 [AsyncHttpClient-1-2] DEBUG org.asynchttpclient.netty.channel.ChannelManager -- Adding key: https://ondemand.us-west-1.saucelabs.com:443 for channel [id: 0xfbedb3e3, L:/192.168.1.146:57708 - R:ondemand.us-west-1.saucelabs.com/66.85.52.224:443]
21:45:07.052 [Forwarding switchToParentFrame on session fc23df27e25c4a7d9c7067a436198608 to remote] DEBUG org.asynchttpclient.netty.request.NettyRequestSender -- Using pooled Channel '[id: 0xfbedb3e3, L:/192.168.1.146:57708 - R:ondemand.us-west-1.saucelabs.com/66.85.52.224:443]' for 'POST' to 'https://oauth-autolazare-558fb:f8d0a4b4-e059-4b39-a9eb-366965b887b1@ondemand.us-west-1.saucelabs.com:443/wd/hub/session/fc23df27e25c4a7d9c7067a436198608/frame/parent'
21:45:07.052 [Forwarding switchToParentFrame on session fc23df27e25c4a7d9c7067a436198608 to remote] DEBUG org.asynchttpclient.netty.request.NettyRequestSender -- Using open Channel [id: 0xfbedb3e3, L:/192.168.1.146:57708 - R:ondemand.us-west-1.saucelabs.com/66.85.52.224:443] for POST '/wd/hub/session/fc23df27e25c4a7d9c7067a436198608/frame/parent'
21:45:07.227 [AsyncHttpClient-1-2] DEBUG org.asynchttpclient.netty.handler.HttpHandler -- 

Request DefaultHttpRequest(decodeResult: success, version: HTTP/1.1)
POST /wd/hub/session/fc23df27e25c4a7d9c7067a436198608/frame/parent HTTP/1.1
User-Agent: selenium/4.9.0 (java windows)
traceparent: 00-4ab72e4b39825c22be2fc811f7d9e8ba-25c28d6801c2f032-01
Content-Length: 3
Content-Type: application/json; charset=utf-8
host: ondemand.us-west-1.saucelabs.com
authorization: Basic b2F1dGgtYXV0b2xhemFyZS01NThmYjpmOGQwYTRiNC1lMDU5LTRiMzktYTllYi0zNjY5NjViODg3YjE=
accept: */*

Response DefaultHttpResponse(decodeResult: success, version: HTTP/1.1)
HTTP/1.1 200 OK
content-type: application/json;charset=UTF-8
date: Sat, 13 May 2023 01:45:07 GMT
server: monocle/0.42
content-length: 15
x-request-id: 84b3dc5f-d1fb-4048-94a4-c604f17e36b7

21:45:07.227 [AsyncHttpClient-1-2] DEBUG org.asynchttpclient.netty.channel.ChannelManager -- Adding key: https://ondemand.us-west-1.saucelabs.com:443 for channel [id: 0xfbedb3e3, L:/192.168.1.146:57708 - R:ondemand.us-west-1.saucelabs.com/66.85.52.224:443]
21:45:07.229 [Forwarding switchToFrame on session fc23df27e25c4a7d9c7067a436198608 to remote] DEBUG org.asynchttpclient.netty.request.NettyRequestSender -- Using pooled Channel '[id: 0xfbedb3e3, L:/192.168.1.146:57708 - R:ondemand.us-west-1.saucelabs.com/66.85.52.224:443]' for 'POST' to 'https://oauth-autolazare-558fb:f8d0a4b4-e059-4b39-a9eb-366965b887b1@ondemand.us-west-1.saucelabs.com:443/wd/hub/session/fc23df27e25c4a7d9c7067a436198608/frame'
21:45:07.229 [Forwarding switchToFrame on session fc23df27e25c4a7d9c7067a436198608 to remote] DEBUG org.asynchttpclient.netty.request.NettyRequestSender -- Using open Channel [id: 0xfbedb3e3, L:/192.168.1.146:57708 - R:ondemand.us-west-1.saucelabs.com/66.85.52.224:443] for POST '/wd/hub/session/fc23df27e25c4a7d9c7067a436198608/frame'
21:45:07.422 [AsyncHttpClient-1-2] DEBUG org.asynchttpclient.netty.handler.HttpHandler -- 

Request DefaultHttpRequest(decodeResult: success, version: HTTP/1.1)
POST /wd/hub/session/fc23df27e25c4a7d9c7067a436198608/frame HTTP/1.1
User-Agent: selenium/4.9.0 (java windows)
traceparent: 00-b29f485b496eaf2447a4f5cf9230e4b7-2d7921d350e1538b-01
Content-Length: 106
Content-Type: application/json; charset=utf-8
host: ondemand.us-west-1.saucelabs.com
authorization: Basic b2F1dGgtYXV0b2xhemFyZS01NThmYjpmOGQwYTRiNC1lMDU5LTRiMzktYTllYi0zNjY5NjViODg3YjE=
accept: */*

Response DefaultHttpResponse(decodeResult: success, version: HTTP/1.1)
HTTP/1.1 200 OK
content-type: application/json;charset=UTF-8
date: Sat, 13 May 2023 01:45:07 GMT
server: monocle/0.42
content-length: 15
x-request-id: ef03bb9c-9e80-49b8-8657-54a9df1f85fe

21:45:07.422 [AsyncHttpClient-1-2] DEBUG org.asynchttpclient.netty.channel.ChannelManager -- Adding key: https://ondemand.us-west-1.saucelabs.com:443 for channel [id: 0xfbedb3e3, L:/192.168.1.146:57708 - R:ondemand.us-west-1.saucelabs.com/66.85.52.224:443]
21:45:07.424 [Forwarding executeScript on session fc23df27e25c4a7d9c7067a436198608 to remote] DEBUG org.asynchttpclient.netty.request.NettyRequestSender -- Using pooled Channel '[id: 0xfbedb3e3, L:/192.168.1.146:57708 - R:ondemand.us-west-1.saucelabs.com/66.85.52.224:443]' for 'POST' to 'https://oauth-autolazare-558fb:f8d0a4b4-e059-4b39-a9eb-366965b887b1@ondemand.us-west-1.saucelabs.com:443/wd/hub/session/fc23df27e25c4a7d9c7067a436198608/execute/sync'
21:45:07.424 [Forwarding executeScript on session fc23df27e25c4a7d9c7067a436198608 to remote] DEBUG org.asynchttpclient.netty.request.NettyRequestSender -- Using open Channel [id: 0xfbedb3e3, L:/192.168.1.146:57708 - R:ondemand.us-west-1.saucelabs.com/66.85.52.224:443] for POST '/wd/hub/session/fc23df27e25c4a7d9c7067a436198608/execute/sync'
21:45:07.599 [AsyncHttpClient-1-2] DEBUG org.asynchttpclient.netty.handler.HttpHandler -- 

Request DefaultHttpRequest(decodeResult: success, version: HTTP/1.1)
POST /wd/hub/session/fc23df27e25c4a7d9c7067a436198608/execute/sync HTTP/1.1
User-Agent: selenium/4.9.0 (java windows)
traceparent: 00-d44d261c025ba086512481476e55e152-d2a9ea2dbf637648-01
Content-Length: 99
Content-Type: application/json; charset=utf-8
host: ondemand.us-west-1.saucelabs.com
authorization: Basic b2F1dGgtYXV0b2xhemFyZS01NThmYjpmOGQwYTRiNC1lMDU5LTRiMzktYTllYi0zNjY5NjViODg3YjE=
accept: */*

Response DefaultHttpResponse(decodeResult: success, version: HTTP/1.1)
HTTP/1.1 200 OK
content-type: application/json;charset=UTF-8
date: Sat, 13 May 2023 01:45:07 GMT
server: monocle/0.42
content-length: 15
x-request-id: c42536be-47a4-4af2-8e32-8a29b47436da

21:45:07.599 [AsyncHttpClient-1-2] DEBUG org.asynchttpclient.netty.channel.ChannelManager -- Adding key: https://ondemand.us-west-1.saucelabs.com:443 for channel [id: 0xfbedb3e3, L:/192.168.1.146:57708 - R:ondemand.us-west-1.saucelabs.com/66.85.52.224:443]
21:45:07.601 [Forwarding findElements on session fc23df27e25c4a7d9c7067a436198608 to remote] DEBUG org.asynchttpclient.netty.request.NettyRequestSender -- Using pooled Channel '[id: 0xfbedb3e3, L:/192.168.1.146:57708 - R:ondemand.us-west-1.saucelabs.com/66.85.52.224:443]' for 'POST' to 'https://oauth-autolazare-558fb:f8d0a4b4-e059-4b39-a9eb-366965b887b1@ondemand.us-west-1.saucelabs.com:443/wd/hub/session/fc23df27e25c4a7d9c7067a436198608/elements'
21:45:07.601 [Forwarding findElements on session fc23df27e25c4a7d9c7067a436198608 to remote] DEBUG org.asynchttpclient.netty.request.NettyRequestSender -- Using open Channel [id: 0xfbedb3e3, L:/192.168.1.146:57708 - R:ondemand.us-west-1.saucelabs.com/66.85.52.224:443] for POST '/wd/hub/session/fc23df27e25c4a7d9c7067a436198608/elements'
21:45:07.790 [AsyncHttpClient-1-2] DEBUG org.asynchttpclient.netty.handler.HttpHandler -- 

Request DefaultHttpRequest(decodeResult: success, version: HTTP/1.1)
POST /wd/hub/session/fc23df27e25c4a7d9c7067a436198608/elements HTTP/1.1
User-Agent: selenium/4.9.0 (java windows)
traceparent: 00-61d17a735823ad9ac4726a6c2cc36581-8461d01366dd67be-01
Content-Length: 98
Content-Type: application/json; charset=utf-8
host: ondemand.us-west-1.saucelabs.com
authorization: Basic b2F1dGgtYXV0b2xhemFyZS01NThmYjpmOGQwYTRiNC1lMDU5LTRiMzktYTllYi0zNjY5NjViODg3YjE=
accept: */*

Response DefaultHttpResponse(decodeResult: success, version: HTTP/1.1)
HTTP/1.1 200 OK
content-type: application/json;charset=UTF-8
date: Sat, 13 May 2023 01:45:07 GMT
server: monocle/0.42
content-length: 13
x-request-id: b5b0dec6-f9e2-4164-8669-d51dd9f2835a

21:45:07.790 [AsyncHttpClient-1-2] DEBUG org.asynchttpclient.netty.channel.ChannelManager -- Adding key: https://ondemand.us-west-1.saucelabs.com:443 for channel [id: 0xfbedb3e3, L:/192.168.1.146:57708 - R:ondemand.us-west-1.saucelabs.com/66.85.52.224:443]
21:45:07.792 [Forwarding switchToParentFrame on session fc23df27e25c4a7d9c7067a436198608 to remote] DEBUG org.asynchttpclient.netty.request.NettyRequestSender -- Using pooled Channel '[id: 0xfbedb3e3, L:/192.168.1.146:57708 - R:ondemand.us-west-1.saucelabs.com/66.85.52.224:443]' for 'POST' to 'https://oauth-autolazare-558fb:f8d0a4b4-e059-4b39-a9eb-366965b887b1@ondemand.us-west-1.saucelabs.com:443/wd/hub/session/fc23df27e25c4a7d9c7067a436198608/frame/parent'
21:45:07.792 [Forwarding switchToParentFrame on session fc23df27e25c4a7d9c7067a436198608 to remote] DEBUG org.asynchttpclient.netty.request.NettyRequestSender -- Using open Channel [id: 0xfbedb3e3, L:/192.168.1.146:57708 - R:ondemand.us-west-1.saucelabs.com/66.85.52.224:443] for POST '/wd/hub/session/fc23df27e25c4a7d9c7067a436198608/frame/parent'
21:45:07.971 [AsyncHttpClient-1-2] DEBUG org.asynchttpclient.netty.handler.HttpHandler -- 

Request DefaultHttpRequest(decodeResult: success, version: HTTP/1.1)
POST /wd/hub/session/fc23df27e25c4a7d9c7067a436198608/frame/parent HTTP/1.1
User-Agent: selenium/4.9.0 (java windows)
traceparent: 00-89e1afb71d039f783506786be9439802-6b84ab0c21b3a051-01
Content-Length: 3
Content-Type: application/json; charset=utf-8
host: ondemand.us-west-1.saucelabs.com
authorization: Basic b2F1dGgtYXV0b2xhemFyZS01NThmYjpmOGQwYTRiNC1lMDU5LTRiMzktYTllYi0zNjY5NjViODg3YjE=
accept: */*

Response DefaultHttpResponse(decodeResult: success, version: HTTP/1.1)
HTTP/1.1 200 OK
content-type: application/json;charset=UTF-8
date: Sat, 13 May 2023 01:45:07 GMT
server: monocle/0.42
content-length: 15
x-request-id: 133a11d4-7aca-4b8a-b555-4371286bad36

21:45:07.972 [AsyncHttpClient-1-2] DEBUG org.asynchttpclient.netty.channel.ChannelManager -- Adding key: https://ondemand.us-west-1.saucelabs.com:443 for channel [id: 0xfbedb3e3, L:/192.168.1.146:57708 - R:ondemand.us-west-1.saucelabs.com/66.85.52.224:443]
21:45:07.974 [Forwarding switchToFrame on session fc23df27e25c4a7d9c7067a436198608 to remote] DEBUG org.asynchttpclient.netty.request.NettyRequestSender -- Using pooled Channel '[id: 0xfbedb3e3, L:/192.168.1.146:57708 - R:ondemand.us-west-1.saucelabs.com/66.85.52.224:443]' for 'POST' to 'https://oauth-autolazare-558fb:f8d0a4b4-e059-4b39-a9eb-366965b887b1@ondemand.us-west-1.saucelabs.com:443/wd/hub/session/fc23df27e25c4a7d9c7067a436198608/frame'
21:45:07.974 [Forwarding switchToFrame on session fc23df27e25c4a7d9c7067a436198608 to remote] DEBUG org.asynchttpclient.netty.request.NettyRequestSender -- Using open Channel [id: 0xfbedb3e3, L:/192.168.1.146:57708 - R:ondemand.us-west-1.saucelabs.com/66.85.52.224:443] for POST '/wd/hub/session/fc23df27e25c4a7d9c7067a436198608/frame'
21:45:08.210 [AsyncHttpClient-1-2] DEBUG org.asynchttpclient.netty.handler.HttpHandler -- 

Request DefaultHttpRequest(decodeResult: success, version: HTTP/1.1)
POST /wd/hub/session/fc23df27e25c4a7d9c7067a436198608/frame HTTP/1.1
User-Agent: selenium/4.9.0 (java windows)
traceparent: 00-313627bd9d863eccd82a6419bf3306eb-27a53c2e21a42991-01
Content-Length: 106
Content-Type: application/json; charset=utf-8
host: ondemand.us-west-1.saucelabs.com
authorization: Basic b2F1dGgtYXV0b2xhemFyZS01NThmYjpmOGQwYTRiNC1lMDU5LTRiMzktYTllYi0zNjY5NjViODg3YjE=
accept: */*

Response DefaultHttpResponse(decodeResult: success, version: HTTP/1.1)
HTTP/1.1 200 OK
content-type: application/json;charset=UTF-8
date: Sat, 13 May 2023 01:45:08 GMT
server: monocle/0.42
content-length: 15
x-request-id: 123797ad-a5eb-4e7b-8d5a-19416025808f

21:45:08.210 [AsyncHttpClient-1-2] DEBUG org.asynchttpclient.netty.channel.ChannelManager -- Adding key: https://ondemand.us-west-1.saucelabs.com:443 for channel [id: 0xfbedb3e3, L:/192.168.1.146:57708 - R:ondemand.us-west-1.saucelabs.com/66.85.52.224:443]
21:45:08.212 [Forwarding executeScript on session fc23df27e25c4a7d9c7067a436198608 to remote] DEBUG org.asynchttpclient.netty.request.NettyRequestSender -- Using pooled Channel '[id: 0xfbedb3e3, L:/192.168.1.146:57708 - R:ondemand.us-west-1.saucelabs.com/66.85.52.224:443]' for 'POST' to 'https://oauth-autolazare-558fb:f8d0a4b4-e059-4b39-a9eb-366965b887b1@ondemand.us-west-1.saucelabs.com:443/wd/hub/session/fc23df27e25c4a7d9c7067a436198608/execute/sync'
21:45:08.212 [Forwarding executeScript on session fc23df27e25c4a7d9c7067a436198608 to remote] DEBUG org.asynchttpclient.netty.request.NettyRequestSender -- Using open Channel [id: 0xfbedb3e3, L:/192.168.1.146:57708 - R:ondemand.us-west-1.saucelabs.com/66.85.52.224:443] for POST '/wd/hub/session/fc23df27e25c4a7d9c7067a436198608/execute/sync'
21:45:08.378 [AsyncHttpClient-1-2] DEBUG org.asynchttpclient.netty.handler.HttpHandler -- 

Request DefaultHttpRequest(decodeResult: success, version: HTTP/1.1)
POST /wd/hub/session/fc23df27e25c4a7d9c7067a436198608/execute/sync HTTP/1.1
User-Agent: selenium/4.9.0 (java windows)
traceparent: 00-f38d2544a9fa631486af5e4f8fea056a-1f0a024bde0635b7-01
Content-Length: 99
Content-Type: application/json; charset=utf-8
host: ondemand.us-west-1.saucelabs.com
authorization: Basic b2F1dGgtYXV0b2xhemFyZS01NThmYjpmOGQwYTRiNC1lMDU5LTRiMzktYTllYi0zNjY5NjViODg3YjE=
accept: */*

Response DefaultHttpResponse(decodeResult: success, version: HTTP/1.1)
HTTP/1.1 200 OK
content-type: application/json;charset=UTF-8
date: Sat, 13 May 2023 01:45:08 GMT
server: monocle/0.42
content-length: 15
x-request-id: bec2c496-b579-4171-ad7a-7d3cdf9dba62

21:45:08.379 [AsyncHttpClient-1-2] DEBUG org.asynchttpclient.netty.channel.ChannelManager -- Adding key: https://ondemand.us-west-1.saucelabs.com:443 for channel [id: 0xfbedb3e3, L:/192.168.1.146:57708 - R:ondemand.us-west-1.saucelabs.com/66.85.52.224:443]
21:45:08.381 [Forwarding findElements on session fc23df27e25c4a7d9c7067a436198608 to remote] DEBUG org.asynchttpclient.netty.request.NettyRequestSender -- Using pooled Channel '[id: 0xfbedb3e3, L:/192.168.1.146:57708 - R:ondemand.us-west-1.saucelabs.com/66.85.52.224:443]' for 'POST' to 'https://oauth-autolazare-558fb:f8d0a4b4-e059-4b39-a9eb-366965b887b1@ondemand.us-west-1.saucelabs.com:443/wd/hub/session/fc23df27e25c4a7d9c7067a436198608/elements'
21:45:08.381 [Forwarding findElements on session fc23df27e25c4a7d9c7067a436198608 to remote] DEBUG org.asynchttpclient.netty.request.NettyRequestSender -- Using open Channel [id: 0xfbedb3e3, L:/192.168.1.146:57708 - R:ondemand.us-west-1.saucelabs.com/66.85.52.224:443] for POST '/wd/hub/session/fc23df27e25c4a7d9c7067a436198608/elements'
21:45:08.606 [AsyncHttpClient-1-2] DEBUG org.asynchttpclient.netty.handler.HttpHandler -- 

Request DefaultHttpRequest(decodeResult: success, version: HTTP/1.1)
POST /wd/hub/session/fc23df27e25c4a7d9c7067a436198608/elements HTTP/1.1
User-Agent: selenium/4.9.0 (java windows)
traceparent: 00-e70d3c492ec02b0203d0c74fc0450fde-3d2620323cf4af70-01
Content-Length: 98
Content-Type: application/json; charset=utf-8
host: ondemand.us-west-1.saucelabs.com
authorization: Basic b2F1dGgtYXV0b2xhemFyZS01NThmYjpmOGQwYTRiNC1lMDU5LTRiMzktYTllYi0zNjY5NjViODg3YjE=
accept: */*

Response DefaultHttpResponse(decodeResult: success, version: HTTP/1.1)
HTTP/1.1 200 OK
content-type: application/json;charset=UTF-8
date: Sat, 13 May 2023 01:45:08 GMT
server: monocle/0.42
content-length: 13
x-request-id: 8cac3156-55f1-4ecf-9adc-bd1a352244e8

21:45:08.606 [AsyncHttpClient-1-2] DEBUG org.asynchttpclient.netty.channel.ChannelManager -- Adding key: https://ondemand.us-west-1.saucelabs.com:443 for channel [id: 0xfbedb3e3, L:/192.168.1.146:57708 - R:ondemand.us-west-1.saucelabs.com/66.85.52.224:443]
21:45:08.617 [Forwarding switchToParentFrame on session fc23df27e25c4a7d9c7067a436198608 to remote] DEBUG org.asynchttpclient.netty.request.NettyRequestSender -- Using pooled Channel '[id: 0xfbedb3e3, L:/192.168.1.146:57708 - R:ondemand.us-west-1.saucelabs.com/66.85.52.224:443]' for 'POST' to 'https://oauth-autolazare-558fb:f8d0a4b4-e059-4b39-a9eb-366965b887b1@ondemand.us-west-1.saucelabs.com:443/wd/hub/session/fc23df27e25c4a7d9c7067a436198608/frame/parent'
21:45:08.617 [Forwarding switchToParentFrame on session fc23df27e25c4a7d9c7067a436198608 to remote] DEBUG org.asynchttpclient.netty.request.NettyRequestSender -- Using open Channel [id: 0xfbedb3e3, L:/192.168.1.146:57708 - R:ondemand.us-west-1.saucelabs.com/66.85.52.224:443] for POST '/wd/hub/session/fc23df27e25c4a7d9c7067a436198608/frame/parent'
21:45:08.772 [AsyncHttpClient-1-2] DEBUG org.asynchttpclient.netty.handler.HttpHandler -- 

Request DefaultHttpRequest(decodeResult: success, version: HTTP/1.1)
POST /wd/hub/session/fc23df27e25c4a7d9c7067a436198608/frame/parent HTTP/1.1
User-Agent: selenium/4.9.0 (java windows)
traceparent: 00-dfc0aeb0d84f864eeb4fed3cf02a3070-e7c7c4ecdd099641-01
Content-Length: 3
Content-Type: application/json; charset=utf-8
host: ondemand.us-west-1.saucelabs.com
authorization: Basic b2F1dGgtYXV0b2xhemFyZS01NThmYjpmOGQwYTRiNC1lMDU5LTRiMzktYTllYi0zNjY5NjViODg3YjE=
accept: */*

Response DefaultHttpResponse(decodeResult: success, version: HTTP/1.1)
HTTP/1.1 200 OK
content-type: application/json;charset=UTF-8
date: Sat, 13 May 2023 01:45:08 GMT
server: monocle/0.42
content-length: 15
x-request-id: c2d8976e-045e-41ab-ba5a-b8f9cf3e6eba

21:45:08.772 [AsyncHttpClient-1-2] DEBUG org.asynchttpclient.netty.channel.ChannelManager -- Adding key: https://ondemand.us-west-1.saucelabs.com:443 for channel [id: 0xfbedb3e3, L:/192.168.1.146:57708 - R:ondemand.us-west-1.saucelabs.com/66.85.52.224:443]
21:45:08.774 [Forwarding switchToFrame on session fc23df27e25c4a7d9c7067a436198608 to remote] DEBUG org.asynchttpclient.netty.request.NettyRequestSender -- Using pooled Channel '[id: 0xfbedb3e3, L:/192.168.1.146:57708 - R:ondemand.us-west-1.saucelabs.com/66.85.52.224:443]' for 'POST' to 'https://oauth-autolazare-558fb:f8d0a4b4-e059-4b39-a9eb-366965b887b1@ondemand.us-west-1.saucelabs.com:443/wd/hub/session/fc23df27e25c4a7d9c7067a436198608/frame'
21:45:08.774 [Forwarding switchToFrame on session fc23df27e25c4a7d9c7067a436198608 to remote] DEBUG org.asynchttpclient.netty.request.NettyRequestSender -- Using open Channel [id: 0xfbedb3e3, L:/192.168.1.146:57708 - R:ondemand.us-west-1.saucelabs.com/66.85.52.224:443] for POST '/wd/hub/session/fc23df27e25c4a7d9c7067a436198608/frame'
21:45:09.007 [AsyncHttpClient-1-2] DEBUG org.asynchttpclient.netty.handler.HttpHandler -- 

Request DefaultHttpRequest(decodeResult: success, version: HTTP/1.1)
POST /wd/hub/session/fc23df27e25c4a7d9c7067a436198608/frame HTTP/1.1
User-Agent: selenium/4.9.0 (java windows)
traceparent: 00-c81339b7114ebb40c13fe10836a43521-8a01843e2686596b-01
Content-Length: 106
Content-Type: application/json; charset=utf-8
host: ondemand.us-west-1.saucelabs.com
authorization: Basic b2F1dGgtYXV0b2xhemFyZS01NThmYjpmOGQwYTRiNC1lMDU5LTRiMzktYTllYi0zNjY5NjViODg3YjE=
accept: */*

Response DefaultHttpResponse(decodeResult: success, version: HTTP/1.1)
HTTP/1.1 200 OK
content-type: application/json;charset=UTF-8
date: Sat, 13 May 2023 01:45:08 GMT
server: monocle/0.42
content-length: 15
x-request-id: 43d007ab-e8c8-43af-89fa-98969202bf47

21:45:09.007 [AsyncHttpClient-1-2] DEBUG org.asynchttpclient.netty.channel.ChannelManager -- Adding key: https://ondemand.us-west-1.saucelabs.com:443 for channel [id: 0xfbedb3e3, L:/192.168.1.146:57708 - R:ondemand.us-west-1.saucelabs.com/66.85.52.224:443]
21:45:09.007 [Forwarding executeScript on session fc23df27e25c4a7d9c7067a436198608 to remote] DEBUG org.asynchttpclient.netty.request.NettyRequestSender -- Using pooled Channel '[id: 0xfbedb3e3, L:/192.168.1.146:57708 - R:ondemand.us-west-1.saucelabs.com/66.85.52.224:443]' for 'POST' to 'https://oauth-autolazare-558fb:f8d0a4b4-e059-4b39-a9eb-366965b887b1@ondemand.us-west-1.saucelabs.com:443/wd/hub/session/fc23df27e25c4a7d9c7067a436198608/execute/sync'
21:45:09.007 [Forwarding executeScript on session fc23df27e25c4a7d9c7067a436198608 to remote] DEBUG org.asynchttpclient.netty.request.NettyRequestSender -- Using open Channel [id: 0xfbedb3e3, L:/192.168.1.146:57708 - R:ondemand.us-west-1.saucelabs.com/66.85.52.224:443] for POST '/wd/hub/session/fc23df27e25c4a7d9c7067a436198608/execute/sync'
21:45:09.172 [AsyncHttpClient-1-2] DEBUG org.asynchttpclient.netty.handler.HttpHandler -- 

Request DefaultHttpRequest(decodeResult: success, version: HTTP/1.1)
POST /wd/hub/session/fc23df27e25c4a7d9c7067a436198608/execute/sync HTTP/1.1
User-Agent: selenium/4.9.0 (java windows)
traceparent: 00-776b3eee28866fdd99e12eeb25291aa6-4e41203bef5d4deb-01
Content-Length: 99
Content-Type: application/json; charset=utf-8
host: ondemand.us-west-1.saucelabs.com
authorization: Basic b2F1dGgtYXV0b2xhemFyZS01NThmYjpmOGQwYTRiNC1lMDU5LTRiMzktYTllYi0zNjY5NjViODg3YjE=
accept: */*

Response DefaultHttpResponse(decodeResult: success, version: HTTP/1.1)
HTTP/1.1 200 OK
content-type: application/json;charset=UTF-8
date: Sat, 13 May 2023 01:45:09 GMT
server: monocle/0.42
content-length: 15
x-request-id: c76261dd-980b-4abb-8fa4-73ca81b4d0ab

21:45:09.172 [AsyncHttpClient-1-2] DEBUG org.asynchttpclient.netty.channel.ChannelManager -- Adding key: https://ondemand.us-west-1.saucelabs.com:443 for channel [id: 0xfbedb3e3, L:/192.168.1.146:57708 - R:ondemand.us-west-1.saucelabs.com/66.85.52.224:443]
21:45:09.174 [Forwarding findElements on session fc23df27e25c4a7d9c7067a436198608 to remote] DEBUG org.asynchttpclient.netty.request.NettyRequestSender -- Using pooled Channel '[id: 0xfbedb3e3, L:/192.168.1.146:57708 - R:ondemand.us-west-1.saucelabs.com/66.85.52.224:443]' for 'POST' to 'https://oauth-autolazare-558fb:f8d0a4b4-e059-4b39-a9eb-366965b887b1@ondemand.us-west-1.saucelabs.com:443/wd/hub/session/fc23df27e25c4a7d9c7067a436198608/elements'
21:45:09.174 [Forwarding findElements on session fc23df27e25c4a7d9c7067a436198608 to remote] DEBUG org.asynchttpclient.netty.request.NettyRequestSender -- Using open Channel [id: 0xfbedb3e3, L:/192.168.1.146:57708 - R:ondemand.us-west-1.saucelabs.com/66.85.52.224:443] for POST '/wd/hub/session/fc23df27e25c4a7d9c7067a436198608/elements'
21:45:09.391 [AsyncHttpClient-1-2] DEBUG org.asynchttpclient.netty.handler.HttpHandler -- 

Request DefaultHttpRequest(decodeResult: success, version: HTTP/1.1)
POST /wd/hub/session/fc23df27e25c4a7d9c7067a436198608/elements HTTP/1.1
User-Agent: selenium/4.9.0 (java windows)
traceparent: 00-baca0003170eee0a12709c2f6e33d250-fb50d747d25173d5-01
Content-Length: 98
Content-Type: application/json; charset=utf-8
host: ondemand.us-west-1.saucelabs.com
authorization: Basic b2F1dGgtYXV0b2xhemFyZS01NThmYjpmOGQwYTRiNC1lMDU5LTRiMzktYTllYi0zNjY5NjViODg3YjE=
accept: */*

Response DefaultHttpResponse(decodeResult: success, version: HTTP/1.1)
HTTP/1.1 200 OK
content-type: application/json;charset=UTF-8
date: Sat, 13 May 2023 01:45:09 GMT
server: monocle/0.42
content-length: 13
x-request-id: 2b846245-9f64-4ffa-8002-85aeb13914f8

21:45:09.391 [AsyncHttpClient-1-2] DEBUG org.asynchttpclient.netty.channel.ChannelManager -- Adding key: https://ondemand.us-west-1.saucelabs.com:443 for channel [id: 0xfbedb3e3, L:/192.168.1.146:57708 - R:ondemand.us-west-1.saucelabs.com/66.85.52.224:443]
21:45:09.393 [Forwarding switchToParentFrame on session fc23df27e25c4a7d9c7067a436198608 to remote] DEBUG org.asynchttpclient.netty.request.NettyRequestSender -- Using pooled Channel '[id: 0xfbedb3e3, L:/192.168.1.146:57708 - R:ondemand.us-west-1.saucelabs.com/66.85.52.224:443]' for 'POST' to 'https://oauth-autolazare-558fb:f8d0a4b4-e059-4b39-a9eb-366965b887b1@ondemand.us-west-1.saucelabs.com:443/wd/hub/session/fc23df27e25c4a7d9c7067a436198608/frame/parent'
21:45:09.393 [Forwarding switchToParentFrame on session fc23df27e25c4a7d9c7067a436198608 to remote] DEBUG org.asynchttpclient.netty.request.NettyRequestSender -- Using open Channel [id: 0xfbedb3e3, L:/192.168.1.146:57708 - R:ondemand.us-west-1.saucelabs.com/66.85.52.224:443] for POST '/wd/hub/session/fc23df27e25c4a7d9c7067a436198608/frame/parent'
21:45:09.609 [AsyncHttpClient-1-2] DEBUG org.asynchttpclient.netty.handler.HttpHandler -- 

Request DefaultHttpRequest(decodeResult: success, version: HTTP/1.1)
POST /wd/hub/session/fc23df27e25c4a7d9c7067a436198608/frame/parent HTTP/1.1
User-Agent: selenium/4.9.0 (java windows)
traceparent: 00-9a36694637efad0f5a7ee6063094fce1-a9f817dcc95c0424-01
Content-Length: 3
Content-Type: application/json; charset=utf-8
host: ondemand.us-west-1.saucelabs.com
authorization: Basic b2F1dGgtYXV0b2xhemFyZS01NThmYjpmOGQwYTRiNC1lMDU5LTRiMzktYTllYi0zNjY5NjViODg3YjE=
accept: */*

Response DefaultHttpResponse(decodeResult: success, version: HTTP/1.1)
HTTP/1.1 200 OK
content-type: application/json;charset=UTF-8
date: Sat, 13 May 2023 01:45:09 GMT
server: monocle/0.42
content-length: 15
x-request-id: 508ae1a6-d8c4-4d24-874b-53aa59f87f7d

21:45:09.609 [AsyncHttpClient-1-2] DEBUG org.asynchttpclient.netty.channel.ChannelManager -- Adding key: https://ondemand.us-west-1.saucelabs.com:443 for channel [id: 0xfbedb3e3, L:/192.168.1.146:57708 - R:ondemand.us-west-1.saucelabs.com/66.85.52.224:443]
21:45:09.611 [Forwarding switchToFrame on session fc23df27e25c4a7d9c7067a436198608 to remote] DEBUG org.asynchttpclient.netty.request.NettyRequestSender -- Using pooled Channel '[id: 0xfbedb3e3, L:/192.168.1.146:57708 - R:ondemand.us-west-1.saucelabs.com/66.85.52.224:443]' for 'POST' to 'https://oauth-autolazare-558fb:f8d0a4b4-e059-4b39-a9eb-366965b887b1@ondemand.us-west-1.saucelabs.com:443/wd/hub/session/fc23df27e25c4a7d9c7067a436198608/frame'
21:45:09.611 [Forwarding switchToFrame on session fc23df27e25c4a7d9c7067a436198608 to remote] DEBUG org.asynchttpclient.netty.request.NettyRequestSender -- Using open Channel [id: 0xfbedb3e3, L:/192.168.1.146:57708 - R:ondemand.us-west-1.saucelabs.com/66.85.52.224:443] for POST '/wd/hub/session/fc23df27e25c4a7d9c7067a436198608/frame'
21:45:09.835 [AsyncHttpClient-1-2] DEBUG org.asynchttpclient.netty.handler.HttpHandler -- 

Request DefaultHttpRequest(decodeResult: success, version: HTTP/1.1)
POST /wd/hub/session/fc23df27e25c4a7d9c7067a436198608/frame HTTP/1.1
User-Agent: selenium/4.9.0 (java windows)
traceparent: 00-6a5bf401797f6967bf464a79bca0c09b-8b827014ab5c21de-01
Content-Length: 106
Content-Type: application/json; charset=utf-8
host: ondemand.us-west-1.saucelabs.com
authorization: Basic b2F1dGgtYXV0b2xhemFyZS01NThmYjpmOGQwYTRiNC1lMDU5LTRiMzktYTllYi0zNjY5NjViODg3YjE=
accept: */*

Response DefaultHttpResponse(decodeResult: success, version: HTTP/1.1)
HTTP/1.1 200 OK
content-type: application/json;charset=UTF-8
date: Sat, 13 May 2023 01:45:09 GMT
server: monocle/0.42
content-length: 15
x-request-id: 6115c5a5-6ef4-49fb-a54a-aca1381ddb8d

21:45:09.835 [AsyncHttpClient-1-2] DEBUG org.asynchttpclient.netty.channel.ChannelManager -- Adding key: https://ondemand.us-west-1.saucelabs.com:443 for channel [id: 0xfbedb3e3, L:/192.168.1.146:57708 - R:ondemand.us-west-1.saucelabs.com/66.85.52.224:443]
21:45:09.837 [Forwarding executeScript on session fc23df27e25c4a7d9c7067a436198608 to remote] DEBUG org.asynchttpclient.netty.request.NettyRequestSender -- Using pooled Channel '[id: 0xfbedb3e3, L:/192.168.1.146:57708 - R:ondemand.us-west-1.saucelabs.com/66.85.52.224:443]' for 'POST' to 'https://oauth-autolazare-558fb:f8d0a4b4-e059-4b39-a9eb-366965b887b1@ondemand.us-west-1.saucelabs.com:443/wd/hub/session/fc23df27e25c4a7d9c7067a436198608/execute/sync'
21:45:09.838 [Forwarding executeScript on session fc23df27e25c4a7d9c7067a436198608 to remote] DEBUG org.asynchttpclient.netty.request.NettyRequestSender -- Using open Channel [id: 0xfbedb3e3, L:/192.168.1.146:57708 - R:ondemand.us-west-1.saucelabs.com/66.85.52.224:443] for POST '/wd/hub/session/fc23df27e25c4a7d9c7067a436198608/execute/sync'
21:45:09.996 [AsyncHttpClient-1-2] DEBUG org.asynchttpclient.netty.handler.HttpHandler -- 

Request DefaultHttpRequest(decodeResult: success, version: HTTP/1.1)
POST /wd/hub/session/fc23df27e25c4a7d9c7067a436198608/execute/sync HTTP/1.1
User-Agent: selenium/4.9.0 (java windows)
traceparent: 00-0eb37fc4270ba8c2154b84d660dd4b49-0c131bf35c6ae2f7-01
Content-Length: 99
Content-Type: application/json; charset=utf-8
host: ondemand.us-west-1.saucelabs.com
authorization: Basic b2F1dGgtYXV0b2xhemFyZS01NThmYjpmOGQwYTRiNC1lMDU5LTRiMzktYTllYi0zNjY5NjViODg3YjE=
accept: */*

Response DefaultHttpResponse(decodeResult: success, version: HTTP/1.1)
HTTP/1.1 200 OK
content-type: application/json;charset=UTF-8
date: Sat, 13 May 2023 01:45:09 GMT
server: monocle/0.42
content-length: 15
x-request-id: 1f8811fd-bd0c-4435-93d6-e914025e5543

21:45:09.997 [AsyncHttpClient-1-2] DEBUG org.asynchttpclient.netty.channel.ChannelManager -- Adding key: https://ondemand.us-west-1.saucelabs.com:443 for channel [id: 0xfbedb3e3, L:/192.168.1.146:57708 - R:ondemand.us-west-1.saucelabs.com/66.85.52.224:443]
21:45:09.998 [Forwarding findElements on session fc23df27e25c4a7d9c7067a436198608 to remote] DEBUG org.asynchttpclient.netty.request.NettyRequestSender -- Using pooled Channel '[id: 0xfbedb3e3, L:/192.168.1.146:57708 - R:ondemand.us-west-1.saucelabs.com/66.85.52.224:443]' for 'POST' to 'https://oauth-autolazare-558fb:f8d0a4b4-e059-4b39-a9eb-366965b887b1@ondemand.us-west-1.saucelabs.com:443/wd/hub/session/fc23df27e25c4a7d9c7067a436198608/elements'
21:45:09.998 [Forwarding findElements on session fc23df27e25c4a7d9c7067a436198608 to remote] DEBUG org.asynchttpclient.netty.request.NettyRequestSender -- Using open Channel [id: 0xfbedb3e3, L:/192.168.1.146:57708 - R:ondemand.us-west-1.saucelabs.com/66.85.52.224:443] for POST '/wd/hub/session/fc23df27e25c4a7d9c7067a436198608/elements'
21:45:10.185 [AsyncHttpClient-1-2] DEBUG org.asynchttpclient.netty.handler.HttpHandler -- 

Request DefaultHttpRequest(decodeResult: success, version: HTTP/1.1)
POST /wd/hub/session/fc23df27e25c4a7d9c7067a436198608/elements HTTP/1.1
User-Agent: selenium/4.9.0 (java windows)
traceparent: 00-dbdeb638f4991487b7369b95d922f315-863169ebb9087182-01
Content-Length: 98
Content-Type: application/json; charset=utf-8
host: ondemand.us-west-1.saucelabs.com
authorization: Basic b2F1dGgtYXV0b2xhemFyZS01NThmYjpmOGQwYTRiNC1lMDU5LTRiMzktYTllYi0zNjY5NjViODg3YjE=
accept: */*

Response DefaultHttpResponse(decodeResult: success, version: HTTP/1.1)
HTTP/1.1 200 OK
content-type: application/json;charset=UTF-8
date: Sat, 13 May 2023 01:45:10 GMT
server: monocle/0.42
content-length: 13
x-request-id: 65d0f234-d7a5-488c-a5fe-33a43eade8bc

21:45:10.185 [AsyncHttpClient-1-2] DEBUG org.asynchttpclient.netty.channel.ChannelManager -- Adding key: https://ondemand.us-west-1.saucelabs.com:443 for channel [id: 0xfbedb3e3, L:/192.168.1.146:57708 - R:ondemand.us-west-1.saucelabs.com/66.85.52.224:443]
21:45:10.188 [Forwarding switchToParentFrame on session fc23df27e25c4a7d9c7067a436198608 to remote] DEBUG org.asynchttpclient.netty.request.NettyRequestSender -- Using pooled Channel '[id: 0xfbedb3e3, L:/192.168.1.146:57708 - R:ondemand.us-west-1.saucelabs.com/66.85.52.224:443]' for 'POST' to 'https://oauth-autolazare-558fb:f8d0a4b4-e059-4b39-a9eb-366965b887b1@ondemand.us-west-1.saucelabs.com:443/wd/hub/session/fc23df27e25c4a7d9c7067a436198608/frame/parent'
21:45:10.188 [Forwarding switchToParentFrame on session fc23df27e25c4a7d9c7067a436198608 to remote] DEBUG org.asynchttpclient.netty.request.NettyRequestSender -- Using open Channel [id: 0xfbedb3e3, L:/192.168.1.146:57708 - R:ondemand.us-west-1.saucelabs.com/66.85.52.224:443] for POST '/wd/hub/session/fc23df27e25c4a7d9c7067a436198608/frame/parent'
21:45:10.376 [AsyncHttpClient-1-2] DEBUG org.asynchttpclient.netty.handler.HttpHandler -- 

Request DefaultHttpRequest(decodeResult: success, version: HTTP/1.1)
POST /wd/hub/session/fc23df27e25c4a7d9c7067a436198608/frame/parent HTTP/1.1
User-Agent: selenium/4.9.0 (java windows)
traceparent: 00-feac0de6d0c1521670ad7af517d5a3ba-f811ea74bb26d3bb-01
Content-Length: 3
Content-Type: application/json; charset=utf-8
host: ondemand.us-west-1.saucelabs.com
authorization: Basic b2F1dGgtYXV0b2xhemFyZS01NThmYjpmOGQwYTRiNC1lMDU5LTRiMzktYTllYi0zNjY5NjViODg3YjE=
accept: */*

Response DefaultHttpResponse(decodeResult: success, version: HTTP/1.1)
HTTP/1.1 200 OK
content-type: application/json;charset=UTF-8
date: Sat, 13 May 2023 01:45:10 GMT
server: monocle/0.42
content-length: 15
x-request-id: 0a6526ad-5b03-41a3-8cbd-0f3f6963dd8d

21:45:10.377 [AsyncHttpClient-1-2] DEBUG org.asynchttpclient.netty.channel.ChannelManager -- Adding key: https://ondemand.us-west-1.saucelabs.com:443 for channel [id: 0xfbedb3e3, L:/192.168.1.146:57708 - R:ondemand.us-west-1.saucelabs.com/66.85.52.224:443]
21:45:10.380 [Forwarding executeAsyncScript on session fc23df27e25c4a7d9c7067a436198608 to remote] DEBUG org.asynchttpclient.netty.request.NettyRequestSender -- Using pooled Channel '[id: 0xfbedb3e3, L:/192.168.1.146:57708 - R:ondemand.us-west-1.saucelabs.com/66.85.52.224:443]' for 'POST' to 'https://oauth-autolazare-558fb:f8d0a4b4-e059-4b39-a9eb-366965b887b1@ondemand.us-west-1.saucelabs.com:443/wd/hub/session/fc23df27e25c4a7d9c7067a436198608/execute/async'
21:45:10.380 [Forwarding executeAsyncScript on session fc23df27e25c4a7d9c7067a436198608 to remote] DEBUG org.asynchttpclient.netty.request.NettyRequestSender -- Using open Channel [id: 0xfbedb3e3, L:/192.168.1.146:57708 - R:ondemand.us-west-1.saucelabs.com/66.85.52.224:443] for POST '/wd/hub/session/fc23df27e25c4a7d9c7067a436198608/execute/async'
21:45:13.121 [AsyncHttpClient-1-2] DEBUG org.asynchttpclient.netty.handler.HttpHandler -- 

Request DefaultHttpRequest(decodeResult: success, version: HTTP/1.1)
POST /wd/hub/session/fc23df27e25c4a7d9c7067a436198608/execute/async HTTP/1.1
User-Agent: selenium/4.9.0 (java windows)
traceparent: 00-41f2193c7d21e4d15e11013aabdc599a-34c7b472007c1e5f-01
Content-Length: 358
Content-Type: application/json; charset=utf-8
host: ondemand.us-west-1.saucelabs.com
authorization: Basic b2F1dGgtYXV0b2xhemFyZS01NThmYjpmOGQwYTRiNC1lMDU5LTRiMzktYTllYi0zNjY5NjViODg3YjE=
accept: */*

Response DefaultHttpResponse(decodeResult: success, version: HTTP/1.1)
HTTP/1.1 200 OK
content-type: application/json;charset=UTF-8
date: Sat, 13 May 2023 01:45:10 GMT
server: monocle/0.42
transfer-encoding: chunked
x-request-id: 03da21e1-c896-425e-abc5-f859fde6315d

21:45:13.512 [AsyncHttpClient-1-2] DEBUG org.asynchttpclient.netty.channel.ChannelManager -- Adding key: https://ondemand.us-west-1.saucelabs.com:443 for channel [id: 0xfbedb3e3, L:/192.168.1.146:57708 - R:ondemand.us-west-1.saucelabs.com/66.85.52.224:443]
21:45:13.794 [AsyncHttpClient-1-1] DEBUG org.asynchttpclient.netty.channel.DefaultChannelPool -- Entry count for : https://ondemand.us-west-1.saucelabs.com:443 : 1
File already exists.
21:45:13.957 [Forwarding maximizeCurrentWindow on session fc23df27e25c4a7d9c7067a436198608 to remote] DEBUG org.asynchttpclient.netty.request.NettyRequestSender -- Using pooled Channel '[id: 0xfbedb3e3, L:/192.168.1.146:57708 - R:ondemand.us-west-1.saucelabs.com/66.85.52.224:443]' for 'POST' to 'https://oauth-autolazare-558fb:f8d0a4b4-e059-4b39-a9eb-366965b887b1@ondemand.us-west-1.saucelabs.com:443/wd/hub/session/fc23df27e25c4a7d9c7067a436198608/window/maximize'
21:45:13.957 [Forwarding maximizeCurrentWindow on session fc23df27e25c4a7d9c7067a436198608 to remote] DEBUG org.asynchttpclient.netty.request.NettyRequestSender -- Using open Channel [id: 0xfbedb3e3, L:/192.168.1.146:57708 - R:ondemand.us-west-1.saucelabs.com/66.85.52.224:443] for POST '/wd/hub/session/fc23df27e25c4a7d9c7067a436198608/window/maximize'
21:45:14.202 [AsyncHttpClient-1-2] DEBUG org.asynchttpclient.netty.handler.HttpHandler -- 

Request DefaultHttpRequest(decodeResult: success, version: HTTP/1.1)
POST /wd/hub/session/fc23df27e25c4a7d9c7067a436198608/window/maximize HTTP/1.1
User-Agent: selenium/4.9.0 (java windows)
traceparent: 00-518e8f6923d5de7d74d8327e9013c6c2-5e7914728799d841-01
Content-Length: 3
Content-Type: application/json; charset=utf-8
host: ondemand.us-west-1.saucelabs.com
authorization: Basic b2F1dGgtYXV0b2xhemFyZS01NThmYjpmOGQwYTRiNC1lMDU5LTRiMzktYTllYi0zNjY5NjViODg3YjE=
accept: */*

Response DefaultHttpResponse(decodeResult: success, version: HTTP/1.1)
HTTP/1.1 200 OK
content-type: application/json;charset=UTF-8
date: Sat, 13 May 2023 01:45:14 GMT
server: monocle/0.42
content-length: 59
x-request-id: af20aec7-0ee8-427e-b7be-eae76f663262

21:45:14.202 [AsyncHttpClient-1-2] DEBUG org.asynchttpclient.netty.channel.ChannelManager -- Adding key: https://ondemand.us-west-1.saucelabs.com:443 for channel [id: 0xfbedb3e3, L:/192.168.1.146:57708 - R:ondemand.us-west-1.saucelabs.com/66.85.52.224:443]
21:45:14.233 [Forwarding getTitle on session fc23df27e25c4a7d9c7067a436198608 to remote] DEBUG org.asynchttpclient.netty.request.NettyRequestSender -- Using pooled Channel '[id: 0xfbedb3e3, L:/192.168.1.146:57708 - R:ondemand.us-west-1.saucelabs.com/66.85.52.224:443]' for 'GET' to 'https://oauth-autolazare-558fb:f8d0a4b4-e059-4b39-a9eb-366965b887b1@ondemand.us-west-1.saucelabs.com:443/wd/hub/session/fc23df27e25c4a7d9c7067a436198608/title'
21:45:14.233 [Forwarding getTitle on session fc23df27e25c4a7d9c7067a436198608 to remote] DEBUG org.asynchttpclient.netty.request.NettyRequestSender -- Using open Channel [id: 0xfbedb3e3, L:/192.168.1.146:57708 - R:ondemand.us-west-1.saucelabs.com/66.85.52.224:443] for GET '/wd/hub/session/fc23df27e25c4a7d9c7067a436198608/title'
21:45:14.518 [AsyncHttpClient-1-2] DEBUG org.asynchttpclient.netty.handler.HttpHandler -- 

Request DefaultFullHttpRequest(decodeResult: success, version: HTTP/1.1, content: EmptyByteBufBE)
GET /wd/hub/session/fc23df27e25c4a7d9c7067a436198608/title HTTP/1.1
User-Agent: selenium/4.9.0 (java windows)
Cache-Control: no-cache
traceparent: 00-144d775d2a9285688d2730820df55084-93364375e165138d-01
Content-Type: application/json; charset=utf-8
host: ondemand.us-west-1.saucelabs.com
authorization: Basic b2F1dGgtYXV0b2xhemFyZS01NThmYjpmOGQwYTRiNC1lMDU5LTRiMzktYTllYi0zNjY5NjViODg3YjE=
accept: */*

Response DefaultHttpResponse(decodeResult: success, version: HTTP/1.1)
HTTP/1.1 200 OK
content-type: application/json;charset=UTF-8
date: Sat, 13 May 2023 01:45:14 GMT
server: monocle/0.42
content-length: 57
x-request-id: 6b8f6be6-1b2a-436d-9de8-8dafe9346f6c

21:45:14.518 [AsyncHttpClient-1-2] DEBUG org.asynchttpclient.netty.channel.ChannelManager -- Adding key: https://ondemand.us-west-1.saucelabs.com:443 for channel [id: 0xfbedb3e3, L:/192.168.1.146:57708 - R:ondemand.us-west-1.saucelabs.com/66.85.52.224:443]
21:45:14.518 [Forwarding quit on session fc23df27e25c4a7d9c7067a436198608 to remote] DEBUG org.asynchttpclient.netty.request.NettyRequestSender -- Using pooled Channel '[id: 0xfbedb3e3, L:/192.168.1.146:57708 - R:ondemand.us-west-1.saucelabs.com/66.85.52.224:443]' for 'DELETE' to 'https://oauth-autolazare-558fb:f8d0a4b4-e059-4b39-a9eb-366965b887b1@ondemand.us-west-1.saucelabs.com:443/wd/hub/session/fc23df27e25c4a7d9c7067a436198608'
21:45:14.518 [Forwarding quit on session fc23df27e25c4a7d9c7067a436198608 to remote] DEBUG org.asynchttpclient.netty.request.NettyRequestSender -- Using open Channel [id: 0xfbedb3e3, L:/192.168.1.146:57708 - R:ondemand.us-west-1.saucelabs.com/66.85.52.224:443] for DELETE '/wd/hub/session/fc23df27e25c4a7d9c7067a436198608'
21:45:14.856 [AsyncHttpClient-1-2] DEBUG org.asynchttpclient.netty.handler.HttpHandler -- 

Request DefaultFullHttpRequest(decodeResult: success, version: HTTP/1.1, content: EmptyByteBufBE)
DELETE /wd/hub/session/fc23df27e25c4a7d9c7067a436198608 HTTP/1.1
User-Agent: selenium/4.9.0 (java windows)
traceparent: 00-0b865d67ee2f082e406ecbf2d05b1e55-5fef1fba7de8e283-01
Content-Type: application/json; charset=utf-8
host: ondemand.us-west-1.saucelabs.com
authorization: Basic b2F1dGgtYXV0b2xhemFyZS01NThmYjpmOGQwYTRiNC1lMDU5LTRiMzktYTllYi0zNjY5NjViODg3YjE=
accept: */*

Response DefaultHttpResponse(decodeResult: success, version: HTTP/1.1)
HTTP/1.1 200 OK
content-type: application/json;charset=UTF-8
date: Sat, 13 May 2023 01:45:14 GMT
server: monocle/0.42
content-length: 13
x-request-id: 647fe7f4-2b52-4221-b03d-2fb4d868f20c

21:45:14.856 [AsyncHttpClient-1-2] DEBUG org.asynchttpclient.netty.channel.ChannelManager -- Adding key: https://ondemand.us-west-1.saucelabs.com:443 for channel [id: 0xfbedb3e3, L:/192.168.1.146:57708 - R:ondemand.us-west-1.saucelabs.com/66.85.52.224:443]
  Given user navigate to the site               # stepDefinitions.Login.user_navigate_to_the_site()
  When user click on login                      # stepDefinitions.Login.user_click_on_login()
]]></system-out>
    <system-err><![CDATA[May 12, 2023 9:44:14 PM org.openqa.selenium.remote.tracing.opentelemetry.OpenTelemetryTracer createTracer
INFO: Using OpenTelemetry for tracing
]]></system-err>
  </testcase>
</testsuite>