<?xml version="1.0" encoding="UTF-8"?>
<testsuite xmlns:xsi="http://www.w3.org/2001/XMLSchema-instance" xsi:noNamespaceSchemaLocation="https://maven.apache.org/surefire/maven-surefire-plugin/xsd/surefire-test-report-3.0.xsd" version="3.0" name="TestSuite" time="33.08" tests="1" errors="0" skipped="0" failures="0">
  <properties>
    <property name="sun.desktop" value="windows"/>
    <property name="awt.toolkit" value="sun.awt.windows.WToolkit"/>
    <property name="java.specification.version" value="11"/>
    <property name="webdriver.chrome.driver" value="C:\Users\ganah\.cache\selenium\chromedriver\win32\113.0.5672.63\chromedriver.exe"/>
    <property name="sun.cpu.isalist" value="amd64"/>
    <property name="sun.jnu.encoding" value="Cp1252"/>
    <property name="java.class.path" value="C:\Users\ganah\IdeaProjects\Cucumber_Project_03_28_2023_job\target\test-classes;C:\Users\ganah\IdeaProjects\Cucumber_Project_03_28_2023_job\target\classes;C:\Users\ganah\.m2\repository\org\seleniumhq\selenium\selenium-java\4.9.0\selenium-java-4.9.0.jar;C:\Users\ganah\.m2\repository\org\seleniumhq\selenium\selenium-api\4.9.0\selenium-api-4.9.0.jar;C:\Users\ganah\.m2\repository\org\seleniumhq\selenium\selenium-chrome-driver\4.9.0\selenium-chrome-driver-4.9.0.jar;C:\Users\ganah\.m2\repository\com\google\auto\service\auto-service-annotations\1.0.1\auto-service-annotations-1.0.1.jar;C:\Users\ganah\.m2\repository\com\google\auto\service\auto-service\1.0.1\auto-service-1.0.1.jar;C:\Users\ganah\.m2\repository\com\google\auto\auto-common\1.2\auto-common-1.2.jar;C:\Users\ganah\.m2\repository\org\seleniumhq\selenium\selenium-chromium-driver\4.9.0\selenium-chromium-driver-4.9.0.jar;C:\Users\ganah\.m2\repository\org\seleniumhq\selenium\selenium-json\4.9.0\selenium-json-4.9.0.jar;C:\Users\ganah\.m2\repository\org\seleniumhq\selenium\selenium-manager\4.9.0\selenium-manager-4.9.0.jar;C:\Users\ganah\.m2\repository\org\seleniumhq\selenium\selenium-devtools-v110\4.9.0\selenium-devtools-v110-4.9.0.jar;C:\Users\ganah\.m2\repository\org\seleniumhq\selenium\selenium-devtools-v111\4.9.0\selenium-devtools-v111-4.9.0.jar;C:\Users\ganah\.m2\repository\org\seleniumhq\selenium\selenium-devtools-v112\4.9.0\selenium-devtools-v112-4.9.0.jar;C:\Users\ganah\.m2\repository\org\seleniumhq\selenium\selenium-devtools-v85\4.9.0\selenium-devtools-v85-4.9.0.jar;C:\Users\ganah\.m2\repository\org\seleniumhq\selenium\selenium-edge-driver\4.9.0\selenium-edge-driver-4.9.0.jar;C:\Users\ganah\.m2\repository\org\seleniumhq\selenium\selenium-firefox-driver\4.9.0\selenium-firefox-driver-4.9.0.jar;C:\Users\ganah\.m2\repository\org\seleniumhq\selenium\selenium-http\4.9.0\selenium-http-4.9.0.jar;C:\Users\ganah\.m2\repository\dev\failsafe\failsafe\3.3.1\failsafe-3.3.1.jar;C:\Users\ganah\.m2\repository\org\seleniumhq\selenium\selenium-ie-driver\4.9.0\selenium-ie-driver-4.9.0.jar;C:\Users\ganah\.m2\repository\org\seleniumhq\selenium\selenium-remote-driver\4.9.0\selenium-remote-driver-4.9.0.jar;C:\Users\ganah\.m2\repository\io\netty\netty-buffer\4.1.91.Final\netty-buffer-4.1.91.Final.jar;C:\Users\ganah\.m2\repository\io\netty\netty-codec-http\4.1.91.Final\netty-codec-http-4.1.91.Final.jar;C:\Users\ganah\.m2\repository\io\netty\netty-codec\4.1.91.Final\netty-codec-4.1.91.Final.jar;C:\Users\ganah\.m2\repository\io\netty\netty-handler\4.1.91.Final\netty-handler-4.1.91.Final.jar;C:\Users\ganah\.m2\repository\io\netty\netty-common\4.1.91.Final\netty-common-4.1.91.Final.jar;C:\Users\ganah\.m2\repository\io\netty\netty-transport-classes-epoll\4.1.91.Final\netty-transport-classes-epoll-4.1.91.Final.jar;C:\Users\ganah\.m2\repository\io\netty\netty-transport-classes-kqueue\4.1.91.Final\netty-transport-classes-kqueue-4.1.91.Final.jar;C:\Users\ganah\.m2\repository\io\netty\netty-transport-native-epoll\4.1.91.Final\netty-transport-native-epoll-4.1.91.Final.jar;C:\Users\ganah\.m2\repository\io\netty\netty-transport-native-kqueue\4.1.91.Final\netty-transport-native-kqueue-4.1.91.Final.jar;C:\Users\ganah\.m2\repository\io\netty\netty-transport-native-unix-common\4.1.91.Final\netty-transport-native-unix-common-4.1.91.Final.jar;C:\Users\ganah\.m2\repository\io\netty\netty-transport\4.1.91.Final\netty-transport-4.1.91.Final.jar;C:\Users\ganah\.m2\repository\io\netty\netty-resolver\4.1.91.Final\netty-resolver-4.1.91.Final.jar;C:\Users\ganah\.m2\repository\io\opentelemetry\opentelemetry-api\1.25.0\opentelemetry-api-1.25.0.jar;C:\Users\ganah\.m2\repository\io\opentelemetry\opentelemetry-context\1.25.0\opentelemetry-context-1.25.0.jar;C:\Users\ganah\.m2\repository\io\opentelemetry\opentelemetry-exporter-logging\1.25.0\opentelemetry-exporter-logging-1.25.0.jar;C:\Users\ganah\.m2\repository\io\opentelemetry\opentelemetry-sdk-metrics\1.25.0\opentelemetry-sdk-metrics-1.25.0.jar;C:\Users\ganah\.m2\repository\io\opentelemetry\opentelemetry-sdk-logs\1.25.0-alpha\opentelemetry-sdk-logs-1.25.0-alpha.jar;C:\Users\ganah\.m2\repository\io\opentelemetry\opentelemetry-api-logs\1.25.0-alpha\opentelemetry-api-logs-1.25.0-alpha.jar;C:\Users\ganah\.m2\repository\io\opentelemetry\opentelemetry-api-events\1.25.0-alpha\opentelemetry-api-events-1.25.0-alpha.jar;C:\Users\ganah\.m2\repository\io\opentelemetry\opentelemetry-sdk-common\1.25.0\opentelemetry-sdk-common-1.25.0.jar;C:\Users\ganah\.m2\repository\io\opentelemetry\opentelemetry-sdk-extension-autoconfigure-spi\1.25.0\opentelemetry-sdk-extension-autoconfigure-spi-1.25.0.jar;C:\Users\ganah\.m2\repository\io\opentelemetry\opentelemetry-sdk-extension-autoconfigure\1.25.0-alpha\opentelemetry-sdk-extension-autoconfigure-1.25.0-alpha.jar;C:\Users\ganah\.m2\repository\io\opentelemetry\opentelemetry-sdk-trace\1.25.0\opentelemetry-sdk-trace-1.25.0.jar;C:\Users\ganah\.m2\repository\io\opentelemetry\opentelemetry-sdk\1.25.0\opentelemetry-sdk-1.25.0.jar;C:\Users\ganah\.m2\repository\io\opentelemetry\opentelemetry-semconv\1.25.0-alpha\opentelemetry-semconv-1.25.0-alpha.jar;C:\Users\ganah\.m2\repository\io\ous\jtoml\2.0.0\jtoml-2.0.0.jar;C:\Users\ganah\.m2\repository\net\bytebuddy\byte-buddy\1.14.4\byte-buddy-1.14.4.jar;C:\Users\ganah\.m2\repository\org\apache\commons\commons-exec\1.3\commons-exec-1.3.jar;C:\Users\ganah\.m2\repository\org\asynchttpclient\async-http-client\2.12.3\async-http-client-2.12.3.jar;C:\Users\ganah\.m2\repository\org\asynchttpclient\async-http-client-netty-utils\2.12.3\async-http-client-netty-utils-2.12.3.jar;C:\Users\ganah\.m2\repository\io\netty\netty-codec-socks\4.1.60.Final\netty-codec-socks-4.1.60.Final.jar;C:\Users\ganah\.m2\repository\io\netty\netty-handler-proxy\4.1.60.Final\netty-handler-proxy-4.1.60.Final.jar;C:\Users\ganah\.m2\repository\io\netty\netty-transport-native-epoll\4.1.60.Final\netty-transport-native-epoll-4.1.60.Final-linux-x86_64.jar;C:\Users\ganah\.m2\repository\io\netty\netty-transport-native-kqueue\4.1.60.Final\netty-transport-native-kqueue-4.1.60.Final-osx-x86_64.jar;C:\Users\ganah\.m2\repository\com\typesafe\netty\netty-reactive-streams\2.0.4\netty-reactive-streams-2.0.4.jar;C:\Users\ganah\.m2\repository\com\sun\activation\jakarta.activation\1.2.2\jakarta.activation-1.2.2.jar;C:\Users\ganah\.m2\repository\org\seleniumhq\selenium\selenium-safari-driver\4.9.0\selenium-safari-driver-4.9.0.jar;C:\Users\ganah\.m2\repository\org\seleniumhq\selenium\selenium-support\4.9.0\selenium-support-4.9.0.jar;C:\Users\ganah\.m2\repository\org\apache\maven\plugins\maven-surefire-plugin\3.0.0-M5\maven-surefire-plugin-3.0.0-M5.jar;C:\Users\ganah\.m2\repository\org\apache\maven\surefire\maven-surefire-common\3.0.0-M5\maven-surefire-common-3.0.0-M5.jar;C:\Users\ganah\.m2\repository\org\apache\maven\surefire\surefire-api\3.0.0-M5\surefire-api-3.0.0-M5.jar;C:\Users\ganah\.m2\repository\org\apache\maven\surefire\surefire-logger-api\3.0.0-M5\surefire-logger-api-3.0.0-M5.jar;C:\Users\ganah\.m2\repository\org\apache\maven\surefire\surefire-extensions-api\3.0.0-M5\surefire-extensions-api-3.0.0-M5.jar;C:\Users\ganah\.m2\repository\org\apache\maven\surefire\surefire-booter\3.0.0-M5\surefire-booter-3.0.0-M5.jar;C:\Users\ganah\.m2\repository\org\apache\maven\surefire\surefire-extensions-spi\3.0.0-M5\surefire-extensions-spi-3.0.0-M5.jar;C:\Users\ganah\.m2\repository\org\apache\maven\maven-toolchain\3.0-alpha-2\maven-toolchain-3.0-alpha-2.jar;C:\Users\ganah\.m2\repository\org\apache\maven\shared\maven-artifact-transfer\0.11.0\maven-artifact-transfer-0.11.0.jar;C:\Users\ganah\.m2\repository\org\apache\maven\shared\maven-common-artifact-filters\3.0.1\maven-common-artifact-filters-3.0.1.jar;C:\Users\ganah\.m2\repository\org\apache\maven\surefire\surefire-shared-utils\3.0.0-M4\surefire-shared-utils-3.0.0-M4.jar;C:\Users\ganah\.m2\repository\org\apache\maven\plugins\maven-failsafe-plugin\3.0.0-M5\maven-failsafe-plugin-3.0.0-M5.jar;C:\Users\ganah\.m2\repository\junit\junit\4.13.1\junit-4.13.1.jar;C:\Users\ganah\.m2\repository\org\hamcrest\hamcrest-core\1.3\hamcrest-core-1.3.jar;C:\Users\ganah\.m2\repository\io\github\bonigarcia\webdrivermanager\5.3.1\webdrivermanager-5.3.1.jar;C:\Users\ganah\.m2\repository\org\slf4j\slf4j-api\2.0.3\slf4j-api-2.0.3.jar;C:\Users\ganah\.m2\repository\com\google\code\gson\gson\2.10\gson-2.10.jar;C:\Users\ganah\.m2\repository\com\github\docker-java\docker-java\3.2.13\docker-java-3.2.13.jar;C:\Users\ganah\.m2\repository\com\github\docker-java\docker-java-core\3.2.13\docker-java-core-3.2.13.jar;C:\Users\ganah\.m2\repository\com\github\docker-java\docker-java-api\3.2.13\docker-java-api-3.2.13.jar;C:\Users\ganah\.m2\repository\org\apache\commons\commons-compress\1.21\commons-compress-1.21.jar;C:\Users\ganah\.m2\repository\org\bouncycastle\bcpkix-jdk15on\1.64\bcpkix-jdk15on-1.64.jar;C:\Users\ganah\.m2\repository\org\bouncycastle\bcprov-jdk15on\1.64\bcprov-jdk15on-1.64.jar;C:\Users\ganah\.m2\repository\org\slf4j\jcl-over-slf4j\1.7.30\jcl-over-slf4j-1.7.30.jar;C:\Users\ganah\.m2\repository\com\github\docker-java\docker-java-transport-httpclient5\3.2.13\docker-java-transport-httpclient5-3.2.13.jar;C:\Users\ganah\.m2\repository\com\github\docker-java\docker-java-transport\3.2.13\docker-java-transport-3.2.13.jar;C:\Users\ganah\.m2\repository\net\java\dev\jna\jna\5.8.0\jna-5.8.0.jar;C:\Users\ganah\.m2\repository\org\brotli\dec\0.1.2\dec-0.1.2.jar;C:\Users\ganah\.m2\repository\org\apache\commons\commons-lang3\3.12.0\commons-lang3-3.12.0.jar;C:\Users\ganah\.m2\repository\org\apache\httpcomponents\client5\httpclient5\5.1.3\httpclient5-5.1.3.jar;C:\Users\ganah\.m2\repository\org\apache\httpcomponents\core5\httpcore5\5.1.3\httpcore5-5.1.3.jar;C:\Users\ganah\.m2\repository\org\apache\httpcomponents\core5\httpcore5-h2\5.1.3\httpcore5-h2-5.1.3.jar;C:\Users\ganah\.m2\repository\commons-codec\commons-codec\1.15\commons-codec-1.15.jar;C:\Users\ganah\.m2\repository\org\testng\testng\7.7.0\testng-7.7.0.jar;C:\Users\ganah\.m2\repository\com\beust\jcommander\1.82\jcommander-1.82.jar;C:\Users\ganah\.m2\repository\org\webjars\jquery\3.6.1\jquery-3.6.1.jar;C:\Users\ganah\.m2\repository\org\apache\maven\plugins\maven-compiler-plugin\3.8.1\maven-compiler-plugin-3.8.1.jar;C:\Users\ganah\.m2\repository\org\apache\maven\maven-plugin-api\3.0\maven-plugin-api-3.0.jar;C:\Users\ganah\.m2\repository\org\apache\maven\maven-model\3.0\maven-model-3.0.jar;C:\Users\ganah\.m2\repository\org\sonatype\sisu\sisu-inject-plexus\1.4.2\sisu-inject-plexus-1.4.2.jar;C:\Users\ganah\.m2\repository\org\sonatype\sisu\sisu-inject-bean\1.4.2\sisu-inject-bean-1.4.2.jar;C:\Users\ganah\.m2\repository\org\sonatype\sisu\sisu-guice\2.1.7\sisu-guice-2.1.7-noaop.jar;C:\Users\ganah\.m2\repository\org\apache\maven\maven-artifact\3.0\maven-artifact-3.0.jar;C:\Users\ganah\.m2\repository\org\apache\maven\maven-core\3.0\maven-core-3.0.jar;C:\Users\ganah\.m2\repository\org\apache\maven\maven-settings\3.0\maven-settings-3.0.jar;C:\Users\ganah\.m2\repository\org\apache\maven\maven-settings-builder\3.0\maven-settings-builder-3.0.jar;C:\Users\ganah\.m2\repository\org\apache\maven\maven-repository-metadata\3.0\maven-repository-metadata-3.0.jar;C:\Users\ganah\.m2\repository\org\apache\maven\maven-model-builder\3.0\maven-model-builder-3.0.jar;C:\Users\ganah\.m2\repository\org\apache\maven\maven-aether-provider\3.0\maven-aether-provider-3.0.jar;C:\Users\ganah\.m2\repository\org\sonatype\aether\aether-impl\1.7\aether-impl-1.7.jar;C:\Users\ganah\.m2\repository\org\sonatype\aether\aether-spi\1.7\aether-spi-1.7.jar;C:\Users\ganah\.m2\repository\org\sonatype\aether\aether-api\1.7\aether-api-1.7.jar;C:\Users\ganah\.m2\repository\org\sonatype\aether\aether-util\1.7\aether-util-1.7.jar;C:\Users\ganah\.m2\repository\org\codehaus\plexus\plexus-interpolation\1.14\plexus-interpolation-1.14.jar;C:\Users\ganah\.m2\repository\org\codehaus\plexus\plexus-classworlds\2.2.3\plexus-classworlds-2.2.3.jar;C:\Users\ganah\.m2\repository\org\codehaus\plexus\plexus-component-annotations\1.5.5\plexus-component-annotations-1.5.5.jar;C:\Users\ganah\.m2\repository\org\sonatype\plexus\plexus-sec-dispatcher\1.3\plexus-sec-dispatcher-1.3.jar;C:\Users\ganah\.m2\repository\org\sonatype\plexus\plexus-cipher\1.4\plexus-cipher-1.4.jar;C:\Users\ganah\.m2\repository\org\apache\maven\shared\maven-shared-utils\3.2.1\maven-shared-utils-3.2.1.jar;C:\Users\ganah\.m2\repository\org\apache\maven\shared\maven-shared-incremental\1.1\maven-shared-incremental-1.1.jar;C:\Users\ganah\.m2\repository\org\codehaus\plexus\plexus-java\0.9.10\plexus-java-0.9.10.jar;C:\Users\ganah\.m2\repository\org\ow2\asm\asm\6.2\asm-6.2.jar;C:\Users\ganah\.m2\repository\com\thoughtworks\qdox\qdox\2.0-M8\qdox-2.0-M8.jar;C:\Users\ganah\.m2\repository\org\codehaus\plexus\plexus-compiler-api\2.8.4\plexus-compiler-api-2.8.4.jar;C:\Users\ganah\.m2\repository\org\codehaus\plexus\plexus-compiler-manager\2.8.4\plexus-compiler-manager-2.8.4.jar;C:\Users\ganah\.m2\repository\org\codehaus\plexus\plexus-compiler-javac\2.8.4\plexus-compiler-javac-2.8.4.jar;C:\Users\ganah\.m2\repository\io\cucumber\cucumber-core\7.11.0\cucumber-core-7.11.0.jar;C:\Users\ganah\.m2\repository\io\cucumber\cucumber-gherkin-messages\7.11.0\cucumber-gherkin-messages-7.11.0.jar;C:\Users\ganah\.m2\repository\io\cucumber\gherkin\26.0.3\gherkin-26.0.3.jar;C:\Users\ganah\.m2\repository\io\cucumber\messages\21.0.1\messages-21.0.1.jar;C:\Users\ganah\.m2\repository\io\cucumber\tag-expressions\5.0.1\tag-expressions-5.0.1.jar;C:\Users\ganah\.m2\repository\io\cucumber\cucumber-expressions\16.1.1\cucumber-expressions-16.1.1.jar;C:\Users\ganah\.m2\repository\io\cucumber\datatable\7.11.0\datatable-7.11.0.jar;C:\Users\ganah\.m2\repository\io\cucumber\cucumber-plugin\7.11.0\cucumber-plugin-7.11.0.jar;C:\Users\ganah\.m2\repository\io\cucumber\docstring\7.11.0\docstring-7.11.0.jar;C:\Users\ganah\.m2\repository\io\cucumber\html-formatter\20.2.1\html-formatter-20.2.1.jar;C:\Users\ganah\.m2\repository\io\cucumber\junit-xml-formatter\0.1.0\junit-xml-formatter-0.1.0.jar;C:\Users\ganah\.m2\repository\io\cucumber\ci-environment\9.1.0\ci-environment-9.1.0.jar;C:\Users\ganah\.m2\repository\org\apiguardian\apiguardian-api\1.1.2\apiguardian-api-1.1.2.jar;C:\Users\ganah\.m2\repository\io\cucumber\cucumber-gherkin\7.11.0\cucumber-gherkin-7.11.0.jar;C:\Users\ganah\.m2\repository\io\cucumber\cucumber-java\7.11.0\cucumber-java-7.11.0.jar;C:\Users\ganah\.m2\repository\net\masterthought\cucumber-reporting\5.7.4\cucumber-reporting-5.7.4.jar;C:\Users\ganah\.m2\repository\com\fasterxml\jackson\core\jackson-databind\2.13.2.2\jackson-databind-2.13.2.2.jar;C:\Users\ganah\.m2\repository\com\fasterxml\jackson\core\jackson-annotations\2.13.2\jackson-annotations-2.13.2.jar;C:\Users\ganah\.m2\repository\com\fasterxml\jackson\core\jackson-core\2.13.2\jackson-core-2.13.2.jar;C:\Users\ganah\.m2\repository\com\fasterxml\jackson\datatype\jackson-datatype-jsr310\2.13.2\jackson-datatype-jsr310-2.13.2.jar;C:\Users\ganah\.m2\repository\org\apache\velocity\velocity-engine-core\2.3\velocity-engine-core-2.3.jar;C:\Users\ganah\.m2\repository\org\apache\commons\commons-collections4\4.4\commons-collections4-4.4.jar;C:\Users\ganah\.m2\repository\joda-time\joda-time\2.10.14\joda-time-2.10.14.jar;C:\Users\ganah\.m2\repository\commons-io\commons-io\2.7\commons-io-2.7.jar;C:\Users\ganah\.m2\repository\org\codehaus\plexus\plexus-utils\3.4.2\plexus-utils-3.4.2.jar;C:\Users\ganah\.m2\repository\org\jsoup\jsoup\1.15.3\jsoup-1.15.3.jar;C:\Users\ganah\.m2\repository\com\google\guava\guava\31.1-jre\guava-31.1-jre.jar;C:\Users\ganah\.m2\repository\com\google\guava\failureaccess\1.0.1\failureaccess-1.0.1.jar;C:\Users\ganah\.m2\repository\com\google\guava\listenablefuture\9999.0-empty-to-avoid-conflict-with-guava\listenablefuture-9999.0-empty-to-avoid-conflict-with-guava.jar;C:\Users\ganah\.m2\repository\com\google\code\findbugs\jsr305\3.0.2\jsr305-3.0.2.jar;C:\Users\ganah\.m2\repository\com\google\errorprone\error_prone_annotations\2.11.0\error_prone_annotations-2.11.0.jar;C:\Users\ganah\.m2\repository\com\google\j2objc\j2objc-annotations\1.3\j2objc-annotations-1.3.jar;C:\Users\ganah\.m2\repository\com\googlecode\owasp-java-html-sanitizer\owasp-java-html-sanitizer\20211018.2\owasp-java-html-sanitizer-20211018.2.jar;C:\Users\ganah\.m2\repository\commons-configuration\commons-configuration\1.10\commons-configuration-1.10.jar;C:\Users\ganah\.m2\repository\commons-lang\commons-lang\2.6\commons-lang-2.6.jar;C:\Users\ganah\.m2\repository\commons-logging\commons-logging\1.1.1\commons-logging-1.1.1.jar;C:\Users\ganah\.m2\repository\io\cucumber\cucumber-junit\7.11.0\cucumber-junit-7.11.0.jar;C:\Users\ganah\.m2\repository\io\cucumber\cucumber-testng\7.11.1\cucumber-testng-7.11.1.jar;C:\Users\ganah\.m2\repository\org\postgresql\postgresql\42.6.0\postgresql-42.6.0.jar;C:\Users\ganah\.m2\repository\org\checkerframework\checker-qual\3.31.0\checker-qual-3.31.0.jar;C:\Users\ganah\.m2\repository\com\vimalselvam\cucumber-extentsreport\3.0.2\cucumber-extentsreport-3.0.2.jar;C:\Users\ganah\.m2\repository\com\aventstack\extentreports\5.0.9\extentreports-5.0.9.jar;C:\Users\ganah\.m2\repository\io\reactivex\rxjava3\rxjava\3.0.4\rxjava-3.0.4.jar;C:\Users\ganah\.m2\repository\org\reactivestreams\reactive-streams\1.0.3\reactive-streams-1.0.3.jar;C:\Users\ganah\.m2\repository\org\freemarker\freemarker\2.3.30\freemarker-2.3.30.jar;C:\Users\ganah\.m2\repository\org\projectlombok\lombok\1.18.12\lombok-1.18.12.jar;C:\Users\ganah\.m2\repository\org\apache\logging\log4j\log4j-core\2.14.1\log4j-core-2.14.1.jar;C:\Users\ganah\.m2\repository\org\apache\logging\log4j\log4j-api\2.14.1\log4j-api-2.14.1.jar;C:\Users\ganah\.m2\repository\com\deque\html\axe-core\selenium\4.6.0\selenium-4.6.0.jar;C:\Users\ganah\.m2\repository\com\deque\html\axe-core\dequeutilites\4.6.0\dequeutilites-4.6.0.jar;C:\Users\ganah\.m2\repository\org\springframework\boot\spring-boot-starter-web\3.0.6\spring-boot-starter-web-3.0.6.jar;C:\Users\ganah\.m2\repository\org\springframework\boot\spring-boot-starter\3.0.6\spring-boot-starter-3.0.6.jar;C:\Users\ganah\.m2\repository\org\springframework\boot\spring-boot\3.0.6\spring-boot-3.0.6.jar;C:\Users\ganah\.m2\repository\org\springframework\boot\spring-boot-autoconfigure\3.0.6\spring-boot-autoconfigure-3.0.6.jar;C:\Users\ganah\.m2\repository\org\springframework\boot\spring-boot-starter-logging\3.0.6\spring-boot-starter-logging-3.0.6.jar;C:\Users\ganah\.m2\repository\ch\qos\logback\logback-classic\1.4.7\logback-classic-1.4.7.jar;C:\Users\ganah\.m2\repository\ch\qos\logback\logback-core\1.4.7\logback-core-1.4.7.jar;C:\Users\ganah\.m2\repository\org\apache\logging\log4j\log4j-to-slf4j\2.19.0\log4j-to-slf4j-2.19.0.jar;C:\Users\ganah\.m2\repository\org\slf4j\jul-to-slf4j\2.0.7\jul-to-slf4j-2.0.7.jar;C:\Users\ganah\.m2\repository\jakarta\annotation\jakarta.annotation-api\2.1.1\jakarta.annotation-api-2.1.1.jar;C:\Users\ganah\.m2\repository\org\springframework\spring-core\6.0.8\spring-core-6.0.8.jar;C:\Users\ganah\.m2\repository\org\springframework\spring-jcl\6.0.8\spring-jcl-6.0.8.jar;C:\Users\ganah\.m2\repository\org\yaml\snakeyaml\1.33\snakeyaml-1.33.jar;C:\Users\ganah\.m2\repository\org\springframework\boot\spring-boot-starter-json\3.0.6\spring-boot-starter-json-3.0.6.jar;C:\Users\ganah\.m2\repository\com\fasterxml\jackson\datatype\jackson-datatype-jdk8\2.14.2\jackson-datatype-jdk8-2.14.2.jar;C:\Users\ganah\.m2\repository\com\fasterxml\jackson\module\jackson-module-parameter-names\2.14.2\jackson-module-parameter-names-2.14.2.jar;C:\Users\ganah\.m2\repository\org\springframework\boot\spring-boot-starter-tomcat\3.0.6\spring-boot-starter-tomcat-3.0.6.jar;C:\Users\ganah\.m2\repository\org\apache\tomcat\embed\tomcat-embed-core\10.1.8\tomcat-embed-core-10.1.8.jar;C:\Users\ganah\.m2\repository\org\apache\tomcat\embed\tomcat-embed-el\10.1.8\tomcat-embed-el-10.1.8.jar;C:\Users\ganah\.m2\repository\org\apache\tomcat\embed\tomcat-embed-websocket\10.1.8\tomcat-embed-websocket-10.1.8.jar;C:\Users\ganah\.m2\repository\org\springframework\spring-web\6.0.8\spring-web-6.0.8.jar;C:\Users\ganah\.m2\repository\org\springframework\spring-beans\6.0.8\spring-beans-6.0.8.jar;C:\Users\ganah\.m2\repository\io\micrometer\micrometer-observation\1.10.6\micrometer-observation-1.10.6.jar;C:\Users\ganah\.m2\repository\io\micrometer\micrometer-commons\1.10.6\micrometer-commons-1.10.6.jar;C:\Users\ganah\.m2\repository\org\springframework\spring-webmvc\6.0.8\spring-webmvc-6.0.8.jar;C:\Users\ganah\.m2\repository\org\springframework\spring-aop\6.0.8\spring-aop-6.0.8.jar;C:\Users\ganah\.m2\repository\org\springframework\spring-context\6.0.8\spring-context-6.0.8.jar;C:\Users\ganah\.m2\repository\org\springframework\spring-expression\6.0.8\spring-expression-6.0.8.jar;C:\Users\ganah\.m2\repository\org\thymeleaf\thymeleaf\3.0.12.RELEASE\thymeleaf-3.0.12.RELEASE.jar;C:\Users\ganah\.m2\repository\ognl\ognl\3.1.26\ognl-3.1.26.jar;C:\Users\ganah\.m2\repository\org\javassist\javassist\3.20.0-GA\javassist-3.20.0-GA.jar;C:\Users\ganah\.m2\repository\org\attoparser\attoparser\2.0.5.RELEASE\attoparser-2.0.5.RELEASE.jar;C:\Users\ganah\.m2\repository\org\unbescape\unbescape\1.1.6.RELEASE\unbescape-1.1.6.RELEASE.jar;"/>
    <property name="java.vm.vendor" value="Oracle Corporation"/>
    <property name="sun.arch.data.model" value="64"/>
    <property name="user.variant" value=""/>
    <property name="java.vendor.url" value="https://openjdk.java.net/"/>
    <property name="user.timezone" value="America/New_York"/>
    <property name="java.vm.specification.version" value="11"/>
    <property name="os.name" value="Windows 10"/>
    <property name="sun.java.launcher" value="SUN_STANDARD"/>
    <property name="user.country" value="US"/>
    <property name="sun.boot.library.path" value="C:\Program Files\Java\jdk-11.0.11\bin"/>
    <property name="sun.java.command" value="C:\Users\ganah\AppData\Local\Temp\surefire12391448666854156867\surefirebooter1485464193981695540.jar C:\Users\ganah\AppData\Local\Temp\surefire12391448666854156867 2023-05-10T09-29-02_158-jvmRun1 surefire13201663933558677058tmp surefire_09594795666338270886tmp"/>
    <property name="jdk.debug" value="release"/>
    <property name="surefire.test.class.path" value="C:\Users\ganah\IdeaProjects\Cucumber_Project_03_28_2023_job\target\test-classes;C:\Users\ganah\IdeaProjects\Cucumber_Project_03_28_2023_job\target\classes;C:\Users\ganah\.m2\repository\org\seleniumhq\selenium\selenium-java\4.9.0\selenium-java-4.9.0.jar;C:\Users\ganah\.m2\repository\org\seleniumhq\selenium\selenium-api\4.9.0\selenium-api-4.9.0.jar;C:\Users\ganah\.m2\repository\org\seleniumhq\selenium\selenium-chrome-driver\4.9.0\selenium-chrome-driver-4.9.0.jar;C:\Users\ganah\.m2\repository\com\google\auto\service\auto-service-annotations\1.0.1\auto-service-annotations-1.0.1.jar;C:\Users\ganah\.m2\repository\com\google\auto\service\auto-service\1.0.1\auto-service-1.0.1.jar;C:\Users\ganah\.m2\repository\com\google\auto\auto-common\1.2\auto-common-1.2.jar;C:\Users\ganah\.m2\repository\org\seleniumhq\selenium\selenium-chromium-driver\4.9.0\selenium-chromium-driver-4.9.0.jar;C:\Users\ganah\.m2\repository\org\seleniumhq\selenium\selenium-json\4.9.0\selenium-json-4.9.0.jar;C:\Users\ganah\.m2\repository\org\seleniumhq\selenium\selenium-manager\4.9.0\selenium-manager-4.9.0.jar;C:\Users\ganah\.m2\repository\org\seleniumhq\selenium\selenium-devtools-v110\4.9.0\selenium-devtools-v110-4.9.0.jar;C:\Users\ganah\.m2\repository\org\seleniumhq\selenium\selenium-devtools-v111\4.9.0\selenium-devtools-v111-4.9.0.jar;C:\Users\ganah\.m2\repository\org\seleniumhq\selenium\selenium-devtools-v112\4.9.0\selenium-devtools-v112-4.9.0.jar;C:\Users\ganah\.m2\repository\org\seleniumhq\selenium\selenium-devtools-v85\4.9.0\selenium-devtools-v85-4.9.0.jar;C:\Users\ganah\.m2\repository\org\seleniumhq\selenium\selenium-edge-driver\4.9.0\selenium-edge-driver-4.9.0.jar;C:\Users\ganah\.m2\repository\org\seleniumhq\selenium\selenium-firefox-driver\4.9.0\selenium-firefox-driver-4.9.0.jar;C:\Users\ganah\.m2\repository\org\seleniumhq\selenium\selenium-http\4.9.0\selenium-http-4.9.0.jar;C:\Users\ganah\.m2\repository\dev\failsafe\failsafe\3.3.1\failsafe-3.3.1.jar;C:\Users\ganah\.m2\repository\org\seleniumhq\selenium\selenium-ie-driver\4.9.0\selenium-ie-driver-4.9.0.jar;C:\Users\ganah\.m2\repository\org\seleniumhq\selenium\selenium-remote-driver\4.9.0\selenium-remote-driver-4.9.0.jar;C:\Users\ganah\.m2\repository\io\netty\netty-buffer\4.1.91.Final\netty-buffer-4.1.91.Final.jar;C:\Users\ganah\.m2\repository\io\netty\netty-codec-http\4.1.91.Final\netty-codec-http-4.1.91.Final.jar;C:\Users\ganah\.m2\repository\io\netty\netty-codec\4.1.91.Final\netty-codec-4.1.91.Final.jar;C:\Users\ganah\.m2\repository\io\netty\netty-handler\4.1.91.Final\netty-handler-4.1.91.Final.jar;C:\Users\ganah\.m2\repository\io\netty\netty-common\4.1.91.Final\netty-common-4.1.91.Final.jar;C:\Users\ganah\.m2\repository\io\netty\netty-transport-classes-epoll\4.1.91.Final\netty-transport-classes-epoll-4.1.91.Final.jar;C:\Users\ganah\.m2\repository\io\netty\netty-transport-classes-kqueue\4.1.91.Final\netty-transport-classes-kqueue-4.1.91.Final.jar;C:\Users\ganah\.m2\repository\io\netty\netty-transport-native-epoll\4.1.91.Final\netty-transport-native-epoll-4.1.91.Final.jar;C:\Users\ganah\.m2\repository\io\netty\netty-transport-native-kqueue\4.1.91.Final\netty-transport-native-kqueue-4.1.91.Final.jar;C:\Users\ganah\.m2\repository\io\netty\netty-transport-native-unix-common\4.1.91.Final\netty-transport-native-unix-common-4.1.91.Final.jar;C:\Users\ganah\.m2\repository\io\netty\netty-transport\4.1.91.Final\netty-transport-4.1.91.Final.jar;C:\Users\ganah\.m2\repository\io\netty\netty-resolver\4.1.91.Final\netty-resolver-4.1.91.Final.jar;C:\Users\ganah\.m2\repository\io\opentelemetry\opentelemetry-api\1.25.0\opentelemetry-api-1.25.0.jar;C:\Users\ganah\.m2\repository\io\opentelemetry\opentelemetry-context\1.25.0\opentelemetry-context-1.25.0.jar;C:\Users\ganah\.m2\repository\io\opentelemetry\opentelemetry-exporter-logging\1.25.0\opentelemetry-exporter-logging-1.25.0.jar;C:\Users\ganah\.m2\repository\io\opentelemetry\opentelemetry-sdk-metrics\1.25.0\opentelemetry-sdk-metrics-1.25.0.jar;C:\Users\ganah\.m2\repository\io\opentelemetry\opentelemetry-sdk-logs\1.25.0-alpha\opentelemetry-sdk-logs-1.25.0-alpha.jar;C:\Users\ganah\.m2\repository\io\opentelemetry\opentelemetry-api-logs\1.25.0-alpha\opentelemetry-api-logs-1.25.0-alpha.jar;C:\Users\ganah\.m2\repository\io\opentelemetry\opentelemetry-api-events\1.25.0-alpha\opentelemetry-api-events-1.25.0-alpha.jar;C:\Users\ganah\.m2\repository\io\opentelemetry\opentelemetry-sdk-common\1.25.0\opentelemetry-sdk-common-1.25.0.jar;C:\Users\ganah\.m2\repository\io\opentelemetry\opentelemetry-sdk-extension-autoconfigure-spi\1.25.0\opentelemetry-sdk-extension-autoconfigure-spi-1.25.0.jar;C:\Users\ganah\.m2\repository\io\opentelemetry\opentelemetry-sdk-extension-autoconfigure\1.25.0-alpha\opentelemetry-sdk-extension-autoconfigure-1.25.0-alpha.jar;C:\Users\ganah\.m2\repository\io\opentelemetry\opentelemetry-sdk-trace\1.25.0\opentelemetry-sdk-trace-1.25.0.jar;C:\Users\ganah\.m2\repository\io\opentelemetry\opentelemetry-sdk\1.25.0\opentelemetry-sdk-1.25.0.jar;C:\Users\ganah\.m2\repository\io\opentelemetry\opentelemetry-semconv\1.25.0-alpha\opentelemetry-semconv-1.25.0-alpha.jar;C:\Users\ganah\.m2\repository\io\ous\jtoml\2.0.0\jtoml-2.0.0.jar;C:\Users\ganah\.m2\repository\net\bytebuddy\byte-buddy\1.14.4\byte-buddy-1.14.4.jar;C:\Users\ganah\.m2\repository\org\apache\commons\commons-exec\1.3\commons-exec-1.3.jar;C:\Users\ganah\.m2\repository\org\asynchttpclient\async-http-client\2.12.3\async-http-client-2.12.3.jar;C:\Users\ganah\.m2\repository\org\asynchttpclient\async-http-client-netty-utils\2.12.3\async-http-client-netty-utils-2.12.3.jar;C:\Users\ganah\.m2\repository\io\netty\netty-codec-socks\4.1.60.Final\netty-codec-socks-4.1.60.Final.jar;C:\Users\ganah\.m2\repository\io\netty\netty-handler-proxy\4.1.60.Final\netty-handler-proxy-4.1.60.Final.jar;C:\Users\ganah\.m2\repository\io\netty\netty-transport-native-epoll\4.1.60.Final\netty-transport-native-epoll-4.1.60.Final-linux-x86_64.jar;C:\Users\ganah\.m2\repository\io\netty\netty-transport-native-kqueue\4.1.60.Final\netty-transport-native-kqueue-4.1.60.Final-osx-x86_64.jar;C:\Users\ganah\.m2\repository\com\typesafe\netty\netty-reactive-streams\2.0.4\netty-reactive-streams-2.0.4.jar;C:\Users\ganah\.m2\repository\com\sun\activation\jakarta.activation\1.2.2\jakarta.activation-1.2.2.jar;C:\Users\ganah\.m2\repository\org\seleniumhq\selenium\selenium-safari-driver\4.9.0\selenium-safari-driver-4.9.0.jar;C:\Users\ganah\.m2\repository\org\seleniumhq\selenium\selenium-support\4.9.0\selenium-support-4.9.0.jar;C:\Users\ganah\.m2\repository\org\apache\maven\plugins\maven-surefire-plugin\3.0.0-M5\maven-surefire-plugin-3.0.0-M5.jar;C:\Users\ganah\.m2\repository\org\apache\maven\surefire\maven-surefire-common\3.0.0-M5\maven-surefire-common-3.0.0-M5.jar;C:\Users\ganah\.m2\repository\org\apache\maven\surefire\surefire-api\3.0.0-M5\surefire-api-3.0.0-M5.jar;C:\Users\ganah\.m2\repository\org\apache\maven\surefire\surefire-logger-api\3.0.0-M5\surefire-logger-api-3.0.0-M5.jar;C:\Users\ganah\.m2\repository\org\apache\maven\surefire\surefire-extensions-api\3.0.0-M5\surefire-extensions-api-3.0.0-M5.jar;C:\Users\ganah\.m2\repository\org\apache\maven\surefire\surefire-booter\3.0.0-M5\surefire-booter-3.0.0-M5.jar;C:\Users\ganah\.m2\repository\org\apache\maven\surefire\surefire-extensions-spi\3.0.0-M5\surefire-extensions-spi-3.0.0-M5.jar;C:\Users\ganah\.m2\repository\org\apache\maven\maven-toolchain\3.0-alpha-2\maven-toolchain-3.0-alpha-2.jar;C:\Users\ganah\.m2\repository\org\apache\maven\shared\maven-artifact-transfer\0.11.0\maven-artifact-transfer-0.11.0.jar;C:\Users\ganah\.m2\repository\org\apache\maven\shared\maven-common-artifact-filters\3.0.1\maven-common-artifact-filters-3.0.1.jar;C:\Users\ganah\.m2\repository\org\apache\maven\surefire\surefire-shared-utils\3.0.0-M4\surefire-shared-utils-3.0.0-M4.jar;C:\Users\ganah\.m2\repository\org\apache\maven\plugins\maven-failsafe-plugin\3.0.0-M5\maven-failsafe-plugin-3.0.0-M5.jar;C:\Users\ganah\.m2\repository\junit\junit\4.13.1\junit-4.13.1.jar;C:\Users\ganah\.m2\repository\org\hamcrest\hamcrest-core\1.3\hamcrest-core-1.3.jar;C:\Users\ganah\.m2\repository\io\github\bonigarcia\webdrivermanager\5.3.1\webdrivermanager-5.3.1.jar;C:\Users\ganah\.m2\repository\org\slf4j\slf4j-api\2.0.3\slf4j-api-2.0.3.jar;C:\Users\ganah\.m2\repository\com\google\code\gson\gson\2.10\gson-2.10.jar;C:\Users\ganah\.m2\repository\com\github\docker-java\docker-java\3.2.13\docker-java-3.2.13.jar;C:\Users\ganah\.m2\repository\com\github\docker-java\docker-java-core\3.2.13\docker-java-core-3.2.13.jar;C:\Users\ganah\.m2\repository\com\github\docker-java\docker-java-api\3.2.13\docker-java-api-3.2.13.jar;C:\Users\ganah\.m2\repository\org\apache\commons\commons-compress\1.21\commons-compress-1.21.jar;C:\Users\ganah\.m2\repository\org\bouncycastle\bcpkix-jdk15on\1.64\bcpkix-jdk15on-1.64.jar;C:\Users\ganah\.m2\repository\org\bouncycastle\bcprov-jdk15on\1.64\bcprov-jdk15on-1.64.jar;C:\Users\ganah\.m2\repository\org\slf4j\jcl-over-slf4j\1.7.30\jcl-over-slf4j-1.7.30.jar;C:\Users\ganah\.m2\repository\com\github\docker-java\docker-java-transport-httpclient5\3.2.13\docker-java-transport-httpclient5-3.2.13.jar;C:\Users\ganah\.m2\repository\com\github\docker-java\docker-java-transport\3.2.13\docker-java-transport-3.2.13.jar;C:\Users\ganah\.m2\repository\net\java\dev\jna\jna\5.8.0\jna-5.8.0.jar;C:\Users\ganah\.m2\repository\org\brotli\dec\0.1.2\dec-0.1.2.jar;C:\Users\ganah\.m2\repository\org\apache\commons\commons-lang3\3.12.0\commons-lang3-3.12.0.jar;C:\Users\ganah\.m2\repository\org\apache\httpcomponents\client5\httpclient5\5.1.3\httpclient5-5.1.3.jar;C:\Users\ganah\.m2\repository\org\apache\httpcomponents\core5\httpcore5\5.1.3\httpcore5-5.1.3.jar;C:\Users\ganah\.m2\repository\org\apache\httpcomponents\core5\httpcore5-h2\5.1.3\httpcore5-h2-5.1.3.jar;C:\Users\ganah\.m2\repository\commons-codec\commons-codec\1.15\commons-codec-1.15.jar;C:\Users\ganah\.m2\repository\org\testng\testng\7.7.0\testng-7.7.0.jar;C:\Users\ganah\.m2\repository\com\beust\jcommander\1.82\jcommander-1.82.jar;C:\Users\ganah\.m2\repository\org\webjars\jquery\3.6.1\jquery-3.6.1.jar;C:\Users\ganah\.m2\repository\org\apache\maven\plugins\maven-compiler-plugin\3.8.1\maven-compiler-plugin-3.8.1.jar;C:\Users\ganah\.m2\repository\org\apache\maven\maven-plugin-api\3.0\maven-plugin-api-3.0.jar;C:\Users\ganah\.m2\repository\org\apache\maven\maven-model\3.0\maven-model-3.0.jar;C:\Users\ganah\.m2\repository\org\sonatype\sisu\sisu-inject-plexus\1.4.2\sisu-inject-plexus-1.4.2.jar;C:\Users\ganah\.m2\repository\org\sonatype\sisu\sisu-inject-bean\1.4.2\sisu-inject-bean-1.4.2.jar;C:\Users\ganah\.m2\repository\org\sonatype\sisu\sisu-guice\2.1.7\sisu-guice-2.1.7-noaop.jar;C:\Users\ganah\.m2\repository\org\apache\maven\maven-artifact\3.0\maven-artifact-3.0.jar;C:\Users\ganah\.m2\repository\org\apache\maven\maven-core\3.0\maven-core-3.0.jar;C:\Users\ganah\.m2\repository\org\apache\maven\maven-settings\3.0\maven-settings-3.0.jar;C:\Users\ganah\.m2\repository\org\apache\maven\maven-settings-builder\3.0\maven-settings-builder-3.0.jar;C:\Users\ganah\.m2\repository\org\apache\maven\maven-repository-metadata\3.0\maven-repository-metadata-3.0.jar;C:\Users\ganah\.m2\repository\org\apache\maven\maven-model-builder\3.0\maven-model-builder-3.0.jar;C:\Users\ganah\.m2\repository\org\apache\maven\maven-aether-provider\3.0\maven-aether-provider-3.0.jar;C:\Users\ganah\.m2\repository\org\sonatype\aether\aether-impl\1.7\aether-impl-1.7.jar;C:\Users\ganah\.m2\repository\org\sonatype\aether\aether-spi\1.7\aether-spi-1.7.jar;C:\Users\ganah\.m2\repository\org\sonatype\aether\aether-api\1.7\aether-api-1.7.jar;C:\Users\ganah\.m2\repository\org\sonatype\aether\aether-util\1.7\aether-util-1.7.jar;C:\Users\ganah\.m2\repository\org\codehaus\plexus\plexus-interpolation\1.14\plexus-interpolation-1.14.jar;C:\Users\ganah\.m2\repository\org\codehaus\plexus\plexus-classworlds\2.2.3\plexus-classworlds-2.2.3.jar;C:\Users\ganah\.m2\repository\org\codehaus\plexus\plexus-component-annotations\1.5.5\plexus-component-annotations-1.5.5.jar;C:\Users\ganah\.m2\repository\org\sonatype\plexus\plexus-sec-dispatcher\1.3\plexus-sec-dispatcher-1.3.jar;C:\Users\ganah\.m2\repository\org\sonatype\plexus\plexus-cipher\1.4\plexus-cipher-1.4.jar;C:\Users\ganah\.m2\repository\org\apache\maven\shared\maven-shared-utils\3.2.1\maven-shared-utils-3.2.1.jar;C:\Users\ganah\.m2\repository\org\apache\maven\shared\maven-shared-incremental\1.1\maven-shared-incremental-1.1.jar;C:\Users\ganah\.m2\repository\org\codehaus\plexus\plexus-java\0.9.10\plexus-java-0.9.10.jar;C:\Users\ganah\.m2\repository\org\ow2\asm\asm\6.2\asm-6.2.jar;C:\Users\ganah\.m2\repository\com\thoughtworks\qdox\qdox\2.0-M8\qdox-2.0-M8.jar;C:\Users\ganah\.m2\repository\org\codehaus\plexus\plexus-compiler-api\2.8.4\plexus-compiler-api-2.8.4.jar;C:\Users\ganah\.m2\repository\org\codehaus\plexus\plexus-compiler-manager\2.8.4\plexus-compiler-manager-2.8.4.jar;C:\Users\ganah\.m2\repository\org\codehaus\plexus\plexus-compiler-javac\2.8.4\plexus-compiler-javac-2.8.4.jar;C:\Users\ganah\.m2\repository\io\cucumber\cucumber-core\7.11.0\cucumber-core-7.11.0.jar;C:\Users\ganah\.m2\repository\io\cucumber\cucumber-gherkin-messages\7.11.0\cucumber-gherkin-messages-7.11.0.jar;C:\Users\ganah\.m2\repository\io\cucumber\gherkin\26.0.3\gherkin-26.0.3.jar;C:\Users\ganah\.m2\repository\io\cucumber\messages\21.0.1\messages-21.0.1.jar;C:\Users\ganah\.m2\repository\io\cucumber\tag-expressions\5.0.1\tag-expressions-5.0.1.jar;C:\Users\ganah\.m2\repository\io\cucumber\cucumber-expressions\16.1.1\cucumber-expressions-16.1.1.jar;C:\Users\ganah\.m2\repository\io\cucumber\datatable\7.11.0\datatable-7.11.0.jar;C:\Users\ganah\.m2\repository\io\cucumber\cucumber-plugin\7.11.0\cucumber-plugin-7.11.0.jar;C:\Users\ganah\.m2\repository\io\cucumber\docstring\7.11.0\docstring-7.11.0.jar;C:\Users\ganah\.m2\repository\io\cucumber\html-formatter\20.2.1\html-formatter-20.2.1.jar;C:\Users\ganah\.m2\repository\io\cucumber\junit-xml-formatter\0.1.0\junit-xml-formatter-0.1.0.jar;C:\Users\ganah\.m2\repository\io\cucumber\ci-environment\9.1.0\ci-environment-9.1.0.jar;C:\Users\ganah\.m2\repository\org\apiguardian\apiguardian-api\1.1.2\apiguardian-api-1.1.2.jar;C:\Users\ganah\.m2\repository\io\cucumber\cucumber-gherkin\7.11.0\cucumber-gherkin-7.11.0.jar;C:\Users\ganah\.m2\repository\io\cucumber\cucumber-java\7.11.0\cucumber-java-7.11.0.jar;C:\Users\ganah\.m2\repository\net\masterthought\cucumber-reporting\5.7.4\cucumber-reporting-5.7.4.jar;C:\Users\ganah\.m2\repository\com\fasterxml\jackson\core\jackson-databind\2.13.2.2\jackson-databind-2.13.2.2.jar;C:\Users\ganah\.m2\repository\com\fasterxml\jackson\core\jackson-annotations\2.13.2\jackson-annotations-2.13.2.jar;C:\Users\ganah\.m2\repository\com\fasterxml\jackson\core\jackson-core\2.13.2\jackson-core-2.13.2.jar;C:\Users\ganah\.m2\repository\com\fasterxml\jackson\datatype\jackson-datatype-jsr310\2.13.2\jackson-datatype-jsr310-2.13.2.jar;C:\Users\ganah\.m2\repository\org\apache\velocity\velocity-engine-core\2.3\velocity-engine-core-2.3.jar;C:\Users\ganah\.m2\repository\org\apache\commons\commons-collections4\4.4\commons-collections4-4.4.jar;C:\Users\ganah\.m2\repository\joda-time\joda-time\2.10.14\joda-time-2.10.14.jar;C:\Users\ganah\.m2\repository\commons-io\commons-io\2.7\commons-io-2.7.jar;C:\Users\ganah\.m2\repository\org\codehaus\plexus\plexus-utils\3.4.2\plexus-utils-3.4.2.jar;C:\Users\ganah\.m2\repository\org\jsoup\jsoup\1.15.3\jsoup-1.15.3.jar;C:\Users\ganah\.m2\repository\com\google\guava\guava\31.1-jre\guava-31.1-jre.jar;C:\Users\ganah\.m2\repository\com\google\guava\failureaccess\1.0.1\failureaccess-1.0.1.jar;C:\Users\ganah\.m2\repository\com\google\guava\listenablefuture\9999.0-empty-to-avoid-conflict-with-guava\listenablefuture-9999.0-empty-to-avoid-conflict-with-guava.jar;C:\Users\ganah\.m2\repository\com\google\code\findbugs\jsr305\3.0.2\jsr305-3.0.2.jar;C:\Users\ganah\.m2\repository\com\google\errorprone\error_prone_annotations\2.11.0\error_prone_annotations-2.11.0.jar;C:\Users\ganah\.m2\repository\com\google\j2objc\j2objc-annotations\1.3\j2objc-annotations-1.3.jar;C:\Users\ganah\.m2\repository\com\googlecode\owasp-java-html-sanitizer\owasp-java-html-sanitizer\20211018.2\owasp-java-html-sanitizer-20211018.2.jar;C:\Users\ganah\.m2\repository\commons-configuration\commons-configuration\1.10\commons-configuration-1.10.jar;C:\Users\ganah\.m2\repository\commons-lang\commons-lang\2.6\commons-lang-2.6.jar;C:\Users\ganah\.m2\repository\commons-logging\commons-logging\1.1.1\commons-logging-1.1.1.jar;C:\Users\ganah\.m2\repository\io\cucumber\cucumber-junit\7.11.0\cucumber-junit-7.11.0.jar;C:\Users\ganah\.m2\repository\io\cucumber\cucumber-testng\7.11.1\cucumber-testng-7.11.1.jar;C:\Users\ganah\.m2\repository\org\postgresql\postgresql\42.6.0\postgresql-42.6.0.jar;C:\Users\ganah\.m2\repository\org\checkerframework\checker-qual\3.31.0\checker-qual-3.31.0.jar;C:\Users\ganah\.m2\repository\com\vimalselvam\cucumber-extentsreport\3.0.2\cucumber-extentsreport-3.0.2.jar;C:\Users\ganah\.m2\repository\com\aventstack\extentreports\5.0.9\extentreports-5.0.9.jar;C:\Users\ganah\.m2\repository\io\reactivex\rxjava3\rxjava\3.0.4\rxjava-3.0.4.jar;C:\Users\ganah\.m2\repository\org\reactivestreams\reactive-streams\1.0.3\reactive-streams-1.0.3.jar;C:\Users\ganah\.m2\repository\org\freemarker\freemarker\2.3.30\freemarker-2.3.30.jar;C:\Users\ganah\.m2\repository\org\projectlombok\lombok\1.18.12\lombok-1.18.12.jar;C:\Users\ganah\.m2\repository\org\apache\logging\log4j\log4j-core\2.14.1\log4j-core-2.14.1.jar;C:\Users\ganah\.m2\repository\org\apache\logging\log4j\log4j-api\2.14.1\log4j-api-2.14.1.jar;C:\Users\ganah\.m2\repository\com\deque\html\axe-core\selenium\4.6.0\selenium-4.6.0.jar;C:\Users\ganah\.m2\repository\com\deque\html\axe-core\dequeutilites\4.6.0\dequeutilites-4.6.0.jar;C:\Users\ganah\.m2\repository\org\springframework\boot\spring-boot-starter-web\3.0.6\spring-boot-starter-web-3.0.6.jar;C:\Users\ganah\.m2\repository\org\springframework\boot\spring-boot-starter\3.0.6\spring-boot-starter-3.0.6.jar;C:\Users\ganah\.m2\repository\org\springframework\boot\spring-boot\3.0.6\spring-boot-3.0.6.jar;C:\Users\ganah\.m2\repository\org\springframework\boot\spring-boot-autoconfigure\3.0.6\spring-boot-autoconfigure-3.0.6.jar;C:\Users\ganah\.m2\repository\org\springframework\boot\spring-boot-starter-logging\3.0.6\spring-boot-starter-logging-3.0.6.jar;C:\Users\ganah\.m2\repository\ch\qos\logback\logback-classic\1.4.7\logback-classic-1.4.7.jar;C:\Users\ganah\.m2\repository\ch\qos\logback\logback-core\1.4.7\logback-core-1.4.7.jar;C:\Users\ganah\.m2\repository\org\apache\logging\log4j\log4j-to-slf4j\2.19.0\log4j-to-slf4j-2.19.0.jar;C:\Users\ganah\.m2\repository\org\slf4j\jul-to-slf4j\2.0.7\jul-to-slf4j-2.0.7.jar;C:\Users\ganah\.m2\repository\jakarta\annotation\jakarta.annotation-api\2.1.1\jakarta.annotation-api-2.1.1.jar;C:\Users\ganah\.m2\repository\org\springframework\spring-core\6.0.8\spring-core-6.0.8.jar;C:\Users\ganah\.m2\repository\org\springframework\spring-jcl\6.0.8\spring-jcl-6.0.8.jar;C:\Users\ganah\.m2\repository\org\yaml\snakeyaml\1.33\snakeyaml-1.33.jar;C:\Users\ganah\.m2\repository\org\springframework\boot\spring-boot-starter-json\3.0.6\spring-boot-starter-json-3.0.6.jar;C:\Users\ganah\.m2\repository\com\fasterxml\jackson\datatype\jackson-datatype-jdk8\2.14.2\jackson-datatype-jdk8-2.14.2.jar;C:\Users\ganah\.m2\repository\com\fasterxml\jackson\module\jackson-module-parameter-names\2.14.2\jackson-module-parameter-names-2.14.2.jar;C:\Users\ganah\.m2\repository\org\springframework\boot\spring-boot-starter-tomcat\3.0.6\spring-boot-starter-tomcat-3.0.6.jar;C:\Users\ganah\.m2\repository\org\apache\tomcat\embed\tomcat-embed-core\10.1.8\tomcat-embed-core-10.1.8.jar;C:\Users\ganah\.m2\repository\org\apache\tomcat\embed\tomcat-embed-el\10.1.8\tomcat-embed-el-10.1.8.jar;C:\Users\ganah\.m2\repository\org\apache\tomcat\embed\tomcat-embed-websocket\10.1.8\tomcat-embed-websocket-10.1.8.jar;C:\Users\ganah\.m2\repository\org\springframework\spring-web\6.0.8\spring-web-6.0.8.jar;C:\Users\ganah\.m2\repository\org\springframework\spring-beans\6.0.8\spring-beans-6.0.8.jar;C:\Users\ganah\.m2\repository\io\micrometer\micrometer-observation\1.10.6\micrometer-observation-1.10.6.jar;C:\Users\ganah\.m2\repository\io\micrometer\micrometer-commons\1.10.6\micrometer-commons-1.10.6.jar;C:\Users\ganah\.m2\repository\org\springframework\spring-webmvc\6.0.8\spring-webmvc-6.0.8.jar;C:\Users\ganah\.m2\repository\org\springframework\spring-aop\6.0.8\spring-aop-6.0.8.jar;C:\Users\ganah\.m2\repository\org\springframework\spring-context\6.0.8\spring-context-6.0.8.jar;C:\Users\ganah\.m2\repository\org\springframework\spring-expression\6.0.8\spring-expression-6.0.8.jar;C:\Users\ganah\.m2\repository\org\thymeleaf\thymeleaf\3.0.12.RELEASE\thymeleaf-3.0.12.RELEASE.jar;C:\Users\ganah\.m2\repository\ognl\ognl\3.1.26\ognl-3.1.26.jar;C:\Users\ganah\.m2\repository\org\javassist\javassist\3.20.0-GA\javassist-3.20.0-GA.jar;C:\Users\ganah\.m2\repository\org\attoparser\attoparser\2.0.5.RELEASE\attoparser-2.0.5.RELEASE.jar;C:\Users\ganah\.m2\repository\org\unbescape\unbescape\1.1.6.RELEASE\unbescape-1.1.6.RELEASE.jar;"/>
    <property name="sun.cpu.endian" value="little"/>
    <property name="user.home" value="C:\Users\ganah"/>
    <property name="user.language" value="en"/>
    <property name="java.specification.vendor" value="Oracle Corporation"/>
    <property name="java.version.date" value="2021-04-20"/>
    <property name="java.home" value="C:\Program Files\Java\jdk-11.0.11"/>
    <property name="file.separator" value="\"/>
    <property name="basedir" value="C:\Users\ganah\IdeaProjects\Cucumber_Project_03_28_2023_job"/>
    <property name="java.vm.compressedOopsMode" value="32-bit"/>
    <property name="line.separator" value="&#10;"/>
    <property name="java.specification.name" value="Java Platform API Specification"/>
    <property name="java.vm.specification.vendor" value="Oracle Corporation"/>
    <property name="java.awt.graphicsenv" value="sun.awt.Win32GraphicsEnvironment"/>
    <property name="surefire.real.class.path" value="C:\Users\ganah\AppData\Local\Temp\surefire12391448666854156867\surefirebooter1485464193981695540.jar"/>
    <property name="user.script" value=""/>
    <property name="sun.management.compiler" value="HotSpot 64-Bit Tiered Compilers"/>
    <property name="java.runtime.version" value="11.0.11+9-LTS-194"/>
    <property name="user.name" value="ganah"/>
    <property name="path.separator" value=";"/>
    <property name="os.version" value="10.0"/>
    <property name="java.runtime.name" value="Java(TM) SE Runtime Environment"/>
    <property name="file.encoding" value="Cp1252"/>
    <property name="java.vm.name" value="Java HotSpot(TM) 64-Bit Server VM"/>
    <property name="java.vendor.version" value="18.9"/>
    <property name="localRepository" value="C:\Users\ganah\.m2\repository"/>
    <property name="java.vendor.url.bug" value="https://bugreport.java.com/bugreport/"/>
    <property name="java.io.tmpdir" value="C:\Users\ganah\AppData\Local\Temp\"/>
    <property name="java.version" value="11.0.11"/>
    <property name="user.dir" value="C:\Users\ganah\IdeaProjects\Cucumber_Project_03_28_2023_job"/>
    <property name="os.arch" value="amd64"/>
    <property name="java.vm.specification.name" value="Java Virtual Machine Specification"/>
    <property name="java.awt.printerjob" value="sun.awt.windows.WPrinterJob"/>
    <property name="sun.os.patch.level" value=""/>
    <property name="java.library.path" value="C:\Program Files\Java\jdk-11.0.11\bin;C:\WINDOWS\Sun\Java\bin;C:\WINDOWS\system32;C:\WINDOWS;C:\Program Files\Common Files\Oracle\Java\javapath;C:\WINDOWS\system32;C:\WINDOWS;C:\WINDOWS\System32\Wbem;C:\WINDOWS\System32\WindowsPowerShell\v1.0\;C:\WINDOWS\System32\OpenSSH\;C:\Users\ganah\Downloads\apache-maven-3.8.1-bin\apache-maven-3.8.1\bin;C:\Program Files\Java\jdk-11.0.11\bin;C:\Program Files\Git\cmd;C:\Program Files\nodejs\;C:\Users\ganah\OneDrive\Bureau\Android\platform-tools;C:\Program Files\Microsoft SQL Server\150\Tools\Binn\;C:\Program Files\Microsoft SQL Server\Client SDK\ODBC\170\Tools\Binn\;C:\Program Files\dotnet\;C:\Users\ganah\AppData\Local\Programs\Python\Python311\Scripts\;C:\Users\ganah\AppData\Local\Programs\Python\Python311\;C:\Users\ganah\AppData\Local\Microsoft\WindowsApps;;C:\Program Files\JetBrains\IntelliJ IDEA Community Edition 2021.1.1\bin;;C:\Users\ganah\AppData\Roaming\npm;C:\Users\ganah\AppData\Local\Programs\Microsoft VS Code\bin;C:\Users\ganah\.dotnet\tools;."/>
    <property name="java.vendor" value="Oracle Corporation"/>
    <property name="java.vm.info" value="mixed mode"/>
    <property name="java.vm.version" value="11.0.11+9-LTS-194"/>
    <property name="sun.io.unicode.encoding" value="UnicodeLittle"/>
    <property name="java.class.version" value="55.0"/>
  </properties>
  <testcase name="runScenario[&quot;Log in to page with valid credentials&quot;, &quot;Login Page Functionnality&quot;](1)" classname="runner.Runner" time="31.119">
    <system-out><![CDATA[09:29:03.495 [main] DEBUG org.testng.TestNG -- suiteXmlPath: "C:\Users\ganah\IdeaProjects\Cucumber_Project_03_28_2023_job\src\test\resources\test.xml"

@Test
Scenario: Log in to page with valid credentials # src/test/java/features/login.feature:5
Connection to POSTGRES DB SUCCESSFULL
statement vlue : org.postgresql.jdbc.PgStatement@1046498a
resultset vlue : org.postgresql.jdbc.PgResultSet@7e1f584d
column name : auth-autolazare-558fb
Connection to POSTGRES DB SUCCESSFULL
statement vlue : org.postgresql.jdbc.PgStatement@7dff6d05
resultset vlue : org.postgresql.jdbc.PgResultSet@45d64d27
column name : f8d0a4b4-e059-4b39-a9eb-366965b887b1
Local Driver 
09:29:06.171 [main] DEBUG io.github.bonigarcia.wdm.cache.ResolutionCache -- Resolution chrome=113 in cache (valid until 10:27:53 10/05/2023 EDT)
09:29:06.174 [main] DEBUG io.github.bonigarcia.wdm.cache.ResolutionCache -- Resolution chrome113=113.0.5672.63 in cache (valid until 15:16:59 10/05/2023 EDT)
09:29:06.175 [main] INFO io.github.bonigarcia.wdm.WebDriverManager -- Using chromedriver 113.0.5672.63 (resolved driver for Chrome 113)
09:29:06.220 [main] DEBUG io.github.bonigarcia.wdm.WebDriverManager -- Driver chromedriver 113.0.5672.63 found in cache
09:29:06.220 [main] INFO io.github.bonigarcia.wdm.WebDriverManager -- Exporting webdriver.chrome.driver as C:\Users\ganah\.cache\selenium\chromedriver\win32\113.0.5672.63\chromedriver.exe
09:29:06.406 [main] DEBUG io.netty.util.internal.logging.InternalLoggerFactory -- Using SLF4J as the default logging framework
09:29:06.413 [main] DEBUG io.netty.util.ResourceLeakDetector -- -Dio.netty.leakDetection.level: simple
09:29:06.413 [main] DEBUG io.netty.util.ResourceLeakDetector -- -Dio.netty.leakDetection.targetRecords: 4
09:29:06.418 [main] DEBUG io.netty.util.ResourceLeakDetectorFactory -- Loaded default ResourceLeakDetector: io.netty.util.ResourceLeakDetector@633cc6b5
09:29:06.440 [main] DEBUG io.netty.util.internal.PlatformDependent0 -- -Dio.netty.noUnsafe: false
09:29:06.440 [main] DEBUG io.netty.util.internal.PlatformDependent0 -- Java version: 11
09:29:06.440 [main] DEBUG io.netty.util.internal.PlatformDependent0 -- sun.misc.Unsafe.theUnsafe: available
09:29:06.440 [main] DEBUG io.netty.util.internal.PlatformDependent0 -- sun.misc.Unsafe.copyMemory: available
09:29:06.440 [main] DEBUG io.netty.util.internal.PlatformDependent0 -- sun.misc.Unsafe.storeFence: available
09:29:06.440 [main] DEBUG io.netty.util.internal.PlatformDependent0 -- java.nio.Buffer.address: available
09:29:06.440 [main] DEBUG io.netty.util.internal.PlatformDependent0 -- direct buffer constructor: unavailable: Reflective setAccessible(true) disabled
09:29:06.440 [main] DEBUG io.netty.util.internal.PlatformDependent0 -- java.nio.Bits.unaligned: available, true
09:29:06.440 [main] DEBUG io.netty.util.internal.PlatformDependent0 -- jdk.internal.misc.Unsafe.allocateUninitializedArray(int): unavailable: class io.netty.util.internal.PlatformDependent0$7 cannot access class jdk.internal.misc.Unsafe (in module java.base) because module java.base does not export jdk.internal.misc to unnamed module @6f603e89
09:29:06.454 [main] DEBUG io.netty.util.internal.PlatformDependent0 -- java.nio.DirectByteBuffer.<init>(long, int): unavailable
09:29:06.454 [main] DEBUG io.netty.util.internal.PlatformDependent -- sun.misc.Unsafe: available
09:29:06.454 [main] DEBUG io.netty.util.internal.PlatformDependent -- maxDirectMemory: 2090860544 bytes (maybe)
09:29:06.454 [main] DEBUG io.netty.util.internal.PlatformDependent -- -Dio.netty.tmpdir: C:\Users\ganah\AppData\Local\Temp (java.io.tmpdir)
09:29:06.454 [main] DEBUG io.netty.util.internal.PlatformDependent -- -Dio.netty.bitMode: 64 (sun.arch.data.model)
09:29:06.454 [main] DEBUG io.netty.util.internal.PlatformDependent -- Platform: Windows
09:29:06.454 [main] DEBUG io.netty.util.internal.PlatformDependent -- -Dio.netty.maxDirectMemory: -1 bytes
09:29:06.454 [main] DEBUG io.netty.util.internal.PlatformDependent -- -Dio.netty.uninitializedArrayAllocationThreshold: -1
09:29:06.454 [main] DEBUG io.netty.util.internal.CleanerJava9 -- java.nio.ByteBuffer.cleaner(): available
09:29:06.454 [main] DEBUG io.netty.util.internal.PlatformDependent -- -Dio.netty.noPreferDirect: false
09:29:06.472 [main] DEBUG io.netty.util.internal.PlatformDependent -- org.jctools-core.MpscChunkedArrayQueue: available
09:29:06.505 [main] DEBUG io.netty.util.internal.InternalThreadLocalMap -- -Dio.netty.threadLocalMap.stringBuilder.initialSize: 1024
09:29:06.506 [main] DEBUG io.netty.util.internal.InternalThreadLocalMap -- -Dio.netty.threadLocalMap.stringBuilder.maxSize: 4096
09:29:06.548 [main] DEBUG io.netty.handler.ssl.JdkSslContext -- Default protocols (JDK): [TLSv1.3, TLSv1.2] 
09:29:06.548 [main] DEBUG io.netty.handler.ssl.JdkSslContext -- Default cipher suites (JDK): [TLS_ECDHE_ECDSA_WITH_AES_256_GCM_SHA384, TLS_ECDHE_ECDSA_WITH_AES_128_GCM_SHA256, TLS_ECDHE_RSA_WITH_AES_128_GCM_SHA256, TLS_ECDHE_RSA_WITH_AES_256_GCM_SHA384, TLS_ECDHE_RSA_WITH_AES_128_CBC_SHA, TLS_ECDHE_RSA_WITH_AES_256_CBC_SHA, TLS_RSA_WITH_AES_128_GCM_SHA256, TLS_RSA_WITH_AES_128_CBC_SHA, TLS_RSA_WITH_AES_256_CBC_SHA, TLS_AES_128_GCM_SHA256, TLS_AES_256_GCM_SHA384]
09:29:06.564 [main] DEBUG io.netty.util.concurrent.GlobalEventExecutor -- -Dio.netty.globalEventExecutor.quietPeriodSeconds: 1
09:29:06.581 [main] DEBUG io.netty.channel.MultithreadEventLoopGroup -- -Dio.netty.eventLoopThreads: 16
09:29:06.606 [main] DEBUG io.netty.channel.nio.NioEventLoop -- -Dio.netty.noKeySetOptimization: false
09:29:06.606 [main] DEBUG io.netty.channel.nio.NioEventLoop -- -Dio.netty.selectorAutoRebuildThreshold: 512
09:29:06.674 [main] DEBUG io.netty.buffer.PooledByteBufAllocator -- -Dio.netty.allocator.numHeapArenas: 16
09:29:06.675 [main] DEBUG io.netty.buffer.PooledByteBufAllocator -- -Dio.netty.allocator.numDirectArenas: 16
09:29:06.675 [main] DEBUG io.netty.buffer.PooledByteBufAllocator -- -Dio.netty.allocator.pageSize: 8192
09:29:06.675 [main] DEBUG io.netty.buffer.PooledByteBufAllocator -- -Dio.netty.allocator.maxOrder: 9
09:29:06.675 [main] DEBUG io.netty.buffer.PooledByteBufAllocator -- -Dio.netty.allocator.chunkSize: 4194304
09:29:06.675 [main] DEBUG io.netty.buffer.PooledByteBufAllocator -- -Dio.netty.allocator.smallCacheSize: 256
09:29:06.675 [main] DEBUG io.netty.buffer.PooledByteBufAllocator -- -Dio.netty.allocator.normalCacheSize: 64
09:29:06.675 [main] DEBUG io.netty.buffer.PooledByteBufAllocator -- -Dio.netty.allocator.maxCachedBufferCapacity: 32768
09:29:06.675 [main] DEBUG io.netty.buffer.PooledByteBufAllocator -- -Dio.netty.allocator.cacheTrimInterval: 8192
09:29:06.675 [main] DEBUG io.netty.buffer.PooledByteBufAllocator -- -Dio.netty.allocator.cacheTrimIntervalMillis: 0
09:29:06.675 [main] DEBUG io.netty.buffer.PooledByteBufAllocator -- -Dio.netty.allocator.useCacheForAllThreads: false
09:29:06.675 [main] DEBUG io.netty.buffer.PooledByteBufAllocator -- -Dio.netty.allocator.maxCachedByteBuffersPerChunk: 1023
09:29:06.680 [main] DEBUG io.netty.buffer.ByteBufUtil -- -Dio.netty.allocator.type: pooled
09:29:06.680 [main] DEBUG io.netty.buffer.ByteBufUtil -- -Dio.netty.threadLocalDirectBufferSize: 0
09:29:06.680 [main] DEBUG io.netty.buffer.ByteBufUtil -- -Dio.netty.maxThreadLocalCharBufferSize: 16384
09:29:07.624 [Forwarding newSession on session null to remote] DEBUG io.netty.channel.DefaultChannelId -- -Dio.netty.processId: 27392 (auto-detected)
09:29:07.628 [Forwarding newSession on session null to remote] DEBUG io.netty.util.NetUtil -- -Djava.net.preferIPv4Stack: false
09:29:07.628 [Forwarding newSession on session null to remote] DEBUG io.netty.util.NetUtil -- -Djava.net.preferIPv6Addresses: false
09:29:07.809 [Forwarding newSession on session null to remote] DEBUG io.netty.util.NetUtilInitializations -- Loopback interface: lo (Software Loopback Interface 1, 127.0.0.1)
09:29:07.821 [Forwarding newSession on session null to remote] DEBUG io.netty.util.NetUtil -- Failed to get SOMAXCONN from sysctl and file \proc\sys\net\core\somaxconn. Default: 200
09:29:07.833 [Forwarding newSession on session null to remote] DEBUG io.netty.channel.DefaultChannelId -- -Dio.netty.machineId: 68:3e:26:ff:fe:44:81:12 (auto-detected)
09:29:07.925 [AsyncHttpClient-1-2] DEBUG io.netty.buffer.AbstractByteBuf -- -Dio.netty.buffer.checkAccessible: true
09:29:07.925 [AsyncHttpClient-1-2] DEBUG io.netty.buffer.AbstractByteBuf -- -Dio.netty.buffer.checkBounds: true
09:29:07.925 [AsyncHttpClient-1-2] DEBUG io.netty.util.ResourceLeakDetectorFactory -- Loaded default ResourceLeakDetector: io.netty.util.ResourceLeakDetector@5a46b4be
09:29:07.965 [AsyncHttpClient-1-2] DEBUG org.asynchttpclient.netty.channel.NettyConnectListener -- Using new Channel '[id: 0xbcb55864, L:/127.0.0.1:52561 - R:localhost/127.0.0.1:35424]' for 'POST' to '/session'
09:29:07.999 [AsyncHttpClient-1-2] DEBUG io.netty.util.Recycler -- -Dio.netty.recycler.maxCapacityPerThread: 4096
09:29:07.999 [AsyncHttpClient-1-2] DEBUG io.netty.util.Recycler -- -Dio.netty.recycler.ratio: 8
09:29:07.999 [AsyncHttpClient-1-2] DEBUG io.netty.util.Recycler -- -Dio.netty.recycler.chunkSize: 32
09:29:07.999 [AsyncHttpClient-1-2] DEBUG io.netty.util.Recycler -- -Dio.netty.recycler.blocking: false
09:29:07.999 [AsyncHttpClient-1-2] DEBUG io.netty.util.Recycler -- -Dio.netty.recycler.batchFastThreadLocalOnly: true
09:29:10.392 [AsyncHttpClient-1-2] DEBUG io.netty.handler.codec.compression.Brotli -- brotli4j not in the classpath; Brotli support will be unavailable.
09:29:10.392 [AsyncHttpClient-1-2] DEBUG org.asynchttpclient.netty.handler.HttpHandler -- 

Request DefaultHttpRequest(decodeResult: success, version: HTTP/1.1)
POST /session HTTP/1.1
User-Agent: selenium/4.9.0 (java windows)
Content-Length: 254
Content-Type: application/json; charset=utf-8
host: localhost:35424
accept: */*

Response DefaultHttpResponse(decodeResult: success, version: HTTP/1.1)
HTTP/1.1 200 OK
Content-Length: 859
Content-Type: application/json; charset=utf-8
cache-control: no-cache

09:29:10.432 [AsyncHttpClient-1-2] DEBUG org.asynchttpclient.netty.channel.ChannelManager -- Adding key: http://localhost:35424 for channel [id: 0xbcb55864, L:/127.0.0.1:52561 - R:localhost/127.0.0.1:35424]
09:29:10.794 [AsyncHttpClient-1-3] DEBUG org.asynchttpclient.netty.channel.NettyConnectListener -- Using new Channel '[id: 0x6bbc0559, L:/127.0.0.1:52570 - R:localhost/127.0.0.1:52562]' for 'GET' to '/json/version'
09:29:10.798 [AsyncHttpClient-1-3] DEBUG org.asynchttpclient.netty.handler.HttpHandler -- 

Request DefaultFullHttpRequest(decodeResult: success, version: HTTP/1.1, content: EmptyByteBufBE)
GET /json/version HTTP/1.1
User-Agent: selenium/4.9.0 (java windows)
host: localhost:52562
accept: */*

Response DefaultHttpResponse(decodeResult: success, version: HTTP/1.1)
HTTP/1.1 200 OK
Content-Security-Policy: frame-ancestors 'none'
Content-Length: 422
Content-Type: application/json; charset=UTF-8

09:29:10.799 [AsyncHttpClient-1-3] DEBUG org.asynchttpclient.netty.channel.ChannelManager -- Adding key: http://localhost:52562 for channel [id: 0x6bbc0559, L:/127.0.0.1:52570 - R:localhost/127.0.0.1:52562]
09:29:10.816 [main] DEBUG io.netty.util.internal.ThreadLocalRandom -- -Dio.netty.initialSeedUniquifier: 0xbd3c9239badf226c
09:29:10.840 [AsyncHttpClient-1-4] DEBUG org.asynchttpclient.netty.channel.NettyConnectListener -- Using new Channel '[id: 0x2bfc95ba, L:/127.0.0.1:52572 - R:localhost/127.0.0.1:52562]' for 'GET' to '/devtools/browser/7e9c6798-172c-4879-93c3-1016ce99741a'
09:29:10.840 [AsyncHttpClient-1-4] DEBUG org.asynchttpclient.netty.handler.WebSocketHandler -- 

Request DefaultFullHttpRequest(decodeResult: success, version: HTTP/1.1, content: EmptyByteBufBE)
GET /devtools/browser/7e9c6798-172c-4879-93c3-1016ce99741a HTTP/1.1
upgrade: websocket
connection: upgrade
sec-websocket-key: Dv5Hzw3I0KaoM+lihPM8xA==
sec-websocket-version: 13
origin: http://localhost:52562
host: localhost:52562
accept: */*
user-agent: AHC/2.1

Response DefaultHttpResponse(decodeResult: success, version: HTTP/1.1)
HTTP/1.1 101 WebSocket Protocol Handshake
Upgrade: WebSocket
Connection: Upgrade
Sec-WebSocket-Accept: /FPe5ydUREco1TGrnPs4bsUUgcY=

09:29:10.880 [AsyncHttpClient-1-1] DEBUG org.asynchttpclient.netty.channel.DefaultChannelPool -- Entry count for : http://localhost:52562 : 1
09:29:10.880 [AsyncHttpClient-1-1] DEBUG org.asynchttpclient.netty.channel.DefaultChannelPool -- Entry count for : http://localhost:35424 : 1
09:29:11.035 [Forwarding get on session 4a8e613b9410dd5b9b588da0b87ae8b4 to remote] DEBUG org.asynchttpclient.netty.request.NettyRequestSender -- Using pooled Channel '[id: 0xbcb55864, L:/127.0.0.1:52561 - R:localhost/127.0.0.1:35424]' for 'POST' to 'http://localhost:35424/session/4a8e613b9410dd5b9b588da0b87ae8b4/url'
09:29:11.035 [Forwarding get on session 4a8e613b9410dd5b9b588da0b87ae8b4 to remote] DEBUG org.asynchttpclient.netty.request.NettyRequestSender -- Using open Channel [id: 0xbcb55864, L:/127.0.0.1:52561 - R:localhost/127.0.0.1:35424] for POST '/session/4a8e613b9410dd5b9b588da0b87ae8b4/url'
09:29:11.987 [AsyncHttpClient-1-1] DEBUG org.asynchttpclient.netty.channel.DefaultChannelPool -- Entry count for : http://localhost:52562 : 1
09:29:13.081 [AsyncHttpClient-1-1] DEBUG org.asynchttpclient.netty.channel.DefaultChannelPool -- Entry count for : http://localhost:52562 : 1
09:29:14.181 [AsyncHttpClient-1-1] DEBUG org.asynchttpclient.netty.channel.DefaultChannelPool -- Entry count for : http://localhost:52562 : 1
09:29:15.307 [AsyncHttpClient-1-1] DEBUG org.asynchttpclient.netty.channel.DefaultChannelPool -- Entry count for : http://localhost:52562 : 1
09:29:15.999 [AsyncHttpClient-1-2] DEBUG org.asynchttpclient.netty.handler.HttpHandler -- 

Request DefaultHttpRequest(decodeResult: success, version: HTTP/1.1)
POST /session/4a8e613b9410dd5b9b588da0b87ae8b4/url HTTP/1.1
User-Agent: selenium/4.9.0 (java windows)
Content-Length: 111
Content-Type: application/json; charset=utf-8
host: localhost:35424
accept: */*

Response DefaultHttpResponse(decodeResult: success, version: HTTP/1.1)
HTTP/1.1 200 OK
Content-Length: 14
Content-Type: application/json; charset=utf-8
cache-control: no-cache

09:29:16.001 [AsyncHttpClient-1-2] DEBUG org.asynchttpclient.netty.channel.ChannelManager -- Adding key: http://localhost:35424 for channel [id: 0xbcb55864, L:/127.0.0.1:52561 - R:localhost/127.0.0.1:35424]
09:29:16.012 [Forwarding maximizeCurrentWindow on session 4a8e613b9410dd5b9b588da0b87ae8b4 to remote] DEBUG org.asynchttpclient.netty.request.NettyRequestSender -- Using pooled Channel '[id: 0xbcb55864, L:/127.0.0.1:52561 - R:localhost/127.0.0.1:35424]' for 'POST' to 'http://localhost:35424/session/4a8e613b9410dd5b9b588da0b87ae8b4/window/maximize'
09:29:16.014 [Forwarding maximizeCurrentWindow on session 4a8e613b9410dd5b9b588da0b87ae8b4 to remote] DEBUG org.asynchttpclient.netty.request.NettyRequestSender -- Using open Channel [id: 0xbcb55864, L:/127.0.0.1:52561 - R:localhost/127.0.0.1:35424] for POST '/session/4a8e613b9410dd5b9b588da0b87ae8b4/window/maximize'
09:29:16.316 [AsyncHttpClient-1-2] DEBUG org.asynchttpclient.netty.handler.HttpHandler -- 

Request DefaultHttpRequest(decodeResult: success, version: HTTP/1.1)
POST /session/4a8e613b9410dd5b9b588da0b87ae8b4/window/maximize HTTP/1.1
User-Agent: selenium/4.9.0 (java windows)
Content-Length: 3
Content-Type: application/json; charset=utf-8
host: localhost:35424
accept: */*

Response DefaultHttpResponse(decodeResult: success, version: HTTP/1.1)
HTTP/1.1 200 OK
Content-Length: 51
Content-Type: application/json; charset=utf-8
cache-control: no-cache

09:29:16.317 [AsyncHttpClient-1-2] DEBUG org.asynchttpclient.netty.channel.ChannelManager -- Adding key: http://localhost:35424 for channel [id: 0xbcb55864, L:/127.0.0.1:52561 - R:localhost/127.0.0.1:35424]
09:29:16.322 [Forwarding getTitle on session 4a8e613b9410dd5b9b588da0b87ae8b4 to remote] DEBUG org.asynchttpclient.netty.request.NettyRequestSender -- Using pooled Channel '[id: 0xbcb55864, L:/127.0.0.1:52561 - R:localhost/127.0.0.1:35424]' for 'GET' to 'http://localhost:35424/session/4a8e613b9410dd5b9b588da0b87ae8b4/title'
09:29:16.322 [Forwarding getTitle on session 4a8e613b9410dd5b9b588da0b87ae8b4 to remote] DEBUG org.asynchttpclient.netty.request.NettyRequestSender -- Using open Channel [id: 0xbcb55864, L:/127.0.0.1:52561 - R:localhost/127.0.0.1:35424] for GET '/session/4a8e613b9410dd5b9b588da0b87ae8b4/title'
09:29:16.381 [AsyncHttpClient-1-1] DEBUG org.asynchttpclient.netty.channel.DefaultChannelPool -- Entry count for : http://localhost:52562 : 1
09:29:16.386 [AsyncHttpClient-1-2] DEBUG org.asynchttpclient.netty.handler.HttpHandler -- 

Request DefaultFullHttpRequest(decodeResult: success, version: HTTP/1.1, content: EmptyByteBufBE)
GET /session/4a8e613b9410dd5b9b588da0b87ae8b4/title HTTP/1.1
User-Agent: selenium/4.9.0 (java windows)
Cache-Control: no-cache
Content-Type: application/json; charset=utf-8
host: localhost:35424
accept: */*

Response DefaultHttpResponse(decodeResult: success, version: HTTP/1.1)
HTTP/1.1 200 OK
Content-Length: 56
Content-Type: application/json; charset=utf-8
cache-control: no-cache

09:29:16.387 [AsyncHttpClient-1-2] DEBUG org.asynchttpclient.netty.channel.ChannelManager -- Adding key: http://localhost:35424 for channel [id: 0xbcb55864, L:/127.0.0.1:52561 - R:localhost/127.0.0.1:35424]
We Are in WEbSite :   SoftAssert in TestNG example | Selenium Easy
09:29:16.557 [Forwarding setTimeout on session 4a8e613b9410dd5b9b588da0b87ae8b4 to remote] DEBUG org.asynchttpclient.netty.request.NettyRequestSender -- Using pooled Channel '[id: 0xbcb55864, L:/127.0.0.1:52561 - R:localhost/127.0.0.1:35424]' for 'POST' to 'http://localhost:35424/session/4a8e613b9410dd5b9b588da0b87ae8b4/timeouts'
09:29:16.557 [Forwarding setTimeout on session 4a8e613b9410dd5b9b588da0b87ae8b4 to remote] DEBUG org.asynchttpclient.netty.request.NettyRequestSender -- Using open Channel [id: 0xbcb55864, L:/127.0.0.1:52561 - R:localhost/127.0.0.1:35424] for POST '/session/4a8e613b9410dd5b9b588da0b87ae8b4/timeouts'
09:29:16.559 [AsyncHttpClient-1-2] DEBUG org.asynchttpclient.netty.handler.HttpHandler -- 

Request DefaultHttpRequest(decodeResult: success, version: HTTP/1.1)
POST /session/4a8e613b9410dd5b9b588da0b87ae8b4/timeouts HTTP/1.1
User-Agent: selenium/4.9.0 (java windows)
Content-Length: 21
Content-Type: application/json; charset=utf-8
host: localhost:35424
accept: */*

Response DefaultHttpResponse(decodeResult: success, version: HTTP/1.1)
HTTP/1.1 200 OK
Content-Length: 14
Content-Type: application/json; charset=utf-8
cache-control: no-cache

09:29:16.559 [AsyncHttpClient-1-2] DEBUG org.asynchttpclient.netty.channel.ChannelManager -- Adding key: http://localhost:35424 for channel [id: 0xbcb55864, L:/127.0.0.1:52561 - R:localhost/127.0.0.1:35424]
09:29:16.717 [Forwarding executeScript on session 4a8e613b9410dd5b9b588da0b87ae8b4 to remote] DEBUG org.asynchttpclient.netty.request.NettyRequestSender -- Using pooled Channel '[id: 0xbcb55864, L:/127.0.0.1:52561 - R:localhost/127.0.0.1:35424]' for 'POST' to 'http://localhost:35424/session/4a8e613b9410dd5b9b588da0b87ae8b4/execute/sync'
09:29:16.718 [Forwarding executeScript on session 4a8e613b9410dd5b9b588da0b87ae8b4 to remote] DEBUG org.asynchttpclient.netty.request.NettyRequestSender -- Using open Channel [id: 0xbcb55864, L:/127.0.0.1:52561 - R:localhost/127.0.0.1:35424] for POST '/session/4a8e613b9410dd5b9b588da0b87ae8b4/execute/sync'
09:29:16.834 [AsyncHttpClient-1-2] DEBUG org.asynchttpclient.netty.handler.HttpHandler -- 

Request DefaultHttpRequest(decodeResult: success, version: HTTP/1.1)
POST /session/4a8e613b9410dd5b9b588da0b87ae8b4/execute/sync HTTP/1.1
User-Agent: selenium/4.9.0 (java windows)
Content-Length: 323605
Content-Type: application/json; charset=utf-8
host: localhost:35424
accept: */*

Response DefaultHttpResponse(decodeResult: success, version: HTTP/1.1)
HTTP/1.1 200 OK
Content-Length: 14
Content-Type: application/json; charset=utf-8
cache-control: no-cache

09:29:16.835 [AsyncHttpClient-1-2] DEBUG org.asynchttpclient.netty.channel.ChannelManager -- Adding key: http://localhost:35424 for channel [id: 0xbcb55864, L:/127.0.0.1:52561 - R:localhost/127.0.0.1:35424]
09:29:16.837 [Forwarding executeScript on session 4a8e613b9410dd5b9b588da0b87ae8b4 to remote] DEBUG org.asynchttpclient.netty.request.NettyRequestSender -- Using pooled Channel '[id: 0xbcb55864, L:/127.0.0.1:52561 - R:localhost/127.0.0.1:35424]' for 'POST' to 'http://localhost:35424/session/4a8e613b9410dd5b9b588da0b87ae8b4/execute/sync'
09:29:16.837 [Forwarding executeScript on session 4a8e613b9410dd5b9b588da0b87ae8b4 to remote] DEBUG org.asynchttpclient.netty.request.NettyRequestSender -- Using open Channel [id: 0xbcb55864, L:/127.0.0.1:52561 - R:localhost/127.0.0.1:35424] for POST '/session/4a8e613b9410dd5b9b588da0b87ae8b4/execute/sync'
09:29:16.848 [AsyncHttpClient-1-2] DEBUG org.asynchttpclient.netty.handler.HttpHandler -- 

Request DefaultHttpRequest(decodeResult: success, version: HTTP/1.1)
POST /session/4a8e613b9410dd5b9b588da0b87ae8b4/execute/sync HTTP/1.1
User-Agent: selenium/4.9.0 (java windows)
Content-Length: 85
Content-Type: application/json; charset=utf-8
host: localhost:35424
accept: */*

Response DefaultHttpResponse(decodeResult: success, version: HTTP/1.1)
HTTP/1.1 200 OK
Content-Length: 15
Content-Type: application/json; charset=utf-8
cache-control: no-cache

09:29:16.848 [AsyncHttpClient-1-2] DEBUG org.asynchttpclient.netty.channel.ChannelManager -- Adding key: http://localhost:35424 for channel [id: 0xbcb55864, L:/127.0.0.1:52561 - R:localhost/127.0.0.1:35424]
09:29:16.881 [Forwarding switchToFrame on session 4a8e613b9410dd5b9b588da0b87ae8b4 to remote] DEBUG org.asynchttpclient.netty.request.NettyRequestSender -- Using pooled Channel '[id: 0xbcb55864, L:/127.0.0.1:52561 - R:localhost/127.0.0.1:35424]' for 'POST' to 'http://localhost:35424/session/4a8e613b9410dd5b9b588da0b87ae8b4/frame'
09:29:16.881 [Forwarding switchToFrame on session 4a8e613b9410dd5b9b588da0b87ae8b4 to remote] DEBUG org.asynchttpclient.netty.request.NettyRequestSender -- Using open Channel [id: 0xbcb55864, L:/127.0.0.1:52561 - R:localhost/127.0.0.1:35424] for POST '/session/4a8e613b9410dd5b9b588da0b87ae8b4/frame'
09:29:16.896 [AsyncHttpClient-1-2] DEBUG org.asynchttpclient.netty.handler.HttpHandler -- 

Request DefaultHttpRequest(decodeResult: success, version: HTTP/1.1)
POST /session/4a8e613b9410dd5b9b588da0b87ae8b4/frame HTTP/1.1
User-Agent: selenium/4.9.0 (java windows)
Content-Length: 16
Content-Type: application/json; charset=utf-8
host: localhost:35424
accept: */*

Response DefaultHttpResponse(decodeResult: success, version: HTTP/1.1)
HTTP/1.1 200 OK
Content-Length: 14
Content-Type: application/json; charset=utf-8
cache-control: no-cache

09:29:16.898 [AsyncHttpClient-1-2] DEBUG org.asynchttpclient.netty.channel.ChannelManager -- Adding key: http://localhost:35424 for channel [id: 0xbcb55864, L:/127.0.0.1:52561 - R:localhost/127.0.0.1:35424]
09:29:16.920 [Forwarding executeScript on session 4a8e613b9410dd5b9b588da0b87ae8b4 to remote] DEBUG org.asynchttpclient.netty.request.NettyRequestSender -- Using pooled Channel '[id: 0xbcb55864, L:/127.0.0.1:52561 - R:localhost/127.0.0.1:35424]' for 'POST' to 'http://localhost:35424/session/4a8e613b9410dd5b9b588da0b87ae8b4/execute/sync'
09:29:16.920 [Forwarding executeScript on session 4a8e613b9410dd5b9b588da0b87ae8b4 to remote] DEBUG org.asynchttpclient.netty.request.NettyRequestSender -- Using open Channel [id: 0xbcb55864, L:/127.0.0.1:52561 - R:localhost/127.0.0.1:35424] for POST '/session/4a8e613b9410dd5b9b588da0b87ae8b4/execute/sync'
09:29:17.030 [AsyncHttpClient-1-2] DEBUG org.asynchttpclient.netty.handler.HttpHandler -- 

Request DefaultHttpRequest(decodeResult: success, version: HTTP/1.1)
POST /session/4a8e613b9410dd5b9b588da0b87ae8b4/execute/sync HTTP/1.1
User-Agent: selenium/4.9.0 (java windows)
Content-Length: 323605
Content-Type: application/json; charset=utf-8
host: localhost:35424
accept: */*

Response DefaultHttpResponse(decodeResult: success, version: HTTP/1.1)
HTTP/1.1 200 OK
Content-Length: 14
Content-Type: application/json; charset=utf-8
cache-control: no-cache

09:29:17.031 [AsyncHttpClient-1-2] DEBUG org.asynchttpclient.netty.channel.ChannelManager -- Adding key: http://localhost:35424 for channel [id: 0xbcb55864, L:/127.0.0.1:52561 - R:localhost/127.0.0.1:35424]
09:29:17.035 [Forwarding findElements on session 4a8e613b9410dd5b9b588da0b87ae8b4 to remote] DEBUG org.asynchttpclient.netty.request.NettyRequestSender -- Using pooled Channel '[id: 0xbcb55864, L:/127.0.0.1:52561 - R:localhost/127.0.0.1:35424]' for 'POST' to 'http://localhost:35424/session/4a8e613b9410dd5b9b588da0b87ae8b4/elements'
09:29:17.035 [Forwarding findElements on session 4a8e613b9410dd5b9b588da0b87ae8b4 to remote] DEBUG org.asynchttpclient.netty.request.NettyRequestSender -- Using open Channel [id: 0xbcb55864, L:/127.0.0.1:52561 - R:localhost/127.0.0.1:35424] for POST '/session/4a8e613b9410dd5b9b588da0b87ae8b4/elements'
09:29:17.072 [AsyncHttpClient-1-2] DEBUG org.asynchttpclient.netty.handler.HttpHandler -- 

Request DefaultHttpRequest(decodeResult: success, version: HTTP/1.1)
POST /session/4a8e613b9410dd5b9b588da0b87ae8b4/elements HTTP/1.1
User-Agent: selenium/4.9.0 (java windows)
Content-Length: 98
Content-Type: application/json; charset=utf-8
host: localhost:35424
accept: */*

Response DefaultHttpResponse(decodeResult: success, version: HTTP/1.1)
HTTP/1.1 200 OK
Content-Length: 890
Content-Type: application/json; charset=utf-8
cache-control: no-cache

09:29:17.073 [AsyncHttpClient-1-2] DEBUG org.asynchttpclient.netty.channel.ChannelManager -- Adding key: http://localhost:35424 for channel [id: 0xbcb55864, L:/127.0.0.1:52561 - R:localhost/127.0.0.1:35424]
09:29:17.109 [Forwarding switchToFrame on session 4a8e613b9410dd5b9b588da0b87ae8b4 to remote] DEBUG org.asynchttpclient.netty.request.NettyRequestSender -- Using pooled Channel '[id: 0xbcb55864, L:/127.0.0.1:52561 - R:localhost/127.0.0.1:35424]' for 'POST' to 'http://localhost:35424/session/4a8e613b9410dd5b9b588da0b87ae8b4/frame'
09:29:17.109 [Forwarding switchToFrame on session 4a8e613b9410dd5b9b588da0b87ae8b4 to remote] DEBUG org.asynchttpclient.netty.request.NettyRequestSender -- Using open Channel [id: 0xbcb55864, L:/127.0.0.1:52561 - R:localhost/127.0.0.1:35424] for POST '/session/4a8e613b9410dd5b9b588da0b87ae8b4/frame'
09:29:17.164 [AsyncHttpClient-1-2] DEBUG org.asynchttpclient.netty.handler.HttpHandler -- 

Request DefaultHttpRequest(decodeResult: success, version: HTTP/1.1)
POST /session/4a8e613b9410dd5b9b588da0b87ae8b4/frame HTTP/1.1
User-Agent: selenium/4.9.0 (java windows)
Content-Length: 108
Content-Type: application/json; charset=utf-8
host: localhost:35424
accept: */*

Response DefaultHttpResponse(decodeResult: success, version: HTTP/1.1)
HTTP/1.1 200 OK
Content-Length: 14
Content-Type: application/json; charset=utf-8
cache-control: no-cache

09:29:17.164 [AsyncHttpClient-1-2] DEBUG org.asynchttpclient.netty.channel.ChannelManager -- Adding key: http://localhost:35424 for channel [id: 0xbcb55864, L:/127.0.0.1:52561 - R:localhost/127.0.0.1:35424]
09:29:17.192 [Forwarding executeScript on session 4a8e613b9410dd5b9b588da0b87ae8b4 to remote] DEBUG org.asynchttpclient.netty.request.NettyRequestSender -- Using pooled Channel '[id: 0xbcb55864, L:/127.0.0.1:52561 - R:localhost/127.0.0.1:35424]' for 'POST' to 'http://localhost:35424/session/4a8e613b9410dd5b9b588da0b87ae8b4/execute/sync'
09:29:17.192 [Forwarding executeScript on session 4a8e613b9410dd5b9b588da0b87ae8b4 to remote] DEBUG org.asynchttpclient.netty.request.NettyRequestSender -- Using open Channel [id: 0xbcb55864, L:/127.0.0.1:52561 - R:localhost/127.0.0.1:35424] for POST '/session/4a8e613b9410dd5b9b588da0b87ae8b4/execute/sync'
09:29:17.303 [AsyncHttpClient-1-2] DEBUG org.asynchttpclient.netty.handler.HttpHandler -- 

Request DefaultHttpRequest(decodeResult: success, version: HTTP/1.1)
POST /session/4a8e613b9410dd5b9b588da0b87ae8b4/execute/sync HTTP/1.1
User-Agent: selenium/4.9.0 (java windows)
Content-Length: 323605
Content-Type: application/json; charset=utf-8
host: localhost:35424
accept: */*

Response DefaultHttpResponse(decodeResult: success, version: HTTP/1.1)
HTTP/1.1 200 OK
Content-Length: 14
Content-Type: application/json; charset=utf-8
cache-control: no-cache

09:29:17.303 [AsyncHttpClient-1-2] DEBUG org.asynchttpclient.netty.channel.ChannelManager -- Adding key: http://localhost:35424 for channel [id: 0xbcb55864, L:/127.0.0.1:52561 - R:localhost/127.0.0.1:35424]
09:29:17.306 [Forwarding findElements on session 4a8e613b9410dd5b9b588da0b87ae8b4 to remote] DEBUG org.asynchttpclient.netty.request.NettyRequestSender -- Using pooled Channel '[id: 0xbcb55864, L:/127.0.0.1:52561 - R:localhost/127.0.0.1:35424]' for 'POST' to 'http://localhost:35424/session/4a8e613b9410dd5b9b588da0b87ae8b4/elements'
09:29:17.306 [Forwarding findElements on session 4a8e613b9410dd5b9b588da0b87ae8b4 to remote] DEBUG org.asynchttpclient.netty.request.NettyRequestSender -- Using open Channel [id: 0xbcb55864, L:/127.0.0.1:52561 - R:localhost/127.0.0.1:35424] for POST '/session/4a8e613b9410dd5b9b588da0b87ae8b4/elements'
09:29:17.359 [AsyncHttpClient-1-2] DEBUG org.asynchttpclient.netty.handler.HttpHandler -- 

Request DefaultHttpRequest(decodeResult: success, version: HTTP/1.1)
POST /session/4a8e613b9410dd5b9b588da0b87ae8b4/elements HTTP/1.1
User-Agent: selenium/4.9.0 (java windows)
Content-Length: 98
Content-Type: application/json; charset=utf-8
host: localhost:35424
accept: */*

Response DefaultHttpResponse(decodeResult: success, version: HTTP/1.1)
HTTP/1.1 200 OK
Content-Length: 183
Content-Type: application/json; charset=utf-8
cache-control: no-cache

09:29:17.360 [AsyncHttpClient-1-2] DEBUG org.asynchttpclient.netty.channel.ChannelManager -- Adding key: http://localhost:35424 for channel [id: 0xbcb55864, L:/127.0.0.1:52561 - R:localhost/127.0.0.1:35424]
09:29:17.368 [Forwarding switchToFrame on session 4a8e613b9410dd5b9b588da0b87ae8b4 to remote] DEBUG org.asynchttpclient.netty.request.NettyRequestSender -- Using pooled Channel '[id: 0xbcb55864, L:/127.0.0.1:52561 - R:localhost/127.0.0.1:35424]' for 'POST' to 'http://localhost:35424/session/4a8e613b9410dd5b9b588da0b87ae8b4/frame'
09:29:17.368 [Forwarding switchToFrame on session 4a8e613b9410dd5b9b588da0b87ae8b4 to remote] DEBUG org.asynchttpclient.netty.request.NettyRequestSender -- Using open Channel [id: 0xbcb55864, L:/127.0.0.1:52561 - R:localhost/127.0.0.1:35424] for POST '/session/4a8e613b9410dd5b9b588da0b87ae8b4/frame'
09:29:17.429 [AsyncHttpClient-1-2] DEBUG org.asynchttpclient.netty.handler.HttpHandler -- 

Request DefaultHttpRequest(decodeResult: success, version: HTTP/1.1)
POST /session/4a8e613b9410dd5b9b588da0b87ae8b4/frame HTTP/1.1
User-Agent: selenium/4.9.0 (java windows)
Content-Length: 106
Content-Type: application/json; charset=utf-8
host: localhost:35424
accept: */*

Response DefaultHttpResponse(decodeResult: success, version: HTTP/1.1)
HTTP/1.1 200 OK
Content-Length: 14
Content-Type: application/json; charset=utf-8
cache-control: no-cache

09:29:17.429 [AsyncHttpClient-1-2] DEBUG org.asynchttpclient.netty.channel.ChannelManager -- Adding key: http://localhost:35424 for channel [id: 0xbcb55864, L:/127.0.0.1:52561 - R:localhost/127.0.0.1:35424]
09:29:17.444 [Forwarding executeScript on session 4a8e613b9410dd5b9b588da0b87ae8b4 to remote] DEBUG org.asynchttpclient.netty.request.NettyRequestSender -- Using pooled Channel '[id: 0xbcb55864, L:/127.0.0.1:52561 - R:localhost/127.0.0.1:35424]' for 'POST' to 'http://localhost:35424/session/4a8e613b9410dd5b9b588da0b87ae8b4/execute/sync'
09:29:17.446 [Forwarding executeScript on session 4a8e613b9410dd5b9b588da0b87ae8b4 to remote] DEBUG org.asynchttpclient.netty.request.NettyRequestSender -- Using open Channel [id: 0xbcb55864, L:/127.0.0.1:52561 - R:localhost/127.0.0.1:35424] for POST '/session/4a8e613b9410dd5b9b588da0b87ae8b4/execute/sync'
09:29:17.485 [AsyncHttpClient-1-1] DEBUG org.asynchttpclient.netty.channel.DefaultChannelPool -- Entry count for : http://localhost:52562 : 1
09:29:17.611 [AsyncHttpClient-1-2] DEBUG org.asynchttpclient.netty.handler.HttpHandler -- 

Request DefaultHttpRequest(decodeResult: success, version: HTTP/1.1)
POST /session/4a8e613b9410dd5b9b588da0b87ae8b4/execute/sync HTTP/1.1
User-Agent: selenium/4.9.0 (java windows)
Content-Length: 323605
Content-Type: application/json; charset=utf-8
host: localhost:35424
accept: */*

Response DefaultHttpResponse(decodeResult: success, version: HTTP/1.1)
HTTP/1.1 200 OK
Content-Length: 14
Content-Type: application/json; charset=utf-8
cache-control: no-cache

09:29:17.611 [AsyncHttpClient-1-2] DEBUG org.asynchttpclient.netty.channel.ChannelManager -- Adding key: http://localhost:35424 for channel [id: 0xbcb55864, L:/127.0.0.1:52561 - R:localhost/127.0.0.1:35424]
09:29:17.614 [Forwarding findElements on session 4a8e613b9410dd5b9b588da0b87ae8b4 to remote] DEBUG org.asynchttpclient.netty.request.NettyRequestSender -- Using pooled Channel '[id: 0xbcb55864, L:/127.0.0.1:52561 - R:localhost/127.0.0.1:35424]' for 'POST' to 'http://localhost:35424/session/4a8e613b9410dd5b9b588da0b87ae8b4/elements'
09:29:17.614 [Forwarding findElements on session 4a8e613b9410dd5b9b588da0b87ae8b4 to remote] DEBUG org.asynchttpclient.netty.request.NettyRequestSender -- Using open Channel [id: 0xbcb55864, L:/127.0.0.1:52561 - R:localhost/127.0.0.1:35424] for POST '/session/4a8e613b9410dd5b9b588da0b87ae8b4/elements'
09:29:17.641 [AsyncHttpClient-1-2] DEBUG org.asynchttpclient.netty.handler.HttpHandler -- 

Request DefaultHttpRequest(decodeResult: success, version: HTTP/1.1)
POST /session/4a8e613b9410dd5b9b588da0b87ae8b4/elements HTTP/1.1
User-Agent: selenium/4.9.0 (java windows)
Content-Length: 98
Content-Type: application/json; charset=utf-8
host: localhost:35424
accept: */*

Response DefaultHttpResponse(decodeResult: success, version: HTTP/1.1)
HTTP/1.1 200 OK
Content-Length: 12
Content-Type: application/json; charset=utf-8
cache-control: no-cache

09:29:17.641 [AsyncHttpClient-1-2] DEBUG org.asynchttpclient.netty.channel.ChannelManager -- Adding key: http://localhost:35424 for channel [id: 0xbcb55864, L:/127.0.0.1:52561 - R:localhost/127.0.0.1:35424]
09:29:17.647 [Forwarding switchToParentFrame on session 4a8e613b9410dd5b9b588da0b87ae8b4 to remote] DEBUG org.asynchttpclient.netty.request.NettyRequestSender -- Using pooled Channel '[id: 0xbcb55864, L:/127.0.0.1:52561 - R:localhost/127.0.0.1:35424]' for 'POST' to 'http://localhost:35424/session/4a8e613b9410dd5b9b588da0b87ae8b4/frame/parent'
09:29:17.647 [Forwarding switchToParentFrame on session 4a8e613b9410dd5b9b588da0b87ae8b4 to remote] DEBUG org.asynchttpclient.netty.request.NettyRequestSender -- Using open Channel [id: 0xbcb55864, L:/127.0.0.1:52561 - R:localhost/127.0.0.1:35424] for POST '/session/4a8e613b9410dd5b9b588da0b87ae8b4/frame/parent'
09:29:17.664 [AsyncHttpClient-1-2] DEBUG org.asynchttpclient.netty.handler.HttpHandler -- 

Request DefaultHttpRequest(decodeResult: success, version: HTTP/1.1)
POST /session/4a8e613b9410dd5b9b588da0b87ae8b4/frame/parent HTTP/1.1
User-Agent: selenium/4.9.0 (java windows)
Content-Length: 3
Content-Type: application/json; charset=utf-8
host: localhost:35424
accept: */*

Response DefaultHttpResponse(decodeResult: success, version: HTTP/1.1)
HTTP/1.1 200 OK
Content-Length: 14
Content-Type: application/json; charset=utf-8
cache-control: no-cache

09:29:17.664 [AsyncHttpClient-1-2] DEBUG org.asynchttpclient.netty.channel.ChannelManager -- Adding key: http://localhost:35424 for channel [id: 0xbcb55864, L:/127.0.0.1:52561 - R:localhost/127.0.0.1:35424]
09:29:17.670 [Forwarding switchToFrame on session 4a8e613b9410dd5b9b588da0b87ae8b4 to remote] DEBUG org.asynchttpclient.netty.request.NettyRequestSender -- Using pooled Channel '[id: 0xbcb55864, L:/127.0.0.1:52561 - R:localhost/127.0.0.1:35424]' for 'POST' to 'http://localhost:35424/session/4a8e613b9410dd5b9b588da0b87ae8b4/frame'
09:29:17.670 [Forwarding switchToFrame on session 4a8e613b9410dd5b9b588da0b87ae8b4 to remote] DEBUG org.asynchttpclient.netty.request.NettyRequestSender -- Using open Channel [id: 0xbcb55864, L:/127.0.0.1:52561 - R:localhost/127.0.0.1:35424] for POST '/session/4a8e613b9410dd5b9b588da0b87ae8b4/frame'
09:29:17.805 [AsyncHttpClient-1-2] DEBUG org.asynchttpclient.netty.handler.HttpHandler -- 

Request DefaultHttpRequest(decodeResult: success, version: HTTP/1.1)
POST /session/4a8e613b9410dd5b9b588da0b87ae8b4/frame HTTP/1.1
User-Agent: selenium/4.9.0 (java windows)
Content-Length: 106
Content-Type: application/json; charset=utf-8
host: localhost:35424
accept: */*

Response DefaultHttpResponse(decodeResult: success, version: HTTP/1.1)
HTTP/1.1 200 OK
Content-Length: 14
Content-Type: application/json; charset=utf-8
cache-control: no-cache

09:29:17.805 [AsyncHttpClient-1-2] DEBUG org.asynchttpclient.netty.channel.ChannelManager -- Adding key: http://localhost:35424 for channel [id: 0xbcb55864, L:/127.0.0.1:52561 - R:localhost/127.0.0.1:35424]
09:29:17.863 [Forwarding executeScript on session 4a8e613b9410dd5b9b588da0b87ae8b4 to remote] DEBUG org.asynchttpclient.netty.request.NettyRequestSender -- Using pooled Channel '[id: 0xbcb55864, L:/127.0.0.1:52561 - R:localhost/127.0.0.1:35424]' for 'POST' to 'http://localhost:35424/session/4a8e613b9410dd5b9b588da0b87ae8b4/execute/sync'
09:29:17.863 [Forwarding executeScript on session 4a8e613b9410dd5b9b588da0b87ae8b4 to remote] DEBUG org.asynchttpclient.netty.request.NettyRequestSender -- Using open Channel [id: 0xbcb55864, L:/127.0.0.1:52561 - R:localhost/127.0.0.1:35424] for POST '/session/4a8e613b9410dd5b9b588da0b87ae8b4/execute/sync'
09:29:17.982 [AsyncHttpClient-1-2] DEBUG org.asynchttpclient.netty.handler.HttpHandler -- 

Request DefaultHttpRequest(decodeResult: success, version: HTTP/1.1)
POST /session/4a8e613b9410dd5b9b588da0b87ae8b4/execute/sync HTTP/1.1
User-Agent: selenium/4.9.0 (java windows)
Content-Length: 323605
Content-Type: application/json; charset=utf-8
host: localhost:35424
accept: */*

Response DefaultHttpResponse(decodeResult: success, version: HTTP/1.1)
HTTP/1.1 200 OK
Content-Length: 14
Content-Type: application/json; charset=utf-8
cache-control: no-cache

09:29:17.984 [AsyncHttpClient-1-2] DEBUG org.asynchttpclient.netty.channel.ChannelManager -- Adding key: http://localhost:35424 for channel [id: 0xbcb55864, L:/127.0.0.1:52561 - R:localhost/127.0.0.1:35424]
09:29:17.991 [Forwarding findElements on session 4a8e613b9410dd5b9b588da0b87ae8b4 to remote] DEBUG org.asynchttpclient.netty.request.NettyRequestSender -- Using pooled Channel '[id: 0xbcb55864, L:/127.0.0.1:52561 - R:localhost/127.0.0.1:35424]' for 'POST' to 'http://localhost:35424/session/4a8e613b9410dd5b9b588da0b87ae8b4/elements'
09:29:17.991 [Forwarding findElements on session 4a8e613b9410dd5b9b588da0b87ae8b4 to remote] DEBUG org.asynchttpclient.netty.request.NettyRequestSender -- Using open Channel [id: 0xbcb55864, L:/127.0.0.1:52561 - R:localhost/127.0.0.1:35424] for POST '/session/4a8e613b9410dd5b9b588da0b87ae8b4/elements'
09:29:18.026 [AsyncHttpClient-1-2] DEBUG org.asynchttpclient.netty.handler.HttpHandler -- 

Request DefaultHttpRequest(decodeResult: success, version: HTTP/1.1)
POST /session/4a8e613b9410dd5b9b588da0b87ae8b4/elements HTTP/1.1
User-Agent: selenium/4.9.0 (java windows)
Content-Length: 98
Content-Type: application/json; charset=utf-8
host: localhost:35424
accept: */*

Response DefaultHttpResponse(decodeResult: success, version: HTTP/1.1)
HTTP/1.1 200 OK
Content-Length: 12
Content-Type: application/json; charset=utf-8
cache-control: no-cache

09:29:18.027 [AsyncHttpClient-1-2] DEBUG org.asynchttpclient.netty.channel.ChannelManager -- Adding key: http://localhost:35424 for channel [id: 0xbcb55864, L:/127.0.0.1:52561 - R:localhost/127.0.0.1:35424]
09:29:18.031 [Forwarding switchToParentFrame on session 4a8e613b9410dd5b9b588da0b87ae8b4 to remote] DEBUG org.asynchttpclient.netty.request.NettyRequestSender -- Using pooled Channel '[id: 0xbcb55864, L:/127.0.0.1:52561 - R:localhost/127.0.0.1:35424]' for 'POST' to 'http://localhost:35424/session/4a8e613b9410dd5b9b588da0b87ae8b4/frame/parent'
09:29:18.031 [Forwarding switchToParentFrame on session 4a8e613b9410dd5b9b588da0b87ae8b4 to remote] DEBUG org.asynchttpclient.netty.request.NettyRequestSender -- Using open Channel [id: 0xbcb55864, L:/127.0.0.1:52561 - R:localhost/127.0.0.1:35424] for POST '/session/4a8e613b9410dd5b9b588da0b87ae8b4/frame/parent'
09:29:18.039 [AsyncHttpClient-1-2] DEBUG org.asynchttpclient.netty.handler.HttpHandler -- 

Request DefaultHttpRequest(decodeResult: success, version: HTTP/1.1)
POST /session/4a8e613b9410dd5b9b588da0b87ae8b4/frame/parent HTTP/1.1
User-Agent: selenium/4.9.0 (java windows)
Content-Length: 3
Content-Type: application/json; charset=utf-8
host: localhost:35424
accept: */*

Response DefaultHttpResponse(decodeResult: success, version: HTTP/1.1)
HTTP/1.1 200 OK
Content-Length: 14
Content-Type: application/json; charset=utf-8
cache-control: no-cache

09:29:18.040 [AsyncHttpClient-1-2] DEBUG org.asynchttpclient.netty.channel.ChannelManager -- Adding key: http://localhost:35424 for channel [id: 0xbcb55864, L:/127.0.0.1:52561 - R:localhost/127.0.0.1:35424]
09:29:18.042 [Forwarding switchToParentFrame on session 4a8e613b9410dd5b9b588da0b87ae8b4 to remote] DEBUG org.asynchttpclient.netty.request.NettyRequestSender -- Using pooled Channel '[id: 0xbcb55864, L:/127.0.0.1:52561 - R:localhost/127.0.0.1:35424]' for 'POST' to 'http://localhost:35424/session/4a8e613b9410dd5b9b588da0b87ae8b4/frame/parent'
09:29:18.043 [Forwarding switchToParentFrame on session 4a8e613b9410dd5b9b588da0b87ae8b4 to remote] DEBUG org.asynchttpclient.netty.request.NettyRequestSender -- Using open Channel [id: 0xbcb55864, L:/127.0.0.1:52561 - R:localhost/127.0.0.1:35424] for POST '/session/4a8e613b9410dd5b9b588da0b87ae8b4/frame/parent'
09:29:18.046 [AsyncHttpClient-1-2] DEBUG org.asynchttpclient.netty.handler.HttpHandler -- 

Request DefaultHttpRequest(decodeResult: success, version: HTTP/1.1)
POST /session/4a8e613b9410dd5b9b588da0b87ae8b4/frame/parent HTTP/1.1
User-Agent: selenium/4.9.0 (java windows)
Content-Length: 3
Content-Type: application/json; charset=utf-8
host: localhost:35424
accept: */*

Response DefaultHttpResponse(decodeResult: success, version: HTTP/1.1)
HTTP/1.1 200 OK
Content-Length: 14
Content-Type: application/json; charset=utf-8
cache-control: no-cache

09:29:18.047 [AsyncHttpClient-1-2] DEBUG org.asynchttpclient.netty.channel.ChannelManager -- Adding key: http://localhost:35424 for channel [id: 0xbcb55864, L:/127.0.0.1:52561 - R:localhost/127.0.0.1:35424]
09:29:18.055 [Forwarding switchToFrame on session 4a8e613b9410dd5b9b588da0b87ae8b4 to remote] DEBUG org.asynchttpclient.netty.request.NettyRequestSender -- Using pooled Channel '[id: 0xbcb55864, L:/127.0.0.1:52561 - R:localhost/127.0.0.1:35424]' for 'POST' to 'http://localhost:35424/session/4a8e613b9410dd5b9b588da0b87ae8b4/frame'
09:29:18.055 [Forwarding switchToFrame on session 4a8e613b9410dd5b9b588da0b87ae8b4 to remote] DEBUG org.asynchttpclient.netty.request.NettyRequestSender -- Using open Channel [id: 0xbcb55864, L:/127.0.0.1:52561 - R:localhost/127.0.0.1:35424] for POST '/session/4a8e613b9410dd5b9b588da0b87ae8b4/frame'
09:29:18.111 [AsyncHttpClient-1-2] DEBUG org.asynchttpclient.netty.handler.HttpHandler -- 

Request DefaultHttpRequest(decodeResult: success, version: HTTP/1.1)
POST /session/4a8e613b9410dd5b9b588da0b87ae8b4/frame HTTP/1.1
User-Agent: selenium/4.9.0 (java windows)
Content-Length: 108
Content-Type: application/json; charset=utf-8
host: localhost:35424
accept: */*

Response DefaultHttpResponse(decodeResult: success, version: HTTP/1.1)
HTTP/1.1 200 OK
Content-Length: 14
Content-Type: application/json; charset=utf-8
cache-control: no-cache

09:29:18.111 [AsyncHttpClient-1-2] DEBUG org.asynchttpclient.netty.channel.ChannelManager -- Adding key: http://localhost:35424 for channel [id: 0xbcb55864, L:/127.0.0.1:52561 - R:localhost/127.0.0.1:35424]
09:29:18.127 [Forwarding executeScript on session 4a8e613b9410dd5b9b588da0b87ae8b4 to remote] DEBUG org.asynchttpclient.netty.request.NettyRequestSender -- Using pooled Channel '[id: 0xbcb55864, L:/127.0.0.1:52561 - R:localhost/127.0.0.1:35424]' for 'POST' to 'http://localhost:35424/session/4a8e613b9410dd5b9b588da0b87ae8b4/execute/sync'
09:29:18.127 [Forwarding executeScript on session 4a8e613b9410dd5b9b588da0b87ae8b4 to remote] DEBUG org.asynchttpclient.netty.request.NettyRequestSender -- Using open Channel [id: 0xbcb55864, L:/127.0.0.1:52561 - R:localhost/127.0.0.1:35424] for POST '/session/4a8e613b9410dd5b9b588da0b87ae8b4/execute/sync'
09:29:18.203 [AsyncHttpClient-1-2] DEBUG org.asynchttpclient.netty.handler.HttpHandler -- 

Request DefaultHttpRequest(decodeResult: success, version: HTTP/1.1)
POST /session/4a8e613b9410dd5b9b588da0b87ae8b4/execute/sync HTTP/1.1
User-Agent: selenium/4.9.0 (java windows)
Content-Length: 323605
Content-Type: application/json; charset=utf-8
host: localhost:35424
accept: */*

Response DefaultHttpResponse(decodeResult: success, version: HTTP/1.1)
HTTP/1.1 200 OK
Content-Length: 14
Content-Type: application/json; charset=utf-8
cache-control: no-cache

09:29:18.204 [AsyncHttpClient-1-2] DEBUG org.asynchttpclient.netty.channel.ChannelManager -- Adding key: http://localhost:35424 for channel [id: 0xbcb55864, L:/127.0.0.1:52561 - R:localhost/127.0.0.1:35424]
09:29:18.206 [Forwarding findElements on session 4a8e613b9410dd5b9b588da0b87ae8b4 to remote] DEBUG org.asynchttpclient.netty.request.NettyRequestSender -- Using pooled Channel '[id: 0xbcb55864, L:/127.0.0.1:52561 - R:localhost/127.0.0.1:35424]' for 'POST' to 'http://localhost:35424/session/4a8e613b9410dd5b9b588da0b87ae8b4/elements'
09:29:18.206 [Forwarding findElements on session 4a8e613b9410dd5b9b588da0b87ae8b4 to remote] DEBUG org.asynchttpclient.netty.request.NettyRequestSender -- Using open Channel [id: 0xbcb55864, L:/127.0.0.1:52561 - R:localhost/127.0.0.1:35424] for POST '/session/4a8e613b9410dd5b9b588da0b87ae8b4/elements'
09:29:18.235 [AsyncHttpClient-1-2] DEBUG org.asynchttpclient.netty.handler.HttpHandler -- 

Request DefaultHttpRequest(decodeResult: success, version: HTTP/1.1)
POST /session/4a8e613b9410dd5b9b588da0b87ae8b4/elements HTTP/1.1
User-Agent: selenium/4.9.0 (java windows)
Content-Length: 98
Content-Type: application/json; charset=utf-8
host: localhost:35424
accept: */*

Response DefaultHttpResponse(decodeResult: success, version: HTTP/1.1)
HTTP/1.1 200 OK
Content-Length: 269
Content-Type: application/json; charset=utf-8
cache-control: no-cache

09:29:18.235 [AsyncHttpClient-1-2] DEBUG org.asynchttpclient.netty.channel.ChannelManager -- Adding key: http://localhost:35424 for channel [id: 0xbcb55864, L:/127.0.0.1:52561 - R:localhost/127.0.0.1:35424]
09:29:18.238 [Forwarding switchToFrame on session 4a8e613b9410dd5b9b588da0b87ae8b4 to remote] DEBUG org.asynchttpclient.netty.request.NettyRequestSender -- Using pooled Channel '[id: 0xbcb55864, L:/127.0.0.1:52561 - R:localhost/127.0.0.1:35424]' for 'POST' to 'http://localhost:35424/session/4a8e613b9410dd5b9b588da0b87ae8b4/frame'
09:29:18.238 [Forwarding switchToFrame on session 4a8e613b9410dd5b9b588da0b87ae8b4 to remote] DEBUG org.asynchttpclient.netty.request.NettyRequestSender -- Using open Channel [id: 0xbcb55864, L:/127.0.0.1:52561 - R:localhost/127.0.0.1:35424] for POST '/session/4a8e613b9410dd5b9b588da0b87ae8b4/frame'
09:29:18.279 [AsyncHttpClient-1-2] DEBUG org.asynchttpclient.netty.handler.HttpHandler -- 

Request DefaultHttpRequest(decodeResult: success, version: HTTP/1.1)
POST /session/4a8e613b9410dd5b9b588da0b87ae8b4/frame HTTP/1.1
User-Agent: selenium/4.9.0 (java windows)
Content-Length: 106
Content-Type: application/json; charset=utf-8
host: localhost:35424
accept: */*

Response DefaultHttpResponse(decodeResult: success, version: HTTP/1.1)
HTTP/1.1 200 OK
Content-Length: 14
Content-Type: application/json; charset=utf-8
cache-control: no-cache

09:29:18.279 [AsyncHttpClient-1-2] DEBUG org.asynchttpclient.netty.channel.ChannelManager -- Adding key: http://localhost:35424 for channel [id: 0xbcb55864, L:/127.0.0.1:52561 - R:localhost/127.0.0.1:35424]
09:29:18.295 [Forwarding executeScript on session 4a8e613b9410dd5b9b588da0b87ae8b4 to remote] DEBUG org.asynchttpclient.netty.request.NettyRequestSender -- Using pooled Channel '[id: 0xbcb55864, L:/127.0.0.1:52561 - R:localhost/127.0.0.1:35424]' for 'POST' to 'http://localhost:35424/session/4a8e613b9410dd5b9b588da0b87ae8b4/execute/sync'
09:29:18.295 [Forwarding executeScript on session 4a8e613b9410dd5b9b588da0b87ae8b4 to remote] DEBUG org.asynchttpclient.netty.request.NettyRequestSender -- Using open Channel [id: 0xbcb55864, L:/127.0.0.1:52561 - R:localhost/127.0.0.1:35424] for POST '/session/4a8e613b9410dd5b9b588da0b87ae8b4/execute/sync'
09:29:18.372 [AsyncHttpClient-1-2] DEBUG org.asynchttpclient.netty.handler.HttpHandler -- 

Request DefaultHttpRequest(decodeResult: success, version: HTTP/1.1)
POST /session/4a8e613b9410dd5b9b588da0b87ae8b4/execute/sync HTTP/1.1
User-Agent: selenium/4.9.0 (java windows)
Content-Length: 323605
Content-Type: application/json; charset=utf-8
host: localhost:35424
accept: */*

Response DefaultHttpResponse(decodeResult: success, version: HTTP/1.1)
HTTP/1.1 200 OK
Content-Length: 14
Content-Type: application/json; charset=utf-8
cache-control: no-cache

09:29:18.372 [AsyncHttpClient-1-2] DEBUG org.asynchttpclient.netty.channel.ChannelManager -- Adding key: http://localhost:35424 for channel [id: 0xbcb55864, L:/127.0.0.1:52561 - R:localhost/127.0.0.1:35424]
09:29:18.376 [Forwarding findElements on session 4a8e613b9410dd5b9b588da0b87ae8b4 to remote] DEBUG org.asynchttpclient.netty.request.NettyRequestSender -- Using pooled Channel '[id: 0xbcb55864, L:/127.0.0.1:52561 - R:localhost/127.0.0.1:35424]' for 'POST' to 'http://localhost:35424/session/4a8e613b9410dd5b9b588da0b87ae8b4/elements'
09:29:18.376 [Forwarding findElements on session 4a8e613b9410dd5b9b588da0b87ae8b4 to remote] DEBUG org.asynchttpclient.netty.request.NettyRequestSender -- Using open Channel [id: 0xbcb55864, L:/127.0.0.1:52561 - R:localhost/127.0.0.1:35424] for POST '/session/4a8e613b9410dd5b9b588da0b87ae8b4/elements'
09:29:18.397 [AsyncHttpClient-1-2] DEBUG org.asynchttpclient.netty.handler.HttpHandler -- 

Request DefaultHttpRequest(decodeResult: success, version: HTTP/1.1)
POST /session/4a8e613b9410dd5b9b588da0b87ae8b4/elements HTTP/1.1
User-Agent: selenium/4.9.0 (java windows)
Content-Length: 98
Content-Type: application/json; charset=utf-8
host: localhost:35424
accept: */*

Response DefaultHttpResponse(decodeResult: success, version: HTTP/1.1)
HTTP/1.1 200 OK
Content-Length: 12
Content-Type: application/json; charset=utf-8
cache-control: no-cache

09:29:18.397 [AsyncHttpClient-1-2] DEBUG org.asynchttpclient.netty.channel.ChannelManager -- Adding key: http://localhost:35424 for channel [id: 0xbcb55864, L:/127.0.0.1:52561 - R:localhost/127.0.0.1:35424]
09:29:18.402 [Forwarding switchToParentFrame on session 4a8e613b9410dd5b9b588da0b87ae8b4 to remote] DEBUG org.asynchttpclient.netty.request.NettyRequestSender -- Using pooled Channel '[id: 0xbcb55864, L:/127.0.0.1:52561 - R:localhost/127.0.0.1:35424]' for 'POST' to 'http://localhost:35424/session/4a8e613b9410dd5b9b588da0b87ae8b4/frame/parent'
09:29:18.402 [Forwarding switchToParentFrame on session 4a8e613b9410dd5b9b588da0b87ae8b4 to remote] DEBUG org.asynchttpclient.netty.request.NettyRequestSender -- Using open Channel [id: 0xbcb55864, L:/127.0.0.1:52561 - R:localhost/127.0.0.1:35424] for POST '/session/4a8e613b9410dd5b9b588da0b87ae8b4/frame/parent'
09:29:18.409 [AsyncHttpClient-1-2] DEBUG org.asynchttpclient.netty.handler.HttpHandler -- 

Request DefaultHttpRequest(decodeResult: success, version: HTTP/1.1)
POST /session/4a8e613b9410dd5b9b588da0b87ae8b4/frame/parent HTTP/1.1
User-Agent: selenium/4.9.0 (java windows)
Content-Length: 3
Content-Type: application/json; charset=utf-8
host: localhost:35424
accept: */*

Response DefaultHttpResponse(decodeResult: success, version: HTTP/1.1)
HTTP/1.1 200 OK
Content-Length: 14
Content-Type: application/json; charset=utf-8
cache-control: no-cache

09:29:18.409 [AsyncHttpClient-1-2] DEBUG org.asynchttpclient.netty.channel.ChannelManager -- Adding key: http://localhost:35424 for channel [id: 0xbcb55864, L:/127.0.0.1:52561 - R:localhost/127.0.0.1:35424]
09:29:18.412 [Forwarding switchToFrame on session 4a8e613b9410dd5b9b588da0b87ae8b4 to remote] DEBUG org.asynchttpclient.netty.request.NettyRequestSender -- Using pooled Channel '[id: 0xbcb55864, L:/127.0.0.1:52561 - R:localhost/127.0.0.1:35424]' for 'POST' to 'http://localhost:35424/session/4a8e613b9410dd5b9b588da0b87ae8b4/frame'
09:29:18.412 [Forwarding switchToFrame on session 4a8e613b9410dd5b9b588da0b87ae8b4 to remote] DEBUG org.asynchttpclient.netty.request.NettyRequestSender -- Using open Channel [id: 0xbcb55864, L:/127.0.0.1:52561 - R:localhost/127.0.0.1:35424] for POST '/session/4a8e613b9410dd5b9b588da0b87ae8b4/frame'
09:29:18.454 [AsyncHttpClient-1-2] DEBUG org.asynchttpclient.netty.handler.HttpHandler -- 

Request DefaultHttpRequest(decodeResult: success, version: HTTP/1.1)
POST /session/4a8e613b9410dd5b9b588da0b87ae8b4/frame HTTP/1.1
User-Agent: selenium/4.9.0 (java windows)
Content-Length: 106
Content-Type: application/json; charset=utf-8
host: localhost:35424
accept: */*

Response DefaultHttpResponse(decodeResult: success, version: HTTP/1.1)
HTTP/1.1 200 OK
Content-Length: 14
Content-Type: application/json; charset=utf-8
cache-control: no-cache

09:29:18.454 [AsyncHttpClient-1-2] DEBUG org.asynchttpclient.netty.channel.ChannelManager -- Adding key: http://localhost:35424 for channel [id: 0xbcb55864, L:/127.0.0.1:52561 - R:localhost/127.0.0.1:35424]
09:29:18.471 [Forwarding executeScript on session 4a8e613b9410dd5b9b588da0b87ae8b4 to remote] DEBUG org.asynchttpclient.netty.request.NettyRequestSender -- Using pooled Channel '[id: 0xbcb55864, L:/127.0.0.1:52561 - R:localhost/127.0.0.1:35424]' for 'POST' to 'http://localhost:35424/session/4a8e613b9410dd5b9b588da0b87ae8b4/execute/sync'
09:29:18.471 [Forwarding executeScript on session 4a8e613b9410dd5b9b588da0b87ae8b4 to remote] DEBUG org.asynchttpclient.netty.request.NettyRequestSender -- Using open Channel [id: 0xbcb55864, L:/127.0.0.1:52561 - R:localhost/127.0.0.1:35424] for POST '/session/4a8e613b9410dd5b9b588da0b87ae8b4/execute/sync'
09:29:18.589 [AsyncHttpClient-1-1] DEBUG org.asynchttpclient.netty.channel.DefaultChannelPool -- Entry count for : http://localhost:52562 : 1
09:29:18.616 [AsyncHttpClient-1-2] DEBUG org.asynchttpclient.netty.handler.HttpHandler -- 

Request DefaultHttpRequest(decodeResult: success, version: HTTP/1.1)
POST /session/4a8e613b9410dd5b9b588da0b87ae8b4/execute/sync HTTP/1.1
User-Agent: selenium/4.9.0 (java windows)
Content-Length: 323605
Content-Type: application/json; charset=utf-8
host: localhost:35424
accept: */*

Response DefaultHttpResponse(decodeResult: success, version: HTTP/1.1)
HTTP/1.1 200 OK
Content-Length: 14
Content-Type: application/json; charset=utf-8
cache-control: no-cache

09:29:18.618 [AsyncHttpClient-1-2] DEBUG org.asynchttpclient.netty.channel.ChannelManager -- Adding key: http://localhost:35424 for channel [id: 0xbcb55864, L:/127.0.0.1:52561 - R:localhost/127.0.0.1:35424]
09:29:18.619 [Forwarding findElements on session 4a8e613b9410dd5b9b588da0b87ae8b4 to remote] DEBUG org.asynchttpclient.netty.request.NettyRequestSender -- Using pooled Channel '[id: 0xbcb55864, L:/127.0.0.1:52561 - R:localhost/127.0.0.1:35424]' for 'POST' to 'http://localhost:35424/session/4a8e613b9410dd5b9b588da0b87ae8b4/elements'
09:29:18.619 [Forwarding findElements on session 4a8e613b9410dd5b9b588da0b87ae8b4 to remote] DEBUG org.asynchttpclient.netty.request.NettyRequestSender -- Using open Channel [id: 0xbcb55864, L:/127.0.0.1:52561 - R:localhost/127.0.0.1:35424] for POST '/session/4a8e613b9410dd5b9b588da0b87ae8b4/elements'
09:29:18.653 [AsyncHttpClient-1-2] DEBUG org.asynchttpclient.netty.handler.HttpHandler -- 

Request DefaultHttpRequest(decodeResult: success, version: HTTP/1.1)
POST /session/4a8e613b9410dd5b9b588da0b87ae8b4/elements HTTP/1.1
User-Agent: selenium/4.9.0 (java windows)
Content-Length: 98
Content-Type: application/json; charset=utf-8
host: localhost:35424
accept: */*

Response DefaultHttpResponse(decodeResult: success, version: HTTP/1.1)
HTTP/1.1 200 OK
Content-Length: 12
Content-Type: application/json; charset=utf-8
cache-control: no-cache

09:29:18.653 [AsyncHttpClient-1-2] DEBUG org.asynchttpclient.netty.channel.ChannelManager -- Adding key: http://localhost:35424 for channel [id: 0xbcb55864, L:/127.0.0.1:52561 - R:localhost/127.0.0.1:35424]
09:29:18.654 [Forwarding switchToParentFrame on session 4a8e613b9410dd5b9b588da0b87ae8b4 to remote] DEBUG org.asynchttpclient.netty.request.NettyRequestSender -- Using pooled Channel '[id: 0xbcb55864, L:/127.0.0.1:52561 - R:localhost/127.0.0.1:35424]' for 'POST' to 'http://localhost:35424/session/4a8e613b9410dd5b9b588da0b87ae8b4/frame/parent'
09:29:18.654 [Forwarding switchToParentFrame on session 4a8e613b9410dd5b9b588da0b87ae8b4 to remote] DEBUG org.asynchttpclient.netty.request.NettyRequestSender -- Using open Channel [id: 0xbcb55864, L:/127.0.0.1:52561 - R:localhost/127.0.0.1:35424] for POST '/session/4a8e613b9410dd5b9b588da0b87ae8b4/frame/parent'
09:29:18.659 [AsyncHttpClient-1-2] DEBUG org.asynchttpclient.netty.handler.HttpHandler -- 

Request DefaultHttpRequest(decodeResult: success, version: HTTP/1.1)
POST /session/4a8e613b9410dd5b9b588da0b87ae8b4/frame/parent HTTP/1.1
User-Agent: selenium/4.9.0 (java windows)
Content-Length: 3
Content-Type: application/json; charset=utf-8
host: localhost:35424
accept: */*

Response DefaultHttpResponse(decodeResult: success, version: HTTP/1.1)
HTTP/1.1 200 OK
Content-Length: 14
Content-Type: application/json; charset=utf-8
cache-control: no-cache

09:29:18.659 [AsyncHttpClient-1-2] DEBUG org.asynchttpclient.netty.channel.ChannelManager -- Adding key: http://localhost:35424 for channel [id: 0xbcb55864, L:/127.0.0.1:52561 - R:localhost/127.0.0.1:35424]
09:29:18.663 [Forwarding switchToFrame on session 4a8e613b9410dd5b9b588da0b87ae8b4 to remote] DEBUG org.asynchttpclient.netty.request.NettyRequestSender -- Using pooled Channel '[id: 0xbcb55864, L:/127.0.0.1:52561 - R:localhost/127.0.0.1:35424]' for 'POST' to 'http://localhost:35424/session/4a8e613b9410dd5b9b588da0b87ae8b4/frame'
09:29:18.663 [Forwarding switchToFrame on session 4a8e613b9410dd5b9b588da0b87ae8b4 to remote] DEBUG org.asynchttpclient.netty.request.NettyRequestSender -- Using open Channel [id: 0xbcb55864, L:/127.0.0.1:52561 - R:localhost/127.0.0.1:35424] for POST '/session/4a8e613b9410dd5b9b588da0b87ae8b4/frame'
09:29:18.708 [AsyncHttpClient-1-2] DEBUG org.asynchttpclient.netty.handler.HttpHandler -- 

Request DefaultHttpRequest(decodeResult: success, version: HTTP/1.1)
POST /session/4a8e613b9410dd5b9b588da0b87ae8b4/frame HTTP/1.1
User-Agent: selenium/4.9.0 (java windows)
Content-Length: 106
Content-Type: application/json; charset=utf-8
host: localhost:35424
accept: */*

Response DefaultHttpResponse(decodeResult: success, version: HTTP/1.1)
HTTP/1.1 200 OK
Content-Length: 14
Content-Type: application/json; charset=utf-8
cache-control: no-cache

09:29:18.709 [AsyncHttpClient-1-2] DEBUG org.asynchttpclient.netty.channel.ChannelManager -- Adding key: http://localhost:35424 for channel [id: 0xbcb55864, L:/127.0.0.1:52561 - R:localhost/127.0.0.1:35424]
09:29:18.726 [Forwarding executeScript on session 4a8e613b9410dd5b9b588da0b87ae8b4 to remote] DEBUG org.asynchttpclient.netty.request.NettyRequestSender -- Using pooled Channel '[id: 0xbcb55864, L:/127.0.0.1:52561 - R:localhost/127.0.0.1:35424]' for 'POST' to 'http://localhost:35424/session/4a8e613b9410dd5b9b588da0b87ae8b4/execute/sync'
09:29:18.726 [Forwarding executeScript on session 4a8e613b9410dd5b9b588da0b87ae8b4 to remote] DEBUG org.asynchttpclient.netty.request.NettyRequestSender -- Using open Channel [id: 0xbcb55864, L:/127.0.0.1:52561 - R:localhost/127.0.0.1:35424] for POST '/session/4a8e613b9410dd5b9b588da0b87ae8b4/execute/sync'
09:29:18.810 [AsyncHttpClient-1-2] DEBUG org.asynchttpclient.netty.handler.HttpHandler -- 

Request DefaultHttpRequest(decodeResult: success, version: HTTP/1.1)
POST /session/4a8e613b9410dd5b9b588da0b87ae8b4/execute/sync HTTP/1.1
User-Agent: selenium/4.9.0 (java windows)
Content-Length: 323605
Content-Type: application/json; charset=utf-8
host: localhost:35424
accept: */*

Response DefaultHttpResponse(decodeResult: success, version: HTTP/1.1)
HTTP/1.1 200 OK
Content-Length: 14
Content-Type: application/json; charset=utf-8
cache-control: no-cache

09:29:18.811 [AsyncHttpClient-1-2] DEBUG org.asynchttpclient.netty.channel.ChannelManager -- Adding key: http://localhost:35424 for channel [id: 0xbcb55864, L:/127.0.0.1:52561 - R:localhost/127.0.0.1:35424]
09:29:18.815 [Forwarding findElements on session 4a8e613b9410dd5b9b588da0b87ae8b4 to remote] DEBUG org.asynchttpclient.netty.request.NettyRequestSender -- Using pooled Channel '[id: 0xbcb55864, L:/127.0.0.1:52561 - R:localhost/127.0.0.1:35424]' for 'POST' to 'http://localhost:35424/session/4a8e613b9410dd5b9b588da0b87ae8b4/elements'
09:29:18.816 [Forwarding findElements on session 4a8e613b9410dd5b9b588da0b87ae8b4 to remote] DEBUG org.asynchttpclient.netty.request.NettyRequestSender -- Using open Channel [id: 0xbcb55864, L:/127.0.0.1:52561 - R:localhost/127.0.0.1:35424] for POST '/session/4a8e613b9410dd5b9b588da0b87ae8b4/elements'
09:29:18.838 [AsyncHttpClient-1-2] DEBUG org.asynchttpclient.netty.handler.HttpHandler -- 

Request DefaultHttpRequest(decodeResult: success, version: HTTP/1.1)
POST /session/4a8e613b9410dd5b9b588da0b87ae8b4/elements HTTP/1.1
User-Agent: selenium/4.9.0 (java windows)
Content-Length: 98
Content-Type: application/json; charset=utf-8
host: localhost:35424
accept: */*

Response DefaultHttpResponse(decodeResult: success, version: HTTP/1.1)
HTTP/1.1 200 OK
Content-Length: 12
Content-Type: application/json; charset=utf-8
cache-control: no-cache

09:29:18.838 [AsyncHttpClient-1-2] DEBUG org.asynchttpclient.netty.channel.ChannelManager -- Adding key: http://localhost:35424 for channel [id: 0xbcb55864, L:/127.0.0.1:52561 - R:localhost/127.0.0.1:35424]
09:29:18.840 [Forwarding switchToParentFrame on session 4a8e613b9410dd5b9b588da0b87ae8b4 to remote] DEBUG org.asynchttpclient.netty.request.NettyRequestSender -- Using pooled Channel '[id: 0xbcb55864, L:/127.0.0.1:52561 - R:localhost/127.0.0.1:35424]' for 'POST' to 'http://localhost:35424/session/4a8e613b9410dd5b9b588da0b87ae8b4/frame/parent'
09:29:18.840 [Forwarding switchToParentFrame on session 4a8e613b9410dd5b9b588da0b87ae8b4 to remote] DEBUG org.asynchttpclient.netty.request.NettyRequestSender -- Using open Channel [id: 0xbcb55864, L:/127.0.0.1:52561 - R:localhost/127.0.0.1:35424] for POST '/session/4a8e613b9410dd5b9b588da0b87ae8b4/frame/parent'
09:29:18.845 [AsyncHttpClient-1-2] DEBUG org.asynchttpclient.netty.handler.HttpHandler -- 

Request DefaultHttpRequest(decodeResult: success, version: HTTP/1.1)
POST /session/4a8e613b9410dd5b9b588da0b87ae8b4/frame/parent HTTP/1.1
User-Agent: selenium/4.9.0 (java windows)
Content-Length: 3
Content-Type: application/json; charset=utf-8
host: localhost:35424
accept: */*

Response DefaultHttpResponse(decodeResult: success, version: HTTP/1.1)
HTTP/1.1 200 OK
Content-Length: 14
Content-Type: application/json; charset=utf-8
cache-control: no-cache

09:29:18.846 [AsyncHttpClient-1-2] DEBUG org.asynchttpclient.netty.channel.ChannelManager -- Adding key: http://localhost:35424 for channel [id: 0xbcb55864, L:/127.0.0.1:52561 - R:localhost/127.0.0.1:35424]
09:29:18.854 [Forwarding switchToParentFrame on session 4a8e613b9410dd5b9b588da0b87ae8b4 to remote] DEBUG org.asynchttpclient.netty.request.NettyRequestSender -- Using pooled Channel '[id: 0xbcb55864, L:/127.0.0.1:52561 - R:localhost/127.0.0.1:35424]' for 'POST' to 'http://localhost:35424/session/4a8e613b9410dd5b9b588da0b87ae8b4/frame/parent'
09:29:18.854 [Forwarding switchToParentFrame on session 4a8e613b9410dd5b9b588da0b87ae8b4 to remote] DEBUG org.asynchttpclient.netty.request.NettyRequestSender -- Using open Channel [id: 0xbcb55864, L:/127.0.0.1:52561 - R:localhost/127.0.0.1:35424] for POST '/session/4a8e613b9410dd5b9b588da0b87ae8b4/frame/parent'
09:29:18.860 [AsyncHttpClient-1-2] DEBUG org.asynchttpclient.netty.handler.HttpHandler -- 

Request DefaultHttpRequest(decodeResult: success, version: HTTP/1.1)
POST /session/4a8e613b9410dd5b9b588da0b87ae8b4/frame/parent HTTP/1.1
User-Agent: selenium/4.9.0 (java windows)
Content-Length: 3
Content-Type: application/json; charset=utf-8
host: localhost:35424
accept: */*

Response DefaultHttpResponse(decodeResult: success, version: HTTP/1.1)
HTTP/1.1 200 OK
Content-Length: 14
Content-Type: application/json; charset=utf-8
cache-control: no-cache

09:29:18.860 [AsyncHttpClient-1-2] DEBUG org.asynchttpclient.netty.channel.ChannelManager -- Adding key: http://localhost:35424 for channel [id: 0xbcb55864, L:/127.0.0.1:52561 - R:localhost/127.0.0.1:35424]
09:29:18.863 [Forwarding switchToFrame on session 4a8e613b9410dd5b9b588da0b87ae8b4 to remote] DEBUG org.asynchttpclient.netty.request.NettyRequestSender -- Using pooled Channel '[id: 0xbcb55864, L:/127.0.0.1:52561 - R:localhost/127.0.0.1:35424]' for 'POST' to 'http://localhost:35424/session/4a8e613b9410dd5b9b588da0b87ae8b4/frame'
09:29:18.863 [Forwarding switchToFrame on session 4a8e613b9410dd5b9b588da0b87ae8b4 to remote] DEBUG org.asynchttpclient.netty.request.NettyRequestSender -- Using open Channel [id: 0xbcb55864, L:/127.0.0.1:52561 - R:localhost/127.0.0.1:35424] for POST '/session/4a8e613b9410dd5b9b588da0b87ae8b4/frame'
09:29:18.891 [AsyncHttpClient-1-2] DEBUG org.asynchttpclient.netty.handler.HttpHandler -- 

Request DefaultHttpRequest(decodeResult: success, version: HTTP/1.1)
POST /session/4a8e613b9410dd5b9b588da0b87ae8b4/frame HTTP/1.1
User-Agent: selenium/4.9.0 (java windows)
Content-Length: 107
Content-Type: application/json; charset=utf-8
host: localhost:35424
accept: */*

Response DefaultHttpResponse(decodeResult: success, version: HTTP/1.1)
HTTP/1.1 200 OK
Content-Length: 14
Content-Type: application/json; charset=utf-8
cache-control: no-cache

09:29:18.891 [AsyncHttpClient-1-2] DEBUG org.asynchttpclient.netty.channel.ChannelManager -- Adding key: http://localhost:35424 for channel [id: 0xbcb55864, L:/127.0.0.1:52561 - R:localhost/127.0.0.1:35424]
09:29:18.928 [Forwarding executeScript on session 4a8e613b9410dd5b9b588da0b87ae8b4 to remote] DEBUG org.asynchttpclient.netty.request.NettyRequestSender -- Using pooled Channel '[id: 0xbcb55864, L:/127.0.0.1:52561 - R:localhost/127.0.0.1:35424]' for 'POST' to 'http://localhost:35424/session/4a8e613b9410dd5b9b588da0b87ae8b4/execute/sync'
09:29:18.928 [Forwarding executeScript on session 4a8e613b9410dd5b9b588da0b87ae8b4 to remote] DEBUG org.asynchttpclient.netty.request.NettyRequestSender -- Using open Channel [id: 0xbcb55864, L:/127.0.0.1:52561 - R:localhost/127.0.0.1:35424] for POST '/session/4a8e613b9410dd5b9b588da0b87ae8b4/execute/sync'
09:29:19.029 [AsyncHttpClient-1-2] DEBUG org.asynchttpclient.netty.handler.HttpHandler -- 

Request DefaultHttpRequest(decodeResult: success, version: HTTP/1.1)
POST /session/4a8e613b9410dd5b9b588da0b87ae8b4/execute/sync HTTP/1.1
User-Agent: selenium/4.9.0 (java windows)
Content-Length: 323605
Content-Type: application/json; charset=utf-8
host: localhost:35424
accept: */*

Response DefaultHttpResponse(decodeResult: success, version: HTTP/1.1)
HTTP/1.1 200 OK
Content-Length: 14
Content-Type: application/json; charset=utf-8
cache-control: no-cache

09:29:19.029 [AsyncHttpClient-1-2] DEBUG org.asynchttpclient.netty.channel.ChannelManager -- Adding key: http://localhost:35424 for channel [id: 0xbcb55864, L:/127.0.0.1:52561 - R:localhost/127.0.0.1:35424]
09:29:19.032 [Forwarding findElements on session 4a8e613b9410dd5b9b588da0b87ae8b4 to remote] DEBUG org.asynchttpclient.netty.request.NettyRequestSender -- Using pooled Channel '[id: 0xbcb55864, L:/127.0.0.1:52561 - R:localhost/127.0.0.1:35424]' for 'POST' to 'http://localhost:35424/session/4a8e613b9410dd5b9b588da0b87ae8b4/elements'
09:29:19.032 [Forwarding findElements on session 4a8e613b9410dd5b9b588da0b87ae8b4 to remote] DEBUG org.asynchttpclient.netty.request.NettyRequestSender -- Using open Channel [id: 0xbcb55864, L:/127.0.0.1:52561 - R:localhost/127.0.0.1:35424] for POST '/session/4a8e613b9410dd5b9b588da0b87ae8b4/elements'
09:29:19.053 [AsyncHttpClient-1-2] DEBUG org.asynchttpclient.netty.handler.HttpHandler -- 

Request DefaultHttpRequest(decodeResult: success, version: HTTP/1.1)
POST /session/4a8e613b9410dd5b9b588da0b87ae8b4/elements HTTP/1.1
User-Agent: selenium/4.9.0 (java windows)
Content-Length: 98
Content-Type: application/json; charset=utf-8
host: localhost:35424
accept: */*

Response DefaultHttpResponse(decodeResult: success, version: HTTP/1.1)
HTTP/1.1 200 OK
Content-Length: 96
Content-Type: application/json; charset=utf-8
cache-control: no-cache

09:29:19.053 [AsyncHttpClient-1-2] DEBUG org.asynchttpclient.netty.channel.ChannelManager -- Adding key: http://localhost:35424 for channel [id: 0xbcb55864, L:/127.0.0.1:52561 - R:localhost/127.0.0.1:35424]
09:29:19.053 [Forwarding switchToFrame on session 4a8e613b9410dd5b9b588da0b87ae8b4 to remote] DEBUG org.asynchttpclient.netty.request.NettyRequestSender -- Using pooled Channel '[id: 0xbcb55864, L:/127.0.0.1:52561 - R:localhost/127.0.0.1:35424]' for 'POST' to 'http://localhost:35424/session/4a8e613b9410dd5b9b588da0b87ae8b4/frame'
09:29:19.053 [Forwarding switchToFrame on session 4a8e613b9410dd5b9b588da0b87ae8b4 to remote] DEBUG org.asynchttpclient.netty.request.NettyRequestSender -- Using open Channel [id: 0xbcb55864, L:/127.0.0.1:52561 - R:localhost/127.0.0.1:35424] for POST '/session/4a8e613b9410dd5b9b588da0b87ae8b4/frame'
09:29:19.086 [AsyncHttpClient-1-2] DEBUG org.asynchttpclient.netty.handler.HttpHandler -- 

Request DefaultHttpRequest(decodeResult: success, version: HTTP/1.1)
POST /session/4a8e613b9410dd5b9b588da0b87ae8b4/frame HTTP/1.1
User-Agent: selenium/4.9.0 (java windows)
Content-Length: 105
Content-Type: application/json; charset=utf-8
host: localhost:35424
accept: */*

Response DefaultHttpResponse(decodeResult: success, version: HTTP/1.1)
HTTP/1.1 200 OK
Content-Length: 14
Content-Type: application/json; charset=utf-8
cache-control: no-cache

09:29:19.086 [AsyncHttpClient-1-2] DEBUG org.asynchttpclient.netty.channel.ChannelManager -- Adding key: http://localhost:35424 for channel [id: 0xbcb55864, L:/127.0.0.1:52561 - R:localhost/127.0.0.1:35424]
09:29:19.105 [Forwarding executeScript on session 4a8e613b9410dd5b9b588da0b87ae8b4 to remote] DEBUG org.asynchttpclient.netty.request.NettyRequestSender -- Using pooled Channel '[id: 0xbcb55864, L:/127.0.0.1:52561 - R:localhost/127.0.0.1:35424]' for 'POST' to 'http://localhost:35424/session/4a8e613b9410dd5b9b588da0b87ae8b4/execute/sync'
09:29:19.105 [Forwarding executeScript on session 4a8e613b9410dd5b9b588da0b87ae8b4 to remote] DEBUG org.asynchttpclient.netty.request.NettyRequestSender -- Using open Channel [id: 0xbcb55864, L:/127.0.0.1:52561 - R:localhost/127.0.0.1:35424] for POST '/session/4a8e613b9410dd5b9b588da0b87ae8b4/execute/sync'
09:29:19.237 [AsyncHttpClient-1-2] DEBUG org.asynchttpclient.netty.handler.HttpHandler -- 

Request DefaultHttpRequest(decodeResult: success, version: HTTP/1.1)
POST /session/4a8e613b9410dd5b9b588da0b87ae8b4/execute/sync HTTP/1.1
User-Agent: selenium/4.9.0 (java windows)
Content-Length: 323605
Content-Type: application/json; charset=utf-8
host: localhost:35424
accept: */*

Response DefaultHttpResponse(decodeResult: success, version: HTTP/1.1)
HTTP/1.1 200 OK
Content-Length: 14
Content-Type: application/json; charset=utf-8
cache-control: no-cache

09:29:19.237 [AsyncHttpClient-1-2] DEBUG org.asynchttpclient.netty.channel.ChannelManager -- Adding key: http://localhost:35424 for channel [id: 0xbcb55864, L:/127.0.0.1:52561 - R:localhost/127.0.0.1:35424]
09:29:19.238 [Forwarding findElements on session 4a8e613b9410dd5b9b588da0b87ae8b4 to remote] DEBUG org.asynchttpclient.netty.request.NettyRequestSender -- Using pooled Channel '[id: 0xbcb55864, L:/127.0.0.1:52561 - R:localhost/127.0.0.1:35424]' for 'POST' to 'http://localhost:35424/session/4a8e613b9410dd5b9b588da0b87ae8b4/elements'
09:29:19.238 [Forwarding findElements on session 4a8e613b9410dd5b9b588da0b87ae8b4 to remote] DEBUG org.asynchttpclient.netty.request.NettyRequestSender -- Using open Channel [id: 0xbcb55864, L:/127.0.0.1:52561 - R:localhost/127.0.0.1:35424] for POST '/session/4a8e613b9410dd5b9b588da0b87ae8b4/elements'
09:29:19.260 [AsyncHttpClient-1-2] DEBUG org.asynchttpclient.netty.handler.HttpHandler -- 

Request DefaultHttpRequest(decodeResult: success, version: HTTP/1.1)
POST /session/4a8e613b9410dd5b9b588da0b87ae8b4/elements HTTP/1.1
User-Agent: selenium/4.9.0 (java windows)
Content-Length: 98
Content-Type: application/json; charset=utf-8
host: localhost:35424
accept: */*

Response DefaultHttpResponse(decodeResult: success, version: HTTP/1.1)
HTTP/1.1 200 OK
Content-Length: 12
Content-Type: application/json; charset=utf-8
cache-control: no-cache

09:29:19.260 [AsyncHttpClient-1-2] DEBUG org.asynchttpclient.netty.channel.ChannelManager -- Adding key: http://localhost:35424 for channel [id: 0xbcb55864, L:/127.0.0.1:52561 - R:localhost/127.0.0.1:35424]
09:29:19.266 [Forwarding switchToParentFrame on session 4a8e613b9410dd5b9b588da0b87ae8b4 to remote] DEBUG org.asynchttpclient.netty.request.NettyRequestSender -- Using pooled Channel '[id: 0xbcb55864, L:/127.0.0.1:52561 - R:localhost/127.0.0.1:35424]' for 'POST' to 'http://localhost:35424/session/4a8e613b9410dd5b9b588da0b87ae8b4/frame/parent'
09:29:19.267 [Forwarding switchToParentFrame on session 4a8e613b9410dd5b9b588da0b87ae8b4 to remote] DEBUG org.asynchttpclient.netty.request.NettyRequestSender -- Using open Channel [id: 0xbcb55864, L:/127.0.0.1:52561 - R:localhost/127.0.0.1:35424] for POST '/session/4a8e613b9410dd5b9b588da0b87ae8b4/frame/parent'
09:29:19.273 [AsyncHttpClient-1-2] DEBUG org.asynchttpclient.netty.handler.HttpHandler -- 

Request DefaultHttpRequest(decodeResult: success, version: HTTP/1.1)
POST /session/4a8e613b9410dd5b9b588da0b87ae8b4/frame/parent HTTP/1.1
User-Agent: selenium/4.9.0 (java windows)
Content-Length: 3
Content-Type: application/json; charset=utf-8
host: localhost:35424
accept: */*

Response DefaultHttpResponse(decodeResult: success, version: HTTP/1.1)
HTTP/1.1 200 OK
Content-Length: 14
Content-Type: application/json; charset=utf-8
cache-control: no-cache

09:29:19.273 [AsyncHttpClient-1-2] DEBUG org.asynchttpclient.netty.channel.ChannelManager -- Adding key: http://localhost:35424 for channel [id: 0xbcb55864, L:/127.0.0.1:52561 - R:localhost/127.0.0.1:35424]
09:29:19.276 [Forwarding switchToParentFrame on session 4a8e613b9410dd5b9b588da0b87ae8b4 to remote] DEBUG org.asynchttpclient.netty.request.NettyRequestSender -- Using pooled Channel '[id: 0xbcb55864, L:/127.0.0.1:52561 - R:localhost/127.0.0.1:35424]' for 'POST' to 'http://localhost:35424/session/4a8e613b9410dd5b9b588da0b87ae8b4/frame/parent'
09:29:19.276 [Forwarding switchToParentFrame on session 4a8e613b9410dd5b9b588da0b87ae8b4 to remote] DEBUG org.asynchttpclient.netty.request.NettyRequestSender -- Using open Channel [id: 0xbcb55864, L:/127.0.0.1:52561 - R:localhost/127.0.0.1:35424] for POST '/session/4a8e613b9410dd5b9b588da0b87ae8b4/frame/parent'
09:29:19.280 [AsyncHttpClient-1-2] DEBUG org.asynchttpclient.netty.handler.HttpHandler -- 

Request DefaultHttpRequest(decodeResult: success, version: HTTP/1.1)
POST /session/4a8e613b9410dd5b9b588da0b87ae8b4/frame/parent HTTP/1.1
User-Agent: selenium/4.9.0 (java windows)
Content-Length: 3
Content-Type: application/json; charset=utf-8
host: localhost:35424
accept: */*

Response DefaultHttpResponse(decodeResult: success, version: HTTP/1.1)
HTTP/1.1 200 OK
Content-Length: 14
Content-Type: application/json; charset=utf-8
cache-control: no-cache

09:29:19.280 [AsyncHttpClient-1-2] DEBUG org.asynchttpclient.netty.channel.ChannelManager -- Adding key: http://localhost:35424 for channel [id: 0xbcb55864, L:/127.0.0.1:52561 - R:localhost/127.0.0.1:35424]
09:29:19.285 [Forwarding switchToFrame on session 4a8e613b9410dd5b9b588da0b87ae8b4 to remote] DEBUG org.asynchttpclient.netty.request.NettyRequestSender -- Using pooled Channel '[id: 0xbcb55864, L:/127.0.0.1:52561 - R:localhost/127.0.0.1:35424]' for 'POST' to 'http://localhost:35424/session/4a8e613b9410dd5b9b588da0b87ae8b4/frame'
09:29:19.286 [Forwarding switchToFrame on session 4a8e613b9410dd5b9b588da0b87ae8b4 to remote] DEBUG org.asynchttpclient.netty.request.NettyRequestSender -- Using open Channel [id: 0xbcb55864, L:/127.0.0.1:52561 - R:localhost/127.0.0.1:35424] for POST '/session/4a8e613b9410dd5b9b588da0b87ae8b4/frame'
09:29:19.337 [AsyncHttpClient-1-2] DEBUG org.asynchttpclient.netty.handler.HttpHandler -- 

Request DefaultHttpRequest(decodeResult: success, version: HTTP/1.1)
POST /session/4a8e613b9410dd5b9b588da0b87ae8b4/frame HTTP/1.1
User-Agent: selenium/4.9.0 (java windows)
Content-Length: 108
Content-Type: application/json; charset=utf-8
host: localhost:35424
accept: */*

Response DefaultHttpResponse(decodeResult: success, version: HTTP/1.1)
HTTP/1.1 200 OK
Content-Length: 14
Content-Type: application/json; charset=utf-8
cache-control: no-cache

09:29:19.337 [AsyncHttpClient-1-2] DEBUG org.asynchttpclient.netty.channel.ChannelManager -- Adding key: http://localhost:35424 for channel [id: 0xbcb55864, L:/127.0.0.1:52561 - R:localhost/127.0.0.1:35424]
09:29:19.356 [Forwarding executeScript on session 4a8e613b9410dd5b9b588da0b87ae8b4 to remote] DEBUG org.asynchttpclient.netty.request.NettyRequestSender -- Using pooled Channel '[id: 0xbcb55864, L:/127.0.0.1:52561 - R:localhost/127.0.0.1:35424]' for 'POST' to 'http://localhost:35424/session/4a8e613b9410dd5b9b588da0b87ae8b4/execute/sync'
09:29:19.356 [Forwarding executeScript on session 4a8e613b9410dd5b9b588da0b87ae8b4 to remote] DEBUG org.asynchttpclient.netty.request.NettyRequestSender -- Using open Channel [id: 0xbcb55864, L:/127.0.0.1:52561 - R:localhost/127.0.0.1:35424] for POST '/session/4a8e613b9410dd5b9b588da0b87ae8b4/execute/sync'
09:29:19.468 [AsyncHttpClient-1-2] DEBUG org.asynchttpclient.netty.handler.HttpHandler -- 

Request DefaultHttpRequest(decodeResult: success, version: HTTP/1.1)
POST /session/4a8e613b9410dd5b9b588da0b87ae8b4/execute/sync HTTP/1.1
User-Agent: selenium/4.9.0 (java windows)
Content-Length: 323605
Content-Type: application/json; charset=utf-8
host: localhost:35424
accept: */*

Response DefaultHttpResponse(decodeResult: success, version: HTTP/1.1)
HTTP/1.1 200 OK
Content-Length: 14
Content-Type: application/json; charset=utf-8
cache-control: no-cache

09:29:19.469 [AsyncHttpClient-1-2] DEBUG org.asynchttpclient.netty.channel.ChannelManager -- Adding key: http://localhost:35424 for channel [id: 0xbcb55864, L:/127.0.0.1:52561 - R:localhost/127.0.0.1:35424]
09:29:19.471 [Forwarding findElements on session 4a8e613b9410dd5b9b588da0b87ae8b4 to remote] DEBUG org.asynchttpclient.netty.request.NettyRequestSender -- Using pooled Channel '[id: 0xbcb55864, L:/127.0.0.1:52561 - R:localhost/127.0.0.1:35424]' for 'POST' to 'http://localhost:35424/session/4a8e613b9410dd5b9b588da0b87ae8b4/elements'
09:29:19.471 [Forwarding findElements on session 4a8e613b9410dd5b9b588da0b87ae8b4 to remote] DEBUG org.asynchttpclient.netty.request.NettyRequestSender -- Using open Channel [id: 0xbcb55864, L:/127.0.0.1:52561 - R:localhost/127.0.0.1:35424] for POST '/session/4a8e613b9410dd5b9b588da0b87ae8b4/elements'
09:29:19.490 [AsyncHttpClient-1-2] DEBUG org.asynchttpclient.netty.handler.HttpHandler -- 

Request DefaultHttpRequest(decodeResult: success, version: HTTP/1.1)
POST /session/4a8e613b9410dd5b9b588da0b87ae8b4/elements HTTP/1.1
User-Agent: selenium/4.9.0 (java windows)
Content-Length: 98
Content-Type: application/json; charset=utf-8
host: localhost:35424
accept: */*

Response DefaultHttpResponse(decodeResult: success, version: HTTP/1.1)
HTTP/1.1 200 OK
Content-Length: 12
Content-Type: application/json; charset=utf-8
cache-control: no-cache

09:29:19.490 [AsyncHttpClient-1-2] DEBUG org.asynchttpclient.netty.channel.ChannelManager -- Adding key: http://localhost:35424 for channel [id: 0xbcb55864, L:/127.0.0.1:52561 - R:localhost/127.0.0.1:35424]
09:29:19.490 [Forwarding switchToParentFrame on session 4a8e613b9410dd5b9b588da0b87ae8b4 to remote] DEBUG org.asynchttpclient.netty.request.NettyRequestSender -- Using pooled Channel '[id: 0xbcb55864, L:/127.0.0.1:52561 - R:localhost/127.0.0.1:35424]' for 'POST' to 'http://localhost:35424/session/4a8e613b9410dd5b9b588da0b87ae8b4/frame/parent'
09:29:19.493 [Forwarding switchToParentFrame on session 4a8e613b9410dd5b9b588da0b87ae8b4 to remote] DEBUG org.asynchttpclient.netty.request.NettyRequestSender -- Using open Channel [id: 0xbcb55864, L:/127.0.0.1:52561 - R:localhost/127.0.0.1:35424] for POST '/session/4a8e613b9410dd5b9b588da0b87ae8b4/frame/parent'
09:29:19.497 [AsyncHttpClient-1-2] DEBUG org.asynchttpclient.netty.handler.HttpHandler -- 

Request DefaultHttpRequest(decodeResult: success, version: HTTP/1.1)
POST /session/4a8e613b9410dd5b9b588da0b87ae8b4/frame/parent HTTP/1.1
User-Agent: selenium/4.9.0 (java windows)
Content-Length: 3
Content-Type: application/json; charset=utf-8
host: localhost:35424
accept: */*

Response DefaultHttpResponse(decodeResult: success, version: HTTP/1.1)
HTTP/1.1 200 OK
Content-Length: 14
Content-Type: application/json; charset=utf-8
cache-control: no-cache

09:29:19.497 [AsyncHttpClient-1-2] DEBUG org.asynchttpclient.netty.channel.ChannelManager -- Adding key: http://localhost:35424 for channel [id: 0xbcb55864, L:/127.0.0.1:52561 - R:localhost/127.0.0.1:35424]
09:29:19.499 [Forwarding switchToFrame on session 4a8e613b9410dd5b9b588da0b87ae8b4 to remote] DEBUG org.asynchttpclient.netty.request.NettyRequestSender -- Using pooled Channel '[id: 0xbcb55864, L:/127.0.0.1:52561 - R:localhost/127.0.0.1:35424]' for 'POST' to 'http://localhost:35424/session/4a8e613b9410dd5b9b588da0b87ae8b4/frame'
09:29:19.501 [Forwarding switchToFrame on session 4a8e613b9410dd5b9b588da0b87ae8b4 to remote] DEBUG org.asynchttpclient.netty.request.NettyRequestSender -- Using open Channel [id: 0xbcb55864, L:/127.0.0.1:52561 - R:localhost/127.0.0.1:35424] for POST '/session/4a8e613b9410dd5b9b588da0b87ae8b4/frame'
09:29:19.542 [AsyncHttpClient-1-2] DEBUG org.asynchttpclient.netty.handler.HttpHandler -- 

Request DefaultHttpRequest(decodeResult: success, version: HTTP/1.1)
POST /session/4a8e613b9410dd5b9b588da0b87ae8b4/frame HTTP/1.1
User-Agent: selenium/4.9.0 (java windows)
Content-Length: 108
Content-Type: application/json; charset=utf-8
host: localhost:35424
accept: */*

Response DefaultHttpResponse(decodeResult: success, version: HTTP/1.1)
HTTP/1.1 200 OK
Content-Length: 14
Content-Type: application/json; charset=utf-8
cache-control: no-cache

09:29:19.542 [AsyncHttpClient-1-2] DEBUG org.asynchttpclient.netty.channel.ChannelManager -- Adding key: http://localhost:35424 for channel [id: 0xbcb55864, L:/127.0.0.1:52561 - R:localhost/127.0.0.1:35424]
09:29:19.559 [Forwarding executeScript on session 4a8e613b9410dd5b9b588da0b87ae8b4 to remote] DEBUG org.asynchttpclient.netty.request.NettyRequestSender -- Using pooled Channel '[id: 0xbcb55864, L:/127.0.0.1:52561 - R:localhost/127.0.0.1:35424]' for 'POST' to 'http://localhost:35424/session/4a8e613b9410dd5b9b588da0b87ae8b4/execute/sync'
09:29:19.559 [Forwarding executeScript on session 4a8e613b9410dd5b9b588da0b87ae8b4 to remote] DEBUG org.asynchttpclient.netty.request.NettyRequestSender -- Using open Channel [id: 0xbcb55864, L:/127.0.0.1:52561 - R:localhost/127.0.0.1:35424] for POST '/session/4a8e613b9410dd5b9b588da0b87ae8b4/execute/sync'
09:29:19.622 [AsyncHttpClient-1-2] DEBUG org.asynchttpclient.netty.handler.HttpHandler -- 

Request DefaultHttpRequest(decodeResult: success, version: HTTP/1.1)
POST /session/4a8e613b9410dd5b9b588da0b87ae8b4/execute/sync HTTP/1.1
User-Agent: selenium/4.9.0 (java windows)
Content-Length: 323605
Content-Type: application/json; charset=utf-8
host: localhost:35424
accept: */*

Response DefaultHttpResponse(decodeResult: success, version: HTTP/1.1)
HTTP/1.1 200 OK
Content-Length: 14
Content-Type: application/json; charset=utf-8
cache-control: no-cache

09:29:19.622 [AsyncHttpClient-1-2] DEBUG org.asynchttpclient.netty.channel.ChannelManager -- Adding key: http://localhost:35424 for channel [id: 0xbcb55864, L:/127.0.0.1:52561 - R:localhost/127.0.0.1:35424]
09:29:19.622 [Forwarding findElements on session 4a8e613b9410dd5b9b588da0b87ae8b4 to remote] DEBUG org.asynchttpclient.netty.request.NettyRequestSender -- Using pooled Channel '[id: 0xbcb55864, L:/127.0.0.1:52561 - R:localhost/127.0.0.1:35424]' for 'POST' to 'http://localhost:35424/session/4a8e613b9410dd5b9b588da0b87ae8b4/elements'
09:29:19.622 [Forwarding findElements on session 4a8e613b9410dd5b9b588da0b87ae8b4 to remote] DEBUG org.asynchttpclient.netty.request.NettyRequestSender -- Using open Channel [id: 0xbcb55864, L:/127.0.0.1:52561 - R:localhost/127.0.0.1:35424] for POST '/session/4a8e613b9410dd5b9b588da0b87ae8b4/elements'
09:29:19.648 [AsyncHttpClient-1-2] DEBUG org.asynchttpclient.netty.handler.HttpHandler -- 

Request DefaultHttpRequest(decodeResult: success, version: HTTP/1.1)
POST /session/4a8e613b9410dd5b9b588da0b87ae8b4/elements HTTP/1.1
User-Agent: selenium/4.9.0 (java windows)
Content-Length: 98
Content-Type: application/json; charset=utf-8
host: localhost:35424
accept: */*

Response DefaultHttpResponse(decodeResult: success, version: HTTP/1.1)
HTTP/1.1 200 OK
Content-Length: 183
Content-Type: application/json; charset=utf-8
cache-control: no-cache

09:29:19.649 [AsyncHttpClient-1-2] DEBUG org.asynchttpclient.netty.channel.ChannelManager -- Adding key: http://localhost:35424 for channel [id: 0xbcb55864, L:/127.0.0.1:52561 - R:localhost/127.0.0.1:35424]
09:29:19.654 [Forwarding switchToFrame on session 4a8e613b9410dd5b9b588da0b87ae8b4 to remote] DEBUG org.asynchttpclient.netty.request.NettyRequestSender -- Using pooled Channel '[id: 0xbcb55864, L:/127.0.0.1:52561 - R:localhost/127.0.0.1:35424]' for 'POST' to 'http://localhost:35424/session/4a8e613b9410dd5b9b588da0b87ae8b4/frame'
09:29:19.654 [Forwarding switchToFrame on session 4a8e613b9410dd5b9b588da0b87ae8b4 to remote] DEBUG org.asynchttpclient.netty.request.NettyRequestSender -- Using open Channel [id: 0xbcb55864, L:/127.0.0.1:52561 - R:localhost/127.0.0.1:35424] for POST '/session/4a8e613b9410dd5b9b588da0b87ae8b4/frame'
09:29:19.679 [AsyncHttpClient-1-1] DEBUG org.asynchttpclient.netty.channel.DefaultChannelPool -- Entry count for : http://localhost:52562 : 1
09:29:19.692 [AsyncHttpClient-1-2] DEBUG org.asynchttpclient.netty.handler.HttpHandler -- 

Request DefaultHttpRequest(decodeResult: success, version: HTTP/1.1)
POST /session/4a8e613b9410dd5b9b588da0b87ae8b4/frame HTTP/1.1
User-Agent: selenium/4.9.0 (java windows)
Content-Length: 106
Content-Type: application/json; charset=utf-8
host: localhost:35424
accept: */*

Response DefaultHttpResponse(decodeResult: success, version: HTTP/1.1)
HTTP/1.1 200 OK
Content-Length: 14
Content-Type: application/json; charset=utf-8
cache-control: no-cache

09:29:19.693 [AsyncHttpClient-1-2] DEBUG org.asynchttpclient.netty.channel.ChannelManager -- Adding key: http://localhost:35424 for channel [id: 0xbcb55864, L:/127.0.0.1:52561 - R:localhost/127.0.0.1:35424]
09:29:19.708 [Forwarding executeScript on session 4a8e613b9410dd5b9b588da0b87ae8b4 to remote] DEBUG org.asynchttpclient.netty.request.NettyRequestSender -- Using pooled Channel '[id: 0xbcb55864, L:/127.0.0.1:52561 - R:localhost/127.0.0.1:35424]' for 'POST' to 'http://localhost:35424/session/4a8e613b9410dd5b9b588da0b87ae8b4/execute/sync'
09:29:19.708 [Forwarding executeScript on session 4a8e613b9410dd5b9b588da0b87ae8b4 to remote] DEBUG org.asynchttpclient.netty.request.NettyRequestSender -- Using open Channel [id: 0xbcb55864, L:/127.0.0.1:52561 - R:localhost/127.0.0.1:35424] for POST '/session/4a8e613b9410dd5b9b588da0b87ae8b4/execute/sync'
09:29:19.776 [AsyncHttpClient-1-2] DEBUG org.asynchttpclient.netty.handler.HttpHandler -- 

Request DefaultHttpRequest(decodeResult: success, version: HTTP/1.1)
POST /session/4a8e613b9410dd5b9b588da0b87ae8b4/execute/sync HTTP/1.1
User-Agent: selenium/4.9.0 (java windows)
Content-Length: 323605
Content-Type: application/json; charset=utf-8
host: localhost:35424
accept: */*

Response DefaultHttpResponse(decodeResult: success, version: HTTP/1.1)
HTTP/1.1 200 OK
Content-Length: 14
Content-Type: application/json; charset=utf-8
cache-control: no-cache

09:29:19.777 [AsyncHttpClient-1-2] DEBUG org.asynchttpclient.netty.channel.ChannelManager -- Adding key: http://localhost:35424 for channel [id: 0xbcb55864, L:/127.0.0.1:52561 - R:localhost/127.0.0.1:35424]
09:29:19.779 [Forwarding findElements on session 4a8e613b9410dd5b9b588da0b87ae8b4 to remote] DEBUG org.asynchttpclient.netty.request.NettyRequestSender -- Using pooled Channel '[id: 0xbcb55864, L:/127.0.0.1:52561 - R:localhost/127.0.0.1:35424]' for 'POST' to 'http://localhost:35424/session/4a8e613b9410dd5b9b588da0b87ae8b4/elements'
09:29:19.779 [Forwarding findElements on session 4a8e613b9410dd5b9b588da0b87ae8b4 to remote] DEBUG org.asynchttpclient.netty.request.NettyRequestSender -- Using open Channel [id: 0xbcb55864, L:/127.0.0.1:52561 - R:localhost/127.0.0.1:35424] for POST '/session/4a8e613b9410dd5b9b588da0b87ae8b4/elements'
09:29:19.795 [AsyncHttpClient-1-2] DEBUG org.asynchttpclient.netty.handler.HttpHandler -- 

Request DefaultHttpRequest(decodeResult: success, version: HTTP/1.1)
POST /session/4a8e613b9410dd5b9b588da0b87ae8b4/elements HTTP/1.1
User-Agent: selenium/4.9.0 (java windows)
Content-Length: 98
Content-Type: application/json; charset=utf-8
host: localhost:35424
accept: */*

Response DefaultHttpResponse(decodeResult: success, version: HTTP/1.1)
HTTP/1.1 200 OK
Content-Length: 12
Content-Type: application/json; charset=utf-8
cache-control: no-cache

09:29:19.795 [AsyncHttpClient-1-2] DEBUG org.asynchttpclient.netty.channel.ChannelManager -- Adding key: http://localhost:35424 for channel [id: 0xbcb55864, L:/127.0.0.1:52561 - R:localhost/127.0.0.1:35424]
09:29:19.800 [Forwarding switchToParentFrame on session 4a8e613b9410dd5b9b588da0b87ae8b4 to remote] DEBUG org.asynchttpclient.netty.request.NettyRequestSender -- Using pooled Channel '[id: 0xbcb55864, L:/127.0.0.1:52561 - R:localhost/127.0.0.1:35424]' for 'POST' to 'http://localhost:35424/session/4a8e613b9410dd5b9b588da0b87ae8b4/frame/parent'
09:29:19.800 [Forwarding switchToParentFrame on session 4a8e613b9410dd5b9b588da0b87ae8b4 to remote] DEBUG org.asynchttpclient.netty.request.NettyRequestSender -- Using open Channel [id: 0xbcb55864, L:/127.0.0.1:52561 - R:localhost/127.0.0.1:35424] for POST '/session/4a8e613b9410dd5b9b588da0b87ae8b4/frame/parent'
09:29:19.804 [AsyncHttpClient-1-2] DEBUG org.asynchttpclient.netty.handler.HttpHandler -- 

Request DefaultHttpRequest(decodeResult: success, version: HTTP/1.1)
POST /session/4a8e613b9410dd5b9b588da0b87ae8b4/frame/parent HTTP/1.1
User-Agent: selenium/4.9.0 (java windows)
Content-Length: 3
Content-Type: application/json; charset=utf-8
host: localhost:35424
accept: */*

Response DefaultHttpResponse(decodeResult: success, version: HTTP/1.1)
HTTP/1.1 200 OK
Content-Length: 14
Content-Type: application/json; charset=utf-8
cache-control: no-cache

09:29:19.804 [AsyncHttpClient-1-2] DEBUG org.asynchttpclient.netty.channel.ChannelManager -- Adding key: http://localhost:35424 for channel [id: 0xbcb55864, L:/127.0.0.1:52561 - R:localhost/127.0.0.1:35424]
09:29:19.808 [Forwarding switchToFrame on session 4a8e613b9410dd5b9b588da0b87ae8b4 to remote] DEBUG org.asynchttpclient.netty.request.NettyRequestSender -- Using pooled Channel '[id: 0xbcb55864, L:/127.0.0.1:52561 - R:localhost/127.0.0.1:35424]' for 'POST' to 'http://localhost:35424/session/4a8e613b9410dd5b9b588da0b87ae8b4/frame'
09:29:19.808 [Forwarding switchToFrame on session 4a8e613b9410dd5b9b588da0b87ae8b4 to remote] DEBUG org.asynchttpclient.netty.request.NettyRequestSender -- Using open Channel [id: 0xbcb55864, L:/127.0.0.1:52561 - R:localhost/127.0.0.1:35424] for POST '/session/4a8e613b9410dd5b9b588da0b87ae8b4/frame'
09:29:19.892 [AsyncHttpClient-1-2] DEBUG org.asynchttpclient.netty.handler.HttpHandler -- 

Request DefaultHttpRequest(decodeResult: success, version: HTTP/1.1)
POST /session/4a8e613b9410dd5b9b588da0b87ae8b4/frame HTTP/1.1
User-Agent: selenium/4.9.0 (java windows)
Content-Length: 106
Content-Type: application/json; charset=utf-8
host: localhost:35424
accept: */*

Response DefaultHttpResponse(decodeResult: success, version: HTTP/1.1)
HTTP/1.1 200 OK
Content-Length: 14
Content-Type: application/json; charset=utf-8
cache-control: no-cache

09:29:19.893 [AsyncHttpClient-1-2] DEBUG org.asynchttpclient.netty.channel.ChannelManager -- Adding key: http://localhost:35424 for channel [id: 0xbcb55864, L:/127.0.0.1:52561 - R:localhost/127.0.0.1:35424]
09:29:19.913 [Forwarding executeScript on session 4a8e613b9410dd5b9b588da0b87ae8b4 to remote] DEBUG org.asynchttpclient.netty.request.NettyRequestSender -- Using pooled Channel '[id: 0xbcb55864, L:/127.0.0.1:52561 - R:localhost/127.0.0.1:35424]' for 'POST' to 'http://localhost:35424/session/4a8e613b9410dd5b9b588da0b87ae8b4/execute/sync'
09:29:19.914 [Forwarding executeScript on session 4a8e613b9410dd5b9b588da0b87ae8b4 to remote] DEBUG org.asynchttpclient.netty.request.NettyRequestSender -- Using open Channel [id: 0xbcb55864, L:/127.0.0.1:52561 - R:localhost/127.0.0.1:35424] for POST '/session/4a8e613b9410dd5b9b588da0b87ae8b4/execute/sync'
09:29:19.981 [AsyncHttpClient-1-2] DEBUG org.asynchttpclient.netty.handler.HttpHandler -- 

Request DefaultHttpRequest(decodeResult: success, version: HTTP/1.1)
POST /session/4a8e613b9410dd5b9b588da0b87ae8b4/execute/sync HTTP/1.1
User-Agent: selenium/4.9.0 (java windows)
Content-Length: 323605
Content-Type: application/json; charset=utf-8
host: localhost:35424
accept: */*

Response DefaultHttpResponse(decodeResult: success, version: HTTP/1.1)
HTTP/1.1 200 OK
Content-Length: 14
Content-Type: application/json; charset=utf-8
cache-control: no-cache

09:29:19.982 [AsyncHttpClient-1-2] DEBUG org.asynchttpclient.netty.channel.ChannelManager -- Adding key: http://localhost:35424 for channel [id: 0xbcb55864, L:/127.0.0.1:52561 - R:localhost/127.0.0.1:35424]
09:29:19.982 [Forwarding findElements on session 4a8e613b9410dd5b9b588da0b87ae8b4 to remote] DEBUG org.asynchttpclient.netty.request.NettyRequestSender -- Using pooled Channel '[id: 0xbcb55864, L:/127.0.0.1:52561 - R:localhost/127.0.0.1:35424]' for 'POST' to 'http://localhost:35424/session/4a8e613b9410dd5b9b588da0b87ae8b4/elements'
09:29:19.982 [Forwarding findElements on session 4a8e613b9410dd5b9b588da0b87ae8b4 to remote] DEBUG org.asynchttpclient.netty.request.NettyRequestSender -- Using open Channel [id: 0xbcb55864, L:/127.0.0.1:52561 - R:localhost/127.0.0.1:35424] for POST '/session/4a8e613b9410dd5b9b588da0b87ae8b4/elements'
09:29:20.001 [AsyncHttpClient-1-2] DEBUG org.asynchttpclient.netty.handler.HttpHandler -- 

Request DefaultHttpRequest(decodeResult: success, version: HTTP/1.1)
POST /session/4a8e613b9410dd5b9b588da0b87ae8b4/elements HTTP/1.1
User-Agent: selenium/4.9.0 (java windows)
Content-Length: 98
Content-Type: application/json; charset=utf-8
host: localhost:35424
accept: */*

Response DefaultHttpResponse(decodeResult: success, version: HTTP/1.1)
HTTP/1.1 200 OK
Content-Length: 12
Content-Type: application/json; charset=utf-8
cache-control: no-cache

09:29:20.003 [AsyncHttpClient-1-2] DEBUG org.asynchttpclient.netty.channel.ChannelManager -- Adding key: http://localhost:35424 for channel [id: 0xbcb55864, L:/127.0.0.1:52561 - R:localhost/127.0.0.1:35424]
09:29:20.003 [Forwarding switchToParentFrame on session 4a8e613b9410dd5b9b588da0b87ae8b4 to remote] DEBUG org.asynchttpclient.netty.request.NettyRequestSender -- Using pooled Channel '[id: 0xbcb55864, L:/127.0.0.1:52561 - R:localhost/127.0.0.1:35424]' for 'POST' to 'http://localhost:35424/session/4a8e613b9410dd5b9b588da0b87ae8b4/frame/parent'
09:29:20.003 [Forwarding switchToParentFrame on session 4a8e613b9410dd5b9b588da0b87ae8b4 to remote] DEBUG org.asynchttpclient.netty.request.NettyRequestSender -- Using open Channel [id: 0xbcb55864, L:/127.0.0.1:52561 - R:localhost/127.0.0.1:35424] for POST '/session/4a8e613b9410dd5b9b588da0b87ae8b4/frame/parent'
09:29:20.008 [AsyncHttpClient-1-2] DEBUG org.asynchttpclient.netty.handler.HttpHandler -- 

Request DefaultHttpRequest(decodeResult: success, version: HTTP/1.1)
POST /session/4a8e613b9410dd5b9b588da0b87ae8b4/frame/parent HTTP/1.1
User-Agent: selenium/4.9.0 (java windows)
Content-Length: 3
Content-Type: application/json; charset=utf-8
host: localhost:35424
accept: */*

Response DefaultHttpResponse(decodeResult: success, version: HTTP/1.1)
HTTP/1.1 200 OK
Content-Length: 14
Content-Type: application/json; charset=utf-8
cache-control: no-cache

09:29:20.008 [AsyncHttpClient-1-2] DEBUG org.asynchttpclient.netty.channel.ChannelManager -- Adding key: http://localhost:35424 for channel [id: 0xbcb55864, L:/127.0.0.1:52561 - R:localhost/127.0.0.1:35424]
09:29:20.012 [Forwarding switchToParentFrame on session 4a8e613b9410dd5b9b588da0b87ae8b4 to remote] DEBUG org.asynchttpclient.netty.request.NettyRequestSender -- Using pooled Channel '[id: 0xbcb55864, L:/127.0.0.1:52561 - R:localhost/127.0.0.1:35424]' for 'POST' to 'http://localhost:35424/session/4a8e613b9410dd5b9b588da0b87ae8b4/frame/parent'
09:29:20.012 [Forwarding switchToParentFrame on session 4a8e613b9410dd5b9b588da0b87ae8b4 to remote] DEBUG org.asynchttpclient.netty.request.NettyRequestSender -- Using open Channel [id: 0xbcb55864, L:/127.0.0.1:52561 - R:localhost/127.0.0.1:35424] for POST '/session/4a8e613b9410dd5b9b588da0b87ae8b4/frame/parent'
09:29:20.019 [AsyncHttpClient-1-2] DEBUG org.asynchttpclient.netty.handler.HttpHandler -- 

Request DefaultHttpRequest(decodeResult: success, version: HTTP/1.1)
POST /session/4a8e613b9410dd5b9b588da0b87ae8b4/frame/parent HTTP/1.1
User-Agent: selenium/4.9.0 (java windows)
Content-Length: 3
Content-Type: application/json; charset=utf-8
host: localhost:35424
accept: */*

Response DefaultHttpResponse(decodeResult: success, version: HTTP/1.1)
HTTP/1.1 200 OK
Content-Length: 14
Content-Type: application/json; charset=utf-8
cache-control: no-cache

09:29:20.019 [AsyncHttpClient-1-2] DEBUG org.asynchttpclient.netty.channel.ChannelManager -- Adding key: http://localhost:35424 for channel [id: 0xbcb55864, L:/127.0.0.1:52561 - R:localhost/127.0.0.1:35424]
09:29:20.024 [Forwarding switchToFrame on session 4a8e613b9410dd5b9b588da0b87ae8b4 to remote] DEBUG org.asynchttpclient.netty.request.NettyRequestSender -- Using pooled Channel '[id: 0xbcb55864, L:/127.0.0.1:52561 - R:localhost/127.0.0.1:35424]' for 'POST' to 'http://localhost:35424/session/4a8e613b9410dd5b9b588da0b87ae8b4/frame'
09:29:20.024 [Forwarding switchToFrame on session 4a8e613b9410dd5b9b588da0b87ae8b4 to remote] DEBUG org.asynchttpclient.netty.request.NettyRequestSender -- Using open Channel [id: 0xbcb55864, L:/127.0.0.1:52561 - R:localhost/127.0.0.1:35424] for POST '/session/4a8e613b9410dd5b9b588da0b87ae8b4/frame'
09:29:20.058 [AsyncHttpClient-1-2] DEBUG org.asynchttpclient.netty.handler.HttpHandler -- 

Request DefaultHttpRequest(decodeResult: success, version: HTTP/1.1)
POST /session/4a8e613b9410dd5b9b588da0b87ae8b4/frame HTTP/1.1
User-Agent: selenium/4.9.0 (java windows)
Content-Length: 108
Content-Type: application/json; charset=utf-8
host: localhost:35424
accept: */*

Response DefaultHttpResponse(decodeResult: success, version: HTTP/1.1)
HTTP/1.1 200 OK
Content-Length: 14
Content-Type: application/json; charset=utf-8
cache-control: no-cache

09:29:20.058 [AsyncHttpClient-1-2] DEBUG org.asynchttpclient.netty.channel.ChannelManager -- Adding key: http://localhost:35424 for channel [id: 0xbcb55864, L:/127.0.0.1:52561 - R:localhost/127.0.0.1:35424]
09:29:20.076 [Forwarding executeScript on session 4a8e613b9410dd5b9b588da0b87ae8b4 to remote] DEBUG org.asynchttpclient.netty.request.NettyRequestSender -- Using pooled Channel '[id: 0xbcb55864, L:/127.0.0.1:52561 - R:localhost/127.0.0.1:35424]' for 'POST' to 'http://localhost:35424/session/4a8e613b9410dd5b9b588da0b87ae8b4/execute/sync'
09:29:20.076 [Forwarding executeScript on session 4a8e613b9410dd5b9b588da0b87ae8b4 to remote] DEBUG org.asynchttpclient.netty.request.NettyRequestSender -- Using open Channel [id: 0xbcb55864, L:/127.0.0.1:52561 - R:localhost/127.0.0.1:35424] for POST '/session/4a8e613b9410dd5b9b588da0b87ae8b4/execute/sync'
09:29:20.137 [AsyncHttpClient-1-2] DEBUG org.asynchttpclient.netty.handler.HttpHandler -- 

Request DefaultHttpRequest(decodeResult: success, version: HTTP/1.1)
POST /session/4a8e613b9410dd5b9b588da0b87ae8b4/execute/sync HTTP/1.1
User-Agent: selenium/4.9.0 (java windows)
Content-Length: 323605
Content-Type: application/json; charset=utf-8
host: localhost:35424
accept: */*

Response DefaultHttpResponse(decodeResult: success, version: HTTP/1.1)
HTTP/1.1 200 OK
Content-Length: 14
Content-Type: application/json; charset=utf-8
cache-control: no-cache

09:29:20.137 [AsyncHttpClient-1-2] DEBUG org.asynchttpclient.netty.channel.ChannelManager -- Adding key: http://localhost:35424 for channel [id: 0xbcb55864, L:/127.0.0.1:52561 - R:localhost/127.0.0.1:35424]
09:29:20.140 [Forwarding findElements on session 4a8e613b9410dd5b9b588da0b87ae8b4 to remote] DEBUG org.asynchttpclient.netty.request.NettyRequestSender -- Using pooled Channel '[id: 0xbcb55864, L:/127.0.0.1:52561 - R:localhost/127.0.0.1:35424]' for 'POST' to 'http://localhost:35424/session/4a8e613b9410dd5b9b588da0b87ae8b4/elements'
09:29:20.140 [Forwarding findElements on session 4a8e613b9410dd5b9b588da0b87ae8b4 to remote] DEBUG org.asynchttpclient.netty.request.NettyRequestSender -- Using open Channel [id: 0xbcb55864, L:/127.0.0.1:52561 - R:localhost/127.0.0.1:35424] for POST '/session/4a8e613b9410dd5b9b588da0b87ae8b4/elements'
09:29:20.154 [AsyncHttpClient-1-2] DEBUG org.asynchttpclient.netty.handler.HttpHandler -- 

Request DefaultHttpRequest(decodeResult: success, version: HTTP/1.1)
POST /session/4a8e613b9410dd5b9b588da0b87ae8b4/elements HTTP/1.1
User-Agent: selenium/4.9.0 (java windows)
Content-Length: 98
Content-Type: application/json; charset=utf-8
host: localhost:35424
accept: */*

Response DefaultHttpResponse(decodeResult: success, version: HTTP/1.1)
HTTP/1.1 200 OK
Content-Length: 12
Content-Type: application/json; charset=utf-8
cache-control: no-cache

09:29:20.154 [AsyncHttpClient-1-2] DEBUG org.asynchttpclient.netty.channel.ChannelManager -- Adding key: http://localhost:35424 for channel [id: 0xbcb55864, L:/127.0.0.1:52561 - R:localhost/127.0.0.1:35424]
09:29:20.156 [Forwarding switchToParentFrame on session 4a8e613b9410dd5b9b588da0b87ae8b4 to remote] DEBUG org.asynchttpclient.netty.request.NettyRequestSender -- Using pooled Channel '[id: 0xbcb55864, L:/127.0.0.1:52561 - R:localhost/127.0.0.1:35424]' for 'POST' to 'http://localhost:35424/session/4a8e613b9410dd5b9b588da0b87ae8b4/frame/parent'
09:29:20.156 [Forwarding switchToParentFrame on session 4a8e613b9410dd5b9b588da0b87ae8b4 to remote] DEBUG org.asynchttpclient.netty.request.NettyRequestSender -- Using open Channel [id: 0xbcb55864, L:/127.0.0.1:52561 - R:localhost/127.0.0.1:35424] for POST '/session/4a8e613b9410dd5b9b588da0b87ae8b4/frame/parent'
09:29:20.159 [AsyncHttpClient-1-2] DEBUG org.asynchttpclient.netty.handler.HttpHandler -- 

Request DefaultHttpRequest(decodeResult: success, version: HTTP/1.1)
POST /session/4a8e613b9410dd5b9b588da0b87ae8b4/frame/parent HTTP/1.1
User-Agent: selenium/4.9.0 (java windows)
Content-Length: 3
Content-Type: application/json; charset=utf-8
host: localhost:35424
accept: */*

Response DefaultHttpResponse(decodeResult: success, version: HTTP/1.1)
HTTP/1.1 200 OK
Content-Length: 14
Content-Type: application/json; charset=utf-8
cache-control: no-cache

09:29:20.159 [AsyncHttpClient-1-2] DEBUG org.asynchttpclient.netty.channel.ChannelManager -- Adding key: http://localhost:35424 for channel [id: 0xbcb55864, L:/127.0.0.1:52561 - R:localhost/127.0.0.1:35424]
09:29:20.161 [Forwarding switchToFrame on session 4a8e613b9410dd5b9b588da0b87ae8b4 to remote] DEBUG org.asynchttpclient.netty.request.NettyRequestSender -- Using pooled Channel '[id: 0xbcb55864, L:/127.0.0.1:52561 - R:localhost/127.0.0.1:35424]' for 'POST' to 'http://localhost:35424/session/4a8e613b9410dd5b9b588da0b87ae8b4/frame'
09:29:20.161 [Forwarding switchToFrame on session 4a8e613b9410dd5b9b588da0b87ae8b4 to remote] DEBUG org.asynchttpclient.netty.request.NettyRequestSender -- Using open Channel [id: 0xbcb55864, L:/127.0.0.1:52561 - R:localhost/127.0.0.1:35424] for POST '/session/4a8e613b9410dd5b9b588da0b87ae8b4/frame'
09:29:20.193 [AsyncHttpClient-1-2] DEBUG org.asynchttpclient.netty.handler.HttpHandler -- 

Request DefaultHttpRequest(decodeResult: success, version: HTTP/1.1)
POST /session/4a8e613b9410dd5b9b588da0b87ae8b4/frame HTTP/1.1
User-Agent: selenium/4.9.0 (java windows)
Content-Length: 108
Content-Type: application/json; charset=utf-8
host: localhost:35424
accept: */*

Response DefaultHttpResponse(decodeResult: success, version: HTTP/1.1)
HTTP/1.1 200 OK
Content-Length: 14
Content-Type: application/json; charset=utf-8
cache-control: no-cache

09:29:20.193 [AsyncHttpClient-1-2] DEBUG org.asynchttpclient.netty.channel.ChannelManager -- Adding key: http://localhost:35424 for channel [id: 0xbcb55864, L:/127.0.0.1:52561 - R:localhost/127.0.0.1:35424]
09:29:20.206 [Forwarding executeScript on session 4a8e613b9410dd5b9b588da0b87ae8b4 to remote] DEBUG org.asynchttpclient.netty.request.NettyRequestSender -- Using pooled Channel '[id: 0xbcb55864, L:/127.0.0.1:52561 - R:localhost/127.0.0.1:35424]' for 'POST' to 'http://localhost:35424/session/4a8e613b9410dd5b9b588da0b87ae8b4/execute/sync'
09:29:20.206 [Forwarding executeScript on session 4a8e613b9410dd5b9b588da0b87ae8b4 to remote] DEBUG org.asynchttpclient.netty.request.NettyRequestSender -- Using open Channel [id: 0xbcb55864, L:/127.0.0.1:52561 - R:localhost/127.0.0.1:35424] for POST '/session/4a8e613b9410dd5b9b588da0b87ae8b4/execute/sync'
09:29:20.267 [AsyncHttpClient-1-2] DEBUG org.asynchttpclient.netty.handler.HttpHandler -- 

Request DefaultHttpRequest(decodeResult: success, version: HTTP/1.1)
POST /session/4a8e613b9410dd5b9b588da0b87ae8b4/execute/sync HTTP/1.1
User-Agent: selenium/4.9.0 (java windows)
Content-Length: 323605
Content-Type: application/json; charset=utf-8
host: localhost:35424
accept: */*

Response DefaultHttpResponse(decodeResult: success, version: HTTP/1.1)
HTTP/1.1 200 OK
Content-Length: 14
Content-Type: application/json; charset=utf-8
cache-control: no-cache

09:29:20.267 [AsyncHttpClient-1-2] DEBUG org.asynchttpclient.netty.channel.ChannelManager -- Adding key: http://localhost:35424 for channel [id: 0xbcb55864, L:/127.0.0.1:52561 - R:localhost/127.0.0.1:35424]
09:29:20.270 [Forwarding findElements on session 4a8e613b9410dd5b9b588da0b87ae8b4 to remote] DEBUG org.asynchttpclient.netty.request.NettyRequestSender -- Using pooled Channel '[id: 0xbcb55864, L:/127.0.0.1:52561 - R:localhost/127.0.0.1:35424]' for 'POST' to 'http://localhost:35424/session/4a8e613b9410dd5b9b588da0b87ae8b4/elements'
09:29:20.270 [Forwarding findElements on session 4a8e613b9410dd5b9b588da0b87ae8b4 to remote] DEBUG org.asynchttpclient.netty.request.NettyRequestSender -- Using open Channel [id: 0xbcb55864, L:/127.0.0.1:52561 - R:localhost/127.0.0.1:35424] for POST '/session/4a8e613b9410dd5b9b588da0b87ae8b4/elements'
09:29:20.283 [AsyncHttpClient-1-2] DEBUG org.asynchttpclient.netty.handler.HttpHandler -- 

Request DefaultHttpRequest(decodeResult: success, version: HTTP/1.1)
POST /session/4a8e613b9410dd5b9b588da0b87ae8b4/elements HTTP/1.1
User-Agent: selenium/4.9.0 (java windows)
Content-Length: 98
Content-Type: application/json; charset=utf-8
host: localhost:35424
accept: */*

Response DefaultHttpResponse(decodeResult: success, version: HTTP/1.1)
HTTP/1.1 200 OK
Content-Length: 12
Content-Type: application/json; charset=utf-8
cache-control: no-cache

09:29:20.283 [AsyncHttpClient-1-2] DEBUG org.asynchttpclient.netty.channel.ChannelManager -- Adding key: http://localhost:35424 for channel [id: 0xbcb55864, L:/127.0.0.1:52561 - R:localhost/127.0.0.1:35424]
09:29:20.286 [Forwarding switchToParentFrame on session 4a8e613b9410dd5b9b588da0b87ae8b4 to remote] DEBUG org.asynchttpclient.netty.request.NettyRequestSender -- Using pooled Channel '[id: 0xbcb55864, L:/127.0.0.1:52561 - R:localhost/127.0.0.1:35424]' for 'POST' to 'http://localhost:35424/session/4a8e613b9410dd5b9b588da0b87ae8b4/frame/parent'
09:29:20.286 [Forwarding switchToParentFrame on session 4a8e613b9410dd5b9b588da0b87ae8b4 to remote] DEBUG org.asynchttpclient.netty.request.NettyRequestSender -- Using open Channel [id: 0xbcb55864, L:/127.0.0.1:52561 - R:localhost/127.0.0.1:35424] for POST '/session/4a8e613b9410dd5b9b588da0b87ae8b4/frame/parent'
09:29:20.290 [AsyncHttpClient-1-2] DEBUG org.asynchttpclient.netty.handler.HttpHandler -- 

Request DefaultHttpRequest(decodeResult: success, version: HTTP/1.1)
POST /session/4a8e613b9410dd5b9b588da0b87ae8b4/frame/parent HTTP/1.1
User-Agent: selenium/4.9.0 (java windows)
Content-Length: 3
Content-Type: application/json; charset=utf-8
host: localhost:35424
accept: */*

Response DefaultHttpResponse(decodeResult: success, version: HTTP/1.1)
HTTP/1.1 200 OK
Content-Length: 14
Content-Type: application/json; charset=utf-8
cache-control: no-cache

09:29:20.290 [AsyncHttpClient-1-2] DEBUG org.asynchttpclient.netty.channel.ChannelManager -- Adding key: http://localhost:35424 for channel [id: 0xbcb55864, L:/127.0.0.1:52561 - R:localhost/127.0.0.1:35424]
09:29:20.292 [Forwarding switchToFrame on session 4a8e613b9410dd5b9b588da0b87ae8b4 to remote] DEBUG org.asynchttpclient.netty.request.NettyRequestSender -- Using pooled Channel '[id: 0xbcb55864, L:/127.0.0.1:52561 - R:localhost/127.0.0.1:35424]' for 'POST' to 'http://localhost:35424/session/4a8e613b9410dd5b9b588da0b87ae8b4/frame'
09:29:20.292 [Forwarding switchToFrame on session 4a8e613b9410dd5b9b588da0b87ae8b4 to remote] DEBUG org.asynchttpclient.netty.request.NettyRequestSender -- Using open Channel [id: 0xbcb55864, L:/127.0.0.1:52561 - R:localhost/127.0.0.1:35424] for POST '/session/4a8e613b9410dd5b9b588da0b87ae8b4/frame'
09:29:20.309 [AsyncHttpClient-1-2] DEBUG org.asynchttpclient.netty.handler.HttpHandler -- 

Request DefaultHttpRequest(decodeResult: success, version: HTTP/1.1)
POST /session/4a8e613b9410dd5b9b588da0b87ae8b4/frame HTTP/1.1
User-Agent: selenium/4.9.0 (java windows)
Content-Length: 108
Content-Type: application/json; charset=utf-8
host: localhost:35424
accept: */*

Response DefaultHttpResponse(decodeResult: success, version: HTTP/1.1)
HTTP/1.1 404 Not Found
Content-Length: 949
Content-Type: application/json; charset=utf-8
cache-control: no-cache

09:29:20.311 [AsyncHttpClient-1-2] DEBUG org.asynchttpclient.netty.channel.ChannelManager -- Adding key: http://localhost:35424 for channel [id: 0xbcb55864, L:/127.0.0.1:52561 - R:localhost/127.0.0.1:35424]
09:29:20.329 [Forwarding switchToFrame on session 4a8e613b9410dd5b9b588da0b87ae8b4 to remote] DEBUG org.asynchttpclient.netty.request.NettyRequestSender -- Using pooled Channel '[id: 0xbcb55864, L:/127.0.0.1:52561 - R:localhost/127.0.0.1:35424]' for 'POST' to 'http://localhost:35424/session/4a8e613b9410dd5b9b588da0b87ae8b4/frame'
09:29:20.329 [Forwarding switchToFrame on session 4a8e613b9410dd5b9b588da0b87ae8b4 to remote] DEBUG org.asynchttpclient.netty.request.NettyRequestSender -- Using open Channel [id: 0xbcb55864, L:/127.0.0.1:52561 - R:localhost/127.0.0.1:35424] for POST '/session/4a8e613b9410dd5b9b588da0b87ae8b4/frame'
09:29:20.362 [AsyncHttpClient-1-2] DEBUG org.asynchttpclient.netty.handler.HttpHandler -- 

Request DefaultHttpRequest(decodeResult: success, version: HTTP/1.1)
POST /session/4a8e613b9410dd5b9b588da0b87ae8b4/frame HTTP/1.1
User-Agent: selenium/4.9.0 (java windows)
Content-Length: 108
Content-Type: application/json; charset=utf-8
host: localhost:35424
accept: */*

Response DefaultHttpResponse(decodeResult: success, version: HTTP/1.1)
HTTP/1.1 200 OK
Content-Length: 14
Content-Type: application/json; charset=utf-8
cache-control: no-cache

09:29:20.362 [AsyncHttpClient-1-2] DEBUG org.asynchttpclient.netty.channel.ChannelManager -- Adding key: http://localhost:35424 for channel [id: 0xbcb55864, L:/127.0.0.1:52561 - R:localhost/127.0.0.1:35424]
09:29:20.377 [Forwarding executeScript on session 4a8e613b9410dd5b9b588da0b87ae8b4 to remote] DEBUG org.asynchttpclient.netty.request.NettyRequestSender -- Using pooled Channel '[id: 0xbcb55864, L:/127.0.0.1:52561 - R:localhost/127.0.0.1:35424]' for 'POST' to 'http://localhost:35424/session/4a8e613b9410dd5b9b588da0b87ae8b4/execute/sync'
09:29:20.377 [Forwarding executeScript on session 4a8e613b9410dd5b9b588da0b87ae8b4 to remote] DEBUG org.asynchttpclient.netty.request.NettyRequestSender -- Using open Channel [id: 0xbcb55864, L:/127.0.0.1:52561 - R:localhost/127.0.0.1:35424] for POST '/session/4a8e613b9410dd5b9b588da0b87ae8b4/execute/sync'
09:29:20.443 [AsyncHttpClient-1-2] DEBUG org.asynchttpclient.netty.handler.HttpHandler -- 

Request DefaultHttpRequest(decodeResult: success, version: HTTP/1.1)
POST /session/4a8e613b9410dd5b9b588da0b87ae8b4/execute/sync HTTP/1.1
User-Agent: selenium/4.9.0 (java windows)
Content-Length: 323605
Content-Type: application/json; charset=utf-8
host: localhost:35424
accept: */*

Response DefaultHttpResponse(decodeResult: success, version: HTTP/1.1)
HTTP/1.1 200 OK
Content-Length: 14
Content-Type: application/json; charset=utf-8
cache-control: no-cache

09:29:20.444 [AsyncHttpClient-1-2] DEBUG org.asynchttpclient.netty.channel.ChannelManager -- Adding key: http://localhost:35424 for channel [id: 0xbcb55864, L:/127.0.0.1:52561 - R:localhost/127.0.0.1:35424]
09:29:20.445 [Forwarding findElements on session 4a8e613b9410dd5b9b588da0b87ae8b4 to remote] DEBUG org.asynchttpclient.netty.request.NettyRequestSender -- Using pooled Channel '[id: 0xbcb55864, L:/127.0.0.1:52561 - R:localhost/127.0.0.1:35424]' for 'POST' to 'http://localhost:35424/session/4a8e613b9410dd5b9b588da0b87ae8b4/elements'
09:29:20.446 [Forwarding findElements on session 4a8e613b9410dd5b9b588da0b87ae8b4 to remote] DEBUG org.asynchttpclient.netty.request.NettyRequestSender -- Using open Channel [id: 0xbcb55864, L:/127.0.0.1:52561 - R:localhost/127.0.0.1:35424] for POST '/session/4a8e613b9410dd5b9b588da0b87ae8b4/elements'
09:29:20.463 [AsyncHttpClient-1-2] DEBUG org.asynchttpclient.netty.handler.HttpHandler -- 

Request DefaultHttpRequest(decodeResult: success, version: HTTP/1.1)
POST /session/4a8e613b9410dd5b9b588da0b87ae8b4/elements HTTP/1.1
User-Agent: selenium/4.9.0 (java windows)
Content-Length: 98
Content-Type: application/json; charset=utf-8
host: localhost:35424
accept: */*

Response DefaultHttpResponse(decodeResult: success, version: HTTP/1.1)
HTTP/1.1 200 OK
Content-Length: 12
Content-Type: application/json; charset=utf-8
cache-control: no-cache

09:29:20.463 [AsyncHttpClient-1-2] DEBUG org.asynchttpclient.netty.channel.ChannelManager -- Adding key: http://localhost:35424 for channel [id: 0xbcb55864, L:/127.0.0.1:52561 - R:localhost/127.0.0.1:35424]
09:29:20.466 [Forwarding switchToParentFrame on session 4a8e613b9410dd5b9b588da0b87ae8b4 to remote] DEBUG org.asynchttpclient.netty.request.NettyRequestSender -- Using pooled Channel '[id: 0xbcb55864, L:/127.0.0.1:52561 - R:localhost/127.0.0.1:35424]' for 'POST' to 'http://localhost:35424/session/4a8e613b9410dd5b9b588da0b87ae8b4/frame/parent'
09:29:20.466 [Forwarding switchToParentFrame on session 4a8e613b9410dd5b9b588da0b87ae8b4 to remote] DEBUG org.asynchttpclient.netty.request.NettyRequestSender -- Using open Channel [id: 0xbcb55864, L:/127.0.0.1:52561 - R:localhost/127.0.0.1:35424] for POST '/session/4a8e613b9410dd5b9b588da0b87ae8b4/frame/parent'
09:29:20.470 [AsyncHttpClient-1-2] DEBUG org.asynchttpclient.netty.handler.HttpHandler -- 

Request DefaultHttpRequest(decodeResult: success, version: HTTP/1.1)
POST /session/4a8e613b9410dd5b9b588da0b87ae8b4/frame/parent HTTP/1.1
User-Agent: selenium/4.9.0 (java windows)
Content-Length: 3
Content-Type: application/json; charset=utf-8
host: localhost:35424
accept: */*

Response DefaultHttpResponse(decodeResult: success, version: HTTP/1.1)
HTTP/1.1 200 OK
Content-Length: 14
Content-Type: application/json; charset=utf-8
cache-control: no-cache

09:29:20.471 [AsyncHttpClient-1-2] DEBUG org.asynchttpclient.netty.channel.ChannelManager -- Adding key: http://localhost:35424 for channel [id: 0xbcb55864, L:/127.0.0.1:52561 - R:localhost/127.0.0.1:35424]
09:29:20.473 [Forwarding switchToFrame on session 4a8e613b9410dd5b9b588da0b87ae8b4 to remote] DEBUG org.asynchttpclient.netty.request.NettyRequestSender -- Using pooled Channel '[id: 0xbcb55864, L:/127.0.0.1:52561 - R:localhost/127.0.0.1:35424]' for 'POST' to 'http://localhost:35424/session/4a8e613b9410dd5b9b588da0b87ae8b4/frame'
09:29:20.473 [Forwarding switchToFrame on session 4a8e613b9410dd5b9b588da0b87ae8b4 to remote] DEBUG org.asynchttpclient.netty.request.NettyRequestSender -- Using open Channel [id: 0xbcb55864, L:/127.0.0.1:52561 - R:localhost/127.0.0.1:35424] for POST '/session/4a8e613b9410dd5b9b588da0b87ae8b4/frame'
09:29:20.508 [AsyncHttpClient-1-2] DEBUG org.asynchttpclient.netty.handler.HttpHandler -- 

Request DefaultHttpRequest(decodeResult: success, version: HTTP/1.1)
POST /session/4a8e613b9410dd5b9b588da0b87ae8b4/frame HTTP/1.1
User-Agent: selenium/4.9.0 (java windows)
Content-Length: 108
Content-Type: application/json; charset=utf-8
host: localhost:35424
accept: */*

Response DefaultHttpResponse(decodeResult: success, version: HTTP/1.1)
HTTP/1.1 200 OK
Content-Length: 14
Content-Type: application/json; charset=utf-8
cache-control: no-cache

09:29:20.508 [AsyncHttpClient-1-2] DEBUG org.asynchttpclient.netty.channel.ChannelManager -- Adding key: http://localhost:35424 for channel [id: 0xbcb55864, L:/127.0.0.1:52561 - R:localhost/127.0.0.1:35424]
09:29:20.522 [Forwarding executeScript on session 4a8e613b9410dd5b9b588da0b87ae8b4 to remote] DEBUG org.asynchttpclient.netty.request.NettyRequestSender -- Using pooled Channel '[id: 0xbcb55864, L:/127.0.0.1:52561 - R:localhost/127.0.0.1:35424]' for 'POST' to 'http://localhost:35424/session/4a8e613b9410dd5b9b588da0b87ae8b4/execute/sync'
09:29:20.522 [Forwarding executeScript on session 4a8e613b9410dd5b9b588da0b87ae8b4 to remote] DEBUG org.asynchttpclient.netty.request.NettyRequestSender -- Using open Channel [id: 0xbcb55864, L:/127.0.0.1:52561 - R:localhost/127.0.0.1:35424] for POST '/session/4a8e613b9410dd5b9b588da0b87ae8b4/execute/sync'
09:29:20.588 [AsyncHttpClient-1-2] DEBUG org.asynchttpclient.netty.handler.HttpHandler -- 

Request DefaultHttpRequest(decodeResult: success, version: HTTP/1.1)
POST /session/4a8e613b9410dd5b9b588da0b87ae8b4/execute/sync HTTP/1.1
User-Agent: selenium/4.9.0 (java windows)
Content-Length: 323605
Content-Type: application/json; charset=utf-8
host: localhost:35424
accept: */*

Response DefaultHttpResponse(decodeResult: success, version: HTTP/1.1)
HTTP/1.1 200 OK
Content-Length: 14
Content-Type: application/json; charset=utf-8
cache-control: no-cache

09:29:20.589 [AsyncHttpClient-1-2] DEBUG org.asynchttpclient.netty.channel.ChannelManager -- Adding key: http://localhost:35424 for channel [id: 0xbcb55864, L:/127.0.0.1:52561 - R:localhost/127.0.0.1:35424]
09:29:20.590 [Forwarding findElements on session 4a8e613b9410dd5b9b588da0b87ae8b4 to remote] DEBUG org.asynchttpclient.netty.request.NettyRequestSender -- Using pooled Channel '[id: 0xbcb55864, L:/127.0.0.1:52561 - R:localhost/127.0.0.1:35424]' for 'POST' to 'http://localhost:35424/session/4a8e613b9410dd5b9b588da0b87ae8b4/elements'
09:29:20.590 [Forwarding findElements on session 4a8e613b9410dd5b9b588da0b87ae8b4 to remote] DEBUG org.asynchttpclient.netty.request.NettyRequestSender -- Using open Channel [id: 0xbcb55864, L:/127.0.0.1:52561 - R:localhost/127.0.0.1:35424] for POST '/session/4a8e613b9410dd5b9b588da0b87ae8b4/elements'
09:29:20.604 [AsyncHttpClient-1-2] DEBUG org.asynchttpclient.netty.handler.HttpHandler -- 

Request DefaultHttpRequest(decodeResult: success, version: HTTP/1.1)
POST /session/4a8e613b9410dd5b9b588da0b87ae8b4/elements HTTP/1.1
User-Agent: selenium/4.9.0 (java windows)
Content-Length: 98
Content-Type: application/json; charset=utf-8
host: localhost:35424
accept: */*

Response DefaultHttpResponse(decodeResult: success, version: HTTP/1.1)
HTTP/1.1 200 OK
Content-Length: 12
Content-Type: application/json; charset=utf-8
cache-control: no-cache

09:29:20.604 [AsyncHttpClient-1-2] DEBUG org.asynchttpclient.netty.channel.ChannelManager -- Adding key: http://localhost:35424 for channel [id: 0xbcb55864, L:/127.0.0.1:52561 - R:localhost/127.0.0.1:35424]
09:29:20.606 [Forwarding switchToParentFrame on session 4a8e613b9410dd5b9b588da0b87ae8b4 to remote] DEBUG org.asynchttpclient.netty.request.NettyRequestSender -- Using pooled Channel '[id: 0xbcb55864, L:/127.0.0.1:52561 - R:localhost/127.0.0.1:35424]' for 'POST' to 'http://localhost:35424/session/4a8e613b9410dd5b9b588da0b87ae8b4/frame/parent'
09:29:20.606 [Forwarding switchToParentFrame on session 4a8e613b9410dd5b9b588da0b87ae8b4 to remote] DEBUG org.asynchttpclient.netty.request.NettyRequestSender -- Using open Channel [id: 0xbcb55864, L:/127.0.0.1:52561 - R:localhost/127.0.0.1:35424] for POST '/session/4a8e613b9410dd5b9b588da0b87ae8b4/frame/parent'
09:29:20.610 [AsyncHttpClient-1-2] DEBUG org.asynchttpclient.netty.handler.HttpHandler -- 

Request DefaultHttpRequest(decodeResult: success, version: HTTP/1.1)
POST /session/4a8e613b9410dd5b9b588da0b87ae8b4/frame/parent HTTP/1.1
User-Agent: selenium/4.9.0 (java windows)
Content-Length: 3
Content-Type: application/json; charset=utf-8
host: localhost:35424
accept: */*

Response DefaultHttpResponse(decodeResult: success, version: HTTP/1.1)
HTTP/1.1 200 OK
Content-Length: 14
Content-Type: application/json; charset=utf-8
cache-control: no-cache

09:29:20.610 [AsyncHttpClient-1-2] DEBUG org.asynchttpclient.netty.channel.ChannelManager -- Adding key: http://localhost:35424 for channel [id: 0xbcb55864, L:/127.0.0.1:52561 - R:localhost/127.0.0.1:35424]
09:29:20.612 [Forwarding executeScript on session 4a8e613b9410dd5b9b588da0b87ae8b4 to remote] DEBUG org.asynchttpclient.netty.request.NettyRequestSender -- Using pooled Channel '[id: 0xbcb55864, L:/127.0.0.1:52561 - R:localhost/127.0.0.1:35424]' for 'POST' to 'http://localhost:35424/session/4a8e613b9410dd5b9b588da0b87ae8b4/execute/sync'
09:29:20.612 [Forwarding executeScript on session 4a8e613b9410dd5b9b588da0b87ae8b4 to remote] DEBUG org.asynchttpclient.netty.request.NettyRequestSender -- Using open Channel [id: 0xbcb55864, L:/127.0.0.1:52561 - R:localhost/127.0.0.1:35424] for POST '/session/4a8e613b9410dd5b9b588da0b87ae8b4/execute/sync'
09:29:20.621 [AsyncHttpClient-1-2] DEBUG org.asynchttpclient.netty.handler.HttpHandler -- 

Request DefaultHttpRequest(decodeResult: success, version: HTTP/1.1)
POST /session/4a8e613b9410dd5b9b588da0b87ae8b4/execute/sync HTTP/1.1
User-Agent: selenium/4.9.0 (java windows)
Content-Length: 85
Content-Type: application/json; charset=utf-8
host: localhost:35424
accept: */*

Response DefaultHttpResponse(decodeResult: success, version: HTTP/1.1)
HTTP/1.1 200 OK
Content-Length: 15
Content-Type: application/json; charset=utf-8
cache-control: no-cache

09:29:20.622 [AsyncHttpClient-1-2] DEBUG org.asynchttpclient.netty.channel.ChannelManager -- Adding key: http://localhost:35424 for channel [id: 0xbcb55864, L:/127.0.0.1:52561 - R:localhost/127.0.0.1:35424]
09:29:20.623 [Forwarding switchToFrame on session 4a8e613b9410dd5b9b588da0b87ae8b4 to remote] DEBUG org.asynchttpclient.netty.request.NettyRequestSender -- Using pooled Channel '[id: 0xbcb55864, L:/127.0.0.1:52561 - R:localhost/127.0.0.1:35424]' for 'POST' to 'http://localhost:35424/session/4a8e613b9410dd5b9b588da0b87ae8b4/frame'
09:29:20.623 [Forwarding switchToFrame on session 4a8e613b9410dd5b9b588da0b87ae8b4 to remote] DEBUG org.asynchttpclient.netty.request.NettyRequestSender -- Using open Channel [id: 0xbcb55864, L:/127.0.0.1:52561 - R:localhost/127.0.0.1:35424] for POST '/session/4a8e613b9410dd5b9b588da0b87ae8b4/frame'
09:29:20.627 [AsyncHttpClient-1-2] DEBUG org.asynchttpclient.netty.handler.HttpHandler -- 

Request DefaultHttpRequest(decodeResult: success, version: HTTP/1.1)
POST /session/4a8e613b9410dd5b9b588da0b87ae8b4/frame HTTP/1.1
User-Agent: selenium/4.9.0 (java windows)
Content-Length: 16
Content-Type: application/json; charset=utf-8
host: localhost:35424
accept: */*

Response DefaultHttpResponse(decodeResult: success, version: HTTP/1.1)
HTTP/1.1 200 OK
Content-Length: 14
Content-Type: application/json; charset=utf-8
cache-control: no-cache

09:29:20.627 [AsyncHttpClient-1-2] DEBUG org.asynchttpclient.netty.channel.ChannelManager -- Adding key: http://localhost:35424 for channel [id: 0xbcb55864, L:/127.0.0.1:52561 - R:localhost/127.0.0.1:35424]
09:29:20.628 [Forwarding executeScript on session 4a8e613b9410dd5b9b588da0b87ae8b4 to remote] DEBUG org.asynchttpclient.netty.request.NettyRequestSender -- Using pooled Channel '[id: 0xbcb55864, L:/127.0.0.1:52561 - R:localhost/127.0.0.1:35424]' for 'POST' to 'http://localhost:35424/session/4a8e613b9410dd5b9b588da0b87ae8b4/execute/sync'
09:29:20.628 [Forwarding executeScript on session 4a8e613b9410dd5b9b588da0b87ae8b4 to remote] DEBUG org.asynchttpclient.netty.request.NettyRequestSender -- Using open Channel [id: 0xbcb55864, L:/127.0.0.1:52561 - R:localhost/127.0.0.1:35424] for POST '/session/4a8e613b9410dd5b9b588da0b87ae8b4/execute/sync'
09:29:20.639 [AsyncHttpClient-1-2] DEBUG org.asynchttpclient.netty.handler.HttpHandler -- 

Request DefaultHttpRequest(decodeResult: success, version: HTTP/1.1)
POST /session/4a8e613b9410dd5b9b588da0b87ae8b4/execute/sync HTTP/1.1
User-Agent: selenium/4.9.0 (java windows)
Content-Length: 99
Content-Type: application/json; charset=utf-8
host: localhost:35424
accept: */*

Response DefaultHttpResponse(decodeResult: success, version: HTTP/1.1)
HTTP/1.1 200 OK
Content-Length: 14
Content-Type: application/json; charset=utf-8
cache-control: no-cache

09:29:20.640 [AsyncHttpClient-1-2] DEBUG org.asynchttpclient.netty.channel.ChannelManager -- Adding key: http://localhost:35424 for channel [id: 0xbcb55864, L:/127.0.0.1:52561 - R:localhost/127.0.0.1:35424]
09:29:20.640 [Forwarding findElements on session 4a8e613b9410dd5b9b588da0b87ae8b4 to remote] DEBUG org.asynchttpclient.netty.request.NettyRequestSender -- Using pooled Channel '[id: 0xbcb55864, L:/127.0.0.1:52561 - R:localhost/127.0.0.1:35424]' for 'POST' to 'http://localhost:35424/session/4a8e613b9410dd5b9b588da0b87ae8b4/elements'
09:29:20.640 [Forwarding findElements on session 4a8e613b9410dd5b9b588da0b87ae8b4 to remote] DEBUG org.asynchttpclient.netty.request.NettyRequestSender -- Using open Channel [id: 0xbcb55864, L:/127.0.0.1:52561 - R:localhost/127.0.0.1:35424] for POST '/session/4a8e613b9410dd5b9b588da0b87ae8b4/elements'
09:29:20.656 [AsyncHttpClient-1-2] DEBUG org.asynchttpclient.netty.handler.HttpHandler -- 

Request DefaultHttpRequest(decodeResult: success, version: HTTP/1.1)
POST /session/4a8e613b9410dd5b9b588da0b87ae8b4/elements HTTP/1.1
User-Agent: selenium/4.9.0 (java windows)
Content-Length: 98
Content-Type: application/json; charset=utf-8
host: localhost:35424
accept: */*

Response DefaultHttpResponse(decodeResult: success, version: HTTP/1.1)
HTTP/1.1 200 OK
Content-Length: 802
Content-Type: application/json; charset=utf-8
cache-control: no-cache

09:29:20.657 [AsyncHttpClient-1-2] DEBUG org.asynchttpclient.netty.channel.ChannelManager -- Adding key: http://localhost:35424 for channel [id: 0xbcb55864, L:/127.0.0.1:52561 - R:localhost/127.0.0.1:35424]
09:29:20.659 [Forwarding switchToFrame on session 4a8e613b9410dd5b9b588da0b87ae8b4 to remote] DEBUG org.asynchttpclient.netty.request.NettyRequestSender -- Using pooled Channel '[id: 0xbcb55864, L:/127.0.0.1:52561 - R:localhost/127.0.0.1:35424]' for 'POST' to 'http://localhost:35424/session/4a8e613b9410dd5b9b588da0b87ae8b4/frame'
09:29:20.659 [Forwarding switchToFrame on session 4a8e613b9410dd5b9b588da0b87ae8b4 to remote] DEBUG org.asynchttpclient.netty.request.NettyRequestSender -- Using open Channel [id: 0xbcb55864, L:/127.0.0.1:52561 - R:localhost/127.0.0.1:35424] for POST '/session/4a8e613b9410dd5b9b588da0b87ae8b4/frame'
09:29:20.690 [AsyncHttpClient-1-2] DEBUG org.asynchttpclient.netty.handler.HttpHandler -- 

Request DefaultHttpRequest(decodeResult: success, version: HTTP/1.1)
POST /session/4a8e613b9410dd5b9b588da0b87ae8b4/frame HTTP/1.1
User-Agent: selenium/4.9.0 (java windows)
Content-Length: 108
Content-Type: application/json; charset=utf-8
host: localhost:35424
accept: */*

Response DefaultHttpResponse(decodeResult: success, version: HTTP/1.1)
HTTP/1.1 200 OK
Content-Length: 14
Content-Type: application/json; charset=utf-8
cache-control: no-cache

09:29:20.690 [AsyncHttpClient-1-2] DEBUG org.asynchttpclient.netty.channel.ChannelManager -- Adding key: http://localhost:35424 for channel [id: 0xbcb55864, L:/127.0.0.1:52561 - R:localhost/127.0.0.1:35424]
09:29:20.691 [Forwarding executeScript on session 4a8e613b9410dd5b9b588da0b87ae8b4 to remote] DEBUG org.asynchttpclient.netty.request.NettyRequestSender -- Using pooled Channel '[id: 0xbcb55864, L:/127.0.0.1:52561 - R:localhost/127.0.0.1:35424]' for 'POST' to 'http://localhost:35424/session/4a8e613b9410dd5b9b588da0b87ae8b4/execute/sync'
09:29:20.691 [Forwarding executeScript on session 4a8e613b9410dd5b9b588da0b87ae8b4 to remote] DEBUG org.asynchttpclient.netty.request.NettyRequestSender -- Using open Channel [id: 0xbcb55864, L:/127.0.0.1:52561 - R:localhost/127.0.0.1:35424] for POST '/session/4a8e613b9410dd5b9b588da0b87ae8b4/execute/sync'
09:29:20.703 [AsyncHttpClient-1-2] DEBUG org.asynchttpclient.netty.handler.HttpHandler -- 

Request DefaultHttpRequest(decodeResult: success, version: HTTP/1.1)
POST /session/4a8e613b9410dd5b9b588da0b87ae8b4/execute/sync HTTP/1.1
User-Agent: selenium/4.9.0 (java windows)
Content-Length: 99
Content-Type: application/json; charset=utf-8
host: localhost:35424
accept: */*

Response DefaultHttpResponse(decodeResult: success, version: HTTP/1.1)
HTTP/1.1 200 OK
Content-Length: 14
Content-Type: application/json; charset=utf-8
cache-control: no-cache

09:29:20.703 [AsyncHttpClient-1-2] DEBUG org.asynchttpclient.netty.channel.ChannelManager -- Adding key: http://localhost:35424 for channel [id: 0xbcb55864, L:/127.0.0.1:52561 - R:localhost/127.0.0.1:35424]
09:29:20.705 [Forwarding findElements on session 4a8e613b9410dd5b9b588da0b87ae8b4 to remote] DEBUG org.asynchttpclient.netty.request.NettyRequestSender -- Using pooled Channel '[id: 0xbcb55864, L:/127.0.0.1:52561 - R:localhost/127.0.0.1:35424]' for 'POST' to 'http://localhost:35424/session/4a8e613b9410dd5b9b588da0b87ae8b4/elements'
09:29:20.705 [Forwarding findElements on session 4a8e613b9410dd5b9b588da0b87ae8b4 to remote] DEBUG org.asynchttpclient.netty.request.NettyRequestSender -- Using open Channel [id: 0xbcb55864, L:/127.0.0.1:52561 - R:localhost/127.0.0.1:35424] for POST '/session/4a8e613b9410dd5b9b588da0b87ae8b4/elements'
09:29:20.719 [AsyncHttpClient-1-2] DEBUG org.asynchttpclient.netty.handler.HttpHandler -- 

Request DefaultHttpRequest(decodeResult: success, version: HTTP/1.1)
POST /session/4a8e613b9410dd5b9b588da0b87ae8b4/elements HTTP/1.1
User-Agent: selenium/4.9.0 (java windows)
Content-Length: 98
Content-Type: application/json; charset=utf-8
host: localhost:35424
accept: */*

Response DefaultHttpResponse(decodeResult: success, version: HTTP/1.1)
HTTP/1.1 200 OK
Content-Length: 183
Content-Type: application/json; charset=utf-8
cache-control: no-cache

09:29:20.720 [AsyncHttpClient-1-2] DEBUG org.asynchttpclient.netty.channel.ChannelManager -- Adding key: http://localhost:35424 for channel [id: 0xbcb55864, L:/127.0.0.1:52561 - R:localhost/127.0.0.1:35424]
09:29:20.723 [Forwarding switchToFrame on session 4a8e613b9410dd5b9b588da0b87ae8b4 to remote] DEBUG org.asynchttpclient.netty.request.NettyRequestSender -- Using pooled Channel '[id: 0xbcb55864, L:/127.0.0.1:52561 - R:localhost/127.0.0.1:35424]' for 'POST' to 'http://localhost:35424/session/4a8e613b9410dd5b9b588da0b87ae8b4/frame'
09:29:20.723 [Forwarding switchToFrame on session 4a8e613b9410dd5b9b588da0b87ae8b4 to remote] DEBUG org.asynchttpclient.netty.request.NettyRequestSender -- Using open Channel [id: 0xbcb55864, L:/127.0.0.1:52561 - R:localhost/127.0.0.1:35424] for POST '/session/4a8e613b9410dd5b9b588da0b87ae8b4/frame'
09:29:20.753 [AsyncHttpClient-1-2] DEBUG org.asynchttpclient.netty.handler.HttpHandler -- 

Request DefaultHttpRequest(decodeResult: success, version: HTTP/1.1)
POST /session/4a8e613b9410dd5b9b588da0b87ae8b4/frame HTTP/1.1
User-Agent: selenium/4.9.0 (java windows)
Content-Length: 106
Content-Type: application/json; charset=utf-8
host: localhost:35424
accept: */*

Response DefaultHttpResponse(decodeResult: success, version: HTTP/1.1)
HTTP/1.1 200 OK
Content-Length: 14
Content-Type: application/json; charset=utf-8
cache-control: no-cache

09:29:20.754 [AsyncHttpClient-1-2] DEBUG org.asynchttpclient.netty.channel.ChannelManager -- Adding key: http://localhost:35424 for channel [id: 0xbcb55864, L:/127.0.0.1:52561 - R:localhost/127.0.0.1:35424]
09:29:20.757 [Forwarding executeScript on session 4a8e613b9410dd5b9b588da0b87ae8b4 to remote] DEBUG org.asynchttpclient.netty.request.NettyRequestSender -- Using pooled Channel '[id: 0xbcb55864, L:/127.0.0.1:52561 - R:localhost/127.0.0.1:35424]' for 'POST' to 'http://localhost:35424/session/4a8e613b9410dd5b9b588da0b87ae8b4/execute/sync'
09:29:20.757 [Forwarding executeScript on session 4a8e613b9410dd5b9b588da0b87ae8b4 to remote] DEBUG org.asynchttpclient.netty.request.NettyRequestSender -- Using open Channel [id: 0xbcb55864, L:/127.0.0.1:52561 - R:localhost/127.0.0.1:35424] for POST '/session/4a8e613b9410dd5b9b588da0b87ae8b4/execute/sync'
09:29:20.768 [AsyncHttpClient-1-2] DEBUG org.asynchttpclient.netty.handler.HttpHandler -- 

Request DefaultHttpRequest(decodeResult: success, version: HTTP/1.1)
POST /session/4a8e613b9410dd5b9b588da0b87ae8b4/execute/sync HTTP/1.1
User-Agent: selenium/4.9.0 (java windows)
Content-Length: 99
Content-Type: application/json; charset=utf-8
host: localhost:35424
accept: */*

Response DefaultHttpResponse(decodeResult: success, version: HTTP/1.1)
HTTP/1.1 200 OK
Content-Length: 14
Content-Type: application/json; charset=utf-8
cache-control: no-cache

09:29:20.769 [AsyncHttpClient-1-2] DEBUG org.asynchttpclient.netty.channel.ChannelManager -- Adding key: http://localhost:35424 for channel [id: 0xbcb55864, L:/127.0.0.1:52561 - R:localhost/127.0.0.1:35424]
09:29:20.771 [Forwarding findElements on session 4a8e613b9410dd5b9b588da0b87ae8b4 to remote] DEBUG org.asynchttpclient.netty.request.NettyRequestSender -- Using pooled Channel '[id: 0xbcb55864, L:/127.0.0.1:52561 - R:localhost/127.0.0.1:35424]' for 'POST' to 'http://localhost:35424/session/4a8e613b9410dd5b9b588da0b87ae8b4/elements'
09:29:20.771 [Forwarding findElements on session 4a8e613b9410dd5b9b588da0b87ae8b4 to remote] DEBUG org.asynchttpclient.netty.request.NettyRequestSender -- Using open Channel [id: 0xbcb55864, L:/127.0.0.1:52561 - R:localhost/127.0.0.1:35424] for POST '/session/4a8e613b9410dd5b9b588da0b87ae8b4/elements'
09:29:20.780 [AsyncHttpClient-1-1] DEBUG org.asynchttpclient.netty.channel.DefaultChannelPool -- Entry count for : http://localhost:52562 : 1
09:29:20.785 [AsyncHttpClient-1-2] DEBUG org.asynchttpclient.netty.handler.HttpHandler -- 

Request DefaultHttpRequest(decodeResult: success, version: HTTP/1.1)
POST /session/4a8e613b9410dd5b9b588da0b87ae8b4/elements HTTP/1.1
User-Agent: selenium/4.9.0 (java windows)
Content-Length: 98
Content-Type: application/json; charset=utf-8
host: localhost:35424
accept: */*

Response DefaultHttpResponse(decodeResult: success, version: HTTP/1.1)
HTTP/1.1 200 OK
Content-Length: 12
Content-Type: application/json; charset=utf-8
cache-control: no-cache

09:29:20.785 [AsyncHttpClient-1-2] DEBUG org.asynchttpclient.netty.channel.ChannelManager -- Adding key: http://localhost:35424 for channel [id: 0xbcb55864, L:/127.0.0.1:52561 - R:localhost/127.0.0.1:35424]
09:29:20.788 [Forwarding switchToParentFrame on session 4a8e613b9410dd5b9b588da0b87ae8b4 to remote] DEBUG org.asynchttpclient.netty.request.NettyRequestSender -- Using pooled Channel '[id: 0xbcb55864, L:/127.0.0.1:52561 - R:localhost/127.0.0.1:35424]' for 'POST' to 'http://localhost:35424/session/4a8e613b9410dd5b9b588da0b87ae8b4/frame/parent'
09:29:20.788 [Forwarding switchToParentFrame on session 4a8e613b9410dd5b9b588da0b87ae8b4 to remote] DEBUG org.asynchttpclient.netty.request.NettyRequestSender -- Using open Channel [id: 0xbcb55864, L:/127.0.0.1:52561 - R:localhost/127.0.0.1:35424] for POST '/session/4a8e613b9410dd5b9b588da0b87ae8b4/frame/parent'
09:29:20.791 [AsyncHttpClient-1-2] DEBUG org.asynchttpclient.netty.handler.HttpHandler -- 

Request DefaultHttpRequest(decodeResult: success, version: HTTP/1.1)
POST /session/4a8e613b9410dd5b9b588da0b87ae8b4/frame/parent HTTP/1.1
User-Agent: selenium/4.9.0 (java windows)
Content-Length: 3
Content-Type: application/json; charset=utf-8
host: localhost:35424
accept: */*

Response DefaultHttpResponse(decodeResult: success, version: HTTP/1.1)
HTTP/1.1 200 OK
Content-Length: 14
Content-Type: application/json; charset=utf-8
cache-control: no-cache

09:29:20.791 [AsyncHttpClient-1-2] DEBUG org.asynchttpclient.netty.channel.ChannelManager -- Adding key: http://localhost:35424 for channel [id: 0xbcb55864, L:/127.0.0.1:52561 - R:localhost/127.0.0.1:35424]
09:29:20.792 [Forwarding switchToFrame on session 4a8e613b9410dd5b9b588da0b87ae8b4 to remote] DEBUG org.asynchttpclient.netty.request.NettyRequestSender -- Using pooled Channel '[id: 0xbcb55864, L:/127.0.0.1:52561 - R:localhost/127.0.0.1:35424]' for 'POST' to 'http://localhost:35424/session/4a8e613b9410dd5b9b588da0b87ae8b4/frame'
09:29:20.792 [Forwarding switchToFrame on session 4a8e613b9410dd5b9b588da0b87ae8b4 to remote] DEBUG org.asynchttpclient.netty.request.NettyRequestSender -- Using open Channel [id: 0xbcb55864, L:/127.0.0.1:52561 - R:localhost/127.0.0.1:35424] for POST '/session/4a8e613b9410dd5b9b588da0b87ae8b4/frame'
09:29:20.822 [AsyncHttpClient-1-2] DEBUG org.asynchttpclient.netty.handler.HttpHandler -- 

Request DefaultHttpRequest(decodeResult: success, version: HTTP/1.1)
POST /session/4a8e613b9410dd5b9b588da0b87ae8b4/frame HTTP/1.1
User-Agent: selenium/4.9.0 (java windows)
Content-Length: 106
Content-Type: application/json; charset=utf-8
host: localhost:35424
accept: */*

Response DefaultHttpResponse(decodeResult: success, version: HTTP/1.1)
HTTP/1.1 200 OK
Content-Length: 14
Content-Type: application/json; charset=utf-8
cache-control: no-cache

09:29:20.822 [AsyncHttpClient-1-2] DEBUG org.asynchttpclient.netty.channel.ChannelManager -- Adding key: http://localhost:35424 for channel [id: 0xbcb55864, L:/127.0.0.1:52561 - R:localhost/127.0.0.1:35424]
09:29:20.825 [Forwarding executeScript on session 4a8e613b9410dd5b9b588da0b87ae8b4 to remote] DEBUG org.asynchttpclient.netty.request.NettyRequestSender -- Using pooled Channel '[id: 0xbcb55864, L:/127.0.0.1:52561 - R:localhost/127.0.0.1:35424]' for 'POST' to 'http://localhost:35424/session/4a8e613b9410dd5b9b588da0b87ae8b4/execute/sync'
09:29:20.825 [Forwarding executeScript on session 4a8e613b9410dd5b9b588da0b87ae8b4 to remote] DEBUG org.asynchttpclient.netty.request.NettyRequestSender -- Using open Channel [id: 0xbcb55864, L:/127.0.0.1:52561 - R:localhost/127.0.0.1:35424] for POST '/session/4a8e613b9410dd5b9b588da0b87ae8b4/execute/sync'
09:29:20.834 [AsyncHttpClient-1-2] DEBUG org.asynchttpclient.netty.handler.HttpHandler -- 

Request DefaultHttpRequest(decodeResult: success, version: HTTP/1.1)
POST /session/4a8e613b9410dd5b9b588da0b87ae8b4/execute/sync HTTP/1.1
User-Agent: selenium/4.9.0 (java windows)
Content-Length: 99
Content-Type: application/json; charset=utf-8
host: localhost:35424
accept: */*

Response DefaultHttpResponse(decodeResult: success, version: HTTP/1.1)
HTTP/1.1 200 OK
Content-Length: 14
Content-Type: application/json; charset=utf-8
cache-control: no-cache

09:29:20.834 [AsyncHttpClient-1-2] DEBUG org.asynchttpclient.netty.channel.ChannelManager -- Adding key: http://localhost:35424 for channel [id: 0xbcb55864, L:/127.0.0.1:52561 - R:localhost/127.0.0.1:35424]
09:29:20.836 [Forwarding findElements on session 4a8e613b9410dd5b9b588da0b87ae8b4 to remote] DEBUG org.asynchttpclient.netty.request.NettyRequestSender -- Using pooled Channel '[id: 0xbcb55864, L:/127.0.0.1:52561 - R:localhost/127.0.0.1:35424]' for 'POST' to 'http://localhost:35424/session/4a8e613b9410dd5b9b588da0b87ae8b4/elements'
09:29:20.836 [Forwarding findElements on session 4a8e613b9410dd5b9b588da0b87ae8b4 to remote] DEBUG org.asynchttpclient.netty.request.NettyRequestSender -- Using open Channel [id: 0xbcb55864, L:/127.0.0.1:52561 - R:localhost/127.0.0.1:35424] for POST '/session/4a8e613b9410dd5b9b588da0b87ae8b4/elements'
09:29:20.847 [AsyncHttpClient-1-2] DEBUG org.asynchttpclient.netty.handler.HttpHandler -- 

Request DefaultHttpRequest(decodeResult: success, version: HTTP/1.1)
POST /session/4a8e613b9410dd5b9b588da0b87ae8b4/elements HTTP/1.1
User-Agent: selenium/4.9.0 (java windows)
Content-Length: 98
Content-Type: application/json; charset=utf-8
host: localhost:35424
accept: */*

Response DefaultHttpResponse(decodeResult: success, version: HTTP/1.1)
HTTP/1.1 200 OK
Content-Length: 12
Content-Type: application/json; charset=utf-8
cache-control: no-cache

09:29:20.847 [AsyncHttpClient-1-2] DEBUG org.asynchttpclient.netty.channel.ChannelManager -- Adding key: http://localhost:35424 for channel [id: 0xbcb55864, L:/127.0.0.1:52561 - R:localhost/127.0.0.1:35424]
09:29:20.850 [Forwarding switchToParentFrame on session 4a8e613b9410dd5b9b588da0b87ae8b4 to remote] DEBUG org.asynchttpclient.netty.request.NettyRequestSender -- Using pooled Channel '[id: 0xbcb55864, L:/127.0.0.1:52561 - R:localhost/127.0.0.1:35424]' for 'POST' to 'http://localhost:35424/session/4a8e613b9410dd5b9b588da0b87ae8b4/frame/parent'
09:29:20.851 [Forwarding switchToParentFrame on session 4a8e613b9410dd5b9b588da0b87ae8b4 to remote] DEBUG org.asynchttpclient.netty.request.NettyRequestSender -- Using open Channel [id: 0xbcb55864, L:/127.0.0.1:52561 - R:localhost/127.0.0.1:35424] for POST '/session/4a8e613b9410dd5b9b588da0b87ae8b4/frame/parent'
09:29:20.854 [AsyncHttpClient-1-2] DEBUG org.asynchttpclient.netty.handler.HttpHandler -- 

Request DefaultHttpRequest(decodeResult: success, version: HTTP/1.1)
POST /session/4a8e613b9410dd5b9b588da0b87ae8b4/frame/parent HTTP/1.1
User-Agent: selenium/4.9.0 (java windows)
Content-Length: 3
Content-Type: application/json; charset=utf-8
host: localhost:35424
accept: */*

Response DefaultHttpResponse(decodeResult: success, version: HTTP/1.1)
HTTP/1.1 200 OK
Content-Length: 14
Content-Type: application/json; charset=utf-8
cache-control: no-cache

09:29:20.854 [AsyncHttpClient-1-2] DEBUG org.asynchttpclient.netty.channel.ChannelManager -- Adding key: http://localhost:35424 for channel [id: 0xbcb55864, L:/127.0.0.1:52561 - R:localhost/127.0.0.1:35424]
09:29:20.856 [Forwarding switchToParentFrame on session 4a8e613b9410dd5b9b588da0b87ae8b4 to remote] DEBUG org.asynchttpclient.netty.request.NettyRequestSender -- Using pooled Channel '[id: 0xbcb55864, L:/127.0.0.1:52561 - R:localhost/127.0.0.1:35424]' for 'POST' to 'http://localhost:35424/session/4a8e613b9410dd5b9b588da0b87ae8b4/frame/parent'
09:29:20.856 [Forwarding switchToParentFrame on session 4a8e613b9410dd5b9b588da0b87ae8b4 to remote] DEBUG org.asynchttpclient.netty.request.NettyRequestSender -- Using open Channel [id: 0xbcb55864, L:/127.0.0.1:52561 - R:localhost/127.0.0.1:35424] for POST '/session/4a8e613b9410dd5b9b588da0b87ae8b4/frame/parent'
09:29:20.859 [AsyncHttpClient-1-2] DEBUG org.asynchttpclient.netty.handler.HttpHandler -- 

Request DefaultHttpRequest(decodeResult: success, version: HTTP/1.1)
POST /session/4a8e613b9410dd5b9b588da0b87ae8b4/frame/parent HTTP/1.1
User-Agent: selenium/4.9.0 (java windows)
Content-Length: 3
Content-Type: application/json; charset=utf-8
host: localhost:35424
accept: */*

Response DefaultHttpResponse(decodeResult: success, version: HTTP/1.1)
HTTP/1.1 200 OK
Content-Length: 14
Content-Type: application/json; charset=utf-8
cache-control: no-cache

09:29:20.859 [AsyncHttpClient-1-2] DEBUG org.asynchttpclient.netty.channel.ChannelManager -- Adding key: http://localhost:35424 for channel [id: 0xbcb55864, L:/127.0.0.1:52561 - R:localhost/127.0.0.1:35424]
09:29:20.861 [Forwarding switchToFrame on session 4a8e613b9410dd5b9b588da0b87ae8b4 to remote] DEBUG org.asynchttpclient.netty.request.NettyRequestSender -- Using pooled Channel '[id: 0xbcb55864, L:/127.0.0.1:52561 - R:localhost/127.0.0.1:35424]' for 'POST' to 'http://localhost:35424/session/4a8e613b9410dd5b9b588da0b87ae8b4/frame'
09:29:20.861 [Forwarding switchToFrame on session 4a8e613b9410dd5b9b588da0b87ae8b4 to remote] DEBUG org.asynchttpclient.netty.request.NettyRequestSender -- Using open Channel [id: 0xbcb55864, L:/127.0.0.1:52561 - R:localhost/127.0.0.1:35424] for POST '/session/4a8e613b9410dd5b9b588da0b87ae8b4/frame'
09:29:20.891 [AsyncHttpClient-1-2] DEBUG org.asynchttpclient.netty.handler.HttpHandler -- 

Request DefaultHttpRequest(decodeResult: success, version: HTTP/1.1)
POST /session/4a8e613b9410dd5b9b588da0b87ae8b4/frame HTTP/1.1
User-Agent: selenium/4.9.0 (java windows)
Content-Length: 108
Content-Type: application/json; charset=utf-8
host: localhost:35424
accept: */*

Response DefaultHttpResponse(decodeResult: success, version: HTTP/1.1)
HTTP/1.1 200 OK
Content-Length: 14
Content-Type: application/json; charset=utf-8
cache-control: no-cache

09:29:20.891 [AsyncHttpClient-1-2] DEBUG org.asynchttpclient.netty.channel.ChannelManager -- Adding key: http://localhost:35424 for channel [id: 0xbcb55864, L:/127.0.0.1:52561 - R:localhost/127.0.0.1:35424]
09:29:20.891 [Forwarding executeScript on session 4a8e613b9410dd5b9b588da0b87ae8b4 to remote] DEBUG org.asynchttpclient.netty.request.NettyRequestSender -- Using pooled Channel '[id: 0xbcb55864, L:/127.0.0.1:52561 - R:localhost/127.0.0.1:35424]' for 'POST' to 'http://localhost:35424/session/4a8e613b9410dd5b9b588da0b87ae8b4/execute/sync'
09:29:20.891 [Forwarding executeScript on session 4a8e613b9410dd5b9b588da0b87ae8b4 to remote] DEBUG org.asynchttpclient.netty.request.NettyRequestSender -- Using open Channel [id: 0xbcb55864, L:/127.0.0.1:52561 - R:localhost/127.0.0.1:35424] for POST '/session/4a8e613b9410dd5b9b588da0b87ae8b4/execute/sync'
09:29:20.903 [AsyncHttpClient-1-2] DEBUG org.asynchttpclient.netty.handler.HttpHandler -- 

Request DefaultHttpRequest(decodeResult: success, version: HTTP/1.1)
POST /session/4a8e613b9410dd5b9b588da0b87ae8b4/execute/sync HTTP/1.1
User-Agent: selenium/4.9.0 (java windows)
Content-Length: 99
Content-Type: application/json; charset=utf-8
host: localhost:35424
accept: */*

Response DefaultHttpResponse(decodeResult: success, version: HTTP/1.1)
HTTP/1.1 200 OK
Content-Length: 14
Content-Type: application/json; charset=utf-8
cache-control: no-cache

09:29:20.903 [AsyncHttpClient-1-2] DEBUG org.asynchttpclient.netty.channel.ChannelManager -- Adding key: http://localhost:35424 for channel [id: 0xbcb55864, L:/127.0.0.1:52561 - R:localhost/127.0.0.1:35424]
09:29:20.906 [Forwarding findElements on session 4a8e613b9410dd5b9b588da0b87ae8b4 to remote] DEBUG org.asynchttpclient.netty.request.NettyRequestSender -- Using pooled Channel '[id: 0xbcb55864, L:/127.0.0.1:52561 - R:localhost/127.0.0.1:35424]' for 'POST' to 'http://localhost:35424/session/4a8e613b9410dd5b9b588da0b87ae8b4/elements'
09:29:20.906 [Forwarding findElements on session 4a8e613b9410dd5b9b588da0b87ae8b4 to remote] DEBUG org.asynchttpclient.netty.request.NettyRequestSender -- Using open Channel [id: 0xbcb55864, L:/127.0.0.1:52561 - R:localhost/127.0.0.1:35424] for POST '/session/4a8e613b9410dd5b9b588da0b87ae8b4/elements'
09:29:20.926 [AsyncHttpClient-1-2] DEBUG org.asynchttpclient.netty.handler.HttpHandler -- 

Request DefaultHttpRequest(decodeResult: success, version: HTTP/1.1)
POST /session/4a8e613b9410dd5b9b588da0b87ae8b4/elements HTTP/1.1
User-Agent: selenium/4.9.0 (java windows)
Content-Length: 98
Content-Type: application/json; charset=utf-8
host: localhost:35424
accept: */*

Response DefaultHttpResponse(decodeResult: success, version: HTTP/1.1)
HTTP/1.1 200 OK
Content-Length: 269
Content-Type: application/json; charset=utf-8
cache-control: no-cache

09:29:20.927 [AsyncHttpClient-1-2] DEBUG org.asynchttpclient.netty.channel.ChannelManager -- Adding key: http://localhost:35424 for channel [id: 0xbcb55864, L:/127.0.0.1:52561 - R:localhost/127.0.0.1:35424]
09:29:20.930 [Forwarding switchToFrame on session 4a8e613b9410dd5b9b588da0b87ae8b4 to remote] DEBUG org.asynchttpclient.netty.request.NettyRequestSender -- Using pooled Channel '[id: 0xbcb55864, L:/127.0.0.1:52561 - R:localhost/127.0.0.1:35424]' for 'POST' to 'http://localhost:35424/session/4a8e613b9410dd5b9b588da0b87ae8b4/frame'
09:29:20.930 [Forwarding switchToFrame on session 4a8e613b9410dd5b9b588da0b87ae8b4 to remote] DEBUG org.asynchttpclient.netty.request.NettyRequestSender -- Using open Channel [id: 0xbcb55864, L:/127.0.0.1:52561 - R:localhost/127.0.0.1:35424] for POST '/session/4a8e613b9410dd5b9b588da0b87ae8b4/frame'
09:29:20.977 [AsyncHttpClient-1-2] DEBUG org.asynchttpclient.netty.handler.HttpHandler -- 

Request DefaultHttpRequest(decodeResult: success, version: HTTP/1.1)
POST /session/4a8e613b9410dd5b9b588da0b87ae8b4/frame HTTP/1.1
User-Agent: selenium/4.9.0 (java windows)
Content-Length: 106
Content-Type: application/json; charset=utf-8
host: localhost:35424
accept: */*

Response DefaultHttpResponse(decodeResult: success, version: HTTP/1.1)
HTTP/1.1 200 OK
Content-Length: 14
Content-Type: application/json; charset=utf-8
cache-control: no-cache

09:29:20.977 [AsyncHttpClient-1-2] DEBUG org.asynchttpclient.netty.channel.ChannelManager -- Adding key: http://localhost:35424 for channel [id: 0xbcb55864, L:/127.0.0.1:52561 - R:localhost/127.0.0.1:35424]
09:29:20.980 [Forwarding executeScript on session 4a8e613b9410dd5b9b588da0b87ae8b4 to remote] DEBUG org.asynchttpclient.netty.request.NettyRequestSender -- Using pooled Channel '[id: 0xbcb55864, L:/127.0.0.1:52561 - R:localhost/127.0.0.1:35424]' for 'POST' to 'http://localhost:35424/session/4a8e613b9410dd5b9b588da0b87ae8b4/execute/sync'
09:29:20.980 [Forwarding executeScript on session 4a8e613b9410dd5b9b588da0b87ae8b4 to remote] DEBUG org.asynchttpclient.netty.request.NettyRequestSender -- Using open Channel [id: 0xbcb55864, L:/127.0.0.1:52561 - R:localhost/127.0.0.1:35424] for POST '/session/4a8e613b9410dd5b9b588da0b87ae8b4/execute/sync'
09:29:20.993 [AsyncHttpClient-1-2] DEBUG org.asynchttpclient.netty.handler.HttpHandler -- 

Request DefaultHttpRequest(decodeResult: success, version: HTTP/1.1)
POST /session/4a8e613b9410dd5b9b588da0b87ae8b4/execute/sync HTTP/1.1
User-Agent: selenium/4.9.0 (java windows)
Content-Length: 99
Content-Type: application/json; charset=utf-8
host: localhost:35424
accept: */*

Response DefaultHttpResponse(decodeResult: success, version: HTTP/1.1)
HTTP/1.1 200 OK
Content-Length: 14
Content-Type: application/json; charset=utf-8
cache-control: no-cache

09:29:20.993 [AsyncHttpClient-1-2] DEBUG org.asynchttpclient.netty.channel.ChannelManager -- Adding key: http://localhost:35424 for channel [id: 0xbcb55864, L:/127.0.0.1:52561 - R:localhost/127.0.0.1:35424]
09:29:20.997 [Forwarding findElements on session 4a8e613b9410dd5b9b588da0b87ae8b4 to remote] DEBUG org.asynchttpclient.netty.request.NettyRequestSender -- Using pooled Channel '[id: 0xbcb55864, L:/127.0.0.1:52561 - R:localhost/127.0.0.1:35424]' for 'POST' to 'http://localhost:35424/session/4a8e613b9410dd5b9b588da0b87ae8b4/elements'
09:29:20.997 [Forwarding findElements on session 4a8e613b9410dd5b9b588da0b87ae8b4 to remote] DEBUG org.asynchttpclient.netty.request.NettyRequestSender -- Using open Channel [id: 0xbcb55864, L:/127.0.0.1:52561 - R:localhost/127.0.0.1:35424] for POST '/session/4a8e613b9410dd5b9b588da0b87ae8b4/elements'
09:29:21.012 [AsyncHttpClient-1-2] DEBUG org.asynchttpclient.netty.handler.HttpHandler -- 

Request DefaultHttpRequest(decodeResult: success, version: HTTP/1.1)
POST /session/4a8e613b9410dd5b9b588da0b87ae8b4/elements HTTP/1.1
User-Agent: selenium/4.9.0 (java windows)
Content-Length: 98
Content-Type: application/json; charset=utf-8
host: localhost:35424
accept: */*

Response DefaultHttpResponse(decodeResult: success, version: HTTP/1.1)
HTTP/1.1 200 OK
Content-Length: 12
Content-Type: application/json; charset=utf-8
cache-control: no-cache

09:29:21.012 [AsyncHttpClient-1-2] DEBUG org.asynchttpclient.netty.channel.ChannelManager -- Adding key: http://localhost:35424 for channel [id: 0xbcb55864, L:/127.0.0.1:52561 - R:localhost/127.0.0.1:35424]
09:29:21.015 [Forwarding switchToParentFrame on session 4a8e613b9410dd5b9b588da0b87ae8b4 to remote] DEBUG org.asynchttpclient.netty.request.NettyRequestSender -- Using pooled Channel '[id: 0xbcb55864, L:/127.0.0.1:52561 - R:localhost/127.0.0.1:35424]' for 'POST' to 'http://localhost:35424/session/4a8e613b9410dd5b9b588da0b87ae8b4/frame/parent'
09:29:21.015 [Forwarding switchToParentFrame on session 4a8e613b9410dd5b9b588da0b87ae8b4 to remote] DEBUG org.asynchttpclient.netty.request.NettyRequestSender -- Using open Channel [id: 0xbcb55864, L:/127.0.0.1:52561 - R:localhost/127.0.0.1:35424] for POST '/session/4a8e613b9410dd5b9b588da0b87ae8b4/frame/parent'
09:29:21.021 [AsyncHttpClient-1-2] DEBUG org.asynchttpclient.netty.handler.HttpHandler -- 

Request DefaultHttpRequest(decodeResult: success, version: HTTP/1.1)
POST /session/4a8e613b9410dd5b9b588da0b87ae8b4/frame/parent HTTP/1.1
User-Agent: selenium/4.9.0 (java windows)
Content-Length: 3
Content-Type: application/json; charset=utf-8
host: localhost:35424
accept: */*

Response DefaultHttpResponse(decodeResult: success, version: HTTP/1.1)
HTTP/1.1 200 OK
Content-Length: 14
Content-Type: application/json; charset=utf-8
cache-control: no-cache

09:29:21.021 [AsyncHttpClient-1-2] DEBUG org.asynchttpclient.netty.channel.ChannelManager -- Adding key: http://localhost:35424 for channel [id: 0xbcb55864, L:/127.0.0.1:52561 - R:localhost/127.0.0.1:35424]
09:29:21.022 [Forwarding switchToFrame on session 4a8e613b9410dd5b9b588da0b87ae8b4 to remote] DEBUG org.asynchttpclient.netty.request.NettyRequestSender -- Using pooled Channel '[id: 0xbcb55864, L:/127.0.0.1:52561 - R:localhost/127.0.0.1:35424]' for 'POST' to 'http://localhost:35424/session/4a8e613b9410dd5b9b588da0b87ae8b4/frame'
09:29:21.022 [Forwarding switchToFrame on session 4a8e613b9410dd5b9b588da0b87ae8b4 to remote] DEBUG org.asynchttpclient.netty.request.NettyRequestSender -- Using open Channel [id: 0xbcb55864, L:/127.0.0.1:52561 - R:localhost/127.0.0.1:35424] for POST '/session/4a8e613b9410dd5b9b588da0b87ae8b4/frame'
09:29:21.057 [AsyncHttpClient-1-2] DEBUG org.asynchttpclient.netty.handler.HttpHandler -- 

Request DefaultHttpRequest(decodeResult: success, version: HTTP/1.1)
POST /session/4a8e613b9410dd5b9b588da0b87ae8b4/frame HTTP/1.1
User-Agent: selenium/4.9.0 (java windows)
Content-Length: 106
Content-Type: application/json; charset=utf-8
host: localhost:35424
accept: */*

Response DefaultHttpResponse(decodeResult: success, version: HTTP/1.1)
HTTP/1.1 200 OK
Content-Length: 14
Content-Type: application/json; charset=utf-8
cache-control: no-cache

09:29:21.057 [AsyncHttpClient-1-2] DEBUG org.asynchttpclient.netty.channel.ChannelManager -- Adding key: http://localhost:35424 for channel [id: 0xbcb55864, L:/127.0.0.1:52561 - R:localhost/127.0.0.1:35424]
09:29:21.059 [Forwarding executeScript on session 4a8e613b9410dd5b9b588da0b87ae8b4 to remote] DEBUG org.asynchttpclient.netty.request.NettyRequestSender -- Using pooled Channel '[id: 0xbcb55864, L:/127.0.0.1:52561 - R:localhost/127.0.0.1:35424]' for 'POST' to 'http://localhost:35424/session/4a8e613b9410dd5b9b588da0b87ae8b4/execute/sync'
09:29:21.059 [Forwarding executeScript on session 4a8e613b9410dd5b9b588da0b87ae8b4 to remote] DEBUG org.asynchttpclient.netty.request.NettyRequestSender -- Using open Channel [id: 0xbcb55864, L:/127.0.0.1:52561 - R:localhost/127.0.0.1:35424] for POST '/session/4a8e613b9410dd5b9b588da0b87ae8b4/execute/sync'
09:29:21.075 [AsyncHttpClient-1-2] DEBUG org.asynchttpclient.netty.handler.HttpHandler -- 

Request DefaultHttpRequest(decodeResult: success, version: HTTP/1.1)
POST /session/4a8e613b9410dd5b9b588da0b87ae8b4/execute/sync HTTP/1.1
User-Agent: selenium/4.9.0 (java windows)
Content-Length: 99
Content-Type: application/json; charset=utf-8
host: localhost:35424
accept: */*

Response DefaultHttpResponse(decodeResult: success, version: HTTP/1.1)
HTTP/1.1 200 OK
Content-Length: 14
Content-Type: application/json; charset=utf-8
cache-control: no-cache

09:29:21.075 [AsyncHttpClient-1-2] DEBUG org.asynchttpclient.netty.channel.ChannelManager -- Adding key: http://localhost:35424 for channel [id: 0xbcb55864, L:/127.0.0.1:52561 - R:localhost/127.0.0.1:35424]
09:29:21.078 [Forwarding findElements on session 4a8e613b9410dd5b9b588da0b87ae8b4 to remote] DEBUG org.asynchttpclient.netty.request.NettyRequestSender -- Using pooled Channel '[id: 0xbcb55864, L:/127.0.0.1:52561 - R:localhost/127.0.0.1:35424]' for 'POST' to 'http://localhost:35424/session/4a8e613b9410dd5b9b588da0b87ae8b4/elements'
09:29:21.078 [Forwarding findElements on session 4a8e613b9410dd5b9b588da0b87ae8b4 to remote] DEBUG org.asynchttpclient.netty.request.NettyRequestSender -- Using open Channel [id: 0xbcb55864, L:/127.0.0.1:52561 - R:localhost/127.0.0.1:35424] for POST '/session/4a8e613b9410dd5b9b588da0b87ae8b4/elements'
09:29:21.095 [AsyncHttpClient-1-2] DEBUG org.asynchttpclient.netty.handler.HttpHandler -- 

Request DefaultHttpRequest(decodeResult: success, version: HTTP/1.1)
POST /session/4a8e613b9410dd5b9b588da0b87ae8b4/elements HTTP/1.1
User-Agent: selenium/4.9.0 (java windows)
Content-Length: 98
Content-Type: application/json; charset=utf-8
host: localhost:35424
accept: */*

Response DefaultHttpResponse(decodeResult: success, version: HTTP/1.1)
HTTP/1.1 200 OK
Content-Length: 12
Content-Type: application/json; charset=utf-8
cache-control: no-cache

09:29:21.096 [AsyncHttpClient-1-2] DEBUG org.asynchttpclient.netty.channel.ChannelManager -- Adding key: http://localhost:35424 for channel [id: 0xbcb55864, L:/127.0.0.1:52561 - R:localhost/127.0.0.1:35424]
09:29:21.096 [Forwarding switchToParentFrame on session 4a8e613b9410dd5b9b588da0b87ae8b4 to remote] DEBUG org.asynchttpclient.netty.request.NettyRequestSender -- Using pooled Channel '[id: 0xbcb55864, L:/127.0.0.1:52561 - R:localhost/127.0.0.1:35424]' for 'POST' to 'http://localhost:35424/session/4a8e613b9410dd5b9b588da0b87ae8b4/frame/parent'
09:29:21.096 [Forwarding switchToParentFrame on session 4a8e613b9410dd5b9b588da0b87ae8b4 to remote] DEBUG org.asynchttpclient.netty.request.NettyRequestSender -- Using open Channel [id: 0xbcb55864, L:/127.0.0.1:52561 - R:localhost/127.0.0.1:35424] for POST '/session/4a8e613b9410dd5b9b588da0b87ae8b4/frame/parent'
09:29:21.104 [AsyncHttpClient-1-2] DEBUG org.asynchttpclient.netty.handler.HttpHandler -- 

Request DefaultHttpRequest(decodeResult: success, version: HTTP/1.1)
POST /session/4a8e613b9410dd5b9b588da0b87ae8b4/frame/parent HTTP/1.1
User-Agent: selenium/4.9.0 (java windows)
Content-Length: 3
Content-Type: application/json; charset=utf-8
host: localhost:35424
accept: */*

Response DefaultHttpResponse(decodeResult: success, version: HTTP/1.1)
HTTP/1.1 200 OK
Content-Length: 14
Content-Type: application/json; charset=utf-8
cache-control: no-cache

09:29:21.105 [AsyncHttpClient-1-2] DEBUG org.asynchttpclient.netty.channel.ChannelManager -- Adding key: http://localhost:35424 for channel [id: 0xbcb55864, L:/127.0.0.1:52561 - R:localhost/127.0.0.1:35424]
09:29:21.107 [Forwarding switchToFrame on session 4a8e613b9410dd5b9b588da0b87ae8b4 to remote] DEBUG org.asynchttpclient.netty.request.NettyRequestSender -- Using pooled Channel '[id: 0xbcb55864, L:/127.0.0.1:52561 - R:localhost/127.0.0.1:35424]' for 'POST' to 'http://localhost:35424/session/4a8e613b9410dd5b9b588da0b87ae8b4/frame'
09:29:21.107 [Forwarding switchToFrame on session 4a8e613b9410dd5b9b588da0b87ae8b4 to remote] DEBUG org.asynchttpclient.netty.request.NettyRequestSender -- Using open Channel [id: 0xbcb55864, L:/127.0.0.1:52561 - R:localhost/127.0.0.1:35424] for POST '/session/4a8e613b9410dd5b9b588da0b87ae8b4/frame'
09:29:21.142 [AsyncHttpClient-1-2] DEBUG org.asynchttpclient.netty.handler.HttpHandler -- 

Request DefaultHttpRequest(decodeResult: success, version: HTTP/1.1)
POST /session/4a8e613b9410dd5b9b588da0b87ae8b4/frame HTTP/1.1
User-Agent: selenium/4.9.0 (java windows)
Content-Length: 106
Content-Type: application/json; charset=utf-8
host: localhost:35424
accept: */*

Response DefaultHttpResponse(decodeResult: success, version: HTTP/1.1)
HTTP/1.1 200 OK
Content-Length: 14
Content-Type: application/json; charset=utf-8
cache-control: no-cache

09:29:21.142 [AsyncHttpClient-1-2] DEBUG org.asynchttpclient.netty.channel.ChannelManager -- Adding key: http://localhost:35424 for channel [id: 0xbcb55864, L:/127.0.0.1:52561 - R:localhost/127.0.0.1:35424]
09:29:21.145 [Forwarding executeScript on session 4a8e613b9410dd5b9b588da0b87ae8b4 to remote] DEBUG org.asynchttpclient.netty.request.NettyRequestSender -- Using pooled Channel '[id: 0xbcb55864, L:/127.0.0.1:52561 - R:localhost/127.0.0.1:35424]' for 'POST' to 'http://localhost:35424/session/4a8e613b9410dd5b9b588da0b87ae8b4/execute/sync'
09:29:21.145 [Forwarding executeScript on session 4a8e613b9410dd5b9b588da0b87ae8b4 to remote] DEBUG org.asynchttpclient.netty.request.NettyRequestSender -- Using open Channel [id: 0xbcb55864, L:/127.0.0.1:52561 - R:localhost/127.0.0.1:35424] for POST '/session/4a8e613b9410dd5b9b588da0b87ae8b4/execute/sync'
09:29:21.153 [AsyncHttpClient-1-2] DEBUG org.asynchttpclient.netty.handler.HttpHandler -- 

Request DefaultHttpRequest(decodeResult: success, version: HTTP/1.1)
POST /session/4a8e613b9410dd5b9b588da0b87ae8b4/execute/sync HTTP/1.1
User-Agent: selenium/4.9.0 (java windows)
Content-Length: 99
Content-Type: application/json; charset=utf-8
host: localhost:35424
accept: */*

Response DefaultHttpResponse(decodeResult: success, version: HTTP/1.1)
HTTP/1.1 200 OK
Content-Length: 14
Content-Type: application/json; charset=utf-8
cache-control: no-cache

09:29:21.153 [AsyncHttpClient-1-2] DEBUG org.asynchttpclient.netty.channel.ChannelManager -- Adding key: http://localhost:35424 for channel [id: 0xbcb55864, L:/127.0.0.1:52561 - R:localhost/127.0.0.1:35424]
09:29:21.156 [Forwarding findElements on session 4a8e613b9410dd5b9b588da0b87ae8b4 to remote] DEBUG org.asynchttpclient.netty.request.NettyRequestSender -- Using pooled Channel '[id: 0xbcb55864, L:/127.0.0.1:52561 - R:localhost/127.0.0.1:35424]' for 'POST' to 'http://localhost:35424/session/4a8e613b9410dd5b9b588da0b87ae8b4/elements'
09:29:21.156 [Forwarding findElements on session 4a8e613b9410dd5b9b588da0b87ae8b4 to remote] DEBUG org.asynchttpclient.netty.request.NettyRequestSender -- Using open Channel [id: 0xbcb55864, L:/127.0.0.1:52561 - R:localhost/127.0.0.1:35424] for POST '/session/4a8e613b9410dd5b9b588da0b87ae8b4/elements'
09:29:21.175 [AsyncHttpClient-1-2] DEBUG org.asynchttpclient.netty.handler.HttpHandler -- 

Request DefaultHttpRequest(decodeResult: success, version: HTTP/1.1)
POST /session/4a8e613b9410dd5b9b588da0b87ae8b4/elements HTTP/1.1
User-Agent: selenium/4.9.0 (java windows)
Content-Length: 98
Content-Type: application/json; charset=utf-8
host: localhost:35424
accept: */*

Response DefaultHttpResponse(decodeResult: success, version: HTTP/1.1)
HTTP/1.1 200 OK
Content-Length: 12
Content-Type: application/json; charset=utf-8
cache-control: no-cache

09:29:21.176 [AsyncHttpClient-1-2] DEBUG org.asynchttpclient.netty.channel.ChannelManager -- Adding key: http://localhost:35424 for channel [id: 0xbcb55864, L:/127.0.0.1:52561 - R:localhost/127.0.0.1:35424]
09:29:21.178 [Forwarding switchToParentFrame on session 4a8e613b9410dd5b9b588da0b87ae8b4 to remote] DEBUG org.asynchttpclient.netty.request.NettyRequestSender -- Using pooled Channel '[id: 0xbcb55864, L:/127.0.0.1:52561 - R:localhost/127.0.0.1:35424]' for 'POST' to 'http://localhost:35424/session/4a8e613b9410dd5b9b588da0b87ae8b4/frame/parent'
09:29:21.179 [Forwarding switchToParentFrame on session 4a8e613b9410dd5b9b588da0b87ae8b4 to remote] DEBUG org.asynchttpclient.netty.request.NettyRequestSender -- Using open Channel [id: 0xbcb55864, L:/127.0.0.1:52561 - R:localhost/127.0.0.1:35424] for POST '/session/4a8e613b9410dd5b9b588da0b87ae8b4/frame/parent'
09:29:21.184 [AsyncHttpClient-1-2] DEBUG org.asynchttpclient.netty.handler.HttpHandler -- 

Request DefaultHttpRequest(decodeResult: success, version: HTTP/1.1)
POST /session/4a8e613b9410dd5b9b588da0b87ae8b4/frame/parent HTTP/1.1
User-Agent: selenium/4.9.0 (java windows)
Content-Length: 3
Content-Type: application/json; charset=utf-8
host: localhost:35424
accept: */*

Response DefaultHttpResponse(decodeResult: success, version: HTTP/1.1)
HTTP/1.1 200 OK
Content-Length: 14
Content-Type: application/json; charset=utf-8
cache-control: no-cache

09:29:21.185 [AsyncHttpClient-1-2] DEBUG org.asynchttpclient.netty.channel.ChannelManager -- Adding key: http://localhost:35424 for channel [id: 0xbcb55864, L:/127.0.0.1:52561 - R:localhost/127.0.0.1:35424]
09:29:21.186 [Forwarding switchToParentFrame on session 4a8e613b9410dd5b9b588da0b87ae8b4 to remote] DEBUG org.asynchttpclient.netty.request.NettyRequestSender -- Using pooled Channel '[id: 0xbcb55864, L:/127.0.0.1:52561 - R:localhost/127.0.0.1:35424]' for 'POST' to 'http://localhost:35424/session/4a8e613b9410dd5b9b588da0b87ae8b4/frame/parent'
09:29:21.186 [Forwarding switchToParentFrame on session 4a8e613b9410dd5b9b588da0b87ae8b4 to remote] DEBUG org.asynchttpclient.netty.request.NettyRequestSender -- Using open Channel [id: 0xbcb55864, L:/127.0.0.1:52561 - R:localhost/127.0.0.1:35424] for POST '/session/4a8e613b9410dd5b9b588da0b87ae8b4/frame/parent'
09:29:21.189 [AsyncHttpClient-1-2] DEBUG org.asynchttpclient.netty.handler.HttpHandler -- 

Request DefaultHttpRequest(decodeResult: success, version: HTTP/1.1)
POST /session/4a8e613b9410dd5b9b588da0b87ae8b4/frame/parent HTTP/1.1
User-Agent: selenium/4.9.0 (java windows)
Content-Length: 3
Content-Type: application/json; charset=utf-8
host: localhost:35424
accept: */*

Response DefaultHttpResponse(decodeResult: success, version: HTTP/1.1)
HTTP/1.1 200 OK
Content-Length: 14
Content-Type: application/json; charset=utf-8
cache-control: no-cache

09:29:21.189 [AsyncHttpClient-1-2] DEBUG org.asynchttpclient.netty.channel.ChannelManager -- Adding key: http://localhost:35424 for channel [id: 0xbcb55864, L:/127.0.0.1:52561 - R:localhost/127.0.0.1:35424]
09:29:21.191 [Forwarding switchToFrame on session 4a8e613b9410dd5b9b588da0b87ae8b4 to remote] DEBUG org.asynchttpclient.netty.request.NettyRequestSender -- Using pooled Channel '[id: 0xbcb55864, L:/127.0.0.1:52561 - R:localhost/127.0.0.1:35424]' for 'POST' to 'http://localhost:35424/session/4a8e613b9410dd5b9b588da0b87ae8b4/frame'
09:29:21.191 [Forwarding switchToFrame on session 4a8e613b9410dd5b9b588da0b87ae8b4 to remote] DEBUG org.asynchttpclient.netty.request.NettyRequestSender -- Using open Channel [id: 0xbcb55864, L:/127.0.0.1:52561 - R:localhost/127.0.0.1:35424] for POST '/session/4a8e613b9410dd5b9b588da0b87ae8b4/frame'
09:29:21.227 [AsyncHttpClient-1-2] DEBUG org.asynchttpclient.netty.handler.HttpHandler -- 

Request DefaultHttpRequest(decodeResult: success, version: HTTP/1.1)
POST /session/4a8e613b9410dd5b9b588da0b87ae8b4/frame HTTP/1.1
User-Agent: selenium/4.9.0 (java windows)
Content-Length: 107
Content-Type: application/json; charset=utf-8
host: localhost:35424
accept: */*

Response DefaultHttpResponse(decodeResult: success, version: HTTP/1.1)
HTTP/1.1 200 OK
Content-Length: 14
Content-Type: application/json; charset=utf-8
cache-control: no-cache

09:29:21.227 [AsyncHttpClient-1-2] DEBUG org.asynchttpclient.netty.channel.ChannelManager -- Adding key: http://localhost:35424 for channel [id: 0xbcb55864, L:/127.0.0.1:52561 - R:localhost/127.0.0.1:35424]
09:29:21.229 [Forwarding executeScript on session 4a8e613b9410dd5b9b588da0b87ae8b4 to remote] DEBUG org.asynchttpclient.netty.request.NettyRequestSender -- Using pooled Channel '[id: 0xbcb55864, L:/127.0.0.1:52561 - R:localhost/127.0.0.1:35424]' for 'POST' to 'http://localhost:35424/session/4a8e613b9410dd5b9b588da0b87ae8b4/execute/sync'
09:29:21.229 [Forwarding executeScript on session 4a8e613b9410dd5b9b588da0b87ae8b4 to remote] DEBUG org.asynchttpclient.netty.request.NettyRequestSender -- Using open Channel [id: 0xbcb55864, L:/127.0.0.1:52561 - R:localhost/127.0.0.1:35424] for POST '/session/4a8e613b9410dd5b9b588da0b87ae8b4/execute/sync'
09:29:21.240 [AsyncHttpClient-1-2] DEBUG org.asynchttpclient.netty.handler.HttpHandler -- 

Request DefaultHttpRequest(decodeResult: success, version: HTTP/1.1)
POST /session/4a8e613b9410dd5b9b588da0b87ae8b4/execute/sync HTTP/1.1
User-Agent: selenium/4.9.0 (java windows)
Content-Length: 99
Content-Type: application/json; charset=utf-8
host: localhost:35424
accept: */*

Response DefaultHttpResponse(decodeResult: success, version: HTTP/1.1)
HTTP/1.1 200 OK
Content-Length: 14
Content-Type: application/json; charset=utf-8
cache-control: no-cache

09:29:21.240 [AsyncHttpClient-1-2] DEBUG org.asynchttpclient.netty.channel.ChannelManager -- Adding key: http://localhost:35424 for channel [id: 0xbcb55864, L:/127.0.0.1:52561 - R:localhost/127.0.0.1:35424]
09:29:21.242 [Forwarding findElements on session 4a8e613b9410dd5b9b588da0b87ae8b4 to remote] DEBUG org.asynchttpclient.netty.request.NettyRequestSender -- Using pooled Channel '[id: 0xbcb55864, L:/127.0.0.1:52561 - R:localhost/127.0.0.1:35424]' for 'POST' to 'http://localhost:35424/session/4a8e613b9410dd5b9b588da0b87ae8b4/elements'
09:29:21.242 [Forwarding findElements on session 4a8e613b9410dd5b9b588da0b87ae8b4 to remote] DEBUG org.asynchttpclient.netty.request.NettyRequestSender -- Using open Channel [id: 0xbcb55864, L:/127.0.0.1:52561 - R:localhost/127.0.0.1:35424] for POST '/session/4a8e613b9410dd5b9b588da0b87ae8b4/elements'
09:29:21.257 [AsyncHttpClient-1-2] DEBUG org.asynchttpclient.netty.handler.HttpHandler -- 

Request DefaultHttpRequest(decodeResult: success, version: HTTP/1.1)
POST /session/4a8e613b9410dd5b9b588da0b87ae8b4/elements HTTP/1.1
User-Agent: selenium/4.9.0 (java windows)
Content-Length: 98
Content-Type: application/json; charset=utf-8
host: localhost:35424
accept: */*

Response DefaultHttpResponse(decodeResult: success, version: HTTP/1.1)
HTTP/1.1 200 OK
Content-Length: 96
Content-Type: application/json; charset=utf-8
cache-control: no-cache

09:29:21.257 [AsyncHttpClient-1-2] DEBUG org.asynchttpclient.netty.channel.ChannelManager -- Adding key: http://localhost:35424 for channel [id: 0xbcb55864, L:/127.0.0.1:52561 - R:localhost/127.0.0.1:35424]
09:29:21.258 [Forwarding switchToFrame on session 4a8e613b9410dd5b9b588da0b87ae8b4 to remote] DEBUG org.asynchttpclient.netty.request.NettyRequestSender -- Using pooled Channel '[id: 0xbcb55864, L:/127.0.0.1:52561 - R:localhost/127.0.0.1:35424]' for 'POST' to 'http://localhost:35424/session/4a8e613b9410dd5b9b588da0b87ae8b4/frame'
09:29:21.258 [Forwarding switchToFrame on session 4a8e613b9410dd5b9b588da0b87ae8b4 to remote] DEBUG org.asynchttpclient.netty.request.NettyRequestSender -- Using open Channel [id: 0xbcb55864, L:/127.0.0.1:52561 - R:localhost/127.0.0.1:35424] for POST '/session/4a8e613b9410dd5b9b588da0b87ae8b4/frame'
09:29:21.291 [AsyncHttpClient-1-2] DEBUG org.asynchttpclient.netty.handler.HttpHandler -- 

Request DefaultHttpRequest(decodeResult: success, version: HTTP/1.1)
POST /session/4a8e613b9410dd5b9b588da0b87ae8b4/frame HTTP/1.1
User-Agent: selenium/4.9.0 (java windows)
Content-Length: 105
Content-Type: application/json; charset=utf-8
host: localhost:35424
accept: */*

Response DefaultHttpResponse(decodeResult: success, version: HTTP/1.1)
HTTP/1.1 200 OK
Content-Length: 14
Content-Type: application/json; charset=utf-8
cache-control: no-cache

09:29:21.292 [AsyncHttpClient-1-2] DEBUG org.asynchttpclient.netty.channel.ChannelManager -- Adding key: http://localhost:35424 for channel [id: 0xbcb55864, L:/127.0.0.1:52561 - R:localhost/127.0.0.1:35424]
09:29:21.293 [Forwarding executeScript on session 4a8e613b9410dd5b9b588da0b87ae8b4 to remote] DEBUG org.asynchttpclient.netty.request.NettyRequestSender -- Using pooled Channel '[id: 0xbcb55864, L:/127.0.0.1:52561 - R:localhost/127.0.0.1:35424]' for 'POST' to 'http://localhost:35424/session/4a8e613b9410dd5b9b588da0b87ae8b4/execute/sync'
09:29:21.293 [Forwarding executeScript on session 4a8e613b9410dd5b9b588da0b87ae8b4 to remote] DEBUG org.asynchttpclient.netty.request.NettyRequestSender -- Using open Channel [id: 0xbcb55864, L:/127.0.0.1:52561 - R:localhost/127.0.0.1:35424] for POST '/session/4a8e613b9410dd5b9b588da0b87ae8b4/execute/sync'
09:29:21.306 [AsyncHttpClient-1-2] DEBUG org.asynchttpclient.netty.handler.HttpHandler -- 

Request DefaultHttpRequest(decodeResult: success, version: HTTP/1.1)
POST /session/4a8e613b9410dd5b9b588da0b87ae8b4/execute/sync HTTP/1.1
User-Agent: selenium/4.9.0 (java windows)
Content-Length: 99
Content-Type: application/json; charset=utf-8
host: localhost:35424
accept: */*

Response DefaultHttpResponse(decodeResult: success, version: HTTP/1.1)
HTTP/1.1 200 OK
Content-Length: 14
Content-Type: application/json; charset=utf-8
cache-control: no-cache

09:29:21.307 [AsyncHttpClient-1-2] DEBUG org.asynchttpclient.netty.channel.ChannelManager -- Adding key: http://localhost:35424 for channel [id: 0xbcb55864, L:/127.0.0.1:52561 - R:localhost/127.0.0.1:35424]
09:29:21.308 [Forwarding findElements on session 4a8e613b9410dd5b9b588da0b87ae8b4 to remote] DEBUG org.asynchttpclient.netty.request.NettyRequestSender -- Using pooled Channel '[id: 0xbcb55864, L:/127.0.0.1:52561 - R:localhost/127.0.0.1:35424]' for 'POST' to 'http://localhost:35424/session/4a8e613b9410dd5b9b588da0b87ae8b4/elements'
09:29:21.308 [Forwarding findElements on session 4a8e613b9410dd5b9b588da0b87ae8b4 to remote] DEBUG org.asynchttpclient.netty.request.NettyRequestSender -- Using open Channel [id: 0xbcb55864, L:/127.0.0.1:52561 - R:localhost/127.0.0.1:35424] for POST '/session/4a8e613b9410dd5b9b588da0b87ae8b4/elements'
09:29:21.323 [AsyncHttpClient-1-2] DEBUG org.asynchttpclient.netty.handler.HttpHandler -- 

Request DefaultHttpRequest(decodeResult: success, version: HTTP/1.1)
POST /session/4a8e613b9410dd5b9b588da0b87ae8b4/elements HTTP/1.1
User-Agent: selenium/4.9.0 (java windows)
Content-Length: 98
Content-Type: application/json; charset=utf-8
host: localhost:35424
accept: */*

Response DefaultHttpResponse(decodeResult: success, version: HTTP/1.1)
HTTP/1.1 200 OK
Content-Length: 12
Content-Type: application/json; charset=utf-8
cache-control: no-cache

09:29:21.323 [AsyncHttpClient-1-2] DEBUG org.asynchttpclient.netty.channel.ChannelManager -- Adding key: http://localhost:35424 for channel [id: 0xbcb55864, L:/127.0.0.1:52561 - R:localhost/127.0.0.1:35424]
09:29:21.323 [Forwarding switchToParentFrame on session 4a8e613b9410dd5b9b588da0b87ae8b4 to remote] DEBUG org.asynchttpclient.netty.request.NettyRequestSender -- Using pooled Channel '[id: 0xbcb55864, L:/127.0.0.1:52561 - R:localhost/127.0.0.1:35424]' for 'POST' to 'http://localhost:35424/session/4a8e613b9410dd5b9b588da0b87ae8b4/frame/parent'
09:29:21.323 [Forwarding switchToParentFrame on session 4a8e613b9410dd5b9b588da0b87ae8b4 to remote] DEBUG org.asynchttpclient.netty.request.NettyRequestSender -- Using open Channel [id: 0xbcb55864, L:/127.0.0.1:52561 - R:localhost/127.0.0.1:35424] for POST '/session/4a8e613b9410dd5b9b588da0b87ae8b4/frame/parent'
09:29:21.328 [AsyncHttpClient-1-2] DEBUG org.asynchttpclient.netty.handler.HttpHandler -- 

Request DefaultHttpRequest(decodeResult: success, version: HTTP/1.1)
POST /session/4a8e613b9410dd5b9b588da0b87ae8b4/frame/parent HTTP/1.1
User-Agent: selenium/4.9.0 (java windows)
Content-Length: 3
Content-Type: application/json; charset=utf-8
host: localhost:35424
accept: */*

Response DefaultHttpResponse(decodeResult: success, version: HTTP/1.1)
HTTP/1.1 200 OK
Content-Length: 14
Content-Type: application/json; charset=utf-8
cache-control: no-cache

09:29:21.328 [AsyncHttpClient-1-2] DEBUG org.asynchttpclient.netty.channel.ChannelManager -- Adding key: http://localhost:35424 for channel [id: 0xbcb55864, L:/127.0.0.1:52561 - R:localhost/127.0.0.1:35424]
09:29:21.329 [Forwarding switchToParentFrame on session 4a8e613b9410dd5b9b588da0b87ae8b4 to remote] DEBUG org.asynchttpclient.netty.request.NettyRequestSender -- Using pooled Channel '[id: 0xbcb55864, L:/127.0.0.1:52561 - R:localhost/127.0.0.1:35424]' for 'POST' to 'http://localhost:35424/session/4a8e613b9410dd5b9b588da0b87ae8b4/frame/parent'
09:29:21.329 [Forwarding switchToParentFrame on session 4a8e613b9410dd5b9b588da0b87ae8b4 to remote] DEBUG org.asynchttpclient.netty.request.NettyRequestSender -- Using open Channel [id: 0xbcb55864, L:/127.0.0.1:52561 - R:localhost/127.0.0.1:35424] for POST '/session/4a8e613b9410dd5b9b588da0b87ae8b4/frame/parent'
09:29:21.335 [AsyncHttpClient-1-2] DEBUG org.asynchttpclient.netty.handler.HttpHandler -- 

Request DefaultHttpRequest(decodeResult: success, version: HTTP/1.1)
POST /session/4a8e613b9410dd5b9b588da0b87ae8b4/frame/parent HTTP/1.1
User-Agent: selenium/4.9.0 (java windows)
Content-Length: 3
Content-Type: application/json; charset=utf-8
host: localhost:35424
accept: */*

Response DefaultHttpResponse(decodeResult: success, version: HTTP/1.1)
HTTP/1.1 200 OK
Content-Length: 14
Content-Type: application/json; charset=utf-8
cache-control: no-cache

09:29:21.337 [AsyncHttpClient-1-2] DEBUG org.asynchttpclient.netty.channel.ChannelManager -- Adding key: http://localhost:35424 for channel [id: 0xbcb55864, L:/127.0.0.1:52561 - R:localhost/127.0.0.1:35424]
09:29:21.338 [Forwarding switchToFrame on session 4a8e613b9410dd5b9b588da0b87ae8b4 to remote] DEBUG org.asynchttpclient.netty.request.NettyRequestSender -- Using pooled Channel '[id: 0xbcb55864, L:/127.0.0.1:52561 - R:localhost/127.0.0.1:35424]' for 'POST' to 'http://localhost:35424/session/4a8e613b9410dd5b9b588da0b87ae8b4/frame'
09:29:21.338 [Forwarding switchToFrame on session 4a8e613b9410dd5b9b588da0b87ae8b4 to remote] DEBUG org.asynchttpclient.netty.request.NettyRequestSender -- Using open Channel [id: 0xbcb55864, L:/127.0.0.1:52561 - R:localhost/127.0.0.1:35424] for POST '/session/4a8e613b9410dd5b9b588da0b87ae8b4/frame'
09:29:21.370 [AsyncHttpClient-1-2] DEBUG org.asynchttpclient.netty.handler.HttpHandler -- 

Request DefaultHttpRequest(decodeResult: success, version: HTTP/1.1)
POST /session/4a8e613b9410dd5b9b588da0b87ae8b4/frame HTTP/1.1
User-Agent: selenium/4.9.0 (java windows)
Content-Length: 108
Content-Type: application/json; charset=utf-8
host: localhost:35424
accept: */*

Response DefaultHttpResponse(decodeResult: success, version: HTTP/1.1)
HTTP/1.1 200 OK
Content-Length: 14
Content-Type: application/json; charset=utf-8
cache-control: no-cache

09:29:21.370 [AsyncHttpClient-1-2] DEBUG org.asynchttpclient.netty.channel.ChannelManager -- Adding key: http://localhost:35424 for channel [id: 0xbcb55864, L:/127.0.0.1:52561 - R:localhost/127.0.0.1:35424]
09:29:21.372 [Forwarding executeScript on session 4a8e613b9410dd5b9b588da0b87ae8b4 to remote] DEBUG org.asynchttpclient.netty.request.NettyRequestSender -- Using pooled Channel '[id: 0xbcb55864, L:/127.0.0.1:52561 - R:localhost/127.0.0.1:35424]' for 'POST' to 'http://localhost:35424/session/4a8e613b9410dd5b9b588da0b87ae8b4/execute/sync'
09:29:21.372 [Forwarding executeScript on session 4a8e613b9410dd5b9b588da0b87ae8b4 to remote] DEBUG org.asynchttpclient.netty.request.NettyRequestSender -- Using open Channel [id: 0xbcb55864, L:/127.0.0.1:52561 - R:localhost/127.0.0.1:35424] for POST '/session/4a8e613b9410dd5b9b588da0b87ae8b4/execute/sync'
09:29:21.379 [AsyncHttpClient-1-2] DEBUG org.asynchttpclient.netty.handler.HttpHandler -- 

Request DefaultHttpRequest(decodeResult: success, version: HTTP/1.1)
POST /session/4a8e613b9410dd5b9b588da0b87ae8b4/execute/sync HTTP/1.1
User-Agent: selenium/4.9.0 (java windows)
Content-Length: 99
Content-Type: application/json; charset=utf-8
host: localhost:35424
accept: */*

Response DefaultHttpResponse(decodeResult: success, version: HTTP/1.1)
HTTP/1.1 200 OK
Content-Length: 14
Content-Type: application/json; charset=utf-8
cache-control: no-cache

09:29:21.379 [AsyncHttpClient-1-2] DEBUG org.asynchttpclient.netty.channel.ChannelManager -- Adding key: http://localhost:35424 for channel [id: 0xbcb55864, L:/127.0.0.1:52561 - R:localhost/127.0.0.1:35424]
09:29:21.382 [Forwarding findElements on session 4a8e613b9410dd5b9b588da0b87ae8b4 to remote] DEBUG org.asynchttpclient.netty.request.NettyRequestSender -- Using pooled Channel '[id: 0xbcb55864, L:/127.0.0.1:52561 - R:localhost/127.0.0.1:35424]' for 'POST' to 'http://localhost:35424/session/4a8e613b9410dd5b9b588da0b87ae8b4/elements'
09:29:21.382 [Forwarding findElements on session 4a8e613b9410dd5b9b588da0b87ae8b4 to remote] DEBUG org.asynchttpclient.netty.request.NettyRequestSender -- Using open Channel [id: 0xbcb55864, L:/127.0.0.1:52561 - R:localhost/127.0.0.1:35424] for POST '/session/4a8e613b9410dd5b9b588da0b87ae8b4/elements'
09:29:21.396 [AsyncHttpClient-1-2] DEBUG org.asynchttpclient.netty.handler.HttpHandler -- 

Request DefaultHttpRequest(decodeResult: success, version: HTTP/1.1)
POST /session/4a8e613b9410dd5b9b588da0b87ae8b4/elements HTTP/1.1
User-Agent: selenium/4.9.0 (java windows)
Content-Length: 98
Content-Type: application/json; charset=utf-8
host: localhost:35424
accept: */*

Response DefaultHttpResponse(decodeResult: success, version: HTTP/1.1)
HTTP/1.1 200 OK
Content-Length: 12
Content-Type: application/json; charset=utf-8
cache-control: no-cache

09:29:21.397 [AsyncHttpClient-1-2] DEBUG org.asynchttpclient.netty.channel.ChannelManager -- Adding key: http://localhost:35424 for channel [id: 0xbcb55864, L:/127.0.0.1:52561 - R:localhost/127.0.0.1:35424]
09:29:21.400 [Forwarding switchToParentFrame on session 4a8e613b9410dd5b9b588da0b87ae8b4 to remote] DEBUG org.asynchttpclient.netty.request.NettyRequestSender -- Using pooled Channel '[id: 0xbcb55864, L:/127.0.0.1:52561 - R:localhost/127.0.0.1:35424]' for 'POST' to 'http://localhost:35424/session/4a8e613b9410dd5b9b588da0b87ae8b4/frame/parent'
09:29:21.401 [Forwarding switchToParentFrame on session 4a8e613b9410dd5b9b588da0b87ae8b4 to remote] DEBUG org.asynchttpclient.netty.request.NettyRequestSender -- Using open Channel [id: 0xbcb55864, L:/127.0.0.1:52561 - R:localhost/127.0.0.1:35424] for POST '/session/4a8e613b9410dd5b9b588da0b87ae8b4/frame/parent'
09:29:21.406 [AsyncHttpClient-1-2] DEBUG org.asynchttpclient.netty.handler.HttpHandler -- 

Request DefaultHttpRequest(decodeResult: success, version: HTTP/1.1)
POST /session/4a8e613b9410dd5b9b588da0b87ae8b4/frame/parent HTTP/1.1
User-Agent: selenium/4.9.0 (java windows)
Content-Length: 3
Content-Type: application/json; charset=utf-8
host: localhost:35424
accept: */*

Response DefaultHttpResponse(decodeResult: success, version: HTTP/1.1)
HTTP/1.1 200 OK
Content-Length: 14
Content-Type: application/json; charset=utf-8
cache-control: no-cache

09:29:21.406 [AsyncHttpClient-1-2] DEBUG org.asynchttpclient.netty.channel.ChannelManager -- Adding key: http://localhost:35424 for channel [id: 0xbcb55864, L:/127.0.0.1:52561 - R:localhost/127.0.0.1:35424]
09:29:21.408 [Forwarding switchToFrame on session 4a8e613b9410dd5b9b588da0b87ae8b4 to remote] DEBUG org.asynchttpclient.netty.request.NettyRequestSender -- Using pooled Channel '[id: 0xbcb55864, L:/127.0.0.1:52561 - R:localhost/127.0.0.1:35424]' for 'POST' to 'http://localhost:35424/session/4a8e613b9410dd5b9b588da0b87ae8b4/frame'
09:29:21.408 [Forwarding switchToFrame on session 4a8e613b9410dd5b9b588da0b87ae8b4 to remote] DEBUG org.asynchttpclient.netty.request.NettyRequestSender -- Using open Channel [id: 0xbcb55864, L:/127.0.0.1:52561 - R:localhost/127.0.0.1:35424] for POST '/session/4a8e613b9410dd5b9b588da0b87ae8b4/frame'
09:29:21.441 [AsyncHttpClient-1-2] DEBUG org.asynchttpclient.netty.handler.HttpHandler -- 

Request DefaultHttpRequest(decodeResult: success, version: HTTP/1.1)
POST /session/4a8e613b9410dd5b9b588da0b87ae8b4/frame HTTP/1.1
User-Agent: selenium/4.9.0 (java windows)
Content-Length: 108
Content-Type: application/json; charset=utf-8
host: localhost:35424
accept: */*

Response DefaultHttpResponse(decodeResult: success, version: HTTP/1.1)
HTTP/1.1 200 OK
Content-Length: 14
Content-Type: application/json; charset=utf-8
cache-control: no-cache

09:29:21.443 [AsyncHttpClient-1-2] DEBUG org.asynchttpclient.netty.channel.ChannelManager -- Adding key: http://localhost:35424 for channel [id: 0xbcb55864, L:/127.0.0.1:52561 - R:localhost/127.0.0.1:35424]
09:29:21.445 [Forwarding executeScript on session 4a8e613b9410dd5b9b588da0b87ae8b4 to remote] DEBUG org.asynchttpclient.netty.request.NettyRequestSender -- Using pooled Channel '[id: 0xbcb55864, L:/127.0.0.1:52561 - R:localhost/127.0.0.1:35424]' for 'POST' to 'http://localhost:35424/session/4a8e613b9410dd5b9b588da0b87ae8b4/execute/sync'
09:29:21.445 [Forwarding executeScript on session 4a8e613b9410dd5b9b588da0b87ae8b4 to remote] DEBUG org.asynchttpclient.netty.request.NettyRequestSender -- Using open Channel [id: 0xbcb55864, L:/127.0.0.1:52561 - R:localhost/127.0.0.1:35424] for POST '/session/4a8e613b9410dd5b9b588da0b87ae8b4/execute/sync'
09:29:21.457 [AsyncHttpClient-1-2] DEBUG org.asynchttpclient.netty.handler.HttpHandler -- 

Request DefaultHttpRequest(decodeResult: success, version: HTTP/1.1)
POST /session/4a8e613b9410dd5b9b588da0b87ae8b4/execute/sync HTTP/1.1
User-Agent: selenium/4.9.0 (java windows)
Content-Length: 99
Content-Type: application/json; charset=utf-8
host: localhost:35424
accept: */*

Response DefaultHttpResponse(decodeResult: success, version: HTTP/1.1)
HTTP/1.1 200 OK
Content-Length: 14
Content-Type: application/json; charset=utf-8
cache-control: no-cache

09:29:21.457 [AsyncHttpClient-1-2] DEBUG org.asynchttpclient.netty.channel.ChannelManager -- Adding key: http://localhost:35424 for channel [id: 0xbcb55864, L:/127.0.0.1:52561 - R:localhost/127.0.0.1:35424]
09:29:21.461 [Forwarding findElements on session 4a8e613b9410dd5b9b588da0b87ae8b4 to remote] DEBUG org.asynchttpclient.netty.request.NettyRequestSender -- Using pooled Channel '[id: 0xbcb55864, L:/127.0.0.1:52561 - R:localhost/127.0.0.1:35424]' for 'POST' to 'http://localhost:35424/session/4a8e613b9410dd5b9b588da0b87ae8b4/elements'
09:29:21.462 [Forwarding findElements on session 4a8e613b9410dd5b9b588da0b87ae8b4 to remote] DEBUG org.asynchttpclient.netty.request.NettyRequestSender -- Using open Channel [id: 0xbcb55864, L:/127.0.0.1:52561 - R:localhost/127.0.0.1:35424] for POST '/session/4a8e613b9410dd5b9b588da0b87ae8b4/elements'
09:29:21.479 [AsyncHttpClient-1-2] DEBUG org.asynchttpclient.netty.handler.HttpHandler -- 

Request DefaultHttpRequest(decodeResult: success, version: HTTP/1.1)
POST /session/4a8e613b9410dd5b9b588da0b87ae8b4/elements HTTP/1.1
User-Agent: selenium/4.9.0 (java windows)
Content-Length: 98
Content-Type: application/json; charset=utf-8
host: localhost:35424
accept: */*

Response DefaultHttpResponse(decodeResult: success, version: HTTP/1.1)
HTTP/1.1 200 OK
Content-Length: 183
Content-Type: application/json; charset=utf-8
cache-control: no-cache

09:29:21.479 [AsyncHttpClient-1-2] DEBUG org.asynchttpclient.netty.channel.ChannelManager -- Adding key: http://localhost:35424 for channel [id: 0xbcb55864, L:/127.0.0.1:52561 - R:localhost/127.0.0.1:35424]
09:29:21.483 [Forwarding switchToFrame on session 4a8e613b9410dd5b9b588da0b87ae8b4 to remote] DEBUG org.asynchttpclient.netty.request.NettyRequestSender -- Using pooled Channel '[id: 0xbcb55864, L:/127.0.0.1:52561 - R:localhost/127.0.0.1:35424]' for 'POST' to 'http://localhost:35424/session/4a8e613b9410dd5b9b588da0b87ae8b4/frame'
09:29:21.483 [Forwarding switchToFrame on session 4a8e613b9410dd5b9b588da0b87ae8b4 to remote] DEBUG org.asynchttpclient.netty.request.NettyRequestSender -- Using open Channel [id: 0xbcb55864, L:/127.0.0.1:52561 - R:localhost/127.0.0.1:35424] for POST '/session/4a8e613b9410dd5b9b588da0b87ae8b4/frame'
09:29:21.527 [AsyncHttpClient-1-2] DEBUG org.asynchttpclient.netty.handler.HttpHandler -- 

Request DefaultHttpRequest(decodeResult: success, version: HTTP/1.1)
POST /session/4a8e613b9410dd5b9b588da0b87ae8b4/frame HTTP/1.1
User-Agent: selenium/4.9.0 (java windows)
Content-Length: 106
Content-Type: application/json; charset=utf-8
host: localhost:35424
accept: */*

Response DefaultHttpResponse(decodeResult: success, version: HTTP/1.1)
HTTP/1.1 200 OK
Content-Length: 14
Content-Type: application/json; charset=utf-8
cache-control: no-cache

09:29:21.527 [AsyncHttpClient-1-2] DEBUG org.asynchttpclient.netty.channel.ChannelManager -- Adding key: http://localhost:35424 for channel [id: 0xbcb55864, L:/127.0.0.1:52561 - R:localhost/127.0.0.1:35424]
09:29:21.529 [Forwarding executeScript on session 4a8e613b9410dd5b9b588da0b87ae8b4 to remote] DEBUG org.asynchttpclient.netty.request.NettyRequestSender -- Using pooled Channel '[id: 0xbcb55864, L:/127.0.0.1:52561 - R:localhost/127.0.0.1:35424]' for 'POST' to 'http://localhost:35424/session/4a8e613b9410dd5b9b588da0b87ae8b4/execute/sync'
09:29:21.529 [Forwarding executeScript on session 4a8e613b9410dd5b9b588da0b87ae8b4 to remote] DEBUG org.asynchttpclient.netty.request.NettyRequestSender -- Using open Channel [id: 0xbcb55864, L:/127.0.0.1:52561 - R:localhost/127.0.0.1:35424] for POST '/session/4a8e613b9410dd5b9b588da0b87ae8b4/execute/sync'
09:29:21.545 [AsyncHttpClient-1-2] DEBUG org.asynchttpclient.netty.handler.HttpHandler -- 

Request DefaultHttpRequest(decodeResult: success, version: HTTP/1.1)
POST /session/4a8e613b9410dd5b9b588da0b87ae8b4/execute/sync HTTP/1.1
User-Agent: selenium/4.9.0 (java windows)
Content-Length: 99
Content-Type: application/json; charset=utf-8
host: localhost:35424
accept: */*

Response DefaultHttpResponse(decodeResult: success, version: HTTP/1.1)
HTTP/1.1 200 OK
Content-Length: 14
Content-Type: application/json; charset=utf-8
cache-control: no-cache

09:29:21.545 [AsyncHttpClient-1-2] DEBUG org.asynchttpclient.netty.channel.ChannelManager -- Adding key: http://localhost:35424 for channel [id: 0xbcb55864, L:/127.0.0.1:52561 - R:localhost/127.0.0.1:35424]
09:29:21.553 [Forwarding findElements on session 4a8e613b9410dd5b9b588da0b87ae8b4 to remote] DEBUG org.asynchttpclient.netty.request.NettyRequestSender -- Using pooled Channel '[id: 0xbcb55864, L:/127.0.0.1:52561 - R:localhost/127.0.0.1:35424]' for 'POST' to 'http://localhost:35424/session/4a8e613b9410dd5b9b588da0b87ae8b4/elements'
09:29:21.553 [Forwarding findElements on session 4a8e613b9410dd5b9b588da0b87ae8b4 to remote] DEBUG org.asynchttpclient.netty.request.NettyRequestSender -- Using open Channel [id: 0xbcb55864, L:/127.0.0.1:52561 - R:localhost/127.0.0.1:35424] for POST '/session/4a8e613b9410dd5b9b588da0b87ae8b4/elements'
09:29:21.569 [AsyncHttpClient-1-2] DEBUG org.asynchttpclient.netty.handler.HttpHandler -- 

Request DefaultHttpRequest(decodeResult: success, version: HTTP/1.1)
POST /session/4a8e613b9410dd5b9b588da0b87ae8b4/elements HTTP/1.1
User-Agent: selenium/4.9.0 (java windows)
Content-Length: 98
Content-Type: application/json; charset=utf-8
host: localhost:35424
accept: */*

Response DefaultHttpResponse(decodeResult: success, version: HTTP/1.1)
HTTP/1.1 200 OK
Content-Length: 12
Content-Type: application/json; charset=utf-8
cache-control: no-cache

09:29:21.570 [AsyncHttpClient-1-2] DEBUG org.asynchttpclient.netty.channel.ChannelManager -- Adding key: http://localhost:35424 for channel [id: 0xbcb55864, L:/127.0.0.1:52561 - R:localhost/127.0.0.1:35424]
09:29:21.571 [Forwarding switchToParentFrame on session 4a8e613b9410dd5b9b588da0b87ae8b4 to remote] DEBUG org.asynchttpclient.netty.request.NettyRequestSender -- Using pooled Channel '[id: 0xbcb55864, L:/127.0.0.1:52561 - R:localhost/127.0.0.1:35424]' for 'POST' to 'http://localhost:35424/session/4a8e613b9410dd5b9b588da0b87ae8b4/frame/parent'
09:29:21.571 [Forwarding switchToParentFrame on session 4a8e613b9410dd5b9b588da0b87ae8b4 to remote] DEBUG org.asynchttpclient.netty.request.NettyRequestSender -- Using open Channel [id: 0xbcb55864, L:/127.0.0.1:52561 - R:localhost/127.0.0.1:35424] for POST '/session/4a8e613b9410dd5b9b588da0b87ae8b4/frame/parent'
09:29:21.576 [AsyncHttpClient-1-2] DEBUG org.asynchttpclient.netty.handler.HttpHandler -- 

Request DefaultHttpRequest(decodeResult: success, version: HTTP/1.1)
POST /session/4a8e613b9410dd5b9b588da0b87ae8b4/frame/parent HTTP/1.1
User-Agent: selenium/4.9.0 (java windows)
Content-Length: 3
Content-Type: application/json; charset=utf-8
host: localhost:35424
accept: */*

Response DefaultHttpResponse(decodeResult: success, version: HTTP/1.1)
HTTP/1.1 200 OK
Content-Length: 14
Content-Type: application/json; charset=utf-8
cache-control: no-cache

09:29:21.576 [AsyncHttpClient-1-2] DEBUG org.asynchttpclient.netty.channel.ChannelManager -- Adding key: http://localhost:35424 for channel [id: 0xbcb55864, L:/127.0.0.1:52561 - R:localhost/127.0.0.1:35424]
09:29:21.577 [Forwarding switchToFrame on session 4a8e613b9410dd5b9b588da0b87ae8b4 to remote] DEBUG org.asynchttpclient.netty.request.NettyRequestSender -- Using pooled Channel '[id: 0xbcb55864, L:/127.0.0.1:52561 - R:localhost/127.0.0.1:35424]' for 'POST' to 'http://localhost:35424/session/4a8e613b9410dd5b9b588da0b87ae8b4/frame'
09:29:21.578 [Forwarding switchToFrame on session 4a8e613b9410dd5b9b588da0b87ae8b4 to remote] DEBUG org.asynchttpclient.netty.request.NettyRequestSender -- Using open Channel [id: 0xbcb55864, L:/127.0.0.1:52561 - R:localhost/127.0.0.1:35424] for POST '/session/4a8e613b9410dd5b9b588da0b87ae8b4/frame'
09:29:21.618 [AsyncHttpClient-1-2] DEBUG org.asynchttpclient.netty.handler.HttpHandler -- 

Request DefaultHttpRequest(decodeResult: success, version: HTTP/1.1)
POST /session/4a8e613b9410dd5b9b588da0b87ae8b4/frame HTTP/1.1
User-Agent: selenium/4.9.0 (java windows)
Content-Length: 106
Content-Type: application/json; charset=utf-8
host: localhost:35424
accept: */*

Response DefaultHttpResponse(decodeResult: success, version: HTTP/1.1)
HTTP/1.1 200 OK
Content-Length: 14
Content-Type: application/json; charset=utf-8
cache-control: no-cache

09:29:21.618 [AsyncHttpClient-1-2] DEBUG org.asynchttpclient.netty.channel.ChannelManager -- Adding key: http://localhost:35424 for channel [id: 0xbcb55864, L:/127.0.0.1:52561 - R:localhost/127.0.0.1:35424]
09:29:21.620 [Forwarding executeScript on session 4a8e613b9410dd5b9b588da0b87ae8b4 to remote] DEBUG org.asynchttpclient.netty.request.NettyRequestSender -- Using pooled Channel '[id: 0xbcb55864, L:/127.0.0.1:52561 - R:localhost/127.0.0.1:35424]' for 'POST' to 'http://localhost:35424/session/4a8e613b9410dd5b9b588da0b87ae8b4/execute/sync'
09:29:21.620 [Forwarding executeScript on session 4a8e613b9410dd5b9b588da0b87ae8b4 to remote] DEBUG org.asynchttpclient.netty.request.NettyRequestSender -- Using open Channel [id: 0xbcb55864, L:/127.0.0.1:52561 - R:localhost/127.0.0.1:35424] for POST '/session/4a8e613b9410dd5b9b588da0b87ae8b4/execute/sync'
09:29:21.628 [AsyncHttpClient-1-2] DEBUG org.asynchttpclient.netty.handler.HttpHandler -- 

Request DefaultHttpRequest(decodeResult: success, version: HTTP/1.1)
POST /session/4a8e613b9410dd5b9b588da0b87ae8b4/execute/sync HTTP/1.1
User-Agent: selenium/4.9.0 (java windows)
Content-Length: 99
Content-Type: application/json; charset=utf-8
host: localhost:35424
accept: */*

Response DefaultHttpResponse(decodeResult: success, version: HTTP/1.1)
HTTP/1.1 200 OK
Content-Length: 14
Content-Type: application/json; charset=utf-8
cache-control: no-cache

09:29:21.628 [AsyncHttpClient-1-2] DEBUG org.asynchttpclient.netty.channel.ChannelManager -- Adding key: http://localhost:35424 for channel [id: 0xbcb55864, L:/127.0.0.1:52561 - R:localhost/127.0.0.1:35424]
09:29:21.630 [Forwarding findElements on session 4a8e613b9410dd5b9b588da0b87ae8b4 to remote] DEBUG org.asynchttpclient.netty.request.NettyRequestSender -- Using pooled Channel '[id: 0xbcb55864, L:/127.0.0.1:52561 - R:localhost/127.0.0.1:35424]' for 'POST' to 'http://localhost:35424/session/4a8e613b9410dd5b9b588da0b87ae8b4/elements'
09:29:21.630 [Forwarding findElements on session 4a8e613b9410dd5b9b588da0b87ae8b4 to remote] DEBUG org.asynchttpclient.netty.request.NettyRequestSender -- Using open Channel [id: 0xbcb55864, L:/127.0.0.1:52561 - R:localhost/127.0.0.1:35424] for POST '/session/4a8e613b9410dd5b9b588da0b87ae8b4/elements'
09:29:21.645 [AsyncHttpClient-1-2] DEBUG org.asynchttpclient.netty.handler.HttpHandler -- 

Request DefaultHttpRequest(decodeResult: success, version: HTTP/1.1)
POST /session/4a8e613b9410dd5b9b588da0b87ae8b4/elements HTTP/1.1
User-Agent: selenium/4.9.0 (java windows)
Content-Length: 98
Content-Type: application/json; charset=utf-8
host: localhost:35424
accept: */*

Response DefaultHttpResponse(decodeResult: success, version: HTTP/1.1)
HTTP/1.1 200 OK
Content-Length: 12
Content-Type: application/json; charset=utf-8
cache-control: no-cache

09:29:21.646 [AsyncHttpClient-1-2] DEBUG org.asynchttpclient.netty.channel.ChannelManager -- Adding key: http://localhost:35424 for channel [id: 0xbcb55864, L:/127.0.0.1:52561 - R:localhost/127.0.0.1:35424]
09:29:21.650 [Forwarding switchToParentFrame on session 4a8e613b9410dd5b9b588da0b87ae8b4 to remote] DEBUG org.asynchttpclient.netty.request.NettyRequestSender -- Using pooled Channel '[id: 0xbcb55864, L:/127.0.0.1:52561 - R:localhost/127.0.0.1:35424]' for 'POST' to 'http://localhost:35424/session/4a8e613b9410dd5b9b588da0b87ae8b4/frame/parent'
09:29:21.650 [Forwarding switchToParentFrame on session 4a8e613b9410dd5b9b588da0b87ae8b4 to remote] DEBUG org.asynchttpclient.netty.request.NettyRequestSender -- Using open Channel [id: 0xbcb55864, L:/127.0.0.1:52561 - R:localhost/127.0.0.1:35424] for POST '/session/4a8e613b9410dd5b9b588da0b87ae8b4/frame/parent'
09:29:21.653 [AsyncHttpClient-1-2] DEBUG org.asynchttpclient.netty.handler.HttpHandler -- 

Request DefaultHttpRequest(decodeResult: success, version: HTTP/1.1)
POST /session/4a8e613b9410dd5b9b588da0b87ae8b4/frame/parent HTTP/1.1
User-Agent: selenium/4.9.0 (java windows)
Content-Length: 3
Content-Type: application/json; charset=utf-8
host: localhost:35424
accept: */*

Response DefaultHttpResponse(decodeResult: success, version: HTTP/1.1)
HTTP/1.1 200 OK
Content-Length: 14
Content-Type: application/json; charset=utf-8
cache-control: no-cache

09:29:21.653 [AsyncHttpClient-1-2] DEBUG org.asynchttpclient.netty.channel.ChannelManager -- Adding key: http://localhost:35424 for channel [id: 0xbcb55864, L:/127.0.0.1:52561 - R:localhost/127.0.0.1:35424]
09:29:21.658 [Forwarding switchToParentFrame on session 4a8e613b9410dd5b9b588da0b87ae8b4 to remote] DEBUG org.asynchttpclient.netty.request.NettyRequestSender -- Using pooled Channel '[id: 0xbcb55864, L:/127.0.0.1:52561 - R:localhost/127.0.0.1:35424]' for 'POST' to 'http://localhost:35424/session/4a8e613b9410dd5b9b588da0b87ae8b4/frame/parent'
09:29:21.659 [Forwarding switchToParentFrame on session 4a8e613b9410dd5b9b588da0b87ae8b4 to remote] DEBUG org.asynchttpclient.netty.request.NettyRequestSender -- Using open Channel [id: 0xbcb55864, L:/127.0.0.1:52561 - R:localhost/127.0.0.1:35424] for POST '/session/4a8e613b9410dd5b9b588da0b87ae8b4/frame/parent'
09:29:21.662 [AsyncHttpClient-1-2] DEBUG org.asynchttpclient.netty.handler.HttpHandler -- 

Request DefaultHttpRequest(decodeResult: success, version: HTTP/1.1)
POST /session/4a8e613b9410dd5b9b588da0b87ae8b4/frame/parent HTTP/1.1
User-Agent: selenium/4.9.0 (java windows)
Content-Length: 3
Content-Type: application/json; charset=utf-8
host: localhost:35424
accept: */*

Response DefaultHttpResponse(decodeResult: success, version: HTTP/1.1)
HTTP/1.1 200 OK
Content-Length: 14
Content-Type: application/json; charset=utf-8
cache-control: no-cache

09:29:21.663 [AsyncHttpClient-1-2] DEBUG org.asynchttpclient.netty.channel.ChannelManager -- Adding key: http://localhost:35424 for channel [id: 0xbcb55864, L:/127.0.0.1:52561 - R:localhost/127.0.0.1:35424]
09:29:21.667 [Forwarding switchToFrame on session 4a8e613b9410dd5b9b588da0b87ae8b4 to remote] DEBUG org.asynchttpclient.netty.request.NettyRequestSender -- Using pooled Channel '[id: 0xbcb55864, L:/127.0.0.1:52561 - R:localhost/127.0.0.1:35424]' for 'POST' to 'http://localhost:35424/session/4a8e613b9410dd5b9b588da0b87ae8b4/frame'
09:29:21.668 [Forwarding switchToFrame on session 4a8e613b9410dd5b9b588da0b87ae8b4 to remote] DEBUG org.asynchttpclient.netty.request.NettyRequestSender -- Using open Channel [id: 0xbcb55864, L:/127.0.0.1:52561 - R:localhost/127.0.0.1:35424] for POST '/session/4a8e613b9410dd5b9b588da0b87ae8b4/frame'
09:29:21.702 [AsyncHttpClient-1-2] DEBUG org.asynchttpclient.netty.handler.HttpHandler -- 

Request DefaultHttpRequest(decodeResult: success, version: HTTP/1.1)
POST /session/4a8e613b9410dd5b9b588da0b87ae8b4/frame HTTP/1.1
User-Agent: selenium/4.9.0 (java windows)
Content-Length: 108
Content-Type: application/json; charset=utf-8
host: localhost:35424
accept: */*

Response DefaultHttpResponse(decodeResult: success, version: HTTP/1.1)
HTTP/1.1 200 OK
Content-Length: 14
Content-Type: application/json; charset=utf-8
cache-control: no-cache

09:29:21.702 [AsyncHttpClient-1-2] DEBUG org.asynchttpclient.netty.channel.ChannelManager -- Adding key: http://localhost:35424 for channel [id: 0xbcb55864, L:/127.0.0.1:52561 - R:localhost/127.0.0.1:35424]
09:29:21.706 [Forwarding executeScript on session 4a8e613b9410dd5b9b588da0b87ae8b4 to remote] DEBUG org.asynchttpclient.netty.request.NettyRequestSender -- Using pooled Channel '[id: 0xbcb55864, L:/127.0.0.1:52561 - R:localhost/127.0.0.1:35424]' for 'POST' to 'http://localhost:35424/session/4a8e613b9410dd5b9b588da0b87ae8b4/execute/sync'
09:29:21.706 [Forwarding executeScript on session 4a8e613b9410dd5b9b588da0b87ae8b4 to remote] DEBUG org.asynchttpclient.netty.request.NettyRequestSender -- Using open Channel [id: 0xbcb55864, L:/127.0.0.1:52561 - R:localhost/127.0.0.1:35424] for POST '/session/4a8e613b9410dd5b9b588da0b87ae8b4/execute/sync'
09:29:21.712 [AsyncHttpClient-1-2] DEBUG org.asynchttpclient.netty.handler.HttpHandler -- 

Request DefaultHttpRequest(decodeResult: success, version: HTTP/1.1)
POST /session/4a8e613b9410dd5b9b588da0b87ae8b4/execute/sync HTTP/1.1
User-Agent: selenium/4.9.0 (java windows)
Content-Length: 99
Content-Type: application/json; charset=utf-8
host: localhost:35424
accept: */*

Response DefaultHttpResponse(decodeResult: success, version: HTTP/1.1)
HTTP/1.1 200 OK
Content-Length: 14
Content-Type: application/json; charset=utf-8
cache-control: no-cache

09:29:21.712 [AsyncHttpClient-1-2] DEBUG org.asynchttpclient.netty.channel.ChannelManager -- Adding key: http://localhost:35424 for channel [id: 0xbcb55864, L:/127.0.0.1:52561 - R:localhost/127.0.0.1:35424]
09:29:21.716 [Forwarding findElements on session 4a8e613b9410dd5b9b588da0b87ae8b4 to remote] DEBUG org.asynchttpclient.netty.request.NettyRequestSender -- Using pooled Channel '[id: 0xbcb55864, L:/127.0.0.1:52561 - R:localhost/127.0.0.1:35424]' for 'POST' to 'http://localhost:35424/session/4a8e613b9410dd5b9b588da0b87ae8b4/elements'
09:29:21.716 [Forwarding findElements on session 4a8e613b9410dd5b9b588da0b87ae8b4 to remote] DEBUG org.asynchttpclient.netty.request.NettyRequestSender -- Using open Channel [id: 0xbcb55864, L:/127.0.0.1:52561 - R:localhost/127.0.0.1:35424] for POST '/session/4a8e613b9410dd5b9b588da0b87ae8b4/elements'
09:29:21.730 [AsyncHttpClient-1-2] DEBUG org.asynchttpclient.netty.handler.HttpHandler -- 

Request DefaultHttpRequest(decodeResult: success, version: HTTP/1.1)
POST /session/4a8e613b9410dd5b9b588da0b87ae8b4/elements HTTP/1.1
User-Agent: selenium/4.9.0 (java windows)
Content-Length: 98
Content-Type: application/json; charset=utf-8
host: localhost:35424
accept: */*

Response DefaultHttpResponse(decodeResult: success, version: HTTP/1.1)
HTTP/1.1 200 OK
Content-Length: 12
Content-Type: application/json; charset=utf-8
cache-control: no-cache

09:29:21.732 [AsyncHttpClient-1-2] DEBUG org.asynchttpclient.netty.channel.ChannelManager -- Adding key: http://localhost:35424 for channel [id: 0xbcb55864, L:/127.0.0.1:52561 - R:localhost/127.0.0.1:35424]
09:29:21.734 [Forwarding switchToParentFrame on session 4a8e613b9410dd5b9b588da0b87ae8b4 to remote] DEBUG org.asynchttpclient.netty.request.NettyRequestSender -- Using pooled Channel '[id: 0xbcb55864, L:/127.0.0.1:52561 - R:localhost/127.0.0.1:35424]' for 'POST' to 'http://localhost:35424/session/4a8e613b9410dd5b9b588da0b87ae8b4/frame/parent'
09:29:21.734 [Forwarding switchToParentFrame on session 4a8e613b9410dd5b9b588da0b87ae8b4 to remote] DEBUG org.asynchttpclient.netty.request.NettyRequestSender -- Using open Channel [id: 0xbcb55864, L:/127.0.0.1:52561 - R:localhost/127.0.0.1:35424] for POST '/session/4a8e613b9410dd5b9b588da0b87ae8b4/frame/parent'
09:29:21.737 [AsyncHttpClient-1-2] DEBUG org.asynchttpclient.netty.handler.HttpHandler -- 

Request DefaultHttpRequest(decodeResult: success, version: HTTP/1.1)
POST /session/4a8e613b9410dd5b9b588da0b87ae8b4/frame/parent HTTP/1.1
User-Agent: selenium/4.9.0 (java windows)
Content-Length: 3
Content-Type: application/json; charset=utf-8
host: localhost:35424
accept: */*

Response DefaultHttpResponse(decodeResult: success, version: HTTP/1.1)
HTTP/1.1 200 OK
Content-Length: 14
Content-Type: application/json; charset=utf-8
cache-control: no-cache

09:29:21.738 [AsyncHttpClient-1-2] DEBUG org.asynchttpclient.netty.channel.ChannelManager -- Adding key: http://localhost:35424 for channel [id: 0xbcb55864, L:/127.0.0.1:52561 - R:localhost/127.0.0.1:35424]
09:29:21.740 [Forwarding switchToFrame on session 4a8e613b9410dd5b9b588da0b87ae8b4 to remote] DEBUG org.asynchttpclient.netty.request.NettyRequestSender -- Using pooled Channel '[id: 0xbcb55864, L:/127.0.0.1:52561 - R:localhost/127.0.0.1:35424]' for 'POST' to 'http://localhost:35424/session/4a8e613b9410dd5b9b588da0b87ae8b4/frame'
09:29:21.740 [Forwarding switchToFrame on session 4a8e613b9410dd5b9b588da0b87ae8b4 to remote] DEBUG org.asynchttpclient.netty.request.NettyRequestSender -- Using open Channel [id: 0xbcb55864, L:/127.0.0.1:52561 - R:localhost/127.0.0.1:35424] for POST '/session/4a8e613b9410dd5b9b588da0b87ae8b4/frame'
09:29:21.774 [AsyncHttpClient-1-2] DEBUG org.asynchttpclient.netty.handler.HttpHandler -- 

Request DefaultHttpRequest(decodeResult: success, version: HTTP/1.1)
POST /session/4a8e613b9410dd5b9b588da0b87ae8b4/frame HTTP/1.1
User-Agent: selenium/4.9.0 (java windows)
Content-Length: 108
Content-Type: application/json; charset=utf-8
host: localhost:35424
accept: */*

Response DefaultHttpResponse(decodeResult: success, version: HTTP/1.1)
HTTP/1.1 200 OK
Content-Length: 14
Content-Type: application/json; charset=utf-8
cache-control: no-cache

09:29:21.774 [AsyncHttpClient-1-2] DEBUG org.asynchttpclient.netty.channel.ChannelManager -- Adding key: http://localhost:35424 for channel [id: 0xbcb55864, L:/127.0.0.1:52561 - R:localhost/127.0.0.1:35424]
09:29:21.776 [Forwarding executeScript on session 4a8e613b9410dd5b9b588da0b87ae8b4 to remote] DEBUG org.asynchttpclient.netty.request.NettyRequestSender -- Using pooled Channel '[id: 0xbcb55864, L:/127.0.0.1:52561 - R:localhost/127.0.0.1:35424]' for 'POST' to 'http://localhost:35424/session/4a8e613b9410dd5b9b588da0b87ae8b4/execute/sync'
09:29:21.776 [Forwarding executeScript on session 4a8e613b9410dd5b9b588da0b87ae8b4 to remote] DEBUG org.asynchttpclient.netty.request.NettyRequestSender -- Using open Channel [id: 0xbcb55864, L:/127.0.0.1:52561 - R:localhost/127.0.0.1:35424] for POST '/session/4a8e613b9410dd5b9b588da0b87ae8b4/execute/sync'
09:29:21.787 [AsyncHttpClient-1-2] DEBUG org.asynchttpclient.netty.handler.HttpHandler -- 

Request DefaultHttpRequest(decodeResult: success, version: HTTP/1.1)
POST /session/4a8e613b9410dd5b9b588da0b87ae8b4/execute/sync HTTP/1.1
User-Agent: selenium/4.9.0 (java windows)
Content-Length: 99
Content-Type: application/json; charset=utf-8
host: localhost:35424
accept: */*

Response DefaultHttpResponse(decodeResult: success, version: HTTP/1.1)
HTTP/1.1 200 OK
Content-Length: 14
Content-Type: application/json; charset=utf-8
cache-control: no-cache

09:29:21.787 [AsyncHttpClient-1-2] DEBUG org.asynchttpclient.netty.channel.ChannelManager -- Adding key: http://localhost:35424 for channel [id: 0xbcb55864, L:/127.0.0.1:52561 - R:localhost/127.0.0.1:35424]
09:29:21.789 [Forwarding findElements on session 4a8e613b9410dd5b9b588da0b87ae8b4 to remote] DEBUG org.asynchttpclient.netty.request.NettyRequestSender -- Using pooled Channel '[id: 0xbcb55864, L:/127.0.0.1:52561 - R:localhost/127.0.0.1:35424]' for 'POST' to 'http://localhost:35424/session/4a8e613b9410dd5b9b588da0b87ae8b4/elements'
09:29:21.789 [Forwarding findElements on session 4a8e613b9410dd5b9b588da0b87ae8b4 to remote] DEBUG org.asynchttpclient.netty.request.NettyRequestSender -- Using open Channel [id: 0xbcb55864, L:/127.0.0.1:52561 - R:localhost/127.0.0.1:35424] for POST '/session/4a8e613b9410dd5b9b588da0b87ae8b4/elements'
09:29:21.811 [AsyncHttpClient-1-2] DEBUG org.asynchttpclient.netty.handler.HttpHandler -- 

Request DefaultHttpRequest(decodeResult: success, version: HTTP/1.1)
POST /session/4a8e613b9410dd5b9b588da0b87ae8b4/elements HTTP/1.1
User-Agent: selenium/4.9.0 (java windows)
Content-Length: 98
Content-Type: application/json; charset=utf-8
host: localhost:35424
accept: */*

Response DefaultHttpResponse(decodeResult: success, version: HTTP/1.1)
HTTP/1.1 200 OK
Content-Length: 12
Content-Type: application/json; charset=utf-8
cache-control: no-cache

09:29:21.812 [AsyncHttpClient-1-2] DEBUG org.asynchttpclient.netty.channel.ChannelManager -- Adding key: http://localhost:35424 for channel [id: 0xbcb55864, L:/127.0.0.1:52561 - R:localhost/127.0.0.1:35424]
09:29:21.815 [Forwarding switchToParentFrame on session 4a8e613b9410dd5b9b588da0b87ae8b4 to remote] DEBUG org.asynchttpclient.netty.request.NettyRequestSender -- Using pooled Channel '[id: 0xbcb55864, L:/127.0.0.1:52561 - R:localhost/127.0.0.1:35424]' for 'POST' to 'http://localhost:35424/session/4a8e613b9410dd5b9b588da0b87ae8b4/frame/parent'
09:29:21.815 [Forwarding switchToParentFrame on session 4a8e613b9410dd5b9b588da0b87ae8b4 to remote] DEBUG org.asynchttpclient.netty.request.NettyRequestSender -- Using open Channel [id: 0xbcb55864, L:/127.0.0.1:52561 - R:localhost/127.0.0.1:35424] for POST '/session/4a8e613b9410dd5b9b588da0b87ae8b4/frame/parent'
09:29:21.823 [AsyncHttpClient-1-2] DEBUG org.asynchttpclient.netty.handler.HttpHandler -- 

Request DefaultHttpRequest(decodeResult: success, version: HTTP/1.1)
POST /session/4a8e613b9410dd5b9b588da0b87ae8b4/frame/parent HTTP/1.1
User-Agent: selenium/4.9.0 (java windows)
Content-Length: 3
Content-Type: application/json; charset=utf-8
host: localhost:35424
accept: */*

Response DefaultHttpResponse(decodeResult: success, version: HTTP/1.1)
HTTP/1.1 200 OK
Content-Length: 14
Content-Type: application/json; charset=utf-8
cache-control: no-cache

09:29:21.823 [AsyncHttpClient-1-2] DEBUG org.asynchttpclient.netty.channel.ChannelManager -- Adding key: http://localhost:35424 for channel [id: 0xbcb55864, L:/127.0.0.1:52561 - R:localhost/127.0.0.1:35424]
09:29:21.825 [Forwarding switchToFrame on session 4a8e613b9410dd5b9b588da0b87ae8b4 to remote] DEBUG org.asynchttpclient.netty.request.NettyRequestSender -- Using pooled Channel '[id: 0xbcb55864, L:/127.0.0.1:52561 - R:localhost/127.0.0.1:35424]' for 'POST' to 'http://localhost:35424/session/4a8e613b9410dd5b9b588da0b87ae8b4/frame'
09:29:21.825 [Forwarding switchToFrame on session 4a8e613b9410dd5b9b588da0b87ae8b4 to remote] DEBUG org.asynchttpclient.netty.request.NettyRequestSender -- Using open Channel [id: 0xbcb55864, L:/127.0.0.1:52561 - R:localhost/127.0.0.1:35424] for POST '/session/4a8e613b9410dd5b9b588da0b87ae8b4/frame'
09:29:21.857 [AsyncHttpClient-1-2] DEBUG org.asynchttpclient.netty.handler.HttpHandler -- 

Request DefaultHttpRequest(decodeResult: success, version: HTTP/1.1)
POST /session/4a8e613b9410dd5b9b588da0b87ae8b4/frame HTTP/1.1
User-Agent: selenium/4.9.0 (java windows)
Content-Length: 108
Content-Type: application/json; charset=utf-8
host: localhost:35424
accept: */*

Response DefaultHttpResponse(decodeResult: success, version: HTTP/1.1)
HTTP/1.1 200 OK
Content-Length: 14
Content-Type: application/json; charset=utf-8
cache-control: no-cache

09:29:21.857 [AsyncHttpClient-1-2] DEBUG org.asynchttpclient.netty.channel.ChannelManager -- Adding key: http://localhost:35424 for channel [id: 0xbcb55864, L:/127.0.0.1:52561 - R:localhost/127.0.0.1:35424]
09:29:21.859 [Forwarding executeScript on session 4a8e613b9410dd5b9b588da0b87ae8b4 to remote] DEBUG org.asynchttpclient.netty.request.NettyRequestSender -- Using pooled Channel '[id: 0xbcb55864, L:/127.0.0.1:52561 - R:localhost/127.0.0.1:35424]' for 'POST' to 'http://localhost:35424/session/4a8e613b9410dd5b9b588da0b87ae8b4/execute/sync'
09:29:21.859 [Forwarding executeScript on session 4a8e613b9410dd5b9b588da0b87ae8b4 to remote] DEBUG org.asynchttpclient.netty.request.NettyRequestSender -- Using open Channel [id: 0xbcb55864, L:/127.0.0.1:52561 - R:localhost/127.0.0.1:35424] for POST '/session/4a8e613b9410dd5b9b588da0b87ae8b4/execute/sync'
09:29:21.869 [AsyncHttpClient-1-2] DEBUG org.asynchttpclient.netty.handler.HttpHandler -- 

Request DefaultHttpRequest(decodeResult: success, version: HTTP/1.1)
POST /session/4a8e613b9410dd5b9b588da0b87ae8b4/execute/sync HTTP/1.1
User-Agent: selenium/4.9.0 (java windows)
Content-Length: 99
Content-Type: application/json; charset=utf-8
host: localhost:35424
accept: */*

Response DefaultHttpResponse(decodeResult: success, version: HTTP/1.1)
HTTP/1.1 200 OK
Content-Length: 14
Content-Type: application/json; charset=utf-8
cache-control: no-cache

09:29:21.870 [AsyncHttpClient-1-2] DEBUG org.asynchttpclient.netty.channel.ChannelManager -- Adding key: http://localhost:35424 for channel [id: 0xbcb55864, L:/127.0.0.1:52561 - R:localhost/127.0.0.1:35424]
09:29:21.871 [Forwarding findElements on session 4a8e613b9410dd5b9b588da0b87ae8b4 to remote] DEBUG org.asynchttpclient.netty.request.NettyRequestSender -- Using pooled Channel '[id: 0xbcb55864, L:/127.0.0.1:52561 - R:localhost/127.0.0.1:35424]' for 'POST' to 'http://localhost:35424/session/4a8e613b9410dd5b9b588da0b87ae8b4/elements'
09:29:21.871 [Forwarding findElements on session 4a8e613b9410dd5b9b588da0b87ae8b4 to remote] DEBUG org.asynchttpclient.netty.request.NettyRequestSender -- Using open Channel [id: 0xbcb55864, L:/127.0.0.1:52561 - R:localhost/127.0.0.1:35424] for POST '/session/4a8e613b9410dd5b9b588da0b87ae8b4/elements'
09:29:21.882 [AsyncHttpClient-1-2] DEBUG org.asynchttpclient.netty.handler.HttpHandler -- 

Request DefaultHttpRequest(decodeResult: success, version: HTTP/1.1)
POST /session/4a8e613b9410dd5b9b588da0b87ae8b4/elements HTTP/1.1
User-Agent: selenium/4.9.0 (java windows)
Content-Length: 98
Content-Type: application/json; charset=utf-8
host: localhost:35424
accept: */*

Response DefaultHttpResponse(decodeResult: success, version: HTTP/1.1)
HTTP/1.1 200 OK
Content-Length: 12
Content-Type: application/json; charset=utf-8
cache-control: no-cache

09:29:21.883 [AsyncHttpClient-1-2] DEBUG org.asynchttpclient.netty.channel.ChannelManager -- Adding key: http://localhost:35424 for channel [id: 0xbcb55864, L:/127.0.0.1:52561 - R:localhost/127.0.0.1:35424]
09:29:21.883 [AsyncHttpClient-1-1] DEBUG org.asynchttpclient.netty.channel.DefaultChannelPool -- Entry count for : http://localhost:52562 : 1
09:29:21.883 [AsyncHttpClient-1-1] DEBUG org.asynchttpclient.netty.channel.DefaultChannelPool -- Entry count for : http://localhost:35424 : 1
09:29:21.884 [Forwarding switchToParentFrame on session 4a8e613b9410dd5b9b588da0b87ae8b4 to remote] DEBUG org.asynchttpclient.netty.request.NettyRequestSender -- Using pooled Channel '[id: 0xbcb55864, L:/127.0.0.1:52561 - R:localhost/127.0.0.1:35424]' for 'POST' to 'http://localhost:35424/session/4a8e613b9410dd5b9b588da0b87ae8b4/frame/parent'
09:29:21.884 [Forwarding switchToParentFrame on session 4a8e613b9410dd5b9b588da0b87ae8b4 to remote] DEBUG org.asynchttpclient.netty.request.NettyRequestSender -- Using open Channel [id: 0xbcb55864, L:/127.0.0.1:52561 - R:localhost/127.0.0.1:35424] for POST '/session/4a8e613b9410dd5b9b588da0b87ae8b4/frame/parent'
09:29:21.885 [AsyncHttpClient-1-2] DEBUG org.asynchttpclient.netty.handler.HttpHandler -- 

Request DefaultHttpRequest(decodeResult: success, version: HTTP/1.1)
POST /session/4a8e613b9410dd5b9b588da0b87ae8b4/frame/parent HTTP/1.1
User-Agent: selenium/4.9.0 (java windows)
Content-Length: 3
Content-Type: application/json; charset=utf-8
host: localhost:35424
accept: */*

Response DefaultHttpResponse(decodeResult: success, version: HTTP/1.1)
HTTP/1.1 200 OK
Content-Length: 14
Content-Type: application/json; charset=utf-8
cache-control: no-cache

09:29:21.885 [AsyncHttpClient-1-2] DEBUG org.asynchttpclient.netty.channel.ChannelManager -- Adding key: http://localhost:35424 for channel [id: 0xbcb55864, L:/127.0.0.1:52561 - R:localhost/127.0.0.1:35424]
09:29:21.889 [Forwarding switchToFrame on session 4a8e613b9410dd5b9b588da0b87ae8b4 to remote] DEBUG org.asynchttpclient.netty.request.NettyRequestSender -- Using pooled Channel '[id: 0xbcb55864, L:/127.0.0.1:52561 - R:localhost/127.0.0.1:35424]' for 'POST' to 'http://localhost:35424/session/4a8e613b9410dd5b9b588da0b87ae8b4/frame'
09:29:21.889 [Forwarding switchToFrame on session 4a8e613b9410dd5b9b588da0b87ae8b4 to remote] DEBUG org.asynchttpclient.netty.request.NettyRequestSender -- Using open Channel [id: 0xbcb55864, L:/127.0.0.1:52561 - R:localhost/127.0.0.1:35424] for POST '/session/4a8e613b9410dd5b9b588da0b87ae8b4/frame'
09:29:21.918 [AsyncHttpClient-1-2] DEBUG org.asynchttpclient.netty.handler.HttpHandler -- 

Request DefaultHttpRequest(decodeResult: success, version: HTTP/1.1)
POST /session/4a8e613b9410dd5b9b588da0b87ae8b4/frame HTTP/1.1
User-Agent: selenium/4.9.0 (java windows)
Content-Length: 108
Content-Type: application/json; charset=utf-8
host: localhost:35424
accept: */*

Response DefaultHttpResponse(decodeResult: success, version: HTTP/1.1)
HTTP/1.1 200 OK
Content-Length: 14
Content-Type: application/json; charset=utf-8
cache-control: no-cache

09:29:21.918 [AsyncHttpClient-1-2] DEBUG org.asynchttpclient.netty.channel.ChannelManager -- Adding key: http://localhost:35424 for channel [id: 0xbcb55864, L:/127.0.0.1:52561 - R:localhost/127.0.0.1:35424]
09:29:21.920 [Forwarding executeScript on session 4a8e613b9410dd5b9b588da0b87ae8b4 to remote] DEBUG org.asynchttpclient.netty.request.NettyRequestSender -- Using pooled Channel '[id: 0xbcb55864, L:/127.0.0.1:52561 - R:localhost/127.0.0.1:35424]' for 'POST' to 'http://localhost:35424/session/4a8e613b9410dd5b9b588da0b87ae8b4/execute/sync'
09:29:21.920 [Forwarding executeScript on session 4a8e613b9410dd5b9b588da0b87ae8b4 to remote] DEBUG org.asynchttpclient.netty.request.NettyRequestSender -- Using open Channel [id: 0xbcb55864, L:/127.0.0.1:52561 - R:localhost/127.0.0.1:35424] for POST '/session/4a8e613b9410dd5b9b588da0b87ae8b4/execute/sync'
09:29:21.924 [AsyncHttpClient-1-2] DEBUG org.asynchttpclient.netty.handler.HttpHandler -- 

Request DefaultHttpRequest(decodeResult: success, version: HTTP/1.1)
POST /session/4a8e613b9410dd5b9b588da0b87ae8b4/execute/sync HTTP/1.1
User-Agent: selenium/4.9.0 (java windows)
Content-Length: 99
Content-Type: application/json; charset=utf-8
host: localhost:35424
accept: */*

Response DefaultHttpResponse(decodeResult: success, version: HTTP/1.1)
HTTP/1.1 200 OK
Content-Length: 14
Content-Type: application/json; charset=utf-8
cache-control: no-cache

09:29:21.924 [AsyncHttpClient-1-2] DEBUG org.asynchttpclient.netty.channel.ChannelManager -- Adding key: http://localhost:35424 for channel [id: 0xbcb55864, L:/127.0.0.1:52561 - R:localhost/127.0.0.1:35424]
09:29:21.927 [Forwarding findElements on session 4a8e613b9410dd5b9b588da0b87ae8b4 to remote] DEBUG org.asynchttpclient.netty.request.NettyRequestSender -- Using pooled Channel '[id: 0xbcb55864, L:/127.0.0.1:52561 - R:localhost/127.0.0.1:35424]' for 'POST' to 'http://localhost:35424/session/4a8e613b9410dd5b9b588da0b87ae8b4/elements'
09:29:21.927 [Forwarding findElements on session 4a8e613b9410dd5b9b588da0b87ae8b4 to remote] DEBUG org.asynchttpclient.netty.request.NettyRequestSender -- Using open Channel [id: 0xbcb55864, L:/127.0.0.1:52561 - R:localhost/127.0.0.1:35424] for POST '/session/4a8e613b9410dd5b9b588da0b87ae8b4/elements'
09:29:21.940 [AsyncHttpClient-1-2] DEBUG org.asynchttpclient.netty.handler.HttpHandler -- 

Request DefaultHttpRequest(decodeResult: success, version: HTTP/1.1)
POST /session/4a8e613b9410dd5b9b588da0b87ae8b4/elements HTTP/1.1
User-Agent: selenium/4.9.0 (java windows)
Content-Length: 98
Content-Type: application/json; charset=utf-8
host: localhost:35424
accept: */*

Response DefaultHttpResponse(decodeResult: success, version: HTTP/1.1)
HTTP/1.1 200 OK
Content-Length: 12
Content-Type: application/json; charset=utf-8
cache-control: no-cache

09:29:21.941 [AsyncHttpClient-1-2] DEBUG org.asynchttpclient.netty.channel.ChannelManager -- Adding key: http://localhost:35424 for channel [id: 0xbcb55864, L:/127.0.0.1:52561 - R:localhost/127.0.0.1:35424]
09:29:21.942 [Forwarding switchToParentFrame on session 4a8e613b9410dd5b9b588da0b87ae8b4 to remote] DEBUG org.asynchttpclient.netty.request.NettyRequestSender -- Using pooled Channel '[id: 0xbcb55864, L:/127.0.0.1:52561 - R:localhost/127.0.0.1:35424]' for 'POST' to 'http://localhost:35424/session/4a8e613b9410dd5b9b588da0b87ae8b4/frame/parent'
09:29:21.942 [Forwarding switchToParentFrame on session 4a8e613b9410dd5b9b588da0b87ae8b4 to remote] DEBUG org.asynchttpclient.netty.request.NettyRequestSender -- Using open Channel [id: 0xbcb55864, L:/127.0.0.1:52561 - R:localhost/127.0.0.1:35424] for POST '/session/4a8e613b9410dd5b9b588da0b87ae8b4/frame/parent'
09:29:21.942 [AsyncHttpClient-1-2] DEBUG org.asynchttpclient.netty.handler.HttpHandler -- 

Request DefaultHttpRequest(decodeResult: success, version: HTTP/1.1)
POST /session/4a8e613b9410dd5b9b588da0b87ae8b4/frame/parent HTTP/1.1
User-Agent: selenium/4.9.0 (java windows)
Content-Length: 3
Content-Type: application/json; charset=utf-8
host: localhost:35424
accept: */*

Response DefaultHttpResponse(decodeResult: success, version: HTTP/1.1)
HTTP/1.1 200 OK
Content-Length: 14
Content-Type: application/json; charset=utf-8
cache-control: no-cache

09:29:21.946 [AsyncHttpClient-1-2] DEBUG org.asynchttpclient.netty.channel.ChannelManager -- Adding key: http://localhost:35424 for channel [id: 0xbcb55864, L:/127.0.0.1:52561 - R:localhost/127.0.0.1:35424]
09:29:21.947 [Forwarding executeAsyncScript on session 4a8e613b9410dd5b9b588da0b87ae8b4 to remote] DEBUG org.asynchttpclient.netty.request.NettyRequestSender -- Using pooled Channel '[id: 0xbcb55864, L:/127.0.0.1:52561 - R:localhost/127.0.0.1:35424]' for 'POST' to 'http://localhost:35424/session/4a8e613b9410dd5b9b588da0b87ae8b4/execute/async'
09:29:21.947 [Forwarding executeAsyncScript on session 4a8e613b9410dd5b9b588da0b87ae8b4 to remote] DEBUG org.asynchttpclient.netty.request.NettyRequestSender -- Using open Channel [id: 0xbcb55864, L:/127.0.0.1:52561 - R:localhost/127.0.0.1:35424] for POST '/session/4a8e613b9410dd5b9b588da0b87ae8b4/execute/async'
09:29:22.989 [AsyncHttpClient-1-1] DEBUG org.asynchttpclient.netty.channel.DefaultChannelPool -- Entry count for : http://localhost:52562 : 1
09:29:24.084 [AsyncHttpClient-1-1] DEBUG org.asynchttpclient.netty.channel.DefaultChannelPool -- Entry count for : http://localhost:52562 : 1
09:29:25.180 [AsyncHttpClient-1-1] DEBUG org.asynchttpclient.netty.channel.DefaultChannelPool -- Entry count for : http://localhost:52562 : 1
09:29:25.798 [AsyncHttpClient-1-2] DEBUG org.asynchttpclient.netty.handler.HttpHandler -- 

Request DefaultHttpRequest(decodeResult: success, version: HTTP/1.1)
POST /session/4a8e613b9410dd5b9b588da0b87ae8b4/execute/async HTTP/1.1
User-Agent: selenium/4.9.0 (java windows)
Content-Length: 358
Content-Type: application/json; charset=utf-8
host: localhost:35424
accept: */*

Response DefaultHttpResponse(decodeResult: success, version: HTTP/1.1)
HTTP/1.1 200 OK
Content-Length: 640891
Content-Type: application/json; charset=utf-8
cache-control: no-cache

09:29:25.805 [AsyncHttpClient-1-2] DEBUG org.asynchttpclient.netty.channel.ChannelManager -- Adding key: http://localhost:35424 for channel [id: 0xbcb55864, L:/127.0.0.1:52561 - R:localhost/127.0.0.1:35424]
09:29:26.283 [AsyncHttpClient-1-1] DEBUG org.asynchttpclient.netty.channel.DefaultChannelPool -- Entry count for : http://localhost:52562 : 1
09:29:26.283 [AsyncHttpClient-1-1] DEBUG org.asynchttpclient.netty.channel.DefaultChannelPool -- Entry count for : http://localhost:35424 : 1
File already exists.
09:29:26.592 [Driver Command Executor] DEBUG org.asynchttpclient.netty.request.NettyRequestSender -- Using pooled Channel '[id: 0xbcb55864, L:/127.0.0.1:52561 - R:localhost/127.0.0.1:35424]' for 'DELETE' to 'http://localhost:35424/session/4a8e613b9410dd5b9b588da0b87ae8b4'
09:29:26.593 [Driver Command Executor] DEBUG org.asynchttpclient.netty.request.NettyRequestSender -- Using open Channel [id: 0xbcb55864, L:/127.0.0.1:52561 - R:localhost/127.0.0.1:35424] for DELETE '/session/4a8e613b9410dd5b9b588da0b87ae8b4'
09:29:26.596 [AsyncHttpClient-1-4] DEBUG org.asynchttpclient.netty.handler.WebSocketHandler -- Channel Closed: [id: 0x2bfc95ba, L:/127.0.0.1:52572 ! R:localhost/127.0.0.1:52562] with attribute NettyResponseFuture{currentRetry=0,
	isDone=1,
	isCancelled=0,
	asyncHandler=org.asynchttpclient.ws.WebSocketUpgradeHandler@368734e5,
	nettyRequest=org.asynchttpclient.netty.request.NettyRequest@5e0ce9a3,
	future=java.util.concurrent.CompletableFuture@4025fa3d[Completed normally],
	uri=ws://localhost:52562/devtools/browser/7e9c6798-172c-4879-93c3-1016ce99741a,
	keepAlive=true,
	redirectCount=0,
	timeoutsHolder=null,
	inAuth=0,
	touch=1683725350941}
09:29:26.598 [AsyncHttpClient-1-4] DEBUG org.asynchttpclient.netty.channel.ChannelManager -- Closing Channel [id: 0x2bfc95ba, L:/127.0.0.1:52572 ! R:localhost/127.0.0.1:52562] 
09:29:27.383 [AsyncHttpClient-1-1] DEBUG org.asynchttpclient.netty.channel.DefaultChannelPool -- Entry count for : http://localhost:52562 : 1
09:29:27.711 [AsyncHttpClient-1-3] DEBUG org.asynchttpclient.netty.handler.HttpHandler -- Unexpected I/O exception on channel [id: 0x6bbc0559, L:/127.0.0.1:52570 - R:localhost/127.0.0.1:52562]
java.io.IOException: An existing connection was forcibly closed by the remote host
	at java.base/sun.nio.ch.SocketDispatcher.read0(Native Method)
	at java.base/sun.nio.ch.SocketDispatcher.read(SocketDispatcher.java:43)
	at java.base/sun.nio.ch.IOUtil.readIntoNativeBuffer(IOUtil.java:276)
	at java.base/sun.nio.ch.IOUtil.read(IOUtil.java:233)
	at java.base/sun.nio.ch.IOUtil.read(IOUtil.java:223)
	at java.base/sun.nio.ch.SocketChannelImpl.read(SocketChannelImpl.java:358)
	at io.netty.buffer.PooledByteBuf.setBytes(PooledByteBuf.java:256)
	at io.netty.buffer.AbstractByteBuf.writeBytes(AbstractByteBuf.java:1132)
	at io.netty.channel.socket.nio.NioSocketChannel.doReadBytes(NioSocketChannel.java:357)
	at io.netty.channel.nio.AbstractNioByteChannel$NioByteUnsafe.read(AbstractNioByteChannel.java:151)
	at io.netty.channel.nio.NioEventLoop.processSelectedKey(NioEventLoop.java:788)
	at io.netty.channel.nio.NioEventLoop.processSelectedKeysOptimized(NioEventLoop.java:724)
	at io.netty.channel.nio.NioEventLoop.processSelectedKeys(NioEventLoop.java:650)
	at io.netty.channel.nio.NioEventLoop.run(NioEventLoop.java:562)
	at io.netty.util.concurrent.SingleThreadEventExecutor$4.run(SingleThreadEventExecutor.java:997)
	at io.netty.util.internal.ThreadExecutorMap$2.run(ThreadExecutorMap.java:74)
	at io.netty.util.concurrent.FastThreadLocalRunnable.run(FastThreadLocalRunnable.java:30)
	at java.base/java.lang.Thread.run(Thread.java:834)
09:29:27.721 [AsyncHttpClient-1-3] DEBUG org.asynchttpclient.netty.channel.ChannelManager -- Closing Channel [id: 0x6bbc0559, L:/127.0.0.1:52570 - R:localhost/127.0.0.1:52562] 
09:29:27.727 [AsyncHttpClient-1-3] DEBUG org.asynchttpclient.netty.handler.HttpHandler -- Channel Closed: [id: 0x6bbc0559, L:/127.0.0.1:52570 ! R:localhost/127.0.0.1:52562] with attribute DISCARD
09:29:27.874 [AsyncHttpClient-1-2] DEBUG org.asynchttpclient.netty.handler.HttpHandler -- 

Request DefaultFullHttpRequest(decodeResult: success, version: HTTP/1.1, content: EmptyByteBufBE)
DELETE /session/4a8e613b9410dd5b9b588da0b87ae8b4 HTTP/1.1
User-Agent: selenium/4.9.0 (java windows)
Content-Type: application/json; charset=utf-8
host: localhost:35424
accept: */*

Response DefaultHttpResponse(decodeResult: success, version: HTTP/1.1)
HTTP/1.1 200 OK
Content-Length: 14
Content-Type: application/json; charset=utf-8
cache-control: no-cache

09:29:27.874 [AsyncHttpClient-1-2] DEBUG org.asynchttpclient.netty.channel.ChannelManager -- Adding key: http://localhost:35424 for channel [id: 0xbcb55864, L:/127.0.0.1:52561 - R:localhost/127.0.0.1:35424]
09:29:28.102 [AsyncHttpClient-1-2] DEBUG org.asynchttpclient.netty.handler.HttpHandler -- Channel Closed: [id: 0xbcb55864, L:/127.0.0.1:52561 ! R:localhost/127.0.0.1:35424] with attribute DISCARD
09:29:28.485 [AsyncHttpClient-1-1] DEBUG org.asynchttpclient.netty.channel.DefaultChannelPool -- Entry count for : http://localhost:52562 : 1
09:29:28.485 [AsyncHttpClient-1-1] DEBUG org.asynchttpclient.netty.channel.DefaultChannelPool -- Entry count for : http://localhost:35424 : 1
09:29:28.485 [AsyncHttpClient-1-1] DEBUG org.asynchttpclient.netty.channel.DefaultChannelPool -- Adding Candidate expired Channel [id: 0x6bbc0559, L:/127.0.0.1:52570 ! R:localhost/127.0.0.1:52562] isIdleTimeoutExpired=false isRemotelyClosed=true isTtlExpired=false
09:29:28.485 [AsyncHttpClient-1-1] DEBUG org.asynchttpclient.netty.channel.DefaultChannelPool -- Closing Idle Channel [id: 0x6bbc0559, L:/127.0.0.1:52570 ! R:localhost/127.0.0.1:52562]
09:29:28.485 [AsyncHttpClient-1-1] DEBUG org.asynchttpclient.netty.channel.DefaultChannelPool -- Adding Candidate expired Channel [id: 0xbcb55864, L:/127.0.0.1:52561 ! R:localhost/127.0.0.1:35424] isIdleTimeoutExpired=false isRemotelyClosed=true isTtlExpired=false
09:29:28.485 [AsyncHttpClient-1-1] DEBUG org.asynchttpclient.netty.channel.DefaultChannelPool -- Closing Idle Channel [id: 0xbcb55864, L:/127.0.0.1:52561 ! R:localhost/127.0.0.1:35424]
09:29:28.485 [AsyncHttpClient-1-1] DEBUG org.asynchttpclient.netty.channel.DefaultChannelPool -- Closed 2 connections out of 2 in 0 ms
  Given user navigate to the site               # stepDefinitions.login.user_navigate_to_the_site()
]]></system-out>
    <system-err><![CDATA[Starting ChromeDriver 113.0.5672.63 (0e1a4471d5ae5bf128b1bd8f4d627c8cbd55f70c-refs/branch-heads/5672@{#912}) on port 35424
Only local connections are allowed.
Please see https://chromedriver.chromium.org/security-considerations for suggestions on keeping ChromeDriver safe.
ChromeDriver was started successfully.
May 10, 2023 9:29:11 AM org.openqa.selenium.devtools.CdpVersionFinder findNearestMatch
WARNING: Unable to find an exact match for CDP version 113, so returning the closest version found: 112
]]></system-err>
  </testcase>
</testsuite>