<?xml version="1.0" encoding="UTF-8"?>
<testsuite xmlns:xsi="http://www.w3.org/2001/XMLSchema-instance" xsi:noNamespaceSchemaLocation="https://maven.apache.org/surefire/maven-surefire-plugin/xsd/surefire-test-report-3.0.xsd" version="3.0" name="TestSuite" time="56.443" tests="1" errors="0" skipped="0" failures="0">
  <properties>
    <property name="sun.desktop" value="windows"/>
    <property name="awt.toolkit" value="sun.awt.windows.WToolkit"/>
    <property name="java.specification.version" value="11"/>
    <property name="sun.cpu.isalist" value="amd64"/>
    <property name="sun.jnu.encoding" value="Cp1252"/>
    <property name="java.class.path" value="C:\Users\ganah\IdeaProjects\Cucumber_Project_03_28_2023_job\target\test-classes;C:\Users\ganah\IdeaProjects\Cucumber_Project_03_28_2023_job\target\classes;C:\Users\ganah\.m2\repository\org\seleniumhq\selenium\selenium-java\4.9.0\selenium-java-4.9.0.jar;C:\Users\ganah\.m2\repository\org\seleniumhq\selenium\selenium-api\4.9.0\selenium-api-4.9.0.jar;C:\Users\ganah\.m2\repository\org\seleniumhq\selenium\selenium-chrome-driver\4.9.0\selenium-chrome-driver-4.9.0.jar;C:\Users\ganah\.m2\repository\com\google\auto\service\auto-service-annotations\1.0.1\auto-service-annotations-1.0.1.jar;C:\Users\ganah\.m2\repository\com\google\auto\service\auto-service\1.0.1\auto-service-1.0.1.jar;C:\Users\ganah\.m2\repository\com\google\auto\auto-common\1.2\auto-common-1.2.jar;C:\Users\ganah\.m2\repository\org\seleniumhq\selenium\selenium-chromium-driver\4.9.0\selenium-chromium-driver-4.9.0.jar;C:\Users\ganah\.m2\repository\org\seleniumhq\selenium\selenium-json\4.9.0\selenium-json-4.9.0.jar;C:\Users\ganah\.m2\repository\org\seleniumhq\selenium\selenium-manager\4.9.0\selenium-manager-4.9.0.jar;C:\Users\ganah\.m2\repository\org\seleniumhq\selenium\selenium-devtools-v110\4.9.0\selenium-devtools-v110-4.9.0.jar;C:\Users\ganah\.m2\repository\org\seleniumhq\selenium\selenium-devtools-v111\4.9.0\selenium-devtools-v111-4.9.0.jar;C:\Users\ganah\.m2\repository\org\seleniumhq\selenium\selenium-devtools-v112\4.9.0\selenium-devtools-v112-4.9.0.jar;C:\Users\ganah\.m2\repository\org\seleniumhq\selenium\selenium-devtools-v85\4.9.0\selenium-devtools-v85-4.9.0.jar;C:\Users\ganah\.m2\repository\org\seleniumhq\selenium\selenium-edge-driver\4.9.0\selenium-edge-driver-4.9.0.jar;C:\Users\ganah\.m2\repository\org\seleniumhq\selenium\selenium-firefox-driver\4.9.0\selenium-firefox-driver-4.9.0.jar;C:\Users\ganah\.m2\repository\org\seleniumhq\selenium\selenium-http\4.9.0\selenium-http-4.9.0.jar;C:\Users\ganah\.m2\repository\dev\failsafe\failsafe\3.3.1\failsafe-3.3.1.jar;C:\Users\ganah\.m2\repository\org\seleniumhq\selenium\selenium-ie-driver\4.9.0\selenium-ie-driver-4.9.0.jar;C:\Users\ganah\.m2\repository\org\seleniumhq\selenium\selenium-remote-driver\4.9.0\selenium-remote-driver-4.9.0.jar;C:\Users\ganah\.m2\repository\io\netty\netty-buffer\4.1.91.Final\netty-buffer-4.1.91.Final.jar;C:\Users\ganah\.m2\repository\io\netty\netty-codec-http\4.1.91.Final\netty-codec-http-4.1.91.Final.jar;C:\Users\ganah\.m2\repository\io\netty\netty-codec\4.1.91.Final\netty-codec-4.1.91.Final.jar;C:\Users\ganah\.m2\repository\io\netty\netty-handler\4.1.91.Final\netty-handler-4.1.91.Final.jar;C:\Users\ganah\.m2\repository\io\netty\netty-common\4.1.91.Final\netty-common-4.1.91.Final.jar;C:\Users\ganah\.m2\repository\io\netty\netty-transport-classes-epoll\4.1.91.Final\netty-transport-classes-epoll-4.1.91.Final.jar;C:\Users\ganah\.m2\repository\io\netty\netty-transport-classes-kqueue\4.1.91.Final\netty-transport-classes-kqueue-4.1.91.Final.jar;C:\Users\ganah\.m2\repository\io\netty\netty-transport-native-epoll\4.1.91.Final\netty-transport-native-epoll-4.1.91.Final.jar;C:\Users\ganah\.m2\repository\io\netty\netty-transport-native-kqueue\4.1.91.Final\netty-transport-native-kqueue-4.1.91.Final.jar;C:\Users\ganah\.m2\repository\io\netty\netty-transport-native-unix-common\4.1.91.Final\netty-transport-native-unix-common-4.1.91.Final.jar;C:\Users\ganah\.m2\repository\io\netty\netty-transport\4.1.91.Final\netty-transport-4.1.91.Final.jar;C:\Users\ganah\.m2\repository\io\netty\netty-resolver\4.1.91.Final\netty-resolver-4.1.91.Final.jar;C:\Users\ganah\.m2\repository\io\opentelemetry\opentelemetry-api\1.25.0\opentelemetry-api-1.25.0.jar;C:\Users\ganah\.m2\repository\io\opentelemetry\opentelemetry-context\1.25.0\opentelemetry-context-1.25.0.jar;C:\Users\ganah\.m2\repository\io\opentelemetry\opentelemetry-exporter-logging\1.25.0\opentelemetry-exporter-logging-1.25.0.jar;C:\Users\ganah\.m2\repository\io\opentelemetry\opentelemetry-sdk-metrics\1.25.0\opentelemetry-sdk-metrics-1.25.0.jar;C:\Users\ganah\.m2\repository\io\opentelemetry\opentelemetry-sdk-logs\1.25.0-alpha\opentelemetry-sdk-logs-1.25.0-alpha.jar;C:\Users\ganah\.m2\repository\io\opentelemetry\opentelemetry-api-logs\1.25.0-alpha\opentelemetry-api-logs-1.25.0-alpha.jar;C:\Users\ganah\.m2\repository\io\opentelemetry\opentelemetry-api-events\1.25.0-alpha\opentelemetry-api-events-1.25.0-alpha.jar;C:\Users\ganah\.m2\repository\io\opentelemetry\opentelemetry-sdk-common\1.25.0\opentelemetry-sdk-common-1.25.0.jar;C:\Users\ganah\.m2\repository\io\opentelemetry\opentelemetry-sdk-extension-autoconfigure-spi\1.25.0\opentelemetry-sdk-extension-autoconfigure-spi-1.25.0.jar;C:\Users\ganah\.m2\repository\io\opentelemetry\opentelemetry-sdk-extension-autoconfigure\1.25.0-alpha\opentelemetry-sdk-extension-autoconfigure-1.25.0-alpha.jar;C:\Users\ganah\.m2\repository\io\opentelemetry\opentelemetry-sdk-trace\1.25.0\opentelemetry-sdk-trace-1.25.0.jar;C:\Users\ganah\.m2\repository\io\opentelemetry\opentelemetry-sdk\1.25.0\opentelemetry-sdk-1.25.0.jar;C:\Users\ganah\.m2\repository\io\opentelemetry\opentelemetry-semconv\1.25.0-alpha\opentelemetry-semconv-1.25.0-alpha.jar;C:\Users\ganah\.m2\repository\io\ous\jtoml\2.0.0\jtoml-2.0.0.jar;C:\Users\ganah\.m2\repository\net\bytebuddy\byte-buddy\1.14.4\byte-buddy-1.14.4.jar;C:\Users\ganah\.m2\repository\org\apache\commons\commons-exec\1.3\commons-exec-1.3.jar;C:\Users\ganah\.m2\repository\org\asynchttpclient\async-http-client\2.12.3\async-http-client-2.12.3.jar;C:\Users\ganah\.m2\repository\org\asynchttpclient\async-http-client-netty-utils\2.12.3\async-http-client-netty-utils-2.12.3.jar;C:\Users\ganah\.m2\repository\io\netty\netty-codec-socks\4.1.60.Final\netty-codec-socks-4.1.60.Final.jar;C:\Users\ganah\.m2\repository\io\netty\netty-handler-proxy\4.1.60.Final\netty-handler-proxy-4.1.60.Final.jar;C:\Users\ganah\.m2\repository\io\netty\netty-transport-native-epoll\4.1.60.Final\netty-transport-native-epoll-4.1.60.Final-linux-x86_64.jar;C:\Users\ganah\.m2\repository\io\netty\netty-transport-native-kqueue\4.1.60.Final\netty-transport-native-kqueue-4.1.60.Final-osx-x86_64.jar;C:\Users\ganah\.m2\repository\com\typesafe\netty\netty-reactive-streams\2.0.4\netty-reactive-streams-2.0.4.jar;C:\Users\ganah\.m2\repository\com\sun\activation\jakarta.activation\1.2.2\jakarta.activation-1.2.2.jar;C:\Users\ganah\.m2\repository\org\seleniumhq\selenium\selenium-safari-driver\4.9.0\selenium-safari-driver-4.9.0.jar;C:\Users\ganah\.m2\repository\org\seleniumhq\selenium\selenium-support\4.9.0\selenium-support-4.9.0.jar;C:\Users\ganah\.m2\repository\org\apache\maven\plugins\maven-surefire-plugin\3.0.0-M5\maven-surefire-plugin-3.0.0-M5.jar;C:\Users\ganah\.m2\repository\org\apache\maven\surefire\maven-surefire-common\3.0.0-M5\maven-surefire-common-3.0.0-M5.jar;C:\Users\ganah\.m2\repository\org\apache\maven\surefire\surefire-api\3.0.0-M5\surefire-api-3.0.0-M5.jar;C:\Users\ganah\.m2\repository\org\apache\maven\surefire\surefire-logger-api\3.0.0-M5\surefire-logger-api-3.0.0-M5.jar;C:\Users\ganah\.m2\repository\org\apache\maven\surefire\surefire-extensions-api\3.0.0-M5\surefire-extensions-api-3.0.0-M5.jar;C:\Users\ganah\.m2\repository\org\apache\maven\surefire\surefire-booter\3.0.0-M5\surefire-booter-3.0.0-M5.jar;C:\Users\ganah\.m2\repository\org\apache\maven\surefire\surefire-extensions-spi\3.0.0-M5\surefire-extensions-spi-3.0.0-M5.jar;C:\Users\ganah\.m2\repository\org\apache\maven\maven-toolchain\3.0-alpha-2\maven-toolchain-3.0-alpha-2.jar;C:\Users\ganah\.m2\repository\org\apache\maven\shared\maven-artifact-transfer\0.11.0\maven-artifact-transfer-0.11.0.jar;C:\Users\ganah\.m2\repository\org\apache\maven\shared\maven-common-artifact-filters\3.0.1\maven-common-artifact-filters-3.0.1.jar;C:\Users\ganah\.m2\repository\org\apache\maven\surefire\surefire-shared-utils\3.0.0-M4\surefire-shared-utils-3.0.0-M4.jar;C:\Users\ganah\.m2\repository\org\apache\maven\plugins\maven-failsafe-plugin\3.0.0-M5\maven-failsafe-plugin-3.0.0-M5.jar;C:\Users\ganah\.m2\repository\junit\junit\4.13.1\junit-4.13.1.jar;C:\Users\ganah\.m2\repository\org\hamcrest\hamcrest-core\1.3\hamcrest-core-1.3.jar;C:\Users\ganah\.m2\repository\io\github\bonigarcia\webdrivermanager\5.3.1\webdrivermanager-5.3.1.jar;C:\Users\ganah\.m2\repository\org\slf4j\slf4j-api\2.0.3\slf4j-api-2.0.3.jar;C:\Users\ganah\.m2\repository\com\google\code\gson\gson\2.10\gson-2.10.jar;C:\Users\ganah\.m2\repository\com\github\docker-java\docker-java\3.2.13\docker-java-3.2.13.jar;C:\Users\ganah\.m2\repository\com\github\docker-java\docker-java-core\3.2.13\docker-java-core-3.2.13.jar;C:\Users\ganah\.m2\repository\com\github\docker-java\docker-java-api\3.2.13\docker-java-api-3.2.13.jar;C:\Users\ganah\.m2\repository\org\apache\commons\commons-compress\1.21\commons-compress-1.21.jar;C:\Users\ganah\.m2\repository\org\bouncycastle\bcpkix-jdk15on\1.64\bcpkix-jdk15on-1.64.jar;C:\Users\ganah\.m2\repository\org\bouncycastle\bcprov-jdk15on\1.64\bcprov-jdk15on-1.64.jar;C:\Users\ganah\.m2\repository\org\slf4j\jcl-over-slf4j\1.7.30\jcl-over-slf4j-1.7.30.jar;C:\Users\ganah\.m2\repository\com\github\docker-java\docker-java-transport-httpclient5\3.2.13\docker-java-transport-httpclient5-3.2.13.jar;C:\Users\ganah\.m2\repository\com\github\docker-java\docker-java-transport\3.2.13\docker-java-transport-3.2.13.jar;C:\Users\ganah\.m2\repository\net\java\dev\jna\jna\5.8.0\jna-5.8.0.jar;C:\Users\ganah\.m2\repository\org\brotli\dec\0.1.2\dec-0.1.2.jar;C:\Users\ganah\.m2\repository\org\apache\commons\commons-lang3\3.12.0\commons-lang3-3.12.0.jar;C:\Users\ganah\.m2\repository\org\apache\httpcomponents\client5\httpclient5\5.1.3\httpclient5-5.1.3.jar;C:\Users\ganah\.m2\repository\org\apache\httpcomponents\core5\httpcore5\5.1.3\httpcore5-5.1.3.jar;C:\Users\ganah\.m2\repository\org\apache\httpcomponents\core5\httpcore5-h2\5.1.3\httpcore5-h2-5.1.3.jar;C:\Users\ganah\.m2\repository\org\testng\testng\7.7.0\testng-7.7.0.jar;C:\Users\ganah\.m2\repository\com\beust\jcommander\1.82\jcommander-1.82.jar;C:\Users\ganah\.m2\repository\org\webjars\jquery\3.6.1\jquery-3.6.1.jar;C:\Users\ganah\.m2\repository\org\apache\maven\plugins\maven-compiler-plugin\3.8.1\maven-compiler-plugin-3.8.1.jar;C:\Users\ganah\.m2\repository\org\apache\maven\maven-plugin-api\3.0\maven-plugin-api-3.0.jar;C:\Users\ganah\.m2\repository\org\apache\maven\maven-model\3.0\maven-model-3.0.jar;C:\Users\ganah\.m2\repository\org\sonatype\sisu\sisu-inject-plexus\1.4.2\sisu-inject-plexus-1.4.2.jar;C:\Users\ganah\.m2\repository\org\sonatype\sisu\sisu-inject-bean\1.4.2\sisu-inject-bean-1.4.2.jar;C:\Users\ganah\.m2\repository\org\sonatype\sisu\sisu-guice\2.1.7\sisu-guice-2.1.7-noaop.jar;C:\Users\ganah\.m2\repository\org\apache\maven\maven-artifact\3.0\maven-artifact-3.0.jar;C:\Users\ganah\.m2\repository\org\apache\maven\maven-core\3.0\maven-core-3.0.jar;C:\Users\ganah\.m2\repository\org\apache\maven\maven-settings\3.0\maven-settings-3.0.jar;C:\Users\ganah\.m2\repository\org\apache\maven\maven-settings-builder\3.0\maven-settings-builder-3.0.jar;C:\Users\ganah\.m2\repository\org\apache\maven\maven-repository-metadata\3.0\maven-repository-metadata-3.0.jar;C:\Users\ganah\.m2\repository\org\apache\maven\maven-model-builder\3.0\maven-model-builder-3.0.jar;C:\Users\ganah\.m2\repository\org\apache\maven\maven-aether-provider\3.0\maven-aether-provider-3.0.jar;C:\Users\ganah\.m2\repository\org\sonatype\aether\aether-impl\1.7\aether-impl-1.7.jar;C:\Users\ganah\.m2\repository\org\sonatype\aether\aether-spi\1.7\aether-spi-1.7.jar;C:\Users\ganah\.m2\repository\org\sonatype\aether\aether-api\1.7\aether-api-1.7.jar;C:\Users\ganah\.m2\repository\org\sonatype\aether\aether-util\1.7\aether-util-1.7.jar;C:\Users\ganah\.m2\repository\org\codehaus\plexus\plexus-interpolation\1.14\plexus-interpolation-1.14.jar;C:\Users\ganah\.m2\repository\org\codehaus\plexus\plexus-classworlds\2.2.3\plexus-classworlds-2.2.3.jar;C:\Users\ganah\.m2\repository\org\codehaus\plexus\plexus-component-annotations\1.5.5\plexus-component-annotations-1.5.5.jar;C:\Users\ganah\.m2\repository\org\sonatype\plexus\plexus-sec-dispatcher\1.3\plexus-sec-dispatcher-1.3.jar;C:\Users\ganah\.m2\repository\org\sonatype\plexus\plexus-cipher\1.4\plexus-cipher-1.4.jar;C:\Users\ganah\.m2\repository\org\apache\maven\shared\maven-shared-utils\3.2.1\maven-shared-utils-3.2.1.jar;C:\Users\ganah\.m2\repository\org\apache\maven\shared\maven-shared-incremental\1.1\maven-shared-incremental-1.1.jar;C:\Users\ganah\.m2\repository\org\codehaus\plexus\plexus-java\0.9.10\plexus-java-0.9.10.jar;C:\Users\ganah\.m2\repository\org\ow2\asm\asm\6.2\asm-6.2.jar;C:\Users\ganah\.m2\repository\com\thoughtworks\qdox\qdox\2.0-M8\qdox-2.0-M8.jar;C:\Users\ganah\.m2\repository\org\codehaus\plexus\plexus-compiler-api\2.8.4\plexus-compiler-api-2.8.4.jar;C:\Users\ganah\.m2\repository\org\codehaus\plexus\plexus-compiler-manager\2.8.4\plexus-compiler-manager-2.8.4.jar;C:\Users\ganah\.m2\repository\org\codehaus\plexus\plexus-compiler-javac\2.8.4\plexus-compiler-javac-2.8.4.jar;C:\Users\ganah\.m2\repository\io\cucumber\cucumber-core\7.11.0\cucumber-core-7.11.0.jar;C:\Users\ganah\.m2\repository\io\cucumber\cucumber-gherkin-messages\7.11.0\cucumber-gherkin-messages-7.11.0.jar;C:\Users\ganah\.m2\repository\io\cucumber\gherkin\26.0.3\gherkin-26.0.3.jar;C:\Users\ganah\.m2\repository\io\cucumber\messages\21.0.1\messages-21.0.1.jar;C:\Users\ganah\.m2\repository\io\cucumber\tag-expressions\5.0.1\tag-expressions-5.0.1.jar;C:\Users\ganah\.m2\repository\io\cucumber\cucumber-expressions\16.1.1\cucumber-expressions-16.1.1.jar;C:\Users\ganah\.m2\repository\io\cucumber\datatable\7.11.0\datatable-7.11.0.jar;C:\Users\ganah\.m2\repository\io\cucumber\cucumber-plugin\7.11.0\cucumber-plugin-7.11.0.jar;C:\Users\ganah\.m2\repository\io\cucumber\docstring\7.11.0\docstring-7.11.0.jar;C:\Users\ganah\.m2\repository\io\cucumber\html-formatter\20.2.1\html-formatter-20.2.1.jar;C:\Users\ganah\.m2\repository\io\cucumber\junit-xml-formatter\0.1.0\junit-xml-formatter-0.1.0.jar;C:\Users\ganah\.m2\repository\io\cucumber\ci-environment\9.1.0\ci-environment-9.1.0.jar;C:\Users\ganah\.m2\repository\org\apiguardian\apiguardian-api\1.1.2\apiguardian-api-1.1.2.jar;C:\Users\ganah\.m2\repository\io\cucumber\cucumber-gherkin\7.11.0\cucumber-gherkin-7.11.0.jar;C:\Users\ganah\.m2\repository\io\cucumber\cucumber-java\7.11.0\cucumber-java-7.11.0.jar;C:\Users\ganah\.m2\repository\net\masterthought\cucumber-reporting\5.7.4\cucumber-reporting-5.7.4.jar;C:\Users\ganah\.m2\repository\com\fasterxml\jackson\core\jackson-databind\2.13.2.2\jackson-databind-2.13.2.2.jar;C:\Users\ganah\.m2\repository\com\fasterxml\jackson\core\jackson-annotations\2.13.2\jackson-annotations-2.13.2.jar;C:\Users\ganah\.m2\repository\com\fasterxml\jackson\core\jackson-core\2.13.2\jackson-core-2.13.2.jar;C:\Users\ganah\.m2\repository\com\fasterxml\jackson\datatype\jackson-datatype-jsr310\2.13.2\jackson-datatype-jsr310-2.13.2.jar;C:\Users\ganah\.m2\repository\org\apache\velocity\velocity-engine-core\2.3\velocity-engine-core-2.3.jar;C:\Users\ganah\.m2\repository\org\apache\commons\commons-collections4\4.4\commons-collections4-4.4.jar;C:\Users\ganah\.m2\repository\joda-time\joda-time\2.10.14\joda-time-2.10.14.jar;C:\Users\ganah\.m2\repository\commons-io\commons-io\2.7\commons-io-2.7.jar;C:\Users\ganah\.m2\repository\org\codehaus\plexus\plexus-utils\3.4.2\plexus-utils-3.4.2.jar;C:\Users\ganah\.m2\repository\org\jsoup\jsoup\1.15.3\jsoup-1.15.3.jar;C:\Users\ganah\.m2\repository\com\google\guava\guava\31.1-jre\guava-31.1-jre.jar;C:\Users\ganah\.m2\repository\com\google\guava\failureaccess\1.0.1\failureaccess-1.0.1.jar;C:\Users\ganah\.m2\repository\com\google\guava\listenablefuture\9999.0-empty-to-avoid-conflict-with-guava\listenablefuture-9999.0-empty-to-avoid-conflict-with-guava.jar;C:\Users\ganah\.m2\repository\com\google\code\findbugs\jsr305\3.0.2\jsr305-3.0.2.jar;C:\Users\ganah\.m2\repository\com\google\errorprone\error_prone_annotations\2.11.0\error_prone_annotations-2.11.0.jar;C:\Users\ganah\.m2\repository\com\google\j2objc\j2objc-annotations\1.3\j2objc-annotations-1.3.jar;C:\Users\ganah\.m2\repository\com\googlecode\owasp-java-html-sanitizer\owasp-java-html-sanitizer\20211018.2\owasp-java-html-sanitizer-20211018.2.jar;C:\Users\ganah\.m2\repository\commons-configuration\commons-configuration\1.10\commons-configuration-1.10.jar;C:\Users\ganah\.m2\repository\commons-lang\commons-lang\2.6\commons-lang-2.6.jar;C:\Users\ganah\.m2\repository\io\cucumber\cucumber-junit\7.11.0\cucumber-junit-7.11.0.jar;C:\Users\ganah\.m2\repository\io\cucumber\cucumber-testng\7.11.1\cucumber-testng-7.11.1.jar;C:\Users\ganah\.m2\repository\org\postgresql\postgresql\42.6.0\postgresql-42.6.0.jar;C:\Users\ganah\.m2\repository\org\checkerframework\checker-qual\3.31.0\checker-qual-3.31.0.jar;C:\Users\ganah\.m2\repository\com\vimalselvam\cucumber-extentsreport\3.0.2\cucumber-extentsreport-3.0.2.jar;C:\Users\ganah\.m2\repository\com\aventstack\extentreports\5.0.9\extentreports-5.0.9.jar;C:\Users\ganah\.m2\repository\io\reactivex\rxjava3\rxjava\3.0.4\rxjava-3.0.4.jar;C:\Users\ganah\.m2\repository\org\reactivestreams\reactive-streams\1.0.3\reactive-streams-1.0.3.jar;C:\Users\ganah\.m2\repository\org\freemarker\freemarker\2.3.30\freemarker-2.3.30.jar;C:\Users\ganah\.m2\repository\org\projectlombok\lombok\1.18.12\lombok-1.18.12.jar;C:\Users\ganah\.m2\repository\org\apache\logging\log4j\log4j-core\2.14.1\log4j-core-2.14.1.jar;C:\Users\ganah\.m2\repository\org\apache\logging\log4j\log4j-api\2.14.1\log4j-api-2.14.1.jar;C:\Users\ganah\.m2\repository\com\deque\html\axe-core\selenium\4.6.0\selenium-4.6.0.jar;C:\Users\ganah\.m2\repository\com\deque\html\axe-core\dequeutilites\4.6.0\dequeutilites-4.6.0.jar;C:\Users\ganah\.m2\repository\org\springframework\boot\spring-boot-starter-web\3.0.6\spring-boot-starter-web-3.0.6.jar;C:\Users\ganah\.m2\repository\org\springframework\boot\spring-boot-starter\3.0.6\spring-boot-starter-3.0.6.jar;C:\Users\ganah\.m2\repository\org\springframework\boot\spring-boot\3.0.6\spring-boot-3.0.6.jar;C:\Users\ganah\.m2\repository\org\springframework\boot\spring-boot-autoconfigure\3.0.6\spring-boot-autoconfigure-3.0.6.jar;C:\Users\ganah\.m2\repository\org\springframework\boot\spring-boot-starter-logging\3.0.6\spring-boot-starter-logging-3.0.6.jar;C:\Users\ganah\.m2\repository\ch\qos\logback\logback-classic\1.4.7\logback-classic-1.4.7.jar;C:\Users\ganah\.m2\repository\ch\qos\logback\logback-core\1.4.7\logback-core-1.4.7.jar;C:\Users\ganah\.m2\repository\org\apache\logging\log4j\log4j-to-slf4j\2.19.0\log4j-to-slf4j-2.19.0.jar;C:\Users\ganah\.m2\repository\org\slf4j\jul-to-slf4j\2.0.7\jul-to-slf4j-2.0.7.jar;C:\Users\ganah\.m2\repository\jakarta\annotation\jakarta.annotation-api\2.1.1\jakarta.annotation-api-2.1.1.jar;C:\Users\ganah\.m2\repository\org\springframework\spring-core\6.0.8\spring-core-6.0.8.jar;C:\Users\ganah\.m2\repository\org\springframework\spring-jcl\6.0.8\spring-jcl-6.0.8.jar;C:\Users\ganah\.m2\repository\org\yaml\snakeyaml\1.33\snakeyaml-1.33.jar;C:\Users\ganah\.m2\repository\org\springframework\boot\spring-boot-starter-json\3.0.6\spring-boot-starter-json-3.0.6.jar;C:\Users\ganah\.m2\repository\com\fasterxml\jackson\datatype\jackson-datatype-jdk8\2.14.2\jackson-datatype-jdk8-2.14.2.jar;C:\Users\ganah\.m2\repository\com\fasterxml\jackson\module\jackson-module-parameter-names\2.14.2\jackson-module-parameter-names-2.14.2.jar;C:\Users\ganah\.m2\repository\org\springframework\boot\spring-boot-starter-tomcat\3.0.6\spring-boot-starter-tomcat-3.0.6.jar;C:\Users\ganah\.m2\repository\org\apache\tomcat\embed\tomcat-embed-core\10.1.8\tomcat-embed-core-10.1.8.jar;C:\Users\ganah\.m2\repository\org\apache\tomcat\embed\tomcat-embed-el\10.1.8\tomcat-embed-el-10.1.8.jar;C:\Users\ganah\.m2\repository\org\apache\tomcat\embed\tomcat-embed-websocket\10.1.8\tomcat-embed-websocket-10.1.8.jar;C:\Users\ganah\.m2\repository\org\springframework\spring-web\6.0.8\spring-web-6.0.8.jar;C:\Users\ganah\.m2\repository\org\springframework\spring-beans\6.0.8\spring-beans-6.0.8.jar;C:\Users\ganah\.m2\repository\io\micrometer\micrometer-observation\1.10.6\micrometer-observation-1.10.6.jar;C:\Users\ganah\.m2\repository\io\micrometer\micrometer-commons\1.10.6\micrometer-commons-1.10.6.jar;C:\Users\ganah\.m2\repository\org\springframework\spring-webmvc\6.0.8\spring-webmvc-6.0.8.jar;C:\Users\ganah\.m2\repository\org\springframework\spring-aop\6.0.8\spring-aop-6.0.8.jar;C:\Users\ganah\.m2\repository\org\springframework\spring-context\6.0.8\spring-context-6.0.8.jar;C:\Users\ganah\.m2\repository\org\springframework\spring-expression\6.0.8\spring-expression-6.0.8.jar;C:\Users\ganah\.m2\repository\org\thymeleaf\thymeleaf\3.0.12.RELEASE\thymeleaf-3.0.12.RELEASE.jar;C:\Users\ganah\.m2\repository\ognl\ognl\3.1.26\ognl-3.1.26.jar;C:\Users\ganah\.m2\repository\org\javassist\javassist\3.20.0-GA\javassist-3.20.0-GA.jar;C:\Users\ganah\.m2\repository\org\attoparser\attoparser\2.0.5.RELEASE\attoparser-2.0.5.RELEASE.jar;C:\Users\ganah\.m2\repository\org\unbescape\unbescape\1.1.6.RELEASE\unbescape-1.1.6.RELEASE.jar;C:\Users\ganah\.m2\repository\org\apache\httpcomponents\httpclient\4.5.14\httpclient-4.5.14.jar;C:\Users\ganah\.m2\repository\org\apache\httpcomponents\httpcore\4.4.16\httpcore-4.4.16.jar;C:\Users\ganah\.m2\repository\commons-logging\commons-logging\1.2\commons-logging-1.2.jar;C:\Users\ganah\.m2\repository\commons-codec\commons-codec\1.11\commons-codec-1.11.jar;"/>
    <property name="java.vm.vendor" value="Oracle Corporation"/>
    <property name="sun.arch.data.model" value="64"/>
    <property name="user.variant" value=""/>
    <property name="java.vendor.url" value="https://openjdk.java.net/"/>
    <property name="user.timezone" value="America/New_York"/>
    <property name="java.vm.specification.version" value="11"/>
    <property name="os.name" value="Windows 10"/>
    <property name="sun.java.launcher" value="SUN_STANDARD"/>
    <property name="user.country" value="US"/>
    <property name="sun.boot.library.path" value="C:\Program Files\Java\jdk-11.0.11\bin"/>
    <property name="sun.java.command" value="C:\Users\ganah\AppData\Local\Temp\surefire9071121525641046593\surefirebooter15540525468252340447.jar C:\Users\ganah\AppData\Local\Temp\surefire9071121525641046593 2023-05-11T22-26-31_971-jvmRun1 surefire13179824922612513251tmp surefire_03312005551558077413tmp"/>
    <property name="jdk.debug" value="release"/>
    <property name="surefire.test.class.path" value="C:\Users\ganah\IdeaProjects\Cucumber_Project_03_28_2023_job\target\test-classes;C:\Users\ganah\IdeaProjects\Cucumber_Project_03_28_2023_job\target\classes;C:\Users\ganah\.m2\repository\org\seleniumhq\selenium\selenium-java\4.9.0\selenium-java-4.9.0.jar;C:\Users\ganah\.m2\repository\org\seleniumhq\selenium\selenium-api\4.9.0\selenium-api-4.9.0.jar;C:\Users\ganah\.m2\repository\org\seleniumhq\selenium\selenium-chrome-driver\4.9.0\selenium-chrome-driver-4.9.0.jar;C:\Users\ganah\.m2\repository\com\google\auto\service\auto-service-annotations\1.0.1\auto-service-annotations-1.0.1.jar;C:\Users\ganah\.m2\repository\com\google\auto\service\auto-service\1.0.1\auto-service-1.0.1.jar;C:\Users\ganah\.m2\repository\com\google\auto\auto-common\1.2\auto-common-1.2.jar;C:\Users\ganah\.m2\repository\org\seleniumhq\selenium\selenium-chromium-driver\4.9.0\selenium-chromium-driver-4.9.0.jar;C:\Users\ganah\.m2\repository\org\seleniumhq\selenium\selenium-json\4.9.0\selenium-json-4.9.0.jar;C:\Users\ganah\.m2\repository\org\seleniumhq\selenium\selenium-manager\4.9.0\selenium-manager-4.9.0.jar;C:\Users\ganah\.m2\repository\org\seleniumhq\selenium\selenium-devtools-v110\4.9.0\selenium-devtools-v110-4.9.0.jar;C:\Users\ganah\.m2\repository\org\seleniumhq\selenium\selenium-devtools-v111\4.9.0\selenium-devtools-v111-4.9.0.jar;C:\Users\ganah\.m2\repository\org\seleniumhq\selenium\selenium-devtools-v112\4.9.0\selenium-devtools-v112-4.9.0.jar;C:\Users\ganah\.m2\repository\org\seleniumhq\selenium\selenium-devtools-v85\4.9.0\selenium-devtools-v85-4.9.0.jar;C:\Users\ganah\.m2\repository\org\seleniumhq\selenium\selenium-edge-driver\4.9.0\selenium-edge-driver-4.9.0.jar;C:\Users\ganah\.m2\repository\org\seleniumhq\selenium\selenium-firefox-driver\4.9.0\selenium-firefox-driver-4.9.0.jar;C:\Users\ganah\.m2\repository\org\seleniumhq\selenium\selenium-http\4.9.0\selenium-http-4.9.0.jar;C:\Users\ganah\.m2\repository\dev\failsafe\failsafe\3.3.1\failsafe-3.3.1.jar;C:\Users\ganah\.m2\repository\org\seleniumhq\selenium\selenium-ie-driver\4.9.0\selenium-ie-driver-4.9.0.jar;C:\Users\ganah\.m2\repository\org\seleniumhq\selenium\selenium-remote-driver\4.9.0\selenium-remote-driver-4.9.0.jar;C:\Users\ganah\.m2\repository\io\netty\netty-buffer\4.1.91.Final\netty-buffer-4.1.91.Final.jar;C:\Users\ganah\.m2\repository\io\netty\netty-codec-http\4.1.91.Final\netty-codec-http-4.1.91.Final.jar;C:\Users\ganah\.m2\repository\io\netty\netty-codec\4.1.91.Final\netty-codec-4.1.91.Final.jar;C:\Users\ganah\.m2\repository\io\netty\netty-handler\4.1.91.Final\netty-handler-4.1.91.Final.jar;C:\Users\ganah\.m2\repository\io\netty\netty-common\4.1.91.Final\netty-common-4.1.91.Final.jar;C:\Users\ganah\.m2\repository\io\netty\netty-transport-classes-epoll\4.1.91.Final\netty-transport-classes-epoll-4.1.91.Final.jar;C:\Users\ganah\.m2\repository\io\netty\netty-transport-classes-kqueue\4.1.91.Final\netty-transport-classes-kqueue-4.1.91.Final.jar;C:\Users\ganah\.m2\repository\io\netty\netty-transport-native-epoll\4.1.91.Final\netty-transport-native-epoll-4.1.91.Final.jar;C:\Users\ganah\.m2\repository\io\netty\netty-transport-native-kqueue\4.1.91.Final\netty-transport-native-kqueue-4.1.91.Final.jar;C:\Users\ganah\.m2\repository\io\netty\netty-transport-native-unix-common\4.1.91.Final\netty-transport-native-unix-common-4.1.91.Final.jar;C:\Users\ganah\.m2\repository\io\netty\netty-transport\4.1.91.Final\netty-transport-4.1.91.Final.jar;C:\Users\ganah\.m2\repository\io\netty\netty-resolver\4.1.91.Final\netty-resolver-4.1.91.Final.jar;C:\Users\ganah\.m2\repository\io\opentelemetry\opentelemetry-api\1.25.0\opentelemetry-api-1.25.0.jar;C:\Users\ganah\.m2\repository\io\opentelemetry\opentelemetry-context\1.25.0\opentelemetry-context-1.25.0.jar;C:\Users\ganah\.m2\repository\io\opentelemetry\opentelemetry-exporter-logging\1.25.0\opentelemetry-exporter-logging-1.25.0.jar;C:\Users\ganah\.m2\repository\io\opentelemetry\opentelemetry-sdk-metrics\1.25.0\opentelemetry-sdk-metrics-1.25.0.jar;C:\Users\ganah\.m2\repository\io\opentelemetry\opentelemetry-sdk-logs\1.25.0-alpha\opentelemetry-sdk-logs-1.25.0-alpha.jar;C:\Users\ganah\.m2\repository\io\opentelemetry\opentelemetry-api-logs\1.25.0-alpha\opentelemetry-api-logs-1.25.0-alpha.jar;C:\Users\ganah\.m2\repository\io\opentelemetry\opentelemetry-api-events\1.25.0-alpha\opentelemetry-api-events-1.25.0-alpha.jar;C:\Users\ganah\.m2\repository\io\opentelemetry\opentelemetry-sdk-common\1.25.0\opentelemetry-sdk-common-1.25.0.jar;C:\Users\ganah\.m2\repository\io\opentelemetry\opentelemetry-sdk-extension-autoconfigure-spi\1.25.0\opentelemetry-sdk-extension-autoconfigure-spi-1.25.0.jar;C:\Users\ganah\.m2\repository\io\opentelemetry\opentelemetry-sdk-extension-autoconfigure\1.25.0-alpha\opentelemetry-sdk-extension-autoconfigure-1.25.0-alpha.jar;C:\Users\ganah\.m2\repository\io\opentelemetry\opentelemetry-sdk-trace\1.25.0\opentelemetry-sdk-trace-1.25.0.jar;C:\Users\ganah\.m2\repository\io\opentelemetry\opentelemetry-sdk\1.25.0\opentelemetry-sdk-1.25.0.jar;C:\Users\ganah\.m2\repository\io\opentelemetry\opentelemetry-semconv\1.25.0-alpha\opentelemetry-semconv-1.25.0-alpha.jar;C:\Users\ganah\.m2\repository\io\ous\jtoml\2.0.0\jtoml-2.0.0.jar;C:\Users\ganah\.m2\repository\net\bytebuddy\byte-buddy\1.14.4\byte-buddy-1.14.4.jar;C:\Users\ganah\.m2\repository\org\apache\commons\commons-exec\1.3\commons-exec-1.3.jar;C:\Users\ganah\.m2\repository\org\asynchttpclient\async-http-client\2.12.3\async-http-client-2.12.3.jar;C:\Users\ganah\.m2\repository\org\asynchttpclient\async-http-client-netty-utils\2.12.3\async-http-client-netty-utils-2.12.3.jar;C:\Users\ganah\.m2\repository\io\netty\netty-codec-socks\4.1.60.Final\netty-codec-socks-4.1.60.Final.jar;C:\Users\ganah\.m2\repository\io\netty\netty-handler-proxy\4.1.60.Final\netty-handler-proxy-4.1.60.Final.jar;C:\Users\ganah\.m2\repository\io\netty\netty-transport-native-epoll\4.1.60.Final\netty-transport-native-epoll-4.1.60.Final-linux-x86_64.jar;C:\Users\ganah\.m2\repository\io\netty\netty-transport-native-kqueue\4.1.60.Final\netty-transport-native-kqueue-4.1.60.Final-osx-x86_64.jar;C:\Users\ganah\.m2\repository\com\typesafe\netty\netty-reactive-streams\2.0.4\netty-reactive-streams-2.0.4.jar;C:\Users\ganah\.m2\repository\com\sun\activation\jakarta.activation\1.2.2\jakarta.activation-1.2.2.jar;C:\Users\ganah\.m2\repository\org\seleniumhq\selenium\selenium-safari-driver\4.9.0\selenium-safari-driver-4.9.0.jar;C:\Users\ganah\.m2\repository\org\seleniumhq\selenium\selenium-support\4.9.0\selenium-support-4.9.0.jar;C:\Users\ganah\.m2\repository\org\apache\maven\plugins\maven-surefire-plugin\3.0.0-M5\maven-surefire-plugin-3.0.0-M5.jar;C:\Users\ganah\.m2\repository\org\apache\maven\surefire\maven-surefire-common\3.0.0-M5\maven-surefire-common-3.0.0-M5.jar;C:\Users\ganah\.m2\repository\org\apache\maven\surefire\surefire-api\3.0.0-M5\surefire-api-3.0.0-M5.jar;C:\Users\ganah\.m2\repository\org\apache\maven\surefire\surefire-logger-api\3.0.0-M5\surefire-logger-api-3.0.0-M5.jar;C:\Users\ganah\.m2\repository\org\apache\maven\surefire\surefire-extensions-api\3.0.0-M5\surefire-extensions-api-3.0.0-M5.jar;C:\Users\ganah\.m2\repository\org\apache\maven\surefire\surefire-booter\3.0.0-M5\surefire-booter-3.0.0-M5.jar;C:\Users\ganah\.m2\repository\org\apache\maven\surefire\surefire-extensions-spi\3.0.0-M5\surefire-extensions-spi-3.0.0-M5.jar;C:\Users\ganah\.m2\repository\org\apache\maven\maven-toolchain\3.0-alpha-2\maven-toolchain-3.0-alpha-2.jar;C:\Users\ganah\.m2\repository\org\apache\maven\shared\maven-artifact-transfer\0.11.0\maven-artifact-transfer-0.11.0.jar;C:\Users\ganah\.m2\repository\org\apache\maven\shared\maven-common-artifact-filters\3.0.1\maven-common-artifact-filters-3.0.1.jar;C:\Users\ganah\.m2\repository\org\apache\maven\surefire\surefire-shared-utils\3.0.0-M4\surefire-shared-utils-3.0.0-M4.jar;C:\Users\ganah\.m2\repository\org\apache\maven\plugins\maven-failsafe-plugin\3.0.0-M5\maven-failsafe-plugin-3.0.0-M5.jar;C:\Users\ganah\.m2\repository\junit\junit\4.13.1\junit-4.13.1.jar;C:\Users\ganah\.m2\repository\org\hamcrest\hamcrest-core\1.3\hamcrest-core-1.3.jar;C:\Users\ganah\.m2\repository\io\github\bonigarcia\webdrivermanager\5.3.1\webdrivermanager-5.3.1.jar;C:\Users\ganah\.m2\repository\org\slf4j\slf4j-api\2.0.3\slf4j-api-2.0.3.jar;C:\Users\ganah\.m2\repository\com\google\code\gson\gson\2.10\gson-2.10.jar;C:\Users\ganah\.m2\repository\com\github\docker-java\docker-java\3.2.13\docker-java-3.2.13.jar;C:\Users\ganah\.m2\repository\com\github\docker-java\docker-java-core\3.2.13\docker-java-core-3.2.13.jar;C:\Users\ganah\.m2\repository\com\github\docker-java\docker-java-api\3.2.13\docker-java-api-3.2.13.jar;C:\Users\ganah\.m2\repository\org\apache\commons\commons-compress\1.21\commons-compress-1.21.jar;C:\Users\ganah\.m2\repository\org\bouncycastle\bcpkix-jdk15on\1.64\bcpkix-jdk15on-1.64.jar;C:\Users\ganah\.m2\repository\org\bouncycastle\bcprov-jdk15on\1.64\bcprov-jdk15on-1.64.jar;C:\Users\ganah\.m2\repository\org\slf4j\jcl-over-slf4j\1.7.30\jcl-over-slf4j-1.7.30.jar;C:\Users\ganah\.m2\repository\com\github\docker-java\docker-java-transport-httpclient5\3.2.13\docker-java-transport-httpclient5-3.2.13.jar;C:\Users\ganah\.m2\repository\com\github\docker-java\docker-java-transport\3.2.13\docker-java-transport-3.2.13.jar;C:\Users\ganah\.m2\repository\net\java\dev\jna\jna\5.8.0\jna-5.8.0.jar;C:\Users\ganah\.m2\repository\org\brotli\dec\0.1.2\dec-0.1.2.jar;C:\Users\ganah\.m2\repository\org\apache\commons\commons-lang3\3.12.0\commons-lang3-3.12.0.jar;C:\Users\ganah\.m2\repository\org\apache\httpcomponents\client5\httpclient5\5.1.3\httpclient5-5.1.3.jar;C:\Users\ganah\.m2\repository\org\apache\httpcomponents\core5\httpcore5\5.1.3\httpcore5-5.1.3.jar;C:\Users\ganah\.m2\repository\org\apache\httpcomponents\core5\httpcore5-h2\5.1.3\httpcore5-h2-5.1.3.jar;C:\Users\ganah\.m2\repository\org\testng\testng\7.7.0\testng-7.7.0.jar;C:\Users\ganah\.m2\repository\com\beust\jcommander\1.82\jcommander-1.82.jar;C:\Users\ganah\.m2\repository\org\webjars\jquery\3.6.1\jquery-3.6.1.jar;C:\Users\ganah\.m2\repository\org\apache\maven\plugins\maven-compiler-plugin\3.8.1\maven-compiler-plugin-3.8.1.jar;C:\Users\ganah\.m2\repository\org\apache\maven\maven-plugin-api\3.0\maven-plugin-api-3.0.jar;C:\Users\ganah\.m2\repository\org\apache\maven\maven-model\3.0\maven-model-3.0.jar;C:\Users\ganah\.m2\repository\org\sonatype\sisu\sisu-inject-plexus\1.4.2\sisu-inject-plexus-1.4.2.jar;C:\Users\ganah\.m2\repository\org\sonatype\sisu\sisu-inject-bean\1.4.2\sisu-inject-bean-1.4.2.jar;C:\Users\ganah\.m2\repository\org\sonatype\sisu\sisu-guice\2.1.7\sisu-guice-2.1.7-noaop.jar;C:\Users\ganah\.m2\repository\org\apache\maven\maven-artifact\3.0\maven-artifact-3.0.jar;C:\Users\ganah\.m2\repository\org\apache\maven\maven-core\3.0\maven-core-3.0.jar;C:\Users\ganah\.m2\repository\org\apache\maven\maven-settings\3.0\maven-settings-3.0.jar;C:\Users\ganah\.m2\repository\org\apache\maven\maven-settings-builder\3.0\maven-settings-builder-3.0.jar;C:\Users\ganah\.m2\repository\org\apache\maven\maven-repository-metadata\3.0\maven-repository-metadata-3.0.jar;C:\Users\ganah\.m2\repository\org\apache\maven\maven-model-builder\3.0\maven-model-builder-3.0.jar;C:\Users\ganah\.m2\repository\org\apache\maven\maven-aether-provider\3.0\maven-aether-provider-3.0.jar;C:\Users\ganah\.m2\repository\org\sonatype\aether\aether-impl\1.7\aether-impl-1.7.jar;C:\Users\ganah\.m2\repository\org\sonatype\aether\aether-spi\1.7\aether-spi-1.7.jar;C:\Users\ganah\.m2\repository\org\sonatype\aether\aether-api\1.7\aether-api-1.7.jar;C:\Users\ganah\.m2\repository\org\sonatype\aether\aether-util\1.7\aether-util-1.7.jar;C:\Users\ganah\.m2\repository\org\codehaus\plexus\plexus-interpolation\1.14\plexus-interpolation-1.14.jar;C:\Users\ganah\.m2\repository\org\codehaus\plexus\plexus-classworlds\2.2.3\plexus-classworlds-2.2.3.jar;C:\Users\ganah\.m2\repository\org\codehaus\plexus\plexus-component-annotations\1.5.5\plexus-component-annotations-1.5.5.jar;C:\Users\ganah\.m2\repository\org\sonatype\plexus\plexus-sec-dispatcher\1.3\plexus-sec-dispatcher-1.3.jar;C:\Users\ganah\.m2\repository\org\sonatype\plexus\plexus-cipher\1.4\plexus-cipher-1.4.jar;C:\Users\ganah\.m2\repository\org\apache\maven\shared\maven-shared-utils\3.2.1\maven-shared-utils-3.2.1.jar;C:\Users\ganah\.m2\repository\org\apache\maven\shared\maven-shared-incremental\1.1\maven-shared-incremental-1.1.jar;C:\Users\ganah\.m2\repository\org\codehaus\plexus\plexus-java\0.9.10\plexus-java-0.9.10.jar;C:\Users\ganah\.m2\repository\org\ow2\asm\asm\6.2\asm-6.2.jar;C:\Users\ganah\.m2\repository\com\thoughtworks\qdox\qdox\2.0-M8\qdox-2.0-M8.jar;C:\Users\ganah\.m2\repository\org\codehaus\plexus\plexus-compiler-api\2.8.4\plexus-compiler-api-2.8.4.jar;C:\Users\ganah\.m2\repository\org\codehaus\plexus\plexus-compiler-manager\2.8.4\plexus-compiler-manager-2.8.4.jar;C:\Users\ganah\.m2\repository\org\codehaus\plexus\plexus-compiler-javac\2.8.4\plexus-compiler-javac-2.8.4.jar;C:\Users\ganah\.m2\repository\io\cucumber\cucumber-core\7.11.0\cucumber-core-7.11.0.jar;C:\Users\ganah\.m2\repository\io\cucumber\cucumber-gherkin-messages\7.11.0\cucumber-gherkin-messages-7.11.0.jar;C:\Users\ganah\.m2\repository\io\cucumber\gherkin\26.0.3\gherkin-26.0.3.jar;C:\Users\ganah\.m2\repository\io\cucumber\messages\21.0.1\messages-21.0.1.jar;C:\Users\ganah\.m2\repository\io\cucumber\tag-expressions\5.0.1\tag-expressions-5.0.1.jar;C:\Users\ganah\.m2\repository\io\cucumber\cucumber-expressions\16.1.1\cucumber-expressions-16.1.1.jar;C:\Users\ganah\.m2\repository\io\cucumber\datatable\7.11.0\datatable-7.11.0.jar;C:\Users\ganah\.m2\repository\io\cucumber\cucumber-plugin\7.11.0\cucumber-plugin-7.11.0.jar;C:\Users\ganah\.m2\repository\io\cucumber\docstring\7.11.0\docstring-7.11.0.jar;C:\Users\ganah\.m2\repository\io\cucumber\html-formatter\20.2.1\html-formatter-20.2.1.jar;C:\Users\ganah\.m2\repository\io\cucumber\junit-xml-formatter\0.1.0\junit-xml-formatter-0.1.0.jar;C:\Users\ganah\.m2\repository\io\cucumber\ci-environment\9.1.0\ci-environment-9.1.0.jar;C:\Users\ganah\.m2\repository\org\apiguardian\apiguardian-api\1.1.2\apiguardian-api-1.1.2.jar;C:\Users\ganah\.m2\repository\io\cucumber\cucumber-gherkin\7.11.0\cucumber-gherkin-7.11.0.jar;C:\Users\ganah\.m2\repository\io\cucumber\cucumber-java\7.11.0\cucumber-java-7.11.0.jar;C:\Users\ganah\.m2\repository\net\masterthought\cucumber-reporting\5.7.4\cucumber-reporting-5.7.4.jar;C:\Users\ganah\.m2\repository\com\fasterxml\jackson\core\jackson-databind\2.13.2.2\jackson-databind-2.13.2.2.jar;C:\Users\ganah\.m2\repository\com\fasterxml\jackson\core\jackson-annotations\2.13.2\jackson-annotations-2.13.2.jar;C:\Users\ganah\.m2\repository\com\fasterxml\jackson\core\jackson-core\2.13.2\jackson-core-2.13.2.jar;C:\Users\ganah\.m2\repository\com\fasterxml\jackson\datatype\jackson-datatype-jsr310\2.13.2\jackson-datatype-jsr310-2.13.2.jar;C:\Users\ganah\.m2\repository\org\apache\velocity\velocity-engine-core\2.3\velocity-engine-core-2.3.jar;C:\Users\ganah\.m2\repository\org\apache\commons\commons-collections4\4.4\commons-collections4-4.4.jar;C:\Users\ganah\.m2\repository\joda-time\joda-time\2.10.14\joda-time-2.10.14.jar;C:\Users\ganah\.m2\repository\commons-io\commons-io\2.7\commons-io-2.7.jar;C:\Users\ganah\.m2\repository\org\codehaus\plexus\plexus-utils\3.4.2\plexus-utils-3.4.2.jar;C:\Users\ganah\.m2\repository\org\jsoup\jsoup\1.15.3\jsoup-1.15.3.jar;C:\Users\ganah\.m2\repository\com\google\guava\guava\31.1-jre\guava-31.1-jre.jar;C:\Users\ganah\.m2\repository\com\google\guava\failureaccess\1.0.1\failureaccess-1.0.1.jar;C:\Users\ganah\.m2\repository\com\google\guava\listenablefuture\9999.0-empty-to-avoid-conflict-with-guava\listenablefuture-9999.0-empty-to-avoid-conflict-with-guava.jar;C:\Users\ganah\.m2\repository\com\google\code\findbugs\jsr305\3.0.2\jsr305-3.0.2.jar;C:\Users\ganah\.m2\repository\com\google\errorprone\error_prone_annotations\2.11.0\error_prone_annotations-2.11.0.jar;C:\Users\ganah\.m2\repository\com\google\j2objc\j2objc-annotations\1.3\j2objc-annotations-1.3.jar;C:\Users\ganah\.m2\repository\com\googlecode\owasp-java-html-sanitizer\owasp-java-html-sanitizer\20211018.2\owasp-java-html-sanitizer-20211018.2.jar;C:\Users\ganah\.m2\repository\commons-configuration\commons-configuration\1.10\commons-configuration-1.10.jar;C:\Users\ganah\.m2\repository\commons-lang\commons-lang\2.6\commons-lang-2.6.jar;C:\Users\ganah\.m2\repository\io\cucumber\cucumber-junit\7.11.0\cucumber-junit-7.11.0.jar;C:\Users\ganah\.m2\repository\io\cucumber\cucumber-testng\7.11.1\cucumber-testng-7.11.1.jar;C:\Users\ganah\.m2\repository\org\postgresql\postgresql\42.6.0\postgresql-42.6.0.jar;C:\Users\ganah\.m2\repository\org\checkerframework\checker-qual\3.31.0\checker-qual-3.31.0.jar;C:\Users\ganah\.m2\repository\com\vimalselvam\cucumber-extentsreport\3.0.2\cucumber-extentsreport-3.0.2.jar;C:\Users\ganah\.m2\repository\com\aventstack\extentreports\5.0.9\extentreports-5.0.9.jar;C:\Users\ganah\.m2\repository\io\reactivex\rxjava3\rxjava\3.0.4\rxjava-3.0.4.jar;C:\Users\ganah\.m2\repository\org\reactivestreams\reactive-streams\1.0.3\reactive-streams-1.0.3.jar;C:\Users\ganah\.m2\repository\org\freemarker\freemarker\2.3.30\freemarker-2.3.30.jar;C:\Users\ganah\.m2\repository\org\projectlombok\lombok\1.18.12\lombok-1.18.12.jar;C:\Users\ganah\.m2\repository\org\apache\logging\log4j\log4j-core\2.14.1\log4j-core-2.14.1.jar;C:\Users\ganah\.m2\repository\org\apache\logging\log4j\log4j-api\2.14.1\log4j-api-2.14.1.jar;C:\Users\ganah\.m2\repository\com\deque\html\axe-core\selenium\4.6.0\selenium-4.6.0.jar;C:\Users\ganah\.m2\repository\com\deque\html\axe-core\dequeutilites\4.6.0\dequeutilites-4.6.0.jar;C:\Users\ganah\.m2\repository\org\springframework\boot\spring-boot-starter-web\3.0.6\spring-boot-starter-web-3.0.6.jar;C:\Users\ganah\.m2\repository\org\springframework\boot\spring-boot-starter\3.0.6\spring-boot-starter-3.0.6.jar;C:\Users\ganah\.m2\repository\org\springframework\boot\spring-boot\3.0.6\spring-boot-3.0.6.jar;C:\Users\ganah\.m2\repository\org\springframework\boot\spring-boot-autoconfigure\3.0.6\spring-boot-autoconfigure-3.0.6.jar;C:\Users\ganah\.m2\repository\org\springframework\boot\spring-boot-starter-logging\3.0.6\spring-boot-starter-logging-3.0.6.jar;C:\Users\ganah\.m2\repository\ch\qos\logback\logback-classic\1.4.7\logback-classic-1.4.7.jar;C:\Users\ganah\.m2\repository\ch\qos\logback\logback-core\1.4.7\logback-core-1.4.7.jar;C:\Users\ganah\.m2\repository\org\apache\logging\log4j\log4j-to-slf4j\2.19.0\log4j-to-slf4j-2.19.0.jar;C:\Users\ganah\.m2\repository\org\slf4j\jul-to-slf4j\2.0.7\jul-to-slf4j-2.0.7.jar;C:\Users\ganah\.m2\repository\jakarta\annotation\jakarta.annotation-api\2.1.1\jakarta.annotation-api-2.1.1.jar;C:\Users\ganah\.m2\repository\org\springframework\spring-core\6.0.8\spring-core-6.0.8.jar;C:\Users\ganah\.m2\repository\org\springframework\spring-jcl\6.0.8\spring-jcl-6.0.8.jar;C:\Users\ganah\.m2\repository\org\yaml\snakeyaml\1.33\snakeyaml-1.33.jar;C:\Users\ganah\.m2\repository\org\springframework\boot\spring-boot-starter-json\3.0.6\spring-boot-starter-json-3.0.6.jar;C:\Users\ganah\.m2\repository\com\fasterxml\jackson\datatype\jackson-datatype-jdk8\2.14.2\jackson-datatype-jdk8-2.14.2.jar;C:\Users\ganah\.m2\repository\com\fasterxml\jackson\module\jackson-module-parameter-names\2.14.2\jackson-module-parameter-names-2.14.2.jar;C:\Users\ganah\.m2\repository\org\springframework\boot\spring-boot-starter-tomcat\3.0.6\spring-boot-starter-tomcat-3.0.6.jar;C:\Users\ganah\.m2\repository\org\apache\tomcat\embed\tomcat-embed-core\10.1.8\tomcat-embed-core-10.1.8.jar;C:\Users\ganah\.m2\repository\org\apache\tomcat\embed\tomcat-embed-el\10.1.8\tomcat-embed-el-10.1.8.jar;C:\Users\ganah\.m2\repository\org\apache\tomcat\embed\tomcat-embed-websocket\10.1.8\tomcat-embed-websocket-10.1.8.jar;C:\Users\ganah\.m2\repository\org\springframework\spring-web\6.0.8\spring-web-6.0.8.jar;C:\Users\ganah\.m2\repository\org\springframework\spring-beans\6.0.8\spring-beans-6.0.8.jar;C:\Users\ganah\.m2\repository\io\micrometer\micrometer-observation\1.10.6\micrometer-observation-1.10.6.jar;C:\Users\ganah\.m2\repository\io\micrometer\micrometer-commons\1.10.6\micrometer-commons-1.10.6.jar;C:\Users\ganah\.m2\repository\org\springframework\spring-webmvc\6.0.8\spring-webmvc-6.0.8.jar;C:\Users\ganah\.m2\repository\org\springframework\spring-aop\6.0.8\spring-aop-6.0.8.jar;C:\Users\ganah\.m2\repository\org\springframework\spring-context\6.0.8\spring-context-6.0.8.jar;C:\Users\ganah\.m2\repository\org\springframework\spring-expression\6.0.8\spring-expression-6.0.8.jar;C:\Users\ganah\.m2\repository\org\thymeleaf\thymeleaf\3.0.12.RELEASE\thymeleaf-3.0.12.RELEASE.jar;C:\Users\ganah\.m2\repository\ognl\ognl\3.1.26\ognl-3.1.26.jar;C:\Users\ganah\.m2\repository\org\javassist\javassist\3.20.0-GA\javassist-3.20.0-GA.jar;C:\Users\ganah\.m2\repository\org\attoparser\attoparser\2.0.5.RELEASE\attoparser-2.0.5.RELEASE.jar;C:\Users\ganah\.m2\repository\org\unbescape\unbescape\1.1.6.RELEASE\unbescape-1.1.6.RELEASE.jar;C:\Users\ganah\.m2\repository\org\apache\httpcomponents\httpclient\4.5.14\httpclient-4.5.14.jar;C:\Users\ganah\.m2\repository\org\apache\httpcomponents\httpcore\4.4.16\httpcore-4.4.16.jar;C:\Users\ganah\.m2\repository\commons-logging\commons-logging\1.2\commons-logging-1.2.jar;C:\Users\ganah\.m2\repository\commons-codec\commons-codec\1.11\commons-codec-1.11.jar;"/>
    <property name="sun.cpu.endian" value="little"/>
    <property name="user.home" value="C:\Users\ganah"/>
    <property name="user.language" value="en"/>
    <property name="java.specification.vendor" value="Oracle Corporation"/>
    <property name="java.version.date" value="2021-04-20"/>
    <property name="java.home" value="C:\Program Files\Java\jdk-11.0.11"/>
    <property name="file.separator" value="\"/>
    <property name="basedir" value="C:\Users\ganah\IdeaProjects\Cucumber_Project_03_28_2023_job"/>
    <property name="java.vm.compressedOopsMode" value="32-bit"/>
    <property name="line.separator" value="&#10;"/>
    <property name="java.specification.name" value="Java Platform API Specification"/>
    <property name="java.vm.specification.vendor" value="Oracle Corporation"/>
    <property name="java.awt.graphicsenv" value="sun.awt.Win32GraphicsEnvironment"/>
    <property name="surefire.real.class.path" value="C:\Users\ganah\AppData\Local\Temp\surefire9071121525641046593\surefirebooter15540525468252340447.jar"/>
    <property name="user.script" value=""/>
    <property name="sun.management.compiler" value="HotSpot 64-Bit Tiered Compilers"/>
    <property name="java.runtime.version" value="11.0.11+9-LTS-194"/>
    <property name="user.name" value="ganah"/>
    <property name="path.separator" value=";"/>
    <property name="otel.metrics.exporter" value="none"/>
    <property name="os.version" value="10.0"/>
    <property name="java.runtime.name" value="Java(TM) SE Runtime Environment"/>
    <property name="otel.traces.exporter" value="none"/>
    <property name="file.encoding" value="Cp1252"/>
    <property name="java.vm.name" value="Java HotSpot(TM) 64-Bit Server VM"/>
    <property name="java.vendor.version" value="18.9"/>
    <property name="localRepository" value="C:\Users\ganah\.m2\repository"/>
    <property name="java.vendor.url.bug" value="https://bugreport.java.com/bugreport/"/>
    <property name="java.io.tmpdir" value="C:\Users\ganah\AppData\Local\Temp\"/>
    <property name="java.version" value="11.0.11"/>
    <property name="user.dir" value="C:\Users\ganah\IdeaProjects\Cucumber_Project_03_28_2023_job"/>
    <property name="os.arch" value="amd64"/>
    <property name="java.vm.specification.name" value="Java Virtual Machine Specification"/>
    <property name="java.awt.printerjob" value="sun.awt.windows.WPrinterJob"/>
    <property name="sun.os.patch.level" value=""/>
    <property name="java.library.path" value="C:\Program Files\Java\jdk-11.0.11\bin;C:\WINDOWS\Sun\Java\bin;C:\WINDOWS\system32;C:\WINDOWS;C:\Program Files\Common Files\Oracle\Java\javapath;C:\WINDOWS\system32;C:\WINDOWS;C:\WINDOWS\System32\Wbem;C:\WINDOWS\System32\WindowsPowerShell\v1.0\;C:\WINDOWS\System32\OpenSSH\;C:\Users\ganah\Downloads\apache-maven-3.8.1-bin\apache-maven-3.8.1\bin;C:\Program Files\Java\jdk-11.0.11\bin;C:\Program Files\Git\cmd;C:\Program Files\nodejs\;C:\Users\ganah\OneDrive\Bureau\Android\platform-tools;C:\Program Files\Microsoft SQL Server\150\Tools\Binn\;C:\Program Files\Microsoft SQL Server\Client SDK\ODBC\170\Tools\Binn\;C:\Program Files\dotnet\;C:\Users\ganah\AppData\Local\Programs\Python\Python311\Scripts\;C:\Users\ganah\AppData\Local\Programs\Python\Python311\;C:\Users\ganah\AppData\Local\Microsoft\WindowsApps;;C:\Program Files\JetBrains\IntelliJ IDEA Community Edition 2021.1.1\bin;;C:\Users\ganah\AppData\Roaming\npm;C:\Users\ganah\AppData\Local\Programs\Microsoft VS Code\bin;C:\Users\ganah\.dotnet\tools;."/>
    <property name="java.vendor" value="Oracle Corporation"/>
    <property name="java.vm.info" value="mixed mode"/>
    <property name="java.vm.version" value="11.0.11+9-LTS-194"/>
    <property name="sun.io.unicode.encoding" value="UnicodeLittle"/>
    <property name="java.class.version" value="55.0"/>
  </properties>
  <testcase name="runScenario[&quot;Log in to page with valid credentials&quot;, &quot;Login Page Functionnality&quot;](1)" classname="runner.Runner" time="53.49">
    <system-out><![CDATA[22:26:33.327 [main] DEBUG org.testng.TestNG -- suiteXmlPath: "C:\Users\ganah\IdeaProjects\Cucumber_Project_03_28_2023_job\src\test\resources\test.xml"

@Test
Scenario: Log in to page with valid credentials # src/test/java/features/login.feature:5
Connection to POSTGRES DB SUCCESSFULL
column name : auth-autolazare-558fb
Connection to POSTGRES DB SUCCESSFULL
column name : f8d0a4b4-e059-4b39-a9eb-366965b887b1
Using Sauce Labs
22:26:36.270 [main] DEBUG io.netty.util.internal.logging.InternalLoggerFactory -- Using SLF4J as the default logging framework
22:26:36.285 [main] DEBUG io.netty.util.ResourceLeakDetector -- -Dio.netty.leakDetection.level: simple
22:26:36.285 [main] DEBUG io.netty.util.ResourceLeakDetector -- -Dio.netty.leakDetection.targetRecords: 4
22:26:36.290 [main] DEBUG io.netty.util.ResourceLeakDetectorFactory -- Loaded default ResourceLeakDetector: io.netty.util.ResourceLeakDetector@3ad4a7d6
22:26:36.313 [main] DEBUG io.netty.util.internal.PlatformDependent0 -- -Dio.netty.noUnsafe: false
22:26:36.313 [main] DEBUG io.netty.util.internal.PlatformDependent0 -- Java version: 11
22:26:36.317 [main] DEBUG io.netty.util.internal.PlatformDependent0 -- sun.misc.Unsafe.theUnsafe: available
22:26:36.318 [main] DEBUG io.netty.util.internal.PlatformDependent0 -- sun.misc.Unsafe.copyMemory: available
22:26:36.319 [main] DEBUG io.netty.util.internal.PlatformDependent0 -- sun.misc.Unsafe.storeFence: available
22:26:36.319 [main] DEBUG io.netty.util.internal.PlatformDependent0 -- java.nio.Buffer.address: available
22:26:36.319 [main] DEBUG io.netty.util.internal.PlatformDependent0 -- direct buffer constructor: unavailable: Reflective setAccessible(true) disabled
22:26:36.319 [main] DEBUG io.netty.util.internal.PlatformDependent0 -- java.nio.Bits.unaligned: available, true
22:26:36.319 [main] DEBUG io.netty.util.internal.PlatformDependent0 -- jdk.internal.misc.Unsafe.allocateUninitializedArray(int): unavailable: class io.netty.util.internal.PlatformDependent0$7 cannot access class jdk.internal.misc.Unsafe (in module java.base) because module java.base does not export jdk.internal.misc to unnamed module @71984c3
22:26:36.319 [main] DEBUG io.netty.util.internal.PlatformDependent0 -- java.nio.DirectByteBuffer.<init>(long, int): unavailable
22:26:36.319 [main] DEBUG io.netty.util.internal.PlatformDependent -- sun.misc.Unsafe: available
22:26:36.319 [main] DEBUG io.netty.util.internal.PlatformDependent -- maxDirectMemory: 2090860544 bytes (maybe)
22:26:36.319 [main] DEBUG io.netty.util.internal.PlatformDependent -- -Dio.netty.tmpdir: C:\Users\ganah\AppData\Local\Temp (java.io.tmpdir)
22:26:36.319 [main] DEBUG io.netty.util.internal.PlatformDependent -- -Dio.netty.bitMode: 64 (sun.arch.data.model)
22:26:36.319 [main] DEBUG io.netty.util.internal.PlatformDependent -- Platform: Windows
22:26:36.319 [main] DEBUG io.netty.util.internal.PlatformDependent -- -Dio.netty.maxDirectMemory: -1 bytes
22:26:36.319 [main] DEBUG io.netty.util.internal.PlatformDependent -- -Dio.netty.uninitializedArrayAllocationThreshold: -1
22:26:36.319 [main] DEBUG io.netty.util.internal.CleanerJava9 -- java.nio.ByteBuffer.cleaner(): available
22:26:36.319 [main] DEBUG io.netty.util.internal.PlatformDependent -- -Dio.netty.noPreferDirect: false
22:26:36.319 [main] DEBUG io.netty.util.internal.PlatformDependent -- org.jctools-core.MpscChunkedArrayQueue: available
22:26:36.351 [main] DEBUG io.netty.util.internal.InternalThreadLocalMap -- -Dio.netty.threadLocalMap.stringBuilder.initialSize: 1024
22:26:36.351 [main] DEBUG io.netty.util.internal.InternalThreadLocalMap -- -Dio.netty.threadLocalMap.stringBuilder.maxSize: 4096
22:26:36.696 [main] DEBUG io.netty.handler.ssl.JdkSslContext -- Default protocols (JDK): [TLSv1.3, TLSv1.2] 
22:26:36.696 [main] DEBUG io.netty.handler.ssl.JdkSslContext -- Default cipher suites (JDK): [TLS_ECDHE_ECDSA_WITH_AES_256_GCM_SHA384, TLS_ECDHE_ECDSA_WITH_AES_128_GCM_SHA256, TLS_ECDHE_RSA_WITH_AES_128_GCM_SHA256, TLS_ECDHE_RSA_WITH_AES_256_GCM_SHA384, TLS_ECDHE_RSA_WITH_AES_128_CBC_SHA, TLS_ECDHE_RSA_WITH_AES_256_CBC_SHA, TLS_RSA_WITH_AES_128_GCM_SHA256, TLS_RSA_WITH_AES_128_CBC_SHA, TLS_RSA_WITH_AES_256_CBC_SHA, TLS_AES_128_GCM_SHA256, TLS_AES_256_GCM_SHA384]
22:26:36.723 [main] DEBUG io.netty.util.concurrent.GlobalEventExecutor -- -Dio.netty.globalEventExecutor.quietPeriodSeconds: 1
22:26:36.752 [main] DEBUG io.netty.channel.MultithreadEventLoopGroup -- -Dio.netty.eventLoopThreads: 16
22:26:36.772 [main] DEBUG io.netty.channel.nio.NioEventLoop -- -Dio.netty.noKeySetOptimization: false
22:26:36.772 [main] DEBUG io.netty.channel.nio.NioEventLoop -- -Dio.netty.selectorAutoRebuildThreshold: 512
22:26:36.849 [main] DEBUG io.netty.buffer.PooledByteBufAllocator -- -Dio.netty.allocator.numHeapArenas: 16
22:26:36.850 [main] DEBUG io.netty.buffer.PooledByteBufAllocator -- -Dio.netty.allocator.numDirectArenas: 16
22:26:36.850 [main] DEBUG io.netty.buffer.PooledByteBufAllocator -- -Dio.netty.allocator.pageSize: 8192
22:26:36.850 [main] DEBUG io.netty.buffer.PooledByteBufAllocator -- -Dio.netty.allocator.maxOrder: 9
22:26:36.850 [main] DEBUG io.netty.buffer.PooledByteBufAllocator -- -Dio.netty.allocator.chunkSize: 4194304
22:26:36.850 [main] DEBUG io.netty.buffer.PooledByteBufAllocator -- -Dio.netty.allocator.smallCacheSize: 256
22:26:36.850 [main] DEBUG io.netty.buffer.PooledByteBufAllocator -- -Dio.netty.allocator.normalCacheSize: 64
22:26:36.850 [main] DEBUG io.netty.buffer.PooledByteBufAllocator -- -Dio.netty.allocator.maxCachedBufferCapacity: 32768
22:26:36.850 [main] DEBUG io.netty.buffer.PooledByteBufAllocator -- -Dio.netty.allocator.cacheTrimInterval: 8192
22:26:36.850 [main] DEBUG io.netty.buffer.PooledByteBufAllocator -- -Dio.netty.allocator.cacheTrimIntervalMillis: 0
22:26:36.851 [main] DEBUG io.netty.buffer.PooledByteBufAllocator -- -Dio.netty.allocator.useCacheForAllThreads: false
22:26:36.851 [main] DEBUG io.netty.buffer.PooledByteBufAllocator -- -Dio.netty.allocator.maxCachedByteBuffersPerChunk: 1023
22:26:36.880 [main] DEBUG io.netty.buffer.ByteBufUtil -- -Dio.netty.allocator.type: pooled
22:26:36.880 [main] DEBUG io.netty.buffer.ByteBufUtil -- -Dio.netty.threadLocalDirectBufferSize: 0
22:26:36.880 [main] DEBUG io.netty.buffer.ByteBufUtil -- -Dio.netty.maxThreadLocalCharBufferSize: 16384
22:26:37.371 [Forwarding newSession on session null to remote] DEBUG io.netty.channel.DefaultChannelId -- -Dio.netty.processId: 19760 (auto-detected)
22:26:37.371 [Forwarding newSession on session null to remote] DEBUG io.netty.util.NetUtil -- -Djava.net.preferIPv4Stack: false
22:26:37.371 [Forwarding newSession on session null to remote] DEBUG io.netty.util.NetUtil -- -Djava.net.preferIPv6Addresses: false
22:26:37.539 [Forwarding newSession on session null to remote] DEBUG io.netty.util.NetUtilInitializations -- Loopback interface: lo (Software Loopback Interface 1, 127.0.0.1)
22:26:37.539 [Forwarding newSession on session null to remote] DEBUG io.netty.util.NetUtil -- Failed to get SOMAXCONN from sysctl and file \proc\sys\net\core\somaxconn. Default: 200
22:26:37.553 [Forwarding newSession on session null to remote] DEBUG io.netty.channel.DefaultChannelId -- -Dio.netty.machineId: 68:3e:26:ff:fe:44:81:12 (auto-detected)
22:26:37.602 [AsyncHttpClient-1-2] DEBUG io.netty.buffer.AbstractByteBuf -- -Dio.netty.buffer.checkAccessible: true
22:26:37.602 [AsyncHttpClient-1-2] DEBUG io.netty.buffer.AbstractByteBuf -- -Dio.netty.buffer.checkBounds: true
22:26:37.602 [AsyncHttpClient-1-2] DEBUG io.netty.util.ResourceLeakDetectorFactory -- Loaded default ResourceLeakDetector: io.netty.util.ResourceLeakDetector@749d24a2
22:26:37.835 [AsyncHttpClient-1-2] DEBUG io.netty.util.Recycler -- -Dio.netty.recycler.maxCapacityPerThread: 4096
22:26:37.835 [AsyncHttpClient-1-2] DEBUG io.netty.util.Recycler -- -Dio.netty.recycler.ratio: 8
22:26:37.835 [AsyncHttpClient-1-2] DEBUG io.netty.util.Recycler -- -Dio.netty.recycler.chunkSize: 32
22:26:37.835 [AsyncHttpClient-1-2] DEBUG io.netty.util.Recycler -- -Dio.netty.recycler.blocking: false
22:26:37.835 [AsyncHttpClient-1-2] DEBUG io.netty.util.Recycler -- -Dio.netty.recycler.batchFastThreadLocalOnly: true
22:26:37.970 [AsyncHttpClient-1-2] DEBUG io.netty.handler.ssl.util.InsecureTrustManagerFactory -- Accepting a server certificate: CN=ondemand.us-west-1.saucelabs.com
22:26:38.119 [AsyncHttpClient-1-2] DEBUG org.asynchttpclient.netty.channel.NettyConnectListener -- Using new Channel '[id: 0x7b050763, L:/192.168.1.146:49736 - R:ondemand.us-west-1.saucelabs.com/66.85.52.224:443]' for 'POST' to '/wd/hub/session'
22:26:38.140 [AsyncHttpClient-1-2] DEBUG io.netty.handler.ssl.SslHandler -- [id: 0x7b050763, L:/192.168.1.146:49736 - R:ondemand.us-west-1.saucelabs.com/66.85.52.224:443] HANDSHAKEN: protocol:TLSv1.2 cipher suite:TLS_ECDHE_RSA_WITH_AES_128_GCM_SHA256
22:26:44.033 [AsyncHttpClient-1-2] DEBUG io.netty.handler.codec.compression.Brotli -- brotli4j not in the classpath; Brotli support will be unavailable.
22:26:44.033 [AsyncHttpClient-1-2] DEBUG org.asynchttpclient.netty.handler.HttpHandler -- 

Request DefaultHttpRequest(decodeResult: success, version: HTTP/1.1)
POST /wd/hub/session HTTP/1.1
User-Agent: selenium/4.9.0 (java windows)
traceparent: 00-cb7c0318fd33254ab31db1172924b51f-7cd5c624b13f13c4-01
Content-Length: 434
Content-Type: application/json; charset=utf-8
host: ondemand.us-west-1.saucelabs.com
authorization: Basic b2F1dGgtYXV0b2xhemFyZS01NThmYjpmOGQwYTRiNC1lMDU5LTRiMzktYTllYi0zNjY5NjViODg3YjE=
accept: */*

Response DefaultHttpResponse(decodeResult: success, version: HTTP/1.1)
HTTP/1.1 200 OK
content-length: 977
content-type: application/json;charset=UTF-8
date: Fri, 12 May 2023 02:26:38 GMT
server: monocle/0.42
x-request-id: 7462d7fc-f03e-4f95-83ac-f4ae5956b24e

22:26:44.046 [AsyncHttpClient-1-2] DEBUG org.asynchttpclient.netty.channel.ChannelManager -- Adding key: https://ondemand.us-west-1.saucelabs.com:443 for channel [id: 0x7b050763, L:/192.168.1.146:49736 - R:ondemand.us-west-1.saucelabs.com/66.85.52.224:443]
22:26:44.304 [Forwarding get on session 6e478f60247a41e29a4342741c3b2594 to remote] DEBUG org.asynchttpclient.netty.request.NettyRequestSender -- Using pooled Channel '[id: 0x7b050763, L:/192.168.1.146:49736 - R:ondemand.us-west-1.saucelabs.com/66.85.52.224:443]' for 'POST' to 'https://oauth-autolazare-558fb:f8d0a4b4-e059-4b39-a9eb-366965b887b1@ondemand.us-west-1.saucelabs.com:443/wd/hub/session/6e478f60247a41e29a4342741c3b2594/url'
22:26:44.304 [Forwarding get on session 6e478f60247a41e29a4342741c3b2594 to remote] DEBUG org.asynchttpclient.netty.request.NettyRequestSender -- Using open Channel [id: 0x7b050763, L:/192.168.1.146:49736 - R:ondemand.us-west-1.saucelabs.com/66.85.52.224:443] for POST '/wd/hub/session/6e478f60247a41e29a4342741c3b2594/url'
22:26:48.488 [AsyncHttpClient-1-2] DEBUG org.asynchttpclient.netty.handler.HttpHandler -- 

Request DefaultHttpRequest(decodeResult: success, version: HTTP/1.1)
POST /wd/hub/session/6e478f60247a41e29a4342741c3b2594/url HTTP/1.1
User-Agent: selenium/4.9.0 (java windows)
traceparent: 00-9d402f48cdf13204049ac4a4ece340af-21cc568b15dadabd-01
Content-Length: 111
Content-Type: application/json; charset=utf-8
host: ondemand.us-west-1.saucelabs.com
authorization: Basic b2F1dGgtYXV0b2xhemFyZS01NThmYjpmOGQwYTRiNC1lMDU5LTRiMzktYTllYi0zNjY5NjViODg3YjE=
accept: */*

Response DefaultHttpResponse(decodeResult: success, version: HTTP/1.1)
HTTP/1.1 200 OK
content-length: 15
content-type: application/json;charset=UTF-8
date: Fri, 12 May 2023 02:26:44 GMT
server: monocle/0.42
x-request-id: 5127bd9c-55c5-40f3-9afb-d8d315e40eab

22:26:48.488 [AsyncHttpClient-1-2] DEBUG org.asynchttpclient.netty.channel.ChannelManager -- Adding key: https://ondemand.us-west-1.saucelabs.com:443 for channel [id: 0x7b050763, L:/192.168.1.146:49736 - R:ondemand.us-west-1.saucelabs.com/66.85.52.224:443]
22:26:48.499 [Forwarding getTitle on session 6e478f60247a41e29a4342741c3b2594 to remote] DEBUG org.asynchttpclient.netty.request.NettyRequestSender -- Using pooled Channel '[id: 0x7b050763, L:/192.168.1.146:49736 - R:ondemand.us-west-1.saucelabs.com/66.85.52.224:443]' for 'GET' to 'https://oauth-autolazare-558fb:f8d0a4b4-e059-4b39-a9eb-366965b887b1@ondemand.us-west-1.saucelabs.com:443/wd/hub/session/6e478f60247a41e29a4342741c3b2594/title'
22:26:48.499 [Forwarding getTitle on session 6e478f60247a41e29a4342741c3b2594 to remote] DEBUG org.asynchttpclient.netty.request.NettyRequestSender -- Using open Channel [id: 0x7b050763, L:/192.168.1.146:49736 - R:ondemand.us-west-1.saucelabs.com/66.85.52.224:443] for GET '/wd/hub/session/6e478f60247a41e29a4342741c3b2594/title'
22:26:48.665 [AsyncHttpClient-1-2] DEBUG org.asynchttpclient.netty.handler.HttpHandler -- 

Request DefaultFullHttpRequest(decodeResult: success, version: HTTP/1.1, content: EmptyByteBufBE)
GET /wd/hub/session/6e478f60247a41e29a4342741c3b2594/title HTTP/1.1
User-Agent: selenium/4.9.0 (java windows)
Cache-Control: no-cache
traceparent: 00-b8424dfa3ecc9751387141b5dff74adc-e24a9a14da472a0e-01
Content-Type: application/json; charset=utf-8
host: ondemand.us-west-1.saucelabs.com
authorization: Basic b2F1dGgtYXV0b2xhemFyZS01NThmYjpmOGQwYTRiNC1lMDU5LTRiMzktYTllYi0zNjY5NjViODg3YjE=
accept: */*

Response DefaultHttpResponse(decodeResult: success, version: HTTP/1.1)
HTTP/1.1 200 OK
content-length: 57
content-type: application/json;charset=UTF-8
date: Fri, 12 May 2023 02:26:48 GMT
server: monocle/0.42
x-request-id: 85c2c33e-10cf-4282-96ca-cf7dd0bda8d4

22:26:48.665 [AsyncHttpClient-1-2] DEBUG org.asynchttpclient.netty.channel.ChannelManager -- Adding key: https://ondemand.us-west-1.saucelabs.com:443 for channel [id: 0x7b050763, L:/192.168.1.146:49736 - R:ondemand.us-west-1.saucelabs.com/66.85.52.224:443]
We Are in WEbSite :   SoftAssert in TestNG example | Selenium Easy
22:26:48.746 [AsyncHttpClient-1-1] DEBUG org.asynchttpclient.netty.channel.DefaultChannelPool -- Entry count for : https://ondemand.us-west-1.saucelabs.com:443 : 1
22:26:48.781 [Forwarding setTimeout on session 6e478f60247a41e29a4342741c3b2594 to remote] DEBUG org.asynchttpclient.netty.request.NettyRequestSender -- Using pooled Channel '[id: 0x7b050763, L:/192.168.1.146:49736 - R:ondemand.us-west-1.saucelabs.com/66.85.52.224:443]' for 'POST' to 'https://oauth-autolazare-558fb:f8d0a4b4-e059-4b39-a9eb-366965b887b1@ondemand.us-west-1.saucelabs.com:443/wd/hub/session/6e478f60247a41e29a4342741c3b2594/timeouts'
22:26:48.796 [Forwarding setTimeout on session 6e478f60247a41e29a4342741c3b2594 to remote] DEBUG org.asynchttpclient.netty.request.NettyRequestSender -- Using open Channel [id: 0x7b050763, L:/192.168.1.146:49736 - R:ondemand.us-west-1.saucelabs.com/66.85.52.224:443] for POST '/wd/hub/session/6e478f60247a41e29a4342741c3b2594/timeouts'
22:26:48.915 [AsyncHttpClient-1-2] DEBUG org.asynchttpclient.netty.handler.HttpHandler -- 

Request DefaultHttpRequest(decodeResult: success, version: HTTP/1.1)
POST /wd/hub/session/6e478f60247a41e29a4342741c3b2594/timeouts HTTP/1.1
User-Agent: selenium/4.9.0 (java windows)
traceparent: 00-73f0d411b7ca418dec0b8874390edcb1-00d91628429fcdb5-01
Content-Length: 21
Content-Type: application/json; charset=utf-8
host: ondemand.us-west-1.saucelabs.com
authorization: Basic b2F1dGgtYXV0b2xhemFyZS01NThmYjpmOGQwYTRiNC1lMDU5LTRiMzktYTllYi0zNjY5NjViODg3YjE=
accept: */*

Response DefaultHttpResponse(decodeResult: success, version: HTTP/1.1)
HTTP/1.1 200 OK
content-length: 15
content-type: application/json;charset=UTF-8
date: Fri, 12 May 2023 02:26:48 GMT
server: monocle/0.42
x-request-id: 4e807330-b71a-47b4-a486-6126edca98a1

22:26:48.915 [AsyncHttpClient-1-2] DEBUG org.asynchttpclient.netty.channel.ChannelManager -- Adding key: https://ondemand.us-west-1.saucelabs.com:443 for channel [id: 0x7b050763, L:/192.168.1.146:49736 - R:ondemand.us-west-1.saucelabs.com/66.85.52.224:443]
22:26:49.048 [Forwarding executeScript on session 6e478f60247a41e29a4342741c3b2594 to remote] DEBUG org.asynchttpclient.netty.request.NettyRequestSender -- Using pooled Channel '[id: 0x7b050763, L:/192.168.1.146:49736 - R:ondemand.us-west-1.saucelabs.com/66.85.52.224:443]' for 'POST' to 'https://oauth-autolazare-558fb:f8d0a4b4-e059-4b39-a9eb-366965b887b1@ondemand.us-west-1.saucelabs.com:443/wd/hub/session/6e478f60247a41e29a4342741c3b2594/execute/sync'
22:26:49.048 [Forwarding executeScript on session 6e478f60247a41e29a4342741c3b2594 to remote] DEBUG org.asynchttpclient.netty.request.NettyRequestSender -- Using open Channel [id: 0x7b050763, L:/192.168.1.146:49736 - R:ondemand.us-west-1.saucelabs.com/66.85.52.224:443] for POST '/wd/hub/session/6e478f60247a41e29a4342741c3b2594/execute/sync'
22:26:49.713 [AsyncHttpClient-1-2] DEBUG org.asynchttpclient.netty.handler.HttpHandler -- 

Request DefaultHttpRequest(decodeResult: success, version: HTTP/1.1)
POST /wd/hub/session/6e478f60247a41e29a4342741c3b2594/execute/sync HTTP/1.1
User-Agent: selenium/4.9.0 (java windows)
traceparent: 00-0d45b9f692b367b7b9241018cdeb2f27-c3ab09f18bb248bb-01
Content-Length: 323605
Content-Type: application/json; charset=utf-8
host: ondemand.us-west-1.saucelabs.com
authorization: Basic b2F1dGgtYXV0b2xhemFyZS01NThmYjpmOGQwYTRiNC1lMDU5LTRiMzktYTllYi0zNjY5NjViODg3YjE=
accept: */*

Response DefaultHttpResponse(decodeResult: success, version: HTTP/1.1)
HTTP/1.1 200 OK
content-length: 15
content-type: application/json;charset=UTF-8
date: Fri, 12 May 2023 02:26:49 GMT
server: monocle/0.42
x-request-id: aaaf7424-437c-4cb9-b0ff-a4cb0037d5fe

22:26:49.713 [AsyncHttpClient-1-2] DEBUG org.asynchttpclient.netty.channel.ChannelManager -- Adding key: https://ondemand.us-west-1.saucelabs.com:443 for channel [id: 0x7b050763, L:/192.168.1.146:49736 - R:ondemand.us-west-1.saucelabs.com/66.85.52.224:443]
22:26:49.730 [Forwarding executeScript on session 6e478f60247a41e29a4342741c3b2594 to remote] DEBUG org.asynchttpclient.netty.request.NettyRequestSender -- Using pooled Channel '[id: 0x7b050763, L:/192.168.1.146:49736 - R:ondemand.us-west-1.saucelabs.com/66.85.52.224:443]' for 'POST' to 'https://oauth-autolazare-558fb:f8d0a4b4-e059-4b39-a9eb-366965b887b1@ondemand.us-west-1.saucelabs.com:443/wd/hub/session/6e478f60247a41e29a4342741c3b2594/execute/sync'
22:26:49.730 [Forwarding executeScript on session 6e478f60247a41e29a4342741c3b2594 to remote] DEBUG org.asynchttpclient.netty.request.NettyRequestSender -- Using open Channel [id: 0x7b050763, L:/192.168.1.146:49736 - R:ondemand.us-west-1.saucelabs.com/66.85.52.224:443] for POST '/wd/hub/session/6e478f60247a41e29a4342741c3b2594/execute/sync'
22:26:49.863 [AsyncHttpClient-1-2] DEBUG org.asynchttpclient.netty.handler.HttpHandler -- 

Request DefaultHttpRequest(decodeResult: success, version: HTTP/1.1)
POST /wd/hub/session/6e478f60247a41e29a4342741c3b2594/execute/sync HTTP/1.1
User-Agent: selenium/4.9.0 (java windows)
traceparent: 00-676c6dad228c6ba90311037afd396a4e-415b6ceaa6a8834d-01
Content-Length: 85
Content-Type: application/json; charset=utf-8
host: ondemand.us-west-1.saucelabs.com
authorization: Basic b2F1dGgtYXV0b2xhemFyZS01NThmYjpmOGQwYTRiNC1lMDU5LTRiMzktYTllYi0zNjY5NjViODg3YjE=
accept: */*

Response DefaultHttpResponse(decodeResult: success, version: HTTP/1.1)
HTTP/1.1 200 OK
content-length: 16
content-type: application/json;charset=UTF-8
date: Fri, 12 May 2023 02:26:49 GMT
server: monocle/0.42
x-request-id: ba1a3d17-3bf8-4041-8fde-5636735e8fc5

22:26:49.863 [AsyncHttpClient-1-2] DEBUG org.asynchttpclient.netty.channel.ChannelManager -- Adding key: https://ondemand.us-west-1.saucelabs.com:443 for channel [id: 0x7b050763, L:/192.168.1.146:49736 - R:ondemand.us-west-1.saucelabs.com/66.85.52.224:443]
22:26:49.896 [Forwarding switchToFrame on session 6e478f60247a41e29a4342741c3b2594 to remote] DEBUG org.asynchttpclient.netty.request.NettyRequestSender -- Using pooled Channel '[id: 0x7b050763, L:/192.168.1.146:49736 - R:ondemand.us-west-1.saucelabs.com/66.85.52.224:443]' for 'POST' to 'https://oauth-autolazare-558fb:f8d0a4b4-e059-4b39-a9eb-366965b887b1@ondemand.us-west-1.saucelabs.com:443/wd/hub/session/6e478f60247a41e29a4342741c3b2594/frame'
22:26:49.896 [Forwarding switchToFrame on session 6e478f60247a41e29a4342741c3b2594 to remote] DEBUG org.asynchttpclient.netty.request.NettyRequestSender -- Using open Channel [id: 0x7b050763, L:/192.168.1.146:49736 - R:ondemand.us-west-1.saucelabs.com/66.85.52.224:443] for POST '/wd/hub/session/6e478f60247a41e29a4342741c3b2594/frame'
22:26:50.131 [AsyncHttpClient-1-2] DEBUG org.asynchttpclient.netty.handler.HttpHandler -- 

Request DefaultHttpRequest(decodeResult: success, version: HTTP/1.1)
POST /wd/hub/session/6e478f60247a41e29a4342741c3b2594/frame HTTP/1.1
User-Agent: selenium/4.9.0 (java windows)
traceparent: 00-644711d2fd6f2293bffdacda8d88e86e-4f204de179d27416-01
Content-Length: 16
Content-Type: application/json; charset=utf-8
host: ondemand.us-west-1.saucelabs.com
authorization: Basic b2F1dGgtYXV0b2xhemFyZS01NThmYjpmOGQwYTRiNC1lMDU5LTRiMzktYTllYi0zNjY5NjViODg3YjE=
accept: */*

Response DefaultHttpResponse(decodeResult: success, version: HTTP/1.1)
HTTP/1.1 200 OK
content-length: 15
content-type: application/json;charset=UTF-8
date: Fri, 12 May 2023 02:26:50 GMT
server: monocle/0.42
x-request-id: 77b37f0c-8d23-4f65-8f03-4b1724cfdae5

22:26:50.131 [AsyncHttpClient-1-2] DEBUG org.asynchttpclient.netty.channel.ChannelManager -- Adding key: https://ondemand.us-west-1.saucelabs.com:443 for channel [id: 0x7b050763, L:/192.168.1.146:49736 - R:ondemand.us-west-1.saucelabs.com/66.85.52.224:443]
22:26:50.147 [Forwarding executeScript on session 6e478f60247a41e29a4342741c3b2594 to remote] DEBUG org.asynchttpclient.netty.request.NettyRequestSender -- Using pooled Channel '[id: 0x7b050763, L:/192.168.1.146:49736 - R:ondemand.us-west-1.saucelabs.com/66.85.52.224:443]' for 'POST' to 'https://oauth-autolazare-558fb:f8d0a4b4-e059-4b39-a9eb-366965b887b1@ondemand.us-west-1.saucelabs.com:443/wd/hub/session/6e478f60247a41e29a4342741c3b2594/execute/sync'
22:26:50.147 [Forwarding executeScript on session 6e478f60247a41e29a4342741c3b2594 to remote] DEBUG org.asynchttpclient.netty.request.NettyRequestSender -- Using open Channel [id: 0x7b050763, L:/192.168.1.146:49736 - R:ondemand.us-west-1.saucelabs.com/66.85.52.224:443] for POST '/wd/hub/session/6e478f60247a41e29a4342741c3b2594/execute/sync'
22:26:51.362 [AsyncHttpClient-1-2] DEBUG org.asynchttpclient.netty.handler.HttpHandler -- 

Request DefaultHttpRequest(decodeResult: success, version: HTTP/1.1)
POST /wd/hub/session/6e478f60247a41e29a4342741c3b2594/execute/sync HTTP/1.1
User-Agent: selenium/4.9.0 (java windows)
traceparent: 00-c0e2437fe8c4a4f83f0fdd8f45bc71ed-b1a9b638f27da608-01
Content-Length: 323605
Content-Type: application/json; charset=utf-8
host: ondemand.us-west-1.saucelabs.com
authorization: Basic b2F1dGgtYXV0b2xhemFyZS01NThmYjpmOGQwYTRiNC1lMDU5LTRiMzktYTllYi0zNjY5NjViODg3YjE=
accept: */*

Response DefaultHttpResponse(decodeResult: success, version: HTTP/1.1)
HTTP/1.1 200 OK
content-length: 15
content-type: application/json;charset=UTF-8
date: Fri, 12 May 2023 02:26:51 GMT
server: monocle/0.42
x-request-id: 91a2e59f-54f9-42aa-9cd7-538039c09754

22:26:51.363 [AsyncHttpClient-1-2] DEBUG org.asynchttpclient.netty.channel.ChannelManager -- Adding key: https://ondemand.us-west-1.saucelabs.com:443 for channel [id: 0x7b050763, L:/192.168.1.146:49736 - R:ondemand.us-west-1.saucelabs.com/66.85.52.224:443]
22:26:51.370 [Forwarding findElements on session 6e478f60247a41e29a4342741c3b2594 to remote] DEBUG org.asynchttpclient.netty.request.NettyRequestSender -- Using pooled Channel '[id: 0x7b050763, L:/192.168.1.146:49736 - R:ondemand.us-west-1.saucelabs.com/66.85.52.224:443]' for 'POST' to 'https://oauth-autolazare-558fb:f8d0a4b4-e059-4b39-a9eb-366965b887b1@ondemand.us-west-1.saucelabs.com:443/wd/hub/session/6e478f60247a41e29a4342741c3b2594/elements'
22:26:51.371 [Forwarding findElements on session 6e478f60247a41e29a4342741c3b2594 to remote] DEBUG org.asynchttpclient.netty.request.NettyRequestSender -- Using open Channel [id: 0x7b050763, L:/192.168.1.146:49736 - R:ondemand.us-west-1.saucelabs.com/66.85.52.224:443] for POST '/wd/hub/session/6e478f60247a41e29a4342741c3b2594/elements'
22:26:51.515 [AsyncHttpClient-1-2] DEBUG org.asynchttpclient.netty.handler.HttpHandler -- 

Request DefaultHttpRequest(decodeResult: success, version: HTTP/1.1)
POST /wd/hub/session/6e478f60247a41e29a4342741c3b2594/elements HTTP/1.1
User-Agent: selenium/4.9.0 (java windows)
traceparent: 00-b309f51ab1dda1e0aa1342e21ff7d8e2-f5778fbf1d66be58-01
Content-Length: 98
Content-Type: application/json; charset=utf-8
host: ondemand.us-west-1.saucelabs.com
authorization: Basic b2F1dGgtYXV0b2xhemFyZS01NThmYjpmOGQwYTRiNC1lMDU5LTRiMzktYTllYi0zNjY5NjViODg3YjE=
accept: */*

Response DefaultHttpResponse(decodeResult: success, version: HTTP/1.1)
HTTP/1.1 200 OK
content-length: 891
content-type: application/json;charset=UTF-8
date: Fri, 12 May 2023 02:26:51 GMT
server: monocle/0.42
x-request-id: 963ab4e9-b074-4a39-a96a-135c82e5a1f8

22:26:51.515 [AsyncHttpClient-1-2] DEBUG org.asynchttpclient.netty.channel.ChannelManager -- Adding key: https://ondemand.us-west-1.saucelabs.com:443 for channel [id: 0x7b050763, L:/192.168.1.146:49736 - R:ondemand.us-west-1.saucelabs.com/66.85.52.224:443]
22:26:51.531 [Forwarding switchToFrame on session 6e478f60247a41e29a4342741c3b2594 to remote] DEBUG org.asynchttpclient.netty.request.NettyRequestSender -- Using pooled Channel '[id: 0x7b050763, L:/192.168.1.146:49736 - R:ondemand.us-west-1.saucelabs.com/66.85.52.224:443]' for 'POST' to 'https://oauth-autolazare-558fb:f8d0a4b4-e059-4b39-a9eb-366965b887b1@ondemand.us-west-1.saucelabs.com:443/wd/hub/session/6e478f60247a41e29a4342741c3b2594/frame'
22:26:51.531 [Forwarding switchToFrame on session 6e478f60247a41e29a4342741c3b2594 to remote] DEBUG org.asynchttpclient.netty.request.NettyRequestSender -- Using open Channel [id: 0x7b050763, L:/192.168.1.146:49736 - R:ondemand.us-west-1.saucelabs.com/66.85.52.224:443] for POST '/wd/hub/session/6e478f60247a41e29a4342741c3b2594/frame'
22:26:51.684 [AsyncHttpClient-1-2] DEBUG org.asynchttpclient.netty.handler.HttpHandler -- 

Request DefaultHttpRequest(decodeResult: success, version: HTTP/1.1)
POST /wd/hub/session/6e478f60247a41e29a4342741c3b2594/frame HTTP/1.1
User-Agent: selenium/4.9.0 (java windows)
traceparent: 00-4d860cf945a15ecf9c79bfd1eb8fba0f-ca0e0b8b513f2208-01
Content-Length: 106
Content-Type: application/json; charset=utf-8
host: ondemand.us-west-1.saucelabs.com
authorization: Basic b2F1dGgtYXV0b2xhemFyZS01NThmYjpmOGQwYTRiNC1lMDU5LTRiMzktYTllYi0zNjY5NjViODg3YjE=
accept: */*

Response DefaultHttpResponse(decodeResult: success, version: HTTP/1.1)
HTTP/1.1 200 OK
content-length: 15
content-type: application/json;charset=UTF-8
date: Fri, 12 May 2023 02:26:51 GMT
server: monocle/0.42
x-request-id: b4823f3e-42c9-4f5f-9201-6f79decdfcfe

22:26:51.684 [AsyncHttpClient-1-2] DEBUG org.asynchttpclient.netty.channel.ChannelManager -- Adding key: https://ondemand.us-west-1.saucelabs.com:443 for channel [id: 0x7b050763, L:/192.168.1.146:49736 - R:ondemand.us-west-1.saucelabs.com/66.85.52.224:443]
22:26:51.718 [Forwarding executeScript on session 6e478f60247a41e29a4342741c3b2594 to remote] DEBUG org.asynchttpclient.netty.request.NettyRequestSender -- Using pooled Channel '[id: 0x7b050763, L:/192.168.1.146:49736 - R:ondemand.us-west-1.saucelabs.com/66.85.52.224:443]' for 'POST' to 'https://oauth-autolazare-558fb:f8d0a4b4-e059-4b39-a9eb-366965b887b1@ondemand.us-west-1.saucelabs.com:443/wd/hub/session/6e478f60247a41e29a4342741c3b2594/execute/sync'
22:26:51.718 [Forwarding executeScript on session 6e478f60247a41e29a4342741c3b2594 to remote] DEBUG org.asynchttpclient.netty.request.NettyRequestSender -- Using open Channel [id: 0x7b050763, L:/192.168.1.146:49736 - R:ondemand.us-west-1.saucelabs.com/66.85.52.224:443] for POST '/wd/hub/session/6e478f60247a41e29a4342741c3b2594/execute/sync'
22:26:52.329 [AsyncHttpClient-1-2] DEBUG org.asynchttpclient.netty.handler.HttpHandler -- 

Request DefaultHttpRequest(decodeResult: success, version: HTTP/1.1)
POST /wd/hub/session/6e478f60247a41e29a4342741c3b2594/execute/sync HTTP/1.1
User-Agent: selenium/4.9.0 (java windows)
traceparent: 00-a8bc364c8546d5c293fc3efa4c5bdc89-5a7467dce30d59f6-01
Content-Length: 323605
Content-Type: application/json; charset=utf-8
host: ondemand.us-west-1.saucelabs.com
authorization: Basic b2F1dGgtYXV0b2xhemFyZS01NThmYjpmOGQwYTRiNC1lMDU5LTRiMzktYTllYi0zNjY5NjViODg3YjE=
accept: */*

Response DefaultHttpResponse(decodeResult: success, version: HTTP/1.1)
HTTP/1.1 200 OK
content-length: 15
content-type: application/json;charset=UTF-8
date: Fri, 12 May 2023 02:26:52 GMT
server: monocle/0.42
x-request-id: aabfb1f5-de9b-49f2-8c8e-a3b6858bdb9d

22:26:52.329 [AsyncHttpClient-1-2] DEBUG org.asynchttpclient.netty.channel.ChannelManager -- Adding key: https://ondemand.us-west-1.saucelabs.com:443 for channel [id: 0x7b050763, L:/192.168.1.146:49736 - R:ondemand.us-west-1.saucelabs.com/66.85.52.224:443]
22:26:52.334 [Forwarding findElements on session 6e478f60247a41e29a4342741c3b2594 to remote] DEBUG org.asynchttpclient.netty.request.NettyRequestSender -- Using pooled Channel '[id: 0x7b050763, L:/192.168.1.146:49736 - R:ondemand.us-west-1.saucelabs.com/66.85.52.224:443]' for 'POST' to 'https://oauth-autolazare-558fb:f8d0a4b4-e059-4b39-a9eb-366965b887b1@ondemand.us-west-1.saucelabs.com:443/wd/hub/session/6e478f60247a41e29a4342741c3b2594/elements'
22:26:52.334 [Forwarding findElements on session 6e478f60247a41e29a4342741c3b2594 to remote] DEBUG org.asynchttpclient.netty.request.NettyRequestSender -- Using open Channel [id: 0x7b050763, L:/192.168.1.146:49736 - R:ondemand.us-west-1.saucelabs.com/66.85.52.224:443] for POST '/wd/hub/session/6e478f60247a41e29a4342741c3b2594/elements'
22:26:52.462 [AsyncHttpClient-1-2] DEBUG org.asynchttpclient.netty.handler.HttpHandler -- 

Request DefaultHttpRequest(decodeResult: success, version: HTTP/1.1)
POST /wd/hub/session/6e478f60247a41e29a4342741c3b2594/elements HTTP/1.1
User-Agent: selenium/4.9.0 (java windows)
traceparent: 00-2be96698d8d7b83d3c46472c73b17d79-e138cc497664483f-01
Content-Length: 98
Content-Type: application/json; charset=utf-8
host: ondemand.us-west-1.saucelabs.com
authorization: Basic b2F1dGgtYXV0b2xhemFyZS01NThmYjpmOGQwYTRiNC1lMDU5LTRiMzktYTllYi0zNjY5NjViODg3YjE=
accept: */*

Response DefaultHttpResponse(decodeResult: success, version: HTTP/1.1)
HTTP/1.1 200 OK
content-length: 99
content-type: application/json;charset=UTF-8
date: Fri, 12 May 2023 02:26:52 GMT
server: monocle/0.42
x-request-id: 0241bd85-5a15-49f9-a244-1bd2199c1562

22:26:52.462 [AsyncHttpClient-1-2] DEBUG org.asynchttpclient.netty.channel.ChannelManager -- Adding key: https://ondemand.us-west-1.saucelabs.com:443 for channel [id: 0x7b050763, L:/192.168.1.146:49736 - R:ondemand.us-west-1.saucelabs.com/66.85.52.224:443]
22:26:52.462 [Forwarding switchToFrame on session 6e478f60247a41e29a4342741c3b2594 to remote] DEBUG org.asynchttpclient.netty.request.NettyRequestSender -- Using pooled Channel '[id: 0x7b050763, L:/192.168.1.146:49736 - R:ondemand.us-west-1.saucelabs.com/66.85.52.224:443]' for 'POST' to 'https://oauth-autolazare-558fb:f8d0a4b4-e059-4b39-a9eb-366965b887b1@ondemand.us-west-1.saucelabs.com:443/wd/hub/session/6e478f60247a41e29a4342741c3b2594/frame'
22:26:52.462 [Forwarding switchToFrame on session 6e478f60247a41e29a4342741c3b2594 to remote] DEBUG org.asynchttpclient.netty.request.NettyRequestSender -- Using open Channel [id: 0x7b050763, L:/192.168.1.146:49736 - R:ondemand.us-west-1.saucelabs.com/66.85.52.224:443] for POST '/wd/hub/session/6e478f60247a41e29a4342741c3b2594/frame'
22:26:52.628 [AsyncHttpClient-1-2] DEBUG org.asynchttpclient.netty.handler.HttpHandler -- 

Request DefaultHttpRequest(decodeResult: success, version: HTTP/1.1)
POST /wd/hub/session/6e478f60247a41e29a4342741c3b2594/frame HTTP/1.1
User-Agent: selenium/4.9.0 (java windows)
traceparent: 00-5f99c5d290c13f298d73ef4c0e217773-5d03c0ca059dd909-01
Content-Length: 106
Content-Type: application/json; charset=utf-8
host: ondemand.us-west-1.saucelabs.com
authorization: Basic b2F1dGgtYXV0b2xhemFyZS01NThmYjpmOGQwYTRiNC1lMDU5LTRiMzktYTllYi0zNjY5NjViODg3YjE=
accept: */*

Response DefaultHttpResponse(decodeResult: success, version: HTTP/1.1)
HTTP/1.1 200 OK
content-length: 15
content-type: application/json;charset=UTF-8
date: Fri, 12 May 2023 02:26:52 GMT
server: monocle/0.42
x-request-id: dd8ee5fb-da73-483f-917e-fec3e844fcfb

22:26:52.629 [AsyncHttpClient-1-2] DEBUG org.asynchttpclient.netty.channel.ChannelManager -- Adding key: https://ondemand.us-west-1.saucelabs.com:443 for channel [id: 0x7b050763, L:/192.168.1.146:49736 - R:ondemand.us-west-1.saucelabs.com/66.85.52.224:443]
22:26:52.638 [Forwarding executeScript on session 6e478f60247a41e29a4342741c3b2594 to remote] DEBUG org.asynchttpclient.netty.request.NettyRequestSender -- Using pooled Channel '[id: 0x7b050763, L:/192.168.1.146:49736 - R:ondemand.us-west-1.saucelabs.com/66.85.52.224:443]' for 'POST' to 'https://oauth-autolazare-558fb:f8d0a4b4-e059-4b39-a9eb-366965b887b1@ondemand.us-west-1.saucelabs.com:443/wd/hub/session/6e478f60247a41e29a4342741c3b2594/execute/sync'
22:26:52.638 [Forwarding executeScript on session 6e478f60247a41e29a4342741c3b2594 to remote] DEBUG org.asynchttpclient.netty.request.NettyRequestSender -- Using open Channel [id: 0x7b050763, L:/192.168.1.146:49736 - R:ondemand.us-west-1.saucelabs.com/66.85.52.224:443] for POST '/wd/hub/session/6e478f60247a41e29a4342741c3b2594/execute/sync'
22:26:53.504 [AsyncHttpClient-1-2] DEBUG org.asynchttpclient.netty.handler.HttpHandler -- 

Request DefaultHttpRequest(decodeResult: success, version: HTTP/1.1)
POST /wd/hub/session/6e478f60247a41e29a4342741c3b2594/execute/sync HTTP/1.1
User-Agent: selenium/4.9.0 (java windows)
traceparent: 00-2e446126931f71cdea5868dc6f68bfd0-80a6b931a65f02f9-01
Content-Length: 323605
Content-Type: application/json; charset=utf-8
host: ondemand.us-west-1.saucelabs.com
authorization: Basic b2F1dGgtYXV0b2xhemFyZS01NThmYjpmOGQwYTRiNC1lMDU5LTRiMzktYTllYi0zNjY5NjViODg3YjE=
accept: */*

Response DefaultHttpResponse(decodeResult: success, version: HTTP/1.1)
HTTP/1.1 200 OK
content-length: 15
content-type: application/json;charset=UTF-8
date: Fri, 12 May 2023 02:26:53 GMT
server: monocle/0.42
x-request-id: ae954fbc-5882-47d5-ad76-a03f636656be

22:26:53.504 [AsyncHttpClient-1-2] DEBUG org.asynchttpclient.netty.channel.ChannelManager -- Adding key: https://ondemand.us-west-1.saucelabs.com:443 for channel [id: 0x7b050763, L:/192.168.1.146:49736 - R:ondemand.us-west-1.saucelabs.com/66.85.52.224:443]
22:26:53.508 [Forwarding findElements on session 6e478f60247a41e29a4342741c3b2594 to remote] DEBUG org.asynchttpclient.netty.request.NettyRequestSender -- Using pooled Channel '[id: 0x7b050763, L:/192.168.1.146:49736 - R:ondemand.us-west-1.saucelabs.com/66.85.52.224:443]' for 'POST' to 'https://oauth-autolazare-558fb:f8d0a4b4-e059-4b39-a9eb-366965b887b1@ondemand.us-west-1.saucelabs.com:443/wd/hub/session/6e478f60247a41e29a4342741c3b2594/elements'
22:26:53.509 [Forwarding findElements on session 6e478f60247a41e29a4342741c3b2594 to remote] DEBUG org.asynchttpclient.netty.request.NettyRequestSender -- Using open Channel [id: 0x7b050763, L:/192.168.1.146:49736 - R:ondemand.us-west-1.saucelabs.com/66.85.52.224:443] for POST '/wd/hub/session/6e478f60247a41e29a4342741c3b2594/elements'
22:26:53.644 [AsyncHttpClient-1-2] DEBUG org.asynchttpclient.netty.handler.HttpHandler -- 

Request DefaultHttpRequest(decodeResult: success, version: HTTP/1.1)
POST /wd/hub/session/6e478f60247a41e29a4342741c3b2594/elements HTTP/1.1
User-Agent: selenium/4.9.0 (java windows)
traceparent: 00-b6da75846abaa2aa16a21c494ebfca07-dbf9ff06422e87bb-01
Content-Length: 98
Content-Type: application/json; charset=utf-8
host: ondemand.us-west-1.saucelabs.com
authorization: Basic b2F1dGgtYXV0b2xhemFyZS01NThmYjpmOGQwYTRiNC1lMDU5LTRiMzktYTllYi0zNjY5NjViODg3YjE=
accept: */*

Response DefaultHttpResponse(decodeResult: success, version: HTTP/1.1)
HTTP/1.1 200 OK
content-length: 13
content-type: application/json;charset=UTF-8
date: Fri, 12 May 2023 02:26:53 GMT
server: monocle/0.42
x-request-id: 4e49f2b5-ff01-462a-a88b-41f731d986c3

22:26:53.645 [AsyncHttpClient-1-2] DEBUG org.asynchttpclient.netty.channel.ChannelManager -- Adding key: https://ondemand.us-west-1.saucelabs.com:443 for channel [id: 0x7b050763, L:/192.168.1.146:49736 - R:ondemand.us-west-1.saucelabs.com/66.85.52.224:443]
22:26:53.648 [Forwarding switchToParentFrame on session 6e478f60247a41e29a4342741c3b2594 to remote] DEBUG org.asynchttpclient.netty.request.NettyRequestSender -- Using pooled Channel '[id: 0x7b050763, L:/192.168.1.146:49736 - R:ondemand.us-west-1.saucelabs.com/66.85.52.224:443]' for 'POST' to 'https://oauth-autolazare-558fb:f8d0a4b4-e059-4b39-a9eb-366965b887b1@ondemand.us-west-1.saucelabs.com:443/wd/hub/session/6e478f60247a41e29a4342741c3b2594/frame/parent'
22:26:53.648 [Forwarding switchToParentFrame on session 6e478f60247a41e29a4342741c3b2594 to remote] DEBUG org.asynchttpclient.netty.request.NettyRequestSender -- Using open Channel [id: 0x7b050763, L:/192.168.1.146:49736 - R:ondemand.us-west-1.saucelabs.com/66.85.52.224:443] for POST '/wd/hub/session/6e478f60247a41e29a4342741c3b2594/frame/parent'
22:26:53.797 [AsyncHttpClient-1-2] DEBUG org.asynchttpclient.netty.handler.HttpHandler -- 

Request DefaultHttpRequest(decodeResult: success, version: HTTP/1.1)
POST /wd/hub/session/6e478f60247a41e29a4342741c3b2594/frame/parent HTTP/1.1
User-Agent: selenium/4.9.0 (java windows)
traceparent: 00-a2c296a6310c1dd72c561e8453a14e9d-9af0fafd66c82fd4-01
Content-Length: 3
Content-Type: application/json; charset=utf-8
host: ondemand.us-west-1.saucelabs.com
authorization: Basic b2F1dGgtYXV0b2xhemFyZS01NThmYjpmOGQwYTRiNC1lMDU5LTRiMzktYTllYi0zNjY5NjViODg3YjE=
accept: */*

Response DefaultHttpResponse(decodeResult: success, version: HTTP/1.1)
HTTP/1.1 200 OK
content-length: 15
content-type: application/json;charset=UTF-8
date: Fri, 12 May 2023 02:26:53 GMT
server: monocle/0.42
x-request-id: 8c4c6f54-a107-4538-92fd-198021fef5da

22:26:53.798 [AsyncHttpClient-1-2] DEBUG org.asynchttpclient.netty.channel.ChannelManager -- Adding key: https://ondemand.us-west-1.saucelabs.com:443 for channel [id: 0x7b050763, L:/192.168.1.146:49736 - R:ondemand.us-west-1.saucelabs.com/66.85.52.224:443]
22:26:53.800 [Forwarding switchToParentFrame on session 6e478f60247a41e29a4342741c3b2594 to remote] DEBUG org.asynchttpclient.netty.request.NettyRequestSender -- Using pooled Channel '[id: 0x7b050763, L:/192.168.1.146:49736 - R:ondemand.us-west-1.saucelabs.com/66.85.52.224:443]' for 'POST' to 'https://oauth-autolazare-558fb:f8d0a4b4-e059-4b39-a9eb-366965b887b1@ondemand.us-west-1.saucelabs.com:443/wd/hub/session/6e478f60247a41e29a4342741c3b2594/frame/parent'
22:26:53.800 [Forwarding switchToParentFrame on session 6e478f60247a41e29a4342741c3b2594 to remote] DEBUG org.asynchttpclient.netty.request.NettyRequestSender -- Using open Channel [id: 0x7b050763, L:/192.168.1.146:49736 - R:ondemand.us-west-1.saucelabs.com/66.85.52.224:443] for POST '/wd/hub/session/6e478f60247a41e29a4342741c3b2594/frame/parent'
22:26:53.921 [AsyncHttpClient-1-2] DEBUG org.asynchttpclient.netty.handler.HttpHandler -- 

Request DefaultHttpRequest(decodeResult: success, version: HTTP/1.1)
POST /wd/hub/session/6e478f60247a41e29a4342741c3b2594/frame/parent HTTP/1.1
User-Agent: selenium/4.9.0 (java windows)
traceparent: 00-4b887953dc277fd899d45d5e1cf63eba-b78cda05684dc4c8-01
Content-Length: 3
Content-Type: application/json; charset=utf-8
host: ondemand.us-west-1.saucelabs.com
authorization: Basic b2F1dGgtYXV0b2xhemFyZS01NThmYjpmOGQwYTRiNC1lMDU5LTRiMzktYTllYi0zNjY5NjViODg3YjE=
accept: */*

Response DefaultHttpResponse(decodeResult: success, version: HTTP/1.1)
HTTP/1.1 200 OK
content-length: 15
content-type: application/json;charset=UTF-8
date: Fri, 12 May 2023 02:26:53 GMT
server: monocle/0.42
x-request-id: bc6d10f4-98ab-49d1-bacd-07e72bdc0074

22:26:53.922 [AsyncHttpClient-1-2] DEBUG org.asynchttpclient.netty.channel.ChannelManager -- Adding key: https://ondemand.us-west-1.saucelabs.com:443 for channel [id: 0x7b050763, L:/192.168.1.146:49736 - R:ondemand.us-west-1.saucelabs.com/66.85.52.224:443]
22:26:53.925 [Forwarding switchToFrame on session 6e478f60247a41e29a4342741c3b2594 to remote] DEBUG org.asynchttpclient.netty.request.NettyRequestSender -- Using pooled Channel '[id: 0x7b050763, L:/192.168.1.146:49736 - R:ondemand.us-west-1.saucelabs.com/66.85.52.224:443]' for 'POST' to 'https://oauth-autolazare-558fb:f8d0a4b4-e059-4b39-a9eb-366965b887b1@ondemand.us-west-1.saucelabs.com:443/wd/hub/session/6e478f60247a41e29a4342741c3b2594/frame'
22:26:53.925 [Forwarding switchToFrame on session 6e478f60247a41e29a4342741c3b2594 to remote] DEBUG org.asynchttpclient.netty.request.NettyRequestSender -- Using open Channel [id: 0x7b050763, L:/192.168.1.146:49736 - R:ondemand.us-west-1.saucelabs.com/66.85.52.224:443] for POST '/wd/hub/session/6e478f60247a41e29a4342741c3b2594/frame'
22:26:54.066 [AsyncHttpClient-1-2] DEBUG org.asynchttpclient.netty.handler.HttpHandler -- 

Request DefaultHttpRequest(decodeResult: success, version: HTTP/1.1)
POST /wd/hub/session/6e478f60247a41e29a4342741c3b2594/frame HTTP/1.1
User-Agent: selenium/4.9.0 (java windows)
traceparent: 00-541fd81256bddcdc52094e6862643ae5-857d457094cc4f79-01
Content-Length: 106
Content-Type: application/json; charset=utf-8
host: ondemand.us-west-1.saucelabs.com
authorization: Basic b2F1dGgtYXV0b2xhemFyZS01NThmYjpmOGQwYTRiNC1lMDU5LTRiMzktYTllYi0zNjY5NjViODg3YjE=
accept: */*

Response DefaultHttpResponse(decodeResult: success, version: HTTP/1.1)
HTTP/1.1 200 OK
content-length: 15
content-type: application/json;charset=UTF-8
date: Fri, 12 May 2023 02:26:54 GMT
server: monocle/0.42
x-request-id: 2de58473-fa05-41b4-a88e-af96a1c2df06

22:26:54.067 [AsyncHttpClient-1-2] DEBUG org.asynchttpclient.netty.channel.ChannelManager -- Adding key: https://ondemand.us-west-1.saucelabs.com:443 for channel [id: 0x7b050763, L:/192.168.1.146:49736 - R:ondemand.us-west-1.saucelabs.com/66.85.52.224:443]
22:26:54.084 [Forwarding executeScript on session 6e478f60247a41e29a4342741c3b2594 to remote] DEBUG org.asynchttpclient.netty.request.NettyRequestSender -- Using pooled Channel '[id: 0x7b050763, L:/192.168.1.146:49736 - R:ondemand.us-west-1.saucelabs.com/66.85.52.224:443]' for 'POST' to 'https://oauth-autolazare-558fb:f8d0a4b4-e059-4b39-a9eb-366965b887b1@ondemand.us-west-1.saucelabs.com:443/wd/hub/session/6e478f60247a41e29a4342741c3b2594/execute/sync'
22:26:54.084 [Forwarding executeScript on session 6e478f60247a41e29a4342741c3b2594 to remote] DEBUG org.asynchttpclient.netty.request.NettyRequestSender -- Using open Channel [id: 0x7b050763, L:/192.168.1.146:49736 - R:ondemand.us-west-1.saucelabs.com/66.85.52.224:443] for POST '/wd/hub/session/6e478f60247a41e29a4342741c3b2594/execute/sync'
22:26:54.627 [AsyncHttpClient-1-2] DEBUG org.asynchttpclient.netty.handler.HttpHandler -- 

Request DefaultHttpRequest(decodeResult: success, version: HTTP/1.1)
POST /wd/hub/session/6e478f60247a41e29a4342741c3b2594/execute/sync HTTP/1.1
User-Agent: selenium/4.9.0 (java windows)
traceparent: 00-5d792ac0fd3cf38351fb620726ff8d4f-9f94d612c24a1097-01
Content-Length: 323605
Content-Type: application/json; charset=utf-8
host: ondemand.us-west-1.saucelabs.com
authorization: Basic b2F1dGgtYXV0b2xhemFyZS01NThmYjpmOGQwYTRiNC1lMDU5LTRiMzktYTllYi0zNjY5NjViODg3YjE=
accept: */*

Response DefaultHttpResponse(decodeResult: success, version: HTTP/1.1)
HTTP/1.1 200 OK
content-length: 15
content-type: application/json;charset=UTF-8
date: Fri, 12 May 2023 02:26:54 GMT
server: monocle/0.42
x-request-id: 93ce095f-469f-453c-bc8d-c0e481401a3f

22:26:54.629 [AsyncHttpClient-1-2] DEBUG org.asynchttpclient.netty.channel.ChannelManager -- Adding key: https://ondemand.us-west-1.saucelabs.com:443 for channel [id: 0x7b050763, L:/192.168.1.146:49736 - R:ondemand.us-west-1.saucelabs.com/66.85.52.224:443]
22:26:54.634 [Forwarding findElements on session 6e478f60247a41e29a4342741c3b2594 to remote] DEBUG org.asynchttpclient.netty.request.NettyRequestSender -- Using pooled Channel '[id: 0x7b050763, L:/192.168.1.146:49736 - R:ondemand.us-west-1.saucelabs.com/66.85.52.224:443]' for 'POST' to 'https://oauth-autolazare-558fb:f8d0a4b4-e059-4b39-a9eb-366965b887b1@ondemand.us-west-1.saucelabs.com:443/wd/hub/session/6e478f60247a41e29a4342741c3b2594/elements'
22:26:54.634 [Forwarding findElements on session 6e478f60247a41e29a4342741c3b2594 to remote] DEBUG org.asynchttpclient.netty.request.NettyRequestSender -- Using open Channel [id: 0x7b050763, L:/192.168.1.146:49736 - R:ondemand.us-west-1.saucelabs.com/66.85.52.224:443] for POST '/wd/hub/session/6e478f60247a41e29a4342741c3b2594/elements'
22:26:54.784 [AsyncHttpClient-1-2] DEBUG org.asynchttpclient.netty.handler.HttpHandler -- 

Request DefaultHttpRequest(decodeResult: success, version: HTTP/1.1)
POST /wd/hub/session/6e478f60247a41e29a4342741c3b2594/elements HTTP/1.1
User-Agent: selenium/4.9.0 (java windows)
traceparent: 00-3b564ba5547b7f78c5a76f26d99c26c2-f50a42b5086892f6-01
Content-Length: 98
Content-Type: application/json; charset=utf-8
host: ondemand.us-west-1.saucelabs.com
authorization: Basic b2F1dGgtYXV0b2xhemFyZS01NThmYjpmOGQwYTRiNC1lMDU5LTRiMzktYTllYi0zNjY5NjViODg3YjE=
accept: */*

Response DefaultHttpResponse(decodeResult: success, version: HTTP/1.1)
HTTP/1.1 200 OK
content-length: 187
content-type: application/json;charset=UTF-8
date: Fri, 12 May 2023 02:26:54 GMT
server: monocle/0.42
x-request-id: 2b945ed8-314a-4d05-a43c-c978ba62407b

22:26:54.784 [AsyncHttpClient-1-2] DEBUG org.asynchttpclient.netty.channel.ChannelManager -- Adding key: https://ondemand.us-west-1.saucelabs.com:443 for channel [id: 0x7b050763, L:/192.168.1.146:49736 - R:ondemand.us-west-1.saucelabs.com/66.85.52.224:443]
22:26:54.784 [Forwarding switchToFrame on session 6e478f60247a41e29a4342741c3b2594 to remote] DEBUG org.asynchttpclient.netty.request.NettyRequestSender -- Using pooled Channel '[id: 0x7b050763, L:/192.168.1.146:49736 - R:ondemand.us-west-1.saucelabs.com/66.85.52.224:443]' for 'POST' to 'https://oauth-autolazare-558fb:f8d0a4b4-e059-4b39-a9eb-366965b887b1@ondemand.us-west-1.saucelabs.com:443/wd/hub/session/6e478f60247a41e29a4342741c3b2594/frame'
22:26:54.784 [Forwarding switchToFrame on session 6e478f60247a41e29a4342741c3b2594 to remote] DEBUG org.asynchttpclient.netty.request.NettyRequestSender -- Using open Channel [id: 0x7b050763, L:/192.168.1.146:49736 - R:ondemand.us-west-1.saucelabs.com/66.85.52.224:443] for POST '/wd/hub/session/6e478f60247a41e29a4342741c3b2594/frame'
22:26:54.928 [AsyncHttpClient-1-2] DEBUG org.asynchttpclient.netty.handler.HttpHandler -- 

Request DefaultHttpRequest(decodeResult: success, version: HTTP/1.1)
POST /wd/hub/session/6e478f60247a41e29a4342741c3b2594/frame HTTP/1.1
User-Agent: selenium/4.9.0 (java windows)
traceparent: 00-aafc38276f52af9864a0e87efdb9083d-6dd07432bfc94605-01
Content-Length: 106
Content-Type: application/json; charset=utf-8
host: ondemand.us-west-1.saucelabs.com
authorization: Basic b2F1dGgtYXV0b2xhemFyZS01NThmYjpmOGQwYTRiNC1lMDU5LTRiMzktYTllYi0zNjY5NjViODg3YjE=
accept: */*

Response DefaultHttpResponse(decodeResult: success, version: HTTP/1.1)
HTTP/1.1 200 OK
content-length: 15
content-type: application/json;charset=UTF-8
date: Fri, 12 May 2023 02:26:54 GMT
server: monocle/0.42
x-request-id: 26cbe157-f772-482c-a7d0-45965d857cda

22:26:54.928 [AsyncHttpClient-1-2] DEBUG org.asynchttpclient.netty.channel.ChannelManager -- Adding key: https://ondemand.us-west-1.saucelabs.com:443 for channel [id: 0x7b050763, L:/192.168.1.146:49736 - R:ondemand.us-west-1.saucelabs.com/66.85.52.224:443]
22:26:54.954 [Forwarding executeScript on session 6e478f60247a41e29a4342741c3b2594 to remote] DEBUG org.asynchttpclient.netty.request.NettyRequestSender -- Using pooled Channel '[id: 0x7b050763, L:/192.168.1.146:49736 - R:ondemand.us-west-1.saucelabs.com/66.85.52.224:443]' for 'POST' to 'https://oauth-autolazare-558fb:f8d0a4b4-e059-4b39-a9eb-366965b887b1@ondemand.us-west-1.saucelabs.com:443/wd/hub/session/6e478f60247a41e29a4342741c3b2594/execute/sync'
22:26:54.955 [Forwarding executeScript on session 6e478f60247a41e29a4342741c3b2594 to remote] DEBUG org.asynchttpclient.netty.request.NettyRequestSender -- Using open Channel [id: 0x7b050763, L:/192.168.1.146:49736 - R:ondemand.us-west-1.saucelabs.com/66.85.52.224:443] for POST '/wd/hub/session/6e478f60247a41e29a4342741c3b2594/execute/sync'
22:26:55.536 [AsyncHttpClient-1-2] DEBUG org.asynchttpclient.netty.handler.HttpHandler -- 

Request DefaultHttpRequest(decodeResult: success, version: HTTP/1.1)
POST /wd/hub/session/6e478f60247a41e29a4342741c3b2594/execute/sync HTTP/1.1
User-Agent: selenium/4.9.0 (java windows)
traceparent: 00-0df0ff653b07992290777207c8d0dba1-9d0fb8f038ec5a56-01
Content-Length: 323605
Content-Type: application/json; charset=utf-8
host: ondemand.us-west-1.saucelabs.com
authorization: Basic b2F1dGgtYXV0b2xhemFyZS01NThmYjpmOGQwYTRiNC1lMDU5LTRiMzktYTllYi0zNjY5NjViODg3YjE=
accept: */*

Response DefaultHttpResponse(decodeResult: success, version: HTTP/1.1)
HTTP/1.1 200 OK
content-length: 15
content-type: application/json;charset=UTF-8
date: Fri, 12 May 2023 02:26:55 GMT
server: monocle/0.42
x-request-id: 326c683e-9b69-47f7-95f9-00ecbdd5b123

22:26:55.536 [AsyncHttpClient-1-2] DEBUG org.asynchttpclient.netty.channel.ChannelManager -- Adding key: https://ondemand.us-west-1.saucelabs.com:443 for channel [id: 0x7b050763, L:/192.168.1.146:49736 - R:ondemand.us-west-1.saucelabs.com/66.85.52.224:443]
22:26:55.544 [Forwarding findElements on session 6e478f60247a41e29a4342741c3b2594 to remote] DEBUG org.asynchttpclient.netty.request.NettyRequestSender -- Using pooled Channel '[id: 0x7b050763, L:/192.168.1.146:49736 - R:ondemand.us-west-1.saucelabs.com/66.85.52.224:443]' for 'POST' to 'https://oauth-autolazare-558fb:f8d0a4b4-e059-4b39-a9eb-366965b887b1@ondemand.us-west-1.saucelabs.com:443/wd/hub/session/6e478f60247a41e29a4342741c3b2594/elements'
22:26:55.544 [Forwarding findElements on session 6e478f60247a41e29a4342741c3b2594 to remote] DEBUG org.asynchttpclient.netty.request.NettyRequestSender -- Using open Channel [id: 0x7b050763, L:/192.168.1.146:49736 - R:ondemand.us-west-1.saucelabs.com/66.85.52.224:443] for POST '/wd/hub/session/6e478f60247a41e29a4342741c3b2594/elements'
22:26:55.712 [AsyncHttpClient-1-2] DEBUG org.asynchttpclient.netty.handler.HttpHandler -- 

Request DefaultHttpRequest(decodeResult: success, version: HTTP/1.1)
POST /wd/hub/session/6e478f60247a41e29a4342741c3b2594/elements HTTP/1.1
User-Agent: selenium/4.9.0 (java windows)
traceparent: 00-116dd49cbcb4c583aab2badc14eaf2ce-952c014dd2b437a0-01
Content-Length: 98
Content-Type: application/json; charset=utf-8
host: ondemand.us-west-1.saucelabs.com
authorization: Basic b2F1dGgtYXV0b2xhemFyZS01NThmYjpmOGQwYTRiNC1lMDU5LTRiMzktYTllYi0zNjY5NjViODg3YjE=
accept: */*

Response DefaultHttpResponse(decodeResult: success, version: HTTP/1.1)
HTTP/1.1 200 OK
content-length: 13
content-type: application/json;charset=UTF-8
date: Fri, 12 May 2023 02:26:55 GMT
server: monocle/0.42
x-request-id: 9ed9d202-7f15-42f3-91bc-1b7c5387a906

22:26:55.713 [AsyncHttpClient-1-2] DEBUG org.asynchttpclient.netty.channel.ChannelManager -- Adding key: https://ondemand.us-west-1.saucelabs.com:443 for channel [id: 0x7b050763, L:/192.168.1.146:49736 - R:ondemand.us-west-1.saucelabs.com/66.85.52.224:443]
22:26:55.731 [Forwarding switchToParentFrame on session 6e478f60247a41e29a4342741c3b2594 to remote] DEBUG org.asynchttpclient.netty.request.NettyRequestSender -- Using pooled Channel '[id: 0x7b050763, L:/192.168.1.146:49736 - R:ondemand.us-west-1.saucelabs.com/66.85.52.224:443]' for 'POST' to 'https://oauth-autolazare-558fb:f8d0a4b4-e059-4b39-a9eb-366965b887b1@ondemand.us-west-1.saucelabs.com:443/wd/hub/session/6e478f60247a41e29a4342741c3b2594/frame/parent'
22:26:55.732 [Forwarding switchToParentFrame on session 6e478f60247a41e29a4342741c3b2594 to remote] DEBUG org.asynchttpclient.netty.request.NettyRequestSender -- Using open Channel [id: 0x7b050763, L:/192.168.1.146:49736 - R:ondemand.us-west-1.saucelabs.com/66.85.52.224:443] for POST '/wd/hub/session/6e478f60247a41e29a4342741c3b2594/frame/parent'
22:26:55.882 [AsyncHttpClient-1-2] DEBUG org.asynchttpclient.netty.handler.HttpHandler -- 

Request DefaultHttpRequest(decodeResult: success, version: HTTP/1.1)
POST /wd/hub/session/6e478f60247a41e29a4342741c3b2594/frame/parent HTTP/1.1
User-Agent: selenium/4.9.0 (java windows)
traceparent: 00-9e09965ddc3491f956bb6f5d6fbf2992-00f54f82a2833406-01
Content-Length: 3
Content-Type: application/json; charset=utf-8
host: ondemand.us-west-1.saucelabs.com
authorization: Basic b2F1dGgtYXV0b2xhemFyZS01NThmYjpmOGQwYTRiNC1lMDU5LTRiMzktYTllYi0zNjY5NjViODg3YjE=
accept: */*

Response DefaultHttpResponse(decodeResult: success, version: HTTP/1.1)
HTTP/1.1 200 OK
content-length: 15
content-type: application/json;charset=UTF-8
date: Fri, 12 May 2023 02:26:55 GMT
server: monocle/0.42
x-request-id: 337923c3-f265-43e3-8d9b-e5a8daa3d30c

22:26:55.882 [AsyncHttpClient-1-2] DEBUG org.asynchttpclient.netty.channel.ChannelManager -- Adding key: https://ondemand.us-west-1.saucelabs.com:443 for channel [id: 0x7b050763, L:/192.168.1.146:49736 - R:ondemand.us-west-1.saucelabs.com/66.85.52.224:443]
22:26:55.888 [Forwarding switchToFrame on session 6e478f60247a41e29a4342741c3b2594 to remote] DEBUG org.asynchttpclient.netty.request.NettyRequestSender -- Using pooled Channel '[id: 0x7b050763, L:/192.168.1.146:49736 - R:ondemand.us-west-1.saucelabs.com/66.85.52.224:443]' for 'POST' to 'https://oauth-autolazare-558fb:f8d0a4b4-e059-4b39-a9eb-366965b887b1@ondemand.us-west-1.saucelabs.com:443/wd/hub/session/6e478f60247a41e29a4342741c3b2594/frame'
22:26:55.889 [Forwarding switchToFrame on session 6e478f60247a41e29a4342741c3b2594 to remote] DEBUG org.asynchttpclient.netty.request.NettyRequestSender -- Using open Channel [id: 0x7b050763, L:/192.168.1.146:49736 - R:ondemand.us-west-1.saucelabs.com/66.85.52.224:443] for POST '/wd/hub/session/6e478f60247a41e29a4342741c3b2594/frame'
22:26:56.032 [AsyncHttpClient-1-2] DEBUG org.asynchttpclient.netty.handler.HttpHandler -- 

Request DefaultHttpRequest(decodeResult: success, version: HTTP/1.1)
POST /wd/hub/session/6e478f60247a41e29a4342741c3b2594/frame HTTP/1.1
User-Agent: selenium/4.9.0 (java windows)
traceparent: 00-b5aa35985f38ca304fc9d71f8ce8ef29-87b8ed9801de0cd2-01
Content-Length: 106
Content-Type: application/json; charset=utf-8
host: ondemand.us-west-1.saucelabs.com
authorization: Basic b2F1dGgtYXV0b2xhemFyZS01NThmYjpmOGQwYTRiNC1lMDU5LTRiMzktYTllYi0zNjY5NjViODg3YjE=
accept: */*

Response DefaultHttpResponse(decodeResult: success, version: HTTP/1.1)
HTTP/1.1 200 OK
content-length: 15
content-type: application/json;charset=UTF-8
date: Fri, 12 May 2023 02:26:56 GMT
server: monocle/0.42
x-request-id: f3427be6-8802-49ed-8990-446a0e72c359

22:26:56.033 [AsyncHttpClient-1-2] DEBUG org.asynchttpclient.netty.channel.ChannelManager -- Adding key: https://ondemand.us-west-1.saucelabs.com:443 for channel [id: 0x7b050763, L:/192.168.1.146:49736 - R:ondemand.us-west-1.saucelabs.com/66.85.52.224:443]
22:26:56.043 [Forwarding executeScript on session 6e478f60247a41e29a4342741c3b2594 to remote] DEBUG org.asynchttpclient.netty.request.NettyRequestSender -- Using pooled Channel '[id: 0x7b050763, L:/192.168.1.146:49736 - R:ondemand.us-west-1.saucelabs.com/66.85.52.224:443]' for 'POST' to 'https://oauth-autolazare-558fb:f8d0a4b4-e059-4b39-a9eb-366965b887b1@ondemand.us-west-1.saucelabs.com:443/wd/hub/session/6e478f60247a41e29a4342741c3b2594/execute/sync'
22:26:56.043 [Forwarding executeScript on session 6e478f60247a41e29a4342741c3b2594 to remote] DEBUG org.asynchttpclient.netty.request.NettyRequestSender -- Using open Channel [id: 0x7b050763, L:/192.168.1.146:49736 - R:ondemand.us-west-1.saucelabs.com/66.85.52.224:443] for POST '/wd/hub/session/6e478f60247a41e29a4342741c3b2594/execute/sync'
22:26:56.569 [AsyncHttpClient-1-2] DEBUG org.asynchttpclient.netty.handler.HttpHandler -- 

Request DefaultHttpRequest(decodeResult: success, version: HTTP/1.1)
POST /wd/hub/session/6e478f60247a41e29a4342741c3b2594/execute/sync HTTP/1.1
User-Agent: selenium/4.9.0 (java windows)
traceparent: 00-b8017eea6fba6f82a3d8f0fed24efad7-12e7cdcf64ff6108-01
Content-Length: 323605
Content-Type: application/json; charset=utf-8
host: ondemand.us-west-1.saucelabs.com
authorization: Basic b2F1dGgtYXV0b2xhemFyZS01NThmYjpmOGQwYTRiNC1lMDU5LTRiMzktYTllYi0zNjY5NjViODg3YjE=
accept: */*

Response DefaultHttpResponse(decodeResult: success, version: HTTP/1.1)
HTTP/1.1 200 OK
content-length: 15
content-type: application/json;charset=UTF-8
date: Fri, 12 May 2023 02:26:56 GMT
server: monocle/0.42
x-request-id: 6a8bd6f8-6d51-4644-bffe-e233c07642fb

22:26:56.570 [AsyncHttpClient-1-2] DEBUG org.asynchttpclient.netty.channel.ChannelManager -- Adding key: https://ondemand.us-west-1.saucelabs.com:443 for channel [id: 0x7b050763, L:/192.168.1.146:49736 - R:ondemand.us-west-1.saucelabs.com/66.85.52.224:443]
22:26:56.604 [Forwarding findElements on session 6e478f60247a41e29a4342741c3b2594 to remote] DEBUG org.asynchttpclient.netty.request.NettyRequestSender -- Using pooled Channel '[id: 0x7b050763, L:/192.168.1.146:49736 - R:ondemand.us-west-1.saucelabs.com/66.85.52.224:443]' for 'POST' to 'https://oauth-autolazare-558fb:f8d0a4b4-e059-4b39-a9eb-366965b887b1@ondemand.us-west-1.saucelabs.com:443/wd/hub/session/6e478f60247a41e29a4342741c3b2594/elements'
22:26:56.605 [Forwarding findElements on session 6e478f60247a41e29a4342741c3b2594 to remote] DEBUG org.asynchttpclient.netty.request.NettyRequestSender -- Using open Channel [id: 0x7b050763, L:/192.168.1.146:49736 - R:ondemand.us-west-1.saucelabs.com/66.85.52.224:443] for POST '/wd/hub/session/6e478f60247a41e29a4342741c3b2594/elements'
22:26:56.732 [AsyncHttpClient-1-2] DEBUG org.asynchttpclient.netty.handler.HttpHandler -- 

Request DefaultHttpRequest(decodeResult: success, version: HTTP/1.1)
POST /wd/hub/session/6e478f60247a41e29a4342741c3b2594/elements HTTP/1.1
User-Agent: selenium/4.9.0 (java windows)
traceparent: 00-820e7400f39813fdb680ccbc771ea397-cfc8e00472b921c5-01
Content-Length: 98
Content-Type: application/json; charset=utf-8
host: ondemand.us-west-1.saucelabs.com
authorization: Basic b2F1dGgtYXV0b2xhemFyZS01NThmYjpmOGQwYTRiNC1lMDU5LTRiMzktYTllYi0zNjY5NjViODg3YjE=
accept: */*

Response DefaultHttpResponse(decodeResult: success, version: HTTP/1.1)
HTTP/1.1 200 OK
content-length: 13
content-type: application/json;charset=UTF-8
date: Fri, 12 May 2023 02:26:56 GMT
server: monocle/0.42
x-request-id: a9edb329-eb30-48bd-915f-e1b589d38ef3

22:26:56.734 [AsyncHttpClient-1-2] DEBUG org.asynchttpclient.netty.channel.ChannelManager -- Adding key: https://ondemand.us-west-1.saucelabs.com:443 for channel [id: 0x7b050763, L:/192.168.1.146:49736 - R:ondemand.us-west-1.saucelabs.com/66.85.52.224:443]
22:26:56.736 [Forwarding switchToParentFrame on session 6e478f60247a41e29a4342741c3b2594 to remote] DEBUG org.asynchttpclient.netty.request.NettyRequestSender -- Using pooled Channel '[id: 0x7b050763, L:/192.168.1.146:49736 - R:ondemand.us-west-1.saucelabs.com/66.85.52.224:443]' for 'POST' to 'https://oauth-autolazare-558fb:f8d0a4b4-e059-4b39-a9eb-366965b887b1@ondemand.us-west-1.saucelabs.com:443/wd/hub/session/6e478f60247a41e29a4342741c3b2594/frame/parent'
22:26:56.737 [Forwarding switchToParentFrame on session 6e478f60247a41e29a4342741c3b2594 to remote] DEBUG org.asynchttpclient.netty.request.NettyRequestSender -- Using open Channel [id: 0x7b050763, L:/192.168.1.146:49736 - R:ondemand.us-west-1.saucelabs.com/66.85.52.224:443] for POST '/wd/hub/session/6e478f60247a41e29a4342741c3b2594/frame/parent'
22:26:57.046 [AsyncHttpClient-1-2] DEBUG org.asynchttpclient.netty.handler.HttpHandler -- 

Request DefaultHttpRequest(decodeResult: success, version: HTTP/1.1)
POST /wd/hub/session/6e478f60247a41e29a4342741c3b2594/frame/parent HTTP/1.1
User-Agent: selenium/4.9.0 (java windows)
traceparent: 00-72962a92c86191a0973c8b4c2a887a8c-1eb6c0285f4bdf0d-01
Content-Length: 3
Content-Type: application/json; charset=utf-8
host: ondemand.us-west-1.saucelabs.com
authorization: Basic b2F1dGgtYXV0b2xhemFyZS01NThmYjpmOGQwYTRiNC1lMDU5LTRiMzktYTllYi0zNjY5NjViODg3YjE=
accept: */*

Response DefaultHttpResponse(decodeResult: success, version: HTTP/1.1)
HTTP/1.1 200 OK
content-length: 15
content-type: application/json;charset=UTF-8
date: Fri, 12 May 2023 02:26:56 GMT
server: monocle/0.42
x-request-id: f11ef4d3-ea09-4ce4-bd5a-fdb8656bd94a

22:26:57.047 [AsyncHttpClient-1-2] DEBUG org.asynchttpclient.netty.channel.ChannelManager -- Adding key: https://ondemand.us-west-1.saucelabs.com:443 for channel [id: 0x7b050763, L:/192.168.1.146:49736 - R:ondemand.us-west-1.saucelabs.com/66.85.52.224:443]
22:26:57.049 [Forwarding switchToParentFrame on session 6e478f60247a41e29a4342741c3b2594 to remote] DEBUG org.asynchttpclient.netty.request.NettyRequestSender -- Using pooled Channel '[id: 0x7b050763, L:/192.168.1.146:49736 - R:ondemand.us-west-1.saucelabs.com/66.85.52.224:443]' for 'POST' to 'https://oauth-autolazare-558fb:f8d0a4b4-e059-4b39-a9eb-366965b887b1@ondemand.us-west-1.saucelabs.com:443/wd/hub/session/6e478f60247a41e29a4342741c3b2594/frame/parent'
22:26:57.049 [Forwarding switchToParentFrame on session 6e478f60247a41e29a4342741c3b2594 to remote] DEBUG org.asynchttpclient.netty.request.NettyRequestSender -- Using open Channel [id: 0x7b050763, L:/192.168.1.146:49736 - R:ondemand.us-west-1.saucelabs.com/66.85.52.224:443] for POST '/wd/hub/session/6e478f60247a41e29a4342741c3b2594/frame/parent'
22:26:57.172 [AsyncHttpClient-1-2] DEBUG org.asynchttpclient.netty.handler.HttpHandler -- 

Request DefaultHttpRequest(decodeResult: success, version: HTTP/1.1)
POST /wd/hub/session/6e478f60247a41e29a4342741c3b2594/frame/parent HTTP/1.1
User-Agent: selenium/4.9.0 (java windows)
traceparent: 00-3cf17c90da124b605a2de5d37cc342a5-aaed306cce9cb94a-01
Content-Length: 3
Content-Type: application/json; charset=utf-8
host: ondemand.us-west-1.saucelabs.com
authorization: Basic b2F1dGgtYXV0b2xhemFyZS01NThmYjpmOGQwYTRiNC1lMDU5LTRiMzktYTllYi0zNjY5NjViODg3YjE=
accept: */*

Response DefaultHttpResponse(decodeResult: success, version: HTTP/1.1)
HTTP/1.1 200 OK
content-length: 15
content-type: application/json;charset=UTF-8
date: Fri, 12 May 2023 02:26:57 GMT
server: monocle/0.42
x-request-id: 587c5769-77d8-4a20-938f-7e27d0753bb6

22:26:57.173 [AsyncHttpClient-1-2] DEBUG org.asynchttpclient.netty.channel.ChannelManager -- Adding key: https://ondemand.us-west-1.saucelabs.com:443 for channel [id: 0x7b050763, L:/192.168.1.146:49736 - R:ondemand.us-west-1.saucelabs.com/66.85.52.224:443]
22:26:57.177 [Forwarding switchToFrame on session 6e478f60247a41e29a4342741c3b2594 to remote] DEBUG org.asynchttpclient.netty.request.NettyRequestSender -- Using pooled Channel '[id: 0x7b050763, L:/192.168.1.146:49736 - R:ondemand.us-west-1.saucelabs.com/66.85.52.224:443]' for 'POST' to 'https://oauth-autolazare-558fb:f8d0a4b4-e059-4b39-a9eb-366965b887b1@ondemand.us-west-1.saucelabs.com:443/wd/hub/session/6e478f60247a41e29a4342741c3b2594/frame'
22:26:57.177 [Forwarding switchToFrame on session 6e478f60247a41e29a4342741c3b2594 to remote] DEBUG org.asynchttpclient.netty.request.NettyRequestSender -- Using open Channel [id: 0x7b050763, L:/192.168.1.146:49736 - R:ondemand.us-west-1.saucelabs.com/66.85.52.224:443] for POST '/wd/hub/session/6e478f60247a41e29a4342741c3b2594/frame'
22:26:57.328 [AsyncHttpClient-1-2] DEBUG org.asynchttpclient.netty.handler.HttpHandler -- 

Request DefaultHttpRequest(decodeResult: success, version: HTTP/1.1)
POST /wd/hub/session/6e478f60247a41e29a4342741c3b2594/frame HTTP/1.1
User-Agent: selenium/4.9.0 (java windows)
traceparent: 00-667fcf1d033580b1611df85f92812b41-dccbb6bcaf3eda0d-01
Content-Length: 106
Content-Type: application/json; charset=utf-8
host: ondemand.us-west-1.saucelabs.com
authorization: Basic b2F1dGgtYXV0b2xhemFyZS01NThmYjpmOGQwYTRiNC1lMDU5LTRiMzktYTllYi0zNjY5NjViODg3YjE=
accept: */*

Response DefaultHttpResponse(decodeResult: success, version: HTTP/1.1)
HTTP/1.1 200 OK
content-length: 15
content-type: application/json;charset=UTF-8
date: Fri, 12 May 2023 02:26:57 GMT
server: monocle/0.42
x-request-id: 4c6f87c4-8c05-4750-ad93-89b998418b1d

22:26:57.329 [AsyncHttpClient-1-2] DEBUG org.asynchttpclient.netty.channel.ChannelManager -- Adding key: https://ondemand.us-west-1.saucelabs.com:443 for channel [id: 0x7b050763, L:/192.168.1.146:49736 - R:ondemand.us-west-1.saucelabs.com/66.85.52.224:443]
22:26:57.346 [Forwarding executeScript on session 6e478f60247a41e29a4342741c3b2594 to remote] DEBUG org.asynchttpclient.netty.request.NettyRequestSender -- Using pooled Channel '[id: 0x7b050763, L:/192.168.1.146:49736 - R:ondemand.us-west-1.saucelabs.com/66.85.52.224:443]' for 'POST' to 'https://oauth-autolazare-558fb:f8d0a4b4-e059-4b39-a9eb-366965b887b1@ondemand.us-west-1.saucelabs.com:443/wd/hub/session/6e478f60247a41e29a4342741c3b2594/execute/sync'
22:26:57.346 [Forwarding executeScript on session 6e478f60247a41e29a4342741c3b2594 to remote] DEBUG org.asynchttpclient.netty.request.NettyRequestSender -- Using open Channel [id: 0x7b050763, L:/192.168.1.146:49736 - R:ondemand.us-west-1.saucelabs.com/66.85.52.224:443] for POST '/wd/hub/session/6e478f60247a41e29a4342741c3b2594/execute/sync'
22:26:57.868 [AsyncHttpClient-1-2] DEBUG org.asynchttpclient.netty.handler.HttpHandler -- 

Request DefaultHttpRequest(decodeResult: success, version: HTTP/1.1)
POST /wd/hub/session/6e478f60247a41e29a4342741c3b2594/execute/sync HTTP/1.1
User-Agent: selenium/4.9.0 (java windows)
traceparent: 00-12e0775530a8bd4e2da99113bc9dc74d-c1c1f775ae03ce60-01
Content-Length: 323605
Content-Type: application/json; charset=utf-8
host: ondemand.us-west-1.saucelabs.com
authorization: Basic b2F1dGgtYXV0b2xhemFyZS01NThmYjpmOGQwYTRiNC1lMDU5LTRiMzktYTllYi0zNjY5NjViODg3YjE=
accept: */*

Response DefaultHttpResponse(decodeResult: success, version: HTTP/1.1)
HTTP/1.1 200 OK
content-length: 15
content-type: application/json;charset=UTF-8
date: Fri, 12 May 2023 02:26:57 GMT
server: monocle/0.42
x-request-id: c789822b-a53e-49d8-b3eb-85df6757afc1

22:26:57.869 [AsyncHttpClient-1-2] DEBUG org.asynchttpclient.netty.channel.ChannelManager -- Adding key: https://ondemand.us-west-1.saucelabs.com:443 for channel [id: 0x7b050763, L:/192.168.1.146:49736 - R:ondemand.us-west-1.saucelabs.com/66.85.52.224:443]
22:26:57.877 [Forwarding findElements on session 6e478f60247a41e29a4342741c3b2594 to remote] DEBUG org.asynchttpclient.netty.request.NettyRequestSender -- Using pooled Channel '[id: 0x7b050763, L:/192.168.1.146:49736 - R:ondemand.us-west-1.saucelabs.com/66.85.52.224:443]' for 'POST' to 'https://oauth-autolazare-558fb:f8d0a4b4-e059-4b39-a9eb-366965b887b1@ondemand.us-west-1.saucelabs.com:443/wd/hub/session/6e478f60247a41e29a4342741c3b2594/elements'
22:26:57.877 [Forwarding findElements on session 6e478f60247a41e29a4342741c3b2594 to remote] DEBUG org.asynchttpclient.netty.request.NettyRequestSender -- Using open Channel [id: 0x7b050763, L:/192.168.1.146:49736 - R:ondemand.us-west-1.saucelabs.com/66.85.52.224:443] for POST '/wd/hub/session/6e478f60247a41e29a4342741c3b2594/elements'
22:26:58.024 [AsyncHttpClient-1-2] DEBUG org.asynchttpclient.netty.handler.HttpHandler -- 

Request DefaultHttpRequest(decodeResult: success, version: HTTP/1.1)
POST /wd/hub/session/6e478f60247a41e29a4342741c3b2594/elements HTTP/1.1
User-Agent: selenium/4.9.0 (java windows)
traceparent: 00-c2d4b8e354f0e331cff24fa259c4e9c2-02cc002687066d62-01
Content-Length: 98
Content-Type: application/json; charset=utf-8
host: ondemand.us-west-1.saucelabs.com
authorization: Basic b2F1dGgtYXV0b2xhemFyZS01NThmYjpmOGQwYTRiNC1lMDU5LTRiMzktYTllYi0zNjY5NjViODg3YjE=
accept: */*

Response DefaultHttpResponse(decodeResult: success, version: HTTP/1.1)
HTTP/1.1 200 OK
content-length: 187
content-type: application/json;charset=UTF-8
date: Fri, 12 May 2023 02:26:58 GMT
server: monocle/0.42
x-request-id: bbc3d8a8-babc-432e-86e9-aa39e1b610bd

22:26:58.025 [AsyncHttpClient-1-2] DEBUG org.asynchttpclient.netty.channel.ChannelManager -- Adding key: https://ondemand.us-west-1.saucelabs.com:443 for channel [id: 0x7b050763, L:/192.168.1.146:49736 - R:ondemand.us-west-1.saucelabs.com/66.85.52.224:443]
22:26:58.033 [Forwarding switchToFrame on session 6e478f60247a41e29a4342741c3b2594 to remote] DEBUG org.asynchttpclient.netty.request.NettyRequestSender -- Using pooled Channel '[id: 0x7b050763, L:/192.168.1.146:49736 - R:ondemand.us-west-1.saucelabs.com/66.85.52.224:443]' for 'POST' to 'https://oauth-autolazare-558fb:f8d0a4b4-e059-4b39-a9eb-366965b887b1@ondemand.us-west-1.saucelabs.com:443/wd/hub/session/6e478f60247a41e29a4342741c3b2594/frame'
22:26:58.033 [Forwarding switchToFrame on session 6e478f60247a41e29a4342741c3b2594 to remote] DEBUG org.asynchttpclient.netty.request.NettyRequestSender -- Using open Channel [id: 0x7b050763, L:/192.168.1.146:49736 - R:ondemand.us-west-1.saucelabs.com/66.85.52.224:443] for POST '/wd/hub/session/6e478f60247a41e29a4342741c3b2594/frame'
22:26:58.195 [AsyncHttpClient-1-2] DEBUG org.asynchttpclient.netty.handler.HttpHandler -- 

Request DefaultHttpRequest(decodeResult: success, version: HTTP/1.1)
POST /wd/hub/session/6e478f60247a41e29a4342741c3b2594/frame HTTP/1.1
User-Agent: selenium/4.9.0 (java windows)
traceparent: 00-b185bc996a3c41ae41b87d3d57c15887-96364dbdfd08b342-01
Content-Length: 106
Content-Type: application/json; charset=utf-8
host: ondemand.us-west-1.saucelabs.com
authorization: Basic b2F1dGgtYXV0b2xhemFyZS01NThmYjpmOGQwYTRiNC1lMDU5LTRiMzktYTllYi0zNjY5NjViODg3YjE=
accept: */*

Response DefaultHttpResponse(decodeResult: success, version: HTTP/1.1)
HTTP/1.1 200 OK
content-length: 15
content-type: application/json;charset=UTF-8
date: Fri, 12 May 2023 02:26:58 GMT
server: monocle/0.42
x-request-id: dc4bd2ca-9f39-4148-9354-41135b681ea0

22:26:58.196 [AsyncHttpClient-1-2] DEBUG org.asynchttpclient.netty.channel.ChannelManager -- Adding key: https://ondemand.us-west-1.saucelabs.com:443 for channel [id: 0x7b050763, L:/192.168.1.146:49736 - R:ondemand.us-west-1.saucelabs.com/66.85.52.224:443]
22:26:58.218 [Forwarding executeScript on session 6e478f60247a41e29a4342741c3b2594 to remote] DEBUG org.asynchttpclient.netty.request.NettyRequestSender -- Using pooled Channel '[id: 0x7b050763, L:/192.168.1.146:49736 - R:ondemand.us-west-1.saucelabs.com/66.85.52.224:443]' for 'POST' to 'https://oauth-autolazare-558fb:f8d0a4b4-e059-4b39-a9eb-366965b887b1@ondemand.us-west-1.saucelabs.com:443/wd/hub/session/6e478f60247a41e29a4342741c3b2594/execute/sync'
22:26:58.218 [Forwarding executeScript on session 6e478f60247a41e29a4342741c3b2594 to remote] DEBUG org.asynchttpclient.netty.request.NettyRequestSender -- Using open Channel [id: 0x7b050763, L:/192.168.1.146:49736 - R:ondemand.us-west-1.saucelabs.com/66.85.52.224:443] for POST '/wd/hub/session/6e478f60247a41e29a4342741c3b2594/execute/sync'
22:26:58.752 [AsyncHttpClient-1-2] DEBUG org.asynchttpclient.netty.handler.HttpHandler -- 

Request DefaultHttpRequest(decodeResult: success, version: HTTP/1.1)
POST /wd/hub/session/6e478f60247a41e29a4342741c3b2594/execute/sync HTTP/1.1
User-Agent: selenium/4.9.0 (java windows)
traceparent: 00-845e1a35d13636ad88db25304b81fd71-bde2835dcf6cda2c-01
Content-Length: 323605
Content-Type: application/json; charset=utf-8
host: ondemand.us-west-1.saucelabs.com
authorization: Basic b2F1dGgtYXV0b2xhemFyZS01NThmYjpmOGQwYTRiNC1lMDU5LTRiMzktYTllYi0zNjY5NjViODg3YjE=
accept: */*

Response DefaultHttpResponse(decodeResult: success, version: HTTP/1.1)
HTTP/1.1 200 OK
content-length: 15
content-type: application/json;charset=UTF-8
date: Fri, 12 May 2023 02:26:58 GMT
server: monocle/0.42
x-request-id: c9d54144-a688-4e66-8581-4e0a29d142c4

22:26:58.752 [AsyncHttpClient-1-2] DEBUG org.asynchttpclient.netty.channel.ChannelManager -- Adding key: https://ondemand.us-west-1.saucelabs.com:443 for channel [id: 0x7b050763, L:/192.168.1.146:49736 - R:ondemand.us-west-1.saucelabs.com/66.85.52.224:443]
22:26:58.773 [Forwarding findElements on session 6e478f60247a41e29a4342741c3b2594 to remote] DEBUG org.asynchttpclient.netty.request.NettyRequestSender -- Using pooled Channel '[id: 0x7b050763, L:/192.168.1.146:49736 - R:ondemand.us-west-1.saucelabs.com/66.85.52.224:443]' for 'POST' to 'https://oauth-autolazare-558fb:f8d0a4b4-e059-4b39-a9eb-366965b887b1@ondemand.us-west-1.saucelabs.com:443/wd/hub/session/6e478f60247a41e29a4342741c3b2594/elements'
22:26:58.773 [Forwarding findElements on session 6e478f60247a41e29a4342741c3b2594 to remote] DEBUG org.asynchttpclient.netty.request.NettyRequestSender -- Using open Channel [id: 0x7b050763, L:/192.168.1.146:49736 - R:ondemand.us-west-1.saucelabs.com/66.85.52.224:443] for POST '/wd/hub/session/6e478f60247a41e29a4342741c3b2594/elements'
22:26:58.916 [AsyncHttpClient-1-2] DEBUG org.asynchttpclient.netty.handler.HttpHandler -- 

Request DefaultHttpRequest(decodeResult: success, version: HTTP/1.1)
POST /wd/hub/session/6e478f60247a41e29a4342741c3b2594/elements HTTP/1.1
User-Agent: selenium/4.9.0 (java windows)
traceparent: 00-7f1b1ae78b4a9a6eaf6bb42ee6ecd0e4-c906f76b56969da4-01
Content-Length: 98
Content-Type: application/json; charset=utf-8
host: ondemand.us-west-1.saucelabs.com
authorization: Basic b2F1dGgtYXV0b2xhemFyZS01NThmYjpmOGQwYTRiNC1lMDU5LTRiMzktYTllYi0zNjY5NjViODg3YjE=
accept: */*

Response DefaultHttpResponse(decodeResult: success, version: HTTP/1.1)
HTTP/1.1 200 OK
content-length: 13
content-type: application/json;charset=UTF-8
date: Fri, 12 May 2023 02:26:58 GMT
server: monocle/0.42
x-request-id: 79cc600c-f288-480d-a21e-c7cc3f4c27a6

22:26:58.916 [AsyncHttpClient-1-2] DEBUG org.asynchttpclient.netty.channel.ChannelManager -- Adding key: https://ondemand.us-west-1.saucelabs.com:443 for channel [id: 0x7b050763, L:/192.168.1.146:49736 - R:ondemand.us-west-1.saucelabs.com/66.85.52.224:443]
22:26:58.919 [Forwarding switchToParentFrame on session 6e478f60247a41e29a4342741c3b2594 to remote] DEBUG org.asynchttpclient.netty.request.NettyRequestSender -- Using pooled Channel '[id: 0x7b050763, L:/192.168.1.146:49736 - R:ondemand.us-west-1.saucelabs.com/66.85.52.224:443]' for 'POST' to 'https://oauth-autolazare-558fb:f8d0a4b4-e059-4b39-a9eb-366965b887b1@ondemand.us-west-1.saucelabs.com:443/wd/hub/session/6e478f60247a41e29a4342741c3b2594/frame/parent'
22:26:58.919 [Forwarding switchToParentFrame on session 6e478f60247a41e29a4342741c3b2594 to remote] DEBUG org.asynchttpclient.netty.request.NettyRequestSender -- Using open Channel [id: 0x7b050763, L:/192.168.1.146:49736 - R:ondemand.us-west-1.saucelabs.com/66.85.52.224:443] for POST '/wd/hub/session/6e478f60247a41e29a4342741c3b2594/frame/parent'
22:26:59.043 [AsyncHttpClient-1-2] DEBUG org.asynchttpclient.netty.handler.HttpHandler -- 

Request DefaultHttpRequest(decodeResult: success, version: HTTP/1.1)
POST /wd/hub/session/6e478f60247a41e29a4342741c3b2594/frame/parent HTTP/1.1
User-Agent: selenium/4.9.0 (java windows)
traceparent: 00-af67d9d71f3bc51875ad2f76d9ca699c-a74677fef7fa8864-01
Content-Length: 3
Content-Type: application/json; charset=utf-8
host: ondemand.us-west-1.saucelabs.com
authorization: Basic b2F1dGgtYXV0b2xhemFyZS01NThmYjpmOGQwYTRiNC1lMDU5LTRiMzktYTllYi0zNjY5NjViODg3YjE=
accept: */*

Response DefaultHttpResponse(decodeResult: success, version: HTTP/1.1)
HTTP/1.1 200 OK
content-length: 15
content-type: application/json;charset=UTF-8
date: Fri, 12 May 2023 02:26:59 GMT
server: monocle/0.42
x-request-id: f79a6b28-67a1-46f7-b465-0249acec2add

22:26:59.043 [AsyncHttpClient-1-2] DEBUG org.asynchttpclient.netty.channel.ChannelManager -- Adding key: https://ondemand.us-west-1.saucelabs.com:443 for channel [id: 0x7b050763, L:/192.168.1.146:49736 - R:ondemand.us-west-1.saucelabs.com/66.85.52.224:443]
22:26:59.048 [Forwarding switchToFrame on session 6e478f60247a41e29a4342741c3b2594 to remote] DEBUG org.asynchttpclient.netty.request.NettyRequestSender -- Using pooled Channel '[id: 0x7b050763, L:/192.168.1.146:49736 - R:ondemand.us-west-1.saucelabs.com/66.85.52.224:443]' for 'POST' to 'https://oauth-autolazare-558fb:f8d0a4b4-e059-4b39-a9eb-366965b887b1@ondemand.us-west-1.saucelabs.com:443/wd/hub/session/6e478f60247a41e29a4342741c3b2594/frame'
22:26:59.048 [Forwarding switchToFrame on session 6e478f60247a41e29a4342741c3b2594 to remote] DEBUG org.asynchttpclient.netty.request.NettyRequestSender -- Using open Channel [id: 0x7b050763, L:/192.168.1.146:49736 - R:ondemand.us-west-1.saucelabs.com/66.85.52.224:443] for POST '/wd/hub/session/6e478f60247a41e29a4342741c3b2594/frame'
22:26:59.193 [AsyncHttpClient-1-2] DEBUG org.asynchttpclient.netty.handler.HttpHandler -- 

Request DefaultHttpRequest(decodeResult: success, version: HTTP/1.1)
POST /wd/hub/session/6e478f60247a41e29a4342741c3b2594/frame HTTP/1.1
User-Agent: selenium/4.9.0 (java windows)
traceparent: 00-6a16bada57d32feb2f6d3ef641579cd3-f1cec5ef7128ff9d-01
Content-Length: 106
Content-Type: application/json; charset=utf-8
host: ondemand.us-west-1.saucelabs.com
authorization: Basic b2F1dGgtYXV0b2xhemFyZS01NThmYjpmOGQwYTRiNC1lMDU5LTRiMzktYTllYi0zNjY5NjViODg3YjE=
accept: */*

Response DefaultHttpResponse(decodeResult: success, version: HTTP/1.1)
HTTP/1.1 200 OK
content-length: 15
content-type: application/json;charset=UTF-8
date: Fri, 12 May 2023 02:26:59 GMT
server: monocle/0.42
x-request-id: 404cbc81-422d-448b-acc9-00e8f828b5da

22:26:59.193 [AsyncHttpClient-1-2] DEBUG org.asynchttpclient.netty.channel.ChannelManager -- Adding key: https://ondemand.us-west-1.saucelabs.com:443 for channel [id: 0x7b050763, L:/192.168.1.146:49736 - R:ondemand.us-west-1.saucelabs.com/66.85.52.224:443]
22:26:59.206 [Forwarding executeScript on session 6e478f60247a41e29a4342741c3b2594 to remote] DEBUG org.asynchttpclient.netty.request.NettyRequestSender -- Using pooled Channel '[id: 0x7b050763, L:/192.168.1.146:49736 - R:ondemand.us-west-1.saucelabs.com/66.85.52.224:443]' for 'POST' to 'https://oauth-autolazare-558fb:f8d0a4b4-e059-4b39-a9eb-366965b887b1@ondemand.us-west-1.saucelabs.com:443/wd/hub/session/6e478f60247a41e29a4342741c3b2594/execute/sync'
22:26:59.206 [Forwarding executeScript on session 6e478f60247a41e29a4342741c3b2594 to remote] DEBUG org.asynchttpclient.netty.request.NettyRequestSender -- Using open Channel [id: 0x7b050763, L:/192.168.1.146:49736 - R:ondemand.us-west-1.saucelabs.com/66.85.52.224:443] for POST '/wd/hub/session/6e478f60247a41e29a4342741c3b2594/execute/sync'
22:26:59.701 [AsyncHttpClient-1-2] DEBUG org.asynchttpclient.netty.handler.HttpHandler -- 

Request DefaultHttpRequest(decodeResult: success, version: HTTP/1.1)
POST /wd/hub/session/6e478f60247a41e29a4342741c3b2594/execute/sync HTTP/1.1
User-Agent: selenium/4.9.0 (java windows)
traceparent: 00-22a929fc5a97f131b694f485e7f60406-5ed8bdf410ba8aa5-01
Content-Length: 323605
Content-Type: application/json; charset=utf-8
host: ondemand.us-west-1.saucelabs.com
authorization: Basic b2F1dGgtYXV0b2xhemFyZS01NThmYjpmOGQwYTRiNC1lMDU5LTRiMzktYTllYi0zNjY5NjViODg3YjE=
accept: */*

Response DefaultHttpResponse(decodeResult: success, version: HTTP/1.1)
HTTP/1.1 200 OK
content-length: 15
content-type: application/json;charset=UTF-8
date: Fri, 12 May 2023 02:26:59 GMT
server: monocle/0.42
x-request-id: e7cfcc8c-5ed0-47bc-a060-73e1815f8081

22:26:59.701 [AsyncHttpClient-1-2] DEBUG org.asynchttpclient.netty.channel.ChannelManager -- Adding key: https://ondemand.us-west-1.saucelabs.com:443 for channel [id: 0x7b050763, L:/192.168.1.146:49736 - R:ondemand.us-west-1.saucelabs.com/66.85.52.224:443]
22:26:59.713 [Forwarding findElements on session 6e478f60247a41e29a4342741c3b2594 to remote] DEBUG org.asynchttpclient.netty.request.NettyRequestSender -- Using pooled Channel '[id: 0x7b050763, L:/192.168.1.146:49736 - R:ondemand.us-west-1.saucelabs.com/66.85.52.224:443]' for 'POST' to 'https://oauth-autolazare-558fb:f8d0a4b4-e059-4b39-a9eb-366965b887b1@ondemand.us-west-1.saucelabs.com:443/wd/hub/session/6e478f60247a41e29a4342741c3b2594/elements'
22:26:59.713 [Forwarding findElements on session 6e478f60247a41e29a4342741c3b2594 to remote] DEBUG org.asynchttpclient.netty.request.NettyRequestSender -- Using open Channel [id: 0x7b050763, L:/192.168.1.146:49736 - R:ondemand.us-west-1.saucelabs.com/66.85.52.224:443] for POST '/wd/hub/session/6e478f60247a41e29a4342741c3b2594/elements'
22:26:59.888 [AsyncHttpClient-1-2] DEBUG org.asynchttpclient.netty.handler.HttpHandler -- 

Request DefaultHttpRequest(decodeResult: success, version: HTTP/1.1)
POST /wd/hub/session/6e478f60247a41e29a4342741c3b2594/elements HTTP/1.1
User-Agent: selenium/4.9.0 (java windows)
traceparent: 00-d2325a0cae2af129135f65dd114dc680-979d6e6be27fe173-01
Content-Length: 98
Content-Type: application/json; charset=utf-8
host: ondemand.us-west-1.saucelabs.com
authorization: Basic b2F1dGgtYXV0b2xhemFyZS01NThmYjpmOGQwYTRiNC1lMDU5LTRiMzktYTllYi0zNjY5NjViODg3YjE=
accept: */*

Response DefaultHttpResponse(decodeResult: success, version: HTTP/1.1)
HTTP/1.1 200 OK
content-length: 13
content-type: application/json;charset=UTF-8
date: Fri, 12 May 2023 02:26:59 GMT
server: monocle/0.42
x-request-id: d434e383-04ad-41e9-9443-4626aa352ca5

22:26:59.888 [AsyncHttpClient-1-2] DEBUG org.asynchttpclient.netty.channel.ChannelManager -- Adding key: https://ondemand.us-west-1.saucelabs.com:443 for channel [id: 0x7b050763, L:/192.168.1.146:49736 - R:ondemand.us-west-1.saucelabs.com/66.85.52.224:443]
22:26:59.894 [Forwarding switchToParentFrame on session 6e478f60247a41e29a4342741c3b2594 to remote] DEBUG org.asynchttpclient.netty.request.NettyRequestSender -- Using pooled Channel '[id: 0x7b050763, L:/192.168.1.146:49736 - R:ondemand.us-west-1.saucelabs.com/66.85.52.224:443]' for 'POST' to 'https://oauth-autolazare-558fb:f8d0a4b4-e059-4b39-a9eb-366965b887b1@ondemand.us-west-1.saucelabs.com:443/wd/hub/session/6e478f60247a41e29a4342741c3b2594/frame/parent'
22:26:59.896 [Forwarding switchToParentFrame on session 6e478f60247a41e29a4342741c3b2594 to remote] DEBUG org.asynchttpclient.netty.request.NettyRequestSender -- Using open Channel [id: 0x7b050763, L:/192.168.1.146:49736 - R:ondemand.us-west-1.saucelabs.com/66.85.52.224:443] for POST '/wd/hub/session/6e478f60247a41e29a4342741c3b2594/frame/parent'
22:27:00.025 [AsyncHttpClient-1-2] DEBUG org.asynchttpclient.netty.handler.HttpHandler -- 

Request DefaultHttpRequest(decodeResult: success, version: HTTP/1.1)
POST /wd/hub/session/6e478f60247a41e29a4342741c3b2594/frame/parent HTTP/1.1
User-Agent: selenium/4.9.0 (java windows)
traceparent: 00-dce6e2ed6000ba2eb979352a827ae31a-2d9a86a300c5dd6d-01
Content-Length: 3
Content-Type: application/json; charset=utf-8
host: ondemand.us-west-1.saucelabs.com
authorization: Basic b2F1dGgtYXV0b2xhemFyZS01NThmYjpmOGQwYTRiNC1lMDU5LTRiMzktYTllYi0zNjY5NjViODg3YjE=
accept: */*

Response DefaultHttpResponse(decodeResult: success, version: HTTP/1.1)
HTTP/1.1 200 OK
content-length: 15
content-type: application/json;charset=UTF-8
date: Fri, 12 May 2023 02:27:00 GMT
server: monocle/0.42
x-request-id: bdfc026e-9047-4098-acee-94e6c87a453f

22:27:00.025 [AsyncHttpClient-1-2] DEBUG org.asynchttpclient.netty.channel.ChannelManager -- Adding key: https://ondemand.us-west-1.saucelabs.com:443 for channel [id: 0x7b050763, L:/192.168.1.146:49736 - R:ondemand.us-west-1.saucelabs.com/66.85.52.224:443]
22:27:00.025 [Forwarding switchToParentFrame on session 6e478f60247a41e29a4342741c3b2594 to remote] DEBUG org.asynchttpclient.netty.request.NettyRequestSender -- Using pooled Channel '[id: 0x7b050763, L:/192.168.1.146:49736 - R:ondemand.us-west-1.saucelabs.com/66.85.52.224:443]' for 'POST' to 'https://oauth-autolazare-558fb:f8d0a4b4-e059-4b39-a9eb-366965b887b1@ondemand.us-west-1.saucelabs.com:443/wd/hub/session/6e478f60247a41e29a4342741c3b2594/frame/parent'
22:27:00.025 [Forwarding switchToParentFrame on session 6e478f60247a41e29a4342741c3b2594 to remote] DEBUG org.asynchttpclient.netty.request.NettyRequestSender -- Using open Channel [id: 0x7b050763, L:/192.168.1.146:49736 - R:ondemand.us-west-1.saucelabs.com/66.85.52.224:443] for POST '/wd/hub/session/6e478f60247a41e29a4342741c3b2594/frame/parent'
22:27:00.157 [AsyncHttpClient-1-2] DEBUG org.asynchttpclient.netty.handler.HttpHandler -- 

Request DefaultHttpRequest(decodeResult: success, version: HTTP/1.1)
POST /wd/hub/session/6e478f60247a41e29a4342741c3b2594/frame/parent HTTP/1.1
User-Agent: selenium/4.9.0 (java windows)
traceparent: 00-b3e8770f38b63bade38e5c7b8d99da43-7d9a52e81f52099f-01
Content-Length: 3
Content-Type: application/json; charset=utf-8
host: ondemand.us-west-1.saucelabs.com
authorization: Basic b2F1dGgtYXV0b2xhemFyZS01NThmYjpmOGQwYTRiNC1lMDU5LTRiMzktYTllYi0zNjY5NjViODg3YjE=
accept: */*

Response DefaultHttpResponse(decodeResult: success, version: HTTP/1.1)
HTTP/1.1 200 OK
content-length: 15
content-type: application/json;charset=UTF-8
date: Fri, 12 May 2023 02:27:00 GMT
server: monocle/0.42
x-request-id: 6e1b34e8-354c-4d10-88a1-e69cbfe58e6e

22:27:00.157 [AsyncHttpClient-1-2] DEBUG org.asynchttpclient.netty.channel.ChannelManager -- Adding key: https://ondemand.us-west-1.saucelabs.com:443 for channel [id: 0x7b050763, L:/192.168.1.146:49736 - R:ondemand.us-west-1.saucelabs.com/66.85.52.224:443]
22:27:00.159 [Forwarding switchToFrame on session 6e478f60247a41e29a4342741c3b2594 to remote] DEBUG org.asynchttpclient.netty.request.NettyRequestSender -- Using pooled Channel '[id: 0x7b050763, L:/192.168.1.146:49736 - R:ondemand.us-west-1.saucelabs.com/66.85.52.224:443]' for 'POST' to 'https://oauth-autolazare-558fb:f8d0a4b4-e059-4b39-a9eb-366965b887b1@ondemand.us-west-1.saucelabs.com:443/wd/hub/session/6e478f60247a41e29a4342741c3b2594/frame'
22:27:00.159 [Forwarding switchToFrame on session 6e478f60247a41e29a4342741c3b2594 to remote] DEBUG org.asynchttpclient.netty.request.NettyRequestSender -- Using open Channel [id: 0x7b050763, L:/192.168.1.146:49736 - R:ondemand.us-west-1.saucelabs.com/66.85.52.224:443] for POST '/wd/hub/session/6e478f60247a41e29a4342741c3b2594/frame'
22:27:00.326 [AsyncHttpClient-1-2] DEBUG org.asynchttpclient.netty.handler.HttpHandler -- 

Request DefaultHttpRequest(decodeResult: success, version: HTTP/1.1)
POST /wd/hub/session/6e478f60247a41e29a4342741c3b2594/frame HTTP/1.1
User-Agent: selenium/4.9.0 (java windows)
traceparent: 00-223ef0c415978609319e0d5889007d99-caf1beab02e9ec99-01
Content-Length: 106
Content-Type: application/json; charset=utf-8
host: ondemand.us-west-1.saucelabs.com
authorization: Basic b2F1dGgtYXV0b2xhemFyZS01NThmYjpmOGQwYTRiNC1lMDU5LTRiMzktYTllYi0zNjY5NjViODg3YjE=
accept: */*

Response DefaultHttpResponse(decodeResult: success, version: HTTP/1.1)
HTTP/1.1 200 OK
content-length: 15
content-type: application/json;charset=UTF-8
date: Fri, 12 May 2023 02:27:00 GMT
server: monocle/0.42
x-request-id: 2aa8a302-250d-4c5c-b975-1f6e324a5bd1

22:27:00.327 [AsyncHttpClient-1-2] DEBUG org.asynchttpclient.netty.channel.ChannelManager -- Adding key: https://ondemand.us-west-1.saucelabs.com:443 for channel [id: 0x7b050763, L:/192.168.1.146:49736 - R:ondemand.us-west-1.saucelabs.com/66.85.52.224:443]
22:27:00.342 [Forwarding executeScript on session 6e478f60247a41e29a4342741c3b2594 to remote] DEBUG org.asynchttpclient.netty.request.NettyRequestSender -- Using pooled Channel '[id: 0x7b050763, L:/192.168.1.146:49736 - R:ondemand.us-west-1.saucelabs.com/66.85.52.224:443]' for 'POST' to 'https://oauth-autolazare-558fb:f8d0a4b4-e059-4b39-a9eb-366965b887b1@ondemand.us-west-1.saucelabs.com:443/wd/hub/session/6e478f60247a41e29a4342741c3b2594/execute/sync'
22:27:00.342 [Forwarding executeScript on session 6e478f60247a41e29a4342741c3b2594 to remote] DEBUG org.asynchttpclient.netty.request.NettyRequestSender -- Using open Channel [id: 0x7b050763, L:/192.168.1.146:49736 - R:ondemand.us-west-1.saucelabs.com/66.85.52.224:443] for POST '/wd/hub/session/6e478f60247a41e29a4342741c3b2594/execute/sync'
22:27:00.854 [AsyncHttpClient-1-2] DEBUG org.asynchttpclient.netty.handler.HttpHandler -- 

Request DefaultHttpRequest(decodeResult: success, version: HTTP/1.1)
POST /wd/hub/session/6e478f60247a41e29a4342741c3b2594/execute/sync HTTP/1.1
User-Agent: selenium/4.9.0 (java windows)
traceparent: 00-715e9bd0103b42be302702865fc44c24-9d562c3c4711fc52-01
Content-Length: 323605
Content-Type: application/json; charset=utf-8
host: ondemand.us-west-1.saucelabs.com
authorization: Basic b2F1dGgtYXV0b2xhemFyZS01NThmYjpmOGQwYTRiNC1lMDU5LTRiMzktYTllYi0zNjY5NjViODg3YjE=
accept: */*

Response DefaultHttpResponse(decodeResult: success, version: HTTP/1.1)
HTTP/1.1 200 OK
content-length: 15
content-type: application/json;charset=UTF-8
date: Fri, 12 May 2023 02:27:00 GMT
server: monocle/0.42
x-request-id: 643d1983-2c5f-4b3e-894a-75d04319f6ec

22:27:00.855 [AsyncHttpClient-1-2] DEBUG org.asynchttpclient.netty.channel.ChannelManager -- Adding key: https://ondemand.us-west-1.saucelabs.com:443 for channel [id: 0x7b050763, L:/192.168.1.146:49736 - R:ondemand.us-west-1.saucelabs.com/66.85.52.224:443]
22:27:00.879 [Forwarding findElements on session 6e478f60247a41e29a4342741c3b2594 to remote] DEBUG org.asynchttpclient.netty.request.NettyRequestSender -- Using pooled Channel '[id: 0x7b050763, L:/192.168.1.146:49736 - R:ondemand.us-west-1.saucelabs.com/66.85.52.224:443]' for 'POST' to 'https://oauth-autolazare-558fb:f8d0a4b4-e059-4b39-a9eb-366965b887b1@ondemand.us-west-1.saucelabs.com:443/wd/hub/session/6e478f60247a41e29a4342741c3b2594/elements'
22:27:00.879 [Forwarding findElements on session 6e478f60247a41e29a4342741c3b2594 to remote] DEBUG org.asynchttpclient.netty.request.NettyRequestSender -- Using open Channel [id: 0x7b050763, L:/192.168.1.146:49736 - R:ondemand.us-west-1.saucelabs.com/66.85.52.224:443] for POST '/wd/hub/session/6e478f60247a41e29a4342741c3b2594/elements'
22:27:01.027 [AsyncHttpClient-1-2] DEBUG org.asynchttpclient.netty.handler.HttpHandler -- 

Request DefaultHttpRequest(decodeResult: success, version: HTTP/1.1)
POST /wd/hub/session/6e478f60247a41e29a4342741c3b2594/elements HTTP/1.1
User-Agent: selenium/4.9.0 (java windows)
traceparent: 00-5372d8be48f1150712469d58b9280285-49d13190c58169ba-01
Content-Length: 98
Content-Type: application/json; charset=utf-8
host: ondemand.us-west-1.saucelabs.com
authorization: Basic b2F1dGgtYXV0b2xhemFyZS01NThmYjpmOGQwYTRiNC1lMDU5LTRiMzktYTllYi0zNjY5NjViODg3YjE=
accept: */*

Response DefaultHttpResponse(decodeResult: success, version: HTTP/1.1)
HTTP/1.1 200 OK
content-length: 98
content-type: application/json;charset=UTF-8
date: Fri, 12 May 2023 02:27:01 GMT
server: monocle/0.42
x-request-id: 2c2e728e-f607-476b-ab22-899ac3cc8bf6

22:27:01.028 [AsyncHttpClient-1-2] DEBUG org.asynchttpclient.netty.channel.ChannelManager -- Adding key: https://ondemand.us-west-1.saucelabs.com:443 for channel [id: 0x7b050763, L:/192.168.1.146:49736 - R:ondemand.us-west-1.saucelabs.com/66.85.52.224:443]
22:27:01.028 [Forwarding switchToFrame on session 6e478f60247a41e29a4342741c3b2594 to remote] DEBUG org.asynchttpclient.netty.request.NettyRequestSender -- Using pooled Channel '[id: 0x7b050763, L:/192.168.1.146:49736 - R:ondemand.us-west-1.saucelabs.com/66.85.52.224:443]' for 'POST' to 'https://oauth-autolazare-558fb:f8d0a4b4-e059-4b39-a9eb-366965b887b1@ondemand.us-west-1.saucelabs.com:443/wd/hub/session/6e478f60247a41e29a4342741c3b2594/frame'
22:27:01.028 [Forwarding switchToFrame on session 6e478f60247a41e29a4342741c3b2594 to remote] DEBUG org.asynchttpclient.netty.request.NettyRequestSender -- Using open Channel [id: 0x7b050763, L:/192.168.1.146:49736 - R:ondemand.us-west-1.saucelabs.com/66.85.52.224:443] for POST '/wd/hub/session/6e478f60247a41e29a4342741c3b2594/frame'
22:27:01.200 [AsyncHttpClient-1-2] DEBUG org.asynchttpclient.netty.handler.HttpHandler -- 

Request DefaultHttpRequest(decodeResult: success, version: HTTP/1.1)
POST /wd/hub/session/6e478f60247a41e29a4342741c3b2594/frame HTTP/1.1
User-Agent: selenium/4.9.0 (java windows)
traceparent: 00-8153c6f7a742d972c519c553b4d026cc-24f595ce539d97bc-01
Content-Length: 105
Content-Type: application/json; charset=utf-8
host: ondemand.us-west-1.saucelabs.com
authorization: Basic b2F1dGgtYXV0b2xhemFyZS01NThmYjpmOGQwYTRiNC1lMDU5LTRiMzktYTllYi0zNjY5NjViODg3YjE=
accept: */*

Response DefaultHttpResponse(decodeResult: success, version: HTTP/1.1)
HTTP/1.1 200 OK
content-length: 15
content-type: application/json;charset=UTF-8
date: Fri, 12 May 2023 02:27:01 GMT
server: monocle/0.42
x-request-id: 02b4a53a-d70f-43af-93dd-50f97541a913

22:27:01.201 [AsyncHttpClient-1-2] DEBUG org.asynchttpclient.netty.channel.ChannelManager -- Adding key: https://ondemand.us-west-1.saucelabs.com:443 for channel [id: 0x7b050763, L:/192.168.1.146:49736 - R:ondemand.us-west-1.saucelabs.com/66.85.52.224:443]
22:27:01.212 [Forwarding executeScript on session 6e478f60247a41e29a4342741c3b2594 to remote] DEBUG org.asynchttpclient.netty.request.NettyRequestSender -- Using pooled Channel '[id: 0x7b050763, L:/192.168.1.146:49736 - R:ondemand.us-west-1.saucelabs.com/66.85.52.224:443]' for 'POST' to 'https://oauth-autolazare-558fb:f8d0a4b4-e059-4b39-a9eb-366965b887b1@ondemand.us-west-1.saucelabs.com:443/wd/hub/session/6e478f60247a41e29a4342741c3b2594/execute/sync'
22:27:01.215 [Forwarding executeScript on session 6e478f60247a41e29a4342741c3b2594 to remote] DEBUG org.asynchttpclient.netty.request.NettyRequestSender -- Using open Channel [id: 0x7b050763, L:/192.168.1.146:49736 - R:ondemand.us-west-1.saucelabs.com/66.85.52.224:443] for POST '/wd/hub/session/6e478f60247a41e29a4342741c3b2594/execute/sync'
22:27:02.710 [AsyncHttpClient-1-2] DEBUG org.asynchttpclient.netty.handler.HttpHandler -- 

Request DefaultHttpRequest(decodeResult: success, version: HTTP/1.1)
POST /wd/hub/session/6e478f60247a41e29a4342741c3b2594/execute/sync HTTP/1.1
User-Agent: selenium/4.9.0 (java windows)
traceparent: 00-bcf02409ecbdc51f22fe6e07cad63f0b-c95e05a6b896e6fb-01
Content-Length: 323605
Content-Type: application/json; charset=utf-8
host: ondemand.us-west-1.saucelabs.com
authorization: Basic b2F1dGgtYXV0b2xhemFyZS01NThmYjpmOGQwYTRiNC1lMDU5LTRiMzktYTllYi0zNjY5NjViODg3YjE=
accept: */*

Response DefaultHttpResponse(decodeResult: success, version: HTTP/1.1)
HTTP/1.1 200 OK
content-length: 15
content-type: application/json;charset=UTF-8
date: Fri, 12 May 2023 02:27:01 GMT
server: monocle/0.42
x-request-id: 8847c30a-f896-4867-9bd8-f82dc2247c07

22:27:02.710 [AsyncHttpClient-1-2] DEBUG org.asynchttpclient.netty.channel.ChannelManager -- Adding key: https://ondemand.us-west-1.saucelabs.com:443 for channel [id: 0x7b050763, L:/192.168.1.146:49736 - R:ondemand.us-west-1.saucelabs.com/66.85.52.224:443]
22:27:02.717 [Forwarding findElements on session 6e478f60247a41e29a4342741c3b2594 to remote] DEBUG org.asynchttpclient.netty.request.NettyRequestSender -- Using pooled Channel '[id: 0x7b050763, L:/192.168.1.146:49736 - R:ondemand.us-west-1.saucelabs.com/66.85.52.224:443]' for 'POST' to 'https://oauth-autolazare-558fb:f8d0a4b4-e059-4b39-a9eb-366965b887b1@ondemand.us-west-1.saucelabs.com:443/wd/hub/session/6e478f60247a41e29a4342741c3b2594/elements'
22:27:02.717 [Forwarding findElements on session 6e478f60247a41e29a4342741c3b2594 to remote] DEBUG org.asynchttpclient.netty.request.NettyRequestSender -- Using open Channel [id: 0x7b050763, L:/192.168.1.146:49736 - R:ondemand.us-west-1.saucelabs.com/66.85.52.224:443] for POST '/wd/hub/session/6e478f60247a41e29a4342741c3b2594/elements'
22:27:02.862 [AsyncHttpClient-1-2] DEBUG org.asynchttpclient.netty.handler.HttpHandler -- 

Request DefaultHttpRequest(decodeResult: success, version: HTTP/1.1)
POST /wd/hub/session/6e478f60247a41e29a4342741c3b2594/elements HTTP/1.1
User-Agent: selenium/4.9.0 (java windows)
traceparent: 00-e159ba146f63677b57d17ea1b1729b7e-fda85343d3286970-01
Content-Length: 98
Content-Type: application/json; charset=utf-8
host: ondemand.us-west-1.saucelabs.com
authorization: Basic b2F1dGgtYXV0b2xhemFyZS01NThmYjpmOGQwYTRiNC1lMDU5LTRiMzktYTllYi0zNjY5NjViODg3YjE=
accept: */*

Response DefaultHttpResponse(decodeResult: success, version: HTTP/1.1)
HTTP/1.1 200 OK
content-length: 13
content-type: application/json;charset=UTF-8
date: Fri, 12 May 2023 02:27:02 GMT
server: monocle/0.42
x-request-id: 980020f4-d819-4c0b-a891-ac9b0027b34f

22:27:02.862 [AsyncHttpClient-1-2] DEBUG org.asynchttpclient.netty.channel.ChannelManager -- Adding key: https://ondemand.us-west-1.saucelabs.com:443 for channel [id: 0x7b050763, L:/192.168.1.146:49736 - R:ondemand.us-west-1.saucelabs.com/66.85.52.224:443]
22:27:02.863 [Forwarding switchToParentFrame on session 6e478f60247a41e29a4342741c3b2594 to remote] DEBUG org.asynchttpclient.netty.request.NettyRequestSender -- Using pooled Channel '[id: 0x7b050763, L:/192.168.1.146:49736 - R:ondemand.us-west-1.saucelabs.com/66.85.52.224:443]' for 'POST' to 'https://oauth-autolazare-558fb:f8d0a4b4-e059-4b39-a9eb-366965b887b1@ondemand.us-west-1.saucelabs.com:443/wd/hub/session/6e478f60247a41e29a4342741c3b2594/frame/parent'
22:27:02.863 [Forwarding switchToParentFrame on session 6e478f60247a41e29a4342741c3b2594 to remote] DEBUG org.asynchttpclient.netty.request.NettyRequestSender -- Using open Channel [id: 0x7b050763, L:/192.168.1.146:49736 - R:ondemand.us-west-1.saucelabs.com/66.85.52.224:443] for POST '/wd/hub/session/6e478f60247a41e29a4342741c3b2594/frame/parent'
22:27:03.003 [AsyncHttpClient-1-2] DEBUG org.asynchttpclient.netty.handler.HttpHandler -- 

Request DefaultHttpRequest(decodeResult: success, version: HTTP/1.1)
POST /wd/hub/session/6e478f60247a41e29a4342741c3b2594/frame/parent HTTP/1.1
User-Agent: selenium/4.9.0 (java windows)
traceparent: 00-d1d65299d2c8cb7bf20ba80350ab99f7-634531719ca2eaca-01
Content-Length: 3
Content-Type: application/json; charset=utf-8
host: ondemand.us-west-1.saucelabs.com
authorization: Basic b2F1dGgtYXV0b2xhemFyZS01NThmYjpmOGQwYTRiNC1lMDU5LTRiMzktYTllYi0zNjY5NjViODg3YjE=
accept: */*

Response DefaultHttpResponse(decodeResult: success, version: HTTP/1.1)
HTTP/1.1 200 OK
content-length: 15
content-type: application/json;charset=UTF-8
date: Fri, 12 May 2023 02:27:03 GMT
server: monocle/0.42
x-request-id: 9cb157c1-24de-440b-8a20-f022446a9272

22:27:03.005 [AsyncHttpClient-1-2] DEBUG org.asynchttpclient.netty.channel.ChannelManager -- Adding key: https://ondemand.us-west-1.saucelabs.com:443 for channel [id: 0x7b050763, L:/192.168.1.146:49736 - R:ondemand.us-west-1.saucelabs.com/66.85.52.224:443]
22:27:03.006 [Forwarding switchToParentFrame on session 6e478f60247a41e29a4342741c3b2594 to remote] DEBUG org.asynchttpclient.netty.request.NettyRequestSender -- Using pooled Channel '[id: 0x7b050763, L:/192.168.1.146:49736 - R:ondemand.us-west-1.saucelabs.com/66.85.52.224:443]' for 'POST' to 'https://oauth-autolazare-558fb:f8d0a4b4-e059-4b39-a9eb-366965b887b1@ondemand.us-west-1.saucelabs.com:443/wd/hub/session/6e478f60247a41e29a4342741c3b2594/frame/parent'
22:27:03.008 [Forwarding switchToParentFrame on session 6e478f60247a41e29a4342741c3b2594 to remote] DEBUG org.asynchttpclient.netty.request.NettyRequestSender -- Using open Channel [id: 0x7b050763, L:/192.168.1.146:49736 - R:ondemand.us-west-1.saucelabs.com/66.85.52.224:443] for POST '/wd/hub/session/6e478f60247a41e29a4342741c3b2594/frame/parent'
22:27:03.127 [AsyncHttpClient-1-2] DEBUG org.asynchttpclient.netty.handler.HttpHandler -- 

Request DefaultHttpRequest(decodeResult: success, version: HTTP/1.1)
POST /wd/hub/session/6e478f60247a41e29a4342741c3b2594/frame/parent HTTP/1.1
User-Agent: selenium/4.9.0 (java windows)
traceparent: 00-75cd39f1df9e9699abfe86fbdc161752-b505f28d3d1b10c6-01
Content-Length: 3
Content-Type: application/json; charset=utf-8
host: ondemand.us-west-1.saucelabs.com
authorization: Basic b2F1dGgtYXV0b2xhemFyZS01NThmYjpmOGQwYTRiNC1lMDU5LTRiMzktYTllYi0zNjY5NjViODg3YjE=
accept: */*

Response DefaultHttpResponse(decodeResult: success, version: HTTP/1.1)
HTTP/1.1 200 OK
content-length: 15
content-type: application/json;charset=UTF-8
date: Fri, 12 May 2023 02:27:03 GMT
server: monocle/0.42
x-request-id: ef6e4d72-523d-4490-ad5d-31018b4ce57a

22:27:03.128 [AsyncHttpClient-1-2] DEBUG org.asynchttpclient.netty.channel.ChannelManager -- Adding key: https://ondemand.us-west-1.saucelabs.com:443 for channel [id: 0x7b050763, L:/192.168.1.146:49736 - R:ondemand.us-west-1.saucelabs.com/66.85.52.224:443]
22:27:03.130 [Forwarding switchToFrame on session 6e478f60247a41e29a4342741c3b2594 to remote] DEBUG org.asynchttpclient.netty.request.NettyRequestSender -- Using pooled Channel '[id: 0x7b050763, L:/192.168.1.146:49736 - R:ondemand.us-west-1.saucelabs.com/66.85.52.224:443]' for 'POST' to 'https://oauth-autolazare-558fb:f8d0a4b4-e059-4b39-a9eb-366965b887b1@ondemand.us-west-1.saucelabs.com:443/wd/hub/session/6e478f60247a41e29a4342741c3b2594/frame'
22:27:03.131 [Forwarding switchToFrame on session 6e478f60247a41e29a4342741c3b2594 to remote] DEBUG org.asynchttpclient.netty.request.NettyRequestSender -- Using open Channel [id: 0x7b050763, L:/192.168.1.146:49736 - R:ondemand.us-west-1.saucelabs.com/66.85.52.224:443] for POST '/wd/hub/session/6e478f60247a41e29a4342741c3b2594/frame'
22:27:03.275 [AsyncHttpClient-1-2] DEBUG org.asynchttpclient.netty.handler.HttpHandler -- 

Request DefaultHttpRequest(decodeResult: success, version: HTTP/1.1)
POST /wd/hub/session/6e478f60247a41e29a4342741c3b2594/frame HTTP/1.1
User-Agent: selenium/4.9.0 (java windows)
traceparent: 00-22b51990f799212d240ffb831ab5190f-08d7661db56e9609-01
Content-Length: 106
Content-Type: application/json; charset=utf-8
host: ondemand.us-west-1.saucelabs.com
authorization: Basic b2F1dGgtYXV0b2xhemFyZS01NThmYjpmOGQwYTRiNC1lMDU5LTRiMzktYTllYi0zNjY5NjViODg3YjE=
accept: */*

Response DefaultHttpResponse(decodeResult: success, version: HTTP/1.1)
HTTP/1.1 200 OK
content-length: 15
content-type: application/json;charset=UTF-8
date: Fri, 12 May 2023 02:27:03 GMT
server: monocle/0.42
x-request-id: f2f0423a-7be6-4d2b-a386-4f2f7e8730c5

22:27:03.275 [AsyncHttpClient-1-2] DEBUG org.asynchttpclient.netty.channel.ChannelManager -- Adding key: https://ondemand.us-west-1.saucelabs.com:443 for channel [id: 0x7b050763, L:/192.168.1.146:49736 - R:ondemand.us-west-1.saucelabs.com/66.85.52.224:443]
22:27:03.291 [Forwarding executeScript on session 6e478f60247a41e29a4342741c3b2594 to remote] DEBUG org.asynchttpclient.netty.request.NettyRequestSender -- Using pooled Channel '[id: 0x7b050763, L:/192.168.1.146:49736 - R:ondemand.us-west-1.saucelabs.com/66.85.52.224:443]' for 'POST' to 'https://oauth-autolazare-558fb:f8d0a4b4-e059-4b39-a9eb-366965b887b1@ondemand.us-west-1.saucelabs.com:443/wd/hub/session/6e478f60247a41e29a4342741c3b2594/execute/sync'
22:27:03.291 [Forwarding executeScript on session 6e478f60247a41e29a4342741c3b2594 to remote] DEBUG org.asynchttpclient.netty.request.NettyRequestSender -- Using open Channel [id: 0x7b050763, L:/192.168.1.146:49736 - R:ondemand.us-west-1.saucelabs.com/66.85.52.224:443] for POST '/wd/hub/session/6e478f60247a41e29a4342741c3b2594/execute/sync'
22:27:03.804 [AsyncHttpClient-1-2] DEBUG org.asynchttpclient.netty.handler.HttpHandler -- 

Request DefaultHttpRequest(decodeResult: success, version: HTTP/1.1)
POST /wd/hub/session/6e478f60247a41e29a4342741c3b2594/execute/sync HTTP/1.1
User-Agent: selenium/4.9.0 (java windows)
traceparent: 00-b2cf563c685478df6e22acec230e293a-afb4d58dda9c58c4-01
Content-Length: 323605
Content-Type: application/json; charset=utf-8
host: ondemand.us-west-1.saucelabs.com
authorization: Basic b2F1dGgtYXV0b2xhemFyZS01NThmYjpmOGQwYTRiNC1lMDU5LTRiMzktYTllYi0zNjY5NjViODg3YjE=
accept: */*

Response DefaultHttpResponse(decodeResult: success, version: HTTP/1.1)
HTTP/1.1 200 OK
content-length: 15
content-type: application/json;charset=UTF-8
date: Fri, 12 May 2023 02:27:03 GMT
server: monocle/0.42
x-request-id: 6a8a5328-fd90-4cb1-8fad-adbd2c7d453d

22:27:03.804 [AsyncHttpClient-1-2] DEBUG org.asynchttpclient.netty.channel.ChannelManager -- Adding key: https://ondemand.us-west-1.saucelabs.com:443 for channel [id: 0x7b050763, L:/192.168.1.146:49736 - R:ondemand.us-west-1.saucelabs.com/66.85.52.224:443]
22:27:03.809 [Forwarding findElements on session 6e478f60247a41e29a4342741c3b2594 to remote] DEBUG org.asynchttpclient.netty.request.NettyRequestSender -- Using pooled Channel '[id: 0x7b050763, L:/192.168.1.146:49736 - R:ondemand.us-west-1.saucelabs.com/66.85.52.224:443]' for 'POST' to 'https://oauth-autolazare-558fb:f8d0a4b4-e059-4b39-a9eb-366965b887b1@ondemand.us-west-1.saucelabs.com:443/wd/hub/session/6e478f60247a41e29a4342741c3b2594/elements'
22:27:03.809 [Forwarding findElements on session 6e478f60247a41e29a4342741c3b2594 to remote] DEBUG org.asynchttpclient.netty.request.NettyRequestSender -- Using open Channel [id: 0x7b050763, L:/192.168.1.146:49736 - R:ondemand.us-west-1.saucelabs.com/66.85.52.224:443] for POST '/wd/hub/session/6e478f60247a41e29a4342741c3b2594/elements'
22:27:03.942 [AsyncHttpClient-1-2] DEBUG org.asynchttpclient.netty.handler.HttpHandler -- 

Request DefaultHttpRequest(decodeResult: success, version: HTTP/1.1)
POST /wd/hub/session/6e478f60247a41e29a4342741c3b2594/elements HTTP/1.1
User-Agent: selenium/4.9.0 (java windows)
traceparent: 00-3ac62c4cf8154e02399a12e2d0166196-50f20024d44b5c04-01
Content-Length: 98
Content-Type: application/json; charset=utf-8
host: ondemand.us-west-1.saucelabs.com
authorization: Basic b2F1dGgtYXV0b2xhemFyZS01NThmYjpmOGQwYTRiNC1lMDU5LTRiMzktYTllYi0zNjY5NjViODg3YjE=
accept: */*

Response DefaultHttpResponse(decodeResult: success, version: HTTP/1.1)
HTTP/1.1 200 OK
content-length: 13
content-type: application/json;charset=UTF-8
date: Fri, 12 May 2023 02:27:03 GMT
server: monocle/0.42
x-request-id: 9b9f0e9f-cc93-40f9-9205-c401cc98aaee

22:27:03.943 [AsyncHttpClient-1-2] DEBUG org.asynchttpclient.netty.channel.ChannelManager -- Adding key: https://ondemand.us-west-1.saucelabs.com:443 for channel [id: 0x7b050763, L:/192.168.1.146:49736 - R:ondemand.us-west-1.saucelabs.com/66.85.52.224:443]
22:27:03.943 [Forwarding switchToParentFrame on session 6e478f60247a41e29a4342741c3b2594 to remote] DEBUG org.asynchttpclient.netty.request.NettyRequestSender -- Using pooled Channel '[id: 0x7b050763, L:/192.168.1.146:49736 - R:ondemand.us-west-1.saucelabs.com/66.85.52.224:443]' for 'POST' to 'https://oauth-autolazare-558fb:f8d0a4b4-e059-4b39-a9eb-366965b887b1@ondemand.us-west-1.saucelabs.com:443/wd/hub/session/6e478f60247a41e29a4342741c3b2594/frame/parent'
22:27:03.943 [Forwarding switchToParentFrame on session 6e478f60247a41e29a4342741c3b2594 to remote] DEBUG org.asynchttpclient.netty.request.NettyRequestSender -- Using open Channel [id: 0x7b050763, L:/192.168.1.146:49736 - R:ondemand.us-west-1.saucelabs.com/66.85.52.224:443] for POST '/wd/hub/session/6e478f60247a41e29a4342741c3b2594/frame/parent'
22:27:04.065 [AsyncHttpClient-1-2] DEBUG org.asynchttpclient.netty.handler.HttpHandler -- 

Request DefaultHttpRequest(decodeResult: success, version: HTTP/1.1)
POST /wd/hub/session/6e478f60247a41e29a4342741c3b2594/frame/parent HTTP/1.1
User-Agent: selenium/4.9.0 (java windows)
traceparent: 00-7559c4a9cb7d511da5dd3fb8875f009a-fc80cf9e837f41e7-01
Content-Length: 3
Content-Type: application/json; charset=utf-8
host: ondemand.us-west-1.saucelabs.com
authorization: Basic b2F1dGgtYXV0b2xhemFyZS01NThmYjpmOGQwYTRiNC1lMDU5LTRiMzktYTllYi0zNjY5NjViODg3YjE=
accept: */*

Response DefaultHttpResponse(decodeResult: success, version: HTTP/1.1)
HTTP/1.1 200 OK
content-length: 15
content-type: application/json;charset=UTF-8
date: Fri, 12 May 2023 02:27:04 GMT
server: monocle/0.42
x-request-id: 5ffa34c3-7762-4bcd-82bc-13ad90ebe94b

22:27:04.065 [AsyncHttpClient-1-2] DEBUG org.asynchttpclient.netty.channel.ChannelManager -- Adding key: https://ondemand.us-west-1.saucelabs.com:443 for channel [id: 0x7b050763, L:/192.168.1.146:49736 - R:ondemand.us-west-1.saucelabs.com/66.85.52.224:443]
22:27:04.065 [Forwarding switchToFrame on session 6e478f60247a41e29a4342741c3b2594 to remote] DEBUG org.asynchttpclient.netty.request.NettyRequestSender -- Using pooled Channel '[id: 0x7b050763, L:/192.168.1.146:49736 - R:ondemand.us-west-1.saucelabs.com/66.85.52.224:443]' for 'POST' to 'https://oauth-autolazare-558fb:f8d0a4b4-e059-4b39-a9eb-366965b887b1@ondemand.us-west-1.saucelabs.com:443/wd/hub/session/6e478f60247a41e29a4342741c3b2594/frame'
22:27:04.065 [Forwarding switchToFrame on session 6e478f60247a41e29a4342741c3b2594 to remote] DEBUG org.asynchttpclient.netty.request.NettyRequestSender -- Using open Channel [id: 0x7b050763, L:/192.168.1.146:49736 - R:ondemand.us-west-1.saucelabs.com/66.85.52.224:443] for POST '/wd/hub/session/6e478f60247a41e29a4342741c3b2594/frame'
22:27:04.248 [AsyncHttpClient-1-2] DEBUG org.asynchttpclient.netty.handler.HttpHandler -- 

Request DefaultHttpRequest(decodeResult: success, version: HTTP/1.1)
POST /wd/hub/session/6e478f60247a41e29a4342741c3b2594/frame HTTP/1.1
User-Agent: selenium/4.9.0 (java windows)
traceparent: 00-2f83c3992ba0d807a4085ceb80061661-8fb5a861d1b4957f-01
Content-Length: 106
Content-Type: application/json; charset=utf-8
host: ondemand.us-west-1.saucelabs.com
authorization: Basic b2F1dGgtYXV0b2xhemFyZS01NThmYjpmOGQwYTRiNC1lMDU5LTRiMzktYTllYi0zNjY5NjViODg3YjE=
accept: */*

Response DefaultHttpResponse(decodeResult: success, version: HTTP/1.1)
HTTP/1.1 200 OK
content-length: 15
content-type: application/json;charset=UTF-8
date: Fri, 12 May 2023 02:27:04 GMT
server: monocle/0.42
x-request-id: da8663c8-f544-42e6-b08e-10996a9ce9fe

22:27:04.248 [AsyncHttpClient-1-2] DEBUG org.asynchttpclient.netty.channel.ChannelManager -- Adding key: https://ondemand.us-west-1.saucelabs.com:443 for channel [id: 0x7b050763, L:/192.168.1.146:49736 - R:ondemand.us-west-1.saucelabs.com/66.85.52.224:443]
22:27:04.272 [Forwarding executeScript on session 6e478f60247a41e29a4342741c3b2594 to remote] DEBUG org.asynchttpclient.netty.request.NettyRequestSender -- Using pooled Channel '[id: 0x7b050763, L:/192.168.1.146:49736 - R:ondemand.us-west-1.saucelabs.com/66.85.52.224:443]' for 'POST' to 'https://oauth-autolazare-558fb:f8d0a4b4-e059-4b39-a9eb-366965b887b1@ondemand.us-west-1.saucelabs.com:443/wd/hub/session/6e478f60247a41e29a4342741c3b2594/execute/sync'
22:27:04.272 [Forwarding executeScript on session 6e478f60247a41e29a4342741c3b2594 to remote] DEBUG org.asynchttpclient.netty.request.NettyRequestSender -- Using open Channel [id: 0x7b050763, L:/192.168.1.146:49736 - R:ondemand.us-west-1.saucelabs.com/66.85.52.224:443] for POST '/wd/hub/session/6e478f60247a41e29a4342741c3b2594/execute/sync'
22:27:04.785 [AsyncHttpClient-1-2] DEBUG org.asynchttpclient.netty.handler.HttpHandler -- 

Request DefaultHttpRequest(decodeResult: success, version: HTTP/1.1)
POST /wd/hub/session/6e478f60247a41e29a4342741c3b2594/execute/sync HTTP/1.1
User-Agent: selenium/4.9.0 (java windows)
traceparent: 00-b34530935f21883cfd05070a3a79d44e-8343a897a4902890-01
Content-Length: 323605
Content-Type: application/json; charset=utf-8
host: ondemand.us-west-1.saucelabs.com
authorization: Basic b2F1dGgtYXV0b2xhemFyZS01NThmYjpmOGQwYTRiNC1lMDU5LTRiMzktYTllYi0zNjY5NjViODg3YjE=
accept: */*

Response DefaultHttpResponse(decodeResult: success, version: HTTP/1.1)
HTTP/1.1 200 OK
content-length: 15
content-type: application/json;charset=UTF-8
date: Fri, 12 May 2023 02:27:04 GMT
server: monocle/0.42
x-request-id: 57ceab79-7c5f-4846-a665-89ab79633cea

22:27:04.785 [AsyncHttpClient-1-2] DEBUG org.asynchttpclient.netty.channel.ChannelManager -- Adding key: https://ondemand.us-west-1.saucelabs.com:443 for channel [id: 0x7b050763, L:/192.168.1.146:49736 - R:ondemand.us-west-1.saucelabs.com/66.85.52.224:443]
22:27:04.791 [Forwarding findElements on session 6e478f60247a41e29a4342741c3b2594 to remote] DEBUG org.asynchttpclient.netty.request.NettyRequestSender -- Using pooled Channel '[id: 0x7b050763, L:/192.168.1.146:49736 - R:ondemand.us-west-1.saucelabs.com/66.85.52.224:443]' for 'POST' to 'https://oauth-autolazare-558fb:f8d0a4b4-e059-4b39-a9eb-366965b887b1@ondemand.us-west-1.saucelabs.com:443/wd/hub/session/6e478f60247a41e29a4342741c3b2594/elements'
22:27:04.791 [Forwarding findElements on session 6e478f60247a41e29a4342741c3b2594 to remote] DEBUG org.asynchttpclient.netty.request.NettyRequestSender -- Using open Channel [id: 0x7b050763, L:/192.168.1.146:49736 - R:ondemand.us-west-1.saucelabs.com/66.85.52.224:443] for POST '/wd/hub/session/6e478f60247a41e29a4342741c3b2594/elements'
22:27:04.918 [AsyncHttpClient-1-2] DEBUG org.asynchttpclient.netty.handler.HttpHandler -- 

Request DefaultHttpRequest(decodeResult: success, version: HTTP/1.1)
POST /wd/hub/session/6e478f60247a41e29a4342741c3b2594/elements HTTP/1.1
User-Agent: selenium/4.9.0 (java windows)
traceparent: 00-f4e0f38fc1a9ac5a881f33616f1e1331-9dd6ab40ee264a21-01
Content-Length: 98
Content-Type: application/json; charset=utf-8
host: ondemand.us-west-1.saucelabs.com
authorization: Basic b2F1dGgtYXV0b2xhemFyZS01NThmYjpmOGQwYTRiNC1lMDU5LTRiMzktYTllYi0zNjY5NjViODg3YjE=
accept: */*

Response DefaultHttpResponse(decodeResult: success, version: HTTP/1.1)
HTTP/1.1 200 OK
content-length: 187
content-type: application/json;charset=UTF-8
date: Fri, 12 May 2023 02:27:04 GMT
server: monocle/0.42
x-request-id: 089bfa70-ead9-410f-889a-407e478ea5e3

22:27:04.918 [AsyncHttpClient-1-2] DEBUG org.asynchttpclient.netty.channel.ChannelManager -- Adding key: https://ondemand.us-west-1.saucelabs.com:443 for channel [id: 0x7b050763, L:/192.168.1.146:49736 - R:ondemand.us-west-1.saucelabs.com/66.85.52.224:443]
22:27:04.928 [Forwarding switchToFrame on session 6e478f60247a41e29a4342741c3b2594 to remote] DEBUG org.asynchttpclient.netty.request.NettyRequestSender -- Using pooled Channel '[id: 0x7b050763, L:/192.168.1.146:49736 - R:ondemand.us-west-1.saucelabs.com/66.85.52.224:443]' for 'POST' to 'https://oauth-autolazare-558fb:f8d0a4b4-e059-4b39-a9eb-366965b887b1@ondemand.us-west-1.saucelabs.com:443/wd/hub/session/6e478f60247a41e29a4342741c3b2594/frame'
22:27:04.928 [Forwarding switchToFrame on session 6e478f60247a41e29a4342741c3b2594 to remote] DEBUG org.asynchttpclient.netty.request.NettyRequestSender -- Using open Channel [id: 0x7b050763, L:/192.168.1.146:49736 - R:ondemand.us-west-1.saucelabs.com/66.85.52.224:443] for POST '/wd/hub/session/6e478f60247a41e29a4342741c3b2594/frame'
22:27:05.082 [AsyncHttpClient-1-2] DEBUG org.asynchttpclient.netty.handler.HttpHandler -- 

Request DefaultHttpRequest(decodeResult: success, version: HTTP/1.1)
POST /wd/hub/session/6e478f60247a41e29a4342741c3b2594/frame HTTP/1.1
User-Agent: selenium/4.9.0 (java windows)
traceparent: 00-85fef5a7a01b8484fa865a4cb438f96b-cc85a3a1dc7a3153-01
Content-Length: 106
Content-Type: application/json; charset=utf-8
host: ondemand.us-west-1.saucelabs.com
authorization: Basic b2F1dGgtYXV0b2xhemFyZS01NThmYjpmOGQwYTRiNC1lMDU5LTRiMzktYTllYi0zNjY5NjViODg3YjE=
accept: */*

Response DefaultHttpResponse(decodeResult: success, version: HTTP/1.1)
HTTP/1.1 200 OK
content-length: 15
content-type: application/json;charset=UTF-8
date: Fri, 12 May 2023 02:27:05 GMT
server: monocle/0.42
x-request-id: 1072041a-ac46-4861-a444-2ef6b8fd17a1

22:27:05.082 [AsyncHttpClient-1-2] DEBUG org.asynchttpclient.netty.channel.ChannelManager -- Adding key: https://ondemand.us-west-1.saucelabs.com:443 for channel [id: 0x7b050763, L:/192.168.1.146:49736 - R:ondemand.us-west-1.saucelabs.com/66.85.52.224:443]
22:27:05.089 [Forwarding executeScript on session 6e478f60247a41e29a4342741c3b2594 to remote] DEBUG org.asynchttpclient.netty.request.NettyRequestSender -- Using pooled Channel '[id: 0x7b050763, L:/192.168.1.146:49736 - R:ondemand.us-west-1.saucelabs.com/66.85.52.224:443]' for 'POST' to 'https://oauth-autolazare-558fb:f8d0a4b4-e059-4b39-a9eb-366965b887b1@ondemand.us-west-1.saucelabs.com:443/wd/hub/session/6e478f60247a41e29a4342741c3b2594/execute/sync'
22:27:05.089 [Forwarding executeScript on session 6e478f60247a41e29a4342741c3b2594 to remote] DEBUG org.asynchttpclient.netty.request.NettyRequestSender -- Using open Channel [id: 0x7b050763, L:/192.168.1.146:49736 - R:ondemand.us-west-1.saucelabs.com/66.85.52.224:443] for POST '/wd/hub/session/6e478f60247a41e29a4342741c3b2594/execute/sync'
22:27:05.642 [AsyncHttpClient-1-2] DEBUG org.asynchttpclient.netty.handler.HttpHandler -- 

Request DefaultHttpRequest(decodeResult: success, version: HTTP/1.1)
POST /wd/hub/session/6e478f60247a41e29a4342741c3b2594/execute/sync HTTP/1.1
User-Agent: selenium/4.9.0 (java windows)
traceparent: 00-834f5494b8bd8d09c8dfb224287bea7b-1e0c91f43ddebc00-01
Content-Length: 323605
Content-Type: application/json; charset=utf-8
host: ondemand.us-west-1.saucelabs.com
authorization: Basic b2F1dGgtYXV0b2xhemFyZS01NThmYjpmOGQwYTRiNC1lMDU5LTRiMzktYTllYi0zNjY5NjViODg3YjE=
accept: */*

Response DefaultHttpResponse(decodeResult: success, version: HTTP/1.1)
HTTP/1.1 200 OK
content-length: 15
content-type: application/json;charset=UTF-8
date: Fri, 12 May 2023 02:27:05 GMT
server: monocle/0.42
x-request-id: a704eb64-b6bc-4b3e-b211-13292bcebfab

22:27:05.642 [AsyncHttpClient-1-2] DEBUG org.asynchttpclient.netty.channel.ChannelManager -- Adding key: https://ondemand.us-west-1.saucelabs.com:443 for channel [id: 0x7b050763, L:/192.168.1.146:49736 - R:ondemand.us-west-1.saucelabs.com/66.85.52.224:443]
22:27:05.648 [Forwarding findElements on session 6e478f60247a41e29a4342741c3b2594 to remote] DEBUG org.asynchttpclient.netty.request.NettyRequestSender -- Using pooled Channel '[id: 0x7b050763, L:/192.168.1.146:49736 - R:ondemand.us-west-1.saucelabs.com/66.85.52.224:443]' for 'POST' to 'https://oauth-autolazare-558fb:f8d0a4b4-e059-4b39-a9eb-366965b887b1@ondemand.us-west-1.saucelabs.com:443/wd/hub/session/6e478f60247a41e29a4342741c3b2594/elements'
22:27:05.648 [Forwarding findElements on session 6e478f60247a41e29a4342741c3b2594 to remote] DEBUG org.asynchttpclient.netty.request.NettyRequestSender -- Using open Channel [id: 0x7b050763, L:/192.168.1.146:49736 - R:ondemand.us-west-1.saucelabs.com/66.85.52.224:443] for POST '/wd/hub/session/6e478f60247a41e29a4342741c3b2594/elements'
22:27:05.795 [AsyncHttpClient-1-2] DEBUG org.asynchttpclient.netty.handler.HttpHandler -- 

Request DefaultHttpRequest(decodeResult: success, version: HTTP/1.1)
POST /wd/hub/session/6e478f60247a41e29a4342741c3b2594/elements HTTP/1.1
User-Agent: selenium/4.9.0 (java windows)
traceparent: 00-97aca6a8ce9177b9d072b049defe2570-8f26200b3a89e05e-01
Content-Length: 98
Content-Type: application/json; charset=utf-8
host: ondemand.us-west-1.saucelabs.com
authorization: Basic b2F1dGgtYXV0b2xhemFyZS01NThmYjpmOGQwYTRiNC1lMDU5LTRiMzktYTllYi0zNjY5NjViODg3YjE=
accept: */*

Response DefaultHttpResponse(decodeResult: success, version: HTTP/1.1)
HTTP/1.1 200 OK
content-length: 13
content-type: application/json;charset=UTF-8
date: Fri, 12 May 2023 02:27:05 GMT
server: monocle/0.42
x-request-id: 03a1e505-dff1-407f-b477-cd9b9e798ad4

22:27:05.795 [AsyncHttpClient-1-2] DEBUG org.asynchttpclient.netty.channel.ChannelManager -- Adding key: https://ondemand.us-west-1.saucelabs.com:443 for channel [id: 0x7b050763, L:/192.168.1.146:49736 - R:ondemand.us-west-1.saucelabs.com/66.85.52.224:443]
22:27:05.798 [Forwarding switchToParentFrame on session 6e478f60247a41e29a4342741c3b2594 to remote] DEBUG org.asynchttpclient.netty.request.NettyRequestSender -- Using pooled Channel '[id: 0x7b050763, L:/192.168.1.146:49736 - R:ondemand.us-west-1.saucelabs.com/66.85.52.224:443]' for 'POST' to 'https://oauth-autolazare-558fb:f8d0a4b4-e059-4b39-a9eb-366965b887b1@ondemand.us-west-1.saucelabs.com:443/wd/hub/session/6e478f60247a41e29a4342741c3b2594/frame/parent'
22:27:05.798 [Forwarding switchToParentFrame on session 6e478f60247a41e29a4342741c3b2594 to remote] DEBUG org.asynchttpclient.netty.request.NettyRequestSender -- Using open Channel [id: 0x7b050763, L:/192.168.1.146:49736 - R:ondemand.us-west-1.saucelabs.com/66.85.52.224:443] for POST '/wd/hub/session/6e478f60247a41e29a4342741c3b2594/frame/parent'
22:27:05.926 [AsyncHttpClient-1-2] DEBUG org.asynchttpclient.netty.handler.HttpHandler -- 

Request DefaultHttpRequest(decodeResult: success, version: HTTP/1.1)
POST /wd/hub/session/6e478f60247a41e29a4342741c3b2594/frame/parent HTTP/1.1
User-Agent: selenium/4.9.0 (java windows)
traceparent: 00-1809c234a32fa391c9368e6717781c67-7640ca254f71e96b-01
Content-Length: 3
Content-Type: application/json; charset=utf-8
host: ondemand.us-west-1.saucelabs.com
authorization: Basic b2F1dGgtYXV0b2xhemFyZS01NThmYjpmOGQwYTRiNC1lMDU5LTRiMzktYTllYi0zNjY5NjViODg3YjE=
accept: */*

Response DefaultHttpResponse(decodeResult: success, version: HTTP/1.1)
HTTP/1.1 200 OK
content-length: 15
content-type: application/json;charset=UTF-8
date: Fri, 12 May 2023 02:27:05 GMT
server: monocle/0.42
x-request-id: a27ca07b-744d-4cbc-ad5a-dd04df96e2eb

22:27:05.926 [AsyncHttpClient-1-2] DEBUG org.asynchttpclient.netty.channel.ChannelManager -- Adding key: https://ondemand.us-west-1.saucelabs.com:443 for channel [id: 0x7b050763, L:/192.168.1.146:49736 - R:ondemand.us-west-1.saucelabs.com/66.85.52.224:443]
22:27:05.945 [Forwarding switchToFrame on session 6e478f60247a41e29a4342741c3b2594 to remote] DEBUG org.asynchttpclient.netty.request.NettyRequestSender -- Using pooled Channel '[id: 0x7b050763, L:/192.168.1.146:49736 - R:ondemand.us-west-1.saucelabs.com/66.85.52.224:443]' for 'POST' to 'https://oauth-autolazare-558fb:f8d0a4b4-e059-4b39-a9eb-366965b887b1@ondemand.us-west-1.saucelabs.com:443/wd/hub/session/6e478f60247a41e29a4342741c3b2594/frame'
22:27:05.945 [Forwarding switchToFrame on session 6e478f60247a41e29a4342741c3b2594 to remote] DEBUG org.asynchttpclient.netty.request.NettyRequestSender -- Using open Channel [id: 0x7b050763, L:/192.168.1.146:49736 - R:ondemand.us-west-1.saucelabs.com/66.85.52.224:443] for POST '/wd/hub/session/6e478f60247a41e29a4342741c3b2594/frame'
22:27:06.094 [AsyncHttpClient-1-2] DEBUG org.asynchttpclient.netty.handler.HttpHandler -- 

Request DefaultHttpRequest(decodeResult: success, version: HTTP/1.1)
POST /wd/hub/session/6e478f60247a41e29a4342741c3b2594/frame HTTP/1.1
User-Agent: selenium/4.9.0 (java windows)
traceparent: 00-eff6b1c2af993f30b32bfe79b50b9fbc-a4b2c3f5c1e6f547-01
Content-Length: 106
Content-Type: application/json; charset=utf-8
host: ondemand.us-west-1.saucelabs.com
authorization: Basic b2F1dGgtYXV0b2xhemFyZS01NThmYjpmOGQwYTRiNC1lMDU5LTRiMzktYTllYi0zNjY5NjViODg3YjE=
accept: */*

Response DefaultHttpResponse(decodeResult: success, version: HTTP/1.1)
HTTP/1.1 200 OK
content-length: 15
content-type: application/json;charset=UTF-8
date: Fri, 12 May 2023 02:27:06 GMT
server: monocle/0.42
x-request-id: ba087504-466d-4627-aff4-01c416b301d2

22:27:06.094 [AsyncHttpClient-1-2] DEBUG org.asynchttpclient.netty.channel.ChannelManager -- Adding key: https://ondemand.us-west-1.saucelabs.com:443 for channel [id: 0x7b050763, L:/192.168.1.146:49736 - R:ondemand.us-west-1.saucelabs.com/66.85.52.224:443]
22:27:06.133 [Forwarding executeScript on session 6e478f60247a41e29a4342741c3b2594 to remote] DEBUG org.asynchttpclient.netty.request.NettyRequestSender -- Using pooled Channel '[id: 0x7b050763, L:/192.168.1.146:49736 - R:ondemand.us-west-1.saucelabs.com/66.85.52.224:443]' for 'POST' to 'https://oauth-autolazare-558fb:f8d0a4b4-e059-4b39-a9eb-366965b887b1@ondemand.us-west-1.saucelabs.com:443/wd/hub/session/6e478f60247a41e29a4342741c3b2594/execute/sync'
22:27:06.133 [Forwarding executeScript on session 6e478f60247a41e29a4342741c3b2594 to remote] DEBUG org.asynchttpclient.netty.request.NettyRequestSender -- Using open Channel [id: 0x7b050763, L:/192.168.1.146:49736 - R:ondemand.us-west-1.saucelabs.com/66.85.52.224:443] for POST '/wd/hub/session/6e478f60247a41e29a4342741c3b2594/execute/sync'
22:27:06.632 [AsyncHttpClient-1-2] DEBUG org.asynchttpclient.netty.handler.HttpHandler -- 

Request DefaultHttpRequest(decodeResult: success, version: HTTP/1.1)
POST /wd/hub/session/6e478f60247a41e29a4342741c3b2594/execute/sync HTTP/1.1
User-Agent: selenium/4.9.0 (java windows)
traceparent: 00-1d50171a25bab73b8fa6386200952d59-2d8b3c3ce5f6a5a0-01
Content-Length: 323605
Content-Type: application/json; charset=utf-8
host: ondemand.us-west-1.saucelabs.com
authorization: Basic b2F1dGgtYXV0b2xhemFyZS01NThmYjpmOGQwYTRiNC1lMDU5LTRiMzktYTllYi0zNjY5NjViODg3YjE=
accept: */*

Response DefaultHttpResponse(decodeResult: success, version: HTTP/1.1)
HTTP/1.1 200 OK
content-length: 15
content-type: application/json;charset=UTF-8
date: Fri, 12 May 2023 02:27:06 GMT
server: monocle/0.42
x-request-id: 69e7482d-016c-4e73-afda-3e5d48a6e551

22:27:06.632 [AsyncHttpClient-1-2] DEBUG org.asynchttpclient.netty.channel.ChannelManager -- Adding key: https://ondemand.us-west-1.saucelabs.com:443 for channel [id: 0x7b050763, L:/192.168.1.146:49736 - R:ondemand.us-west-1.saucelabs.com/66.85.52.224:443]
22:27:06.640 [Forwarding findElements on session 6e478f60247a41e29a4342741c3b2594 to remote] DEBUG org.asynchttpclient.netty.request.NettyRequestSender -- Using pooled Channel '[id: 0x7b050763, L:/192.168.1.146:49736 - R:ondemand.us-west-1.saucelabs.com/66.85.52.224:443]' for 'POST' to 'https://oauth-autolazare-558fb:f8d0a4b4-e059-4b39-a9eb-366965b887b1@ondemand.us-west-1.saucelabs.com:443/wd/hub/session/6e478f60247a41e29a4342741c3b2594/elements'
22:27:06.640 [Forwarding findElements on session 6e478f60247a41e29a4342741c3b2594 to remote] DEBUG org.asynchttpclient.netty.request.NettyRequestSender -- Using open Channel [id: 0x7b050763, L:/192.168.1.146:49736 - R:ondemand.us-west-1.saucelabs.com/66.85.52.224:443] for POST '/wd/hub/session/6e478f60247a41e29a4342741c3b2594/elements'
22:27:06.768 [AsyncHttpClient-1-2] DEBUG org.asynchttpclient.netty.handler.HttpHandler -- 

Request DefaultHttpRequest(decodeResult: success, version: HTTP/1.1)
POST /wd/hub/session/6e478f60247a41e29a4342741c3b2594/elements HTTP/1.1
User-Agent: selenium/4.9.0 (java windows)
traceparent: 00-f6507b391ac8213c6b628c2d5ed99743-5191032df9a7a52a-01
Content-Length: 98
Content-Type: application/json; charset=utf-8
host: ondemand.us-west-1.saucelabs.com
authorization: Basic b2F1dGgtYXV0b2xhemFyZS01NThmYjpmOGQwYTRiNC1lMDU5LTRiMzktYTllYi0zNjY5NjViODg3YjE=
accept: */*

Response DefaultHttpResponse(decodeResult: success, version: HTTP/1.1)
HTTP/1.1 200 OK
content-length: 13
content-type: application/json;charset=UTF-8
date: Fri, 12 May 2023 02:27:06 GMT
server: monocle/0.42
x-request-id: 0838be8b-70ca-42e8-a685-991eb5b62852

22:27:06.768 [AsyncHttpClient-1-2] DEBUG org.asynchttpclient.netty.channel.ChannelManager -- Adding key: https://ondemand.us-west-1.saucelabs.com:443 for channel [id: 0x7b050763, L:/192.168.1.146:49736 - R:ondemand.us-west-1.saucelabs.com/66.85.52.224:443]
22:27:06.768 [Forwarding switchToParentFrame on session 6e478f60247a41e29a4342741c3b2594 to remote] DEBUG org.asynchttpclient.netty.request.NettyRequestSender -- Using pooled Channel '[id: 0x7b050763, L:/192.168.1.146:49736 - R:ondemand.us-west-1.saucelabs.com/66.85.52.224:443]' for 'POST' to 'https://oauth-autolazare-558fb:f8d0a4b4-e059-4b39-a9eb-366965b887b1@ondemand.us-west-1.saucelabs.com:443/wd/hub/session/6e478f60247a41e29a4342741c3b2594/frame/parent'
22:27:06.775 [Forwarding switchToParentFrame on session 6e478f60247a41e29a4342741c3b2594 to remote] DEBUG org.asynchttpclient.netty.request.NettyRequestSender -- Using open Channel [id: 0x7b050763, L:/192.168.1.146:49736 - R:ondemand.us-west-1.saucelabs.com/66.85.52.224:443] for POST '/wd/hub/session/6e478f60247a41e29a4342741c3b2594/frame/parent'
22:27:06.903 [AsyncHttpClient-1-2] DEBUG org.asynchttpclient.netty.handler.HttpHandler -- 

Request DefaultHttpRequest(decodeResult: success, version: HTTP/1.1)
POST /wd/hub/session/6e478f60247a41e29a4342741c3b2594/frame/parent HTTP/1.1
User-Agent: selenium/4.9.0 (java windows)
traceparent: 00-42358b0b8e924189cae07ee2ff8ba14b-a53a4d60a5f2406b-01
Content-Length: 3
Content-Type: application/json; charset=utf-8
host: ondemand.us-west-1.saucelabs.com
authorization: Basic b2F1dGgtYXV0b2xhemFyZS01NThmYjpmOGQwYTRiNC1lMDU5LTRiMzktYTllYi0zNjY5NjViODg3YjE=
accept: */*

Response DefaultHttpResponse(decodeResult: success, version: HTTP/1.1)
HTTP/1.1 200 OK
content-length: 15
content-type: application/json;charset=UTF-8
date: Fri, 12 May 2023 02:27:06 GMT
server: monocle/0.42
x-request-id: 8457426a-3b31-4424-9bc4-635e91e9d499

22:27:06.903 [AsyncHttpClient-1-2] DEBUG org.asynchttpclient.netty.channel.ChannelManager -- Adding key: https://ondemand.us-west-1.saucelabs.com:443 for channel [id: 0x7b050763, L:/192.168.1.146:49736 - R:ondemand.us-west-1.saucelabs.com/66.85.52.224:443]
22:27:06.907 [Forwarding switchToParentFrame on session 6e478f60247a41e29a4342741c3b2594 to remote] DEBUG org.asynchttpclient.netty.request.NettyRequestSender -- Using pooled Channel '[id: 0x7b050763, L:/192.168.1.146:49736 - R:ondemand.us-west-1.saucelabs.com/66.85.52.224:443]' for 'POST' to 'https://oauth-autolazare-558fb:f8d0a4b4-e059-4b39-a9eb-366965b887b1@ondemand.us-west-1.saucelabs.com:443/wd/hub/session/6e478f60247a41e29a4342741c3b2594/frame/parent'
22:27:06.907 [Forwarding switchToParentFrame on session 6e478f60247a41e29a4342741c3b2594 to remote] DEBUG org.asynchttpclient.netty.request.NettyRequestSender -- Using open Channel [id: 0x7b050763, L:/192.168.1.146:49736 - R:ondemand.us-west-1.saucelabs.com/66.85.52.224:443] for POST '/wd/hub/session/6e478f60247a41e29a4342741c3b2594/frame/parent'
22:27:07.014 [AsyncHttpClient-1-2] DEBUG org.asynchttpclient.netty.handler.HttpHandler -- 

Request DefaultHttpRequest(decodeResult: success, version: HTTP/1.1)
POST /wd/hub/session/6e478f60247a41e29a4342741c3b2594/frame/parent HTTP/1.1
User-Agent: selenium/4.9.0 (java windows)
traceparent: 00-7b37598512764078b1de8765886772a1-f03a60f69d8ca8a6-01
Content-Length: 3
Content-Type: application/json; charset=utf-8
host: ondemand.us-west-1.saucelabs.com
authorization: Basic b2F1dGgtYXV0b2xhemFyZS01NThmYjpmOGQwYTRiNC1lMDU5LTRiMzktYTllYi0zNjY5NjViODg3YjE=
accept: */*

Response DefaultHttpResponse(decodeResult: success, version: HTTP/1.1)
HTTP/1.1 200 OK
content-length: 15
content-type: application/json;charset=UTF-8
date: Fri, 12 May 2023 02:27:07 GMT
server: monocle/0.42
x-request-id: dc45e02c-c739-4148-9a66-15af88bcc10e

22:27:07.014 [AsyncHttpClient-1-2] DEBUG org.asynchttpclient.netty.channel.ChannelManager -- Adding key: https://ondemand.us-west-1.saucelabs.com:443 for channel [id: 0x7b050763, L:/192.168.1.146:49736 - R:ondemand.us-west-1.saucelabs.com/66.85.52.224:443]
22:27:07.014 [Forwarding switchToFrame on session 6e478f60247a41e29a4342741c3b2594 to remote] DEBUG org.asynchttpclient.netty.request.NettyRequestSender -- Using pooled Channel '[id: 0x7b050763, L:/192.168.1.146:49736 - R:ondemand.us-west-1.saucelabs.com/66.85.52.224:443]' for 'POST' to 'https://oauth-autolazare-558fb:f8d0a4b4-e059-4b39-a9eb-366965b887b1@ondemand.us-west-1.saucelabs.com:443/wd/hub/session/6e478f60247a41e29a4342741c3b2594/frame'
22:27:07.014 [Forwarding switchToFrame on session 6e478f60247a41e29a4342741c3b2594 to remote] DEBUG org.asynchttpclient.netty.request.NettyRequestSender -- Using open Channel [id: 0x7b050763, L:/192.168.1.146:49736 - R:ondemand.us-west-1.saucelabs.com/66.85.52.224:443] for POST '/wd/hub/session/6e478f60247a41e29a4342741c3b2594/frame'
22:27:07.173 [AsyncHttpClient-1-2] DEBUG org.asynchttpclient.netty.handler.HttpHandler -- 

Request DefaultHttpRequest(decodeResult: success, version: HTTP/1.1)
POST /wd/hub/session/6e478f60247a41e29a4342741c3b2594/frame HTTP/1.1
User-Agent: selenium/4.9.0 (java windows)
traceparent: 00-1f7599f74a1b1ae122f37270addcbd25-8a6766aa5c4d5290-01
Content-Length: 106
Content-Type: application/json; charset=utf-8
host: ondemand.us-west-1.saucelabs.com
authorization: Basic b2F1dGgtYXV0b2xhemFyZS01NThmYjpmOGQwYTRiNC1lMDU5LTRiMzktYTllYi0zNjY5NjViODg3YjE=
accept: */*

Response DefaultHttpResponse(decodeResult: success, version: HTTP/1.1)
HTTP/1.1 200 OK
content-length: 15
content-type: application/json;charset=UTF-8
date: Fri, 12 May 2023 02:27:07 GMT
server: monocle/0.42
x-request-id: 54a84bf6-f90d-41be-b5e9-e73976e9bedd

22:27:07.188 [AsyncHttpClient-1-2] DEBUG org.asynchttpclient.netty.channel.ChannelManager -- Adding key: https://ondemand.us-west-1.saucelabs.com:443 for channel [id: 0x7b050763, L:/192.168.1.146:49736 - R:ondemand.us-west-1.saucelabs.com/66.85.52.224:443]
22:27:07.206 [Forwarding executeScript on session 6e478f60247a41e29a4342741c3b2594 to remote] DEBUG org.asynchttpclient.netty.request.NettyRequestSender -- Using pooled Channel '[id: 0x7b050763, L:/192.168.1.146:49736 - R:ondemand.us-west-1.saucelabs.com/66.85.52.224:443]' for 'POST' to 'https://oauth-autolazare-558fb:f8d0a4b4-e059-4b39-a9eb-366965b887b1@ondemand.us-west-1.saucelabs.com:443/wd/hub/session/6e478f60247a41e29a4342741c3b2594/execute/sync'
22:27:07.206 [Forwarding executeScript on session 6e478f60247a41e29a4342741c3b2594 to remote] DEBUG org.asynchttpclient.netty.request.NettyRequestSender -- Using open Channel [id: 0x7b050763, L:/192.168.1.146:49736 - R:ondemand.us-west-1.saucelabs.com/66.85.52.224:443] for POST '/wd/hub/session/6e478f60247a41e29a4342741c3b2594/execute/sync'
22:27:07.758 [AsyncHttpClient-1-2] DEBUG org.asynchttpclient.netty.handler.HttpHandler -- 

Request DefaultHttpRequest(decodeResult: success, version: HTTP/1.1)
POST /wd/hub/session/6e478f60247a41e29a4342741c3b2594/execute/sync HTTP/1.1
User-Agent: selenium/4.9.0 (java windows)
traceparent: 00-89b170ac73c6b3758b3976531d79ab6a-e4f6d3e0642bf007-01
Content-Length: 323605
Content-Type: application/json; charset=utf-8
host: ondemand.us-west-1.saucelabs.com
authorization: Basic b2F1dGgtYXV0b2xhemFyZS01NThmYjpmOGQwYTRiNC1lMDU5LTRiMzktYTllYi0zNjY5NjViODg3YjE=
accept: */*

Response DefaultHttpResponse(decodeResult: success, version: HTTP/1.1)
HTTP/1.1 200 OK
content-length: 15
content-type: application/json;charset=UTF-8
date: Fri, 12 May 2023 02:27:07 GMT
server: monocle/0.42
x-request-id: 8aee2cfc-22b7-4b1b-ab35-0686c1c7d7ff

22:27:07.759 [AsyncHttpClient-1-2] DEBUG org.asynchttpclient.netty.channel.ChannelManager -- Adding key: https://ondemand.us-west-1.saucelabs.com:443 for channel [id: 0x7b050763, L:/192.168.1.146:49736 - R:ondemand.us-west-1.saucelabs.com/66.85.52.224:443]
22:27:07.764 [Forwarding findElements on session 6e478f60247a41e29a4342741c3b2594 to remote] DEBUG org.asynchttpclient.netty.request.NettyRequestSender -- Using pooled Channel '[id: 0x7b050763, L:/192.168.1.146:49736 - R:ondemand.us-west-1.saucelabs.com/66.85.52.224:443]' for 'POST' to 'https://oauth-autolazare-558fb:f8d0a4b4-e059-4b39-a9eb-366965b887b1@ondemand.us-west-1.saucelabs.com:443/wd/hub/session/6e478f60247a41e29a4342741c3b2594/elements'
22:27:07.764 [Forwarding findElements on session 6e478f60247a41e29a4342741c3b2594 to remote] DEBUG org.asynchttpclient.netty.request.NettyRequestSender -- Using open Channel [id: 0x7b050763, L:/192.168.1.146:49736 - R:ondemand.us-west-1.saucelabs.com/66.85.52.224:443] for POST '/wd/hub/session/6e478f60247a41e29a4342741c3b2594/elements'
22:27:07.916 [AsyncHttpClient-1-2] DEBUG org.asynchttpclient.netty.handler.HttpHandler -- 

Request DefaultHttpRequest(decodeResult: success, version: HTTP/1.1)
POST /wd/hub/session/6e478f60247a41e29a4342741c3b2594/elements HTTP/1.1
User-Agent: selenium/4.9.0 (java windows)
traceparent: 00-efe99d0c69176219ae88fafbc58a04d1-ca6329ea3f710464-01
Content-Length: 98
Content-Type: application/json; charset=utf-8
host: ondemand.us-west-1.saucelabs.com
authorization: Basic b2F1dGgtYXV0b2xhemFyZS01NThmYjpmOGQwYTRiNC1lMDU5LTRiMzktYTllYi0zNjY5NjViODg3YjE=
accept: */*

Response DefaultHttpResponse(decodeResult: success, version: HTTP/1.1)
HTTP/1.1 200 OK
content-length: 13
content-type: application/json;charset=UTF-8
date: Fri, 12 May 2023 02:27:07 GMT
server: monocle/0.42
x-request-id: a16102c0-70cf-4a81-8e85-e2e8e3a9ebd9

22:27:07.916 [AsyncHttpClient-1-2] DEBUG org.asynchttpclient.netty.channel.ChannelManager -- Adding key: https://ondemand.us-west-1.saucelabs.com:443 for channel [id: 0x7b050763, L:/192.168.1.146:49736 - R:ondemand.us-west-1.saucelabs.com/66.85.52.224:443]
22:27:07.931 [Forwarding switchToParentFrame on session 6e478f60247a41e29a4342741c3b2594 to remote] DEBUG org.asynchttpclient.netty.request.NettyRequestSender -- Using pooled Channel '[id: 0x7b050763, L:/192.168.1.146:49736 - R:ondemand.us-west-1.saucelabs.com/66.85.52.224:443]' for 'POST' to 'https://oauth-autolazare-558fb:f8d0a4b4-e059-4b39-a9eb-366965b887b1@ondemand.us-west-1.saucelabs.com:443/wd/hub/session/6e478f60247a41e29a4342741c3b2594/frame/parent'
22:27:07.931 [Forwarding switchToParentFrame on session 6e478f60247a41e29a4342741c3b2594 to remote] DEBUG org.asynchttpclient.netty.request.NettyRequestSender -- Using open Channel [id: 0x7b050763, L:/192.168.1.146:49736 - R:ondemand.us-west-1.saucelabs.com/66.85.52.224:443] for POST '/wd/hub/session/6e478f60247a41e29a4342741c3b2594/frame/parent'
22:27:08.229 [AsyncHttpClient-1-2] DEBUG org.asynchttpclient.netty.handler.HttpHandler -- 

Request DefaultHttpRequest(decodeResult: success, version: HTTP/1.1)
POST /wd/hub/session/6e478f60247a41e29a4342741c3b2594/frame/parent HTTP/1.1
User-Agent: selenium/4.9.0 (java windows)
traceparent: 00-d6fb82745d82c3e6094c7f31a8e41f09-fa6b7448129c9c84-01
Content-Length: 3
Content-Type: application/json; charset=utf-8
host: ondemand.us-west-1.saucelabs.com
authorization: Basic b2F1dGgtYXV0b2xhemFyZS01NThmYjpmOGQwYTRiNC1lMDU5LTRiMzktYTllYi0zNjY5NjViODg3YjE=
accept: */*

Response DefaultHttpResponse(decodeResult: success, version: HTTP/1.1)
HTTP/1.1 200 OK
content-length: 15
content-type: application/json;charset=UTF-8
date: Fri, 12 May 2023 02:27:08 GMT
server: monocle/0.42
x-request-id: 07c4a414-a8b5-492b-9665-3e11e093a104

22:27:08.230 [AsyncHttpClient-1-2] DEBUG org.asynchttpclient.netty.channel.ChannelManager -- Adding key: https://ondemand.us-west-1.saucelabs.com:443 for channel [id: 0x7b050763, L:/192.168.1.146:49736 - R:ondemand.us-west-1.saucelabs.com/66.85.52.224:443]
22:27:08.233 [Forwarding switchToFrame on session 6e478f60247a41e29a4342741c3b2594 to remote] DEBUG org.asynchttpclient.netty.request.NettyRequestSender -- Using pooled Channel '[id: 0x7b050763, L:/192.168.1.146:49736 - R:ondemand.us-west-1.saucelabs.com/66.85.52.224:443]' for 'POST' to 'https://oauth-autolazare-558fb:f8d0a4b4-e059-4b39-a9eb-366965b887b1@ondemand.us-west-1.saucelabs.com:443/wd/hub/session/6e478f60247a41e29a4342741c3b2594/frame'
22:27:08.233 [Forwarding switchToFrame on session 6e478f60247a41e29a4342741c3b2594 to remote] DEBUG org.asynchttpclient.netty.request.NettyRequestSender -- Using open Channel [id: 0x7b050763, L:/192.168.1.146:49736 - R:ondemand.us-west-1.saucelabs.com/66.85.52.224:443] for POST '/wd/hub/session/6e478f60247a41e29a4342741c3b2594/frame'
22:27:08.449 [AsyncHttpClient-1-2] DEBUG org.asynchttpclient.netty.handler.HttpHandler -- 

Request DefaultHttpRequest(decodeResult: success, version: HTTP/1.1)
POST /wd/hub/session/6e478f60247a41e29a4342741c3b2594/frame HTTP/1.1
User-Agent: selenium/4.9.0 (java windows)
traceparent: 00-e03707b49f9bc463cc7a66f2130707b4-72c627bc72d21b65-01
Content-Length: 106
Content-Type: application/json; charset=utf-8
host: ondemand.us-west-1.saucelabs.com
authorization: Basic b2F1dGgtYXV0b2xhemFyZS01NThmYjpmOGQwYTRiNC1lMDU5LTRiMzktYTllYi0zNjY5NjViODg3YjE=
accept: */*

Response DefaultHttpResponse(decodeResult: success, version: HTTP/1.1)
HTTP/1.1 200 OK
content-length: 15
content-type: application/json;charset=UTF-8
date: Fri, 12 May 2023 02:27:08 GMT
server: monocle/0.42
x-request-id: dd2b3803-6bc0-4fd9-a103-fec7407c7061

22:27:08.450 [AsyncHttpClient-1-2] DEBUG org.asynchttpclient.netty.channel.ChannelManager -- Adding key: https://ondemand.us-west-1.saucelabs.com:443 for channel [id: 0x7b050763, L:/192.168.1.146:49736 - R:ondemand.us-west-1.saucelabs.com/66.85.52.224:443]
22:27:08.463 [Forwarding executeScript on session 6e478f60247a41e29a4342741c3b2594 to remote] DEBUG org.asynchttpclient.netty.request.NettyRequestSender -- Using pooled Channel '[id: 0x7b050763, L:/192.168.1.146:49736 - R:ondemand.us-west-1.saucelabs.com/66.85.52.224:443]' for 'POST' to 'https://oauth-autolazare-558fb:f8d0a4b4-e059-4b39-a9eb-366965b887b1@ondemand.us-west-1.saucelabs.com:443/wd/hub/session/6e478f60247a41e29a4342741c3b2594/execute/sync'
22:27:08.463 [Forwarding executeScript on session 6e478f60247a41e29a4342741c3b2594 to remote] DEBUG org.asynchttpclient.netty.request.NettyRequestSender -- Using open Channel [id: 0x7b050763, L:/192.168.1.146:49736 - R:ondemand.us-west-1.saucelabs.com/66.85.52.224:443] for POST '/wd/hub/session/6e478f60247a41e29a4342741c3b2594/execute/sync'
22:27:08.971 [AsyncHttpClient-1-2] DEBUG org.asynchttpclient.netty.handler.HttpHandler -- 

Request DefaultHttpRequest(decodeResult: success, version: HTTP/1.1)
POST /wd/hub/session/6e478f60247a41e29a4342741c3b2594/execute/sync HTTP/1.1
User-Agent: selenium/4.9.0 (java windows)
traceparent: 00-02562b42918febff8e599545c6adca16-73c4d64e1a450faf-01
Content-Length: 323605
Content-Type: application/json; charset=utf-8
host: ondemand.us-west-1.saucelabs.com
authorization: Basic b2F1dGgtYXV0b2xhemFyZS01NThmYjpmOGQwYTRiNC1lMDU5LTRiMzktYTllYi0zNjY5NjViODg3YjE=
accept: */*

Response DefaultHttpResponse(decodeResult: success, version: HTTP/1.1)
HTTP/1.1 200 OK
content-length: 15
content-type: application/json;charset=UTF-8
date: Fri, 12 May 2023 02:27:08 GMT
server: monocle/0.42
x-request-id: b6a38f45-cf02-41f7-80f3-06d2ea49f75f

22:27:08.971 [AsyncHttpClient-1-2] DEBUG org.asynchttpclient.netty.channel.ChannelManager -- Adding key: https://ondemand.us-west-1.saucelabs.com:443 for channel [id: 0x7b050763, L:/192.168.1.146:49736 - R:ondemand.us-west-1.saucelabs.com/66.85.52.224:443]
22:27:08.979 [Forwarding findElements on session 6e478f60247a41e29a4342741c3b2594 to remote] DEBUG org.asynchttpclient.netty.request.NettyRequestSender -- Using pooled Channel '[id: 0x7b050763, L:/192.168.1.146:49736 - R:ondemand.us-west-1.saucelabs.com/66.85.52.224:443]' for 'POST' to 'https://oauth-autolazare-558fb:f8d0a4b4-e059-4b39-a9eb-366965b887b1@ondemand.us-west-1.saucelabs.com:443/wd/hub/session/6e478f60247a41e29a4342741c3b2594/elements'
22:27:08.979 [Forwarding findElements on session 6e478f60247a41e29a4342741c3b2594 to remote] DEBUG org.asynchttpclient.netty.request.NettyRequestSender -- Using open Channel [id: 0x7b050763, L:/192.168.1.146:49736 - R:ondemand.us-west-1.saucelabs.com/66.85.52.224:443] for POST '/wd/hub/session/6e478f60247a41e29a4342741c3b2594/elements'
22:27:09.109 [AsyncHttpClient-1-2] DEBUG org.asynchttpclient.netty.handler.HttpHandler -- 

Request DefaultHttpRequest(decodeResult: success, version: HTTP/1.1)
POST /wd/hub/session/6e478f60247a41e29a4342741c3b2594/elements HTTP/1.1
User-Agent: selenium/4.9.0 (java windows)
traceparent: 00-dfbd4fba0592d4d51844241fbded9e2a-82c304123228d595-01
Content-Length: 98
Content-Type: application/json; charset=utf-8
host: ondemand.us-west-1.saucelabs.com
authorization: Basic b2F1dGgtYXV0b2xhemFyZS01NThmYjpmOGQwYTRiNC1lMDU5LTRiMzktYTllYi0zNjY5NjViODg3YjE=
accept: */*

Response DefaultHttpResponse(decodeResult: success, version: HTTP/1.1)
HTTP/1.1 200 OK
content-length: 13
content-type: application/json;charset=UTF-8
date: Fri, 12 May 2023 02:27:09 GMT
server: monocle/0.42
x-request-id: d025c678-0e1a-4430-a669-9eda75de8494

22:27:09.109 [AsyncHttpClient-1-2] DEBUG org.asynchttpclient.netty.channel.ChannelManager -- Adding key: https://ondemand.us-west-1.saucelabs.com:443 for channel [id: 0x7b050763, L:/192.168.1.146:49736 - R:ondemand.us-west-1.saucelabs.com/66.85.52.224:443]
22:27:09.111 [Forwarding switchToParentFrame on session 6e478f60247a41e29a4342741c3b2594 to remote] DEBUG org.asynchttpclient.netty.request.NettyRequestSender -- Using pooled Channel '[id: 0x7b050763, L:/192.168.1.146:49736 - R:ondemand.us-west-1.saucelabs.com/66.85.52.224:443]' for 'POST' to 'https://oauth-autolazare-558fb:f8d0a4b4-e059-4b39-a9eb-366965b887b1@ondemand.us-west-1.saucelabs.com:443/wd/hub/session/6e478f60247a41e29a4342741c3b2594/frame/parent'
22:27:09.111 [Forwarding switchToParentFrame on session 6e478f60247a41e29a4342741c3b2594 to remote] DEBUG org.asynchttpclient.netty.request.NettyRequestSender -- Using open Channel [id: 0x7b050763, L:/192.168.1.146:49736 - R:ondemand.us-west-1.saucelabs.com/66.85.52.224:443] for POST '/wd/hub/session/6e478f60247a41e29a4342741c3b2594/frame/parent'
22:27:09.264 [AsyncHttpClient-1-2] DEBUG org.asynchttpclient.netty.handler.HttpHandler -- 

Request DefaultHttpRequest(decodeResult: success, version: HTTP/1.1)
POST /wd/hub/session/6e478f60247a41e29a4342741c3b2594/frame/parent HTTP/1.1
User-Agent: selenium/4.9.0 (java windows)
traceparent: 00-3a74853f2f9d7919823b7a9f350d7b8a-99c2522342ee7fb3-01
Content-Length: 3
Content-Type: application/json; charset=utf-8
host: ondemand.us-west-1.saucelabs.com
authorization: Basic b2F1dGgtYXV0b2xhemFyZS01NThmYjpmOGQwYTRiNC1lMDU5LTRiMzktYTllYi0zNjY5NjViODg3YjE=
accept: */*

Response DefaultHttpResponse(decodeResult: success, version: HTTP/1.1)
HTTP/1.1 200 OK
content-length: 15
content-type: application/json;charset=UTF-8
date: Fri, 12 May 2023 02:27:09 GMT
server: monocle/0.42
x-request-id: f65b81ba-6000-416f-9407-fabb304fe70d

22:27:09.264 [AsyncHttpClient-1-2] DEBUG org.asynchttpclient.netty.channel.ChannelManager -- Adding key: https://ondemand.us-west-1.saucelabs.com:443 for channel [id: 0x7b050763, L:/192.168.1.146:49736 - R:ondemand.us-west-1.saucelabs.com/66.85.52.224:443]
22:27:09.267 [Forwarding switchToFrame on session 6e478f60247a41e29a4342741c3b2594 to remote] DEBUG org.asynchttpclient.netty.request.NettyRequestSender -- Using pooled Channel '[id: 0x7b050763, L:/192.168.1.146:49736 - R:ondemand.us-west-1.saucelabs.com/66.85.52.224:443]' for 'POST' to 'https://oauth-autolazare-558fb:f8d0a4b4-e059-4b39-a9eb-366965b887b1@ondemand.us-west-1.saucelabs.com:443/wd/hub/session/6e478f60247a41e29a4342741c3b2594/frame'
22:27:09.267 [Forwarding switchToFrame on session 6e478f60247a41e29a4342741c3b2594 to remote] DEBUG org.asynchttpclient.netty.request.NettyRequestSender -- Using open Channel [id: 0x7b050763, L:/192.168.1.146:49736 - R:ondemand.us-west-1.saucelabs.com/66.85.52.224:443] for POST '/wd/hub/session/6e478f60247a41e29a4342741c3b2594/frame'
22:27:09.423 [AsyncHttpClient-1-2] DEBUG org.asynchttpclient.netty.handler.HttpHandler -- 

Request DefaultHttpRequest(decodeResult: success, version: HTTP/1.1)
POST /wd/hub/session/6e478f60247a41e29a4342741c3b2594/frame HTTP/1.1
User-Agent: selenium/4.9.0 (java windows)
traceparent: 00-0dc9b1cecc9b34ff001500d0dcdcbc2f-4413e344705902a0-01
Content-Length: 106
Content-Type: application/json; charset=utf-8
host: ondemand.us-west-1.saucelabs.com
authorization: Basic b2F1dGgtYXV0b2xhemFyZS01NThmYjpmOGQwYTRiNC1lMDU5LTRiMzktYTllYi0zNjY5NjViODg3YjE=
accept: */*

Response DefaultHttpResponse(decodeResult: success, version: HTTP/1.1)
HTTP/1.1 200 OK
content-length: 15
content-type: application/json;charset=UTF-8
date: Fri, 12 May 2023 02:27:09 GMT
server: monocle/0.42
x-request-id: 7b07a14e-e7d8-4a7a-9f8d-14f86705e5ce

22:27:09.425 [AsyncHttpClient-1-2] DEBUG org.asynchttpclient.netty.channel.ChannelManager -- Adding key: https://ondemand.us-west-1.saucelabs.com:443 for channel [id: 0x7b050763, L:/192.168.1.146:49736 - R:ondemand.us-west-1.saucelabs.com/66.85.52.224:443]
22:27:09.434 [Forwarding executeScript on session 6e478f60247a41e29a4342741c3b2594 to remote] DEBUG org.asynchttpclient.netty.request.NettyRequestSender -- Using pooled Channel '[id: 0x7b050763, L:/192.168.1.146:49736 - R:ondemand.us-west-1.saucelabs.com/66.85.52.224:443]' for 'POST' to 'https://oauth-autolazare-558fb:f8d0a4b4-e059-4b39-a9eb-366965b887b1@ondemand.us-west-1.saucelabs.com:443/wd/hub/session/6e478f60247a41e29a4342741c3b2594/execute/sync'
22:27:09.434 [Forwarding executeScript on session 6e478f60247a41e29a4342741c3b2594 to remote] DEBUG org.asynchttpclient.netty.request.NettyRequestSender -- Using open Channel [id: 0x7b050763, L:/192.168.1.146:49736 - R:ondemand.us-west-1.saucelabs.com/66.85.52.224:443] for POST '/wd/hub/session/6e478f60247a41e29a4342741c3b2594/execute/sync'
22:27:09.960 [AsyncHttpClient-1-2] DEBUG org.asynchttpclient.netty.handler.HttpHandler -- 

Request DefaultHttpRequest(decodeResult: success, version: HTTP/1.1)
POST /wd/hub/session/6e478f60247a41e29a4342741c3b2594/execute/sync HTTP/1.1
User-Agent: selenium/4.9.0 (java windows)
traceparent: 00-e64caa5ab1034fedf11c65801edb8aa3-49d697fdcfb332e1-01
Content-Length: 323605
Content-Type: application/json; charset=utf-8
host: ondemand.us-west-1.saucelabs.com
authorization: Basic b2F1dGgtYXV0b2xhemFyZS01NThmYjpmOGQwYTRiNC1lMDU5LTRiMzktYTllYi0zNjY5NjViODg3YjE=
accept: */*

Response DefaultHttpResponse(decodeResult: success, version: HTTP/1.1)
HTTP/1.1 200 OK
content-length: 15
content-type: application/json;charset=UTF-8
date: Fri, 12 May 2023 02:27:09 GMT
server: monocle/0.42
x-request-id: 789a35b6-0b34-4913-8e3b-da47ad8dbbcc

22:27:09.960 [AsyncHttpClient-1-2] DEBUG org.asynchttpclient.netty.channel.ChannelManager -- Adding key: https://ondemand.us-west-1.saucelabs.com:443 for channel [id: 0x7b050763, L:/192.168.1.146:49736 - R:ondemand.us-west-1.saucelabs.com/66.85.52.224:443]
22:27:09.976 [Forwarding findElements on session 6e478f60247a41e29a4342741c3b2594 to remote] DEBUG org.asynchttpclient.netty.request.NettyRequestSender -- Using pooled Channel '[id: 0x7b050763, L:/192.168.1.146:49736 - R:ondemand.us-west-1.saucelabs.com/66.85.52.224:443]' for 'POST' to 'https://oauth-autolazare-558fb:f8d0a4b4-e059-4b39-a9eb-366965b887b1@ondemand.us-west-1.saucelabs.com:443/wd/hub/session/6e478f60247a41e29a4342741c3b2594/elements'
22:27:09.976 [Forwarding findElements on session 6e478f60247a41e29a4342741c3b2594 to remote] DEBUG org.asynchttpclient.netty.request.NettyRequestSender -- Using open Channel [id: 0x7b050763, L:/192.168.1.146:49736 - R:ondemand.us-west-1.saucelabs.com/66.85.52.224:443] for POST '/wd/hub/session/6e478f60247a41e29a4342741c3b2594/elements'
22:27:10.120 [AsyncHttpClient-1-2] DEBUG org.asynchttpclient.netty.handler.HttpHandler -- 

Request DefaultHttpRequest(decodeResult: success, version: HTTP/1.1)
POST /wd/hub/session/6e478f60247a41e29a4342741c3b2594/elements HTTP/1.1
User-Agent: selenium/4.9.0 (java windows)
traceparent: 00-c2dbb3d78f758120e341512a48b22334-de9af7c773378a01-01
Content-Length: 98
Content-Type: application/json; charset=utf-8
host: ondemand.us-west-1.saucelabs.com
authorization: Basic b2F1dGgtYXV0b2xhemFyZS01NThmYjpmOGQwYTRiNC1lMDU5LTRiMzktYTllYi0zNjY5NjViODg3YjE=
accept: */*

Response DefaultHttpResponse(decodeResult: success, version: HTTP/1.1)
HTTP/1.1 200 OK
content-length: 13
content-type: application/json;charset=UTF-8
date: Fri, 12 May 2023 02:27:10 GMT
server: monocle/0.42
x-request-id: cbac4fb9-31bd-4d1d-abf0-f2589918f965

22:27:10.120 [AsyncHttpClient-1-2] DEBUG org.asynchttpclient.netty.channel.ChannelManager -- Adding key: https://ondemand.us-west-1.saucelabs.com:443 for channel [id: 0x7b050763, L:/192.168.1.146:49736 - R:ondemand.us-west-1.saucelabs.com/66.85.52.224:443]
22:27:10.130 [Forwarding switchToParentFrame on session 6e478f60247a41e29a4342741c3b2594 to remote] DEBUG org.asynchttpclient.netty.request.NettyRequestSender -- Using pooled Channel '[id: 0x7b050763, L:/192.168.1.146:49736 - R:ondemand.us-west-1.saucelabs.com/66.85.52.224:443]' for 'POST' to 'https://oauth-autolazare-558fb:f8d0a4b4-e059-4b39-a9eb-366965b887b1@ondemand.us-west-1.saucelabs.com:443/wd/hub/session/6e478f60247a41e29a4342741c3b2594/frame/parent'
22:27:10.130 [Forwarding switchToParentFrame on session 6e478f60247a41e29a4342741c3b2594 to remote] DEBUG org.asynchttpclient.netty.request.NettyRequestSender -- Using open Channel [id: 0x7b050763, L:/192.168.1.146:49736 - R:ondemand.us-west-1.saucelabs.com/66.85.52.224:443] for POST '/wd/hub/session/6e478f60247a41e29a4342741c3b2594/frame/parent'
22:27:10.269 [AsyncHttpClient-1-2] DEBUG org.asynchttpclient.netty.handler.HttpHandler -- 

Request DefaultHttpRequest(decodeResult: success, version: HTTP/1.1)
POST /wd/hub/session/6e478f60247a41e29a4342741c3b2594/frame/parent HTTP/1.1
User-Agent: selenium/4.9.0 (java windows)
traceparent: 00-03f6265f9dc88576383cf2f81849ee21-a564f370ebede347-01
Content-Length: 3
Content-Type: application/json; charset=utf-8
host: ondemand.us-west-1.saucelabs.com
authorization: Basic b2F1dGgtYXV0b2xhemFyZS01NThmYjpmOGQwYTRiNC1lMDU5LTRiMzktYTllYi0zNjY5NjViODg3YjE=
accept: */*

Response DefaultHttpResponse(decodeResult: success, version: HTTP/1.1)
HTTP/1.1 200 OK
content-length: 15
content-type: application/json;charset=UTF-8
date: Fri, 12 May 2023 02:27:10 GMT
server: monocle/0.42
x-request-id: dea7d8de-906e-42fe-892b-986d9ae4f8f6

22:27:10.269 [AsyncHttpClient-1-2] DEBUG org.asynchttpclient.netty.channel.ChannelManager -- Adding key: https://ondemand.us-west-1.saucelabs.com:443 for channel [id: 0x7b050763, L:/192.168.1.146:49736 - R:ondemand.us-west-1.saucelabs.com/66.85.52.224:443]
22:27:10.269 [Forwarding switchToFrame on session 6e478f60247a41e29a4342741c3b2594 to remote] DEBUG org.asynchttpclient.netty.request.NettyRequestSender -- Using pooled Channel '[id: 0x7b050763, L:/192.168.1.146:49736 - R:ondemand.us-west-1.saucelabs.com/66.85.52.224:443]' for 'POST' to 'https://oauth-autolazare-558fb:f8d0a4b4-e059-4b39-a9eb-366965b887b1@ondemand.us-west-1.saucelabs.com:443/wd/hub/session/6e478f60247a41e29a4342741c3b2594/frame'
22:27:10.269 [Forwarding switchToFrame on session 6e478f60247a41e29a4342741c3b2594 to remote] DEBUG org.asynchttpclient.netty.request.NettyRequestSender -- Using open Channel [id: 0x7b050763, L:/192.168.1.146:49736 - R:ondemand.us-west-1.saucelabs.com/66.85.52.224:443] for POST '/wd/hub/session/6e478f60247a41e29a4342741c3b2594/frame'
22:27:10.425 [AsyncHttpClient-1-2] DEBUG org.asynchttpclient.netty.handler.HttpHandler -- 

Request DefaultHttpRequest(decodeResult: success, version: HTTP/1.1)
POST /wd/hub/session/6e478f60247a41e29a4342741c3b2594/frame HTTP/1.1
User-Agent: selenium/4.9.0 (java windows)
traceparent: 00-b0340c7c4830db63740c9ea1522faeb9-dc96ff9307eabc7f-01
Content-Length: 106
Content-Type: application/json; charset=utf-8
host: ondemand.us-west-1.saucelabs.com
authorization: Basic b2F1dGgtYXV0b2xhemFyZS01NThmYjpmOGQwYTRiNC1lMDU5LTRiMzktYTllYi0zNjY5NjViODg3YjE=
accept: */*

Response DefaultHttpResponse(decodeResult: success, version: HTTP/1.1)
HTTP/1.1 200 OK
content-length: 15
content-type: application/json;charset=UTF-8
date: Fri, 12 May 2023 02:27:10 GMT
server: monocle/0.42
x-request-id: dd3dce63-4993-4bec-91dd-7aa78ba18be5

22:27:10.425 [AsyncHttpClient-1-2] DEBUG org.asynchttpclient.netty.channel.ChannelManager -- Adding key: https://ondemand.us-west-1.saucelabs.com:443 for channel [id: 0x7b050763, L:/192.168.1.146:49736 - R:ondemand.us-west-1.saucelabs.com/66.85.52.224:443]
22:27:10.430 [Forwarding executeScript on session 6e478f60247a41e29a4342741c3b2594 to remote] DEBUG org.asynchttpclient.netty.request.NettyRequestSender -- Using pooled Channel '[id: 0x7b050763, L:/192.168.1.146:49736 - R:ondemand.us-west-1.saucelabs.com/66.85.52.224:443]' for 'POST' to 'https://oauth-autolazare-558fb:f8d0a4b4-e059-4b39-a9eb-366965b887b1@ondemand.us-west-1.saucelabs.com:443/wd/hub/session/6e478f60247a41e29a4342741c3b2594/execute/sync'
22:27:10.430 [Forwarding executeScript on session 6e478f60247a41e29a4342741c3b2594 to remote] DEBUG org.asynchttpclient.netty.request.NettyRequestSender -- Using open Channel [id: 0x7b050763, L:/192.168.1.146:49736 - R:ondemand.us-west-1.saucelabs.com/66.85.52.224:443] for POST '/wd/hub/session/6e478f60247a41e29a4342741c3b2594/execute/sync'
22:27:10.921 [AsyncHttpClient-1-2] DEBUG org.asynchttpclient.netty.handler.HttpHandler -- 

Request DefaultHttpRequest(decodeResult: success, version: HTTP/1.1)
POST /wd/hub/session/6e478f60247a41e29a4342741c3b2594/execute/sync HTTP/1.1
User-Agent: selenium/4.9.0 (java windows)
traceparent: 00-45797e5998000ff883d8a817b113b7ff-886f0cabbb3e46b9-01
Content-Length: 323605
Content-Type: application/json; charset=utf-8
host: ondemand.us-west-1.saucelabs.com
authorization: Basic b2F1dGgtYXV0b2xhemFyZS01NThmYjpmOGQwYTRiNC1lMDU5LTRiMzktYTllYi0zNjY5NjViODg3YjE=
accept: */*

Response DefaultHttpResponse(decodeResult: success, version: HTTP/1.1)
HTTP/1.1 200 OK
content-length: 15
content-type: application/json;charset=UTF-8
date: Fri, 12 May 2023 02:27:10 GMT
server: monocle/0.42
x-request-id: dc407cdc-f7ec-48ad-b08d-a2a0faf9cfa1

22:27:10.921 [AsyncHttpClient-1-2] DEBUG org.asynchttpclient.netty.channel.ChannelManager -- Adding key: https://ondemand.us-west-1.saucelabs.com:443 for channel [id: 0x7b050763, L:/192.168.1.146:49736 - R:ondemand.us-west-1.saucelabs.com/66.85.52.224:443]
22:27:10.939 [Forwarding findElements on session 6e478f60247a41e29a4342741c3b2594 to remote] DEBUG org.asynchttpclient.netty.request.NettyRequestSender -- Using pooled Channel '[id: 0x7b050763, L:/192.168.1.146:49736 - R:ondemand.us-west-1.saucelabs.com/66.85.52.224:443]' for 'POST' to 'https://oauth-autolazare-558fb:f8d0a4b4-e059-4b39-a9eb-366965b887b1@ondemand.us-west-1.saucelabs.com:443/wd/hub/session/6e478f60247a41e29a4342741c3b2594/elements'
22:27:10.939 [Forwarding findElements on session 6e478f60247a41e29a4342741c3b2594 to remote] DEBUG org.asynchttpclient.netty.request.NettyRequestSender -- Using open Channel [id: 0x7b050763, L:/192.168.1.146:49736 - R:ondemand.us-west-1.saucelabs.com/66.85.52.224:443] for POST '/wd/hub/session/6e478f60247a41e29a4342741c3b2594/elements'
22:27:11.068 [AsyncHttpClient-1-2] DEBUG org.asynchttpclient.netty.handler.HttpHandler -- 

Request DefaultHttpRequest(decodeResult: success, version: HTTP/1.1)
POST /wd/hub/session/6e478f60247a41e29a4342741c3b2594/elements HTTP/1.1
User-Agent: selenium/4.9.0 (java windows)
traceparent: 00-633f498d4c70845253e42dd682f74d35-9020513e1e6a29da-01
Content-Length: 98
Content-Type: application/json; charset=utf-8
host: ondemand.us-west-1.saucelabs.com
authorization: Basic b2F1dGgtYXV0b2xhemFyZS01NThmYjpmOGQwYTRiNC1lMDU5LTRiMzktYTllYi0zNjY5NjViODg3YjE=
accept: */*

Response DefaultHttpResponse(decodeResult: success, version: HTTP/1.1)
HTTP/1.1 200 OK
content-length: 13
content-type: application/json;charset=UTF-8
date: Fri, 12 May 2023 02:27:11 GMT
server: monocle/0.42
x-request-id: 0d250edb-7a2a-4d7a-a594-4fd8ed68bf6c

22:27:11.068 [AsyncHttpClient-1-2] DEBUG org.asynchttpclient.netty.channel.ChannelManager -- Adding key: https://ondemand.us-west-1.saucelabs.com:443 for channel [id: 0x7b050763, L:/192.168.1.146:49736 - R:ondemand.us-west-1.saucelabs.com/66.85.52.224:443]
22:27:11.071 [Forwarding switchToParentFrame on session 6e478f60247a41e29a4342741c3b2594 to remote] DEBUG org.asynchttpclient.netty.request.NettyRequestSender -- Using pooled Channel '[id: 0x7b050763, L:/192.168.1.146:49736 - R:ondemand.us-west-1.saucelabs.com/66.85.52.224:443]' for 'POST' to 'https://oauth-autolazare-558fb:f8d0a4b4-e059-4b39-a9eb-366965b887b1@ondemand.us-west-1.saucelabs.com:443/wd/hub/session/6e478f60247a41e29a4342741c3b2594/frame/parent'
22:27:11.071 [Forwarding switchToParentFrame on session 6e478f60247a41e29a4342741c3b2594 to remote] DEBUG org.asynchttpclient.netty.request.NettyRequestSender -- Using open Channel [id: 0x7b050763, L:/192.168.1.146:49736 - R:ondemand.us-west-1.saucelabs.com/66.85.52.224:443] for POST '/wd/hub/session/6e478f60247a41e29a4342741c3b2594/frame/parent'
22:27:11.191 [AsyncHttpClient-1-2] DEBUG org.asynchttpclient.netty.handler.HttpHandler -- 

Request DefaultHttpRequest(decodeResult: success, version: HTTP/1.1)
POST /wd/hub/session/6e478f60247a41e29a4342741c3b2594/frame/parent HTTP/1.1
User-Agent: selenium/4.9.0 (java windows)
traceparent: 00-c5691d6b24ed6cc09c3c4e39bb9ba392-5abea4cc1680fbed-01
Content-Length: 3
Content-Type: application/json; charset=utf-8
host: ondemand.us-west-1.saucelabs.com
authorization: Basic b2F1dGgtYXV0b2xhemFyZS01NThmYjpmOGQwYTRiNC1lMDU5LTRiMzktYTllYi0zNjY5NjViODg3YjE=
accept: */*

Response DefaultHttpResponse(decodeResult: success, version: HTTP/1.1)
HTTP/1.1 200 OK
content-length: 15
content-type: application/json;charset=UTF-8
date: Fri, 12 May 2023 02:27:11 GMT
server: monocle/0.42
x-request-id: ca8ae9be-47c1-4999-9beb-65309f1f8e5f

22:27:11.191 [AsyncHttpClient-1-2] DEBUG org.asynchttpclient.netty.channel.ChannelManager -- Adding key: https://ondemand.us-west-1.saucelabs.com:443 for channel [id: 0x7b050763, L:/192.168.1.146:49736 - R:ondemand.us-west-1.saucelabs.com/66.85.52.224:443]
22:27:11.191 [Forwarding executeScript on session 6e478f60247a41e29a4342741c3b2594 to remote] DEBUG org.asynchttpclient.netty.request.NettyRequestSender -- Using pooled Channel '[id: 0x7b050763, L:/192.168.1.146:49736 - R:ondemand.us-west-1.saucelabs.com/66.85.52.224:443]' for 'POST' to 'https://oauth-autolazare-558fb:f8d0a4b4-e059-4b39-a9eb-366965b887b1@ondemand.us-west-1.saucelabs.com:443/wd/hub/session/6e478f60247a41e29a4342741c3b2594/execute/sync'
22:27:11.191 [Forwarding executeScript on session 6e478f60247a41e29a4342741c3b2594 to remote] DEBUG org.asynchttpclient.netty.request.NettyRequestSender -- Using open Channel [id: 0x7b050763, L:/192.168.1.146:49736 - R:ondemand.us-west-1.saucelabs.com/66.85.52.224:443] for POST '/wd/hub/session/6e478f60247a41e29a4342741c3b2594/execute/sync'
22:27:11.321 [AsyncHttpClient-1-2] DEBUG org.asynchttpclient.netty.handler.HttpHandler -- 

Request DefaultHttpRequest(decodeResult: success, version: HTTP/1.1)
POST /wd/hub/session/6e478f60247a41e29a4342741c3b2594/execute/sync HTTP/1.1
User-Agent: selenium/4.9.0 (java windows)
traceparent: 00-05bd23b5ca1921bae8f09025f17940ec-9f06b763a216c948-01
Content-Length: 85
Content-Type: application/json; charset=utf-8
host: ondemand.us-west-1.saucelabs.com
authorization: Basic b2F1dGgtYXV0b2xhemFyZS01NThmYjpmOGQwYTRiNC1lMDU5LTRiMzktYTllYi0zNjY5NjViODg3YjE=
accept: */*

Response DefaultHttpResponse(decodeResult: success, version: HTTP/1.1)
HTTP/1.1 200 OK
content-length: 16
content-type: application/json;charset=UTF-8
date: Fri, 12 May 2023 02:27:11 GMT
server: monocle/0.42
x-request-id: 30d78fbc-9397-4b80-a899-769107e36b6d

22:27:11.322 [AsyncHttpClient-1-2] DEBUG org.asynchttpclient.netty.channel.ChannelManager -- Adding key: https://ondemand.us-west-1.saucelabs.com:443 for channel [id: 0x7b050763, L:/192.168.1.146:49736 - R:ondemand.us-west-1.saucelabs.com/66.85.52.224:443]
22:27:11.324 [Forwarding switchToFrame on session 6e478f60247a41e29a4342741c3b2594 to remote] DEBUG org.asynchttpclient.netty.request.NettyRequestSender -- Using pooled Channel '[id: 0x7b050763, L:/192.168.1.146:49736 - R:ondemand.us-west-1.saucelabs.com/66.85.52.224:443]' for 'POST' to 'https://oauth-autolazare-558fb:f8d0a4b4-e059-4b39-a9eb-366965b887b1@ondemand.us-west-1.saucelabs.com:443/wd/hub/session/6e478f60247a41e29a4342741c3b2594/frame'
22:27:11.324 [Forwarding switchToFrame on session 6e478f60247a41e29a4342741c3b2594 to remote] DEBUG org.asynchttpclient.netty.request.NettyRequestSender -- Using open Channel [id: 0x7b050763, L:/192.168.1.146:49736 - R:ondemand.us-west-1.saucelabs.com/66.85.52.224:443] for POST '/wd/hub/session/6e478f60247a41e29a4342741c3b2594/frame'
22:27:11.443 [AsyncHttpClient-1-2] DEBUG org.asynchttpclient.netty.handler.HttpHandler -- 

Request DefaultHttpRequest(decodeResult: success, version: HTTP/1.1)
POST /wd/hub/session/6e478f60247a41e29a4342741c3b2594/frame HTTP/1.1
User-Agent: selenium/4.9.0 (java windows)
traceparent: 00-1067b28dee2bc1136056af4b871a667e-431232693da217b5-01
Content-Length: 16
Content-Type: application/json; charset=utf-8
host: ondemand.us-west-1.saucelabs.com
authorization: Basic b2F1dGgtYXV0b2xhemFyZS01NThmYjpmOGQwYTRiNC1lMDU5LTRiMzktYTllYi0zNjY5NjViODg3YjE=
accept: */*

Response DefaultHttpResponse(decodeResult: success, version: HTTP/1.1)
HTTP/1.1 200 OK
content-length: 15
content-type: application/json;charset=UTF-8
date: Fri, 12 May 2023 02:27:11 GMT
server: monocle/0.42
x-request-id: 86ddc38b-3dd4-4ed7-81a0-e65502920a71

22:27:11.443 [AsyncHttpClient-1-2] DEBUG org.asynchttpclient.netty.channel.ChannelManager -- Adding key: https://ondemand.us-west-1.saucelabs.com:443 for channel [id: 0x7b050763, L:/192.168.1.146:49736 - R:ondemand.us-west-1.saucelabs.com/66.85.52.224:443]
22:27:11.443 [Forwarding executeScript on session 6e478f60247a41e29a4342741c3b2594 to remote] DEBUG org.asynchttpclient.netty.request.NettyRequestSender -- Using pooled Channel '[id: 0x7b050763, L:/192.168.1.146:49736 - R:ondemand.us-west-1.saucelabs.com/66.85.52.224:443]' for 'POST' to 'https://oauth-autolazare-558fb:f8d0a4b4-e059-4b39-a9eb-366965b887b1@ondemand.us-west-1.saucelabs.com:443/wd/hub/session/6e478f60247a41e29a4342741c3b2594/execute/sync'
22:27:11.443 [Forwarding executeScript on session 6e478f60247a41e29a4342741c3b2594 to remote] DEBUG org.asynchttpclient.netty.request.NettyRequestSender -- Using open Channel [id: 0x7b050763, L:/192.168.1.146:49736 - R:ondemand.us-west-1.saucelabs.com/66.85.52.224:443] for POST '/wd/hub/session/6e478f60247a41e29a4342741c3b2594/execute/sync'
22:27:11.578 [AsyncHttpClient-1-2] DEBUG org.asynchttpclient.netty.handler.HttpHandler -- 

Request DefaultHttpRequest(decodeResult: success, version: HTTP/1.1)
POST /wd/hub/session/6e478f60247a41e29a4342741c3b2594/execute/sync HTTP/1.1
User-Agent: selenium/4.9.0 (java windows)
traceparent: 00-1e8cfcd4cfc4d3b8d50712314dd9bb36-259304c58d48b72f-01
Content-Length: 99
Content-Type: application/json; charset=utf-8
host: ondemand.us-west-1.saucelabs.com
authorization: Basic b2F1dGgtYXV0b2xhemFyZS01NThmYjpmOGQwYTRiNC1lMDU5LTRiMzktYTllYi0zNjY5NjViODg3YjE=
accept: */*

Response DefaultHttpResponse(decodeResult: success, version: HTTP/1.1)
HTTP/1.1 200 OK
content-length: 15
content-type: application/json;charset=UTF-8
date: Fri, 12 May 2023 02:27:11 GMT
server: monocle/0.42
x-request-id: d8303839-2b57-42e9-afc8-2f8265558789

22:27:11.579 [AsyncHttpClient-1-2] DEBUG org.asynchttpclient.netty.channel.ChannelManager -- Adding key: https://ondemand.us-west-1.saucelabs.com:443 for channel [id: 0x7b050763, L:/192.168.1.146:49736 - R:ondemand.us-west-1.saucelabs.com/66.85.52.224:443]
22:27:11.579 [Forwarding findElements on session 6e478f60247a41e29a4342741c3b2594 to remote] DEBUG org.asynchttpclient.netty.request.NettyRequestSender -- Using pooled Channel '[id: 0x7b050763, L:/192.168.1.146:49736 - R:ondemand.us-west-1.saucelabs.com/66.85.52.224:443]' for 'POST' to 'https://oauth-autolazare-558fb:f8d0a4b4-e059-4b39-a9eb-366965b887b1@ondemand.us-west-1.saucelabs.com:443/wd/hub/session/6e478f60247a41e29a4342741c3b2594/elements'
22:27:11.581 [Forwarding findElements on session 6e478f60247a41e29a4342741c3b2594 to remote] DEBUG org.asynchttpclient.netty.request.NettyRequestSender -- Using open Channel [id: 0x7b050763, L:/192.168.1.146:49736 - R:ondemand.us-west-1.saucelabs.com/66.85.52.224:443] for POST '/wd/hub/session/6e478f60247a41e29a4342741c3b2594/elements'
22:27:11.737 [AsyncHttpClient-1-2] DEBUG org.asynchttpclient.netty.handler.HttpHandler -- 

Request DefaultHttpRequest(decodeResult: success, version: HTTP/1.1)
POST /wd/hub/session/6e478f60247a41e29a4342741c3b2594/elements HTTP/1.1
User-Agent: selenium/4.9.0 (java windows)
traceparent: 00-2ec17f84c1537717d82aa59441b98a3e-40cdb47e5620294b-01
Content-Length: 98
Content-Type: application/json; charset=utf-8
host: ondemand.us-west-1.saucelabs.com
authorization: Basic b2F1dGgtYXV0b2xhemFyZS01NThmYjpmOGQwYTRiNC1lMDU5LTRiMzktYTllYi0zNjY5NjViODg3YjE=
accept: */*

Response DefaultHttpResponse(decodeResult: success, version: HTTP/1.1)
HTTP/1.1 200 OK
content-length: 891
content-type: application/json;charset=UTF-8
date: Fri, 12 May 2023 02:27:11 GMT
server: monocle/0.42
x-request-id: 117a083e-de56-4a0a-add2-48f01e859425

22:27:11.737 [AsyncHttpClient-1-2] DEBUG org.asynchttpclient.netty.channel.ChannelManager -- Adding key: https://ondemand.us-west-1.saucelabs.com:443 for channel [id: 0x7b050763, L:/192.168.1.146:49736 - R:ondemand.us-west-1.saucelabs.com/66.85.52.224:443]
22:27:11.740 [Forwarding switchToFrame on session 6e478f60247a41e29a4342741c3b2594 to remote] DEBUG org.asynchttpclient.netty.request.NettyRequestSender -- Using pooled Channel '[id: 0x7b050763, L:/192.168.1.146:49736 - R:ondemand.us-west-1.saucelabs.com/66.85.52.224:443]' for 'POST' to 'https://oauth-autolazare-558fb:f8d0a4b4-e059-4b39-a9eb-366965b887b1@ondemand.us-west-1.saucelabs.com:443/wd/hub/session/6e478f60247a41e29a4342741c3b2594/frame'
22:27:11.740 [Forwarding switchToFrame on session 6e478f60247a41e29a4342741c3b2594 to remote] DEBUG org.asynchttpclient.netty.request.NettyRequestSender -- Using open Channel [id: 0x7b050763, L:/192.168.1.146:49736 - R:ondemand.us-west-1.saucelabs.com/66.85.52.224:443] for POST '/wd/hub/session/6e478f60247a41e29a4342741c3b2594/frame'
22:27:11.886 [AsyncHttpClient-1-2] DEBUG org.asynchttpclient.netty.handler.HttpHandler -- 

Request DefaultHttpRequest(decodeResult: success, version: HTTP/1.1)
POST /wd/hub/session/6e478f60247a41e29a4342741c3b2594/frame HTTP/1.1
User-Agent: selenium/4.9.0 (java windows)
traceparent: 00-5734d2964ba3eb4db16020366829c741-f32160bca11d7371-01
Content-Length: 106
Content-Type: application/json; charset=utf-8
host: ondemand.us-west-1.saucelabs.com
authorization: Basic b2F1dGgtYXV0b2xhemFyZS01NThmYjpmOGQwYTRiNC1lMDU5LTRiMzktYTllYi0zNjY5NjViODg3YjE=
accept: */*

Response DefaultHttpResponse(decodeResult: success, version: HTTP/1.1)
HTTP/1.1 200 OK
content-length: 15
content-type: application/json;charset=UTF-8
date: Fri, 12 May 2023 02:27:11 GMT
server: monocle/0.42
x-request-id: 1bee83d4-e79f-4075-91d9-6534bd69cba7

22:27:11.886 [AsyncHttpClient-1-2] DEBUG org.asynchttpclient.netty.channel.ChannelManager -- Adding key: https://ondemand.us-west-1.saucelabs.com:443 for channel [id: 0x7b050763, L:/192.168.1.146:49736 - R:ondemand.us-west-1.saucelabs.com/66.85.52.224:443]
22:27:11.886 [Forwarding executeScript on session 6e478f60247a41e29a4342741c3b2594 to remote] DEBUG org.asynchttpclient.netty.request.NettyRequestSender -- Using pooled Channel '[id: 0x7b050763, L:/192.168.1.146:49736 - R:ondemand.us-west-1.saucelabs.com/66.85.52.224:443]' for 'POST' to 'https://oauth-autolazare-558fb:f8d0a4b4-e059-4b39-a9eb-366965b887b1@ondemand.us-west-1.saucelabs.com:443/wd/hub/session/6e478f60247a41e29a4342741c3b2594/execute/sync'
22:27:11.886 [Forwarding executeScript on session 6e478f60247a41e29a4342741c3b2594 to remote] DEBUG org.asynchttpclient.netty.request.NettyRequestSender -- Using open Channel [id: 0x7b050763, L:/192.168.1.146:49736 - R:ondemand.us-west-1.saucelabs.com/66.85.52.224:443] for POST '/wd/hub/session/6e478f60247a41e29a4342741c3b2594/execute/sync'
22:27:12.017 [AsyncHttpClient-1-2] DEBUG org.asynchttpclient.netty.handler.HttpHandler -- 

Request DefaultHttpRequest(decodeResult: success, version: HTTP/1.1)
POST /wd/hub/session/6e478f60247a41e29a4342741c3b2594/execute/sync HTTP/1.1
User-Agent: selenium/4.9.0 (java windows)
traceparent: 00-af1738b1f837746081deb865bea42704-930f8d0cfa9278d0-01
Content-Length: 99
Content-Type: application/json; charset=utf-8
host: ondemand.us-west-1.saucelabs.com
authorization: Basic b2F1dGgtYXV0b2xhemFyZS01NThmYjpmOGQwYTRiNC1lMDU5LTRiMzktYTllYi0zNjY5NjViODg3YjE=
accept: */*

Response DefaultHttpResponse(decodeResult: success, version: HTTP/1.1)
HTTP/1.1 200 OK
content-length: 15
content-type: application/json;charset=UTF-8
date: Fri, 12 May 2023 02:27:12 GMT
server: monocle/0.42
x-request-id: 4ab393af-12f5-4632-be7b-e5b54321a4e3

22:27:12.017 [AsyncHttpClient-1-2] DEBUG org.asynchttpclient.netty.channel.ChannelManager -- Adding key: https://ondemand.us-west-1.saucelabs.com:443 for channel [id: 0x7b050763, L:/192.168.1.146:49736 - R:ondemand.us-west-1.saucelabs.com/66.85.52.224:443]
22:27:12.017 [Forwarding findElements on session 6e478f60247a41e29a4342741c3b2594 to remote] DEBUG org.asynchttpclient.netty.request.NettyRequestSender -- Using pooled Channel '[id: 0x7b050763, L:/192.168.1.146:49736 - R:ondemand.us-west-1.saucelabs.com/66.85.52.224:443]' for 'POST' to 'https://oauth-autolazare-558fb:f8d0a4b4-e059-4b39-a9eb-366965b887b1@ondemand.us-west-1.saucelabs.com:443/wd/hub/session/6e478f60247a41e29a4342741c3b2594/elements'
22:27:12.017 [Forwarding findElements on session 6e478f60247a41e29a4342741c3b2594 to remote] DEBUG org.asynchttpclient.netty.request.NettyRequestSender -- Using open Channel [id: 0x7b050763, L:/192.168.1.146:49736 - R:ondemand.us-west-1.saucelabs.com/66.85.52.224:443] for POST '/wd/hub/session/6e478f60247a41e29a4342741c3b2594/elements'
22:27:12.167 [AsyncHttpClient-1-2] DEBUG org.asynchttpclient.netty.handler.HttpHandler -- 

Request DefaultHttpRequest(decodeResult: success, version: HTTP/1.1)
POST /wd/hub/session/6e478f60247a41e29a4342741c3b2594/elements HTTP/1.1
User-Agent: selenium/4.9.0 (java windows)
traceparent: 00-754becfd244c9a7833090ddbdf5486c2-29621ee4002ca55a-01
Content-Length: 98
Content-Type: application/json; charset=utf-8
host: ondemand.us-west-1.saucelabs.com
authorization: Basic b2F1dGgtYXV0b2xhemFyZS01NThmYjpmOGQwYTRiNC1lMDU5LTRiMzktYTllYi0zNjY5NjViODg3YjE=
accept: */*

Response DefaultHttpResponse(decodeResult: success, version: HTTP/1.1)
HTTP/1.1 200 OK
content-length: 99
content-type: application/json;charset=UTF-8
date: Fri, 12 May 2023 02:27:12 GMT
server: monocle/0.42
x-request-id: b2826d65-9b21-4532-a1ad-94da1b1de788

22:27:12.167 [AsyncHttpClient-1-2] DEBUG org.asynchttpclient.netty.channel.ChannelManager -- Adding key: https://ondemand.us-west-1.saucelabs.com:443 for channel [id: 0x7b050763, L:/192.168.1.146:49736 - R:ondemand.us-west-1.saucelabs.com/66.85.52.224:443]
22:27:12.167 [Forwarding switchToFrame on session 6e478f60247a41e29a4342741c3b2594 to remote] DEBUG org.asynchttpclient.netty.request.NettyRequestSender -- Using pooled Channel '[id: 0x7b050763, L:/192.168.1.146:49736 - R:ondemand.us-west-1.saucelabs.com/66.85.52.224:443]' for 'POST' to 'https://oauth-autolazare-558fb:f8d0a4b4-e059-4b39-a9eb-366965b887b1@ondemand.us-west-1.saucelabs.com:443/wd/hub/session/6e478f60247a41e29a4342741c3b2594/frame'
22:27:12.167 [Forwarding switchToFrame on session 6e478f60247a41e29a4342741c3b2594 to remote] DEBUG org.asynchttpclient.netty.request.NettyRequestSender -- Using open Channel [id: 0x7b050763, L:/192.168.1.146:49736 - R:ondemand.us-west-1.saucelabs.com/66.85.52.224:443] for POST '/wd/hub/session/6e478f60247a41e29a4342741c3b2594/frame'
22:27:12.309 [AsyncHttpClient-1-2] DEBUG org.asynchttpclient.netty.handler.HttpHandler -- 

Request DefaultHttpRequest(decodeResult: success, version: HTTP/1.1)
POST /wd/hub/session/6e478f60247a41e29a4342741c3b2594/frame HTTP/1.1
User-Agent: selenium/4.9.0 (java windows)
traceparent: 00-79255c9c4a9546642a827554bf3538c2-fe100f46b2540222-01
Content-Length: 106
Content-Type: application/json; charset=utf-8
host: ondemand.us-west-1.saucelabs.com
authorization: Basic b2F1dGgtYXV0b2xhemFyZS01NThmYjpmOGQwYTRiNC1lMDU5LTRiMzktYTllYi0zNjY5NjViODg3YjE=
accept: */*

Response DefaultHttpResponse(decodeResult: success, version: HTTP/1.1)
HTTP/1.1 200 OK
content-length: 15
content-type: application/json;charset=UTF-8
date: Fri, 12 May 2023 02:27:12 GMT
server: monocle/0.42
x-request-id: 7ced6afb-7370-4516-a6ac-b9c230003bc8

22:27:12.309 [AsyncHttpClient-1-2] DEBUG org.asynchttpclient.netty.channel.ChannelManager -- Adding key: https://ondemand.us-west-1.saucelabs.com:443 for channel [id: 0x7b050763, L:/192.168.1.146:49736 - R:ondemand.us-west-1.saucelabs.com/66.85.52.224:443]
22:27:12.311 [Forwarding executeScript on session 6e478f60247a41e29a4342741c3b2594 to remote] DEBUG org.asynchttpclient.netty.request.NettyRequestSender -- Using pooled Channel '[id: 0x7b050763, L:/192.168.1.146:49736 - R:ondemand.us-west-1.saucelabs.com/66.85.52.224:443]' for 'POST' to 'https://oauth-autolazare-558fb:f8d0a4b4-e059-4b39-a9eb-366965b887b1@ondemand.us-west-1.saucelabs.com:443/wd/hub/session/6e478f60247a41e29a4342741c3b2594/execute/sync'
22:27:12.311 [Forwarding executeScript on session 6e478f60247a41e29a4342741c3b2594 to remote] DEBUG org.asynchttpclient.netty.request.NettyRequestSender -- Using open Channel [id: 0x7b050763, L:/192.168.1.146:49736 - R:ondemand.us-west-1.saucelabs.com/66.85.52.224:443] for POST '/wd/hub/session/6e478f60247a41e29a4342741c3b2594/execute/sync'
22:27:12.428 [AsyncHttpClient-1-2] DEBUG org.asynchttpclient.netty.handler.HttpHandler -- 

Request DefaultHttpRequest(decodeResult: success, version: HTTP/1.1)
POST /wd/hub/session/6e478f60247a41e29a4342741c3b2594/execute/sync HTTP/1.1
User-Agent: selenium/4.9.0 (java windows)
traceparent: 00-1294082a1ec80ad5f65b5790d26b965b-7742a13050358e41-01
Content-Length: 99
Content-Type: application/json; charset=utf-8
host: ondemand.us-west-1.saucelabs.com
authorization: Basic b2F1dGgtYXV0b2xhemFyZS01NThmYjpmOGQwYTRiNC1lMDU5LTRiMzktYTllYi0zNjY5NjViODg3YjE=
accept: */*

Response DefaultHttpResponse(decodeResult: success, version: HTTP/1.1)
HTTP/1.1 200 OK
content-length: 15
content-type: application/json;charset=UTF-8
date: Fri, 12 May 2023 02:27:12 GMT
server: monocle/0.42
x-request-id: 8ebeec8c-b705-4d66-8a83-6bb6dbfb0225

22:27:12.428 [AsyncHttpClient-1-2] DEBUG org.asynchttpclient.netty.channel.ChannelManager -- Adding key: https://ondemand.us-west-1.saucelabs.com:443 for channel [id: 0x7b050763, L:/192.168.1.146:49736 - R:ondemand.us-west-1.saucelabs.com/66.85.52.224:443]
22:27:12.433 [Forwarding findElements on session 6e478f60247a41e29a4342741c3b2594 to remote] DEBUG org.asynchttpclient.netty.request.NettyRequestSender -- Using pooled Channel '[id: 0x7b050763, L:/192.168.1.146:49736 - R:ondemand.us-west-1.saucelabs.com/66.85.52.224:443]' for 'POST' to 'https://oauth-autolazare-558fb:f8d0a4b4-e059-4b39-a9eb-366965b887b1@ondemand.us-west-1.saucelabs.com:443/wd/hub/session/6e478f60247a41e29a4342741c3b2594/elements'
22:27:12.433 [Forwarding findElements on session 6e478f60247a41e29a4342741c3b2594 to remote] DEBUG org.asynchttpclient.netty.request.NettyRequestSender -- Using open Channel [id: 0x7b050763, L:/192.168.1.146:49736 - R:ondemand.us-west-1.saucelabs.com/66.85.52.224:443] for POST '/wd/hub/session/6e478f60247a41e29a4342741c3b2594/elements'
22:27:12.562 [AsyncHttpClient-1-2] DEBUG org.asynchttpclient.netty.handler.HttpHandler -- 

Request DefaultHttpRequest(decodeResult: success, version: HTTP/1.1)
POST /wd/hub/session/6e478f60247a41e29a4342741c3b2594/elements HTTP/1.1
User-Agent: selenium/4.9.0 (java windows)
traceparent: 00-771246e026bbe9766fd0553eca92dcac-07650ec5942d3bfa-01
Content-Length: 98
Content-Type: application/json; charset=utf-8
host: ondemand.us-west-1.saucelabs.com
authorization: Basic b2F1dGgtYXV0b2xhemFyZS01NThmYjpmOGQwYTRiNC1lMDU5LTRiMzktYTllYi0zNjY5NjViODg3YjE=
accept: */*

Response DefaultHttpResponse(decodeResult: success, version: HTTP/1.1)
HTTP/1.1 200 OK
content-length: 13
content-type: application/json;charset=UTF-8
date: Fri, 12 May 2023 02:27:12 GMT
server: monocle/0.42
x-request-id: 2c6510ed-94bd-48d7-87bc-b8e54e1aab9e

22:27:12.562 [AsyncHttpClient-1-2] DEBUG org.asynchttpclient.netty.channel.ChannelManager -- Adding key: https://ondemand.us-west-1.saucelabs.com:443 for channel [id: 0x7b050763, L:/192.168.1.146:49736 - R:ondemand.us-west-1.saucelabs.com/66.85.52.224:443]
22:27:12.564 [Forwarding switchToParentFrame on session 6e478f60247a41e29a4342741c3b2594 to remote] DEBUG org.asynchttpclient.netty.request.NettyRequestSender -- Using pooled Channel '[id: 0x7b050763, L:/192.168.1.146:49736 - R:ondemand.us-west-1.saucelabs.com/66.85.52.224:443]' for 'POST' to 'https://oauth-autolazare-558fb:f8d0a4b4-e059-4b39-a9eb-366965b887b1@ondemand.us-west-1.saucelabs.com:443/wd/hub/session/6e478f60247a41e29a4342741c3b2594/frame/parent'
22:27:12.564 [Forwarding switchToParentFrame on session 6e478f60247a41e29a4342741c3b2594 to remote] DEBUG org.asynchttpclient.netty.request.NettyRequestSender -- Using open Channel [id: 0x7b050763, L:/192.168.1.146:49736 - R:ondemand.us-west-1.saucelabs.com/66.85.52.224:443] for POST '/wd/hub/session/6e478f60247a41e29a4342741c3b2594/frame/parent'
22:27:12.694 [AsyncHttpClient-1-2] DEBUG org.asynchttpclient.netty.handler.HttpHandler -- 

Request DefaultHttpRequest(decodeResult: success, version: HTTP/1.1)
POST /wd/hub/session/6e478f60247a41e29a4342741c3b2594/frame/parent HTTP/1.1
User-Agent: selenium/4.9.0 (java windows)
traceparent: 00-fe5fa61ce42047ee1232e90abb5956e0-2c0ae3929f76524e-01
Content-Length: 3
Content-Type: application/json; charset=utf-8
host: ondemand.us-west-1.saucelabs.com
authorization: Basic b2F1dGgtYXV0b2xhemFyZS01NThmYjpmOGQwYTRiNC1lMDU5LTRiMzktYTllYi0zNjY5NjViODg3YjE=
accept: */*

Response DefaultHttpResponse(decodeResult: success, version: HTTP/1.1)
HTTP/1.1 200 OK
content-length: 15
content-type: application/json;charset=UTF-8
date: Fri, 12 May 2023 02:27:12 GMT
server: monocle/0.42
x-request-id: c839fc86-5ce7-43c5-961f-006035611801

22:27:12.695 [AsyncHttpClient-1-2] DEBUG org.asynchttpclient.netty.channel.ChannelManager -- Adding key: https://ondemand.us-west-1.saucelabs.com:443 for channel [id: 0x7b050763, L:/192.168.1.146:49736 - R:ondemand.us-west-1.saucelabs.com/66.85.52.224:443]
22:27:12.696 [Forwarding switchToParentFrame on session 6e478f60247a41e29a4342741c3b2594 to remote] DEBUG org.asynchttpclient.netty.request.NettyRequestSender -- Using pooled Channel '[id: 0x7b050763, L:/192.168.1.146:49736 - R:ondemand.us-west-1.saucelabs.com/66.85.52.224:443]' for 'POST' to 'https://oauth-autolazare-558fb:f8d0a4b4-e059-4b39-a9eb-366965b887b1@ondemand.us-west-1.saucelabs.com:443/wd/hub/session/6e478f60247a41e29a4342741c3b2594/frame/parent'
22:27:12.696 [Forwarding switchToParentFrame on session 6e478f60247a41e29a4342741c3b2594 to remote] DEBUG org.asynchttpclient.netty.request.NettyRequestSender -- Using open Channel [id: 0x7b050763, L:/192.168.1.146:49736 - R:ondemand.us-west-1.saucelabs.com/66.85.52.224:443] for POST '/wd/hub/session/6e478f60247a41e29a4342741c3b2594/frame/parent'
22:27:12.816 [AsyncHttpClient-1-2] DEBUG org.asynchttpclient.netty.handler.HttpHandler -- 

Request DefaultHttpRequest(decodeResult: success, version: HTTP/1.1)
POST /wd/hub/session/6e478f60247a41e29a4342741c3b2594/frame/parent HTTP/1.1
User-Agent: selenium/4.9.0 (java windows)
traceparent: 00-3e39ec8ffdf6be1f16951bd9dc8d6745-e8eb80947d12bbe1-01
Content-Length: 3
Content-Type: application/json; charset=utf-8
host: ondemand.us-west-1.saucelabs.com
authorization: Basic b2F1dGgtYXV0b2xhemFyZS01NThmYjpmOGQwYTRiNC1lMDU5LTRiMzktYTllYi0zNjY5NjViODg3YjE=
accept: */*

Response DefaultHttpResponse(decodeResult: success, version: HTTP/1.1)
HTTP/1.1 200 OK
content-length: 15
content-type: application/json;charset=UTF-8
date: Fri, 12 May 2023 02:27:12 GMT
server: monocle/0.42
x-request-id: 2500d9c9-2b9c-499e-8f8b-656b9846951d

22:27:12.816 [AsyncHttpClient-1-2] DEBUG org.asynchttpclient.netty.channel.ChannelManager -- Adding key: https://ondemand.us-west-1.saucelabs.com:443 for channel [id: 0x7b050763, L:/192.168.1.146:49736 - R:ondemand.us-west-1.saucelabs.com/66.85.52.224:443]
22:27:12.816 [Forwarding switchToFrame on session 6e478f60247a41e29a4342741c3b2594 to remote] DEBUG org.asynchttpclient.netty.request.NettyRequestSender -- Using pooled Channel '[id: 0x7b050763, L:/192.168.1.146:49736 - R:ondemand.us-west-1.saucelabs.com/66.85.52.224:443]' for 'POST' to 'https://oauth-autolazare-558fb:f8d0a4b4-e059-4b39-a9eb-366965b887b1@ondemand.us-west-1.saucelabs.com:443/wd/hub/session/6e478f60247a41e29a4342741c3b2594/frame'
22:27:12.816 [Forwarding switchToFrame on session 6e478f60247a41e29a4342741c3b2594 to remote] DEBUG org.asynchttpclient.netty.request.NettyRequestSender -- Using open Channel [id: 0x7b050763, L:/192.168.1.146:49736 - R:ondemand.us-west-1.saucelabs.com/66.85.52.224:443] for POST '/wd/hub/session/6e478f60247a41e29a4342741c3b2594/frame'
22:27:12.955 [AsyncHttpClient-1-2] DEBUG org.asynchttpclient.netty.handler.HttpHandler -- 

Request DefaultHttpRequest(decodeResult: success, version: HTTP/1.1)
POST /wd/hub/session/6e478f60247a41e29a4342741c3b2594/frame HTTP/1.1
User-Agent: selenium/4.9.0 (java windows)
traceparent: 00-22597ff15957951dd05da3cfabacc7dc-a20b9285dc32a281-01
Content-Length: 106
Content-Type: application/json; charset=utf-8
host: ondemand.us-west-1.saucelabs.com
authorization: Basic b2F1dGgtYXV0b2xhemFyZS01NThmYjpmOGQwYTRiNC1lMDU5LTRiMzktYTllYi0zNjY5NjViODg3YjE=
accept: */*

Response DefaultHttpResponse(decodeResult: success, version: HTTP/1.1)
HTTP/1.1 200 OK
content-length: 15
content-type: application/json;charset=UTF-8
date: Fri, 12 May 2023 02:27:12 GMT
server: monocle/0.42
x-request-id: 62e79ae4-413e-42c1-b77e-0f8efbe5d6a1

22:27:12.955 [AsyncHttpClient-1-2] DEBUG org.asynchttpclient.netty.channel.ChannelManager -- Adding key: https://ondemand.us-west-1.saucelabs.com:443 for channel [id: 0x7b050763, L:/192.168.1.146:49736 - R:ondemand.us-west-1.saucelabs.com/66.85.52.224:443]
22:27:12.962 [Forwarding executeScript on session 6e478f60247a41e29a4342741c3b2594 to remote] DEBUG org.asynchttpclient.netty.request.NettyRequestSender -- Using pooled Channel '[id: 0x7b050763, L:/192.168.1.146:49736 - R:ondemand.us-west-1.saucelabs.com/66.85.52.224:443]' for 'POST' to 'https://oauth-autolazare-558fb:f8d0a4b4-e059-4b39-a9eb-366965b887b1@ondemand.us-west-1.saucelabs.com:443/wd/hub/session/6e478f60247a41e29a4342741c3b2594/execute/sync'
22:27:12.963 [Forwarding executeScript on session 6e478f60247a41e29a4342741c3b2594 to remote] DEBUG org.asynchttpclient.netty.request.NettyRequestSender -- Using open Channel [id: 0x7b050763, L:/192.168.1.146:49736 - R:ondemand.us-west-1.saucelabs.com/66.85.52.224:443] for POST '/wd/hub/session/6e478f60247a41e29a4342741c3b2594/execute/sync'
22:27:13.076 [AsyncHttpClient-1-2] DEBUG org.asynchttpclient.netty.handler.HttpHandler -- 

Request DefaultHttpRequest(decodeResult: success, version: HTTP/1.1)
POST /wd/hub/session/6e478f60247a41e29a4342741c3b2594/execute/sync HTTP/1.1
User-Agent: selenium/4.9.0 (java windows)
traceparent: 00-b39eea2b0aa9580a5efc9c968329032a-f6c491eec895d071-01
Content-Length: 99
Content-Type: application/json; charset=utf-8
host: ondemand.us-west-1.saucelabs.com
authorization: Basic b2F1dGgtYXV0b2xhemFyZS01NThmYjpmOGQwYTRiNC1lMDU5LTRiMzktYTllYi0zNjY5NjViODg3YjE=
accept: */*

Response DefaultHttpResponse(decodeResult: success, version: HTTP/1.1)
HTTP/1.1 200 OK
content-length: 15
content-type: application/json;charset=UTF-8
date: Fri, 12 May 2023 02:27:13 GMT
server: monocle/0.42
x-request-id: 90afc7f1-5beb-468c-bab3-4a50e7d4c32b

22:27:13.082 [AsyncHttpClient-1-2] DEBUG org.asynchttpclient.netty.channel.ChannelManager -- Adding key: https://ondemand.us-west-1.saucelabs.com:443 for channel [id: 0x7b050763, L:/192.168.1.146:49736 - R:ondemand.us-west-1.saucelabs.com/66.85.52.224:443]
22:27:13.084 [Forwarding findElements on session 6e478f60247a41e29a4342741c3b2594 to remote] DEBUG org.asynchttpclient.netty.request.NettyRequestSender -- Using pooled Channel '[id: 0x7b050763, L:/192.168.1.146:49736 - R:ondemand.us-west-1.saucelabs.com/66.85.52.224:443]' for 'POST' to 'https://oauth-autolazare-558fb:f8d0a4b4-e059-4b39-a9eb-366965b887b1@ondemand.us-west-1.saucelabs.com:443/wd/hub/session/6e478f60247a41e29a4342741c3b2594/elements'
22:27:13.084 [Forwarding findElements on session 6e478f60247a41e29a4342741c3b2594 to remote] DEBUG org.asynchttpclient.netty.request.NettyRequestSender -- Using open Channel [id: 0x7b050763, L:/192.168.1.146:49736 - R:ondemand.us-west-1.saucelabs.com/66.85.52.224:443] for POST '/wd/hub/session/6e478f60247a41e29a4342741c3b2594/elements'
22:27:13.224 [AsyncHttpClient-1-2] DEBUG org.asynchttpclient.netty.handler.HttpHandler -- 

Request DefaultHttpRequest(decodeResult: success, version: HTTP/1.1)
POST /wd/hub/session/6e478f60247a41e29a4342741c3b2594/elements HTTP/1.1
User-Agent: selenium/4.9.0 (java windows)
traceparent: 00-8b1dc9e5dfb748a5290bc66bf227f13c-df644ce7c3280c04-01
Content-Length: 98
Content-Type: application/json; charset=utf-8
host: ondemand.us-west-1.saucelabs.com
authorization: Basic b2F1dGgtYXV0b2xhemFyZS01NThmYjpmOGQwYTRiNC1lMDU5LTRiMzktYTllYi0zNjY5NjViODg3YjE=
accept: */*

Response DefaultHttpResponse(decodeResult: success, version: HTTP/1.1)
HTTP/1.1 200 OK
content-length: 187
content-type: application/json;charset=UTF-8
date: Fri, 12 May 2023 02:27:13 GMT
server: monocle/0.42
x-request-id: fc0ffb10-55e8-415e-82c3-5cecf7d89ab6

22:27:13.224 [AsyncHttpClient-1-2] DEBUG org.asynchttpclient.netty.channel.ChannelManager -- Adding key: https://ondemand.us-west-1.saucelabs.com:443 for channel [id: 0x7b050763, L:/192.168.1.146:49736 - R:ondemand.us-west-1.saucelabs.com/66.85.52.224:443]
22:27:13.226 [Forwarding switchToFrame on session 6e478f60247a41e29a4342741c3b2594 to remote] DEBUG org.asynchttpclient.netty.request.NettyRequestSender -- Using pooled Channel '[id: 0x7b050763, L:/192.168.1.146:49736 - R:ondemand.us-west-1.saucelabs.com/66.85.52.224:443]' for 'POST' to 'https://oauth-autolazare-558fb:f8d0a4b4-e059-4b39-a9eb-366965b887b1@ondemand.us-west-1.saucelabs.com:443/wd/hub/session/6e478f60247a41e29a4342741c3b2594/frame'
22:27:13.226 [Forwarding switchToFrame on session 6e478f60247a41e29a4342741c3b2594 to remote] DEBUG org.asynchttpclient.netty.request.NettyRequestSender -- Using open Channel [id: 0x7b050763, L:/192.168.1.146:49736 - R:ondemand.us-west-1.saucelabs.com/66.85.52.224:443] for POST '/wd/hub/session/6e478f60247a41e29a4342741c3b2594/frame'
22:27:13.799 [AsyncHttpClient-1-2] DEBUG org.asynchttpclient.netty.handler.HttpHandler -- 

Request DefaultHttpRequest(decodeResult: success, version: HTTP/1.1)
POST /wd/hub/session/6e478f60247a41e29a4342741c3b2594/frame HTTP/1.1
User-Agent: selenium/4.9.0 (java windows)
traceparent: 00-e63891c8fa1336d85d15d1a51fa1fbed-155bc5aa36820536-01
Content-Length: 106
Content-Type: application/json; charset=utf-8
host: ondemand.us-west-1.saucelabs.com
authorization: Basic b2F1dGgtYXV0b2xhemFyZS01NThmYjpmOGQwYTRiNC1lMDU5LTRiMzktYTllYi0zNjY5NjViODg3YjE=
accept: */*

Response DefaultHttpResponse(decodeResult: success, version: HTTP/1.1)
HTTP/1.1 200 OK
content-length: 15
content-type: application/json;charset=UTF-8
date: Fri, 12 May 2023 02:27:13 GMT
server: monocle/0.42
x-request-id: 4cc1012f-882e-45c5-b58e-f5c0f27259f0

22:27:13.799 [AsyncHttpClient-1-2] DEBUG org.asynchttpclient.netty.channel.ChannelManager -- Adding key: https://ondemand.us-west-1.saucelabs.com:443 for channel [id: 0x7b050763, L:/192.168.1.146:49736 - R:ondemand.us-west-1.saucelabs.com/66.85.52.224:443]
22:27:13.802 [Forwarding executeScript on session 6e478f60247a41e29a4342741c3b2594 to remote] DEBUG org.asynchttpclient.netty.request.NettyRequestSender -- Using pooled Channel '[id: 0x7b050763, L:/192.168.1.146:49736 - R:ondemand.us-west-1.saucelabs.com/66.85.52.224:443]' for 'POST' to 'https://oauth-autolazare-558fb:f8d0a4b4-e059-4b39-a9eb-366965b887b1@ondemand.us-west-1.saucelabs.com:443/wd/hub/session/6e478f60247a41e29a4342741c3b2594/execute/sync'
22:27:13.802 [Forwarding executeScript on session 6e478f60247a41e29a4342741c3b2594 to remote] DEBUG org.asynchttpclient.netty.request.NettyRequestSender -- Using open Channel [id: 0x7b050763, L:/192.168.1.146:49736 - R:ondemand.us-west-1.saucelabs.com/66.85.52.224:443] for POST '/wd/hub/session/6e478f60247a41e29a4342741c3b2594/execute/sync'
22:27:13.928 [AsyncHttpClient-1-2] DEBUG org.asynchttpclient.netty.handler.HttpHandler -- 

Request DefaultHttpRequest(decodeResult: success, version: HTTP/1.1)
POST /wd/hub/session/6e478f60247a41e29a4342741c3b2594/execute/sync HTTP/1.1
User-Agent: selenium/4.9.0 (java windows)
traceparent: 00-fd4c366df1aa8556e9078ffa92288140-6a00383f6109a380-01
Content-Length: 99
Content-Type: application/json; charset=utf-8
host: ondemand.us-west-1.saucelabs.com
authorization: Basic b2F1dGgtYXV0b2xhemFyZS01NThmYjpmOGQwYTRiNC1lMDU5LTRiMzktYTllYi0zNjY5NjViODg3YjE=
accept: */*

Response DefaultHttpResponse(decodeResult: success, version: HTTP/1.1)
HTTP/1.1 200 OK
content-length: 15
content-type: application/json;charset=UTF-8
date: Fri, 12 May 2023 02:27:13 GMT
server: monocle/0.42
x-request-id: ea42599b-c920-4556-bff2-44bc8a78d4d8

22:27:13.928 [AsyncHttpClient-1-2] DEBUG org.asynchttpclient.netty.channel.ChannelManager -- Adding key: https://ondemand.us-west-1.saucelabs.com:443 for channel [id: 0x7b050763, L:/192.168.1.146:49736 - R:ondemand.us-west-1.saucelabs.com/66.85.52.224:443]
22:27:13.928 [Forwarding findElements on session 6e478f60247a41e29a4342741c3b2594 to remote] DEBUG org.asynchttpclient.netty.request.NettyRequestSender -- Using pooled Channel '[id: 0x7b050763, L:/192.168.1.146:49736 - R:ondemand.us-west-1.saucelabs.com/66.85.52.224:443]' for 'POST' to 'https://oauth-autolazare-558fb:f8d0a4b4-e059-4b39-a9eb-366965b887b1@ondemand.us-west-1.saucelabs.com:443/wd/hub/session/6e478f60247a41e29a4342741c3b2594/elements'
22:27:13.928 [Forwarding findElements on session 6e478f60247a41e29a4342741c3b2594 to remote] DEBUG org.asynchttpclient.netty.request.NettyRequestSender -- Using open Channel [id: 0x7b050763, L:/192.168.1.146:49736 - R:ondemand.us-west-1.saucelabs.com/66.85.52.224:443] for POST '/wd/hub/session/6e478f60247a41e29a4342741c3b2594/elements'
22:27:14.062 [AsyncHttpClient-1-2] DEBUG org.asynchttpclient.netty.handler.HttpHandler -- 

Request DefaultHttpRequest(decodeResult: success, version: HTTP/1.1)
POST /wd/hub/session/6e478f60247a41e29a4342741c3b2594/elements HTTP/1.1
User-Agent: selenium/4.9.0 (java windows)
traceparent: 00-ca9656b64e2ae0cfd3e7c55dc740ad30-d609b0b5f50a2453-01
Content-Length: 98
Content-Type: application/json; charset=utf-8
host: ondemand.us-west-1.saucelabs.com
authorization: Basic b2F1dGgtYXV0b2xhemFyZS01NThmYjpmOGQwYTRiNC1lMDU5LTRiMzktYTllYi0zNjY5NjViODg3YjE=
accept: */*

Response DefaultHttpResponse(decodeResult: success, version: HTTP/1.1)
HTTP/1.1 200 OK
content-length: 13
content-type: application/json;charset=UTF-8
date: Fri, 12 May 2023 02:27:14 GMT
server: monocle/0.42
x-request-id: b1a1973f-6f63-45fb-91b0-2a930ac4cee5

22:27:14.062 [AsyncHttpClient-1-2] DEBUG org.asynchttpclient.netty.channel.ChannelManager -- Adding key: https://ondemand.us-west-1.saucelabs.com:443 for channel [id: 0x7b050763, L:/192.168.1.146:49736 - R:ondemand.us-west-1.saucelabs.com/66.85.52.224:443]
22:27:14.062 [Forwarding switchToParentFrame on session 6e478f60247a41e29a4342741c3b2594 to remote] DEBUG org.asynchttpclient.netty.request.NettyRequestSender -- Using pooled Channel '[id: 0x7b050763, L:/192.168.1.146:49736 - R:ondemand.us-west-1.saucelabs.com/66.85.52.224:443]' for 'POST' to 'https://oauth-autolazare-558fb:f8d0a4b4-e059-4b39-a9eb-366965b887b1@ondemand.us-west-1.saucelabs.com:443/wd/hub/session/6e478f60247a41e29a4342741c3b2594/frame/parent'
22:27:14.062 [Forwarding switchToParentFrame on session 6e478f60247a41e29a4342741c3b2594 to remote] DEBUG org.asynchttpclient.netty.request.NettyRequestSender -- Using open Channel [id: 0x7b050763, L:/192.168.1.146:49736 - R:ondemand.us-west-1.saucelabs.com/66.85.52.224:443] for POST '/wd/hub/session/6e478f60247a41e29a4342741c3b2594/frame/parent'
22:27:14.185 [AsyncHttpClient-1-2] DEBUG org.asynchttpclient.netty.handler.HttpHandler -- 

Request DefaultHttpRequest(decodeResult: success, version: HTTP/1.1)
POST /wd/hub/session/6e478f60247a41e29a4342741c3b2594/frame/parent HTTP/1.1
User-Agent: selenium/4.9.0 (java windows)
traceparent: 00-87074e615ced30dec557bbfbc49a04f1-1f67434a5baf7dad-01
Content-Length: 3
Content-Type: application/json; charset=utf-8
host: ondemand.us-west-1.saucelabs.com
authorization: Basic b2F1dGgtYXV0b2xhemFyZS01NThmYjpmOGQwYTRiNC1lMDU5LTRiMzktYTllYi0zNjY5NjViODg3YjE=
accept: */*

Response DefaultHttpResponse(decodeResult: success, version: HTTP/1.1)
HTTP/1.1 200 OK
content-length: 15
content-type: application/json;charset=UTF-8
date: Fri, 12 May 2023 02:27:14 GMT
server: monocle/0.42
x-request-id: 1a43b95f-9188-47aa-932c-73959b0fb9cb

22:27:14.185 [AsyncHttpClient-1-2] DEBUG org.asynchttpclient.netty.channel.ChannelManager -- Adding key: https://ondemand.us-west-1.saucelabs.com:443 for channel [id: 0x7b050763, L:/192.168.1.146:49736 - R:ondemand.us-west-1.saucelabs.com/66.85.52.224:443]
22:27:14.185 [Forwarding switchToFrame on session 6e478f60247a41e29a4342741c3b2594 to remote] DEBUG org.asynchttpclient.netty.request.NettyRequestSender -- Using pooled Channel '[id: 0x7b050763, L:/192.168.1.146:49736 - R:ondemand.us-west-1.saucelabs.com/66.85.52.224:443]' for 'POST' to 'https://oauth-autolazare-558fb:f8d0a4b4-e059-4b39-a9eb-366965b887b1@ondemand.us-west-1.saucelabs.com:443/wd/hub/session/6e478f60247a41e29a4342741c3b2594/frame'
22:27:14.185 [Forwarding switchToFrame on session 6e478f60247a41e29a4342741c3b2594 to remote] DEBUG org.asynchttpclient.netty.request.NettyRequestSender -- Using open Channel [id: 0x7b050763, L:/192.168.1.146:49736 - R:ondemand.us-west-1.saucelabs.com/66.85.52.224:443] for POST '/wd/hub/session/6e478f60247a41e29a4342741c3b2594/frame'
22:27:14.335 [AsyncHttpClient-1-2] DEBUG org.asynchttpclient.netty.handler.HttpHandler -- 

Request DefaultHttpRequest(decodeResult: success, version: HTTP/1.1)
POST /wd/hub/session/6e478f60247a41e29a4342741c3b2594/frame HTTP/1.1
User-Agent: selenium/4.9.0 (java windows)
traceparent: 00-f3ac19dcb5b65d44ed00d62aa7d2c8d7-f4eaf3d5c45836bd-01
Content-Length: 106
Content-Type: application/json; charset=utf-8
host: ondemand.us-west-1.saucelabs.com
authorization: Basic b2F1dGgtYXV0b2xhemFyZS01NThmYjpmOGQwYTRiNC1lMDU5LTRiMzktYTllYi0zNjY5NjViODg3YjE=
accept: */*

Response DefaultHttpResponse(decodeResult: success, version: HTTP/1.1)
HTTP/1.1 200 OK
content-length: 15
content-type: application/json;charset=UTF-8
date: Fri, 12 May 2023 02:27:14 GMT
server: monocle/0.42
x-request-id: 99e4f634-ffa9-4215-9c14-89ffa583af2d

22:27:14.335 [AsyncHttpClient-1-2] DEBUG org.asynchttpclient.netty.channel.ChannelManager -- Adding key: https://ondemand.us-west-1.saucelabs.com:443 for channel [id: 0x7b050763, L:/192.168.1.146:49736 - R:ondemand.us-west-1.saucelabs.com/66.85.52.224:443]
22:27:14.335 [Forwarding executeScript on session 6e478f60247a41e29a4342741c3b2594 to remote] DEBUG org.asynchttpclient.netty.request.NettyRequestSender -- Using pooled Channel '[id: 0x7b050763, L:/192.168.1.146:49736 - R:ondemand.us-west-1.saucelabs.com/66.85.52.224:443]' for 'POST' to 'https://oauth-autolazare-558fb:f8d0a4b4-e059-4b39-a9eb-366965b887b1@ondemand.us-west-1.saucelabs.com:443/wd/hub/session/6e478f60247a41e29a4342741c3b2594/execute/sync'
22:27:14.335 [Forwarding executeScript on session 6e478f60247a41e29a4342741c3b2594 to remote] DEBUG org.asynchttpclient.netty.request.NettyRequestSender -- Using open Channel [id: 0x7b050763, L:/192.168.1.146:49736 - R:ondemand.us-west-1.saucelabs.com/66.85.52.224:443] for POST '/wd/hub/session/6e478f60247a41e29a4342741c3b2594/execute/sync'
22:27:14.473 [AsyncHttpClient-1-2] DEBUG org.asynchttpclient.netty.handler.HttpHandler -- 

Request DefaultHttpRequest(decodeResult: success, version: HTTP/1.1)
POST /wd/hub/session/6e478f60247a41e29a4342741c3b2594/execute/sync HTTP/1.1
User-Agent: selenium/4.9.0 (java windows)
traceparent: 00-f77a2dc13700097e3d6c3e15bd57a784-1a867c36bab20899-01
Content-Length: 99
Content-Type: application/json; charset=utf-8
host: ondemand.us-west-1.saucelabs.com
authorization: Basic b2F1dGgtYXV0b2xhemFyZS01NThmYjpmOGQwYTRiNC1lMDU5LTRiMzktYTllYi0zNjY5NjViODg3YjE=
accept: */*

Response DefaultHttpResponse(decodeResult: success, version: HTTP/1.1)
HTTP/1.1 200 OK
content-length: 15
content-type: application/json;charset=UTF-8
date: Fri, 12 May 2023 02:27:14 GMT
server: monocle/0.42
x-request-id: c7f0d202-b86f-4d74-ad3a-1ec7e4c5e22f

22:27:14.473 [AsyncHttpClient-1-2] DEBUG org.asynchttpclient.netty.channel.ChannelManager -- Adding key: https://ondemand.us-west-1.saucelabs.com:443 for channel [id: 0x7b050763, L:/192.168.1.146:49736 - R:ondemand.us-west-1.saucelabs.com/66.85.52.224:443]
22:27:14.475 [Forwarding findElements on session 6e478f60247a41e29a4342741c3b2594 to remote] DEBUG org.asynchttpclient.netty.request.NettyRequestSender -- Using pooled Channel '[id: 0x7b050763, L:/192.168.1.146:49736 - R:ondemand.us-west-1.saucelabs.com/66.85.52.224:443]' for 'POST' to 'https://oauth-autolazare-558fb:f8d0a4b4-e059-4b39-a9eb-366965b887b1@ondemand.us-west-1.saucelabs.com:443/wd/hub/session/6e478f60247a41e29a4342741c3b2594/elements'
22:27:14.475 [Forwarding findElements on session 6e478f60247a41e29a4342741c3b2594 to remote] DEBUG org.asynchttpclient.netty.request.NettyRequestSender -- Using open Channel [id: 0x7b050763, L:/192.168.1.146:49736 - R:ondemand.us-west-1.saucelabs.com/66.85.52.224:443] for POST '/wd/hub/session/6e478f60247a41e29a4342741c3b2594/elements'
22:27:14.605 [AsyncHttpClient-1-2] DEBUG org.asynchttpclient.netty.handler.HttpHandler -- 

Request DefaultHttpRequest(decodeResult: success, version: HTTP/1.1)
POST /wd/hub/session/6e478f60247a41e29a4342741c3b2594/elements HTTP/1.1
User-Agent: selenium/4.9.0 (java windows)
traceparent: 00-d2e2f6f5ceb4b828aee8eac4e0157d7e-1c59fd4be86ae807-01
Content-Length: 98
Content-Type: application/json; charset=utf-8
host: ondemand.us-west-1.saucelabs.com
authorization: Basic b2F1dGgtYXV0b2xhemFyZS01NThmYjpmOGQwYTRiNC1lMDU5LTRiMzktYTllYi0zNjY5NjViODg3YjE=
accept: */*

Response DefaultHttpResponse(decodeResult: success, version: HTTP/1.1)
HTTP/1.1 200 OK
content-length: 13
content-type: application/json;charset=UTF-8
date: Fri, 12 May 2023 02:27:14 GMT
server: monocle/0.42
x-request-id: a10ce3e2-2974-469a-8dc6-75fbb3443ca3

22:27:14.605 [AsyncHttpClient-1-2] DEBUG org.asynchttpclient.netty.channel.ChannelManager -- Adding key: https://ondemand.us-west-1.saucelabs.com:443 for channel [id: 0x7b050763, L:/192.168.1.146:49736 - R:ondemand.us-west-1.saucelabs.com/66.85.52.224:443]
22:27:14.606 [Forwarding switchToParentFrame on session 6e478f60247a41e29a4342741c3b2594 to remote] DEBUG org.asynchttpclient.netty.request.NettyRequestSender -- Using pooled Channel '[id: 0x7b050763, L:/192.168.1.146:49736 - R:ondemand.us-west-1.saucelabs.com/66.85.52.224:443]' for 'POST' to 'https://oauth-autolazare-558fb:f8d0a4b4-e059-4b39-a9eb-366965b887b1@ondemand.us-west-1.saucelabs.com:443/wd/hub/session/6e478f60247a41e29a4342741c3b2594/frame/parent'
22:27:14.606 [Forwarding switchToParentFrame on session 6e478f60247a41e29a4342741c3b2594 to remote] DEBUG org.asynchttpclient.netty.request.NettyRequestSender -- Using open Channel [id: 0x7b050763, L:/192.168.1.146:49736 - R:ondemand.us-west-1.saucelabs.com/66.85.52.224:443] for POST '/wd/hub/session/6e478f60247a41e29a4342741c3b2594/frame/parent'
22:27:14.732 [AsyncHttpClient-1-2] DEBUG org.asynchttpclient.netty.handler.HttpHandler -- 

Request DefaultHttpRequest(decodeResult: success, version: HTTP/1.1)
POST /wd/hub/session/6e478f60247a41e29a4342741c3b2594/frame/parent HTTP/1.1
User-Agent: selenium/4.9.0 (java windows)
traceparent: 00-66480709ca1acfe03989ea5a382ac3b2-05f5ac657ccbb95d-01
Content-Length: 3
Content-Type: application/json; charset=utf-8
host: ondemand.us-west-1.saucelabs.com
authorization: Basic b2F1dGgtYXV0b2xhemFyZS01NThmYjpmOGQwYTRiNC1lMDU5LTRiMzktYTllYi0zNjY5NjViODg3YjE=
accept: */*

Response DefaultHttpResponse(decodeResult: success, version: HTTP/1.1)
HTTP/1.1 200 OK
content-length: 15
content-type: application/json;charset=UTF-8
date: Fri, 12 May 2023 02:27:14 GMT
server: monocle/0.42
x-request-id: 1b63cc29-1b61-46c5-b7d3-168e24f9442e

22:27:14.732 [AsyncHttpClient-1-2] DEBUG org.asynchttpclient.netty.channel.ChannelManager -- Adding key: https://ondemand.us-west-1.saucelabs.com:443 for channel [id: 0x7b050763, L:/192.168.1.146:49736 - R:ondemand.us-west-1.saucelabs.com/66.85.52.224:443]
22:27:14.732 [Forwarding switchToParentFrame on session 6e478f60247a41e29a4342741c3b2594 to remote] DEBUG org.asynchttpclient.netty.request.NettyRequestSender -- Using pooled Channel '[id: 0x7b050763, L:/192.168.1.146:49736 - R:ondemand.us-west-1.saucelabs.com/66.85.52.224:443]' for 'POST' to 'https://oauth-autolazare-558fb:f8d0a4b4-e059-4b39-a9eb-366965b887b1@ondemand.us-west-1.saucelabs.com:443/wd/hub/session/6e478f60247a41e29a4342741c3b2594/frame/parent'
22:27:14.732 [Forwarding switchToParentFrame on session 6e478f60247a41e29a4342741c3b2594 to remote] DEBUG org.asynchttpclient.netty.request.NettyRequestSender -- Using open Channel [id: 0x7b050763, L:/192.168.1.146:49736 - R:ondemand.us-west-1.saucelabs.com/66.85.52.224:443] for POST '/wd/hub/session/6e478f60247a41e29a4342741c3b2594/frame/parent'
22:27:14.863 [AsyncHttpClient-1-2] DEBUG org.asynchttpclient.netty.handler.HttpHandler -- 

Request DefaultHttpRequest(decodeResult: success, version: HTTP/1.1)
POST /wd/hub/session/6e478f60247a41e29a4342741c3b2594/frame/parent HTTP/1.1
User-Agent: selenium/4.9.0 (java windows)
traceparent: 00-44b638d24c5390369d674a5964fe1b85-fc9ecdad62b30418-01
Content-Length: 3
Content-Type: application/json; charset=utf-8
host: ondemand.us-west-1.saucelabs.com
authorization: Basic b2F1dGgtYXV0b2xhemFyZS01NThmYjpmOGQwYTRiNC1lMDU5LTRiMzktYTllYi0zNjY5NjViODg3YjE=
accept: */*

Response DefaultHttpResponse(decodeResult: success, version: HTTP/1.1)
HTTP/1.1 200 OK
content-length: 15
content-type: application/json;charset=UTF-8
date: Fri, 12 May 2023 02:27:14 GMT
server: monocle/0.42
x-request-id: 487a1893-b091-4001-a25a-609bfb6e5e0f

22:27:14.863 [AsyncHttpClient-1-2] DEBUG org.asynchttpclient.netty.channel.ChannelManager -- Adding key: https://ondemand.us-west-1.saucelabs.com:443 for channel [id: 0x7b050763, L:/192.168.1.146:49736 - R:ondemand.us-west-1.saucelabs.com/66.85.52.224:443]
22:27:14.863 [Forwarding switchToFrame on session 6e478f60247a41e29a4342741c3b2594 to remote] DEBUG org.asynchttpclient.netty.request.NettyRequestSender -- Using pooled Channel '[id: 0x7b050763, L:/192.168.1.146:49736 - R:ondemand.us-west-1.saucelabs.com/66.85.52.224:443]' for 'POST' to 'https://oauth-autolazare-558fb:f8d0a4b4-e059-4b39-a9eb-366965b887b1@ondemand.us-west-1.saucelabs.com:443/wd/hub/session/6e478f60247a41e29a4342741c3b2594/frame'
22:27:14.863 [Forwarding switchToFrame on session 6e478f60247a41e29a4342741c3b2594 to remote] DEBUG org.asynchttpclient.netty.request.NettyRequestSender -- Using open Channel [id: 0x7b050763, L:/192.168.1.146:49736 - R:ondemand.us-west-1.saucelabs.com/66.85.52.224:443] for POST '/wd/hub/session/6e478f60247a41e29a4342741c3b2594/frame'
22:27:15.017 [AsyncHttpClient-1-2] DEBUG org.asynchttpclient.netty.handler.HttpHandler -- 

Request DefaultHttpRequest(decodeResult: success, version: HTTP/1.1)
POST /wd/hub/session/6e478f60247a41e29a4342741c3b2594/frame HTTP/1.1
User-Agent: selenium/4.9.0 (java windows)
traceparent: 00-c3bc5da30d62703cc452a0f16f29d968-513055a67d2b85f1-01
Content-Length: 106
Content-Type: application/json; charset=utf-8
host: ondemand.us-west-1.saucelabs.com
authorization: Basic b2F1dGgtYXV0b2xhemFyZS01NThmYjpmOGQwYTRiNC1lMDU5LTRiMzktYTllYi0zNjY5NjViODg3YjE=
accept: */*

Response DefaultHttpResponse(decodeResult: success, version: HTTP/1.1)
HTTP/1.1 200 OK
content-length: 15
content-type: application/json;charset=UTF-8
date: Fri, 12 May 2023 02:27:15 GMT
server: monocle/0.42
x-request-id: 26c1c270-f96d-4b1e-80e5-9ccad2d3834a

22:27:15.017 [AsyncHttpClient-1-2] DEBUG org.asynchttpclient.netty.channel.ChannelManager -- Adding key: https://ondemand.us-west-1.saucelabs.com:443 for channel [id: 0x7b050763, L:/192.168.1.146:49736 - R:ondemand.us-west-1.saucelabs.com/66.85.52.224:443]
22:27:15.017 [Forwarding executeScript on session 6e478f60247a41e29a4342741c3b2594 to remote] DEBUG org.asynchttpclient.netty.request.NettyRequestSender -- Using pooled Channel '[id: 0x7b050763, L:/192.168.1.146:49736 - R:ondemand.us-west-1.saucelabs.com/66.85.52.224:443]' for 'POST' to 'https://oauth-autolazare-558fb:f8d0a4b4-e059-4b39-a9eb-366965b887b1@ondemand.us-west-1.saucelabs.com:443/wd/hub/session/6e478f60247a41e29a4342741c3b2594/execute/sync'
22:27:15.017 [Forwarding executeScript on session 6e478f60247a41e29a4342741c3b2594 to remote] DEBUG org.asynchttpclient.netty.request.NettyRequestSender -- Using open Channel [id: 0x7b050763, L:/192.168.1.146:49736 - R:ondemand.us-west-1.saucelabs.com/66.85.52.224:443] for POST '/wd/hub/session/6e478f60247a41e29a4342741c3b2594/execute/sync'
22:27:15.148 [AsyncHttpClient-1-2] DEBUG org.asynchttpclient.netty.handler.HttpHandler -- 

Request DefaultHttpRequest(decodeResult: success, version: HTTP/1.1)
POST /wd/hub/session/6e478f60247a41e29a4342741c3b2594/execute/sync HTTP/1.1
User-Agent: selenium/4.9.0 (java windows)
traceparent: 00-160f73ad8962f927daa791a552eb933e-cee62a5b8d847edc-01
Content-Length: 99
Content-Type: application/json; charset=utf-8
host: ondemand.us-west-1.saucelabs.com
authorization: Basic b2F1dGgtYXV0b2xhemFyZS01NThmYjpmOGQwYTRiNC1lMDU5LTRiMzktYTllYi0zNjY5NjViODg3YjE=
accept: */*

Response DefaultHttpResponse(decodeResult: success, version: HTTP/1.1)
HTTP/1.1 200 OK
content-length: 15
content-type: application/json;charset=UTF-8
date: Fri, 12 May 2023 02:27:15 GMT
server: monocle/0.42
x-request-id: 99e92145-760b-4838-bb44-e0ce6f46da44

22:27:15.148 [AsyncHttpClient-1-2] DEBUG org.asynchttpclient.netty.channel.ChannelManager -- Adding key: https://ondemand.us-west-1.saucelabs.com:443 for channel [id: 0x7b050763, L:/192.168.1.146:49736 - R:ondemand.us-west-1.saucelabs.com/66.85.52.224:443]
22:27:15.148 [Forwarding findElements on session 6e478f60247a41e29a4342741c3b2594 to remote] DEBUG org.asynchttpclient.netty.request.NettyRequestSender -- Using pooled Channel '[id: 0x7b050763, L:/192.168.1.146:49736 - R:ondemand.us-west-1.saucelabs.com/66.85.52.224:443]' for 'POST' to 'https://oauth-autolazare-558fb:f8d0a4b4-e059-4b39-a9eb-366965b887b1@ondemand.us-west-1.saucelabs.com:443/wd/hub/session/6e478f60247a41e29a4342741c3b2594/elements'
22:27:15.148 [Forwarding findElements on session 6e478f60247a41e29a4342741c3b2594 to remote] DEBUG org.asynchttpclient.netty.request.NettyRequestSender -- Using open Channel [id: 0x7b050763, L:/192.168.1.146:49736 - R:ondemand.us-west-1.saucelabs.com/66.85.52.224:443] for POST '/wd/hub/session/6e478f60247a41e29a4342741c3b2594/elements'
22:27:15.290 [AsyncHttpClient-1-2] DEBUG org.asynchttpclient.netty.handler.HttpHandler -- 

Request DefaultHttpRequest(decodeResult: success, version: HTTP/1.1)
POST /wd/hub/session/6e478f60247a41e29a4342741c3b2594/elements HTTP/1.1
User-Agent: selenium/4.9.0 (java windows)
traceparent: 00-d75837ea2b9d1027cdeeaf9aa098aab7-907eed7e4bf36589-01
Content-Length: 98
Content-Type: application/json; charset=utf-8
host: ondemand.us-west-1.saucelabs.com
authorization: Basic b2F1dGgtYXV0b2xhemFyZS01NThmYjpmOGQwYTRiNC1lMDU5LTRiMzktYTllYi0zNjY5NjViODg3YjE=
accept: */*

Response DefaultHttpResponse(decodeResult: success, version: HTTP/1.1)
HTTP/1.1 200 OK
content-length: 187
content-type: application/json;charset=UTF-8
date: Fri, 12 May 2023 02:27:15 GMT
server: monocle/0.42
x-request-id: 3411448d-9db6-455d-9a4f-f077181cf942

22:27:15.298 [AsyncHttpClient-1-2] DEBUG org.asynchttpclient.netty.channel.ChannelManager -- Adding key: https://ondemand.us-west-1.saucelabs.com:443 for channel [id: 0x7b050763, L:/192.168.1.146:49736 - R:ondemand.us-west-1.saucelabs.com/66.85.52.224:443]
22:27:15.299 [Forwarding switchToFrame on session 6e478f60247a41e29a4342741c3b2594 to remote] DEBUG org.asynchttpclient.netty.request.NettyRequestSender -- Using pooled Channel '[id: 0x7b050763, L:/192.168.1.146:49736 - R:ondemand.us-west-1.saucelabs.com/66.85.52.224:443]' for 'POST' to 'https://oauth-autolazare-558fb:f8d0a4b4-e059-4b39-a9eb-366965b887b1@ondemand.us-west-1.saucelabs.com:443/wd/hub/session/6e478f60247a41e29a4342741c3b2594/frame'
22:27:15.299 [Forwarding switchToFrame on session 6e478f60247a41e29a4342741c3b2594 to remote] DEBUG org.asynchttpclient.netty.request.NettyRequestSender -- Using open Channel [id: 0x7b050763, L:/192.168.1.146:49736 - R:ondemand.us-west-1.saucelabs.com/66.85.52.224:443] for POST '/wd/hub/session/6e478f60247a41e29a4342741c3b2594/frame'
22:27:15.437 [AsyncHttpClient-1-2] DEBUG org.asynchttpclient.netty.handler.HttpHandler -- 

Request DefaultHttpRequest(decodeResult: success, version: HTTP/1.1)
POST /wd/hub/session/6e478f60247a41e29a4342741c3b2594/frame HTTP/1.1
User-Agent: selenium/4.9.0 (java windows)
traceparent: 00-1f13d23b93300b653938221c3ee43689-af101b794741f874-01
Content-Length: 106
Content-Type: application/json; charset=utf-8
host: ondemand.us-west-1.saucelabs.com
authorization: Basic b2F1dGgtYXV0b2xhemFyZS01NThmYjpmOGQwYTRiNC1lMDU5LTRiMzktYTllYi0zNjY5NjViODg3YjE=
accept: */*

Response DefaultHttpResponse(decodeResult: success, version: HTTP/1.1)
HTTP/1.1 200 OK
content-length: 15
content-type: application/json;charset=UTF-8
date: Fri, 12 May 2023 02:27:15 GMT
server: monocle/0.42
x-request-id: a7d5140e-a93a-4e11-8920-a49c1105e501

22:27:15.437 [AsyncHttpClient-1-2] DEBUG org.asynchttpclient.netty.channel.ChannelManager -- Adding key: https://ondemand.us-west-1.saucelabs.com:443 for channel [id: 0x7b050763, L:/192.168.1.146:49736 - R:ondemand.us-west-1.saucelabs.com/66.85.52.224:443]
22:27:15.437 [Forwarding executeScript on session 6e478f60247a41e29a4342741c3b2594 to remote] DEBUG org.asynchttpclient.netty.request.NettyRequestSender -- Using pooled Channel '[id: 0x7b050763, L:/192.168.1.146:49736 - R:ondemand.us-west-1.saucelabs.com/66.85.52.224:443]' for 'POST' to 'https://oauth-autolazare-558fb:f8d0a4b4-e059-4b39-a9eb-366965b887b1@ondemand.us-west-1.saucelabs.com:443/wd/hub/session/6e478f60247a41e29a4342741c3b2594/execute/sync'
22:27:15.437 [Forwarding executeScript on session 6e478f60247a41e29a4342741c3b2594 to remote] DEBUG org.asynchttpclient.netty.request.NettyRequestSender -- Using open Channel [id: 0x7b050763, L:/192.168.1.146:49736 - R:ondemand.us-west-1.saucelabs.com/66.85.52.224:443] for POST '/wd/hub/session/6e478f60247a41e29a4342741c3b2594/execute/sync'
22:27:15.549 [AsyncHttpClient-1-2] DEBUG org.asynchttpclient.netty.handler.HttpHandler -- 

Request DefaultHttpRequest(decodeResult: success, version: HTTP/1.1)
POST /wd/hub/session/6e478f60247a41e29a4342741c3b2594/execute/sync HTTP/1.1
User-Agent: selenium/4.9.0 (java windows)
traceparent: 00-636482d06711e94acb13c0385897e963-045ed552e80d0650-01
Content-Length: 99
Content-Type: application/json; charset=utf-8
host: ondemand.us-west-1.saucelabs.com
authorization: Basic b2F1dGgtYXV0b2xhemFyZS01NThmYjpmOGQwYTRiNC1lMDU5LTRiMzktYTllYi0zNjY5NjViODg3YjE=
accept: */*

Response DefaultHttpResponse(decodeResult: success, version: HTTP/1.1)
HTTP/1.1 200 OK
content-length: 15
content-type: application/json;charset=UTF-8
date: Fri, 12 May 2023 02:27:15 GMT
server: monocle/0.42
x-request-id: de8916e0-c046-4357-8ad1-4e4fadcc1bf4

22:27:15.549 [AsyncHttpClient-1-2] DEBUG org.asynchttpclient.netty.channel.ChannelManager -- Adding key: https://ondemand.us-west-1.saucelabs.com:443 for channel [id: 0x7b050763, L:/192.168.1.146:49736 - R:ondemand.us-west-1.saucelabs.com/66.85.52.224:443]
22:27:15.549 [Forwarding findElements on session 6e478f60247a41e29a4342741c3b2594 to remote] DEBUG org.asynchttpclient.netty.request.NettyRequestSender -- Using pooled Channel '[id: 0x7b050763, L:/192.168.1.146:49736 - R:ondemand.us-west-1.saucelabs.com/66.85.52.224:443]' for 'POST' to 'https://oauth-autolazare-558fb:f8d0a4b4-e059-4b39-a9eb-366965b887b1@ondemand.us-west-1.saucelabs.com:443/wd/hub/session/6e478f60247a41e29a4342741c3b2594/elements'
22:27:15.549 [Forwarding findElements on session 6e478f60247a41e29a4342741c3b2594 to remote] DEBUG org.asynchttpclient.netty.request.NettyRequestSender -- Using open Channel [id: 0x7b050763, L:/192.168.1.146:49736 - R:ondemand.us-west-1.saucelabs.com/66.85.52.224:443] for POST '/wd/hub/session/6e478f60247a41e29a4342741c3b2594/elements'
22:27:15.676 [AsyncHttpClient-1-2] DEBUG org.asynchttpclient.netty.handler.HttpHandler -- 

Request DefaultHttpRequest(decodeResult: success, version: HTTP/1.1)
POST /wd/hub/session/6e478f60247a41e29a4342741c3b2594/elements HTTP/1.1
User-Agent: selenium/4.9.0 (java windows)
traceparent: 00-2960173bd8987f1db2dae0c9163d3040-92bf8108be8e05dd-01
Content-Length: 98
Content-Type: application/json; charset=utf-8
host: ondemand.us-west-1.saucelabs.com
authorization: Basic b2F1dGgtYXV0b2xhemFyZS01NThmYjpmOGQwYTRiNC1lMDU5LTRiMzktYTllYi0zNjY5NjViODg3YjE=
accept: */*

Response DefaultHttpResponse(decodeResult: success, version: HTTP/1.1)
HTTP/1.1 200 OK
content-length: 13
content-type: application/json;charset=UTF-8
date: Fri, 12 May 2023 02:27:15 GMT
server: monocle/0.42
x-request-id: c5918417-cf39-43b2-8325-e45298c25b4c

22:27:15.676 [AsyncHttpClient-1-2] DEBUG org.asynchttpclient.netty.channel.ChannelManager -- Adding key: https://ondemand.us-west-1.saucelabs.com:443 for channel [id: 0x7b050763, L:/192.168.1.146:49736 - R:ondemand.us-west-1.saucelabs.com/66.85.52.224:443]
22:27:15.676 [Forwarding switchToParentFrame on session 6e478f60247a41e29a4342741c3b2594 to remote] DEBUG org.asynchttpclient.netty.request.NettyRequestSender -- Using pooled Channel '[id: 0x7b050763, L:/192.168.1.146:49736 - R:ondemand.us-west-1.saucelabs.com/66.85.52.224:443]' for 'POST' to 'https://oauth-autolazare-558fb:f8d0a4b4-e059-4b39-a9eb-366965b887b1@ondemand.us-west-1.saucelabs.com:443/wd/hub/session/6e478f60247a41e29a4342741c3b2594/frame/parent'
22:27:15.676 [Forwarding switchToParentFrame on session 6e478f60247a41e29a4342741c3b2594 to remote] DEBUG org.asynchttpclient.netty.request.NettyRequestSender -- Using open Channel [id: 0x7b050763, L:/192.168.1.146:49736 - R:ondemand.us-west-1.saucelabs.com/66.85.52.224:443] for POST '/wd/hub/session/6e478f60247a41e29a4342741c3b2594/frame/parent'
22:27:15.788 [AsyncHttpClient-1-2] DEBUG org.asynchttpclient.netty.handler.HttpHandler -- 

Request DefaultHttpRequest(decodeResult: success, version: HTTP/1.1)
POST /wd/hub/session/6e478f60247a41e29a4342741c3b2594/frame/parent HTTP/1.1
User-Agent: selenium/4.9.0 (java windows)
traceparent: 00-a4b0551a044ec68ac8801dabcdeec231-cb188f0b16eccbb9-01
Content-Length: 3
Content-Type: application/json; charset=utf-8
host: ondemand.us-west-1.saucelabs.com
authorization: Basic b2F1dGgtYXV0b2xhemFyZS01NThmYjpmOGQwYTRiNC1lMDU5LTRiMzktYTllYi0zNjY5NjViODg3YjE=
accept: */*

Response DefaultHttpResponse(decodeResult: success, version: HTTP/1.1)
HTTP/1.1 200 OK
content-length: 15
content-type: application/json;charset=UTF-8
date: Fri, 12 May 2023 02:27:15 GMT
server: monocle/0.42
x-request-id: 6e3a4e4b-14bc-4623-8d66-0cc3854f6a8f

22:27:15.788 [AsyncHttpClient-1-2] DEBUG org.asynchttpclient.netty.channel.ChannelManager -- Adding key: https://ondemand.us-west-1.saucelabs.com:443 for channel [id: 0x7b050763, L:/192.168.1.146:49736 - R:ondemand.us-west-1.saucelabs.com/66.85.52.224:443]
22:27:15.788 [Forwarding switchToFrame on session 6e478f60247a41e29a4342741c3b2594 to remote] DEBUG org.asynchttpclient.netty.request.NettyRequestSender -- Using pooled Channel '[id: 0x7b050763, L:/192.168.1.146:49736 - R:ondemand.us-west-1.saucelabs.com/66.85.52.224:443]' for 'POST' to 'https://oauth-autolazare-558fb:f8d0a4b4-e059-4b39-a9eb-366965b887b1@ondemand.us-west-1.saucelabs.com:443/wd/hub/session/6e478f60247a41e29a4342741c3b2594/frame'
22:27:15.788 [Forwarding switchToFrame on session 6e478f60247a41e29a4342741c3b2594 to remote] DEBUG org.asynchttpclient.netty.request.NettyRequestSender -- Using open Channel [id: 0x7b050763, L:/192.168.1.146:49736 - R:ondemand.us-west-1.saucelabs.com/66.85.52.224:443] for POST '/wd/hub/session/6e478f60247a41e29a4342741c3b2594/frame'
22:27:15.931 [AsyncHttpClient-1-2] DEBUG org.asynchttpclient.netty.handler.HttpHandler -- 

Request DefaultHttpRequest(decodeResult: success, version: HTTP/1.1)
POST /wd/hub/session/6e478f60247a41e29a4342741c3b2594/frame HTTP/1.1
User-Agent: selenium/4.9.0 (java windows)
traceparent: 00-211399aa079771f59b0f234e4bd094b9-79316f815c950ff0-01
Content-Length: 106
Content-Type: application/json; charset=utf-8
host: ondemand.us-west-1.saucelabs.com
authorization: Basic b2F1dGgtYXV0b2xhemFyZS01NThmYjpmOGQwYTRiNC1lMDU5LTRiMzktYTllYi0zNjY5NjViODg3YjE=
accept: */*

Response DefaultHttpResponse(decodeResult: success, version: HTTP/1.1)
HTTP/1.1 200 OK
content-length: 15
content-type: application/json;charset=UTF-8
date: Fri, 12 May 2023 02:27:15 GMT
server: monocle/0.42
x-request-id: 40f68cfb-334b-4c0e-9303-02a228ee53e7

22:27:15.931 [AsyncHttpClient-1-2] DEBUG org.asynchttpclient.netty.channel.ChannelManager -- Adding key: https://ondemand.us-west-1.saucelabs.com:443 for channel [id: 0x7b050763, L:/192.168.1.146:49736 - R:ondemand.us-west-1.saucelabs.com/66.85.52.224:443]
22:27:15.937 [Forwarding executeScript on session 6e478f60247a41e29a4342741c3b2594 to remote] DEBUG org.asynchttpclient.netty.request.NettyRequestSender -- Using pooled Channel '[id: 0x7b050763, L:/192.168.1.146:49736 - R:ondemand.us-west-1.saucelabs.com/66.85.52.224:443]' for 'POST' to 'https://oauth-autolazare-558fb:f8d0a4b4-e059-4b39-a9eb-366965b887b1@ondemand.us-west-1.saucelabs.com:443/wd/hub/session/6e478f60247a41e29a4342741c3b2594/execute/sync'
22:27:15.937 [Forwarding executeScript on session 6e478f60247a41e29a4342741c3b2594 to remote] DEBUG org.asynchttpclient.netty.request.NettyRequestSender -- Using open Channel [id: 0x7b050763, L:/192.168.1.146:49736 - R:ondemand.us-west-1.saucelabs.com/66.85.52.224:443] for POST '/wd/hub/session/6e478f60247a41e29a4342741c3b2594/execute/sync'
22:27:16.057 [AsyncHttpClient-1-2] DEBUG org.asynchttpclient.netty.handler.HttpHandler -- 

Request DefaultHttpRequest(decodeResult: success, version: HTTP/1.1)
POST /wd/hub/session/6e478f60247a41e29a4342741c3b2594/execute/sync HTTP/1.1
User-Agent: selenium/4.9.0 (java windows)
traceparent: 00-aa1022f08ffdb41f5d1068f9c254dc5d-1aa7c7a65dcf1c34-01
Content-Length: 99
Content-Type: application/json; charset=utf-8
host: ondemand.us-west-1.saucelabs.com
authorization: Basic b2F1dGgtYXV0b2xhemFyZS01NThmYjpmOGQwYTRiNC1lMDU5LTRiMzktYTllYi0zNjY5NjViODg3YjE=
accept: */*

Response DefaultHttpResponse(decodeResult: success, version: HTTP/1.1)
HTTP/1.1 200 OK
content-length: 15
content-type: application/json;charset=UTF-8
date: Fri, 12 May 2023 02:27:16 GMT
server: monocle/0.42
x-request-id: c2c57ec2-d63f-43f0-9ed7-ab70d58b5040

22:27:16.057 [AsyncHttpClient-1-2] DEBUG org.asynchttpclient.netty.channel.ChannelManager -- Adding key: https://ondemand.us-west-1.saucelabs.com:443 for channel [id: 0x7b050763, L:/192.168.1.146:49736 - R:ondemand.us-west-1.saucelabs.com/66.85.52.224:443]
22:27:16.057 [Forwarding findElements on session 6e478f60247a41e29a4342741c3b2594 to remote] DEBUG org.asynchttpclient.netty.request.NettyRequestSender -- Using pooled Channel '[id: 0x7b050763, L:/192.168.1.146:49736 - R:ondemand.us-west-1.saucelabs.com/66.85.52.224:443]' for 'POST' to 'https://oauth-autolazare-558fb:f8d0a4b4-e059-4b39-a9eb-366965b887b1@ondemand.us-west-1.saucelabs.com:443/wd/hub/session/6e478f60247a41e29a4342741c3b2594/elements'
22:27:16.057 [Forwarding findElements on session 6e478f60247a41e29a4342741c3b2594 to remote] DEBUG org.asynchttpclient.netty.request.NettyRequestSender -- Using open Channel [id: 0x7b050763, L:/192.168.1.146:49736 - R:ondemand.us-west-1.saucelabs.com/66.85.52.224:443] for POST '/wd/hub/session/6e478f60247a41e29a4342741c3b2594/elements'
22:27:17.433 [AsyncHttpClient-1-2] DEBUG org.asynchttpclient.netty.handler.HttpHandler -- 

Request DefaultHttpRequest(decodeResult: success, version: HTTP/1.1)
POST /wd/hub/session/6e478f60247a41e29a4342741c3b2594/elements HTTP/1.1
User-Agent: selenium/4.9.0 (java windows)
traceparent: 00-2fd5594e87c21e433af8a22e158d8c42-d8b1483304880883-01
Content-Length: 98
Content-Type: application/json; charset=utf-8
host: ondemand.us-west-1.saucelabs.com
authorization: Basic b2F1dGgtYXV0b2xhemFyZS01NThmYjpmOGQwYTRiNC1lMDU5LTRiMzktYTllYi0zNjY5NjViODg3YjE=
accept: */*

Response DefaultHttpResponse(decodeResult: success, version: HTTP/1.1)
HTTP/1.1 200 OK
content-length: 13
content-type: application/json;charset=UTF-8
date: Fri, 12 May 2023 02:27:17 GMT
server: monocle/0.42
x-request-id: c096a0f2-a330-479b-b1d0-bbc0c575a368

22:27:17.434 [AsyncHttpClient-1-2] DEBUG org.asynchttpclient.netty.channel.ChannelManager -- Adding key: https://ondemand.us-west-1.saucelabs.com:443 for channel [id: 0x7b050763, L:/192.168.1.146:49736 - R:ondemand.us-west-1.saucelabs.com/66.85.52.224:443]
22:27:17.436 [Forwarding switchToParentFrame on session 6e478f60247a41e29a4342741c3b2594 to remote] DEBUG org.asynchttpclient.netty.request.NettyRequestSender -- Using pooled Channel '[id: 0x7b050763, L:/192.168.1.146:49736 - R:ondemand.us-west-1.saucelabs.com/66.85.52.224:443]' for 'POST' to 'https://oauth-autolazare-558fb:f8d0a4b4-e059-4b39-a9eb-366965b887b1@ondemand.us-west-1.saucelabs.com:443/wd/hub/session/6e478f60247a41e29a4342741c3b2594/frame/parent'
22:27:17.436 [Forwarding switchToParentFrame on session 6e478f60247a41e29a4342741c3b2594 to remote] DEBUG org.asynchttpclient.netty.request.NettyRequestSender -- Using open Channel [id: 0x7b050763, L:/192.168.1.146:49736 - R:ondemand.us-west-1.saucelabs.com/66.85.52.224:443] for POST '/wd/hub/session/6e478f60247a41e29a4342741c3b2594/frame/parent'
22:27:17.565 [AsyncHttpClient-1-2] DEBUG org.asynchttpclient.netty.handler.HttpHandler -- 

Request DefaultHttpRequest(decodeResult: success, version: HTTP/1.1)
POST /wd/hub/session/6e478f60247a41e29a4342741c3b2594/frame/parent HTTP/1.1
User-Agent: selenium/4.9.0 (java windows)
traceparent: 00-7aace1d297e65b9d64beab31300136b2-535e54555c9fc134-01
Content-Length: 3
Content-Type: application/json; charset=utf-8
host: ondemand.us-west-1.saucelabs.com
authorization: Basic b2F1dGgtYXV0b2xhemFyZS01NThmYjpmOGQwYTRiNC1lMDU5LTRiMzktYTllYi0zNjY5NjViODg3YjE=
accept: */*

Response DefaultHttpResponse(decodeResult: success, version: HTTP/1.1)
HTTP/1.1 200 OK
content-length: 15
content-type: application/json;charset=UTF-8
date: Fri, 12 May 2023 02:27:17 GMT
server: monocle/0.42
x-request-id: 3ffc4b98-c70e-4f98-ba22-f0e26a090d35

22:27:17.565 [AsyncHttpClient-1-2] DEBUG org.asynchttpclient.netty.channel.ChannelManager -- Adding key: https://ondemand.us-west-1.saucelabs.com:443 for channel [id: 0x7b050763, L:/192.168.1.146:49736 - R:ondemand.us-west-1.saucelabs.com/66.85.52.224:443]
22:27:17.565 [Forwarding switchToParentFrame on session 6e478f60247a41e29a4342741c3b2594 to remote] DEBUG org.asynchttpclient.netty.request.NettyRequestSender -- Using pooled Channel '[id: 0x7b050763, L:/192.168.1.146:49736 - R:ondemand.us-west-1.saucelabs.com/66.85.52.224:443]' for 'POST' to 'https://oauth-autolazare-558fb:f8d0a4b4-e059-4b39-a9eb-366965b887b1@ondemand.us-west-1.saucelabs.com:443/wd/hub/session/6e478f60247a41e29a4342741c3b2594/frame/parent'
22:27:17.565 [Forwarding switchToParentFrame on session 6e478f60247a41e29a4342741c3b2594 to remote] DEBUG org.asynchttpclient.netty.request.NettyRequestSender -- Using open Channel [id: 0x7b050763, L:/192.168.1.146:49736 - R:ondemand.us-west-1.saucelabs.com/66.85.52.224:443] for POST '/wd/hub/session/6e478f60247a41e29a4342741c3b2594/frame/parent'
22:27:17.684 [AsyncHttpClient-1-2] DEBUG org.asynchttpclient.netty.handler.HttpHandler -- 

Request DefaultHttpRequest(decodeResult: success, version: HTTP/1.1)
POST /wd/hub/session/6e478f60247a41e29a4342741c3b2594/frame/parent HTTP/1.1
User-Agent: selenium/4.9.0 (java windows)
traceparent: 00-2d6cce65a5df90b60f87d690a3af5b07-b130943195039e4a-01
Content-Length: 3
Content-Type: application/json; charset=utf-8
host: ondemand.us-west-1.saucelabs.com
authorization: Basic b2F1dGgtYXV0b2xhemFyZS01NThmYjpmOGQwYTRiNC1lMDU5LTRiMzktYTllYi0zNjY5NjViODg3YjE=
accept: */*

Response DefaultHttpResponse(decodeResult: success, version: HTTP/1.1)
HTTP/1.1 200 OK
content-length: 15
content-type: application/json;charset=UTF-8
date: Fri, 12 May 2023 02:27:17 GMT
server: monocle/0.42
x-request-id: e306d8db-f33f-4882-b154-948b47feb18c

22:27:17.684 [AsyncHttpClient-1-2] DEBUG org.asynchttpclient.netty.channel.ChannelManager -- Adding key: https://ondemand.us-west-1.saucelabs.com:443 for channel [id: 0x7b050763, L:/192.168.1.146:49736 - R:ondemand.us-west-1.saucelabs.com/66.85.52.224:443]
22:27:17.699 [Forwarding switchToFrame on session 6e478f60247a41e29a4342741c3b2594 to remote] DEBUG org.asynchttpclient.netty.request.NettyRequestSender -- Using pooled Channel '[id: 0x7b050763, L:/192.168.1.146:49736 - R:ondemand.us-west-1.saucelabs.com/66.85.52.224:443]' for 'POST' to 'https://oauth-autolazare-558fb:f8d0a4b4-e059-4b39-a9eb-366965b887b1@ondemand.us-west-1.saucelabs.com:443/wd/hub/session/6e478f60247a41e29a4342741c3b2594/frame'
22:27:17.699 [Forwarding switchToFrame on session 6e478f60247a41e29a4342741c3b2594 to remote] DEBUG org.asynchttpclient.netty.request.NettyRequestSender -- Using open Channel [id: 0x7b050763, L:/192.168.1.146:49736 - R:ondemand.us-west-1.saucelabs.com/66.85.52.224:443] for POST '/wd/hub/session/6e478f60247a41e29a4342741c3b2594/frame'
22:27:17.865 [AsyncHttpClient-1-2] DEBUG org.asynchttpclient.netty.handler.HttpHandler -- 

Request DefaultHttpRequest(decodeResult: success, version: HTTP/1.1)
POST /wd/hub/session/6e478f60247a41e29a4342741c3b2594/frame HTTP/1.1
User-Agent: selenium/4.9.0 (java windows)
traceparent: 00-226ade187d569eb57dee57256ddf822b-3dc1210abc45042b-01
Content-Length: 106
Content-Type: application/json; charset=utf-8
host: ondemand.us-west-1.saucelabs.com
authorization: Basic b2F1dGgtYXV0b2xhemFyZS01NThmYjpmOGQwYTRiNC1lMDU5LTRiMzktYTllYi0zNjY5NjViODg3YjE=
accept: */*

Response DefaultHttpResponse(decodeResult: success, version: HTTP/1.1)
HTTP/1.1 200 OK
content-length: 15
content-type: application/json;charset=UTF-8
date: Fri, 12 May 2023 02:27:17 GMT
server: monocle/0.42
x-request-id: 07d77842-af5e-41e6-9c5e-6e67547f596f

22:27:17.865 [AsyncHttpClient-1-2] DEBUG org.asynchttpclient.netty.channel.ChannelManager -- Adding key: https://ondemand.us-west-1.saucelabs.com:443 for channel [id: 0x7b050763, L:/192.168.1.146:49736 - R:ondemand.us-west-1.saucelabs.com/66.85.52.224:443]
22:27:17.865 [Forwarding executeScript on session 6e478f60247a41e29a4342741c3b2594 to remote] DEBUG org.asynchttpclient.netty.request.NettyRequestSender -- Using pooled Channel '[id: 0x7b050763, L:/192.168.1.146:49736 - R:ondemand.us-west-1.saucelabs.com/66.85.52.224:443]' for 'POST' to 'https://oauth-autolazare-558fb:f8d0a4b4-e059-4b39-a9eb-366965b887b1@ondemand.us-west-1.saucelabs.com:443/wd/hub/session/6e478f60247a41e29a4342741c3b2594/execute/sync'
22:27:17.865 [Forwarding executeScript on session 6e478f60247a41e29a4342741c3b2594 to remote] DEBUG org.asynchttpclient.netty.request.NettyRequestSender -- Using open Channel [id: 0x7b050763, L:/192.168.1.146:49736 - R:ondemand.us-west-1.saucelabs.com/66.85.52.224:443] for POST '/wd/hub/session/6e478f60247a41e29a4342741c3b2594/execute/sync'
22:27:17.985 [AsyncHttpClient-1-2] DEBUG org.asynchttpclient.netty.handler.HttpHandler -- 

Request DefaultHttpRequest(decodeResult: success, version: HTTP/1.1)
POST /wd/hub/session/6e478f60247a41e29a4342741c3b2594/execute/sync HTTP/1.1
User-Agent: selenium/4.9.0 (java windows)
traceparent: 00-10c10abb820ca6a7c03fe16d880c8e3a-c250fde3c86a8751-01
Content-Length: 99
Content-Type: application/json; charset=utf-8
host: ondemand.us-west-1.saucelabs.com
authorization: Basic b2F1dGgtYXV0b2xhemFyZS01NThmYjpmOGQwYTRiNC1lMDU5LTRiMzktYTllYi0zNjY5NjViODg3YjE=
accept: */*

Response DefaultHttpResponse(decodeResult: success, version: HTTP/1.1)
HTTP/1.1 200 OK
content-length: 15
content-type: application/json;charset=UTF-8
date: Fri, 12 May 2023 02:27:17 GMT
server: monocle/0.42
x-request-id: e49336dd-2b31-4f4b-b91d-b34adf800170

22:27:17.985 [AsyncHttpClient-1-2] DEBUG org.asynchttpclient.netty.channel.ChannelManager -- Adding key: https://ondemand.us-west-1.saucelabs.com:443 for channel [id: 0x7b050763, L:/192.168.1.146:49736 - R:ondemand.us-west-1.saucelabs.com/66.85.52.224:443]
22:27:17.985 [Forwarding findElements on session 6e478f60247a41e29a4342741c3b2594 to remote] DEBUG org.asynchttpclient.netty.request.NettyRequestSender -- Using pooled Channel '[id: 0x7b050763, L:/192.168.1.146:49736 - R:ondemand.us-west-1.saucelabs.com/66.85.52.224:443]' for 'POST' to 'https://oauth-autolazare-558fb:f8d0a4b4-e059-4b39-a9eb-366965b887b1@ondemand.us-west-1.saucelabs.com:443/wd/hub/session/6e478f60247a41e29a4342741c3b2594/elements'
22:27:17.985 [Forwarding findElements on session 6e478f60247a41e29a4342741c3b2594 to remote] DEBUG org.asynchttpclient.netty.request.NettyRequestSender -- Using open Channel [id: 0x7b050763, L:/192.168.1.146:49736 - R:ondemand.us-west-1.saucelabs.com/66.85.52.224:443] for POST '/wd/hub/session/6e478f60247a41e29a4342741c3b2594/elements'
22:27:18.148 [AsyncHttpClient-1-2] DEBUG org.asynchttpclient.netty.handler.HttpHandler -- 

Request DefaultHttpRequest(decodeResult: success, version: HTTP/1.1)
POST /wd/hub/session/6e478f60247a41e29a4342741c3b2594/elements HTTP/1.1
User-Agent: selenium/4.9.0 (java windows)
traceparent: 00-0c370b7c1e0106e6f5532912ecd49868-09c15164fb224bb5-01
Content-Length: 98
Content-Type: application/json; charset=utf-8
host: ondemand.us-west-1.saucelabs.com
authorization: Basic b2F1dGgtYXV0b2xhemFyZS01NThmYjpmOGQwYTRiNC1lMDU5LTRiMzktYTllYi0zNjY5NjViODg3YjE=
accept: */*

Response DefaultHttpResponse(decodeResult: success, version: HTTP/1.1)
HTTP/1.1 200 OK
content-length: 98
content-type: application/json;charset=UTF-8
date: Fri, 12 May 2023 02:27:18 GMT
server: monocle/0.42
x-request-id: 4759c077-7278-4217-8b3e-332648e5f20c

22:27:18.148 [AsyncHttpClient-1-2] DEBUG org.asynchttpclient.netty.channel.ChannelManager -- Adding key: https://ondemand.us-west-1.saucelabs.com:443 for channel [id: 0x7b050763, L:/192.168.1.146:49736 - R:ondemand.us-west-1.saucelabs.com/66.85.52.224:443]
22:27:18.148 [Forwarding switchToFrame on session 6e478f60247a41e29a4342741c3b2594 to remote] DEBUG org.asynchttpclient.netty.request.NettyRequestSender -- Using pooled Channel '[id: 0x7b050763, L:/192.168.1.146:49736 - R:ondemand.us-west-1.saucelabs.com/66.85.52.224:443]' for 'POST' to 'https://oauth-autolazare-558fb:f8d0a4b4-e059-4b39-a9eb-366965b887b1@ondemand.us-west-1.saucelabs.com:443/wd/hub/session/6e478f60247a41e29a4342741c3b2594/frame'
22:27:18.148 [Forwarding switchToFrame on session 6e478f60247a41e29a4342741c3b2594 to remote] DEBUG org.asynchttpclient.netty.request.NettyRequestSender -- Using open Channel [id: 0x7b050763, L:/192.168.1.146:49736 - R:ondemand.us-west-1.saucelabs.com/66.85.52.224:443] for POST '/wd/hub/session/6e478f60247a41e29a4342741c3b2594/frame'
22:27:18.290 [AsyncHttpClient-1-2] DEBUG org.asynchttpclient.netty.handler.HttpHandler -- 

Request DefaultHttpRequest(decodeResult: success, version: HTTP/1.1)
POST /wd/hub/session/6e478f60247a41e29a4342741c3b2594/frame HTTP/1.1
User-Agent: selenium/4.9.0 (java windows)
traceparent: 00-0a59a5b92775c5566439042c787ed10a-cd839722c5bd0b4c-01
Content-Length: 105
Content-Type: application/json; charset=utf-8
host: ondemand.us-west-1.saucelabs.com
authorization: Basic b2F1dGgtYXV0b2xhemFyZS01NThmYjpmOGQwYTRiNC1lMDU5LTRiMzktYTllYi0zNjY5NjViODg3YjE=
accept: */*

Response DefaultHttpResponse(decodeResult: success, version: HTTP/1.1)
HTTP/1.1 200 OK
content-length: 15
content-type: application/json;charset=UTF-8
date: Fri, 12 May 2023 02:27:18 GMT
server: monocle/0.42
x-request-id: abdffe54-183b-4f1a-be33-f4e7eac3d92e

22:27:18.290 [AsyncHttpClient-1-2] DEBUG org.asynchttpclient.netty.channel.ChannelManager -- Adding key: https://ondemand.us-west-1.saucelabs.com:443 for channel [id: 0x7b050763, L:/192.168.1.146:49736 - R:ondemand.us-west-1.saucelabs.com/66.85.52.224:443]
22:27:18.290 [Forwarding executeScript on session 6e478f60247a41e29a4342741c3b2594 to remote] DEBUG org.asynchttpclient.netty.request.NettyRequestSender -- Using pooled Channel '[id: 0x7b050763, L:/192.168.1.146:49736 - R:ondemand.us-west-1.saucelabs.com/66.85.52.224:443]' for 'POST' to 'https://oauth-autolazare-558fb:f8d0a4b4-e059-4b39-a9eb-366965b887b1@ondemand.us-west-1.saucelabs.com:443/wd/hub/session/6e478f60247a41e29a4342741c3b2594/execute/sync'
22:27:18.290 [Forwarding executeScript on session 6e478f60247a41e29a4342741c3b2594 to remote] DEBUG org.asynchttpclient.netty.request.NettyRequestSender -- Using open Channel [id: 0x7b050763, L:/192.168.1.146:49736 - R:ondemand.us-west-1.saucelabs.com/66.85.52.224:443] for POST '/wd/hub/session/6e478f60247a41e29a4342741c3b2594/execute/sync'
22:27:18.417 [AsyncHttpClient-1-2] DEBUG org.asynchttpclient.netty.handler.HttpHandler -- 

Request DefaultHttpRequest(decodeResult: success, version: HTTP/1.1)
POST /wd/hub/session/6e478f60247a41e29a4342741c3b2594/execute/sync HTTP/1.1
User-Agent: selenium/4.9.0 (java windows)
traceparent: 00-47e17c512fba5e0ad24073a2327e8bd2-6e42b868ee4e0be7-01
Content-Length: 99
Content-Type: application/json; charset=utf-8
host: ondemand.us-west-1.saucelabs.com
authorization: Basic b2F1dGgtYXV0b2xhemFyZS01NThmYjpmOGQwYTRiNC1lMDU5LTRiMzktYTllYi0zNjY5NjViODg3YjE=
accept: */*

Response DefaultHttpResponse(decodeResult: success, version: HTTP/1.1)
HTTP/1.1 200 OK
content-length: 15
content-type: application/json;charset=UTF-8
date: Fri, 12 May 2023 02:27:18 GMT
server: monocle/0.42
x-request-id: 68f1f7f7-2169-493e-be98-34c7ffa2c6d1

22:27:18.417 [AsyncHttpClient-1-2] DEBUG org.asynchttpclient.netty.channel.ChannelManager -- Adding key: https://ondemand.us-west-1.saucelabs.com:443 for channel [id: 0x7b050763, L:/192.168.1.146:49736 - R:ondemand.us-west-1.saucelabs.com/66.85.52.224:443]
22:27:18.417 [Forwarding findElements on session 6e478f60247a41e29a4342741c3b2594 to remote] DEBUG org.asynchttpclient.netty.request.NettyRequestSender -- Using pooled Channel '[id: 0x7b050763, L:/192.168.1.146:49736 - R:ondemand.us-west-1.saucelabs.com/66.85.52.224:443]' for 'POST' to 'https://oauth-autolazare-558fb:f8d0a4b4-e059-4b39-a9eb-366965b887b1@ondemand.us-west-1.saucelabs.com:443/wd/hub/session/6e478f60247a41e29a4342741c3b2594/elements'
22:27:18.417 [Forwarding findElements on session 6e478f60247a41e29a4342741c3b2594 to remote] DEBUG org.asynchttpclient.netty.request.NettyRequestSender -- Using open Channel [id: 0x7b050763, L:/192.168.1.146:49736 - R:ondemand.us-west-1.saucelabs.com/66.85.52.224:443] for POST '/wd/hub/session/6e478f60247a41e29a4342741c3b2594/elements'
22:27:18.548 [AsyncHttpClient-1-2] DEBUG org.asynchttpclient.netty.handler.HttpHandler -- 

Request DefaultHttpRequest(decodeResult: success, version: HTTP/1.1)
POST /wd/hub/session/6e478f60247a41e29a4342741c3b2594/elements HTTP/1.1
User-Agent: selenium/4.9.0 (java windows)
traceparent: 00-126eb0ca31e2a8fdfe395865ec9bae63-7b204476119e7136-01
Content-Length: 98
Content-Type: application/json; charset=utf-8
host: ondemand.us-west-1.saucelabs.com
authorization: Basic b2F1dGgtYXV0b2xhemFyZS01NThmYjpmOGQwYTRiNC1lMDU5LTRiMzktYTllYi0zNjY5NjViODg3YjE=
accept: */*

Response DefaultHttpResponse(decodeResult: success, version: HTTP/1.1)
HTTP/1.1 200 OK
content-length: 13
content-type: application/json;charset=UTF-8
date: Fri, 12 May 2023 02:27:18 GMT
server: monocle/0.42
x-request-id: a4a0a39c-f84b-4e72-9ff0-1fdf3c6753d4

22:27:18.548 [AsyncHttpClient-1-2] DEBUG org.asynchttpclient.netty.channel.ChannelManager -- Adding key: https://ondemand.us-west-1.saucelabs.com:443 for channel [id: 0x7b050763, L:/192.168.1.146:49736 - R:ondemand.us-west-1.saucelabs.com/66.85.52.224:443]
22:27:18.548 [Forwarding switchToParentFrame on session 6e478f60247a41e29a4342741c3b2594 to remote] DEBUG org.asynchttpclient.netty.request.NettyRequestSender -- Using pooled Channel '[id: 0x7b050763, L:/192.168.1.146:49736 - R:ondemand.us-west-1.saucelabs.com/66.85.52.224:443]' for 'POST' to 'https://oauth-autolazare-558fb:f8d0a4b4-e059-4b39-a9eb-366965b887b1@ondemand.us-west-1.saucelabs.com:443/wd/hub/session/6e478f60247a41e29a4342741c3b2594/frame/parent'
22:27:18.548 [Forwarding switchToParentFrame on session 6e478f60247a41e29a4342741c3b2594 to remote] DEBUG org.asynchttpclient.netty.request.NettyRequestSender -- Using open Channel [id: 0x7b050763, L:/192.168.1.146:49736 - R:ondemand.us-west-1.saucelabs.com/66.85.52.224:443] for POST '/wd/hub/session/6e478f60247a41e29a4342741c3b2594/frame/parent'
22:27:18.674 [AsyncHttpClient-1-2] DEBUG org.asynchttpclient.netty.handler.HttpHandler -- 

Request DefaultHttpRequest(decodeResult: success, version: HTTP/1.1)
POST /wd/hub/session/6e478f60247a41e29a4342741c3b2594/frame/parent HTTP/1.1
User-Agent: selenium/4.9.0 (java windows)
traceparent: 00-fe98049b1751633e02ab19b079ef1aac-d2a63766ca6f7a35-01
Content-Length: 3
Content-Type: application/json; charset=utf-8
host: ondemand.us-west-1.saucelabs.com
authorization: Basic b2F1dGgtYXV0b2xhemFyZS01NThmYjpmOGQwYTRiNC1lMDU5LTRiMzktYTllYi0zNjY5NjViODg3YjE=
accept: */*

Response DefaultHttpResponse(decodeResult: success, version: HTTP/1.1)
HTTP/1.1 200 OK
content-length: 15
content-type: application/json;charset=UTF-8
date: Fri, 12 May 2023 02:27:18 GMT
server: monocle/0.42
x-request-id: 14ec27b2-6d5b-4ded-b606-0416b1de8e1d

22:27:18.674 [AsyncHttpClient-1-2] DEBUG org.asynchttpclient.netty.channel.ChannelManager -- Adding key: https://ondemand.us-west-1.saucelabs.com:443 for channel [id: 0x7b050763, L:/192.168.1.146:49736 - R:ondemand.us-west-1.saucelabs.com/66.85.52.224:443]
22:27:18.674 [Forwarding switchToParentFrame on session 6e478f60247a41e29a4342741c3b2594 to remote] DEBUG org.asynchttpclient.netty.request.NettyRequestSender -- Using pooled Channel '[id: 0x7b050763, L:/192.168.1.146:49736 - R:ondemand.us-west-1.saucelabs.com/66.85.52.224:443]' for 'POST' to 'https://oauth-autolazare-558fb:f8d0a4b4-e059-4b39-a9eb-366965b887b1@ondemand.us-west-1.saucelabs.com:443/wd/hub/session/6e478f60247a41e29a4342741c3b2594/frame/parent'
22:27:18.674 [Forwarding switchToParentFrame on session 6e478f60247a41e29a4342741c3b2594 to remote] DEBUG org.asynchttpclient.netty.request.NettyRequestSender -- Using open Channel [id: 0x7b050763, L:/192.168.1.146:49736 - R:ondemand.us-west-1.saucelabs.com/66.85.52.224:443] for POST '/wd/hub/session/6e478f60247a41e29a4342741c3b2594/frame/parent'
22:27:18.785 [AsyncHttpClient-1-2] DEBUG org.asynchttpclient.netty.handler.HttpHandler -- 

Request DefaultHttpRequest(decodeResult: success, version: HTTP/1.1)
POST /wd/hub/session/6e478f60247a41e29a4342741c3b2594/frame/parent HTTP/1.1
User-Agent: selenium/4.9.0 (java windows)
traceparent: 00-d2e6e26e2a0d42c2fc4bb499e31a3d1a-f437714da86d2098-01
Content-Length: 3
Content-Type: application/json; charset=utf-8
host: ondemand.us-west-1.saucelabs.com
authorization: Basic b2F1dGgtYXV0b2xhemFyZS01NThmYjpmOGQwYTRiNC1lMDU5LTRiMzktYTllYi0zNjY5NjViODg3YjE=
accept: */*

Response DefaultHttpResponse(decodeResult: success, version: HTTP/1.1)
HTTP/1.1 200 OK
content-length: 15
content-type: application/json;charset=UTF-8
date: Fri, 12 May 2023 02:27:18 GMT
server: monocle/0.42
x-request-id: c4b3815c-a569-455f-8014-1dd9cdaee251

22:27:18.785 [AsyncHttpClient-1-2] DEBUG org.asynchttpclient.netty.channel.ChannelManager -- Adding key: https://ondemand.us-west-1.saucelabs.com:443 for channel [id: 0x7b050763, L:/192.168.1.146:49736 - R:ondemand.us-west-1.saucelabs.com/66.85.52.224:443]
22:27:18.785 [Forwarding switchToFrame on session 6e478f60247a41e29a4342741c3b2594 to remote] DEBUG org.asynchttpclient.netty.request.NettyRequestSender -- Using pooled Channel '[id: 0x7b050763, L:/192.168.1.146:49736 - R:ondemand.us-west-1.saucelabs.com/66.85.52.224:443]' for 'POST' to 'https://oauth-autolazare-558fb:f8d0a4b4-e059-4b39-a9eb-366965b887b1@ondemand.us-west-1.saucelabs.com:443/wd/hub/session/6e478f60247a41e29a4342741c3b2594/frame'
22:27:18.785 [Forwarding switchToFrame on session 6e478f60247a41e29a4342741c3b2594 to remote] DEBUG org.asynchttpclient.netty.request.NettyRequestSender -- Using open Channel [id: 0x7b050763, L:/192.168.1.146:49736 - R:ondemand.us-west-1.saucelabs.com/66.85.52.224:443] for POST '/wd/hub/session/6e478f60247a41e29a4342741c3b2594/frame'
22:27:18.926 [AsyncHttpClient-1-2] DEBUG org.asynchttpclient.netty.handler.HttpHandler -- 

Request DefaultHttpRequest(decodeResult: success, version: HTTP/1.1)
POST /wd/hub/session/6e478f60247a41e29a4342741c3b2594/frame HTTP/1.1
User-Agent: selenium/4.9.0 (java windows)
traceparent: 00-fd3c78c9446606b32f1c3db7cbd600fc-a4a322918795b6d9-01
Content-Length: 106
Content-Type: application/json; charset=utf-8
host: ondemand.us-west-1.saucelabs.com
authorization: Basic b2F1dGgtYXV0b2xhemFyZS01NThmYjpmOGQwYTRiNC1lMDU5LTRiMzktYTllYi0zNjY5NjViODg3YjE=
accept: */*

Response DefaultHttpResponse(decodeResult: success, version: HTTP/1.1)
HTTP/1.1 200 OK
content-length: 15
content-type: application/json;charset=UTF-8
date: Fri, 12 May 2023 02:27:18 GMT
server: monocle/0.42
x-request-id: fb774c8d-0246-4e5b-a8d4-b5b0d7ee13a8

22:27:18.926 [AsyncHttpClient-1-2] DEBUG org.asynchttpclient.netty.channel.ChannelManager -- Adding key: https://ondemand.us-west-1.saucelabs.com:443 for channel [id: 0x7b050763, L:/192.168.1.146:49736 - R:ondemand.us-west-1.saucelabs.com/66.85.52.224:443]
22:27:18.926 [Forwarding executeScript on session 6e478f60247a41e29a4342741c3b2594 to remote] DEBUG org.asynchttpclient.netty.request.NettyRequestSender -- Using pooled Channel '[id: 0x7b050763, L:/192.168.1.146:49736 - R:ondemand.us-west-1.saucelabs.com/66.85.52.224:443]' for 'POST' to 'https://oauth-autolazare-558fb:f8d0a4b4-e059-4b39-a9eb-366965b887b1@ondemand.us-west-1.saucelabs.com:443/wd/hub/session/6e478f60247a41e29a4342741c3b2594/execute/sync'
22:27:18.926 [Forwarding executeScript on session 6e478f60247a41e29a4342741c3b2594 to remote] DEBUG org.asynchttpclient.netty.request.NettyRequestSender -- Using open Channel [id: 0x7b050763, L:/192.168.1.146:49736 - R:ondemand.us-west-1.saucelabs.com/66.85.52.224:443] for POST '/wd/hub/session/6e478f60247a41e29a4342741c3b2594/execute/sync'
22:27:19.053 [AsyncHttpClient-1-2] DEBUG org.asynchttpclient.netty.handler.HttpHandler -- 

Request DefaultHttpRequest(decodeResult: success, version: HTTP/1.1)
POST /wd/hub/session/6e478f60247a41e29a4342741c3b2594/execute/sync HTTP/1.1
User-Agent: selenium/4.9.0 (java windows)
traceparent: 00-53a0c98499b48cb25cab41590e644676-d2be988d365f27e2-01
Content-Length: 99
Content-Type: application/json; charset=utf-8
host: ondemand.us-west-1.saucelabs.com
authorization: Basic b2F1dGgtYXV0b2xhemFyZS01NThmYjpmOGQwYTRiNC1lMDU5LTRiMzktYTllYi0zNjY5NjViODg3YjE=
accept: */*

Response DefaultHttpResponse(decodeResult: success, version: HTTP/1.1)
HTTP/1.1 200 OK
content-length: 15
content-type: application/json;charset=UTF-8
date: Fri, 12 May 2023 02:27:19 GMT
server: monocle/0.42
x-request-id: 4944402a-d7e8-4a66-a005-e956be0651b1

22:27:19.067 [AsyncHttpClient-1-2] DEBUG org.asynchttpclient.netty.channel.ChannelManager -- Adding key: https://ondemand.us-west-1.saucelabs.com:443 for channel [id: 0x7b050763, L:/192.168.1.146:49736 - R:ondemand.us-west-1.saucelabs.com/66.85.52.224:443]
22:27:19.067 [Forwarding findElements on session 6e478f60247a41e29a4342741c3b2594 to remote] DEBUG org.asynchttpclient.netty.request.NettyRequestSender -- Using pooled Channel '[id: 0x7b050763, L:/192.168.1.146:49736 - R:ondemand.us-west-1.saucelabs.com/66.85.52.224:443]' for 'POST' to 'https://oauth-autolazare-558fb:f8d0a4b4-e059-4b39-a9eb-366965b887b1@ondemand.us-west-1.saucelabs.com:443/wd/hub/session/6e478f60247a41e29a4342741c3b2594/elements'
22:27:19.067 [Forwarding findElements on session 6e478f60247a41e29a4342741c3b2594 to remote] DEBUG org.asynchttpclient.netty.request.NettyRequestSender -- Using open Channel [id: 0x7b050763, L:/192.168.1.146:49736 - R:ondemand.us-west-1.saucelabs.com/66.85.52.224:443] for POST '/wd/hub/session/6e478f60247a41e29a4342741c3b2594/elements'
22:27:19.178 [AsyncHttpClient-1-2] DEBUG org.asynchttpclient.netty.handler.HttpHandler -- 

Request DefaultHttpRequest(decodeResult: success, version: HTTP/1.1)
POST /wd/hub/session/6e478f60247a41e29a4342741c3b2594/elements HTTP/1.1
User-Agent: selenium/4.9.0 (java windows)
traceparent: 00-002f3c0aae4da7dacd58169c1ecb8889-68dc2aae0bd0470e-01
Content-Length: 98
Content-Type: application/json; charset=utf-8
host: ondemand.us-west-1.saucelabs.com
authorization: Basic b2F1dGgtYXV0b2xhemFyZS01NThmYjpmOGQwYTRiNC1lMDU5LTRiMzktYTllYi0zNjY5NjViODg3YjE=
accept: */*

Response DefaultHttpResponse(decodeResult: success, version: HTTP/1.1)
HTTP/1.1 200 OK
content-length: 13
content-type: application/json;charset=UTF-8
date: Fri, 12 May 2023 02:27:19 GMT
server: monocle/0.42
x-request-id: 8ddf020f-2a63-44dc-8d45-538bb6e83c37

22:27:19.178 [AsyncHttpClient-1-2] DEBUG org.asynchttpclient.netty.channel.ChannelManager -- Adding key: https://ondemand.us-west-1.saucelabs.com:443 for channel [id: 0x7b050763, L:/192.168.1.146:49736 - R:ondemand.us-west-1.saucelabs.com/66.85.52.224:443]
22:27:19.178 [Forwarding switchToParentFrame on session 6e478f60247a41e29a4342741c3b2594 to remote] DEBUG org.asynchttpclient.netty.request.NettyRequestSender -- Using pooled Channel '[id: 0x7b050763, L:/192.168.1.146:49736 - R:ondemand.us-west-1.saucelabs.com/66.85.52.224:443]' for 'POST' to 'https://oauth-autolazare-558fb:f8d0a4b4-e059-4b39-a9eb-366965b887b1@ondemand.us-west-1.saucelabs.com:443/wd/hub/session/6e478f60247a41e29a4342741c3b2594/frame/parent'
22:27:19.178 [Forwarding switchToParentFrame on session 6e478f60247a41e29a4342741c3b2594 to remote] DEBUG org.asynchttpclient.netty.request.NettyRequestSender -- Using open Channel [id: 0x7b050763, L:/192.168.1.146:49736 - R:ondemand.us-west-1.saucelabs.com/66.85.52.224:443] for POST '/wd/hub/session/6e478f60247a41e29a4342741c3b2594/frame/parent'
22:27:19.304 [AsyncHttpClient-1-2] DEBUG org.asynchttpclient.netty.handler.HttpHandler -- 

Request DefaultHttpRequest(decodeResult: success, version: HTTP/1.1)
POST /wd/hub/session/6e478f60247a41e29a4342741c3b2594/frame/parent HTTP/1.1
User-Agent: selenium/4.9.0 (java windows)
traceparent: 00-01495e115b11f13168eb2df9bc4332e4-6718329088329c14-01
Content-Length: 3
Content-Type: application/json; charset=utf-8
host: ondemand.us-west-1.saucelabs.com
authorization: Basic b2F1dGgtYXV0b2xhemFyZS01NThmYjpmOGQwYTRiNC1lMDU5LTRiMzktYTllYi0zNjY5NjViODg3YjE=
accept: */*

Response DefaultHttpResponse(decodeResult: success, version: HTTP/1.1)
HTTP/1.1 200 OK
content-length: 15
content-type: application/json;charset=UTF-8
date: Fri, 12 May 2023 02:27:19 GMT
server: monocle/0.42
x-request-id: a7faf4e5-e213-4307-b022-92d9d4f1dabb

22:27:19.304 [AsyncHttpClient-1-2] DEBUG org.asynchttpclient.netty.channel.ChannelManager -- Adding key: https://ondemand.us-west-1.saucelabs.com:443 for channel [id: 0x7b050763, L:/192.168.1.146:49736 - R:ondemand.us-west-1.saucelabs.com/66.85.52.224:443]
22:27:19.304 [Forwarding switchToFrame on session 6e478f60247a41e29a4342741c3b2594 to remote] DEBUG org.asynchttpclient.netty.request.NettyRequestSender -- Using pooled Channel '[id: 0x7b050763, L:/192.168.1.146:49736 - R:ondemand.us-west-1.saucelabs.com/66.85.52.224:443]' for 'POST' to 'https://oauth-autolazare-558fb:f8d0a4b4-e059-4b39-a9eb-366965b887b1@ondemand.us-west-1.saucelabs.com:443/wd/hub/session/6e478f60247a41e29a4342741c3b2594/frame'
22:27:19.304 [Forwarding switchToFrame on session 6e478f60247a41e29a4342741c3b2594 to remote] DEBUG org.asynchttpclient.netty.request.NettyRequestSender -- Using open Channel [id: 0x7b050763, L:/192.168.1.146:49736 - R:ondemand.us-west-1.saucelabs.com/66.85.52.224:443] for POST '/wd/hub/session/6e478f60247a41e29a4342741c3b2594/frame'
22:27:19.447 [AsyncHttpClient-1-2] DEBUG org.asynchttpclient.netty.handler.HttpHandler -- 

Request DefaultHttpRequest(decodeResult: success, version: HTTP/1.1)
POST /wd/hub/session/6e478f60247a41e29a4342741c3b2594/frame HTTP/1.1
User-Agent: selenium/4.9.0 (java windows)
traceparent: 00-7c497eab607d5ed5e735949258fe2e1d-4b48892203e756e1-01
Content-Length: 106
Content-Type: application/json; charset=utf-8
host: ondemand.us-west-1.saucelabs.com
authorization: Basic b2F1dGgtYXV0b2xhemFyZS01NThmYjpmOGQwYTRiNC1lMDU5LTRiMzktYTllYi0zNjY5NjViODg3YjE=
accept: */*

Response DefaultHttpResponse(decodeResult: success, version: HTTP/1.1)
HTTP/1.1 200 OK
content-length: 15
content-type: application/json;charset=UTF-8
date: Fri, 12 May 2023 02:27:19 GMT
server: monocle/0.42
x-request-id: c1c393d4-7ca3-4e65-b436-0462797ed8d9

22:27:19.447 [AsyncHttpClient-1-2] DEBUG org.asynchttpclient.netty.channel.ChannelManager -- Adding key: https://ondemand.us-west-1.saucelabs.com:443 for channel [id: 0x7b050763, L:/192.168.1.146:49736 - R:ondemand.us-west-1.saucelabs.com/66.85.52.224:443]
22:27:19.462 [Forwarding executeScript on session 6e478f60247a41e29a4342741c3b2594 to remote] DEBUG org.asynchttpclient.netty.request.NettyRequestSender -- Using pooled Channel '[id: 0x7b050763, L:/192.168.1.146:49736 - R:ondemand.us-west-1.saucelabs.com/66.85.52.224:443]' for 'POST' to 'https://oauth-autolazare-558fb:f8d0a4b4-e059-4b39-a9eb-366965b887b1@ondemand.us-west-1.saucelabs.com:443/wd/hub/session/6e478f60247a41e29a4342741c3b2594/execute/sync'
22:27:19.462 [Forwarding executeScript on session 6e478f60247a41e29a4342741c3b2594 to remote] DEBUG org.asynchttpclient.netty.request.NettyRequestSender -- Using open Channel [id: 0x7b050763, L:/192.168.1.146:49736 - R:ondemand.us-west-1.saucelabs.com/66.85.52.224:443] for POST '/wd/hub/session/6e478f60247a41e29a4342741c3b2594/execute/sync'
22:27:19.573 [AsyncHttpClient-1-2] DEBUG org.asynchttpclient.netty.handler.HttpHandler -- 

Request DefaultHttpRequest(decodeResult: success, version: HTTP/1.1)
POST /wd/hub/session/6e478f60247a41e29a4342741c3b2594/execute/sync HTTP/1.1
User-Agent: selenium/4.9.0 (java windows)
traceparent: 00-dc87865c78d23608d95920be9acd6f5a-42596d3262131a30-01
Content-Length: 99
Content-Type: application/json; charset=utf-8
host: ondemand.us-west-1.saucelabs.com
authorization: Basic b2F1dGgtYXV0b2xhemFyZS01NThmYjpmOGQwYTRiNC1lMDU5LTRiMzktYTllYi0zNjY5NjViODg3YjE=
accept: */*

Response DefaultHttpResponse(decodeResult: success, version: HTTP/1.1)
HTTP/1.1 200 OK
content-length: 15
content-type: application/json;charset=UTF-8
date: Fri, 12 May 2023 02:27:19 GMT
server: monocle/0.42
x-request-id: 0e216980-77c7-4da4-bc8f-8f39c19c1e60

22:27:19.573 [AsyncHttpClient-1-2] DEBUG org.asynchttpclient.netty.channel.ChannelManager -- Adding key: https://ondemand.us-west-1.saucelabs.com:443 for channel [id: 0x7b050763, L:/192.168.1.146:49736 - R:ondemand.us-west-1.saucelabs.com/66.85.52.224:443]
22:27:19.588 [Forwarding findElements on session 6e478f60247a41e29a4342741c3b2594 to remote] DEBUG org.asynchttpclient.netty.request.NettyRequestSender -- Using pooled Channel '[id: 0x7b050763, L:/192.168.1.146:49736 - R:ondemand.us-west-1.saucelabs.com/66.85.52.224:443]' for 'POST' to 'https://oauth-autolazare-558fb:f8d0a4b4-e059-4b39-a9eb-366965b887b1@ondemand.us-west-1.saucelabs.com:443/wd/hub/session/6e478f60247a41e29a4342741c3b2594/elements'
22:27:19.590 [Forwarding findElements on session 6e478f60247a41e29a4342741c3b2594 to remote] DEBUG org.asynchttpclient.netty.request.NettyRequestSender -- Using open Channel [id: 0x7b050763, L:/192.168.1.146:49736 - R:ondemand.us-west-1.saucelabs.com/66.85.52.224:443] for POST '/wd/hub/session/6e478f60247a41e29a4342741c3b2594/elements'
22:27:19.716 [AsyncHttpClient-1-2] DEBUG org.asynchttpclient.netty.handler.HttpHandler -- 

Request DefaultHttpRequest(decodeResult: success, version: HTTP/1.1)
POST /wd/hub/session/6e478f60247a41e29a4342741c3b2594/elements HTTP/1.1
User-Agent: selenium/4.9.0 (java windows)
traceparent: 00-745e114ce3ecbe4897f7dc51f39d1259-d9695ede915ced5a-01
Content-Length: 98
Content-Type: application/json; charset=utf-8
host: ondemand.us-west-1.saucelabs.com
authorization: Basic b2F1dGgtYXV0b2xhemFyZS01NThmYjpmOGQwYTRiNC1lMDU5LTRiMzktYTllYi0zNjY5NjViODg3YjE=
accept: */*

Response DefaultHttpResponse(decodeResult: success, version: HTTP/1.1)
HTTP/1.1 200 OK
content-length: 187
content-type: application/json;charset=UTF-8
date: Fri, 12 May 2023 02:27:19 GMT
server: monocle/0.42
x-request-id: f25ba733-68c9-4b6e-94b4-3c9decb941f3

22:27:19.716 [AsyncHttpClient-1-2] DEBUG org.asynchttpclient.netty.channel.ChannelManager -- Adding key: https://ondemand.us-west-1.saucelabs.com:443 for channel [id: 0x7b050763, L:/192.168.1.146:49736 - R:ondemand.us-west-1.saucelabs.com/66.85.52.224:443]
22:27:19.716 [Forwarding switchToFrame on session 6e478f60247a41e29a4342741c3b2594 to remote] DEBUG org.asynchttpclient.netty.request.NettyRequestSender -- Using pooled Channel '[id: 0x7b050763, L:/192.168.1.146:49736 - R:ondemand.us-west-1.saucelabs.com/66.85.52.224:443]' for 'POST' to 'https://oauth-autolazare-558fb:f8d0a4b4-e059-4b39-a9eb-366965b887b1@ondemand.us-west-1.saucelabs.com:443/wd/hub/session/6e478f60247a41e29a4342741c3b2594/frame'
22:27:19.716 [Forwarding switchToFrame on session 6e478f60247a41e29a4342741c3b2594 to remote] DEBUG org.asynchttpclient.netty.request.NettyRequestSender -- Using open Channel [id: 0x7b050763, L:/192.168.1.146:49736 - R:ondemand.us-west-1.saucelabs.com/66.85.52.224:443] for POST '/wd/hub/session/6e478f60247a41e29a4342741c3b2594/frame'
22:27:20.121 [AsyncHttpClient-1-2] DEBUG org.asynchttpclient.netty.handler.HttpHandler -- 

Request DefaultHttpRequest(decodeResult: success, version: HTTP/1.1)
POST /wd/hub/session/6e478f60247a41e29a4342741c3b2594/frame HTTP/1.1
User-Agent: selenium/4.9.0 (java windows)
traceparent: 00-04ad3c712e445c084f3bae1abccf6e33-3772b0d07610d076-01
Content-Length: 106
Content-Type: application/json; charset=utf-8
host: ondemand.us-west-1.saucelabs.com
authorization: Basic b2F1dGgtYXV0b2xhemFyZS01NThmYjpmOGQwYTRiNC1lMDU5LTRiMzktYTllYi0zNjY5NjViODg3YjE=
accept: */*

Response DefaultHttpResponse(decodeResult: success, version: HTTP/1.1)
HTTP/1.1 200 OK
content-length: 15
content-type: application/json;charset=UTF-8
date: Fri, 12 May 2023 02:27:19 GMT
server: monocle/0.42
x-request-id: 746b1e40-06dd-437b-9230-a5a18dd5d4e6

22:27:20.121 [AsyncHttpClient-1-2] DEBUG org.asynchttpclient.netty.channel.ChannelManager -- Adding key: https://ondemand.us-west-1.saucelabs.com:443 for channel [id: 0x7b050763, L:/192.168.1.146:49736 - R:ondemand.us-west-1.saucelabs.com/66.85.52.224:443]
22:27:20.121 [Forwarding executeScript on session 6e478f60247a41e29a4342741c3b2594 to remote] DEBUG org.asynchttpclient.netty.request.NettyRequestSender -- Using pooled Channel '[id: 0x7b050763, L:/192.168.1.146:49736 - R:ondemand.us-west-1.saucelabs.com/66.85.52.224:443]' for 'POST' to 'https://oauth-autolazare-558fb:f8d0a4b4-e059-4b39-a9eb-366965b887b1@ondemand.us-west-1.saucelabs.com:443/wd/hub/session/6e478f60247a41e29a4342741c3b2594/execute/sync'
22:27:20.121 [Forwarding executeScript on session 6e478f60247a41e29a4342741c3b2594 to remote] DEBUG org.asynchttpclient.netty.request.NettyRequestSender -- Using open Channel [id: 0x7b050763, L:/192.168.1.146:49736 - R:ondemand.us-west-1.saucelabs.com/66.85.52.224:443] for POST '/wd/hub/session/6e478f60247a41e29a4342741c3b2594/execute/sync'
22:27:20.247 [AsyncHttpClient-1-2] DEBUG org.asynchttpclient.netty.handler.HttpHandler -- 

Request DefaultHttpRequest(decodeResult: success, version: HTTP/1.1)
POST /wd/hub/session/6e478f60247a41e29a4342741c3b2594/execute/sync HTTP/1.1
User-Agent: selenium/4.9.0 (java windows)
traceparent: 00-4fefa939f4c5cc17e56794379a994b2f-f20ca84dc3095a2f-01
Content-Length: 99
Content-Type: application/json; charset=utf-8
host: ondemand.us-west-1.saucelabs.com
authorization: Basic b2F1dGgtYXV0b2xhemFyZS01NThmYjpmOGQwYTRiNC1lMDU5LTRiMzktYTllYi0zNjY5NjViODg3YjE=
accept: */*

Response DefaultHttpResponse(decodeResult: success, version: HTTP/1.1)
HTTP/1.1 200 OK
content-length: 15
content-type: application/json;charset=UTF-8
date: Fri, 12 May 2023 02:27:20 GMT
server: monocle/0.42
x-request-id: a1ae89d2-5e35-471f-a87d-9f3fda480543

22:27:20.247 [AsyncHttpClient-1-2] DEBUG org.asynchttpclient.netty.channel.ChannelManager -- Adding key: https://ondemand.us-west-1.saucelabs.com:443 for channel [id: 0x7b050763, L:/192.168.1.146:49736 - R:ondemand.us-west-1.saucelabs.com/66.85.52.224:443]
22:27:20.247 [Forwarding findElements on session 6e478f60247a41e29a4342741c3b2594 to remote] DEBUG org.asynchttpclient.netty.request.NettyRequestSender -- Using pooled Channel '[id: 0x7b050763, L:/192.168.1.146:49736 - R:ondemand.us-west-1.saucelabs.com/66.85.52.224:443]' for 'POST' to 'https://oauth-autolazare-558fb:f8d0a4b4-e059-4b39-a9eb-366965b887b1@ondemand.us-west-1.saucelabs.com:443/wd/hub/session/6e478f60247a41e29a4342741c3b2594/elements'
22:27:20.247 [Forwarding findElements on session 6e478f60247a41e29a4342741c3b2594 to remote] DEBUG org.asynchttpclient.netty.request.NettyRequestSender -- Using open Channel [id: 0x7b050763, L:/192.168.1.146:49736 - R:ondemand.us-west-1.saucelabs.com/66.85.52.224:443] for POST '/wd/hub/session/6e478f60247a41e29a4342741c3b2594/elements'
22:27:20.369 [AsyncHttpClient-1-2] DEBUG org.asynchttpclient.netty.handler.HttpHandler -- 

Request DefaultHttpRequest(decodeResult: success, version: HTTP/1.1)
POST /wd/hub/session/6e478f60247a41e29a4342741c3b2594/elements HTTP/1.1
User-Agent: selenium/4.9.0 (java windows)
traceparent: 00-0910482dbb65012aff60fec130dbc42d-927ee3943cce16ef-01
Content-Length: 98
Content-Type: application/json; charset=utf-8
host: ondemand.us-west-1.saucelabs.com
authorization: Basic b2F1dGgtYXV0b2xhemFyZS01NThmYjpmOGQwYTRiNC1lMDU5LTRiMzktYTllYi0zNjY5NjViODg3YjE=
accept: */*

Response DefaultHttpResponse(decodeResult: success, version: HTTP/1.1)
HTTP/1.1 200 OK
content-length: 13
content-type: application/json;charset=UTF-8
date: Fri, 12 May 2023 02:27:20 GMT
server: monocle/0.42
x-request-id: 2725f6e3-4058-4549-8dc4-efaed092cf7f

22:27:20.373 [AsyncHttpClient-1-2] DEBUG org.asynchttpclient.netty.channel.ChannelManager -- Adding key: https://ondemand.us-west-1.saucelabs.com:443 for channel [id: 0x7b050763, L:/192.168.1.146:49736 - R:ondemand.us-west-1.saucelabs.com/66.85.52.224:443]
22:27:20.374 [Forwarding switchToParentFrame on session 6e478f60247a41e29a4342741c3b2594 to remote] DEBUG org.asynchttpclient.netty.request.NettyRequestSender -- Using pooled Channel '[id: 0x7b050763, L:/192.168.1.146:49736 - R:ondemand.us-west-1.saucelabs.com/66.85.52.224:443]' for 'POST' to 'https://oauth-autolazare-558fb:f8d0a4b4-e059-4b39-a9eb-366965b887b1@ondemand.us-west-1.saucelabs.com:443/wd/hub/session/6e478f60247a41e29a4342741c3b2594/frame/parent'
22:27:20.374 [Forwarding switchToParentFrame on session 6e478f60247a41e29a4342741c3b2594 to remote] DEBUG org.asynchttpclient.netty.request.NettyRequestSender -- Using open Channel [id: 0x7b050763, L:/192.168.1.146:49736 - R:ondemand.us-west-1.saucelabs.com/66.85.52.224:443] for POST '/wd/hub/session/6e478f60247a41e29a4342741c3b2594/frame/parent'
22:27:20.485 [AsyncHttpClient-1-2] DEBUG org.asynchttpclient.netty.handler.HttpHandler -- 

Request DefaultHttpRequest(decodeResult: success, version: HTTP/1.1)
POST /wd/hub/session/6e478f60247a41e29a4342741c3b2594/frame/parent HTTP/1.1
User-Agent: selenium/4.9.0 (java windows)
traceparent: 00-07d2d6862505cb2cd4949c0cb52835bf-43c5d41750fc1fa4-01
Content-Length: 3
Content-Type: application/json; charset=utf-8
host: ondemand.us-west-1.saucelabs.com
authorization: Basic b2F1dGgtYXV0b2xhemFyZS01NThmYjpmOGQwYTRiNC1lMDU5LTRiMzktYTllYi0zNjY5NjViODg3YjE=
accept: */*

Response DefaultHttpResponse(decodeResult: success, version: HTTP/1.1)
HTTP/1.1 200 OK
content-length: 15
content-type: application/json;charset=UTF-8
date: Fri, 12 May 2023 02:27:20 GMT
server: monocle/0.42
x-request-id: be712e35-4203-428d-b750-48497d708fec

22:27:20.485 [AsyncHttpClient-1-2] DEBUG org.asynchttpclient.netty.channel.ChannelManager -- Adding key: https://ondemand.us-west-1.saucelabs.com:443 for channel [id: 0x7b050763, L:/192.168.1.146:49736 - R:ondemand.us-west-1.saucelabs.com/66.85.52.224:443]
22:27:20.485 [Forwarding switchToFrame on session 6e478f60247a41e29a4342741c3b2594 to remote] DEBUG org.asynchttpclient.netty.request.NettyRequestSender -- Using pooled Channel '[id: 0x7b050763, L:/192.168.1.146:49736 - R:ondemand.us-west-1.saucelabs.com/66.85.52.224:443]' for 'POST' to 'https://oauth-autolazare-558fb:f8d0a4b4-e059-4b39-a9eb-366965b887b1@ondemand.us-west-1.saucelabs.com:443/wd/hub/session/6e478f60247a41e29a4342741c3b2594/frame'
22:27:20.485 [Forwarding switchToFrame on session 6e478f60247a41e29a4342741c3b2594 to remote] DEBUG org.asynchttpclient.netty.request.NettyRequestSender -- Using open Channel [id: 0x7b050763, L:/192.168.1.146:49736 - R:ondemand.us-west-1.saucelabs.com/66.85.52.224:443] for POST '/wd/hub/session/6e478f60247a41e29a4342741c3b2594/frame'
22:27:20.657 [AsyncHttpClient-1-2] DEBUG org.asynchttpclient.netty.handler.HttpHandler -- 

Request DefaultHttpRequest(decodeResult: success, version: HTTP/1.1)
POST /wd/hub/session/6e478f60247a41e29a4342741c3b2594/frame HTTP/1.1
User-Agent: selenium/4.9.0 (java windows)
traceparent: 00-06e3c121f7cccb31e0d16b8030dba85c-c452192c010266f8-01
Content-Length: 106
Content-Type: application/json; charset=utf-8
host: ondemand.us-west-1.saucelabs.com
authorization: Basic b2F1dGgtYXV0b2xhemFyZS01NThmYjpmOGQwYTRiNC1lMDU5LTRiMzktYTllYi0zNjY5NjViODg3YjE=
accept: */*

Response DefaultHttpResponse(decodeResult: success, version: HTTP/1.1)
HTTP/1.1 200 OK
content-length: 15
content-type: application/json;charset=UTF-8
date: Fri, 12 May 2023 02:27:20 GMT
server: monocle/0.42
x-request-id: 90ab9838-8596-4d0d-aea1-340f7ace3f80

22:27:20.657 [AsyncHttpClient-1-2] DEBUG org.asynchttpclient.netty.channel.ChannelManager -- Adding key: https://ondemand.us-west-1.saucelabs.com:443 for channel [id: 0x7b050763, L:/192.168.1.146:49736 - R:ondemand.us-west-1.saucelabs.com/66.85.52.224:443]
22:27:20.657 [Forwarding executeScript on session 6e478f60247a41e29a4342741c3b2594 to remote] DEBUG org.asynchttpclient.netty.request.NettyRequestSender -- Using pooled Channel '[id: 0x7b050763, L:/192.168.1.146:49736 - R:ondemand.us-west-1.saucelabs.com/66.85.52.224:443]' for 'POST' to 'https://oauth-autolazare-558fb:f8d0a4b4-e059-4b39-a9eb-366965b887b1@ondemand.us-west-1.saucelabs.com:443/wd/hub/session/6e478f60247a41e29a4342741c3b2594/execute/sync'
22:27:20.657 [Forwarding executeScript on session 6e478f60247a41e29a4342741c3b2594 to remote] DEBUG org.asynchttpclient.netty.request.NettyRequestSender -- Using open Channel [id: 0x7b050763, L:/192.168.1.146:49736 - R:ondemand.us-west-1.saucelabs.com/66.85.52.224:443] for POST '/wd/hub/session/6e478f60247a41e29a4342741c3b2594/execute/sync'
22:27:20.769 [AsyncHttpClient-1-2] DEBUG org.asynchttpclient.netty.handler.HttpHandler -- 

Request DefaultHttpRequest(decodeResult: success, version: HTTP/1.1)
POST /wd/hub/session/6e478f60247a41e29a4342741c3b2594/execute/sync HTTP/1.1
User-Agent: selenium/4.9.0 (java windows)
traceparent: 00-1e9c6edda991cd55fdac192b9942c0f2-9b4c4f48fb7387e3-01
Content-Length: 99
Content-Type: application/json; charset=utf-8
host: ondemand.us-west-1.saucelabs.com
authorization: Basic b2F1dGgtYXV0b2xhemFyZS01NThmYjpmOGQwYTRiNC1lMDU5LTRiMzktYTllYi0zNjY5NjViODg3YjE=
accept: */*

Response DefaultHttpResponse(decodeResult: success, version: HTTP/1.1)
HTTP/1.1 200 OK
content-length: 15
content-type: application/json;charset=UTF-8
date: Fri, 12 May 2023 02:27:20 GMT
server: monocle/0.42
x-request-id: 72522e59-174d-4562-a7e3-d67cda4a9a26

22:27:20.769 [AsyncHttpClient-1-2] DEBUG org.asynchttpclient.netty.channel.ChannelManager -- Adding key: https://ondemand.us-west-1.saucelabs.com:443 for channel [id: 0x7b050763, L:/192.168.1.146:49736 - R:ondemand.us-west-1.saucelabs.com/66.85.52.224:443]
22:27:20.769 [Forwarding findElements on session 6e478f60247a41e29a4342741c3b2594 to remote] DEBUG org.asynchttpclient.netty.request.NettyRequestSender -- Using pooled Channel '[id: 0x7b050763, L:/192.168.1.146:49736 - R:ondemand.us-west-1.saucelabs.com/66.85.52.224:443]' for 'POST' to 'https://oauth-autolazare-558fb:f8d0a4b4-e059-4b39-a9eb-366965b887b1@ondemand.us-west-1.saucelabs.com:443/wd/hub/session/6e478f60247a41e29a4342741c3b2594/elements'
22:27:20.769 [Forwarding findElements on session 6e478f60247a41e29a4342741c3b2594 to remote] DEBUG org.asynchttpclient.netty.request.NettyRequestSender -- Using open Channel [id: 0x7b050763, L:/192.168.1.146:49736 - R:ondemand.us-west-1.saucelabs.com/66.85.52.224:443] for POST '/wd/hub/session/6e478f60247a41e29a4342741c3b2594/elements'
22:27:20.902 [AsyncHttpClient-1-2] DEBUG org.asynchttpclient.netty.handler.HttpHandler -- 

Request DefaultHttpRequest(decodeResult: success, version: HTTP/1.1)
POST /wd/hub/session/6e478f60247a41e29a4342741c3b2594/elements HTTP/1.1
User-Agent: selenium/4.9.0 (java windows)
traceparent: 00-b7b090f9a8236c405de32f5f0ebea781-bde7081ed34d5cd1-01
Content-Length: 98
Content-Type: application/json; charset=utf-8
host: ondemand.us-west-1.saucelabs.com
authorization: Basic b2F1dGgtYXV0b2xhemFyZS01NThmYjpmOGQwYTRiNC1lMDU5LTRiMzktYTllYi0zNjY5NjViODg3YjE=
accept: */*

Response DefaultHttpResponse(decodeResult: success, version: HTTP/1.1)
HTTP/1.1 200 OK
content-length: 13
content-type: application/json;charset=UTF-8
date: Fri, 12 May 2023 02:27:20 GMT
server: monocle/0.42
x-request-id: 4b673803-f2a0-43b0-8f6d-9238a93be5f0

22:27:20.902 [AsyncHttpClient-1-2] DEBUG org.asynchttpclient.netty.channel.ChannelManager -- Adding key: https://ondemand.us-west-1.saucelabs.com:443 for channel [id: 0x7b050763, L:/192.168.1.146:49736 - R:ondemand.us-west-1.saucelabs.com/66.85.52.224:443]
22:27:20.902 [Forwarding switchToParentFrame on session 6e478f60247a41e29a4342741c3b2594 to remote] DEBUG org.asynchttpclient.netty.request.NettyRequestSender -- Using pooled Channel '[id: 0x7b050763, L:/192.168.1.146:49736 - R:ondemand.us-west-1.saucelabs.com/66.85.52.224:443]' for 'POST' to 'https://oauth-autolazare-558fb:f8d0a4b4-e059-4b39-a9eb-366965b887b1@ondemand.us-west-1.saucelabs.com:443/wd/hub/session/6e478f60247a41e29a4342741c3b2594/frame/parent'
22:27:20.902 [Forwarding switchToParentFrame on session 6e478f60247a41e29a4342741c3b2594 to remote] DEBUG org.asynchttpclient.netty.request.NettyRequestSender -- Using open Channel [id: 0x7b050763, L:/192.168.1.146:49736 - R:ondemand.us-west-1.saucelabs.com/66.85.52.224:443] for POST '/wd/hub/session/6e478f60247a41e29a4342741c3b2594/frame/parent'
22:27:21.027 [AsyncHttpClient-1-2] DEBUG org.asynchttpclient.netty.handler.HttpHandler -- 

Request DefaultHttpRequest(decodeResult: success, version: HTTP/1.1)
POST /wd/hub/session/6e478f60247a41e29a4342741c3b2594/frame/parent HTTP/1.1
User-Agent: selenium/4.9.0 (java windows)
traceparent: 00-5f2dad15b85026851132deed1e860f15-3dcecacc8c8a6b42-01
Content-Length: 3
Content-Type: application/json; charset=utf-8
host: ondemand.us-west-1.saucelabs.com
authorization: Basic b2F1dGgtYXV0b2xhemFyZS01NThmYjpmOGQwYTRiNC1lMDU5LTRiMzktYTllYi0zNjY5NjViODg3YjE=
accept: */*

Response DefaultHttpResponse(decodeResult: success, version: HTTP/1.1)
HTTP/1.1 200 OK
content-length: 15
content-type: application/json;charset=UTF-8
date: Fri, 12 May 2023 02:27:21 GMT
server: monocle/0.42
x-request-id: bede906b-062d-4a4a-9526-19605a529bc9

22:27:21.027 [AsyncHttpClient-1-2] DEBUG org.asynchttpclient.netty.channel.ChannelManager -- Adding key: https://ondemand.us-west-1.saucelabs.com:443 for channel [id: 0x7b050763, L:/192.168.1.146:49736 - R:ondemand.us-west-1.saucelabs.com/66.85.52.224:443]
22:27:21.027 [Forwarding switchToParentFrame on session 6e478f60247a41e29a4342741c3b2594 to remote] DEBUG org.asynchttpclient.netty.request.NettyRequestSender -- Using pooled Channel '[id: 0x7b050763, L:/192.168.1.146:49736 - R:ondemand.us-west-1.saucelabs.com/66.85.52.224:443]' for 'POST' to 'https://oauth-autolazare-558fb:f8d0a4b4-e059-4b39-a9eb-366965b887b1@ondemand.us-west-1.saucelabs.com:443/wd/hub/session/6e478f60247a41e29a4342741c3b2594/frame/parent'
22:27:21.027 [Forwarding switchToParentFrame on session 6e478f60247a41e29a4342741c3b2594 to remote] DEBUG org.asynchttpclient.netty.request.NettyRequestSender -- Using open Channel [id: 0x7b050763, L:/192.168.1.146:49736 - R:ondemand.us-west-1.saucelabs.com/66.85.52.224:443] for POST '/wd/hub/session/6e478f60247a41e29a4342741c3b2594/frame/parent'
22:27:21.136 [AsyncHttpClient-1-2] DEBUG org.asynchttpclient.netty.handler.HttpHandler -- 

Request DefaultHttpRequest(decodeResult: success, version: HTTP/1.1)
POST /wd/hub/session/6e478f60247a41e29a4342741c3b2594/frame/parent HTTP/1.1
User-Agent: selenium/4.9.0 (java windows)
traceparent: 00-c2f4c25a7244b9d7ec14eae4483d2946-dfd404f077314cd6-01
Content-Length: 3
Content-Type: application/json; charset=utf-8
host: ondemand.us-west-1.saucelabs.com
authorization: Basic b2F1dGgtYXV0b2xhemFyZS01NThmYjpmOGQwYTRiNC1lMDU5LTRiMzktYTllYi0zNjY5NjViODg3YjE=
accept: */*

Response DefaultHttpResponse(decodeResult: success, version: HTTP/1.1)
HTTP/1.1 200 OK
content-length: 15
content-type: application/json;charset=UTF-8
date: Fri, 12 May 2023 02:27:21 GMT
server: monocle/0.42
x-request-id: fbefc9fd-f704-4ce5-a8e6-e6e5926c2980

22:27:21.136 [AsyncHttpClient-1-2] DEBUG org.asynchttpclient.netty.channel.ChannelManager -- Adding key: https://ondemand.us-west-1.saucelabs.com:443 for channel [id: 0x7b050763, L:/192.168.1.146:49736 - R:ondemand.us-west-1.saucelabs.com/66.85.52.224:443]
22:27:21.136 [Forwarding switchToFrame on session 6e478f60247a41e29a4342741c3b2594 to remote] DEBUG org.asynchttpclient.netty.request.NettyRequestSender -- Using pooled Channel '[id: 0x7b050763, L:/192.168.1.146:49736 - R:ondemand.us-west-1.saucelabs.com/66.85.52.224:443]' for 'POST' to 'https://oauth-autolazare-558fb:f8d0a4b4-e059-4b39-a9eb-366965b887b1@ondemand.us-west-1.saucelabs.com:443/wd/hub/session/6e478f60247a41e29a4342741c3b2594/frame'
22:27:21.136 [Forwarding switchToFrame on session 6e478f60247a41e29a4342741c3b2594 to remote] DEBUG org.asynchttpclient.netty.request.NettyRequestSender -- Using open Channel [id: 0x7b050763, L:/192.168.1.146:49736 - R:ondemand.us-west-1.saucelabs.com/66.85.52.224:443] for POST '/wd/hub/session/6e478f60247a41e29a4342741c3b2594/frame'
22:27:21.279 [AsyncHttpClient-1-2] DEBUG org.asynchttpclient.netty.handler.HttpHandler -- 

Request DefaultHttpRequest(decodeResult: success, version: HTTP/1.1)
POST /wd/hub/session/6e478f60247a41e29a4342741c3b2594/frame HTTP/1.1
User-Agent: selenium/4.9.0 (java windows)
traceparent: 00-e43f53de4f7ed00a411ac5654068a02d-ae0de65fcd7dbe96-01
Content-Length: 106
Content-Type: application/json; charset=utf-8
host: ondemand.us-west-1.saucelabs.com
authorization: Basic b2F1dGgtYXV0b2xhemFyZS01NThmYjpmOGQwYTRiNC1lMDU5LTRiMzktYTllYi0zNjY5NjViODg3YjE=
accept: */*

Response DefaultHttpResponse(decodeResult: success, version: HTTP/1.1)
HTTP/1.1 200 OK
content-length: 15
content-type: application/json;charset=UTF-8
date: Fri, 12 May 2023 02:27:21 GMT
server: monocle/0.42
x-request-id: 6d85db23-30fc-43fe-9abe-0734bd0e70e4

22:27:21.279 [AsyncHttpClient-1-2] DEBUG org.asynchttpclient.netty.channel.ChannelManager -- Adding key: https://ondemand.us-west-1.saucelabs.com:443 for channel [id: 0x7b050763, L:/192.168.1.146:49736 - R:ondemand.us-west-1.saucelabs.com/66.85.52.224:443]
22:27:21.282 [Forwarding executeScript on session 6e478f60247a41e29a4342741c3b2594 to remote] DEBUG org.asynchttpclient.netty.request.NettyRequestSender -- Using pooled Channel '[id: 0x7b050763, L:/192.168.1.146:49736 - R:ondemand.us-west-1.saucelabs.com/66.85.52.224:443]' for 'POST' to 'https://oauth-autolazare-558fb:f8d0a4b4-e059-4b39-a9eb-366965b887b1@ondemand.us-west-1.saucelabs.com:443/wd/hub/session/6e478f60247a41e29a4342741c3b2594/execute/sync'
22:27:21.282 [Forwarding executeScript on session 6e478f60247a41e29a4342741c3b2594 to remote] DEBUG org.asynchttpclient.netty.request.NettyRequestSender -- Using open Channel [id: 0x7b050763, L:/192.168.1.146:49736 - R:ondemand.us-west-1.saucelabs.com/66.85.52.224:443] for POST '/wd/hub/session/6e478f60247a41e29a4342741c3b2594/execute/sync'
22:27:21.389 [AsyncHttpClient-1-2] DEBUG org.asynchttpclient.netty.handler.HttpHandler -- 

Request DefaultHttpRequest(decodeResult: success, version: HTTP/1.1)
POST /wd/hub/session/6e478f60247a41e29a4342741c3b2594/execute/sync HTTP/1.1
User-Agent: selenium/4.9.0 (java windows)
traceparent: 00-914b94a8c1a703f25fcad8a96eeaaefb-0cee1d18089ebafc-01
Content-Length: 99
Content-Type: application/json; charset=utf-8
host: ondemand.us-west-1.saucelabs.com
authorization: Basic b2F1dGgtYXV0b2xhemFyZS01NThmYjpmOGQwYTRiNC1lMDU5LTRiMzktYTllYi0zNjY5NjViODg3YjE=
accept: */*

Response DefaultHttpResponse(decodeResult: success, version: HTTP/1.1)
HTTP/1.1 200 OK
content-length: 15
content-type: application/json;charset=UTF-8
date: Fri, 12 May 2023 02:27:21 GMT
server: monocle/0.42
x-request-id: b7e88013-c62e-481a-9949-e8cbab8b7ddc

22:27:21.389 [AsyncHttpClient-1-2] DEBUG org.asynchttpclient.netty.channel.ChannelManager -- Adding key: https://ondemand.us-west-1.saucelabs.com:443 for channel [id: 0x7b050763, L:/192.168.1.146:49736 - R:ondemand.us-west-1.saucelabs.com/66.85.52.224:443]
22:27:21.389 [Forwarding findElements on session 6e478f60247a41e29a4342741c3b2594 to remote] DEBUG org.asynchttpclient.netty.request.NettyRequestSender -- Using pooled Channel '[id: 0x7b050763, L:/192.168.1.146:49736 - R:ondemand.us-west-1.saucelabs.com/66.85.52.224:443]' for 'POST' to 'https://oauth-autolazare-558fb:f8d0a4b4-e059-4b39-a9eb-366965b887b1@ondemand.us-west-1.saucelabs.com:443/wd/hub/session/6e478f60247a41e29a4342741c3b2594/elements'
22:27:21.405 [Forwarding findElements on session 6e478f60247a41e29a4342741c3b2594 to remote] DEBUG org.asynchttpclient.netty.request.NettyRequestSender -- Using open Channel [id: 0x7b050763, L:/192.168.1.146:49736 - R:ondemand.us-west-1.saucelabs.com/66.85.52.224:443] for POST '/wd/hub/session/6e478f60247a41e29a4342741c3b2594/elements'
22:27:21.532 [AsyncHttpClient-1-2] DEBUG org.asynchttpclient.netty.handler.HttpHandler -- 

Request DefaultHttpRequest(decodeResult: success, version: HTTP/1.1)
POST /wd/hub/session/6e478f60247a41e29a4342741c3b2594/elements HTTP/1.1
User-Agent: selenium/4.9.0 (java windows)
traceparent: 00-98b2e784cb87985e25248252f73491c6-a916db2eb704adef-01
Content-Length: 98
Content-Type: application/json; charset=utf-8
host: ondemand.us-west-1.saucelabs.com
authorization: Basic b2F1dGgtYXV0b2xhemFyZS01NThmYjpmOGQwYTRiNC1lMDU5LTRiMzktYTllYi0zNjY5NjViODg3YjE=
accept: */*

Response DefaultHttpResponse(decodeResult: success, version: HTTP/1.1)
HTTP/1.1 200 OK
content-length: 13
content-type: application/json;charset=UTF-8
date: Fri, 12 May 2023 02:27:21 GMT
server: monocle/0.42
x-request-id: c3dd454d-c6ae-49f9-8e6a-a4cb275e6ea1

22:27:21.532 [AsyncHttpClient-1-2] DEBUG org.asynchttpclient.netty.channel.ChannelManager -- Adding key: https://ondemand.us-west-1.saucelabs.com:443 for channel [id: 0x7b050763, L:/192.168.1.146:49736 - R:ondemand.us-west-1.saucelabs.com/66.85.52.224:443]
22:27:21.532 [Forwarding switchToParentFrame on session 6e478f60247a41e29a4342741c3b2594 to remote] DEBUG org.asynchttpclient.netty.request.NettyRequestSender -- Using pooled Channel '[id: 0x7b050763, L:/192.168.1.146:49736 - R:ondemand.us-west-1.saucelabs.com/66.85.52.224:443]' for 'POST' to 'https://oauth-autolazare-558fb:f8d0a4b4-e059-4b39-a9eb-366965b887b1@ondemand.us-west-1.saucelabs.com:443/wd/hub/session/6e478f60247a41e29a4342741c3b2594/frame/parent'
22:27:21.532 [Forwarding switchToParentFrame on session 6e478f60247a41e29a4342741c3b2594 to remote] DEBUG org.asynchttpclient.netty.request.NettyRequestSender -- Using open Channel [id: 0x7b050763, L:/192.168.1.146:49736 - R:ondemand.us-west-1.saucelabs.com/66.85.52.224:443] for POST '/wd/hub/session/6e478f60247a41e29a4342741c3b2594/frame/parent'
22:27:22.405 [AsyncHttpClient-1-2] DEBUG org.asynchttpclient.netty.handler.HttpHandler -- 

Request DefaultHttpRequest(decodeResult: success, version: HTTP/1.1)
POST /wd/hub/session/6e478f60247a41e29a4342741c3b2594/frame/parent HTTP/1.1
User-Agent: selenium/4.9.0 (java windows)
traceparent: 00-de9a82c5c5e02225d4bf2ee512f36178-25e89207c7347eeb-01
Content-Length: 3
Content-Type: application/json; charset=utf-8
host: ondemand.us-west-1.saucelabs.com
authorization: Basic b2F1dGgtYXV0b2xhemFyZS01NThmYjpmOGQwYTRiNC1lMDU5LTRiMzktYTllYi0zNjY5NjViODg3YjE=
accept: */*

Response DefaultHttpResponse(decodeResult: success, version: HTTP/1.1)
HTTP/1.1 200 OK
content-length: 15
content-type: application/json;charset=UTF-8
date: Fri, 12 May 2023 02:27:22 GMT
server: monocle/0.42
x-request-id: 83ee5868-1f23-4c6e-af15-3a2faeca0b3f

22:27:22.405 [AsyncHttpClient-1-2] DEBUG org.asynchttpclient.netty.channel.ChannelManager -- Adding key: https://ondemand.us-west-1.saucelabs.com:443 for channel [id: 0x7b050763, L:/192.168.1.146:49736 - R:ondemand.us-west-1.saucelabs.com/66.85.52.224:443]
22:27:22.405 [Forwarding switchToFrame on session 6e478f60247a41e29a4342741c3b2594 to remote] DEBUG org.asynchttpclient.netty.request.NettyRequestSender -- Using pooled Channel '[id: 0x7b050763, L:/192.168.1.146:49736 - R:ondemand.us-west-1.saucelabs.com/66.85.52.224:443]' for 'POST' to 'https://oauth-autolazare-558fb:f8d0a4b4-e059-4b39-a9eb-366965b887b1@ondemand.us-west-1.saucelabs.com:443/wd/hub/session/6e478f60247a41e29a4342741c3b2594/frame'
22:27:22.405 [Forwarding switchToFrame on session 6e478f60247a41e29a4342741c3b2594 to remote] DEBUG org.asynchttpclient.netty.request.NettyRequestSender -- Using open Channel [id: 0x7b050763, L:/192.168.1.146:49736 - R:ondemand.us-west-1.saucelabs.com/66.85.52.224:443] for POST '/wd/hub/session/6e478f60247a41e29a4342741c3b2594/frame'
22:27:22.562 [AsyncHttpClient-1-2] DEBUG org.asynchttpclient.netty.handler.HttpHandler -- 

Request DefaultHttpRequest(decodeResult: success, version: HTTP/1.1)
POST /wd/hub/session/6e478f60247a41e29a4342741c3b2594/frame HTTP/1.1
User-Agent: selenium/4.9.0 (java windows)
traceparent: 00-e9f792e66e632df071394c72400b6025-71507f651631e055-01
Content-Length: 106
Content-Type: application/json; charset=utf-8
host: ondemand.us-west-1.saucelabs.com
authorization: Basic b2F1dGgtYXV0b2xhemFyZS01NThmYjpmOGQwYTRiNC1lMDU5LTRiMzktYTllYi0zNjY5NjViODg3YjE=
accept: */*

Response DefaultHttpResponse(decodeResult: success, version: HTTP/1.1)
HTTP/1.1 200 OK
content-length: 15
content-type: application/json;charset=UTF-8
date: Fri, 12 May 2023 02:27:22 GMT
server: monocle/0.42
x-request-id: ae0ce068-48fc-491d-9e22-5d337f5228a0

22:27:22.562 [AsyncHttpClient-1-2] DEBUG org.asynchttpclient.netty.channel.ChannelManager -- Adding key: https://ondemand.us-west-1.saucelabs.com:443 for channel [id: 0x7b050763, L:/192.168.1.146:49736 - R:ondemand.us-west-1.saucelabs.com/66.85.52.224:443]
22:27:22.562 [Forwarding executeScript on session 6e478f60247a41e29a4342741c3b2594 to remote] DEBUG org.asynchttpclient.netty.request.NettyRequestSender -- Using pooled Channel '[id: 0x7b050763, L:/192.168.1.146:49736 - R:ondemand.us-west-1.saucelabs.com/66.85.52.224:443]' for 'POST' to 'https://oauth-autolazare-558fb:f8d0a4b4-e059-4b39-a9eb-366965b887b1@ondemand.us-west-1.saucelabs.com:443/wd/hub/session/6e478f60247a41e29a4342741c3b2594/execute/sync'
22:27:22.562 [Forwarding executeScript on session 6e478f60247a41e29a4342741c3b2594 to remote] DEBUG org.asynchttpclient.netty.request.NettyRequestSender -- Using open Channel [id: 0x7b050763, L:/192.168.1.146:49736 - R:ondemand.us-west-1.saucelabs.com/66.85.52.224:443] for POST '/wd/hub/session/6e478f60247a41e29a4342741c3b2594/execute/sync'
22:27:22.689 [AsyncHttpClient-1-2] DEBUG org.asynchttpclient.netty.handler.HttpHandler -- 

Request DefaultHttpRequest(decodeResult: success, version: HTTP/1.1)
POST /wd/hub/session/6e478f60247a41e29a4342741c3b2594/execute/sync HTTP/1.1
User-Agent: selenium/4.9.0 (java windows)
traceparent: 00-5d4231853120f57234979ce225c51327-db9c4aef6f41f2a4-01
Content-Length: 99
Content-Type: application/json; charset=utf-8
host: ondemand.us-west-1.saucelabs.com
authorization: Basic b2F1dGgtYXV0b2xhemFyZS01NThmYjpmOGQwYTRiNC1lMDU5LTRiMzktYTllYi0zNjY5NjViODg3YjE=
accept: */*

Response DefaultHttpResponse(decodeResult: success, version: HTTP/1.1)
HTTP/1.1 200 OK
content-length: 15
content-type: application/json;charset=UTF-8
date: Fri, 12 May 2023 02:27:22 GMT
server: monocle/0.42
x-request-id: f2f79658-4a83-4664-8c35-39496be0de67

22:27:22.689 [AsyncHttpClient-1-2] DEBUG org.asynchttpclient.netty.channel.ChannelManager -- Adding key: https://ondemand.us-west-1.saucelabs.com:443 for channel [id: 0x7b050763, L:/192.168.1.146:49736 - R:ondemand.us-west-1.saucelabs.com/66.85.52.224:443]
22:27:22.689 [Forwarding findElements on session 6e478f60247a41e29a4342741c3b2594 to remote] DEBUG org.asynchttpclient.netty.request.NettyRequestSender -- Using pooled Channel '[id: 0x7b050763, L:/192.168.1.146:49736 - R:ondemand.us-west-1.saucelabs.com/66.85.52.224:443]' for 'POST' to 'https://oauth-autolazare-558fb:f8d0a4b4-e059-4b39-a9eb-366965b887b1@ondemand.us-west-1.saucelabs.com:443/wd/hub/session/6e478f60247a41e29a4342741c3b2594/elements'
22:27:22.689 [Forwarding findElements on session 6e478f60247a41e29a4342741c3b2594 to remote] DEBUG org.asynchttpclient.netty.request.NettyRequestSender -- Using open Channel [id: 0x7b050763, L:/192.168.1.146:49736 - R:ondemand.us-west-1.saucelabs.com/66.85.52.224:443] for POST '/wd/hub/session/6e478f60247a41e29a4342741c3b2594/elements'
22:27:22.832 [AsyncHttpClient-1-2] DEBUG org.asynchttpclient.netty.handler.HttpHandler -- 

Request DefaultHttpRequest(decodeResult: success, version: HTTP/1.1)
POST /wd/hub/session/6e478f60247a41e29a4342741c3b2594/elements HTTP/1.1
User-Agent: selenium/4.9.0 (java windows)
traceparent: 00-a23fceb5782969d06781915c3877f684-b18eef162e632b7c-01
Content-Length: 98
Content-Type: application/json; charset=utf-8
host: ondemand.us-west-1.saucelabs.com
authorization: Basic b2F1dGgtYXV0b2xhemFyZS01NThmYjpmOGQwYTRiNC1lMDU5LTRiMzktYTllYi0zNjY5NjViODg3YjE=
accept: */*

Response DefaultHttpResponse(decodeResult: success, version: HTTP/1.1)
HTTP/1.1 200 OK
content-length: 13
content-type: application/json;charset=UTF-8
date: Fri, 12 May 2023 02:27:22 GMT
server: monocle/0.42
x-request-id: c9722b95-3d8f-4605-b82f-17206153ccf9

22:27:22.832 [AsyncHttpClient-1-2] DEBUG org.asynchttpclient.netty.channel.ChannelManager -- Adding key: https://ondemand.us-west-1.saucelabs.com:443 for channel [id: 0x7b050763, L:/192.168.1.146:49736 - R:ondemand.us-west-1.saucelabs.com/66.85.52.224:443]
22:27:22.832 [Forwarding switchToParentFrame on session 6e478f60247a41e29a4342741c3b2594 to remote] DEBUG org.asynchttpclient.netty.request.NettyRequestSender -- Using pooled Channel '[id: 0x7b050763, L:/192.168.1.146:49736 - R:ondemand.us-west-1.saucelabs.com/66.85.52.224:443]' for 'POST' to 'https://oauth-autolazare-558fb:f8d0a4b4-e059-4b39-a9eb-366965b887b1@ondemand.us-west-1.saucelabs.com:443/wd/hub/session/6e478f60247a41e29a4342741c3b2594/frame/parent'
22:27:22.832 [Forwarding switchToParentFrame on session 6e478f60247a41e29a4342741c3b2594 to remote] DEBUG org.asynchttpclient.netty.request.NettyRequestSender -- Using open Channel [id: 0x7b050763, L:/192.168.1.146:49736 - R:ondemand.us-west-1.saucelabs.com/66.85.52.224:443] for POST '/wd/hub/session/6e478f60247a41e29a4342741c3b2594/frame/parent'
22:27:22.958 [AsyncHttpClient-1-2] DEBUG org.asynchttpclient.netty.handler.HttpHandler -- 

Request DefaultHttpRequest(decodeResult: success, version: HTTP/1.1)
POST /wd/hub/session/6e478f60247a41e29a4342741c3b2594/frame/parent HTTP/1.1
User-Agent: selenium/4.9.0 (java windows)
traceparent: 00-9d269e098672cb1a8659aa6f8654d3f5-33a97116e07e85ff-01
Content-Length: 3
Content-Type: application/json; charset=utf-8
host: ondemand.us-west-1.saucelabs.com
authorization: Basic b2F1dGgtYXV0b2xhemFyZS01NThmYjpmOGQwYTRiNC1lMDU5LTRiMzktYTllYi0zNjY5NjViODg3YjE=
accept: */*

Response DefaultHttpResponse(decodeResult: success, version: HTTP/1.1)
HTTP/1.1 200 OK
content-length: 15
content-type: application/json;charset=UTF-8
date: Fri, 12 May 2023 02:27:22 GMT
server: monocle/0.42
x-request-id: 14aecf65-6314-4dbc-9132-1c0fc3f2c7c0

22:27:22.958 [AsyncHttpClient-1-2] DEBUG org.asynchttpclient.netty.channel.ChannelManager -- Adding key: https://ondemand.us-west-1.saucelabs.com:443 for channel [id: 0x7b050763, L:/192.168.1.146:49736 - R:ondemand.us-west-1.saucelabs.com/66.85.52.224:443]
22:27:22.958 [Forwarding switchToFrame on session 6e478f60247a41e29a4342741c3b2594 to remote] DEBUG org.asynchttpclient.netty.request.NettyRequestSender -- Using pooled Channel '[id: 0x7b050763, L:/192.168.1.146:49736 - R:ondemand.us-west-1.saucelabs.com/66.85.52.224:443]' for 'POST' to 'https://oauth-autolazare-558fb:f8d0a4b4-e059-4b39-a9eb-366965b887b1@ondemand.us-west-1.saucelabs.com:443/wd/hub/session/6e478f60247a41e29a4342741c3b2594/frame'
22:27:22.958 [Forwarding switchToFrame on session 6e478f60247a41e29a4342741c3b2594 to remote] DEBUG org.asynchttpclient.netty.request.NettyRequestSender -- Using open Channel [id: 0x7b050763, L:/192.168.1.146:49736 - R:ondemand.us-west-1.saucelabs.com/66.85.52.224:443] for POST '/wd/hub/session/6e478f60247a41e29a4342741c3b2594/frame'
22:27:23.102 [AsyncHttpClient-1-2] DEBUG org.asynchttpclient.netty.handler.HttpHandler -- 

Request DefaultHttpRequest(decodeResult: success, version: HTTP/1.1)
POST /wd/hub/session/6e478f60247a41e29a4342741c3b2594/frame HTTP/1.1
User-Agent: selenium/4.9.0 (java windows)
traceparent: 00-91eb7aa3715a46a64b82844355416289-e325caf1be895a6c-01
Content-Length: 106
Content-Type: application/json; charset=utf-8
host: ondemand.us-west-1.saucelabs.com
authorization: Basic b2F1dGgtYXV0b2xhemFyZS01NThmYjpmOGQwYTRiNC1lMDU5LTRiMzktYTllYi0zNjY5NjViODg3YjE=
accept: */*

Response DefaultHttpResponse(decodeResult: success, version: HTTP/1.1)
HTTP/1.1 200 OK
content-length: 15
content-type: application/json;charset=UTF-8
date: Fri, 12 May 2023 02:27:23 GMT
server: monocle/0.42
x-request-id: e5e0df43-49fb-46a7-ad5a-52aa33a6c424

22:27:23.102 [AsyncHttpClient-1-2] DEBUG org.asynchttpclient.netty.channel.ChannelManager -- Adding key: https://ondemand.us-west-1.saucelabs.com:443 for channel [id: 0x7b050763, L:/192.168.1.146:49736 - R:ondemand.us-west-1.saucelabs.com/66.85.52.224:443]
22:27:23.115 [Forwarding executeScript on session 6e478f60247a41e29a4342741c3b2594 to remote] DEBUG org.asynchttpclient.netty.request.NettyRequestSender -- Using pooled Channel '[id: 0x7b050763, L:/192.168.1.146:49736 - R:ondemand.us-west-1.saucelabs.com/66.85.52.224:443]' for 'POST' to 'https://oauth-autolazare-558fb:f8d0a4b4-e059-4b39-a9eb-366965b887b1@ondemand.us-west-1.saucelabs.com:443/wd/hub/session/6e478f60247a41e29a4342741c3b2594/execute/sync'
22:27:23.115 [Forwarding executeScript on session 6e478f60247a41e29a4342741c3b2594 to remote] DEBUG org.asynchttpclient.netty.request.NettyRequestSender -- Using open Channel [id: 0x7b050763, L:/192.168.1.146:49736 - R:ondemand.us-west-1.saucelabs.com/66.85.52.224:443] for POST '/wd/hub/session/6e478f60247a41e29a4342741c3b2594/execute/sync'
22:27:23.239 [AsyncHttpClient-1-2] DEBUG org.asynchttpclient.netty.handler.HttpHandler -- 

Request DefaultHttpRequest(decodeResult: success, version: HTTP/1.1)
POST /wd/hub/session/6e478f60247a41e29a4342741c3b2594/execute/sync HTTP/1.1
User-Agent: selenium/4.9.0 (java windows)
traceparent: 00-7510b5e9f792d0afc33176029c08b72a-e34766dc0e59c442-01
Content-Length: 99
Content-Type: application/json; charset=utf-8
host: ondemand.us-west-1.saucelabs.com
authorization: Basic b2F1dGgtYXV0b2xhemFyZS01NThmYjpmOGQwYTRiNC1lMDU5LTRiMzktYTllYi0zNjY5NjViODg3YjE=
accept: */*

Response DefaultHttpResponse(decodeResult: success, version: HTTP/1.1)
HTTP/1.1 200 OK
content-length: 15
content-type: application/json;charset=UTF-8
date: Fri, 12 May 2023 02:27:23 GMT
server: monocle/0.42
x-request-id: a409e644-269d-4402-a8b1-0d0a2f3f7021

22:27:23.239 [AsyncHttpClient-1-2] DEBUG org.asynchttpclient.netty.channel.ChannelManager -- Adding key: https://ondemand.us-west-1.saucelabs.com:443 for channel [id: 0x7b050763, L:/192.168.1.146:49736 - R:ondemand.us-west-1.saucelabs.com/66.85.52.224:443]
22:27:23.239 [Forwarding findElements on session 6e478f60247a41e29a4342741c3b2594 to remote] DEBUG org.asynchttpclient.netty.request.NettyRequestSender -- Using pooled Channel '[id: 0x7b050763, L:/192.168.1.146:49736 - R:ondemand.us-west-1.saucelabs.com/66.85.52.224:443]' for 'POST' to 'https://oauth-autolazare-558fb:f8d0a4b4-e059-4b39-a9eb-366965b887b1@ondemand.us-west-1.saucelabs.com:443/wd/hub/session/6e478f60247a41e29a4342741c3b2594/elements'
22:27:23.239 [Forwarding findElements on session 6e478f60247a41e29a4342741c3b2594 to remote] DEBUG org.asynchttpclient.netty.request.NettyRequestSender -- Using open Channel [id: 0x7b050763, L:/192.168.1.146:49736 - R:ondemand.us-west-1.saucelabs.com/66.85.52.224:443] for POST '/wd/hub/session/6e478f60247a41e29a4342741c3b2594/elements'
22:27:23.372 [AsyncHttpClient-1-2] DEBUG org.asynchttpclient.netty.handler.HttpHandler -- 

Request DefaultHttpRequest(decodeResult: success, version: HTTP/1.1)
POST /wd/hub/session/6e478f60247a41e29a4342741c3b2594/elements HTTP/1.1
User-Agent: selenium/4.9.0 (java windows)
traceparent: 00-125e2c6861a1f59e26c75ccf4997dc1b-cb7e44a041d730c5-01
Content-Length: 98
Content-Type: application/json; charset=utf-8
host: ondemand.us-west-1.saucelabs.com
authorization: Basic b2F1dGgtYXV0b2xhemFyZS01NThmYjpmOGQwYTRiNC1lMDU5LTRiMzktYTllYi0zNjY5NjViODg3YjE=
accept: */*

Response DefaultHttpResponse(decodeResult: success, version: HTTP/1.1)
HTTP/1.1 200 OK
content-length: 13
content-type: application/json;charset=UTF-8
date: Fri, 12 May 2023 02:27:23 GMT
server: monocle/0.42
x-request-id: 3d7f9562-a1a4-4ea6-9f81-8012a28a2e5a

22:27:23.372 [AsyncHttpClient-1-2] DEBUG org.asynchttpclient.netty.channel.ChannelManager -- Adding key: https://ondemand.us-west-1.saucelabs.com:443 for channel [id: 0x7b050763, L:/192.168.1.146:49736 - R:ondemand.us-west-1.saucelabs.com/66.85.52.224:443]
22:27:23.372 [Forwarding switchToParentFrame on session 6e478f60247a41e29a4342741c3b2594 to remote] DEBUG org.asynchttpclient.netty.request.NettyRequestSender -- Using pooled Channel '[id: 0x7b050763, L:/192.168.1.146:49736 - R:ondemand.us-west-1.saucelabs.com/66.85.52.224:443]' for 'POST' to 'https://oauth-autolazare-558fb:f8d0a4b4-e059-4b39-a9eb-366965b887b1@ondemand.us-west-1.saucelabs.com:443/wd/hub/session/6e478f60247a41e29a4342741c3b2594/frame/parent'
22:27:23.372 [Forwarding switchToParentFrame on session 6e478f60247a41e29a4342741c3b2594 to remote] DEBUG org.asynchttpclient.netty.request.NettyRequestSender -- Using open Channel [id: 0x7b050763, L:/192.168.1.146:49736 - R:ondemand.us-west-1.saucelabs.com/66.85.52.224:443] for POST '/wd/hub/session/6e478f60247a41e29a4342741c3b2594/frame/parent'
22:27:23.500 [AsyncHttpClient-1-2] DEBUG org.asynchttpclient.netty.handler.HttpHandler -- 

Request DefaultHttpRequest(decodeResult: success, version: HTTP/1.1)
POST /wd/hub/session/6e478f60247a41e29a4342741c3b2594/frame/parent HTTP/1.1
User-Agent: selenium/4.9.0 (java windows)
traceparent: 00-5b3f0706adeb3ad075a09f2cf4843f53-1c9b6817294217ab-01
Content-Length: 3
Content-Type: application/json; charset=utf-8
host: ondemand.us-west-1.saucelabs.com
authorization: Basic b2F1dGgtYXV0b2xhemFyZS01NThmYjpmOGQwYTRiNC1lMDU5LTRiMzktYTllYi0zNjY5NjViODg3YjE=
accept: */*

Response DefaultHttpResponse(decodeResult: success, version: HTTP/1.1)
HTTP/1.1 200 OK
content-length: 15
content-type: application/json;charset=UTF-8
date: Fri, 12 May 2023 02:27:23 GMT
server: monocle/0.42
x-request-id: 714035b3-83ae-4e04-a8e1-bf1736790845

22:27:23.500 [AsyncHttpClient-1-2] DEBUG org.asynchttpclient.netty.channel.ChannelManager -- Adding key: https://ondemand.us-west-1.saucelabs.com:443 for channel [id: 0x7b050763, L:/192.168.1.146:49736 - R:ondemand.us-west-1.saucelabs.com/66.85.52.224:443]
22:27:23.502 [Forwarding switchToFrame on session 6e478f60247a41e29a4342741c3b2594 to remote] DEBUG org.asynchttpclient.netty.request.NettyRequestSender -- Using pooled Channel '[id: 0x7b050763, L:/192.168.1.146:49736 - R:ondemand.us-west-1.saucelabs.com/66.85.52.224:443]' for 'POST' to 'https://oauth-autolazare-558fb:f8d0a4b4-e059-4b39-a9eb-366965b887b1@ondemand.us-west-1.saucelabs.com:443/wd/hub/session/6e478f60247a41e29a4342741c3b2594/frame'
22:27:23.502 [Forwarding switchToFrame on session 6e478f60247a41e29a4342741c3b2594 to remote] DEBUG org.asynchttpclient.netty.request.NettyRequestSender -- Using open Channel [id: 0x7b050763, L:/192.168.1.146:49736 - R:ondemand.us-west-1.saucelabs.com/66.85.52.224:443] for POST '/wd/hub/session/6e478f60247a41e29a4342741c3b2594/frame'
22:27:23.643 [AsyncHttpClient-1-2] DEBUG org.asynchttpclient.netty.handler.HttpHandler -- 

Request DefaultHttpRequest(decodeResult: success, version: HTTP/1.1)
POST /wd/hub/session/6e478f60247a41e29a4342741c3b2594/frame HTTP/1.1
User-Agent: selenium/4.9.0 (java windows)
traceparent: 00-72fca5bf6cabfb02502e5b284958c15e-e0c4f206b8cf8288-01
Content-Length: 106
Content-Type: application/json; charset=utf-8
host: ondemand.us-west-1.saucelabs.com
authorization: Basic b2F1dGgtYXV0b2xhemFyZS01NThmYjpmOGQwYTRiNC1lMDU5LTRiMzktYTllYi0zNjY5NjViODg3YjE=
accept: */*

Response DefaultHttpResponse(decodeResult: success, version: HTTP/1.1)
HTTP/1.1 200 OK
content-length: 15
content-type: application/json;charset=UTF-8
date: Fri, 12 May 2023 02:27:23 GMT
server: monocle/0.42
x-request-id: 4e1492ee-081a-4939-b5db-53ac2990f1cf

22:27:23.643 [AsyncHttpClient-1-2] DEBUG org.asynchttpclient.netty.channel.ChannelManager -- Adding key: https://ondemand.us-west-1.saucelabs.com:443 for channel [id: 0x7b050763, L:/192.168.1.146:49736 - R:ondemand.us-west-1.saucelabs.com/66.85.52.224:443]
22:27:23.643 [Forwarding executeScript on session 6e478f60247a41e29a4342741c3b2594 to remote] DEBUG org.asynchttpclient.netty.request.NettyRequestSender -- Using pooled Channel '[id: 0x7b050763, L:/192.168.1.146:49736 - R:ondemand.us-west-1.saucelabs.com/66.85.52.224:443]' for 'POST' to 'https://oauth-autolazare-558fb:f8d0a4b4-e059-4b39-a9eb-366965b887b1@ondemand.us-west-1.saucelabs.com:443/wd/hub/session/6e478f60247a41e29a4342741c3b2594/execute/sync'
22:27:23.643 [Forwarding executeScript on session 6e478f60247a41e29a4342741c3b2594 to remote] DEBUG org.asynchttpclient.netty.request.NettyRequestSender -- Using open Channel [id: 0x7b050763, L:/192.168.1.146:49736 - R:ondemand.us-west-1.saucelabs.com/66.85.52.224:443] for POST '/wd/hub/session/6e478f60247a41e29a4342741c3b2594/execute/sync'
22:27:23.784 [AsyncHttpClient-1-2] DEBUG org.asynchttpclient.netty.handler.HttpHandler -- 

Request DefaultHttpRequest(decodeResult: success, version: HTTP/1.1)
POST /wd/hub/session/6e478f60247a41e29a4342741c3b2594/execute/sync HTTP/1.1
User-Agent: selenium/4.9.0 (java windows)
traceparent: 00-32740ca9dda556566f6644e4c30f20db-2af81c532f25ea34-01
Content-Length: 99
Content-Type: application/json; charset=utf-8
host: ondemand.us-west-1.saucelabs.com
authorization: Basic b2F1dGgtYXV0b2xhemFyZS01NThmYjpmOGQwYTRiNC1lMDU5LTRiMzktYTllYi0zNjY5NjViODg3YjE=
accept: */*

Response DefaultHttpResponse(decodeResult: success, version: HTTP/1.1)
HTTP/1.1 200 OK
content-length: 15
content-type: application/json;charset=UTF-8
date: Fri, 12 May 2023 02:27:23 GMT
server: monocle/0.42
x-request-id: c9981970-2a6d-4a9d-aeb9-48877fc51ee4

22:27:23.784 [AsyncHttpClient-1-2] DEBUG org.asynchttpclient.netty.channel.ChannelManager -- Adding key: https://ondemand.us-west-1.saucelabs.com:443 for channel [id: 0x7b050763, L:/192.168.1.146:49736 - R:ondemand.us-west-1.saucelabs.com/66.85.52.224:443]
22:27:23.784 [Forwarding findElements on session 6e478f60247a41e29a4342741c3b2594 to remote] DEBUG org.asynchttpclient.netty.request.NettyRequestSender -- Using pooled Channel '[id: 0x7b050763, L:/192.168.1.146:49736 - R:ondemand.us-west-1.saucelabs.com/66.85.52.224:443]' for 'POST' to 'https://oauth-autolazare-558fb:f8d0a4b4-e059-4b39-a9eb-366965b887b1@ondemand.us-west-1.saucelabs.com:443/wd/hub/session/6e478f60247a41e29a4342741c3b2594/elements'
22:27:23.784 [Forwarding findElements on session 6e478f60247a41e29a4342741c3b2594 to remote] DEBUG org.asynchttpclient.netty.request.NettyRequestSender -- Using open Channel [id: 0x7b050763, L:/192.168.1.146:49736 - R:ondemand.us-west-1.saucelabs.com/66.85.52.224:443] for POST '/wd/hub/session/6e478f60247a41e29a4342741c3b2594/elements'
22:27:23.915 [AsyncHttpClient-1-2] DEBUG org.asynchttpclient.netty.handler.HttpHandler -- 

Request DefaultHttpRequest(decodeResult: success, version: HTTP/1.1)
POST /wd/hub/session/6e478f60247a41e29a4342741c3b2594/elements HTTP/1.1
User-Agent: selenium/4.9.0 (java windows)
traceparent: 00-c177223b3fb92e9781e55e63629aed8f-2aae0871bc39b4f2-01
Content-Length: 98
Content-Type: application/json; charset=utf-8
host: ondemand.us-west-1.saucelabs.com
authorization: Basic b2F1dGgtYXV0b2xhemFyZS01NThmYjpmOGQwYTRiNC1lMDU5LTRiMzktYTllYi0zNjY5NjViODg3YjE=
accept: */*

Response DefaultHttpResponse(decodeResult: success, version: HTTP/1.1)
HTTP/1.1 200 OK
content-length: 13
content-type: application/json;charset=UTF-8
date: Fri, 12 May 2023 02:27:23 GMT
server: monocle/0.42
x-request-id: 52f5fae5-56da-4a10-8ea4-880cd469f9b6

22:27:23.916 [AsyncHttpClient-1-2] DEBUG org.asynchttpclient.netty.channel.ChannelManager -- Adding key: https://ondemand.us-west-1.saucelabs.com:443 for channel [id: 0x7b050763, L:/192.168.1.146:49736 - R:ondemand.us-west-1.saucelabs.com/66.85.52.224:443]
22:27:23.916 [Forwarding switchToParentFrame on session 6e478f60247a41e29a4342741c3b2594 to remote] DEBUG org.asynchttpclient.netty.request.NettyRequestSender -- Using pooled Channel '[id: 0x7b050763, L:/192.168.1.146:49736 - R:ondemand.us-west-1.saucelabs.com/66.85.52.224:443]' for 'POST' to 'https://oauth-autolazare-558fb:f8d0a4b4-e059-4b39-a9eb-366965b887b1@ondemand.us-west-1.saucelabs.com:443/wd/hub/session/6e478f60247a41e29a4342741c3b2594/frame/parent'
22:27:23.916 [Forwarding switchToParentFrame on session 6e478f60247a41e29a4342741c3b2594 to remote] DEBUG org.asynchttpclient.netty.request.NettyRequestSender -- Using open Channel [id: 0x7b050763, L:/192.168.1.146:49736 - R:ondemand.us-west-1.saucelabs.com/66.85.52.224:443] for POST '/wd/hub/session/6e478f60247a41e29a4342741c3b2594/frame/parent'
22:27:24.041 [AsyncHttpClient-1-2] DEBUG org.asynchttpclient.netty.handler.HttpHandler -- 

Request DefaultHttpRequest(decodeResult: success, version: HTTP/1.1)
POST /wd/hub/session/6e478f60247a41e29a4342741c3b2594/frame/parent HTTP/1.1
User-Agent: selenium/4.9.0 (java windows)
traceparent: 00-962ee866d7fee515b2b59ab59adcba79-02a4c296c4b37427-01
Content-Length: 3
Content-Type: application/json; charset=utf-8
host: ondemand.us-west-1.saucelabs.com
authorization: Basic b2F1dGgtYXV0b2xhemFyZS01NThmYjpmOGQwYTRiNC1lMDU5LTRiMzktYTllYi0zNjY5NjViODg3YjE=
accept: */*

Response DefaultHttpResponse(decodeResult: success, version: HTTP/1.1)
HTTP/1.1 200 OK
content-length: 15
content-type: application/json;charset=UTF-8
date: Fri, 12 May 2023 02:27:24 GMT
server: monocle/0.42
x-request-id: 56c7162a-3daa-4551-8d63-2d41b163a666

22:27:24.041 [AsyncHttpClient-1-2] DEBUG org.asynchttpclient.netty.channel.ChannelManager -- Adding key: https://ondemand.us-west-1.saucelabs.com:443 for channel [id: 0x7b050763, L:/192.168.1.146:49736 - R:ondemand.us-west-1.saucelabs.com/66.85.52.224:443]
22:27:24.041 [Forwarding executeAsyncScript on session 6e478f60247a41e29a4342741c3b2594 to remote] DEBUG org.asynchttpclient.netty.request.NettyRequestSender -- Using pooled Channel '[id: 0x7b050763, L:/192.168.1.146:49736 - R:ondemand.us-west-1.saucelabs.com/66.85.52.224:443]' for 'POST' to 'https://oauth-autolazare-558fb:f8d0a4b4-e059-4b39-a9eb-366965b887b1@ondemand.us-west-1.saucelabs.com:443/wd/hub/session/6e478f60247a41e29a4342741c3b2594/execute/async'
22:27:24.041 [Forwarding executeAsyncScript on session 6e478f60247a41e29a4342741c3b2594 to remote] DEBUG org.asynchttpclient.netty.request.NettyRequestSender -- Using open Channel [id: 0x7b050763, L:/192.168.1.146:49736 - R:ondemand.us-west-1.saucelabs.com/66.85.52.224:443] for POST '/wd/hub/session/6e478f60247a41e29a4342741c3b2594/execute/async'
22:27:26.485 [AsyncHttpClient-1-2] DEBUG org.asynchttpclient.netty.handler.HttpHandler -- 

Request DefaultHttpRequest(decodeResult: success, version: HTTP/1.1)
POST /wd/hub/session/6e478f60247a41e29a4342741c3b2594/execute/async HTTP/1.1
User-Agent: selenium/4.9.0 (java windows)
traceparent: 00-bb5f373af38acfd8a8c3c2dd3889209b-ba11f172d335d624-01
Content-Length: 358
Content-Type: application/json; charset=utf-8
host: ondemand.us-west-1.saucelabs.com
authorization: Basic b2F1dGgtYXV0b2xhemFyZS01NThmYjpmOGQwYTRiNC1lMDU5LTRiMzktYTllYi0zNjY5NjViODg3YjE=
accept: */*

Response DefaultHttpResponse(decodeResult: success, version: HTTP/1.1)
HTTP/1.1 200 OK
content-type: application/json;charset=UTF-8
date: Fri, 12 May 2023 02:27:24 GMT
server: monocle/0.42
transfer-encoding: chunked
x-request-id: 482ee4fa-58ec-4ec4-a61e-71c96a826410

22:27:26.900 [AsyncHttpClient-1-2] DEBUG org.asynchttpclient.netty.channel.ChannelManager -- Adding key: https://ondemand.us-west-1.saucelabs.com:443 for channel [id: 0x7b050763, L:/192.168.1.146:49736 - R:ondemand.us-west-1.saucelabs.com/66.85.52.224:443]
File already exists.
22:27:27.137 [Forwarding maximizeCurrentWindow on session 6e478f60247a41e29a4342741c3b2594 to remote] DEBUG org.asynchttpclient.netty.request.NettyRequestSender -- Using pooled Channel '[id: 0x7b050763, L:/192.168.1.146:49736 - R:ondemand.us-west-1.saucelabs.com/66.85.52.224:443]' for 'POST' to 'https://oauth-autolazare-558fb:f8d0a4b4-e059-4b39-a9eb-366965b887b1@ondemand.us-west-1.saucelabs.com:443/wd/hub/session/6e478f60247a41e29a4342741c3b2594/window/maximize'
22:27:27.137 [Forwarding maximizeCurrentWindow on session 6e478f60247a41e29a4342741c3b2594 to remote] DEBUG org.asynchttpclient.netty.request.NettyRequestSender -- Using open Channel [id: 0x7b050763, L:/192.168.1.146:49736 - R:ondemand.us-west-1.saucelabs.com/66.85.52.224:443] for POST '/wd/hub/session/6e478f60247a41e29a4342741c3b2594/window/maximize'
22:27:27.337 [AsyncHttpClient-1-2] DEBUG org.asynchttpclient.netty.handler.HttpHandler -- 

Request DefaultHttpRequest(decodeResult: success, version: HTTP/1.1)
POST /wd/hub/session/6e478f60247a41e29a4342741c3b2594/window/maximize HTTP/1.1
User-Agent: selenium/4.9.0 (java windows)
traceparent: 00-12d0c7ac3bbb1b25473da08561749c39-0969641062ebb3bc-01
Content-Length: 3
Content-Type: application/json; charset=utf-8
host: ondemand.us-west-1.saucelabs.com
authorization: Basic b2F1dGgtYXV0b2xhemFyZS01NThmYjpmOGQwYTRiNC1lMDU5LTRiMzktYTllYi0zNjY5NjViODg3YjE=
accept: */*

Response DefaultHttpResponse(decodeResult: success, version: HTTP/1.1)
HTTP/1.1 200 OK
content-length: 59
content-type: application/json;charset=UTF-8
date: Fri, 12 May 2023 02:27:27 GMT
server: monocle/0.42
x-request-id: 9e441f83-e67b-4736-bc65-3372e4ff7891

22:27:27.337 [AsyncHttpClient-1-2] DEBUG org.asynchttpclient.netty.channel.ChannelManager -- Adding key: https://ondemand.us-west-1.saucelabs.com:443 for channel [id: 0x7b050763, L:/192.168.1.146:49736 - R:ondemand.us-west-1.saucelabs.com/66.85.52.224:443]
22:27:27.379 [Forwarding getTitle on session 6e478f60247a41e29a4342741c3b2594 to remote] DEBUG org.asynchttpclient.netty.request.NettyRequestSender -- Using pooled Channel '[id: 0x7b050763, L:/192.168.1.146:49736 - R:ondemand.us-west-1.saucelabs.com/66.85.52.224:443]' for 'GET' to 'https://oauth-autolazare-558fb:f8d0a4b4-e059-4b39-a9eb-366965b887b1@ondemand.us-west-1.saucelabs.com:443/wd/hub/session/6e478f60247a41e29a4342741c3b2594/title'
22:27:27.379 [Forwarding getTitle on session 6e478f60247a41e29a4342741c3b2594 to remote] DEBUG org.asynchttpclient.netty.request.NettyRequestSender -- Using open Channel [id: 0x7b050763, L:/192.168.1.146:49736 - R:ondemand.us-west-1.saucelabs.com/66.85.52.224:443] for GET '/wd/hub/session/6e478f60247a41e29a4342741c3b2594/title'
22:27:27.499 [AsyncHttpClient-1-2] DEBUG org.asynchttpclient.netty.handler.HttpHandler -- 

Request DefaultFullHttpRequest(decodeResult: success, version: HTTP/1.1, content: EmptyByteBufBE)
GET /wd/hub/session/6e478f60247a41e29a4342741c3b2594/title HTTP/1.1
User-Agent: selenium/4.9.0 (java windows)
Cache-Control: no-cache
traceparent: 00-1c228252ca20062f8b4a6f2b7f3e2fc1-c4cb8e3f5fea3901-01
Content-Type: application/json; charset=utf-8
host: ondemand.us-west-1.saucelabs.com
authorization: Basic b2F1dGgtYXV0b2xhemFyZS01NThmYjpmOGQwYTRiNC1lMDU5LTRiMzktYTllYi0zNjY5NjViODg3YjE=
accept: */*

Response DefaultHttpResponse(decodeResult: success, version: HTTP/1.1)
HTTP/1.1 200 OK
content-length: 57
content-type: application/json;charset=UTF-8
date: Fri, 12 May 2023 02:27:27 GMT
server: monocle/0.42
x-request-id: 46167974-426f-4ccb-ba06-f66e94a7feae

22:27:27.499 [AsyncHttpClient-1-2] DEBUG org.asynchttpclient.netty.channel.ChannelManager -- Adding key: https://ondemand.us-west-1.saucelabs.com:443 for channel [id: 0x7b050763, L:/192.168.1.146:49736 - R:ondemand.us-west-1.saucelabs.com/66.85.52.224:443]
22:27:27.499 [Forwarding quit on session 6e478f60247a41e29a4342741c3b2594 to remote] DEBUG org.asynchttpclient.netty.request.NettyRequestSender -- Using pooled Channel '[id: 0x7b050763, L:/192.168.1.146:49736 - R:ondemand.us-west-1.saucelabs.com/66.85.52.224:443]' for 'DELETE' to 'https://oauth-autolazare-558fb:f8d0a4b4-e059-4b39-a9eb-366965b887b1@ondemand.us-west-1.saucelabs.com:443/wd/hub/session/6e478f60247a41e29a4342741c3b2594'
22:27:27.499 [Forwarding quit on session 6e478f60247a41e29a4342741c3b2594 to remote] DEBUG org.asynchttpclient.netty.request.NettyRequestSender -- Using open Channel [id: 0x7b050763, L:/192.168.1.146:49736 - R:ondemand.us-west-1.saucelabs.com/66.85.52.224:443] for DELETE '/wd/hub/session/6e478f60247a41e29a4342741c3b2594'
22:27:27.721 [AsyncHttpClient-1-2] DEBUG org.asynchttpclient.netty.handler.HttpHandler -- 

Request DefaultFullHttpRequest(decodeResult: success, version: HTTP/1.1, content: EmptyByteBufBE)
DELETE /wd/hub/session/6e478f60247a41e29a4342741c3b2594 HTTP/1.1
User-Agent: selenium/4.9.0 (java windows)
traceparent: 00-9fd088c4eaf21cb0167c5b391b3e283e-d801a6b63a326f96-01
Content-Type: application/json; charset=utf-8
host: ondemand.us-west-1.saucelabs.com
authorization: Basic b2F1dGgtYXV0b2xhemFyZS01NThmYjpmOGQwYTRiNC1lMDU5LTRiMzktYTllYi0zNjY5NjViODg3YjE=
accept: */*

Response DefaultHttpResponse(decodeResult: success, version: HTTP/1.1)
HTTP/1.1 200 OK
content-length: 13
content-type: application/json;charset=UTF-8
date: Fri, 12 May 2023 02:27:27 GMT
server: monocle/0.42
x-request-id: cd1a4616-9b32-4710-929f-ce2fd375c62a

22:27:27.721 [AsyncHttpClient-1-2] DEBUG org.asynchttpclient.netty.channel.ChannelManager -- Adding key: https://ondemand.us-west-1.saucelabs.com:443 for channel [id: 0x7b050763, L:/192.168.1.146:49736 - R:ondemand.us-west-1.saucelabs.com/66.85.52.224:443]
  Given user navigate to the site               # stepDefinitions.Login.user_navigate_to_the_site()
]]></system-out>
    <system-err><![CDATA[May 11, 2023 10:26:36 PM org.openqa.selenium.remote.tracing.opentelemetry.OpenTelemetryTracer createTracer
INFO: Using OpenTelemetry for tracing
]]></system-err>
  </testcase>
</testsuite>