<?xml version="1.0" encoding="UTF-8"?>
<testsuite xmlns:xsi="http://www.w3.org/2001/XMLSchema-instance" xsi:noNamespaceSchemaLocation="https://maven.apache.org/surefire/maven-surefire-plugin/xsd/surefire-test-report-3.0.xsd" version="3.0" name="TestSuite" time="67.084" tests="1" errors="0" skipped="0" failures="0">
  <properties>
    <property name="sun.desktop" value="windows"/>
    <property name="awt.toolkit" value="sun.awt.windows.WToolkit"/>
    <property name="java.specification.version" value="11"/>
    <property name="sun.cpu.isalist" value="amd64"/>
    <property name="sun.jnu.encoding" value="Cp1252"/>
    <property name="java.class.path" value="C:\Users\ganah\IdeaProjects\Cucumber_Project_03_28_2023_job\target\test-classes;C:\Users\ganah\IdeaProjects\Cucumber_Project_03_28_2023_job\target\classes;C:\Users\ganah\.m2\repository\org\seleniumhq\selenium\selenium-java\4.9.0\selenium-java-4.9.0.jar;C:\Users\ganah\.m2\repository\org\seleniumhq\selenium\selenium-api\4.9.0\selenium-api-4.9.0.jar;C:\Users\ganah\.m2\repository\org\seleniumhq\selenium\selenium-chrome-driver\4.9.0\selenium-chrome-driver-4.9.0.jar;C:\Users\ganah\.m2\repository\com\google\auto\service\auto-service-annotations\1.0.1\auto-service-annotations-1.0.1.jar;C:\Users\ganah\.m2\repository\com\google\auto\service\auto-service\1.0.1\auto-service-1.0.1.jar;C:\Users\ganah\.m2\repository\com\google\auto\auto-common\1.2\auto-common-1.2.jar;C:\Users\ganah\.m2\repository\org\seleniumhq\selenium\selenium-chromium-driver\4.9.0\selenium-chromium-driver-4.9.0.jar;C:\Users\ganah\.m2\repository\org\seleniumhq\selenium\selenium-json\4.9.0\selenium-json-4.9.0.jar;C:\Users\ganah\.m2\repository\org\seleniumhq\selenium\selenium-manager\4.9.0\selenium-manager-4.9.0.jar;C:\Users\ganah\.m2\repository\org\seleniumhq\selenium\selenium-devtools-v110\4.9.0\selenium-devtools-v110-4.9.0.jar;C:\Users\ganah\.m2\repository\org\seleniumhq\selenium\selenium-devtools-v111\4.9.0\selenium-devtools-v111-4.9.0.jar;C:\Users\ganah\.m2\repository\org\seleniumhq\selenium\selenium-devtools-v112\4.9.0\selenium-devtools-v112-4.9.0.jar;C:\Users\ganah\.m2\repository\org\seleniumhq\selenium\selenium-devtools-v85\4.9.0\selenium-devtools-v85-4.9.0.jar;C:\Users\ganah\.m2\repository\org\seleniumhq\selenium\selenium-edge-driver\4.9.0\selenium-edge-driver-4.9.0.jar;C:\Users\ganah\.m2\repository\org\seleniumhq\selenium\selenium-firefox-driver\4.9.0\selenium-firefox-driver-4.9.0.jar;C:\Users\ganah\.m2\repository\org\seleniumhq\selenium\selenium-http\4.9.0\selenium-http-4.9.0.jar;C:\Users\ganah\.m2\repository\dev\failsafe\failsafe\3.3.1\failsafe-3.3.1.jar;C:\Users\ganah\.m2\repository\org\seleniumhq\selenium\selenium-ie-driver\4.9.0\selenium-ie-driver-4.9.0.jar;C:\Users\ganah\.m2\repository\org\seleniumhq\selenium\selenium-remote-driver\4.9.0\selenium-remote-driver-4.9.0.jar;C:\Users\ganah\.m2\repository\io\netty\netty-buffer\4.1.91.Final\netty-buffer-4.1.91.Final.jar;C:\Users\ganah\.m2\repository\io\netty\netty-codec-http\4.1.91.Final\netty-codec-http-4.1.91.Final.jar;C:\Users\ganah\.m2\repository\io\netty\netty-codec\4.1.91.Final\netty-codec-4.1.91.Final.jar;C:\Users\ganah\.m2\repository\io\netty\netty-handler\4.1.91.Final\netty-handler-4.1.91.Final.jar;C:\Users\ganah\.m2\repository\io\netty\netty-common\4.1.91.Final\netty-common-4.1.91.Final.jar;C:\Users\ganah\.m2\repository\io\netty\netty-transport-classes-epoll\4.1.91.Final\netty-transport-classes-epoll-4.1.91.Final.jar;C:\Users\ganah\.m2\repository\io\netty\netty-transport-classes-kqueue\4.1.91.Final\netty-transport-classes-kqueue-4.1.91.Final.jar;C:\Users\ganah\.m2\repository\io\netty\netty-transport-native-epoll\4.1.91.Final\netty-transport-native-epoll-4.1.91.Final.jar;C:\Users\ganah\.m2\repository\io\netty\netty-transport-native-kqueue\4.1.91.Final\netty-transport-native-kqueue-4.1.91.Final.jar;C:\Users\ganah\.m2\repository\io\netty\netty-transport-native-unix-common\4.1.91.Final\netty-transport-native-unix-common-4.1.91.Final.jar;C:\Users\ganah\.m2\repository\io\netty\netty-transport\4.1.91.Final\netty-transport-4.1.91.Final.jar;C:\Users\ganah\.m2\repository\io\netty\netty-resolver\4.1.91.Final\netty-resolver-4.1.91.Final.jar;C:\Users\ganah\.m2\repository\io\opentelemetry\opentelemetry-api\1.25.0\opentelemetry-api-1.25.0.jar;C:\Users\ganah\.m2\repository\io\opentelemetry\opentelemetry-context\1.25.0\opentelemetry-context-1.25.0.jar;C:\Users\ganah\.m2\repository\io\opentelemetry\opentelemetry-exporter-logging\1.25.0\opentelemetry-exporter-logging-1.25.0.jar;C:\Users\ganah\.m2\repository\io\opentelemetry\opentelemetry-sdk-metrics\1.25.0\opentelemetry-sdk-metrics-1.25.0.jar;C:\Users\ganah\.m2\repository\io\opentelemetry\opentelemetry-sdk-logs\1.25.0-alpha\opentelemetry-sdk-logs-1.25.0-alpha.jar;C:\Users\ganah\.m2\repository\io\opentelemetry\opentelemetry-api-logs\1.25.0-alpha\opentelemetry-api-logs-1.25.0-alpha.jar;C:\Users\ganah\.m2\repository\io\opentelemetry\opentelemetry-api-events\1.25.0-alpha\opentelemetry-api-events-1.25.0-alpha.jar;C:\Users\ganah\.m2\repository\io\opentelemetry\opentelemetry-sdk-common\1.25.0\opentelemetry-sdk-common-1.25.0.jar;C:\Users\ganah\.m2\repository\io\opentelemetry\opentelemetry-sdk-extension-autoconfigure-spi\1.25.0\opentelemetry-sdk-extension-autoconfigure-spi-1.25.0.jar;C:\Users\ganah\.m2\repository\io\opentelemetry\opentelemetry-sdk-extension-autoconfigure\1.25.0-alpha\opentelemetry-sdk-extension-autoconfigure-1.25.0-alpha.jar;C:\Users\ganah\.m2\repository\io\opentelemetry\opentelemetry-sdk-trace\1.25.0\opentelemetry-sdk-trace-1.25.0.jar;C:\Users\ganah\.m2\repository\io\opentelemetry\opentelemetry-sdk\1.25.0\opentelemetry-sdk-1.25.0.jar;C:\Users\ganah\.m2\repository\io\opentelemetry\opentelemetry-semconv\1.25.0-alpha\opentelemetry-semconv-1.25.0-alpha.jar;C:\Users\ganah\.m2\repository\io\ous\jtoml\2.0.0\jtoml-2.0.0.jar;C:\Users\ganah\.m2\repository\net\bytebuddy\byte-buddy\1.14.4\byte-buddy-1.14.4.jar;C:\Users\ganah\.m2\repository\org\apache\commons\commons-exec\1.3\commons-exec-1.3.jar;C:\Users\ganah\.m2\repository\org\asynchttpclient\async-http-client\2.12.3\async-http-client-2.12.3.jar;C:\Users\ganah\.m2\repository\org\asynchttpclient\async-http-client-netty-utils\2.12.3\async-http-client-netty-utils-2.12.3.jar;C:\Users\ganah\.m2\repository\io\netty\netty-codec-socks\4.1.60.Final\netty-codec-socks-4.1.60.Final.jar;C:\Users\ganah\.m2\repository\io\netty\netty-handler-proxy\4.1.60.Final\netty-handler-proxy-4.1.60.Final.jar;C:\Users\ganah\.m2\repository\io\netty\netty-transport-native-epoll\4.1.60.Final\netty-transport-native-epoll-4.1.60.Final-linux-x86_64.jar;C:\Users\ganah\.m2\repository\io\netty\netty-transport-native-kqueue\4.1.60.Final\netty-transport-native-kqueue-4.1.60.Final-osx-x86_64.jar;C:\Users\ganah\.m2\repository\com\typesafe\netty\netty-reactive-streams\2.0.4\netty-reactive-streams-2.0.4.jar;C:\Users\ganah\.m2\repository\com\sun\activation\jakarta.activation\1.2.2\jakarta.activation-1.2.2.jar;C:\Users\ganah\.m2\repository\org\seleniumhq\selenium\selenium-safari-driver\4.9.0\selenium-safari-driver-4.9.0.jar;C:\Users\ganah\.m2\repository\org\seleniumhq\selenium\selenium-support\4.9.0\selenium-support-4.9.0.jar;C:\Users\ganah\.m2\repository\org\apache\maven\plugins\maven-surefire-plugin\3.0.0-M5\maven-surefire-plugin-3.0.0-M5.jar;C:\Users\ganah\.m2\repository\org\apache\maven\surefire\maven-surefire-common\3.0.0-M5\maven-surefire-common-3.0.0-M5.jar;C:\Users\ganah\.m2\repository\org\apache\maven\surefire\surefire-api\3.0.0-M5\surefire-api-3.0.0-M5.jar;C:\Users\ganah\.m2\repository\org\apache\maven\surefire\surefire-logger-api\3.0.0-M5\surefire-logger-api-3.0.0-M5.jar;C:\Users\ganah\.m2\repository\org\apache\maven\surefire\surefire-extensions-api\3.0.0-M5\surefire-extensions-api-3.0.0-M5.jar;C:\Users\ganah\.m2\repository\org\apache\maven\surefire\surefire-booter\3.0.0-M5\surefire-booter-3.0.0-M5.jar;C:\Users\ganah\.m2\repository\org\apache\maven\surefire\surefire-extensions-spi\3.0.0-M5\surefire-extensions-spi-3.0.0-M5.jar;C:\Users\ganah\.m2\repository\org\apache\maven\maven-toolchain\3.0-alpha-2\maven-toolchain-3.0-alpha-2.jar;C:\Users\ganah\.m2\repository\org\apache\maven\shared\maven-artifact-transfer\0.11.0\maven-artifact-transfer-0.11.0.jar;C:\Users\ganah\.m2\repository\org\apache\maven\shared\maven-common-artifact-filters\3.0.1\maven-common-artifact-filters-3.0.1.jar;C:\Users\ganah\.m2\repository\org\apache\maven\surefire\surefire-shared-utils\3.0.0-M4\surefire-shared-utils-3.0.0-M4.jar;C:\Users\ganah\.m2\repository\org\apache\maven\plugins\maven-failsafe-plugin\3.0.0-M5\maven-failsafe-plugin-3.0.0-M5.jar;C:\Users\ganah\.m2\repository\junit\junit\4.13.1\junit-4.13.1.jar;C:\Users\ganah\.m2\repository\org\hamcrest\hamcrest-core\1.3\hamcrest-core-1.3.jar;C:\Users\ganah\.m2\repository\io\github\bonigarcia\webdrivermanager\5.3.1\webdrivermanager-5.3.1.jar;C:\Users\ganah\.m2\repository\org\slf4j\slf4j-api\2.0.3\slf4j-api-2.0.3.jar;C:\Users\ganah\.m2\repository\com\google\code\gson\gson\2.10\gson-2.10.jar;C:\Users\ganah\.m2\repository\com\github\docker-java\docker-java\3.2.13\docker-java-3.2.13.jar;C:\Users\ganah\.m2\repository\com\github\docker-java\docker-java-core\3.2.13\docker-java-core-3.2.13.jar;C:\Users\ganah\.m2\repository\com\github\docker-java\docker-java-api\3.2.13\docker-java-api-3.2.13.jar;C:\Users\ganah\.m2\repository\org\apache\commons\commons-compress\1.21\commons-compress-1.21.jar;C:\Users\ganah\.m2\repository\org\bouncycastle\bcpkix-jdk15on\1.64\bcpkix-jdk15on-1.64.jar;C:\Users\ganah\.m2\repository\org\bouncycastle\bcprov-jdk15on\1.64\bcprov-jdk15on-1.64.jar;C:\Users\ganah\.m2\repository\org\slf4j\jcl-over-slf4j\1.7.30\jcl-over-slf4j-1.7.30.jar;C:\Users\ganah\.m2\repository\com\github\docker-java\docker-java-transport-httpclient5\3.2.13\docker-java-transport-httpclient5-3.2.13.jar;C:\Users\ganah\.m2\repository\com\github\docker-java\docker-java-transport\3.2.13\docker-java-transport-3.2.13.jar;C:\Users\ganah\.m2\repository\net\java\dev\jna\jna\5.8.0\jna-5.8.0.jar;C:\Users\ganah\.m2\repository\org\brotli\dec\0.1.2\dec-0.1.2.jar;C:\Users\ganah\.m2\repository\org\apache\commons\commons-lang3\3.12.0\commons-lang3-3.12.0.jar;C:\Users\ganah\.m2\repository\org\apache\httpcomponents\client5\httpclient5\5.1.3\httpclient5-5.1.3.jar;C:\Users\ganah\.m2\repository\org\apache\httpcomponents\core5\httpcore5\5.1.3\httpcore5-5.1.3.jar;C:\Users\ganah\.m2\repository\org\apache\httpcomponents\core5\httpcore5-h2\5.1.3\httpcore5-h2-5.1.3.jar;C:\Users\ganah\.m2\repository\org\testng\testng\7.7.0\testng-7.7.0.jar;C:\Users\ganah\.m2\repository\com\beust\jcommander\1.82\jcommander-1.82.jar;C:\Users\ganah\.m2\repository\org\webjars\jquery\3.6.1\jquery-3.6.1.jar;C:\Users\ganah\.m2\repository\org\apache\maven\plugins\maven-compiler-plugin\3.8.1\maven-compiler-plugin-3.8.1.jar;C:\Users\ganah\.m2\repository\org\apache\maven\maven-plugin-api\3.0\maven-plugin-api-3.0.jar;C:\Users\ganah\.m2\repository\org\apache\maven\maven-model\3.0\maven-model-3.0.jar;C:\Users\ganah\.m2\repository\org\sonatype\sisu\sisu-inject-plexus\1.4.2\sisu-inject-plexus-1.4.2.jar;C:\Users\ganah\.m2\repository\org\sonatype\sisu\sisu-inject-bean\1.4.2\sisu-inject-bean-1.4.2.jar;C:\Users\ganah\.m2\repository\org\sonatype\sisu\sisu-guice\2.1.7\sisu-guice-2.1.7-noaop.jar;C:\Users\ganah\.m2\repository\org\apache\maven\maven-artifact\3.0\maven-artifact-3.0.jar;C:\Users\ganah\.m2\repository\org\apache\maven\maven-core\3.0\maven-core-3.0.jar;C:\Users\ganah\.m2\repository\org\apache\maven\maven-settings\3.0\maven-settings-3.0.jar;C:\Users\ganah\.m2\repository\org\apache\maven\maven-settings-builder\3.0\maven-settings-builder-3.0.jar;C:\Users\ganah\.m2\repository\org\apache\maven\maven-repository-metadata\3.0\maven-repository-metadata-3.0.jar;C:\Users\ganah\.m2\repository\org\apache\maven\maven-model-builder\3.0\maven-model-builder-3.0.jar;C:\Users\ganah\.m2\repository\org\apache\maven\maven-aether-provider\3.0\maven-aether-provider-3.0.jar;C:\Users\ganah\.m2\repository\org\sonatype\aether\aether-impl\1.7\aether-impl-1.7.jar;C:\Users\ganah\.m2\repository\org\sonatype\aether\aether-spi\1.7\aether-spi-1.7.jar;C:\Users\ganah\.m2\repository\org\sonatype\aether\aether-api\1.7\aether-api-1.7.jar;C:\Users\ganah\.m2\repository\org\sonatype\aether\aether-util\1.7\aether-util-1.7.jar;C:\Users\ganah\.m2\repository\org\codehaus\plexus\plexus-interpolation\1.14\plexus-interpolation-1.14.jar;C:\Users\ganah\.m2\repository\org\codehaus\plexus\plexus-classworlds\2.2.3\plexus-classworlds-2.2.3.jar;C:\Users\ganah\.m2\repository\org\codehaus\plexus\plexus-component-annotations\1.5.5\plexus-component-annotations-1.5.5.jar;C:\Users\ganah\.m2\repository\org\sonatype\plexus\plexus-sec-dispatcher\1.3\plexus-sec-dispatcher-1.3.jar;C:\Users\ganah\.m2\repository\org\sonatype\plexus\plexus-cipher\1.4\plexus-cipher-1.4.jar;C:\Users\ganah\.m2\repository\org\apache\maven\shared\maven-shared-utils\3.2.1\maven-shared-utils-3.2.1.jar;C:\Users\ganah\.m2\repository\org\apache\maven\shared\maven-shared-incremental\1.1\maven-shared-incremental-1.1.jar;C:\Users\ganah\.m2\repository\org\codehaus\plexus\plexus-java\0.9.10\plexus-java-0.9.10.jar;C:\Users\ganah\.m2\repository\org\ow2\asm\asm\6.2\asm-6.2.jar;C:\Users\ganah\.m2\repository\com\thoughtworks\qdox\qdox\2.0-M8\qdox-2.0-M8.jar;C:\Users\ganah\.m2\repository\org\codehaus\plexus\plexus-compiler-api\2.8.4\plexus-compiler-api-2.8.4.jar;C:\Users\ganah\.m2\repository\org\codehaus\plexus\plexus-compiler-manager\2.8.4\plexus-compiler-manager-2.8.4.jar;C:\Users\ganah\.m2\repository\org\codehaus\plexus\plexus-compiler-javac\2.8.4\plexus-compiler-javac-2.8.4.jar;C:\Users\ganah\.m2\repository\io\cucumber\cucumber-core\7.11.0\cucumber-core-7.11.0.jar;C:\Users\ganah\.m2\repository\io\cucumber\cucumber-gherkin-messages\7.11.0\cucumber-gherkin-messages-7.11.0.jar;C:\Users\ganah\.m2\repository\io\cucumber\gherkin\26.0.3\gherkin-26.0.3.jar;C:\Users\ganah\.m2\repository\io\cucumber\messages\21.0.1\messages-21.0.1.jar;C:\Users\ganah\.m2\repository\io\cucumber\tag-expressions\5.0.1\tag-expressions-5.0.1.jar;C:\Users\ganah\.m2\repository\io\cucumber\cucumber-expressions\16.1.1\cucumber-expressions-16.1.1.jar;C:\Users\ganah\.m2\repository\io\cucumber\datatable\7.11.0\datatable-7.11.0.jar;C:\Users\ganah\.m2\repository\io\cucumber\cucumber-plugin\7.11.0\cucumber-plugin-7.11.0.jar;C:\Users\ganah\.m2\repository\io\cucumber\docstring\7.11.0\docstring-7.11.0.jar;C:\Users\ganah\.m2\repository\io\cucumber\html-formatter\20.2.1\html-formatter-20.2.1.jar;C:\Users\ganah\.m2\repository\io\cucumber\junit-xml-formatter\0.1.0\junit-xml-formatter-0.1.0.jar;C:\Users\ganah\.m2\repository\io\cucumber\ci-environment\9.1.0\ci-environment-9.1.0.jar;C:\Users\ganah\.m2\repository\org\apiguardian\apiguardian-api\1.1.2\apiguardian-api-1.1.2.jar;C:\Users\ganah\.m2\repository\io\cucumber\cucumber-gherkin\7.11.0\cucumber-gherkin-7.11.0.jar;C:\Users\ganah\.m2\repository\io\cucumber\cucumber-java\7.11.0\cucumber-java-7.11.0.jar;C:\Users\ganah\.m2\repository\net\masterthought\cucumber-reporting\5.7.4\cucumber-reporting-5.7.4.jar;C:\Users\ganah\.m2\repository\com\fasterxml\jackson\core\jackson-databind\2.13.2.2\jackson-databind-2.13.2.2.jar;C:\Users\ganah\.m2\repository\com\fasterxml\jackson\core\jackson-annotations\2.13.2\jackson-annotations-2.13.2.jar;C:\Users\ganah\.m2\repository\com\fasterxml\jackson\core\jackson-core\2.13.2\jackson-core-2.13.2.jar;C:\Users\ganah\.m2\repository\com\fasterxml\jackson\datatype\jackson-datatype-jsr310\2.13.2\jackson-datatype-jsr310-2.13.2.jar;C:\Users\ganah\.m2\repository\org\apache\velocity\velocity-engine-core\2.3\velocity-engine-core-2.3.jar;C:\Users\ganah\.m2\repository\org\apache\commons\commons-collections4\4.4\commons-collections4-4.4.jar;C:\Users\ganah\.m2\repository\joda-time\joda-time\2.10.14\joda-time-2.10.14.jar;C:\Users\ganah\.m2\repository\commons-io\commons-io\2.7\commons-io-2.7.jar;C:\Users\ganah\.m2\repository\org\codehaus\plexus\plexus-utils\3.4.2\plexus-utils-3.4.2.jar;C:\Users\ganah\.m2\repository\org\jsoup\jsoup\1.15.3\jsoup-1.15.3.jar;C:\Users\ganah\.m2\repository\com\google\guava\guava\31.1-jre\guava-31.1-jre.jar;C:\Users\ganah\.m2\repository\com\google\guava\failureaccess\1.0.1\failureaccess-1.0.1.jar;C:\Users\ganah\.m2\repository\com\google\guava\listenablefuture\9999.0-empty-to-avoid-conflict-with-guava\listenablefuture-9999.0-empty-to-avoid-conflict-with-guava.jar;C:\Users\ganah\.m2\repository\com\google\code\findbugs\jsr305\3.0.2\jsr305-3.0.2.jar;C:\Users\ganah\.m2\repository\com\google\errorprone\error_prone_annotations\2.11.0\error_prone_annotations-2.11.0.jar;C:\Users\ganah\.m2\repository\com\google\j2objc\j2objc-annotations\1.3\j2objc-annotations-1.3.jar;C:\Users\ganah\.m2\repository\com\googlecode\owasp-java-html-sanitizer\owasp-java-html-sanitizer\20211018.2\owasp-java-html-sanitizer-20211018.2.jar;C:\Users\ganah\.m2\repository\commons-configuration\commons-configuration\1.10\commons-configuration-1.10.jar;C:\Users\ganah\.m2\repository\commons-lang\commons-lang\2.6\commons-lang-2.6.jar;C:\Users\ganah\.m2\repository\io\cucumber\cucumber-junit\7.11.0\cucumber-junit-7.11.0.jar;C:\Users\ganah\.m2\repository\io\cucumber\cucumber-testng\7.11.1\cucumber-testng-7.11.1.jar;C:\Users\ganah\.m2\repository\org\postgresql\postgresql\42.6.0\postgresql-42.6.0.jar;C:\Users\ganah\.m2\repository\org\checkerframework\checker-qual\3.31.0\checker-qual-3.31.0.jar;C:\Users\ganah\.m2\repository\com\vimalselvam\cucumber-extentsreport\3.0.2\cucumber-extentsreport-3.0.2.jar;C:\Users\ganah\.m2\repository\com\aventstack\extentreports\5.0.9\extentreports-5.0.9.jar;C:\Users\ganah\.m2\repository\io\reactivex\rxjava3\rxjava\3.0.4\rxjava-3.0.4.jar;C:\Users\ganah\.m2\repository\org\reactivestreams\reactive-streams\1.0.3\reactive-streams-1.0.3.jar;C:\Users\ganah\.m2\repository\org\freemarker\freemarker\2.3.30\freemarker-2.3.30.jar;C:\Users\ganah\.m2\repository\org\projectlombok\lombok\1.18.12\lombok-1.18.12.jar;C:\Users\ganah\.m2\repository\org\apache\logging\log4j\log4j-core\2.14.1\log4j-core-2.14.1.jar;C:\Users\ganah\.m2\repository\org\apache\logging\log4j\log4j-api\2.14.1\log4j-api-2.14.1.jar;C:\Users\ganah\.m2\repository\com\deque\html\axe-core\selenium\4.6.0\selenium-4.6.0.jar;C:\Users\ganah\.m2\repository\com\deque\html\axe-core\dequeutilites\4.6.0\dequeutilites-4.6.0.jar;C:\Users\ganah\.m2\repository\org\springframework\boot\spring-boot-starter-web\3.0.6\spring-boot-starter-web-3.0.6.jar;C:\Users\ganah\.m2\repository\org\springframework\boot\spring-boot-starter\3.0.6\spring-boot-starter-3.0.6.jar;C:\Users\ganah\.m2\repository\org\springframework\boot\spring-boot\3.0.6\spring-boot-3.0.6.jar;C:\Users\ganah\.m2\repository\org\springframework\boot\spring-boot-autoconfigure\3.0.6\spring-boot-autoconfigure-3.0.6.jar;C:\Users\ganah\.m2\repository\org\springframework\boot\spring-boot-starter-logging\3.0.6\spring-boot-starter-logging-3.0.6.jar;C:\Users\ganah\.m2\repository\ch\qos\logback\logback-classic\1.4.7\logback-classic-1.4.7.jar;C:\Users\ganah\.m2\repository\ch\qos\logback\logback-core\1.4.7\logback-core-1.4.7.jar;C:\Users\ganah\.m2\repository\org\apache\logging\log4j\log4j-to-slf4j\2.19.0\log4j-to-slf4j-2.19.0.jar;C:\Users\ganah\.m2\repository\org\slf4j\jul-to-slf4j\2.0.7\jul-to-slf4j-2.0.7.jar;C:\Users\ganah\.m2\repository\jakarta\annotation\jakarta.annotation-api\2.1.1\jakarta.annotation-api-2.1.1.jar;C:\Users\ganah\.m2\repository\org\springframework\spring-core\6.0.8\spring-core-6.0.8.jar;C:\Users\ganah\.m2\repository\org\springframework\spring-jcl\6.0.8\spring-jcl-6.0.8.jar;C:\Users\ganah\.m2\repository\org\yaml\snakeyaml\1.33\snakeyaml-1.33.jar;C:\Users\ganah\.m2\repository\org\springframework\boot\spring-boot-starter-json\3.0.6\spring-boot-starter-json-3.0.6.jar;C:\Users\ganah\.m2\repository\com\fasterxml\jackson\datatype\jackson-datatype-jdk8\2.14.2\jackson-datatype-jdk8-2.14.2.jar;C:\Users\ganah\.m2\repository\com\fasterxml\jackson\module\jackson-module-parameter-names\2.14.2\jackson-module-parameter-names-2.14.2.jar;C:\Users\ganah\.m2\repository\org\springframework\boot\spring-boot-starter-tomcat\3.0.6\spring-boot-starter-tomcat-3.0.6.jar;C:\Users\ganah\.m2\repository\org\apache\tomcat\embed\tomcat-embed-core\10.1.8\tomcat-embed-core-10.1.8.jar;C:\Users\ganah\.m2\repository\org\apache\tomcat\embed\tomcat-embed-el\10.1.8\tomcat-embed-el-10.1.8.jar;C:\Users\ganah\.m2\repository\org\apache\tomcat\embed\tomcat-embed-websocket\10.1.8\tomcat-embed-websocket-10.1.8.jar;C:\Users\ganah\.m2\repository\org\springframework\spring-web\6.0.8\spring-web-6.0.8.jar;C:\Users\ganah\.m2\repository\org\springframework\spring-beans\6.0.8\spring-beans-6.0.8.jar;C:\Users\ganah\.m2\repository\io\micrometer\micrometer-observation\1.10.6\micrometer-observation-1.10.6.jar;C:\Users\ganah\.m2\repository\io\micrometer\micrometer-commons\1.10.6\micrometer-commons-1.10.6.jar;C:\Users\ganah\.m2\repository\org\springframework\spring-webmvc\6.0.8\spring-webmvc-6.0.8.jar;C:\Users\ganah\.m2\repository\org\springframework\spring-aop\6.0.8\spring-aop-6.0.8.jar;C:\Users\ganah\.m2\repository\org\springframework\spring-context\6.0.8\spring-context-6.0.8.jar;C:\Users\ganah\.m2\repository\org\springframework\spring-expression\6.0.8\spring-expression-6.0.8.jar;C:\Users\ganah\.m2\repository\org\thymeleaf\thymeleaf\3.0.12.RELEASE\thymeleaf-3.0.12.RELEASE.jar;C:\Users\ganah\.m2\repository\ognl\ognl\3.1.26\ognl-3.1.26.jar;C:\Users\ganah\.m2\repository\org\javassist\javassist\3.20.0-GA\javassist-3.20.0-GA.jar;C:\Users\ganah\.m2\repository\org\attoparser\attoparser\2.0.5.RELEASE\attoparser-2.0.5.RELEASE.jar;C:\Users\ganah\.m2\repository\org\unbescape\unbescape\1.1.6.RELEASE\unbescape-1.1.6.RELEASE.jar;C:\Users\ganah\.m2\repository\org\apache\httpcomponents\httpclient\4.5.14\httpclient-4.5.14.jar;C:\Users\ganah\.m2\repository\org\apache\httpcomponents\httpcore\4.4.16\httpcore-4.4.16.jar;C:\Users\ganah\.m2\repository\commons-logging\commons-logging\1.2\commons-logging-1.2.jar;C:\Users\ganah\.m2\repository\commons-codec\commons-codec\1.11\commons-codec-1.11.jar;"/>
    <property name="java.vm.vendor" value="Oracle Corporation"/>
    <property name="sun.arch.data.model" value="64"/>
    <property name="user.variant" value=""/>
    <property name="java.vendor.url" value="https://openjdk.java.net/"/>
    <property name="user.timezone" value="America/New_York"/>
    <property name="java.vm.specification.version" value="11"/>
    <property name="os.name" value="Windows 10"/>
    <property name="sun.java.launcher" value="SUN_STANDARD"/>
    <property name="user.country" value="US"/>
    <property name="sun.boot.library.path" value="C:\Program Files\Java\jdk-11.0.11\bin"/>
    <property name="sun.java.command" value="C:\Users\ganah\AppData\Local\Temp\surefire151824738385265345\surefirebooter9970763910010070493.jar C:\Users\ganah\AppData\Local\Temp\surefire151824738385265345 2023-05-12T13-07-02_945-jvmRun1 surefire1013441508803072865tmp surefire_015206098040819566762tmp"/>
    <property name="jdk.debug" value="release"/>
    <property name="surefire.test.class.path" value="C:\Users\ganah\IdeaProjects\Cucumber_Project_03_28_2023_job\target\test-classes;C:\Users\ganah\IdeaProjects\Cucumber_Project_03_28_2023_job\target\classes;C:\Users\ganah\.m2\repository\org\seleniumhq\selenium\selenium-java\4.9.0\selenium-java-4.9.0.jar;C:\Users\ganah\.m2\repository\org\seleniumhq\selenium\selenium-api\4.9.0\selenium-api-4.9.0.jar;C:\Users\ganah\.m2\repository\org\seleniumhq\selenium\selenium-chrome-driver\4.9.0\selenium-chrome-driver-4.9.0.jar;C:\Users\ganah\.m2\repository\com\google\auto\service\auto-service-annotations\1.0.1\auto-service-annotations-1.0.1.jar;C:\Users\ganah\.m2\repository\com\google\auto\service\auto-service\1.0.1\auto-service-1.0.1.jar;C:\Users\ganah\.m2\repository\com\google\auto\auto-common\1.2\auto-common-1.2.jar;C:\Users\ganah\.m2\repository\org\seleniumhq\selenium\selenium-chromium-driver\4.9.0\selenium-chromium-driver-4.9.0.jar;C:\Users\ganah\.m2\repository\org\seleniumhq\selenium\selenium-json\4.9.0\selenium-json-4.9.0.jar;C:\Users\ganah\.m2\repository\org\seleniumhq\selenium\selenium-manager\4.9.0\selenium-manager-4.9.0.jar;C:\Users\ganah\.m2\repository\org\seleniumhq\selenium\selenium-devtools-v110\4.9.0\selenium-devtools-v110-4.9.0.jar;C:\Users\ganah\.m2\repository\org\seleniumhq\selenium\selenium-devtools-v111\4.9.0\selenium-devtools-v111-4.9.0.jar;C:\Users\ganah\.m2\repository\org\seleniumhq\selenium\selenium-devtools-v112\4.9.0\selenium-devtools-v112-4.9.0.jar;C:\Users\ganah\.m2\repository\org\seleniumhq\selenium\selenium-devtools-v85\4.9.0\selenium-devtools-v85-4.9.0.jar;C:\Users\ganah\.m2\repository\org\seleniumhq\selenium\selenium-edge-driver\4.9.0\selenium-edge-driver-4.9.0.jar;C:\Users\ganah\.m2\repository\org\seleniumhq\selenium\selenium-firefox-driver\4.9.0\selenium-firefox-driver-4.9.0.jar;C:\Users\ganah\.m2\repository\org\seleniumhq\selenium\selenium-http\4.9.0\selenium-http-4.9.0.jar;C:\Users\ganah\.m2\repository\dev\failsafe\failsafe\3.3.1\failsafe-3.3.1.jar;C:\Users\ganah\.m2\repository\org\seleniumhq\selenium\selenium-ie-driver\4.9.0\selenium-ie-driver-4.9.0.jar;C:\Users\ganah\.m2\repository\org\seleniumhq\selenium\selenium-remote-driver\4.9.0\selenium-remote-driver-4.9.0.jar;C:\Users\ganah\.m2\repository\io\netty\netty-buffer\4.1.91.Final\netty-buffer-4.1.91.Final.jar;C:\Users\ganah\.m2\repository\io\netty\netty-codec-http\4.1.91.Final\netty-codec-http-4.1.91.Final.jar;C:\Users\ganah\.m2\repository\io\netty\netty-codec\4.1.91.Final\netty-codec-4.1.91.Final.jar;C:\Users\ganah\.m2\repository\io\netty\netty-handler\4.1.91.Final\netty-handler-4.1.91.Final.jar;C:\Users\ganah\.m2\repository\io\netty\netty-common\4.1.91.Final\netty-common-4.1.91.Final.jar;C:\Users\ganah\.m2\repository\io\netty\netty-transport-classes-epoll\4.1.91.Final\netty-transport-classes-epoll-4.1.91.Final.jar;C:\Users\ganah\.m2\repository\io\netty\netty-transport-classes-kqueue\4.1.91.Final\netty-transport-classes-kqueue-4.1.91.Final.jar;C:\Users\ganah\.m2\repository\io\netty\netty-transport-native-epoll\4.1.91.Final\netty-transport-native-epoll-4.1.91.Final.jar;C:\Users\ganah\.m2\repository\io\netty\netty-transport-native-kqueue\4.1.91.Final\netty-transport-native-kqueue-4.1.91.Final.jar;C:\Users\ganah\.m2\repository\io\netty\netty-transport-native-unix-common\4.1.91.Final\netty-transport-native-unix-common-4.1.91.Final.jar;C:\Users\ganah\.m2\repository\io\netty\netty-transport\4.1.91.Final\netty-transport-4.1.91.Final.jar;C:\Users\ganah\.m2\repository\io\netty\netty-resolver\4.1.91.Final\netty-resolver-4.1.91.Final.jar;C:\Users\ganah\.m2\repository\io\opentelemetry\opentelemetry-api\1.25.0\opentelemetry-api-1.25.0.jar;C:\Users\ganah\.m2\repository\io\opentelemetry\opentelemetry-context\1.25.0\opentelemetry-context-1.25.0.jar;C:\Users\ganah\.m2\repository\io\opentelemetry\opentelemetry-exporter-logging\1.25.0\opentelemetry-exporter-logging-1.25.0.jar;C:\Users\ganah\.m2\repository\io\opentelemetry\opentelemetry-sdk-metrics\1.25.0\opentelemetry-sdk-metrics-1.25.0.jar;C:\Users\ganah\.m2\repository\io\opentelemetry\opentelemetry-sdk-logs\1.25.0-alpha\opentelemetry-sdk-logs-1.25.0-alpha.jar;C:\Users\ganah\.m2\repository\io\opentelemetry\opentelemetry-api-logs\1.25.0-alpha\opentelemetry-api-logs-1.25.0-alpha.jar;C:\Users\ganah\.m2\repository\io\opentelemetry\opentelemetry-api-events\1.25.0-alpha\opentelemetry-api-events-1.25.0-alpha.jar;C:\Users\ganah\.m2\repository\io\opentelemetry\opentelemetry-sdk-common\1.25.0\opentelemetry-sdk-common-1.25.0.jar;C:\Users\ganah\.m2\repository\io\opentelemetry\opentelemetry-sdk-extension-autoconfigure-spi\1.25.0\opentelemetry-sdk-extension-autoconfigure-spi-1.25.0.jar;C:\Users\ganah\.m2\repository\io\opentelemetry\opentelemetry-sdk-extension-autoconfigure\1.25.0-alpha\opentelemetry-sdk-extension-autoconfigure-1.25.0-alpha.jar;C:\Users\ganah\.m2\repository\io\opentelemetry\opentelemetry-sdk-trace\1.25.0\opentelemetry-sdk-trace-1.25.0.jar;C:\Users\ganah\.m2\repository\io\opentelemetry\opentelemetry-sdk\1.25.0\opentelemetry-sdk-1.25.0.jar;C:\Users\ganah\.m2\repository\io\opentelemetry\opentelemetry-semconv\1.25.0-alpha\opentelemetry-semconv-1.25.0-alpha.jar;C:\Users\ganah\.m2\repository\io\ous\jtoml\2.0.0\jtoml-2.0.0.jar;C:\Users\ganah\.m2\repository\net\bytebuddy\byte-buddy\1.14.4\byte-buddy-1.14.4.jar;C:\Users\ganah\.m2\repository\org\apache\commons\commons-exec\1.3\commons-exec-1.3.jar;C:\Users\ganah\.m2\repository\org\asynchttpclient\async-http-client\2.12.3\async-http-client-2.12.3.jar;C:\Users\ganah\.m2\repository\org\asynchttpclient\async-http-client-netty-utils\2.12.3\async-http-client-netty-utils-2.12.3.jar;C:\Users\ganah\.m2\repository\io\netty\netty-codec-socks\4.1.60.Final\netty-codec-socks-4.1.60.Final.jar;C:\Users\ganah\.m2\repository\io\netty\netty-handler-proxy\4.1.60.Final\netty-handler-proxy-4.1.60.Final.jar;C:\Users\ganah\.m2\repository\io\netty\netty-transport-native-epoll\4.1.60.Final\netty-transport-native-epoll-4.1.60.Final-linux-x86_64.jar;C:\Users\ganah\.m2\repository\io\netty\netty-transport-native-kqueue\4.1.60.Final\netty-transport-native-kqueue-4.1.60.Final-osx-x86_64.jar;C:\Users\ganah\.m2\repository\com\typesafe\netty\netty-reactive-streams\2.0.4\netty-reactive-streams-2.0.4.jar;C:\Users\ganah\.m2\repository\com\sun\activation\jakarta.activation\1.2.2\jakarta.activation-1.2.2.jar;C:\Users\ganah\.m2\repository\org\seleniumhq\selenium\selenium-safari-driver\4.9.0\selenium-safari-driver-4.9.0.jar;C:\Users\ganah\.m2\repository\org\seleniumhq\selenium\selenium-support\4.9.0\selenium-support-4.9.0.jar;C:\Users\ganah\.m2\repository\org\apache\maven\plugins\maven-surefire-plugin\3.0.0-M5\maven-surefire-plugin-3.0.0-M5.jar;C:\Users\ganah\.m2\repository\org\apache\maven\surefire\maven-surefire-common\3.0.0-M5\maven-surefire-common-3.0.0-M5.jar;C:\Users\ganah\.m2\repository\org\apache\maven\surefire\surefire-api\3.0.0-M5\surefire-api-3.0.0-M5.jar;C:\Users\ganah\.m2\repository\org\apache\maven\surefire\surefire-logger-api\3.0.0-M5\surefire-logger-api-3.0.0-M5.jar;C:\Users\ganah\.m2\repository\org\apache\maven\surefire\surefire-extensions-api\3.0.0-M5\surefire-extensions-api-3.0.0-M5.jar;C:\Users\ganah\.m2\repository\org\apache\maven\surefire\surefire-booter\3.0.0-M5\surefire-booter-3.0.0-M5.jar;C:\Users\ganah\.m2\repository\org\apache\maven\surefire\surefire-extensions-spi\3.0.0-M5\surefire-extensions-spi-3.0.0-M5.jar;C:\Users\ganah\.m2\repository\org\apache\maven\maven-toolchain\3.0-alpha-2\maven-toolchain-3.0-alpha-2.jar;C:\Users\ganah\.m2\repository\org\apache\maven\shared\maven-artifact-transfer\0.11.0\maven-artifact-transfer-0.11.0.jar;C:\Users\ganah\.m2\repository\org\apache\maven\shared\maven-common-artifact-filters\3.0.1\maven-common-artifact-filters-3.0.1.jar;C:\Users\ganah\.m2\repository\org\apache\maven\surefire\surefire-shared-utils\3.0.0-M4\surefire-shared-utils-3.0.0-M4.jar;C:\Users\ganah\.m2\repository\org\apache\maven\plugins\maven-failsafe-plugin\3.0.0-M5\maven-failsafe-plugin-3.0.0-M5.jar;C:\Users\ganah\.m2\repository\junit\junit\4.13.1\junit-4.13.1.jar;C:\Users\ganah\.m2\repository\org\hamcrest\hamcrest-core\1.3\hamcrest-core-1.3.jar;C:\Users\ganah\.m2\repository\io\github\bonigarcia\webdrivermanager\5.3.1\webdrivermanager-5.3.1.jar;C:\Users\ganah\.m2\repository\org\slf4j\slf4j-api\2.0.3\slf4j-api-2.0.3.jar;C:\Users\ganah\.m2\repository\com\google\code\gson\gson\2.10\gson-2.10.jar;C:\Users\ganah\.m2\repository\com\github\docker-java\docker-java\3.2.13\docker-java-3.2.13.jar;C:\Users\ganah\.m2\repository\com\github\docker-java\docker-java-core\3.2.13\docker-java-core-3.2.13.jar;C:\Users\ganah\.m2\repository\com\github\docker-java\docker-java-api\3.2.13\docker-java-api-3.2.13.jar;C:\Users\ganah\.m2\repository\org\apache\commons\commons-compress\1.21\commons-compress-1.21.jar;C:\Users\ganah\.m2\repository\org\bouncycastle\bcpkix-jdk15on\1.64\bcpkix-jdk15on-1.64.jar;C:\Users\ganah\.m2\repository\org\bouncycastle\bcprov-jdk15on\1.64\bcprov-jdk15on-1.64.jar;C:\Users\ganah\.m2\repository\org\slf4j\jcl-over-slf4j\1.7.30\jcl-over-slf4j-1.7.30.jar;C:\Users\ganah\.m2\repository\com\github\docker-java\docker-java-transport-httpclient5\3.2.13\docker-java-transport-httpclient5-3.2.13.jar;C:\Users\ganah\.m2\repository\com\github\docker-java\docker-java-transport\3.2.13\docker-java-transport-3.2.13.jar;C:\Users\ganah\.m2\repository\net\java\dev\jna\jna\5.8.0\jna-5.8.0.jar;C:\Users\ganah\.m2\repository\org\brotli\dec\0.1.2\dec-0.1.2.jar;C:\Users\ganah\.m2\repository\org\apache\commons\commons-lang3\3.12.0\commons-lang3-3.12.0.jar;C:\Users\ganah\.m2\repository\org\apache\httpcomponents\client5\httpclient5\5.1.3\httpclient5-5.1.3.jar;C:\Users\ganah\.m2\repository\org\apache\httpcomponents\core5\httpcore5\5.1.3\httpcore5-5.1.3.jar;C:\Users\ganah\.m2\repository\org\apache\httpcomponents\core5\httpcore5-h2\5.1.3\httpcore5-h2-5.1.3.jar;C:\Users\ganah\.m2\repository\org\testng\testng\7.7.0\testng-7.7.0.jar;C:\Users\ganah\.m2\repository\com\beust\jcommander\1.82\jcommander-1.82.jar;C:\Users\ganah\.m2\repository\org\webjars\jquery\3.6.1\jquery-3.6.1.jar;C:\Users\ganah\.m2\repository\org\apache\maven\plugins\maven-compiler-plugin\3.8.1\maven-compiler-plugin-3.8.1.jar;C:\Users\ganah\.m2\repository\org\apache\maven\maven-plugin-api\3.0\maven-plugin-api-3.0.jar;C:\Users\ganah\.m2\repository\org\apache\maven\maven-model\3.0\maven-model-3.0.jar;C:\Users\ganah\.m2\repository\org\sonatype\sisu\sisu-inject-plexus\1.4.2\sisu-inject-plexus-1.4.2.jar;C:\Users\ganah\.m2\repository\org\sonatype\sisu\sisu-inject-bean\1.4.2\sisu-inject-bean-1.4.2.jar;C:\Users\ganah\.m2\repository\org\sonatype\sisu\sisu-guice\2.1.7\sisu-guice-2.1.7-noaop.jar;C:\Users\ganah\.m2\repository\org\apache\maven\maven-artifact\3.0\maven-artifact-3.0.jar;C:\Users\ganah\.m2\repository\org\apache\maven\maven-core\3.0\maven-core-3.0.jar;C:\Users\ganah\.m2\repository\org\apache\maven\maven-settings\3.0\maven-settings-3.0.jar;C:\Users\ganah\.m2\repository\org\apache\maven\maven-settings-builder\3.0\maven-settings-builder-3.0.jar;C:\Users\ganah\.m2\repository\org\apache\maven\maven-repository-metadata\3.0\maven-repository-metadata-3.0.jar;C:\Users\ganah\.m2\repository\org\apache\maven\maven-model-builder\3.0\maven-model-builder-3.0.jar;C:\Users\ganah\.m2\repository\org\apache\maven\maven-aether-provider\3.0\maven-aether-provider-3.0.jar;C:\Users\ganah\.m2\repository\org\sonatype\aether\aether-impl\1.7\aether-impl-1.7.jar;C:\Users\ganah\.m2\repository\org\sonatype\aether\aether-spi\1.7\aether-spi-1.7.jar;C:\Users\ganah\.m2\repository\org\sonatype\aether\aether-api\1.7\aether-api-1.7.jar;C:\Users\ganah\.m2\repository\org\sonatype\aether\aether-util\1.7\aether-util-1.7.jar;C:\Users\ganah\.m2\repository\org\codehaus\plexus\plexus-interpolation\1.14\plexus-interpolation-1.14.jar;C:\Users\ganah\.m2\repository\org\codehaus\plexus\plexus-classworlds\2.2.3\plexus-classworlds-2.2.3.jar;C:\Users\ganah\.m2\repository\org\codehaus\plexus\plexus-component-annotations\1.5.5\plexus-component-annotations-1.5.5.jar;C:\Users\ganah\.m2\repository\org\sonatype\plexus\plexus-sec-dispatcher\1.3\plexus-sec-dispatcher-1.3.jar;C:\Users\ganah\.m2\repository\org\sonatype\plexus\plexus-cipher\1.4\plexus-cipher-1.4.jar;C:\Users\ganah\.m2\repository\org\apache\maven\shared\maven-shared-utils\3.2.1\maven-shared-utils-3.2.1.jar;C:\Users\ganah\.m2\repository\org\apache\maven\shared\maven-shared-incremental\1.1\maven-shared-incremental-1.1.jar;C:\Users\ganah\.m2\repository\org\codehaus\plexus\plexus-java\0.9.10\plexus-java-0.9.10.jar;C:\Users\ganah\.m2\repository\org\ow2\asm\asm\6.2\asm-6.2.jar;C:\Users\ganah\.m2\repository\com\thoughtworks\qdox\qdox\2.0-M8\qdox-2.0-M8.jar;C:\Users\ganah\.m2\repository\org\codehaus\plexus\plexus-compiler-api\2.8.4\plexus-compiler-api-2.8.4.jar;C:\Users\ganah\.m2\repository\org\codehaus\plexus\plexus-compiler-manager\2.8.4\plexus-compiler-manager-2.8.4.jar;C:\Users\ganah\.m2\repository\org\codehaus\plexus\plexus-compiler-javac\2.8.4\plexus-compiler-javac-2.8.4.jar;C:\Users\ganah\.m2\repository\io\cucumber\cucumber-core\7.11.0\cucumber-core-7.11.0.jar;C:\Users\ganah\.m2\repository\io\cucumber\cucumber-gherkin-messages\7.11.0\cucumber-gherkin-messages-7.11.0.jar;C:\Users\ganah\.m2\repository\io\cucumber\gherkin\26.0.3\gherkin-26.0.3.jar;C:\Users\ganah\.m2\repository\io\cucumber\messages\21.0.1\messages-21.0.1.jar;C:\Users\ganah\.m2\repository\io\cucumber\tag-expressions\5.0.1\tag-expressions-5.0.1.jar;C:\Users\ganah\.m2\repository\io\cucumber\cucumber-expressions\16.1.1\cucumber-expressions-16.1.1.jar;C:\Users\ganah\.m2\repository\io\cucumber\datatable\7.11.0\datatable-7.11.0.jar;C:\Users\ganah\.m2\repository\io\cucumber\cucumber-plugin\7.11.0\cucumber-plugin-7.11.0.jar;C:\Users\ganah\.m2\repository\io\cucumber\docstring\7.11.0\docstring-7.11.0.jar;C:\Users\ganah\.m2\repository\io\cucumber\html-formatter\20.2.1\html-formatter-20.2.1.jar;C:\Users\ganah\.m2\repository\io\cucumber\junit-xml-formatter\0.1.0\junit-xml-formatter-0.1.0.jar;C:\Users\ganah\.m2\repository\io\cucumber\ci-environment\9.1.0\ci-environment-9.1.0.jar;C:\Users\ganah\.m2\repository\org\apiguardian\apiguardian-api\1.1.2\apiguardian-api-1.1.2.jar;C:\Users\ganah\.m2\repository\io\cucumber\cucumber-gherkin\7.11.0\cucumber-gherkin-7.11.0.jar;C:\Users\ganah\.m2\repository\io\cucumber\cucumber-java\7.11.0\cucumber-java-7.11.0.jar;C:\Users\ganah\.m2\repository\net\masterthought\cucumber-reporting\5.7.4\cucumber-reporting-5.7.4.jar;C:\Users\ganah\.m2\repository\com\fasterxml\jackson\core\jackson-databind\2.13.2.2\jackson-databind-2.13.2.2.jar;C:\Users\ganah\.m2\repository\com\fasterxml\jackson\core\jackson-annotations\2.13.2\jackson-annotations-2.13.2.jar;C:\Users\ganah\.m2\repository\com\fasterxml\jackson\core\jackson-core\2.13.2\jackson-core-2.13.2.jar;C:\Users\ganah\.m2\repository\com\fasterxml\jackson\datatype\jackson-datatype-jsr310\2.13.2\jackson-datatype-jsr310-2.13.2.jar;C:\Users\ganah\.m2\repository\org\apache\velocity\velocity-engine-core\2.3\velocity-engine-core-2.3.jar;C:\Users\ganah\.m2\repository\org\apache\commons\commons-collections4\4.4\commons-collections4-4.4.jar;C:\Users\ganah\.m2\repository\joda-time\joda-time\2.10.14\joda-time-2.10.14.jar;C:\Users\ganah\.m2\repository\commons-io\commons-io\2.7\commons-io-2.7.jar;C:\Users\ganah\.m2\repository\org\codehaus\plexus\plexus-utils\3.4.2\plexus-utils-3.4.2.jar;C:\Users\ganah\.m2\repository\org\jsoup\jsoup\1.15.3\jsoup-1.15.3.jar;C:\Users\ganah\.m2\repository\com\google\guava\guava\31.1-jre\guava-31.1-jre.jar;C:\Users\ganah\.m2\repository\com\google\guava\failureaccess\1.0.1\failureaccess-1.0.1.jar;C:\Users\ganah\.m2\repository\com\google\guava\listenablefuture\9999.0-empty-to-avoid-conflict-with-guava\listenablefuture-9999.0-empty-to-avoid-conflict-with-guava.jar;C:\Users\ganah\.m2\repository\com\google\code\findbugs\jsr305\3.0.2\jsr305-3.0.2.jar;C:\Users\ganah\.m2\repository\com\google\errorprone\error_prone_annotations\2.11.0\error_prone_annotations-2.11.0.jar;C:\Users\ganah\.m2\repository\com\google\j2objc\j2objc-annotations\1.3\j2objc-annotations-1.3.jar;C:\Users\ganah\.m2\repository\com\googlecode\owasp-java-html-sanitizer\owasp-java-html-sanitizer\20211018.2\owasp-java-html-sanitizer-20211018.2.jar;C:\Users\ganah\.m2\repository\commons-configuration\commons-configuration\1.10\commons-configuration-1.10.jar;C:\Users\ganah\.m2\repository\commons-lang\commons-lang\2.6\commons-lang-2.6.jar;C:\Users\ganah\.m2\repository\io\cucumber\cucumber-junit\7.11.0\cucumber-junit-7.11.0.jar;C:\Users\ganah\.m2\repository\io\cucumber\cucumber-testng\7.11.1\cucumber-testng-7.11.1.jar;C:\Users\ganah\.m2\repository\org\postgresql\postgresql\42.6.0\postgresql-42.6.0.jar;C:\Users\ganah\.m2\repository\org\checkerframework\checker-qual\3.31.0\checker-qual-3.31.0.jar;C:\Users\ganah\.m2\repository\com\vimalselvam\cucumber-extentsreport\3.0.2\cucumber-extentsreport-3.0.2.jar;C:\Users\ganah\.m2\repository\com\aventstack\extentreports\5.0.9\extentreports-5.0.9.jar;C:\Users\ganah\.m2\repository\io\reactivex\rxjava3\rxjava\3.0.4\rxjava-3.0.4.jar;C:\Users\ganah\.m2\repository\org\reactivestreams\reactive-streams\1.0.3\reactive-streams-1.0.3.jar;C:\Users\ganah\.m2\repository\org\freemarker\freemarker\2.3.30\freemarker-2.3.30.jar;C:\Users\ganah\.m2\repository\org\projectlombok\lombok\1.18.12\lombok-1.18.12.jar;C:\Users\ganah\.m2\repository\org\apache\logging\log4j\log4j-core\2.14.1\log4j-core-2.14.1.jar;C:\Users\ganah\.m2\repository\org\apache\logging\log4j\log4j-api\2.14.1\log4j-api-2.14.1.jar;C:\Users\ganah\.m2\repository\com\deque\html\axe-core\selenium\4.6.0\selenium-4.6.0.jar;C:\Users\ganah\.m2\repository\com\deque\html\axe-core\dequeutilites\4.6.0\dequeutilites-4.6.0.jar;C:\Users\ganah\.m2\repository\org\springframework\boot\spring-boot-starter-web\3.0.6\spring-boot-starter-web-3.0.6.jar;C:\Users\ganah\.m2\repository\org\springframework\boot\spring-boot-starter\3.0.6\spring-boot-starter-3.0.6.jar;C:\Users\ganah\.m2\repository\org\springframework\boot\spring-boot\3.0.6\spring-boot-3.0.6.jar;C:\Users\ganah\.m2\repository\org\springframework\boot\spring-boot-autoconfigure\3.0.6\spring-boot-autoconfigure-3.0.6.jar;C:\Users\ganah\.m2\repository\org\springframework\boot\spring-boot-starter-logging\3.0.6\spring-boot-starter-logging-3.0.6.jar;C:\Users\ganah\.m2\repository\ch\qos\logback\logback-classic\1.4.7\logback-classic-1.4.7.jar;C:\Users\ganah\.m2\repository\ch\qos\logback\logback-core\1.4.7\logback-core-1.4.7.jar;C:\Users\ganah\.m2\repository\org\apache\logging\log4j\log4j-to-slf4j\2.19.0\log4j-to-slf4j-2.19.0.jar;C:\Users\ganah\.m2\repository\org\slf4j\jul-to-slf4j\2.0.7\jul-to-slf4j-2.0.7.jar;C:\Users\ganah\.m2\repository\jakarta\annotation\jakarta.annotation-api\2.1.1\jakarta.annotation-api-2.1.1.jar;C:\Users\ganah\.m2\repository\org\springframework\spring-core\6.0.8\spring-core-6.0.8.jar;C:\Users\ganah\.m2\repository\org\springframework\spring-jcl\6.0.8\spring-jcl-6.0.8.jar;C:\Users\ganah\.m2\repository\org\yaml\snakeyaml\1.33\snakeyaml-1.33.jar;C:\Users\ganah\.m2\repository\org\springframework\boot\spring-boot-starter-json\3.0.6\spring-boot-starter-json-3.0.6.jar;C:\Users\ganah\.m2\repository\com\fasterxml\jackson\datatype\jackson-datatype-jdk8\2.14.2\jackson-datatype-jdk8-2.14.2.jar;C:\Users\ganah\.m2\repository\com\fasterxml\jackson\module\jackson-module-parameter-names\2.14.2\jackson-module-parameter-names-2.14.2.jar;C:\Users\ganah\.m2\repository\org\springframework\boot\spring-boot-starter-tomcat\3.0.6\spring-boot-starter-tomcat-3.0.6.jar;C:\Users\ganah\.m2\repository\org\apache\tomcat\embed\tomcat-embed-core\10.1.8\tomcat-embed-core-10.1.8.jar;C:\Users\ganah\.m2\repository\org\apache\tomcat\embed\tomcat-embed-el\10.1.8\tomcat-embed-el-10.1.8.jar;C:\Users\ganah\.m2\repository\org\apache\tomcat\embed\tomcat-embed-websocket\10.1.8\tomcat-embed-websocket-10.1.8.jar;C:\Users\ganah\.m2\repository\org\springframework\spring-web\6.0.8\spring-web-6.0.8.jar;C:\Users\ganah\.m2\repository\org\springframework\spring-beans\6.0.8\spring-beans-6.0.8.jar;C:\Users\ganah\.m2\repository\io\micrometer\micrometer-observation\1.10.6\micrometer-observation-1.10.6.jar;C:\Users\ganah\.m2\repository\io\micrometer\micrometer-commons\1.10.6\micrometer-commons-1.10.6.jar;C:\Users\ganah\.m2\repository\org\springframework\spring-webmvc\6.0.8\spring-webmvc-6.0.8.jar;C:\Users\ganah\.m2\repository\org\springframework\spring-aop\6.0.8\spring-aop-6.0.8.jar;C:\Users\ganah\.m2\repository\org\springframework\spring-context\6.0.8\spring-context-6.0.8.jar;C:\Users\ganah\.m2\repository\org\springframework\spring-expression\6.0.8\spring-expression-6.0.8.jar;C:\Users\ganah\.m2\repository\org\thymeleaf\thymeleaf\3.0.12.RELEASE\thymeleaf-3.0.12.RELEASE.jar;C:\Users\ganah\.m2\repository\ognl\ognl\3.1.26\ognl-3.1.26.jar;C:\Users\ganah\.m2\repository\org\javassist\javassist\3.20.0-GA\javassist-3.20.0-GA.jar;C:\Users\ganah\.m2\repository\org\attoparser\attoparser\2.0.5.RELEASE\attoparser-2.0.5.RELEASE.jar;C:\Users\ganah\.m2\repository\org\unbescape\unbescape\1.1.6.RELEASE\unbescape-1.1.6.RELEASE.jar;C:\Users\ganah\.m2\repository\org\apache\httpcomponents\httpclient\4.5.14\httpclient-4.5.14.jar;C:\Users\ganah\.m2\repository\org\apache\httpcomponents\httpcore\4.4.16\httpcore-4.4.16.jar;C:\Users\ganah\.m2\repository\commons-logging\commons-logging\1.2\commons-logging-1.2.jar;C:\Users\ganah\.m2\repository\commons-codec\commons-codec\1.11\commons-codec-1.11.jar;"/>
    <property name="sun.cpu.endian" value="little"/>
    <property name="user.home" value="C:\Users\ganah"/>
    <property name="user.language" value="en"/>
    <property name="java.specification.vendor" value="Oracle Corporation"/>
    <property name="java.version.date" value="2021-04-20"/>
    <property name="java.home" value="C:\Program Files\Java\jdk-11.0.11"/>
    <property name="file.separator" value="\"/>
    <property name="basedir" value="C:\Users\ganah\IdeaProjects\Cucumber_Project_03_28_2023_job"/>
    <property name="java.vm.compressedOopsMode" value="32-bit"/>
    <property name="line.separator" value="&#10;"/>
    <property name="java.specification.name" value="Java Platform API Specification"/>
    <property name="java.vm.specification.vendor" value="Oracle Corporation"/>
    <property name="java.awt.graphicsenv" value="sun.awt.Win32GraphicsEnvironment"/>
    <property name="surefire.real.class.path" value="C:\Users\ganah\AppData\Local\Temp\surefire151824738385265345\surefirebooter9970763910010070493.jar"/>
    <property name="user.script" value=""/>
    <property name="sun.management.compiler" value="HotSpot 64-Bit Tiered Compilers"/>
    <property name="java.runtime.version" value="11.0.11+9-LTS-194"/>
    <property name="user.name" value="ganah"/>
    <property name="path.separator" value=";"/>
    <property name="otel.metrics.exporter" value="none"/>
    <property name="os.version" value="10.0"/>
    <property name="java.runtime.name" value="Java(TM) SE Runtime Environment"/>
    <property name="otel.traces.exporter" value="none"/>
    <property name="file.encoding" value="Cp1252"/>
    <property name="java.vm.name" value="Java HotSpot(TM) 64-Bit Server VM"/>
    <property name="java.vendor.version" value="18.9"/>
    <property name="localRepository" value="C:\Users\ganah\.m2\repository"/>
    <property name="java.vendor.url.bug" value="https://bugreport.java.com/bugreport/"/>
    <property name="java.io.tmpdir" value="C:\Users\ganah\AppData\Local\Temp\"/>
    <property name="java.version" value="11.0.11"/>
    <property name="user.dir" value="C:\Users\ganah\IdeaProjects\Cucumber_Project_03_28_2023_job"/>
    <property name="os.arch" value="amd64"/>
    <property name="java.vm.specification.name" value="Java Virtual Machine Specification"/>
    <property name="java.awt.printerjob" value="sun.awt.windows.WPrinterJob"/>
    <property name="sun.os.patch.level" value=""/>
    <property name="java.library.path" value="C:\Program Files\Java\jdk-11.0.11\bin;C:\WINDOWS\Sun\Java\bin;C:\WINDOWS\system32;C:\WINDOWS;C:\Program Files\Common Files\Oracle\Java\javapath;C:\WINDOWS\system32;C:\WINDOWS;C:\WINDOWS\System32\Wbem;C:\WINDOWS\System32\WindowsPowerShell\v1.0\;C:\WINDOWS\System32\OpenSSH\;C:\Users\ganah\Downloads\apache-maven-3.8.1-bin\apache-maven-3.8.1\bin;C:\Program Files\Java\jdk-11.0.11\bin;C:\Program Files\Git\cmd;C:\Program Files\nodejs\;C:\Users\ganah\OneDrive\Bureau\Android\platform-tools;C:\Program Files\Microsoft SQL Server\150\Tools\Binn\;C:\Program Files\Microsoft SQL Server\Client SDK\ODBC\170\Tools\Binn\;C:\Program Files\dotnet\;C:\Users\ganah\AppData\Local\Programs\Python\Python311\Scripts\;C:\Users\ganah\AppData\Local\Programs\Python\Python311\;C:\Users\ganah\AppData\Local\Microsoft\WindowsApps;;C:\Program Files\JetBrains\IntelliJ IDEA Community Edition 2021.1.1\bin;;C:\Users\ganah\AppData\Roaming\npm;C:\Users\ganah\AppData\Local\Programs\Microsoft VS Code\bin;C:\Users\ganah\.dotnet\tools;."/>
    <property name="java.vendor" value="Oracle Corporation"/>
    <property name="java.vm.info" value="mixed mode"/>
    <property name="java.vm.version" value="11.0.11+9-LTS-194"/>
    <property name="sun.io.unicode.encoding" value="UnicodeLittle"/>
    <property name="java.class.version" value="55.0"/>
  </properties>
  <testcase name="runScenario[&quot;Log in to page with valid credentials&quot;, &quot;Login Page Functionnality&quot;](1)" classname="runner.Runner" time="64.913">
    <system-out><![CDATA[13:07:05.815 [main] DEBUG org.testng.TestNG -- suiteXmlPath: "C:\Users\ganah\IdeaProjects\Cucumber_Project_03_28_2023_job\src\test\resources\test.xml"

@Test
Scenario: Log in to page with valid credentials # src/test/java/features/login.feature:5
Connection to POSTGRES DB SUCCESSFULL
column name : auth-autolazare-558fb
Connection to POSTGRES DB SUCCESSFULL
column name : f8d0a4b4-e059-4b39-a9eb-366965b887b1
Using Sauce Labs
13:07:08.271 [main] DEBUG io.netty.util.internal.logging.InternalLoggerFactory -- Using SLF4J as the default logging framework
13:07:08.281 [main] DEBUG io.netty.util.ResourceLeakDetector -- -Dio.netty.leakDetection.level: simple
13:07:08.281 [main] DEBUG io.netty.util.ResourceLeakDetector -- -Dio.netty.leakDetection.targetRecords: 4
13:07:08.289 [main] DEBUG io.netty.util.ResourceLeakDetectorFactory -- Loaded default ResourceLeakDetector: io.netty.util.ResourceLeakDetector@10643593
13:07:08.324 [main] DEBUG io.netty.util.internal.PlatformDependent0 -- -Dio.netty.noUnsafe: false
13:07:08.324 [main] DEBUG io.netty.util.internal.PlatformDependent0 -- Java version: 11
13:07:08.327 [main] DEBUG io.netty.util.internal.PlatformDependent0 -- sun.misc.Unsafe.theUnsafe: available
13:07:08.327 [main] DEBUG io.netty.util.internal.PlatformDependent0 -- sun.misc.Unsafe.copyMemory: available
13:07:08.330 [main] DEBUG io.netty.util.internal.PlatformDependent0 -- sun.misc.Unsafe.storeFence: available
13:07:08.331 [main] DEBUG io.netty.util.internal.PlatformDependent0 -- java.nio.Buffer.address: available
13:07:08.332 [main] DEBUG io.netty.util.internal.PlatformDependent0 -- direct buffer constructor: unavailable: Reflective setAccessible(true) disabled
13:07:08.334 [main] DEBUG io.netty.util.internal.PlatformDependent0 -- java.nio.Bits.unaligned: available, true
13:07:08.334 [main] DEBUG io.netty.util.internal.PlatformDependent0 -- jdk.internal.misc.Unsafe.allocateUninitializedArray(int): unavailable: class io.netty.util.internal.PlatformDependent0$7 cannot access class jdk.internal.misc.Unsafe (in module java.base) because module java.base does not export jdk.internal.misc to unnamed module @71984c3
13:07:08.334 [main] DEBUG io.netty.util.internal.PlatformDependent0 -- java.nio.DirectByteBuffer.<init>(long, int): unavailable
13:07:08.334 [main] DEBUG io.netty.util.internal.PlatformDependent -- sun.misc.Unsafe: available
13:07:08.334 [main] DEBUG io.netty.util.internal.PlatformDependent -- maxDirectMemory: 2090860544 bytes (maybe)
13:07:08.334 [main] DEBUG io.netty.util.internal.PlatformDependent -- -Dio.netty.tmpdir: C:\Users\ganah\AppData\Local\Temp (java.io.tmpdir)
13:07:08.334 [main] DEBUG io.netty.util.internal.PlatformDependent -- -Dio.netty.bitMode: 64 (sun.arch.data.model)
13:07:08.334 [main] DEBUG io.netty.util.internal.PlatformDependent -- Platform: Windows
13:07:08.334 [main] DEBUG io.netty.util.internal.PlatformDependent -- -Dio.netty.maxDirectMemory: -1 bytes
13:07:08.334 [main] DEBUG io.netty.util.internal.PlatformDependent -- -Dio.netty.uninitializedArrayAllocationThreshold: -1
13:07:08.334 [main] DEBUG io.netty.util.internal.CleanerJava9 -- java.nio.ByteBuffer.cleaner(): available
13:07:08.334 [main] DEBUG io.netty.util.internal.PlatformDependent -- -Dio.netty.noPreferDirect: false
13:07:08.351 [main] DEBUG io.netty.util.internal.PlatformDependent -- org.jctools-core.MpscChunkedArrayQueue: available
13:07:08.399 [main] DEBUG io.netty.util.internal.InternalThreadLocalMap -- -Dio.netty.threadLocalMap.stringBuilder.initialSize: 1024
13:07:08.399 [main] DEBUG io.netty.util.internal.InternalThreadLocalMap -- -Dio.netty.threadLocalMap.stringBuilder.maxSize: 4096
13:07:08.677 [main] DEBUG io.netty.handler.ssl.JdkSslContext -- Default protocols (JDK): [TLSv1.3, TLSv1.2] 
13:07:08.677 [main] DEBUG io.netty.handler.ssl.JdkSslContext -- Default cipher suites (JDK): [TLS_ECDHE_ECDSA_WITH_AES_256_GCM_SHA384, TLS_ECDHE_ECDSA_WITH_AES_128_GCM_SHA256, TLS_ECDHE_RSA_WITH_AES_128_GCM_SHA256, TLS_ECDHE_RSA_WITH_AES_256_GCM_SHA384, TLS_ECDHE_RSA_WITH_AES_128_CBC_SHA, TLS_ECDHE_RSA_WITH_AES_256_CBC_SHA, TLS_RSA_WITH_AES_128_GCM_SHA256, TLS_RSA_WITH_AES_128_CBC_SHA, TLS_RSA_WITH_AES_256_CBC_SHA, TLS_AES_128_GCM_SHA256, TLS_AES_256_GCM_SHA384]
13:07:08.709 [main] DEBUG io.netty.util.concurrent.GlobalEventExecutor -- -Dio.netty.globalEventExecutor.quietPeriodSeconds: 1
13:07:08.725 [main] DEBUG io.netty.channel.MultithreadEventLoopGroup -- -Dio.netty.eventLoopThreads: 16
13:07:08.741 [main] DEBUG io.netty.channel.nio.NioEventLoop -- -Dio.netty.noKeySetOptimization: false
13:07:08.741 [main] DEBUG io.netty.channel.nio.NioEventLoop -- -Dio.netty.selectorAutoRebuildThreshold: 512
13:07:08.820 [main] DEBUG io.netty.buffer.PooledByteBufAllocator -- -Dio.netty.allocator.numHeapArenas: 16
13:07:08.820 [main] DEBUG io.netty.buffer.PooledByteBufAllocator -- -Dio.netty.allocator.numDirectArenas: 16
13:07:08.820 [main] DEBUG io.netty.buffer.PooledByteBufAllocator -- -Dio.netty.allocator.pageSize: 8192
13:07:08.820 [main] DEBUG io.netty.buffer.PooledByteBufAllocator -- -Dio.netty.allocator.maxOrder: 9
13:07:08.820 [main] DEBUG io.netty.buffer.PooledByteBufAllocator -- -Dio.netty.allocator.chunkSize: 4194304
13:07:08.820 [main] DEBUG io.netty.buffer.PooledByteBufAllocator -- -Dio.netty.allocator.smallCacheSize: 256
13:07:08.820 [main] DEBUG io.netty.buffer.PooledByteBufAllocator -- -Dio.netty.allocator.normalCacheSize: 64
13:07:08.820 [main] DEBUG io.netty.buffer.PooledByteBufAllocator -- -Dio.netty.allocator.maxCachedBufferCapacity: 32768
13:07:08.820 [main] DEBUG io.netty.buffer.PooledByteBufAllocator -- -Dio.netty.allocator.cacheTrimInterval: 8192
13:07:08.820 [main] DEBUG io.netty.buffer.PooledByteBufAllocator -- -Dio.netty.allocator.cacheTrimIntervalMillis: 0
13:07:08.820 [main] DEBUG io.netty.buffer.PooledByteBufAllocator -- -Dio.netty.allocator.useCacheForAllThreads: false
13:07:08.820 [main] DEBUG io.netty.buffer.PooledByteBufAllocator -- -Dio.netty.allocator.maxCachedByteBuffersPerChunk: 1023
13:07:08.836 [main] DEBUG io.netty.buffer.ByteBufUtil -- -Dio.netty.allocator.type: pooled
13:07:08.836 [main] DEBUG io.netty.buffer.ByteBufUtil -- -Dio.netty.threadLocalDirectBufferSize: 0
13:07:08.836 [main] DEBUG io.netty.buffer.ByteBufUtil -- -Dio.netty.maxThreadLocalCharBufferSize: 16384
13:07:09.188 [Forwarding newSession on session null to remote] DEBUG io.netty.channel.DefaultChannelId -- -Dio.netty.processId: 22380 (auto-detected)
13:07:09.188 [Forwarding newSession on session null to remote] DEBUG io.netty.util.NetUtil -- -Djava.net.preferIPv4Stack: false
13:07:09.188 [Forwarding newSession on session null to remote] DEBUG io.netty.util.NetUtil -- -Djava.net.preferIPv6Addresses: false
13:07:09.331 [Forwarding newSession on session null to remote] DEBUG io.netty.util.NetUtilInitializations -- Loopback interface: lo (Software Loopback Interface 1, 127.0.0.1)
13:07:09.331 [Forwarding newSession on session null to remote] DEBUG io.netty.util.NetUtil -- Failed to get SOMAXCONN from sysctl and file \proc\sys\net\core\somaxconn. Default: 200
13:07:09.331 [Forwarding newSession on session null to remote] DEBUG io.netty.channel.DefaultChannelId -- -Dio.netty.machineId: 68:3e:26:ff:fe:44:81:12 (auto-detected)
13:07:09.397 [AsyncHttpClient-1-2] DEBUG io.netty.buffer.AbstractByteBuf -- -Dio.netty.buffer.checkAccessible: true
13:07:09.397 [AsyncHttpClient-1-2] DEBUG io.netty.buffer.AbstractByteBuf -- -Dio.netty.buffer.checkBounds: true
13:07:09.397 [AsyncHttpClient-1-2] DEBUG io.netty.util.ResourceLeakDetectorFactory -- Loaded default ResourceLeakDetector: io.netty.util.ResourceLeakDetector@d23e4e6
13:07:09.587 [AsyncHttpClient-1-2] DEBUG io.netty.util.Recycler -- -Dio.netty.recycler.maxCapacityPerThread: 4096
13:07:09.587 [AsyncHttpClient-1-2] DEBUG io.netty.util.Recycler -- -Dio.netty.recycler.ratio: 8
13:07:09.587 [AsyncHttpClient-1-2] DEBUG io.netty.util.Recycler -- -Dio.netty.recycler.chunkSize: 32
13:07:09.587 [AsyncHttpClient-1-2] DEBUG io.netty.util.Recycler -- -Dio.netty.recycler.blocking: false
13:07:09.587 [AsyncHttpClient-1-2] DEBUG io.netty.util.Recycler -- -Dio.netty.recycler.batchFastThreadLocalOnly: true
13:07:09.714 [AsyncHttpClient-1-2] DEBUG io.netty.handler.ssl.util.InsecureTrustManagerFactory -- Accepting a server certificate: CN=ondemand.us-west-1.saucelabs.com
13:07:09.845 [AsyncHttpClient-1-2] DEBUG org.asynchttpclient.netty.channel.NettyConnectListener -- Using new Channel '[id: 0x5d8cc613, L:/192.168.1.146:57614 - R:ondemand.us-west-1.saucelabs.com/66.85.52.224:443]' for 'POST' to '/wd/hub/session'
13:07:09.877 [AsyncHttpClient-1-2] DEBUG io.netty.handler.ssl.SslHandler -- [id: 0x5d8cc613, L:/192.168.1.146:57614 - R:ondemand.us-west-1.saucelabs.com/66.85.52.224:443] HANDSHAKEN: protocol:TLSv1.2 cipher suite:TLS_ECDHE_RSA_WITH_AES_128_GCM_SHA256
13:07:14.647 [AsyncHttpClient-1-2] DEBUG io.netty.handler.codec.compression.Brotli -- brotli4j not in the classpath; Brotli support will be unavailable.
13:07:14.647 [AsyncHttpClient-1-2] DEBUG org.asynchttpclient.netty.handler.HttpHandler -- 

Request DefaultHttpRequest(decodeResult: success, version: HTTP/1.1)
POST /wd/hub/session HTTP/1.1
User-Agent: selenium/4.9.0 (java windows)
traceparent: 00-7abdae18b5df408a5b13c9386bd169a3-7bccca35a5044b79-01
Content-Length: 434
Content-Type: application/json; charset=utf-8
host: ondemand.us-west-1.saucelabs.com
authorization: Basic b2F1dGgtYXV0b2xhemFyZS01NThmYjpmOGQwYTRiNC1lMDU5LTRiMzktYTllYi0zNjY5NjViODg3YjE=
accept: */*

Response DefaultHttpResponse(decodeResult: success, version: HTTP/1.1)
HTTP/1.1 200 OK
content-type: application/json;charset=UTF-8
date: Fri, 12 May 2023 17:07:08 GMT
server: monocle/0.42
content-length: 977
x-request-id: f4d01c11-2139-4904-b648-489ac87a4a42

13:07:14.661 [AsyncHttpClient-1-2] DEBUG org.asynchttpclient.netty.channel.ChannelManager -- Adding key: https://ondemand.us-west-1.saucelabs.com:443 for channel [id: 0x5d8cc613, L:/192.168.1.146:57614 - R:ondemand.us-west-1.saucelabs.com/66.85.52.224:443]
13:07:14.755 [Forwarding get on session 724de05069144310a7342d95f6334a48 to remote] DEBUG org.asynchttpclient.netty.request.NettyRequestSender -- Using pooled Channel '[id: 0x5d8cc613, L:/192.168.1.146:57614 - R:ondemand.us-west-1.saucelabs.com/66.85.52.224:443]' for 'POST' to 'https://oauth-autolazare-558fb:f8d0a4b4-e059-4b39-a9eb-366965b887b1@ondemand.us-west-1.saucelabs.com:443/wd/hub/session/724de05069144310a7342d95f6334a48/url'
13:07:14.755 [Forwarding get on session 724de05069144310a7342d95f6334a48 to remote] DEBUG org.asynchttpclient.netty.request.NettyRequestSender -- Using open Channel [id: 0x5d8cc613, L:/192.168.1.146:57614 - R:ondemand.us-west-1.saucelabs.com/66.85.52.224:443] for POST '/wd/hub/session/724de05069144310a7342d95f6334a48/url'
13:07:19.561 [AsyncHttpClient-1-2] DEBUG org.asynchttpclient.netty.handler.HttpHandler -- 

Request DefaultHttpRequest(decodeResult: success, version: HTTP/1.1)
POST /wd/hub/session/724de05069144310a7342d95f6334a48/url HTTP/1.1
User-Agent: selenium/4.9.0 (java windows)
traceparent: 00-fdbe9d343270cdd98cc015a5da1f4182-e763eac6e33562b0-01
Content-Length: 111
Content-Type: application/json; charset=utf-8
host: ondemand.us-west-1.saucelabs.com
authorization: Basic b2F1dGgtYXV0b2xhemFyZS01NThmYjpmOGQwYTRiNC1lMDU5LTRiMzktYTllYi0zNjY5NjViODg3YjE=
accept: */*

Response DefaultHttpResponse(decodeResult: success, version: HTTP/1.1)
HTTP/1.1 200 OK
content-type: application/json;charset=UTF-8
date: Fri, 12 May 2023 17:07:13 GMT
server: monocle/0.42
content-length: 15
x-request-id: f7347e50-699f-4a56-bca5-e71b8df29d90

13:07:19.561 [AsyncHttpClient-1-2] DEBUG org.asynchttpclient.netty.channel.ChannelManager -- Adding key: https://ondemand.us-west-1.saucelabs.com:443 for channel [id: 0x5d8cc613, L:/192.168.1.146:57614 - R:ondemand.us-west-1.saucelabs.com/66.85.52.224:443]
13:07:19.561 [Forwarding getTitle on session 724de05069144310a7342d95f6334a48 to remote] DEBUG org.asynchttpclient.netty.request.NettyRequestSender -- Using pooled Channel '[id: 0x5d8cc613, L:/192.168.1.146:57614 - R:ondemand.us-west-1.saucelabs.com/66.85.52.224:443]' for 'GET' to 'https://oauth-autolazare-558fb:f8d0a4b4-e059-4b39-a9eb-366965b887b1@ondemand.us-west-1.saucelabs.com:443/wd/hub/session/724de05069144310a7342d95f6334a48/title'
13:07:19.561 [Forwarding getTitle on session 724de05069144310a7342d95f6334a48 to remote] DEBUG org.asynchttpclient.netty.request.NettyRequestSender -- Using open Channel [id: 0x5d8cc613, L:/192.168.1.146:57614 - R:ondemand.us-west-1.saucelabs.com/66.85.52.224:443] for GET '/wd/hub/session/724de05069144310a7342d95f6334a48/title'
13:07:19.704 [AsyncHttpClient-1-2] DEBUG org.asynchttpclient.netty.handler.HttpHandler -- 

Request DefaultFullHttpRequest(decodeResult: success, version: HTTP/1.1, content: EmptyByteBufBE)
GET /wd/hub/session/724de05069144310a7342d95f6334a48/title HTTP/1.1
User-Agent: selenium/4.9.0 (java windows)
Cache-Control: no-cache
traceparent: 00-0bd45db2c2fd71c4d4a5989ef21b9ce8-f7df495695c49a45-01
Content-Type: application/json; charset=utf-8
host: ondemand.us-west-1.saucelabs.com
authorization: Basic b2F1dGgtYXV0b2xhemFyZS01NThmYjpmOGQwYTRiNC1lMDU5LTRiMzktYTllYi0zNjY5NjViODg3YjE=
accept: */*

Response DefaultHttpResponse(decodeResult: success, version: HTTP/1.1)
HTTP/1.1 200 OK
content-type: application/json;charset=UTF-8
date: Fri, 12 May 2023 17:07:18 GMT
server: monocle/0.42
content-length: 57
x-request-id: 521be67c-f39d-4b14-b1b5-f0d63423f5a0

13:07:19.704 [AsyncHttpClient-1-2] DEBUG org.asynchttpclient.netty.channel.ChannelManager -- Adding key: https://ondemand.us-west-1.saucelabs.com:443 for channel [id: 0x5d8cc613, L:/192.168.1.146:57614 - R:ondemand.us-west-1.saucelabs.com/66.85.52.224:443]
We Are in WEbSite :   SoftAssert in TestNG example | Selenium Easy
13:07:19.767 [Forwarding setTimeout on session 724de05069144310a7342d95f6334a48 to remote] DEBUG org.asynchttpclient.netty.request.NettyRequestSender -- Using pooled Channel '[id: 0x5d8cc613, L:/192.168.1.146:57614 - R:ondemand.us-west-1.saucelabs.com/66.85.52.224:443]' for 'POST' to 'https://oauth-autolazare-558fb:f8d0a4b4-e059-4b39-a9eb-366965b887b1@ondemand.us-west-1.saucelabs.com:443/wd/hub/session/724de05069144310a7342d95f6334a48/timeouts'
13:07:19.767 [Forwarding setTimeout on session 724de05069144310a7342d95f6334a48 to remote] DEBUG org.asynchttpclient.netty.request.NettyRequestSender -- Using open Channel [id: 0x5d8cc613, L:/192.168.1.146:57614 - R:ondemand.us-west-1.saucelabs.com/66.85.52.224:443] for POST '/wd/hub/session/724de05069144310a7342d95f6334a48/timeouts'
13:07:19.897 [AsyncHttpClient-1-2] DEBUG org.asynchttpclient.netty.handler.HttpHandler -- 

Request DefaultHttpRequest(decodeResult: success, version: HTTP/1.1)
POST /wd/hub/session/724de05069144310a7342d95f6334a48/timeouts HTTP/1.1
User-Agent: selenium/4.9.0 (java windows)
traceparent: 00-86ef9296077d77c68ede5553d7f86f5d-07a6d335cffc72c6-01
Content-Length: 21
Content-Type: application/json; charset=utf-8
host: ondemand.us-west-1.saucelabs.com
authorization: Basic b2F1dGgtYXV0b2xhemFyZS01NThmYjpmOGQwYTRiNC1lMDU5LTRiMzktYTllYi0zNjY5NjViODg3YjE=
accept: */*

Response DefaultHttpResponse(decodeResult: success, version: HTTP/1.1)
HTTP/1.1 200 OK
content-type: application/json;charset=UTF-8
date: Fri, 12 May 2023 17:07:18 GMT
server: monocle/0.42
content-length: 15
x-request-id: a300d724-0abf-471f-8f58-cc52ae5f5079

13:07:19.897 [AsyncHttpClient-1-2] DEBUG org.asynchttpclient.netty.channel.ChannelManager -- Adding key: https://ondemand.us-west-1.saucelabs.com:443 for channel [id: 0x5d8cc613, L:/192.168.1.146:57614 - R:ondemand.us-west-1.saucelabs.com/66.85.52.224:443]
13:07:19.959 [Forwarding executeScript on session 724de05069144310a7342d95f6334a48 to remote] DEBUG org.asynchttpclient.netty.request.NettyRequestSender -- Using pooled Channel '[id: 0x5d8cc613, L:/192.168.1.146:57614 - R:ondemand.us-west-1.saucelabs.com/66.85.52.224:443]' for 'POST' to 'https://oauth-autolazare-558fb:f8d0a4b4-e059-4b39-a9eb-366965b887b1@ondemand.us-west-1.saucelabs.com:443/wd/hub/session/724de05069144310a7342d95f6334a48/execute/sync'
13:07:19.959 [Forwarding executeScript on session 724de05069144310a7342d95f6334a48 to remote] DEBUG org.asynchttpclient.netty.request.NettyRequestSender -- Using open Channel [id: 0x5d8cc613, L:/192.168.1.146:57614 - R:ondemand.us-west-1.saucelabs.com/66.85.52.224:443] for POST '/wd/hub/session/724de05069144310a7342d95f6334a48/execute/sync'
13:07:20.661 [AsyncHttpClient-1-2] DEBUG org.asynchttpclient.netty.handler.HttpHandler -- 

Request DefaultHttpRequest(decodeResult: success, version: HTTP/1.1)
POST /wd/hub/session/724de05069144310a7342d95f6334a48/execute/sync HTTP/1.1
User-Agent: selenium/4.9.0 (java windows)
traceparent: 00-80b6beb48ab9d37d92be54ca284b79d7-0889d3014110839c-01
Content-Length: 323605
Content-Type: application/json; charset=utf-8
host: ondemand.us-west-1.saucelabs.com
authorization: Basic b2F1dGgtYXV0b2xhemFyZS01NThmYjpmOGQwYTRiNC1lMDU5LTRiMzktYTllYi0zNjY5NjViODg3YjE=
accept: */*

Response DefaultHttpResponse(decodeResult: success, version: HTTP/1.1)
HTTP/1.1 200 OK
content-type: application/json;charset=UTF-8
date: Fri, 12 May 2023 17:07:19 GMT
server: monocle/0.42
content-length: 15
x-request-id: 81208a4f-2bca-4073-853b-843fc2c5fa9c

13:07:20.673 [AsyncHttpClient-1-2] DEBUG org.asynchttpclient.netty.channel.ChannelManager -- Adding key: https://ondemand.us-west-1.saucelabs.com:443 for channel [id: 0x5d8cc613, L:/192.168.1.146:57614 - R:ondemand.us-west-1.saucelabs.com/66.85.52.224:443]
13:07:20.680 [Forwarding executeScript on session 724de05069144310a7342d95f6334a48 to remote] DEBUG org.asynchttpclient.netty.request.NettyRequestSender -- Using pooled Channel '[id: 0x5d8cc613, L:/192.168.1.146:57614 - R:ondemand.us-west-1.saucelabs.com/66.85.52.224:443]' for 'POST' to 'https://oauth-autolazare-558fb:f8d0a4b4-e059-4b39-a9eb-366965b887b1@ondemand.us-west-1.saucelabs.com:443/wd/hub/session/724de05069144310a7342d95f6334a48/execute/sync'
13:07:20.680 [Forwarding executeScript on session 724de05069144310a7342d95f6334a48 to remote] DEBUG org.asynchttpclient.netty.request.NettyRequestSender -- Using open Channel [id: 0x5d8cc613, L:/192.168.1.146:57614 - R:ondemand.us-west-1.saucelabs.com/66.85.52.224:443] for POST '/wd/hub/session/724de05069144310a7342d95f6334a48/execute/sync'
13:07:20.801 [AsyncHttpClient-1-2] DEBUG org.asynchttpclient.netty.handler.HttpHandler -- 

Request DefaultHttpRequest(decodeResult: success, version: HTTP/1.1)
POST /wd/hub/session/724de05069144310a7342d95f6334a48/execute/sync HTTP/1.1
User-Agent: selenium/4.9.0 (java windows)
traceparent: 00-23ec2b92433d81237aa472f2355669b4-6aeae3f8311e090d-01
Content-Length: 85
Content-Type: application/json; charset=utf-8
host: ondemand.us-west-1.saucelabs.com
authorization: Basic b2F1dGgtYXV0b2xhemFyZS01NThmYjpmOGQwYTRiNC1lMDU5LTRiMzktYTllYi0zNjY5NjViODg3YjE=
accept: */*

Response DefaultHttpResponse(decodeResult: success, version: HTTP/1.1)
HTTP/1.1 200 OK
content-type: application/json;charset=UTF-8
date: Fri, 12 May 2023 17:07:19 GMT
server: monocle/0.42
content-length: 16
x-request-id: ecce096e-e032-4853-8f35-ac4ee1c0666c

13:07:20.801 [AsyncHttpClient-1-2] DEBUG org.asynchttpclient.netty.channel.ChannelManager -- Adding key: https://ondemand.us-west-1.saucelabs.com:443 for channel [id: 0x5d8cc613, L:/192.168.1.146:57614 - R:ondemand.us-west-1.saucelabs.com/66.85.52.224:443]
13:07:20.849 [Forwarding switchToFrame on session 724de05069144310a7342d95f6334a48 to remote] DEBUG org.asynchttpclient.netty.request.NettyRequestSender -- Using pooled Channel '[id: 0x5d8cc613, L:/192.168.1.146:57614 - R:ondemand.us-west-1.saucelabs.com/66.85.52.224:443]' for 'POST' to 'https://oauth-autolazare-558fb:f8d0a4b4-e059-4b39-a9eb-366965b887b1@ondemand.us-west-1.saucelabs.com:443/wd/hub/session/724de05069144310a7342d95f6334a48/frame'
13:07:20.849 [Forwarding switchToFrame on session 724de05069144310a7342d95f6334a48 to remote] DEBUG org.asynchttpclient.netty.request.NettyRequestSender -- Using open Channel [id: 0x5d8cc613, L:/192.168.1.146:57614 - R:ondemand.us-west-1.saucelabs.com/66.85.52.224:443] for POST '/wd/hub/session/724de05069144310a7342d95f6334a48/frame'
13:07:20.977 [AsyncHttpClient-1-2] DEBUG org.asynchttpclient.netty.handler.HttpHandler -- 

Request DefaultHttpRequest(decodeResult: success, version: HTTP/1.1)
POST /wd/hub/session/724de05069144310a7342d95f6334a48/frame HTTP/1.1
User-Agent: selenium/4.9.0 (java windows)
traceparent: 00-21913feb9ccff95d51e0159f5a8fc2e7-336380ffdc732e6f-01
Content-Length: 16
Content-Type: application/json; charset=utf-8
host: ondemand.us-west-1.saucelabs.com
authorization: Basic b2F1dGgtYXV0b2xhemFyZS01NThmYjpmOGQwYTRiNC1lMDU5LTRiMzktYTllYi0zNjY5NjViODg3YjE=
accept: */*

Response DefaultHttpResponse(decodeResult: success, version: HTTP/1.1)
HTTP/1.1 200 OK
content-type: application/json;charset=UTF-8
date: Fri, 12 May 2023 17:07:19 GMT
server: monocle/0.42
content-length: 15
x-request-id: 8b87db90-820f-4204-a931-0959d7fe5611

13:07:20.977 [AsyncHttpClient-1-2] DEBUG org.asynchttpclient.netty.channel.ChannelManager -- Adding key: https://ondemand.us-west-1.saucelabs.com:443 for channel [id: 0x5d8cc613, L:/192.168.1.146:57614 - R:ondemand.us-west-1.saucelabs.com/66.85.52.224:443]
13:07:20.977 [Forwarding executeScript on session 724de05069144310a7342d95f6334a48 to remote] DEBUG org.asynchttpclient.netty.request.NettyRequestSender -- Using pooled Channel '[id: 0x5d8cc613, L:/192.168.1.146:57614 - R:ondemand.us-west-1.saucelabs.com/66.85.52.224:443]' for 'POST' to 'https://oauth-autolazare-558fb:f8d0a4b4-e059-4b39-a9eb-366965b887b1@ondemand.us-west-1.saucelabs.com:443/wd/hub/session/724de05069144310a7342d95f6334a48/execute/sync'
13:07:20.977 [Forwarding executeScript on session 724de05069144310a7342d95f6334a48 to remote] DEBUG org.asynchttpclient.netty.request.NettyRequestSender -- Using open Channel [id: 0x5d8cc613, L:/192.168.1.146:57614 - R:ondemand.us-west-1.saucelabs.com/66.85.52.224:443] for POST '/wd/hub/session/724de05069144310a7342d95f6334a48/execute/sync'
13:07:21.560 [AsyncHttpClient-1-2] DEBUG org.asynchttpclient.netty.handler.HttpHandler -- 

Request DefaultHttpRequest(decodeResult: success, version: HTTP/1.1)
POST /wd/hub/session/724de05069144310a7342d95f6334a48/execute/sync HTTP/1.1
User-Agent: selenium/4.9.0 (java windows)
traceparent: 00-729a29764c5116043cd04a718b48c4b5-148b798541536cb7-01
Content-Length: 323605
Content-Type: application/json; charset=utf-8
host: ondemand.us-west-1.saucelabs.com
authorization: Basic b2F1dGgtYXV0b2xhemFyZS01NThmYjpmOGQwYTRiNC1lMDU5LTRiMzktYTllYi0zNjY5NjViODg3YjE=
accept: */*

Response DefaultHttpResponse(decodeResult: success, version: HTTP/1.1)
HTTP/1.1 200 OK
content-type: application/json;charset=UTF-8
date: Fri, 12 May 2023 17:07:20 GMT
server: monocle/0.42
content-length: 15
x-request-id: 3804de6c-cae6-4161-9caf-758c07a839f8

13:07:21.560 [AsyncHttpClient-1-2] DEBUG org.asynchttpclient.netty.channel.ChannelManager -- Adding key: https://ondemand.us-west-1.saucelabs.com:443 for channel [id: 0x5d8cc613, L:/192.168.1.146:57614 - R:ondemand.us-west-1.saucelabs.com/66.85.52.224:443]
13:07:21.577 [Forwarding findElements on session 724de05069144310a7342d95f6334a48 to remote] DEBUG org.asynchttpclient.netty.request.NettyRequestSender -- Using pooled Channel '[id: 0x5d8cc613, L:/192.168.1.146:57614 - R:ondemand.us-west-1.saucelabs.com/66.85.52.224:443]' for 'POST' to 'https://oauth-autolazare-558fb:f8d0a4b4-e059-4b39-a9eb-366965b887b1@ondemand.us-west-1.saucelabs.com:443/wd/hub/session/724de05069144310a7342d95f6334a48/elements'
13:07:21.577 [Forwarding findElements on session 724de05069144310a7342d95f6334a48 to remote] DEBUG org.asynchttpclient.netty.request.NettyRequestSender -- Using open Channel [id: 0x5d8cc613, L:/192.168.1.146:57614 - R:ondemand.us-west-1.saucelabs.com/66.85.52.224:443] for POST '/wd/hub/session/724de05069144310a7342d95f6334a48/elements'
13:07:21.718 [AsyncHttpClient-1-2] DEBUG org.asynchttpclient.netty.handler.HttpHandler -- 

Request DefaultHttpRequest(decodeResult: success, version: HTTP/1.1)
POST /wd/hub/session/724de05069144310a7342d95f6334a48/elements HTTP/1.1
User-Agent: selenium/4.9.0 (java windows)
traceparent: 00-86bcbb79a72478fa2fcebc0e749d3445-c3a54c697fc6b3af-01
Content-Length: 98
Content-Type: application/json; charset=utf-8
host: ondemand.us-west-1.saucelabs.com
authorization: Basic b2F1dGgtYXV0b2xhemFyZS01NThmYjpmOGQwYTRiNC1lMDU5LTRiMzktYTllYi0zNjY5NjViODg3YjE=
accept: */*

Response DefaultHttpResponse(decodeResult: success, version: HTTP/1.1)
HTTP/1.1 200 OK
content-type: application/json;charset=UTF-8
date: Fri, 12 May 2023 17:07:20 GMT
server: monocle/0.42
content-length: 891
x-request-id: 24250f91-d94b-4f1b-b818-288a3051231f

13:07:21.718 [AsyncHttpClient-1-2] DEBUG org.asynchttpclient.netty.channel.ChannelManager -- Adding key: https://ondemand.us-west-1.saucelabs.com:443 for channel [id: 0x5d8cc613, L:/192.168.1.146:57614 - R:ondemand.us-west-1.saucelabs.com/66.85.52.224:443]
13:07:21.734 [Forwarding switchToFrame on session 724de05069144310a7342d95f6334a48 to remote] DEBUG org.asynchttpclient.netty.request.NettyRequestSender -- Using pooled Channel '[id: 0x5d8cc613, L:/192.168.1.146:57614 - R:ondemand.us-west-1.saucelabs.com/66.85.52.224:443]' for 'POST' to 'https://oauth-autolazare-558fb:f8d0a4b4-e059-4b39-a9eb-366965b887b1@ondemand.us-west-1.saucelabs.com:443/wd/hub/session/724de05069144310a7342d95f6334a48/frame'
13:07:21.734 [Forwarding switchToFrame on session 724de05069144310a7342d95f6334a48 to remote] DEBUG org.asynchttpclient.netty.request.NettyRequestSender -- Using open Channel [id: 0x5d8cc613, L:/192.168.1.146:57614 - R:ondemand.us-west-1.saucelabs.com/66.85.52.224:443] for POST '/wd/hub/session/724de05069144310a7342d95f6334a48/frame'
13:07:21.898 [AsyncHttpClient-1-2] DEBUG org.asynchttpclient.netty.handler.HttpHandler -- 

Request DefaultHttpRequest(decodeResult: success, version: HTTP/1.1)
POST /wd/hub/session/724de05069144310a7342d95f6334a48/frame HTTP/1.1
User-Agent: selenium/4.9.0 (java windows)
traceparent: 00-066f52629ac738555ffce75616979a92-a111929c8ecf004f-01
Content-Length: 106
Content-Type: application/json; charset=utf-8
host: ondemand.us-west-1.saucelabs.com
authorization: Basic b2F1dGgtYXV0b2xhemFyZS01NThmYjpmOGQwYTRiNC1lMDU5LTRiMzktYTllYi0zNjY5NjViODg3YjE=
accept: */*

Response DefaultHttpResponse(decodeResult: success, version: HTTP/1.1)
HTTP/1.1 200 OK
content-type: application/json;charset=UTF-8
date: Fri, 12 May 2023 17:07:20 GMT
server: monocle/0.42
content-length: 15
x-request-id: caeac927-c247-44f0-b4fd-f3004f7d73fa

13:07:21.898 [AsyncHttpClient-1-2] DEBUG org.asynchttpclient.netty.channel.ChannelManager -- Adding key: https://ondemand.us-west-1.saucelabs.com:443 for channel [id: 0x5d8cc613, L:/192.168.1.146:57614 - R:ondemand.us-west-1.saucelabs.com/66.85.52.224:443]
13:07:21.910 [Forwarding executeScript on session 724de05069144310a7342d95f6334a48 to remote] DEBUG org.asynchttpclient.netty.request.NettyRequestSender -- Using pooled Channel '[id: 0x5d8cc613, L:/192.168.1.146:57614 - R:ondemand.us-west-1.saucelabs.com/66.85.52.224:443]' for 'POST' to 'https://oauth-autolazare-558fb:f8d0a4b4-e059-4b39-a9eb-366965b887b1@ondemand.us-west-1.saucelabs.com:443/wd/hub/session/724de05069144310a7342d95f6334a48/execute/sync'
13:07:21.910 [Forwarding executeScript on session 724de05069144310a7342d95f6334a48 to remote] DEBUG org.asynchttpclient.netty.request.NettyRequestSender -- Using open Channel [id: 0x5d8cc613, L:/192.168.1.146:57614 - R:ondemand.us-west-1.saucelabs.com/66.85.52.224:443] for POST '/wd/hub/session/724de05069144310a7342d95f6334a48/execute/sync'
13:07:22.443 [AsyncHttpClient-1-2] DEBUG org.asynchttpclient.netty.handler.HttpHandler -- 

Request DefaultHttpRequest(decodeResult: success, version: HTTP/1.1)
POST /wd/hub/session/724de05069144310a7342d95f6334a48/execute/sync HTTP/1.1
User-Agent: selenium/4.9.0 (java windows)
traceparent: 00-4593fcb2276ea04b977fd12ad0f7b760-ce10bcfce8149d9b-01
Content-Length: 323605
Content-Type: application/json; charset=utf-8
host: ondemand.us-west-1.saucelabs.com
authorization: Basic b2F1dGgtYXV0b2xhemFyZS01NThmYjpmOGQwYTRiNC1lMDU5LTRiMzktYTllYi0zNjY5NjViODg3YjE=
accept: */*

Response DefaultHttpResponse(decodeResult: success, version: HTTP/1.1)
HTTP/1.1 200 OK
content-type: application/json;charset=UTF-8
date: Fri, 12 May 2023 17:07:21 GMT
server: monocle/0.42
content-length: 15
x-request-id: 4803298c-77c5-4d02-948c-28878af672c8

13:07:22.443 [AsyncHttpClient-1-2] DEBUG org.asynchttpclient.netty.channel.ChannelManager -- Adding key: https://ondemand.us-west-1.saucelabs.com:443 for channel [id: 0x5d8cc613, L:/192.168.1.146:57614 - R:ondemand.us-west-1.saucelabs.com/66.85.52.224:443]
13:07:22.443 [Forwarding findElements on session 724de05069144310a7342d95f6334a48 to remote] DEBUG org.asynchttpclient.netty.request.NettyRequestSender -- Using pooled Channel '[id: 0x5d8cc613, L:/192.168.1.146:57614 - R:ondemand.us-west-1.saucelabs.com/66.85.52.224:443]' for 'POST' to 'https://oauth-autolazare-558fb:f8d0a4b4-e059-4b39-a9eb-366965b887b1@ondemand.us-west-1.saucelabs.com:443/wd/hub/session/724de05069144310a7342d95f6334a48/elements'
13:07:22.443 [Forwarding findElements on session 724de05069144310a7342d95f6334a48 to remote] DEBUG org.asynchttpclient.netty.request.NettyRequestSender -- Using open Channel [id: 0x5d8cc613, L:/192.168.1.146:57614 - R:ondemand.us-west-1.saucelabs.com/66.85.52.224:443] for POST '/wd/hub/session/724de05069144310a7342d95f6334a48/elements'
13:07:22.612 [AsyncHttpClient-1-2] DEBUG org.asynchttpclient.netty.handler.HttpHandler -- 

Request DefaultHttpRequest(decodeResult: success, version: HTTP/1.1)
POST /wd/hub/session/724de05069144310a7342d95f6334a48/elements HTTP/1.1
User-Agent: selenium/4.9.0 (java windows)
traceparent: 00-700431069cbf6dd3d6f8eaf031582c21-29943b868b941a68-01
Content-Length: 98
Content-Type: application/json; charset=utf-8
host: ondemand.us-west-1.saucelabs.com
authorization: Basic b2F1dGgtYXV0b2xhemFyZS01NThmYjpmOGQwYTRiNC1lMDU5LTRiMzktYTllYi0zNjY5NjViODg3YjE=
accept: */*

Response DefaultHttpResponse(decodeResult: success, version: HTTP/1.1)
HTTP/1.1 200 OK
content-type: application/json;charset=UTF-8
date: Fri, 12 May 2023 17:07:21 GMT
server: monocle/0.42
content-length: 99
x-request-id: 4ae86206-22af-49fd-88d4-f923e667df5f

13:07:22.612 [AsyncHttpClient-1-2] DEBUG org.asynchttpclient.netty.channel.ChannelManager -- Adding key: https://ondemand.us-west-1.saucelabs.com:443 for channel [id: 0x5d8cc613, L:/192.168.1.146:57614 - R:ondemand.us-west-1.saucelabs.com/66.85.52.224:443]
13:07:22.626 [Forwarding switchToFrame on session 724de05069144310a7342d95f6334a48 to remote] DEBUG org.asynchttpclient.netty.request.NettyRequestSender -- Using pooled Channel '[id: 0x5d8cc613, L:/192.168.1.146:57614 - R:ondemand.us-west-1.saucelabs.com/66.85.52.224:443]' for 'POST' to 'https://oauth-autolazare-558fb:f8d0a4b4-e059-4b39-a9eb-366965b887b1@ondemand.us-west-1.saucelabs.com:443/wd/hub/session/724de05069144310a7342d95f6334a48/frame'
13:07:22.626 [Forwarding switchToFrame on session 724de05069144310a7342d95f6334a48 to remote] DEBUG org.asynchttpclient.netty.request.NettyRequestSender -- Using open Channel [id: 0x5d8cc613, L:/192.168.1.146:57614 - R:ondemand.us-west-1.saucelabs.com/66.85.52.224:443] for POST '/wd/hub/session/724de05069144310a7342d95f6334a48/frame'
13:07:22.785 [AsyncHttpClient-1-2] DEBUG org.asynchttpclient.netty.handler.HttpHandler -- 

Request DefaultHttpRequest(decodeResult: success, version: HTTP/1.1)
POST /wd/hub/session/724de05069144310a7342d95f6334a48/frame HTTP/1.1
User-Agent: selenium/4.9.0 (java windows)
traceparent: 00-a4ab43d74bfa73f3c15b49f4e868fe75-e28a304928868b16-01
Content-Length: 106
Content-Type: application/json; charset=utf-8
host: ondemand.us-west-1.saucelabs.com
authorization: Basic b2F1dGgtYXV0b2xhemFyZS01NThmYjpmOGQwYTRiNC1lMDU5LTRiMzktYTllYi0zNjY5NjViODg3YjE=
accept: */*

Response DefaultHttpResponse(decodeResult: success, version: HTTP/1.1)
HTTP/1.1 200 OK
content-type: application/json;charset=UTF-8
date: Fri, 12 May 2023 17:07:21 GMT
server: monocle/0.42
content-length: 15
x-request-id: 3fa1cf3a-fc4d-4de7-af4a-20c2cdaa0fa6

13:07:22.785 [AsyncHttpClient-1-2] DEBUG org.asynchttpclient.netty.channel.ChannelManager -- Adding key: https://ondemand.us-west-1.saucelabs.com:443 for channel [id: 0x5d8cc613, L:/192.168.1.146:57614 - R:ondemand.us-west-1.saucelabs.com/66.85.52.224:443]
13:07:22.801 [Forwarding executeScript on session 724de05069144310a7342d95f6334a48 to remote] DEBUG org.asynchttpclient.netty.request.NettyRequestSender -- Using pooled Channel '[id: 0x5d8cc613, L:/192.168.1.146:57614 - R:ondemand.us-west-1.saucelabs.com/66.85.52.224:443]' for 'POST' to 'https://oauth-autolazare-558fb:f8d0a4b4-e059-4b39-a9eb-366965b887b1@ondemand.us-west-1.saucelabs.com:443/wd/hub/session/724de05069144310a7342d95f6334a48/execute/sync'
13:07:22.801 [Forwarding executeScript on session 724de05069144310a7342d95f6334a48 to remote] DEBUG org.asynchttpclient.netty.request.NettyRequestSender -- Using open Channel [id: 0x5d8cc613, L:/192.168.1.146:57614 - R:ondemand.us-west-1.saucelabs.com/66.85.52.224:443] for POST '/wd/hub/session/724de05069144310a7342d95f6334a48/execute/sync'
13:07:23.340 [AsyncHttpClient-1-2] DEBUG org.asynchttpclient.netty.handler.HttpHandler -- 

Request DefaultHttpRequest(decodeResult: success, version: HTTP/1.1)
POST /wd/hub/session/724de05069144310a7342d95f6334a48/execute/sync HTTP/1.1
User-Agent: selenium/4.9.0 (java windows)
traceparent: 00-9139de84dd79dc7b8f129c683b4b56b2-22177cbfacac7fa9-01
Content-Length: 323605
Content-Type: application/json; charset=utf-8
host: ondemand.us-west-1.saucelabs.com
authorization: Basic b2F1dGgtYXV0b2xhemFyZS01NThmYjpmOGQwYTRiNC1lMDU5LTRiMzktYTllYi0zNjY5NjViODg3YjE=
accept: */*

Response DefaultHttpResponse(decodeResult: success, version: HTTP/1.1)
HTTP/1.1 200 OK
content-type: application/json;charset=UTF-8
date: Fri, 12 May 2023 17:07:21 GMT
server: monocle/0.42
content-length: 15
x-request-id: d9d2cef5-b098-4da7-87c7-2ed8871d84b7

13:07:23.340 [AsyncHttpClient-1-2] DEBUG org.asynchttpclient.netty.channel.ChannelManager -- Adding key: https://ondemand.us-west-1.saucelabs.com:443 for channel [id: 0x5d8cc613, L:/192.168.1.146:57614 - R:ondemand.us-west-1.saucelabs.com/66.85.52.224:443]
13:07:23.340 [Forwarding findElements on session 724de05069144310a7342d95f6334a48 to remote] DEBUG org.asynchttpclient.netty.request.NettyRequestSender -- Using pooled Channel '[id: 0x5d8cc613, L:/192.168.1.146:57614 - R:ondemand.us-west-1.saucelabs.com/66.85.52.224:443]' for 'POST' to 'https://oauth-autolazare-558fb:f8d0a4b4-e059-4b39-a9eb-366965b887b1@ondemand.us-west-1.saucelabs.com:443/wd/hub/session/724de05069144310a7342d95f6334a48/elements'
13:07:23.340 [Forwarding findElements on session 724de05069144310a7342d95f6334a48 to remote] DEBUG org.asynchttpclient.netty.request.NettyRequestSender -- Using open Channel [id: 0x5d8cc613, L:/192.168.1.146:57614 - R:ondemand.us-west-1.saucelabs.com/66.85.52.224:443] for POST '/wd/hub/session/724de05069144310a7342d95f6334a48/elements'
13:07:23.481 [AsyncHttpClient-1-2] DEBUG org.asynchttpclient.netty.handler.HttpHandler -- 

Request DefaultHttpRequest(decodeResult: success, version: HTTP/1.1)
POST /wd/hub/session/724de05069144310a7342d95f6334a48/elements HTTP/1.1
User-Agent: selenium/4.9.0 (java windows)
traceparent: 00-55f20f934f5a22fffeda75bc07b68aa9-9a3b88a2ceb70992-01
Content-Length: 98
Content-Type: application/json; charset=utf-8
host: ondemand.us-west-1.saucelabs.com
authorization: Basic b2F1dGgtYXV0b2xhemFyZS01NThmYjpmOGQwYTRiNC1lMDU5LTRiMzktYTllYi0zNjY5NjViODg3YjE=
accept: */*

Response DefaultHttpResponse(decodeResult: success, version: HTTP/1.1)
HTTP/1.1 200 OK
content-type: application/json;charset=UTF-8
date: Fri, 12 May 2023 17:07:22 GMT
server: monocle/0.42
content-length: 13
x-request-id: af13b5cf-5950-41fe-8ded-a231ff636c04

13:07:23.481 [AsyncHttpClient-1-2] DEBUG org.asynchttpclient.netty.channel.ChannelManager -- Adding key: https://ondemand.us-west-1.saucelabs.com:443 for channel [id: 0x5d8cc613, L:/192.168.1.146:57614 - R:ondemand.us-west-1.saucelabs.com/66.85.52.224:443]
13:07:23.481 [Forwarding switchToParentFrame on session 724de05069144310a7342d95f6334a48 to remote] DEBUG org.asynchttpclient.netty.request.NettyRequestSender -- Using pooled Channel '[id: 0x5d8cc613, L:/192.168.1.146:57614 - R:ondemand.us-west-1.saucelabs.com/66.85.52.224:443]' for 'POST' to 'https://oauth-autolazare-558fb:f8d0a4b4-e059-4b39-a9eb-366965b887b1@ondemand.us-west-1.saucelabs.com:443/wd/hub/session/724de05069144310a7342d95f6334a48/frame/parent'
13:07:23.481 [Forwarding switchToParentFrame on session 724de05069144310a7342d95f6334a48 to remote] DEBUG org.asynchttpclient.netty.request.NettyRequestSender -- Using open Channel [id: 0x5d8cc613, L:/192.168.1.146:57614 - R:ondemand.us-west-1.saucelabs.com/66.85.52.224:443] for POST '/wd/hub/session/724de05069144310a7342d95f6334a48/frame/parent'
13:07:23.606 [AsyncHttpClient-1-2] DEBUG org.asynchttpclient.netty.handler.HttpHandler -- 

Request DefaultHttpRequest(decodeResult: success, version: HTTP/1.1)
POST /wd/hub/session/724de05069144310a7342d95f6334a48/frame/parent HTTP/1.1
User-Agent: selenium/4.9.0 (java windows)
traceparent: 00-f189c0aae372254532ea2ed0fe9715b5-cd1f16afa54da5fb-01
Content-Length: 3
Content-Type: application/json; charset=utf-8
host: ondemand.us-west-1.saucelabs.com
authorization: Basic b2F1dGgtYXV0b2xhemFyZS01NThmYjpmOGQwYTRiNC1lMDU5LTRiMzktYTllYi0zNjY5NjViODg3YjE=
accept: */*

Response DefaultHttpResponse(decodeResult: success, version: HTTP/1.1)
HTTP/1.1 200 OK
content-type: application/json;charset=UTF-8
date: Fri, 12 May 2023 17:07:22 GMT
server: monocle/0.42
content-length: 15
x-request-id: 1e6347eb-4d63-4ae0-b1cb-3ebf37d79f19

13:07:23.606 [AsyncHttpClient-1-2] DEBUG org.asynchttpclient.netty.channel.ChannelManager -- Adding key: https://ondemand.us-west-1.saucelabs.com:443 for channel [id: 0x5d8cc613, L:/192.168.1.146:57614 - R:ondemand.us-west-1.saucelabs.com/66.85.52.224:443]
13:07:23.609 [Forwarding switchToParentFrame on session 724de05069144310a7342d95f6334a48 to remote] DEBUG org.asynchttpclient.netty.request.NettyRequestSender -- Using pooled Channel '[id: 0x5d8cc613, L:/192.168.1.146:57614 - R:ondemand.us-west-1.saucelabs.com/66.85.52.224:443]' for 'POST' to 'https://oauth-autolazare-558fb:f8d0a4b4-e059-4b39-a9eb-366965b887b1@ondemand.us-west-1.saucelabs.com:443/wd/hub/session/724de05069144310a7342d95f6334a48/frame/parent'
13:07:23.609 [Forwarding switchToParentFrame on session 724de05069144310a7342d95f6334a48 to remote] DEBUG org.asynchttpclient.netty.request.NettyRequestSender -- Using open Channel [id: 0x5d8cc613, L:/192.168.1.146:57614 - R:ondemand.us-west-1.saucelabs.com/66.85.52.224:443] for POST '/wd/hub/session/724de05069144310a7342d95f6334a48/frame/parent'
13:07:23.732 [AsyncHttpClient-1-2] DEBUG org.asynchttpclient.netty.handler.HttpHandler -- 

Request DefaultHttpRequest(decodeResult: success, version: HTTP/1.1)
POST /wd/hub/session/724de05069144310a7342d95f6334a48/frame/parent HTTP/1.1
User-Agent: selenium/4.9.0 (java windows)
traceparent: 00-3c1a47651e24ac6a83220d07f504f2fb-b8d693e4fa5ac576-01
Content-Length: 3
Content-Type: application/json; charset=utf-8
host: ondemand.us-west-1.saucelabs.com
authorization: Basic b2F1dGgtYXV0b2xhemFyZS01NThmYjpmOGQwYTRiNC1lMDU5LTRiMzktYTllYi0zNjY5NjViODg3YjE=
accept: */*

Response DefaultHttpResponse(decodeResult: success, version: HTTP/1.1)
HTTP/1.1 200 OK
content-type: application/json;charset=UTF-8
date: Fri, 12 May 2023 17:07:22 GMT
server: monocle/0.42
content-length: 15
x-request-id: 30fa91cd-6468-4300-b4cd-86087bc1ca0a

13:07:23.732 [AsyncHttpClient-1-2] DEBUG org.asynchttpclient.netty.channel.ChannelManager -- Adding key: https://ondemand.us-west-1.saucelabs.com:443 for channel [id: 0x5d8cc613, L:/192.168.1.146:57614 - R:ondemand.us-west-1.saucelabs.com/66.85.52.224:443]
13:07:23.732 [Forwarding switchToFrame on session 724de05069144310a7342d95f6334a48 to remote] DEBUG org.asynchttpclient.netty.request.NettyRequestSender -- Using pooled Channel '[id: 0x5d8cc613, L:/192.168.1.146:57614 - R:ondemand.us-west-1.saucelabs.com/66.85.52.224:443]' for 'POST' to 'https://oauth-autolazare-558fb:f8d0a4b4-e059-4b39-a9eb-366965b887b1@ondemand.us-west-1.saucelabs.com:443/wd/hub/session/724de05069144310a7342d95f6334a48/frame'
13:07:23.732 [Forwarding switchToFrame on session 724de05069144310a7342d95f6334a48 to remote] DEBUG org.asynchttpclient.netty.request.NettyRequestSender -- Using open Channel [id: 0x5d8cc613, L:/192.168.1.146:57614 - R:ondemand.us-west-1.saucelabs.com/66.85.52.224:443] for POST '/wd/hub/session/724de05069144310a7342d95f6334a48/frame'
13:07:23.883 [AsyncHttpClient-1-2] DEBUG org.asynchttpclient.netty.handler.HttpHandler -- 

Request DefaultHttpRequest(decodeResult: success, version: HTTP/1.1)
POST /wd/hub/session/724de05069144310a7342d95f6334a48/frame HTTP/1.1
User-Agent: selenium/4.9.0 (java windows)
traceparent: 00-db3090c47e7a85d46c962911a12490ea-1bb909fb66179eb8-01
Content-Length: 106
Content-Type: application/json; charset=utf-8
host: ondemand.us-west-1.saucelabs.com
authorization: Basic b2F1dGgtYXV0b2xhemFyZS01NThmYjpmOGQwYTRiNC1lMDU5LTRiMzktYTllYi0zNjY5NjViODg3YjE=
accept: */*

Response DefaultHttpResponse(decodeResult: success, version: HTTP/1.1)
HTTP/1.1 200 OK
content-type: application/json;charset=UTF-8
date: Fri, 12 May 2023 17:07:22 GMT
server: monocle/0.42
content-length: 15
x-request-id: c507cd23-1aea-4782-b927-d5013bab0b50

13:07:23.883 [AsyncHttpClient-1-2] DEBUG org.asynchttpclient.netty.channel.ChannelManager -- Adding key: https://ondemand.us-west-1.saucelabs.com:443 for channel [id: 0x5d8cc613, L:/192.168.1.146:57614 - R:ondemand.us-west-1.saucelabs.com/66.85.52.224:443]
13:07:23.883 [Forwarding executeScript on session 724de05069144310a7342d95f6334a48 to remote] DEBUG org.asynchttpclient.netty.request.NettyRequestSender -- Using pooled Channel '[id: 0x5d8cc613, L:/192.168.1.146:57614 - R:ondemand.us-west-1.saucelabs.com/66.85.52.224:443]' for 'POST' to 'https://oauth-autolazare-558fb:f8d0a4b4-e059-4b39-a9eb-366965b887b1@ondemand.us-west-1.saucelabs.com:443/wd/hub/session/724de05069144310a7342d95f6334a48/execute/sync'
13:07:23.883 [Forwarding executeScript on session 724de05069144310a7342d95f6334a48 to remote] DEBUG org.asynchttpclient.netty.request.NettyRequestSender -- Using open Channel [id: 0x5d8cc613, L:/192.168.1.146:57614 - R:ondemand.us-west-1.saucelabs.com/66.85.52.224:443] for POST '/wd/hub/session/724de05069144310a7342d95f6334a48/execute/sync'
13:07:24.402 [AsyncHttpClient-1-2] DEBUG org.asynchttpclient.netty.handler.HttpHandler -- 

Request DefaultHttpRequest(decodeResult: success, version: HTTP/1.1)
POST /wd/hub/session/724de05069144310a7342d95f6334a48/execute/sync HTTP/1.1
User-Agent: selenium/4.9.0 (java windows)
traceparent: 00-31dc50da893b7f539e5483431784ed09-08023910fb8c65f5-01
Content-Length: 323605
Content-Type: application/json; charset=utf-8
host: ondemand.us-west-1.saucelabs.com
authorization: Basic b2F1dGgtYXV0b2xhemFyZS01NThmYjpmOGQwYTRiNC1lMDU5LTRiMzktYTllYi0zNjY5NjViODg3YjE=
accept: */*

Response DefaultHttpResponse(decodeResult: success, version: HTTP/1.1)
HTTP/1.1 200 OK
content-type: application/json;charset=UTF-8
date: Fri, 12 May 2023 17:07:23 GMT
server: monocle/0.42
content-length: 15
x-request-id: e2bae1b8-d3c8-4708-98c1-09efa82b2d2f

13:07:24.402 [AsyncHttpClient-1-2] DEBUG org.asynchttpclient.netty.channel.ChannelManager -- Adding key: https://ondemand.us-west-1.saucelabs.com:443 for channel [id: 0x5d8cc613, L:/192.168.1.146:57614 - R:ondemand.us-west-1.saucelabs.com/66.85.52.224:443]
13:07:24.402 [Forwarding findElements on session 724de05069144310a7342d95f6334a48 to remote] DEBUG org.asynchttpclient.netty.request.NettyRequestSender -- Using pooled Channel '[id: 0x5d8cc613, L:/192.168.1.146:57614 - R:ondemand.us-west-1.saucelabs.com/66.85.52.224:443]' for 'POST' to 'https://oauth-autolazare-558fb:f8d0a4b4-e059-4b39-a9eb-366965b887b1@ondemand.us-west-1.saucelabs.com:443/wd/hub/session/724de05069144310a7342d95f6334a48/elements'
13:07:24.402 [Forwarding findElements on session 724de05069144310a7342d95f6334a48 to remote] DEBUG org.asynchttpclient.netty.request.NettyRequestSender -- Using open Channel [id: 0x5d8cc613, L:/192.168.1.146:57614 - R:ondemand.us-west-1.saucelabs.com/66.85.52.224:443] for POST '/wd/hub/session/724de05069144310a7342d95f6334a48/elements'
13:07:24.564 [AsyncHttpClient-1-2] DEBUG org.asynchttpclient.netty.handler.HttpHandler -- 

Request DefaultHttpRequest(decodeResult: success, version: HTTP/1.1)
POST /wd/hub/session/724de05069144310a7342d95f6334a48/elements HTTP/1.1
User-Agent: selenium/4.9.0 (java windows)
traceparent: 00-8e4c5d723e8204cbe3acf8bb79b36d96-57deb3e1046810e1-01
Content-Length: 98
Content-Type: application/json; charset=utf-8
host: ondemand.us-west-1.saucelabs.com
authorization: Basic b2F1dGgtYXV0b2xhemFyZS01NThmYjpmOGQwYTRiNC1lMDU5LTRiMzktYTllYi0zNjY5NjViODg3YjE=
accept: */*

Response DefaultHttpResponse(decodeResult: success, version: HTTP/1.1)
HTTP/1.1 200 OK
content-type: application/json;charset=UTF-8
date: Fri, 12 May 2023 17:07:23 GMT
server: monocle/0.42
content-length: 187
x-request-id: 0605ddb7-d2e9-4334-9f06-55b6c6f08c55

13:07:24.564 [AsyncHttpClient-1-2] DEBUG org.asynchttpclient.netty.channel.ChannelManager -- Adding key: https://ondemand.us-west-1.saucelabs.com:443 for channel [id: 0x5d8cc613, L:/192.168.1.146:57614 - R:ondemand.us-west-1.saucelabs.com/66.85.52.224:443]
13:07:24.566 [Forwarding switchToFrame on session 724de05069144310a7342d95f6334a48 to remote] DEBUG org.asynchttpclient.netty.request.NettyRequestSender -- Using pooled Channel '[id: 0x5d8cc613, L:/192.168.1.146:57614 - R:ondemand.us-west-1.saucelabs.com/66.85.52.224:443]' for 'POST' to 'https://oauth-autolazare-558fb:f8d0a4b4-e059-4b39-a9eb-366965b887b1@ondemand.us-west-1.saucelabs.com:443/wd/hub/session/724de05069144310a7342d95f6334a48/frame'
13:07:24.566 [Forwarding switchToFrame on session 724de05069144310a7342d95f6334a48 to remote] DEBUG org.asynchttpclient.netty.request.NettyRequestSender -- Using open Channel [id: 0x5d8cc613, L:/192.168.1.146:57614 - R:ondemand.us-west-1.saucelabs.com/66.85.52.224:443] for POST '/wd/hub/session/724de05069144310a7342d95f6334a48/frame'
13:07:25.329 [AsyncHttpClient-1-2] DEBUG org.asynchttpclient.netty.handler.HttpHandler -- 

Request DefaultHttpRequest(decodeResult: success, version: HTTP/1.1)
POST /wd/hub/session/724de05069144310a7342d95f6334a48/frame HTTP/1.1
User-Agent: selenium/4.9.0 (java windows)
traceparent: 00-73a7b9494576d6187f51c5e467e3a7ba-e292043ed1033fe0-01
Content-Length: 106
Content-Type: application/json; charset=utf-8
host: ondemand.us-west-1.saucelabs.com
authorization: Basic b2F1dGgtYXV0b2xhemFyZS01NThmYjpmOGQwYTRiNC1lMDU5LTRiMzktYTllYi0zNjY5NjViODg3YjE=
accept: */*

Response DefaultHttpResponse(decodeResult: success, version: HTTP/1.1)
HTTP/1.1 200 OK
content-type: application/json;charset=UTF-8
date: Fri, 12 May 2023 17:07:23 GMT
server: monocle/0.42
content-length: 15
x-request-id: f4799f29-5bfb-45d0-96a7-36da972ed033

13:07:25.329 [AsyncHttpClient-1-2] DEBUG org.asynchttpclient.netty.channel.ChannelManager -- Adding key: https://ondemand.us-west-1.saucelabs.com:443 for channel [id: 0x5d8cc613, L:/192.168.1.146:57614 - R:ondemand.us-west-1.saucelabs.com/66.85.52.224:443]
13:07:25.345 [Forwarding executeScript on session 724de05069144310a7342d95f6334a48 to remote] DEBUG org.asynchttpclient.netty.request.NettyRequestSender -- Using pooled Channel '[id: 0x5d8cc613, L:/192.168.1.146:57614 - R:ondemand.us-west-1.saucelabs.com/66.85.52.224:443]' for 'POST' to 'https://oauth-autolazare-558fb:f8d0a4b4-e059-4b39-a9eb-366965b887b1@ondemand.us-west-1.saucelabs.com:443/wd/hub/session/724de05069144310a7342d95f6334a48/execute/sync'
13:07:25.345 [Forwarding executeScript on session 724de05069144310a7342d95f6334a48 to remote] DEBUG org.asynchttpclient.netty.request.NettyRequestSender -- Using open Channel [id: 0x5d8cc613, L:/192.168.1.146:57614 - R:ondemand.us-west-1.saucelabs.com/66.85.52.224:443] for POST '/wd/hub/session/724de05069144310a7342d95f6334a48/execute/sync'
13:07:25.945 [AsyncHttpClient-1-2] DEBUG org.asynchttpclient.netty.handler.HttpHandler -- 

Request DefaultHttpRequest(decodeResult: success, version: HTTP/1.1)
POST /wd/hub/session/724de05069144310a7342d95f6334a48/execute/sync HTTP/1.1
User-Agent: selenium/4.9.0 (java windows)
traceparent: 00-9f0cbfafe73cdbba3315da4f49b83dd4-998c6f81dd7c2bd5-01
Content-Length: 323605
Content-Type: application/json; charset=utf-8
host: ondemand.us-west-1.saucelabs.com
authorization: Basic b2F1dGgtYXV0b2xhemFyZS01NThmYjpmOGQwYTRiNC1lMDU5LTRiMzktYTllYi0zNjY5NjViODg3YjE=
accept: */*

Response DefaultHttpResponse(decodeResult: success, version: HTTP/1.1)
HTTP/1.1 200 OK
content-type: application/json;charset=UTF-8
date: Fri, 12 May 2023 17:07:24 GMT
server: monocle/0.42
content-length: 15
x-request-id: 825d9c19-edf2-4016-9ed6-114ad07bac7c

13:07:25.945 [AsyncHttpClient-1-2] DEBUG org.asynchttpclient.netty.channel.ChannelManager -- Adding key: https://ondemand.us-west-1.saucelabs.com:443 for channel [id: 0x5d8cc613, L:/192.168.1.146:57614 - R:ondemand.us-west-1.saucelabs.com/66.85.52.224:443]
13:07:25.961 [Forwarding findElements on session 724de05069144310a7342d95f6334a48 to remote] DEBUG org.asynchttpclient.netty.request.NettyRequestSender -- Using pooled Channel '[id: 0x5d8cc613, L:/192.168.1.146:57614 - R:ondemand.us-west-1.saucelabs.com/66.85.52.224:443]' for 'POST' to 'https://oauth-autolazare-558fb:f8d0a4b4-e059-4b39-a9eb-366965b887b1@ondemand.us-west-1.saucelabs.com:443/wd/hub/session/724de05069144310a7342d95f6334a48/elements'
13:07:25.961 [Forwarding findElements on session 724de05069144310a7342d95f6334a48 to remote] DEBUG org.asynchttpclient.netty.request.NettyRequestSender -- Using open Channel [id: 0x5d8cc613, L:/192.168.1.146:57614 - R:ondemand.us-west-1.saucelabs.com/66.85.52.224:443] for POST '/wd/hub/session/724de05069144310a7342d95f6334a48/elements'
13:07:26.088 [AsyncHttpClient-1-2] DEBUG org.asynchttpclient.netty.handler.HttpHandler -- 

Request DefaultHttpRequest(decodeResult: success, version: HTTP/1.1)
POST /wd/hub/session/724de05069144310a7342d95f6334a48/elements HTTP/1.1
User-Agent: selenium/4.9.0 (java windows)
traceparent: 00-af314293eb7d679b5d5ac434feb3e03d-dea6a2e276faa25d-01
Content-Length: 98
Content-Type: application/json; charset=utf-8
host: ondemand.us-west-1.saucelabs.com
authorization: Basic b2F1dGgtYXV0b2xhemFyZS01NThmYjpmOGQwYTRiNC1lMDU5LTRiMzktYTllYi0zNjY5NjViODg3YjE=
accept: */*

Response DefaultHttpResponse(decodeResult: success, version: HTTP/1.1)
HTTP/1.1 200 OK
content-type: application/json;charset=UTF-8
date: Fri, 12 May 2023 17:07:24 GMT
server: monocle/0.42
content-length: 13
x-request-id: 16540adb-7c8f-4a0e-92a0-318e2c38a9ab

13:07:26.104 [AsyncHttpClient-1-2] DEBUG org.asynchttpclient.netty.channel.ChannelManager -- Adding key: https://ondemand.us-west-1.saucelabs.com:443 for channel [id: 0x5d8cc613, L:/192.168.1.146:57614 - R:ondemand.us-west-1.saucelabs.com/66.85.52.224:443]
13:07:26.105 [Forwarding switchToParentFrame on session 724de05069144310a7342d95f6334a48 to remote] DEBUG org.asynchttpclient.netty.request.NettyRequestSender -- Using pooled Channel '[id: 0x5d8cc613, L:/192.168.1.146:57614 - R:ondemand.us-west-1.saucelabs.com/66.85.52.224:443]' for 'POST' to 'https://oauth-autolazare-558fb:f8d0a4b4-e059-4b39-a9eb-366965b887b1@ondemand.us-west-1.saucelabs.com:443/wd/hub/session/724de05069144310a7342d95f6334a48/frame/parent'
13:07:26.105 [Forwarding switchToParentFrame on session 724de05069144310a7342d95f6334a48 to remote] DEBUG org.asynchttpclient.netty.request.NettyRequestSender -- Using open Channel [id: 0x5d8cc613, L:/192.168.1.146:57614 - R:ondemand.us-west-1.saucelabs.com/66.85.52.224:443] for POST '/wd/hub/session/724de05069144310a7342d95f6334a48/frame/parent'
13:07:26.245 [AsyncHttpClient-1-2] DEBUG org.asynchttpclient.netty.handler.HttpHandler -- 

Request DefaultHttpRequest(decodeResult: success, version: HTTP/1.1)
POST /wd/hub/session/724de05069144310a7342d95f6334a48/frame/parent HTTP/1.1
User-Agent: selenium/4.9.0 (java windows)
traceparent: 00-646878213de97011be5a37e2442f9643-2a83755fb5fd9584-01
Content-Length: 3
Content-Type: application/json; charset=utf-8
host: ondemand.us-west-1.saucelabs.com
authorization: Basic b2F1dGgtYXV0b2xhemFyZS01NThmYjpmOGQwYTRiNC1lMDU5LTRiMzktYTllYi0zNjY5NjViODg3YjE=
accept: */*

Response DefaultHttpResponse(decodeResult: success, version: HTTP/1.1)
HTTP/1.1 200 OK
content-type: application/json;charset=UTF-8
date: Fri, 12 May 2023 17:07:24 GMT
server: monocle/0.42
content-length: 15
x-request-id: 7aa3a7bc-db67-44c0-b0dc-bc4a18dc86d2

13:07:26.245 [AsyncHttpClient-1-2] DEBUG org.asynchttpclient.netty.channel.ChannelManager -- Adding key: https://ondemand.us-west-1.saucelabs.com:443 for channel [id: 0x5d8cc613, L:/192.168.1.146:57614 - R:ondemand.us-west-1.saucelabs.com/66.85.52.224:443]
13:07:26.245 [Forwarding switchToFrame on session 724de05069144310a7342d95f6334a48 to remote] DEBUG org.asynchttpclient.netty.request.NettyRequestSender -- Using pooled Channel '[id: 0x5d8cc613, L:/192.168.1.146:57614 - R:ondemand.us-west-1.saucelabs.com/66.85.52.224:443]' for 'POST' to 'https://oauth-autolazare-558fb:f8d0a4b4-e059-4b39-a9eb-366965b887b1@ondemand.us-west-1.saucelabs.com:443/wd/hub/session/724de05069144310a7342d95f6334a48/frame'
13:07:26.245 [Forwarding switchToFrame on session 724de05069144310a7342d95f6334a48 to remote] DEBUG org.asynchttpclient.netty.request.NettyRequestSender -- Using open Channel [id: 0x5d8cc613, L:/192.168.1.146:57614 - R:ondemand.us-west-1.saucelabs.com/66.85.52.224:443] for POST '/wd/hub/session/724de05069144310a7342d95f6334a48/frame'
13:07:26.391 [AsyncHttpClient-1-2] DEBUG org.asynchttpclient.netty.handler.HttpHandler -- 

Request DefaultHttpRequest(decodeResult: success, version: HTTP/1.1)
POST /wd/hub/session/724de05069144310a7342d95f6334a48/frame HTTP/1.1
User-Agent: selenium/4.9.0 (java windows)
traceparent: 00-2b28cbe12858ab3d40f80351db24374b-09e815cac7773ec7-01
Content-Length: 106
Content-Type: application/json; charset=utf-8
host: ondemand.us-west-1.saucelabs.com
authorization: Basic b2F1dGgtYXV0b2xhemFyZS01NThmYjpmOGQwYTRiNC1lMDU5LTRiMzktYTllYi0zNjY5NjViODg3YjE=
accept: */*

Response DefaultHttpResponse(decodeResult: success, version: HTTP/1.1)
HTTP/1.1 200 OK
content-type: application/json;charset=UTF-8
date: Fri, 12 May 2023 17:07:25 GMT
server: monocle/0.42
content-length: 15
x-request-id: c16f5500-3ae8-4f9b-8b89-decef293fa1a

13:07:26.391 [AsyncHttpClient-1-2] DEBUG org.asynchttpclient.netty.channel.ChannelManager -- Adding key: https://ondemand.us-west-1.saucelabs.com:443 for channel [id: 0x5d8cc613, L:/192.168.1.146:57614 - R:ondemand.us-west-1.saucelabs.com/66.85.52.224:443]
13:07:26.391 [Forwarding executeScript on session 724de05069144310a7342d95f6334a48 to remote] DEBUG org.asynchttpclient.netty.request.NettyRequestSender -- Using pooled Channel '[id: 0x5d8cc613, L:/192.168.1.146:57614 - R:ondemand.us-west-1.saucelabs.com/66.85.52.224:443]' for 'POST' to 'https://oauth-autolazare-558fb:f8d0a4b4-e059-4b39-a9eb-366965b887b1@ondemand.us-west-1.saucelabs.com:443/wd/hub/session/724de05069144310a7342d95f6334a48/execute/sync'
13:07:26.391 [Forwarding executeScript on session 724de05069144310a7342d95f6334a48 to remote] DEBUG org.asynchttpclient.netty.request.NettyRequestSender -- Using open Channel [id: 0x5d8cc613, L:/192.168.1.146:57614 - R:ondemand.us-west-1.saucelabs.com/66.85.52.224:443] for POST '/wd/hub/session/724de05069144310a7342d95f6334a48/execute/sync'
13:07:26.914 [AsyncHttpClient-1-2] DEBUG org.asynchttpclient.netty.handler.HttpHandler -- 

Request DefaultHttpRequest(decodeResult: success, version: HTTP/1.1)
POST /wd/hub/session/724de05069144310a7342d95f6334a48/execute/sync HTTP/1.1
User-Agent: selenium/4.9.0 (java windows)
traceparent: 00-2615f95f0135c3ca6327279b86269df3-8eeb2c8d445cff92-01
Content-Length: 323605
Content-Type: application/json; charset=utf-8
host: ondemand.us-west-1.saucelabs.com
authorization: Basic b2F1dGgtYXV0b2xhemFyZS01NThmYjpmOGQwYTRiNC1lMDU5LTRiMzktYTllYi0zNjY5NjViODg3YjE=
accept: */*

Response DefaultHttpResponse(decodeResult: success, version: HTTP/1.1)
HTTP/1.1 200 OK
content-type: application/json;charset=UTF-8
date: Fri, 12 May 2023 17:07:25 GMT
server: monocle/0.42
content-length: 15
x-request-id: 21dbb840-a8af-4c52-8638-15a30286fb48

13:07:26.914 [AsyncHttpClient-1-2] DEBUG org.asynchttpclient.netty.channel.ChannelManager -- Adding key: https://ondemand.us-west-1.saucelabs.com:443 for channel [id: 0x5d8cc613, L:/192.168.1.146:57614 - R:ondemand.us-west-1.saucelabs.com/66.85.52.224:443]
13:07:26.929 [Forwarding findElements on session 724de05069144310a7342d95f6334a48 to remote] DEBUG org.asynchttpclient.netty.request.NettyRequestSender -- Using pooled Channel '[id: 0x5d8cc613, L:/192.168.1.146:57614 - R:ondemand.us-west-1.saucelabs.com/66.85.52.224:443]' for 'POST' to 'https://oauth-autolazare-558fb:f8d0a4b4-e059-4b39-a9eb-366965b887b1@ondemand.us-west-1.saucelabs.com:443/wd/hub/session/724de05069144310a7342d95f6334a48/elements'
13:07:26.929 [Forwarding findElements on session 724de05069144310a7342d95f6334a48 to remote] DEBUG org.asynchttpclient.netty.request.NettyRequestSender -- Using open Channel [id: 0x5d8cc613, L:/192.168.1.146:57614 - R:ondemand.us-west-1.saucelabs.com/66.85.52.224:443] for POST '/wd/hub/session/724de05069144310a7342d95f6334a48/elements'
13:07:28.385 [AsyncHttpClient-1-2] DEBUG org.asynchttpclient.netty.handler.HttpHandler -- 

Request DefaultHttpRequest(decodeResult: success, version: HTTP/1.1)
POST /wd/hub/session/724de05069144310a7342d95f6334a48/elements HTTP/1.1
User-Agent: selenium/4.9.0 (java windows)
traceparent: 00-446de038642b6bac0d7aaaeac3740ead-7fe055e5c90a02a9-01
Content-Length: 98
Content-Type: application/json; charset=utf-8
host: ondemand.us-west-1.saucelabs.com
authorization: Basic b2F1dGgtYXV0b2xhemFyZS01NThmYjpmOGQwYTRiNC1lMDU5LTRiMzktYTllYi0zNjY5NjViODg3YjE=
accept: */*

Response DefaultHttpResponse(decodeResult: success, version: HTTP/1.1)
HTTP/1.1 200 OK
content-type: application/json;charset=UTF-8
date: Fri, 12 May 2023 17:07:25 GMT
server: monocle/0.42
content-length: 13
x-request-id: 186293c6-3942-44e7-88b8-ef983872b737

13:07:28.385 [AsyncHttpClient-1-2] DEBUG org.asynchttpclient.netty.channel.ChannelManager -- Adding key: https://ondemand.us-west-1.saucelabs.com:443 for channel [id: 0x5d8cc613, L:/192.168.1.146:57614 - R:ondemand.us-west-1.saucelabs.com/66.85.52.224:443]
13:07:28.385 [Forwarding switchToParentFrame on session 724de05069144310a7342d95f6334a48 to remote] DEBUG org.asynchttpclient.netty.request.NettyRequestSender -- Using pooled Channel '[id: 0x5d8cc613, L:/192.168.1.146:57614 - R:ondemand.us-west-1.saucelabs.com/66.85.52.224:443]' for 'POST' to 'https://oauth-autolazare-558fb:f8d0a4b4-e059-4b39-a9eb-366965b887b1@ondemand.us-west-1.saucelabs.com:443/wd/hub/session/724de05069144310a7342d95f6334a48/frame/parent'
13:07:28.385 [Forwarding switchToParentFrame on session 724de05069144310a7342d95f6334a48 to remote] DEBUG org.asynchttpclient.netty.request.NettyRequestSender -- Using open Channel [id: 0x5d8cc613, L:/192.168.1.146:57614 - R:ondemand.us-west-1.saucelabs.com/66.85.52.224:443] for POST '/wd/hub/session/724de05069144310a7342d95f6334a48/frame/parent'
13:07:28.514 [AsyncHttpClient-1-2] DEBUG org.asynchttpclient.netty.handler.HttpHandler -- 

Request DefaultHttpRequest(decodeResult: success, version: HTTP/1.1)
POST /wd/hub/session/724de05069144310a7342d95f6334a48/frame/parent HTTP/1.1
User-Agent: selenium/4.9.0 (java windows)
traceparent: 00-bcbf72bf86686d72a1c3027a83768a20-5b210806d952bd2b-01
Content-Length: 3
Content-Type: application/json; charset=utf-8
host: ondemand.us-west-1.saucelabs.com
authorization: Basic b2F1dGgtYXV0b2xhemFyZS01NThmYjpmOGQwYTRiNC1lMDU5LTRiMzktYTllYi0zNjY5NjViODg3YjE=
accept: */*

Response DefaultHttpResponse(decodeResult: success, version: HTTP/1.1)
HTTP/1.1 200 OK
content-type: application/json;charset=UTF-8
date: Fri, 12 May 2023 17:07:27 GMT
server: monocle/0.42
content-length: 15
x-request-id: e727506d-7e83-4ea4-829f-5914fc88416a

13:07:28.514 [AsyncHttpClient-1-2] DEBUG org.asynchttpclient.netty.channel.ChannelManager -- Adding key: https://ondemand.us-west-1.saucelabs.com:443 for channel [id: 0x5d8cc613, L:/192.168.1.146:57614 - R:ondemand.us-west-1.saucelabs.com/66.85.52.224:443]
13:07:28.514 [Forwarding switchToParentFrame on session 724de05069144310a7342d95f6334a48 to remote] DEBUG org.asynchttpclient.netty.request.NettyRequestSender -- Using pooled Channel '[id: 0x5d8cc613, L:/192.168.1.146:57614 - R:ondemand.us-west-1.saucelabs.com/66.85.52.224:443]' for 'POST' to 'https://oauth-autolazare-558fb:f8d0a4b4-e059-4b39-a9eb-366965b887b1@ondemand.us-west-1.saucelabs.com:443/wd/hub/session/724de05069144310a7342d95f6334a48/frame/parent'
13:07:28.514 [Forwarding switchToParentFrame on session 724de05069144310a7342d95f6334a48 to remote] DEBUG org.asynchttpclient.netty.request.NettyRequestSender -- Using open Channel [id: 0x5d8cc613, L:/192.168.1.146:57614 - R:ondemand.us-west-1.saucelabs.com/66.85.52.224:443] for POST '/wd/hub/session/724de05069144310a7342d95f6334a48/frame/parent'
13:07:28.654 [AsyncHttpClient-1-2] DEBUG org.asynchttpclient.netty.handler.HttpHandler -- 

Request DefaultHttpRequest(decodeResult: success, version: HTTP/1.1)
POST /wd/hub/session/724de05069144310a7342d95f6334a48/frame/parent HTTP/1.1
User-Agent: selenium/4.9.0 (java windows)
traceparent: 00-f4413a3c99e8714bb6727a63b08efba2-8764c8bfd2383498-01
Content-Length: 3
Content-Type: application/json; charset=utf-8
host: ondemand.us-west-1.saucelabs.com
authorization: Basic b2F1dGgtYXV0b2xhemFyZS01NThmYjpmOGQwYTRiNC1lMDU5LTRiMzktYTllYi0zNjY5NjViODg3YjE=
accept: */*

Response DefaultHttpResponse(decodeResult: success, version: HTTP/1.1)
HTTP/1.1 200 OK
content-type: application/json;charset=UTF-8
date: Fri, 12 May 2023 17:07:27 GMT
server: monocle/0.42
content-length: 15
x-request-id: fc6224b7-9d33-4d3a-abb0-b469e86c5fce

13:07:28.654 [AsyncHttpClient-1-2] DEBUG org.asynchttpclient.netty.channel.ChannelManager -- Adding key: https://ondemand.us-west-1.saucelabs.com:443 for channel [id: 0x5d8cc613, L:/192.168.1.146:57614 - R:ondemand.us-west-1.saucelabs.com/66.85.52.224:443]
13:07:28.670 [Forwarding switchToFrame on session 724de05069144310a7342d95f6334a48 to remote] DEBUG org.asynchttpclient.netty.request.NettyRequestSender -- Using pooled Channel '[id: 0x5d8cc613, L:/192.168.1.146:57614 - R:ondemand.us-west-1.saucelabs.com/66.85.52.224:443]' for 'POST' to 'https://oauth-autolazare-558fb:f8d0a4b4-e059-4b39-a9eb-366965b887b1@ondemand.us-west-1.saucelabs.com:443/wd/hub/session/724de05069144310a7342d95f6334a48/frame'
13:07:28.670 [Forwarding switchToFrame on session 724de05069144310a7342d95f6334a48 to remote] DEBUG org.asynchttpclient.netty.request.NettyRequestSender -- Using open Channel [id: 0x5d8cc613, L:/192.168.1.146:57614 - R:ondemand.us-west-1.saucelabs.com/66.85.52.224:443] for POST '/wd/hub/session/724de05069144310a7342d95f6334a48/frame'
13:07:28.813 [AsyncHttpClient-1-2] DEBUG org.asynchttpclient.netty.handler.HttpHandler -- 

Request DefaultHttpRequest(decodeResult: success, version: HTTP/1.1)
POST /wd/hub/session/724de05069144310a7342d95f6334a48/frame HTTP/1.1
User-Agent: selenium/4.9.0 (java windows)
traceparent: 00-8a66164cae26fa1b70da5a2936bc3308-73bb1d4557dff62c-01
Content-Length: 106
Content-Type: application/json; charset=utf-8
host: ondemand.us-west-1.saucelabs.com
authorization: Basic b2F1dGgtYXV0b2xhemFyZS01NThmYjpmOGQwYTRiNC1lMDU5LTRiMzktYTllYi0zNjY5NjViODg3YjE=
accept: */*

Response DefaultHttpResponse(decodeResult: success, version: HTTP/1.1)
HTTP/1.1 200 OK
content-type: application/json;charset=UTF-8
date: Fri, 12 May 2023 17:07:27 GMT
server: monocle/0.42
content-length: 15
x-request-id: 0824ba5d-48b6-4162-8ac5-2f9d28c79f23

13:07:28.813 [AsyncHttpClient-1-2] DEBUG org.asynchttpclient.netty.channel.ChannelManager -- Adding key: https://ondemand.us-west-1.saucelabs.com:443 for channel [id: 0x5d8cc613, L:/192.168.1.146:57614 - R:ondemand.us-west-1.saucelabs.com/66.85.52.224:443]
13:07:28.813 [Forwarding executeScript on session 724de05069144310a7342d95f6334a48 to remote] DEBUG org.asynchttpclient.netty.request.NettyRequestSender -- Using pooled Channel '[id: 0x5d8cc613, L:/192.168.1.146:57614 - R:ondemand.us-west-1.saucelabs.com/66.85.52.224:443]' for 'POST' to 'https://oauth-autolazare-558fb:f8d0a4b4-e059-4b39-a9eb-366965b887b1@ondemand.us-west-1.saucelabs.com:443/wd/hub/session/724de05069144310a7342d95f6334a48/execute/sync'
13:07:28.813 [Forwarding executeScript on session 724de05069144310a7342d95f6334a48 to remote] DEBUG org.asynchttpclient.netty.request.NettyRequestSender -- Using open Channel [id: 0x5d8cc613, L:/192.168.1.146:57614 - R:ondemand.us-west-1.saucelabs.com/66.85.52.224:443] for POST '/wd/hub/session/724de05069144310a7342d95f6334a48/execute/sync'
13:07:29.402 [AsyncHttpClient-1-2] DEBUG org.asynchttpclient.netty.handler.HttpHandler -- 

Request DefaultHttpRequest(decodeResult: success, version: HTTP/1.1)
POST /wd/hub/session/724de05069144310a7342d95f6334a48/execute/sync HTTP/1.1
User-Agent: selenium/4.9.0 (java windows)
traceparent: 00-e80893acd4b2ef8317f67fea8adc4c33-105bc6ffdb5bc2fe-01
Content-Length: 323605
Content-Type: application/json; charset=utf-8
host: ondemand.us-west-1.saucelabs.com
authorization: Basic b2F1dGgtYXV0b2xhemFyZS01NThmYjpmOGQwYTRiNC1lMDU5LTRiMzktYTllYi0zNjY5NjViODg3YjE=
accept: */*

Response DefaultHttpResponse(decodeResult: success, version: HTTP/1.1)
HTTP/1.1 200 OK
content-type: application/json;charset=UTF-8
date: Fri, 12 May 2023 17:07:27 GMT
server: monocle/0.42
content-length: 15
x-request-id: 563fdd52-23b6-4793-adf5-cf24784f8dd3

13:07:29.402 [AsyncHttpClient-1-2] DEBUG org.asynchttpclient.netty.channel.ChannelManager -- Adding key: https://ondemand.us-west-1.saucelabs.com:443 for channel [id: 0x5d8cc613, L:/192.168.1.146:57614 - R:ondemand.us-west-1.saucelabs.com/66.85.52.224:443]
13:07:29.402 [Forwarding findElements on session 724de05069144310a7342d95f6334a48 to remote] DEBUG org.asynchttpclient.netty.request.NettyRequestSender -- Using pooled Channel '[id: 0x5d8cc613, L:/192.168.1.146:57614 - R:ondemand.us-west-1.saucelabs.com/66.85.52.224:443]' for 'POST' to 'https://oauth-autolazare-558fb:f8d0a4b4-e059-4b39-a9eb-366965b887b1@ondemand.us-west-1.saucelabs.com:443/wd/hub/session/724de05069144310a7342d95f6334a48/elements'
13:07:29.402 [Forwarding findElements on session 724de05069144310a7342d95f6334a48 to remote] DEBUG org.asynchttpclient.netty.request.NettyRequestSender -- Using open Channel [id: 0x5d8cc613, L:/192.168.1.146:57614 - R:ondemand.us-west-1.saucelabs.com/66.85.52.224:443] for POST '/wd/hub/session/724de05069144310a7342d95f6334a48/elements'
13:07:29.608 [AsyncHttpClient-1-2] DEBUG org.asynchttpclient.netty.handler.HttpHandler -- 

Request DefaultHttpRequest(decodeResult: success, version: HTTP/1.1)
POST /wd/hub/session/724de05069144310a7342d95f6334a48/elements HTTP/1.1
User-Agent: selenium/4.9.0 (java windows)
traceparent: 00-dcaa2959b2112be3f7b179015cac5b03-fc7a16933e04b68d-01
Content-Length: 98
Content-Type: application/json; charset=utf-8
host: ondemand.us-west-1.saucelabs.com
authorization: Basic b2F1dGgtYXV0b2xhemFyZS01NThmYjpmOGQwYTRiNC1lMDU5LTRiMzktYTllYi0zNjY5NjViODg3YjE=
accept: */*

Response DefaultHttpResponse(decodeResult: success, version: HTTP/1.1)
HTTP/1.1 200 OK
content-type: application/json;charset=UTF-8
date: Fri, 12 May 2023 17:07:28 GMT
server: monocle/0.42
content-length: 275
x-request-id: fe258398-8b86-4783-afaa-ada53e2a41e4

13:07:29.608 [AsyncHttpClient-1-2] DEBUG org.asynchttpclient.netty.channel.ChannelManager -- Adding key: https://ondemand.us-west-1.saucelabs.com:443 for channel [id: 0x5d8cc613, L:/192.168.1.146:57614 - R:ondemand.us-west-1.saucelabs.com/66.85.52.224:443]
13:07:29.608 [Forwarding switchToFrame on session 724de05069144310a7342d95f6334a48 to remote] DEBUG org.asynchttpclient.netty.request.NettyRequestSender -- Using pooled Channel '[id: 0x5d8cc613, L:/192.168.1.146:57614 - R:ondemand.us-west-1.saucelabs.com/66.85.52.224:443]' for 'POST' to 'https://oauth-autolazare-558fb:f8d0a4b4-e059-4b39-a9eb-366965b887b1@ondemand.us-west-1.saucelabs.com:443/wd/hub/session/724de05069144310a7342d95f6334a48/frame'
13:07:29.608 [Forwarding switchToFrame on session 724de05069144310a7342d95f6334a48 to remote] DEBUG org.asynchttpclient.netty.request.NettyRequestSender -- Using open Channel [id: 0x5d8cc613, L:/192.168.1.146:57614 - R:ondemand.us-west-1.saucelabs.com/66.85.52.224:443] for POST '/wd/hub/session/724de05069144310a7342d95f6334a48/frame'
13:07:29.766 [AsyncHttpClient-1-2] DEBUG org.asynchttpclient.netty.handler.HttpHandler -- 

Request DefaultHttpRequest(decodeResult: success, version: HTTP/1.1)
POST /wd/hub/session/724de05069144310a7342d95f6334a48/frame HTTP/1.1
User-Agent: selenium/4.9.0 (java windows)
traceparent: 00-2f1b0e7aff54d7e49b422fc46729a8e6-a885748efa85292b-01
Content-Length: 106
Content-Type: application/json; charset=utf-8
host: ondemand.us-west-1.saucelabs.com
authorization: Basic b2F1dGgtYXV0b2xhemFyZS01NThmYjpmOGQwYTRiNC1lMDU5LTRiMzktYTllYi0zNjY5NjViODg3YjE=
accept: */*

Response DefaultHttpResponse(decodeResult: success, version: HTTP/1.1)
HTTP/1.1 200 OK
content-type: application/json;charset=UTF-8
date: Fri, 12 May 2023 17:07:28 GMT
server: monocle/0.42
content-length: 15
x-request-id: 00845f3e-76f3-4480-9d34-20def2640852

13:07:29.766 [AsyncHttpClient-1-2] DEBUG org.asynchttpclient.netty.channel.ChannelManager -- Adding key: https://ondemand.us-west-1.saucelabs.com:443 for channel [id: 0x5d8cc613, L:/192.168.1.146:57614 - R:ondemand.us-west-1.saucelabs.com/66.85.52.224:443]
13:07:29.766 [Forwarding executeScript on session 724de05069144310a7342d95f6334a48 to remote] DEBUG org.asynchttpclient.netty.request.NettyRequestSender -- Using pooled Channel '[id: 0x5d8cc613, L:/192.168.1.146:57614 - R:ondemand.us-west-1.saucelabs.com/66.85.52.224:443]' for 'POST' to 'https://oauth-autolazare-558fb:f8d0a4b4-e059-4b39-a9eb-366965b887b1@ondemand.us-west-1.saucelabs.com:443/wd/hub/session/724de05069144310a7342d95f6334a48/execute/sync'
13:07:29.766 [Forwarding executeScript on session 724de05069144310a7342d95f6334a48 to remote] DEBUG org.asynchttpclient.netty.request.NettyRequestSender -- Using open Channel [id: 0x5d8cc613, L:/192.168.1.146:57614 - R:ondemand.us-west-1.saucelabs.com/66.85.52.224:443] for POST '/wd/hub/session/724de05069144310a7342d95f6334a48/execute/sync'
13:07:30.301 [AsyncHttpClient-1-2] DEBUG org.asynchttpclient.netty.handler.HttpHandler -- 

Request DefaultHttpRequest(decodeResult: success, version: HTTP/1.1)
POST /wd/hub/session/724de05069144310a7342d95f6334a48/execute/sync HTTP/1.1
User-Agent: selenium/4.9.0 (java windows)
traceparent: 00-d5744f1ed119311ab82f8fcc1ec64c11-f1d5e469f824133f-01
Content-Length: 323605
Content-Type: application/json; charset=utf-8
host: ondemand.us-west-1.saucelabs.com
authorization: Basic b2F1dGgtYXV0b2xhemFyZS01NThmYjpmOGQwYTRiNC1lMDU5LTRiMzktYTllYi0zNjY5NjViODg3YjE=
accept: */*

Response DefaultHttpResponse(decodeResult: success, version: HTTP/1.1)
HTTP/1.1 200 OK
content-type: application/json;charset=UTF-8
date: Fri, 12 May 2023 17:07:28 GMT
server: monocle/0.42
content-length: 15
x-request-id: b478591a-007b-4703-a887-6f38783d5fb5

13:07:30.301 [AsyncHttpClient-1-2] DEBUG org.asynchttpclient.netty.channel.ChannelManager -- Adding key: https://ondemand.us-west-1.saucelabs.com:443 for channel [id: 0x5d8cc613, L:/192.168.1.146:57614 - R:ondemand.us-west-1.saucelabs.com/66.85.52.224:443]
13:07:30.301 [Forwarding findElements on session 724de05069144310a7342d95f6334a48 to remote] DEBUG org.asynchttpclient.netty.request.NettyRequestSender -- Using pooled Channel '[id: 0x5d8cc613, L:/192.168.1.146:57614 - R:ondemand.us-west-1.saucelabs.com/66.85.52.224:443]' for 'POST' to 'https://oauth-autolazare-558fb:f8d0a4b4-e059-4b39-a9eb-366965b887b1@ondemand.us-west-1.saucelabs.com:443/wd/hub/session/724de05069144310a7342d95f6334a48/elements'
13:07:30.301 [Forwarding findElements on session 724de05069144310a7342d95f6334a48 to remote] DEBUG org.asynchttpclient.netty.request.NettyRequestSender -- Using open Channel [id: 0x5d8cc613, L:/192.168.1.146:57614 - R:ondemand.us-west-1.saucelabs.com/66.85.52.224:443] for POST '/wd/hub/session/724de05069144310a7342d95f6334a48/elements'
13:07:30.445 [AsyncHttpClient-1-2] DEBUG org.asynchttpclient.netty.handler.HttpHandler -- 

Request DefaultHttpRequest(decodeResult: success, version: HTTP/1.1)
POST /wd/hub/session/724de05069144310a7342d95f6334a48/elements HTTP/1.1
User-Agent: selenium/4.9.0 (java windows)
traceparent: 00-d6dab77278c406dcd2605e5ad53a9047-d35c05ff20199c02-01
Content-Length: 98
Content-Type: application/json; charset=utf-8
host: ondemand.us-west-1.saucelabs.com
authorization: Basic b2F1dGgtYXV0b2xhemFyZS01NThmYjpmOGQwYTRiNC1lMDU5LTRiMzktYTllYi0zNjY5NjViODg3YjE=
accept: */*

Response DefaultHttpResponse(decodeResult: success, version: HTTP/1.1)
HTTP/1.1 200 OK
content-type: application/json;charset=UTF-8
date: Fri, 12 May 2023 17:07:29 GMT
server: monocle/0.42
content-length: 13
x-request-id: 546ef350-75d2-45c6-a9c7-0cc113777279

13:07:30.445 [AsyncHttpClient-1-2] DEBUG org.asynchttpclient.netty.channel.ChannelManager -- Adding key: https://ondemand.us-west-1.saucelabs.com:443 for channel [id: 0x5d8cc613, L:/192.168.1.146:57614 - R:ondemand.us-west-1.saucelabs.com/66.85.52.224:443]
13:07:30.445 [Forwarding switchToParentFrame on session 724de05069144310a7342d95f6334a48 to remote] DEBUG org.asynchttpclient.netty.request.NettyRequestSender -- Using pooled Channel '[id: 0x5d8cc613, L:/192.168.1.146:57614 - R:ondemand.us-west-1.saucelabs.com/66.85.52.224:443]' for 'POST' to 'https://oauth-autolazare-558fb:f8d0a4b4-e059-4b39-a9eb-366965b887b1@ondemand.us-west-1.saucelabs.com:443/wd/hub/session/724de05069144310a7342d95f6334a48/frame/parent'
13:07:30.445 [Forwarding switchToParentFrame on session 724de05069144310a7342d95f6334a48 to remote] DEBUG org.asynchttpclient.netty.request.NettyRequestSender -- Using open Channel [id: 0x5d8cc613, L:/192.168.1.146:57614 - R:ondemand.us-west-1.saucelabs.com/66.85.52.224:443] for POST '/wd/hub/session/724de05069144310a7342d95f6334a48/frame/parent'
13:07:30.566 [AsyncHttpClient-1-2] DEBUG org.asynchttpclient.netty.handler.HttpHandler -- 

Request DefaultHttpRequest(decodeResult: success, version: HTTP/1.1)
POST /wd/hub/session/724de05069144310a7342d95f6334a48/frame/parent HTTP/1.1
User-Agent: selenium/4.9.0 (java windows)
traceparent: 00-7acd0f305348f64b6dde68a4a065ad33-a71109ee63d8a159-01
Content-Length: 3
Content-Type: application/json; charset=utf-8
host: ondemand.us-west-1.saucelabs.com
authorization: Basic b2F1dGgtYXV0b2xhemFyZS01NThmYjpmOGQwYTRiNC1lMDU5LTRiMzktYTllYi0zNjY5NjViODg3YjE=
accept: */*

Response DefaultHttpResponse(decodeResult: success, version: HTTP/1.1)
HTTP/1.1 200 OK
content-type: application/json;charset=UTF-8
date: Fri, 12 May 2023 17:07:29 GMT
server: monocle/0.42
content-length: 15
x-request-id: 91096a47-fd98-455d-971a-6eff7d373d05

13:07:30.566 [AsyncHttpClient-1-2] DEBUG org.asynchttpclient.netty.channel.ChannelManager -- Adding key: https://ondemand.us-west-1.saucelabs.com:443 for channel [id: 0x5d8cc613, L:/192.168.1.146:57614 - R:ondemand.us-west-1.saucelabs.com/66.85.52.224:443]
13:07:30.566 [Forwarding switchToFrame on session 724de05069144310a7342d95f6334a48 to remote] DEBUG org.asynchttpclient.netty.request.NettyRequestSender -- Using pooled Channel '[id: 0x5d8cc613, L:/192.168.1.146:57614 - R:ondemand.us-west-1.saucelabs.com/66.85.52.224:443]' for 'POST' to 'https://oauth-autolazare-558fb:f8d0a4b4-e059-4b39-a9eb-366965b887b1@ondemand.us-west-1.saucelabs.com:443/wd/hub/session/724de05069144310a7342d95f6334a48/frame'
13:07:30.566 [Forwarding switchToFrame on session 724de05069144310a7342d95f6334a48 to remote] DEBUG org.asynchttpclient.netty.request.NettyRequestSender -- Using open Channel [id: 0x5d8cc613, L:/192.168.1.146:57614 - R:ondemand.us-west-1.saucelabs.com/66.85.52.224:443] for POST '/wd/hub/session/724de05069144310a7342d95f6334a48/frame'
13:07:30.723 [AsyncHttpClient-1-2] DEBUG org.asynchttpclient.netty.handler.HttpHandler -- 

Request DefaultHttpRequest(decodeResult: success, version: HTTP/1.1)
POST /wd/hub/session/724de05069144310a7342d95f6334a48/frame HTTP/1.1
User-Agent: selenium/4.9.0 (java windows)
traceparent: 00-2b517acb32a9c2fab0f9e714757e1224-218af2b6359a4196-01
Content-Length: 106
Content-Type: application/json; charset=utf-8
host: ondemand.us-west-1.saucelabs.com
authorization: Basic b2F1dGgtYXV0b2xhemFyZS01NThmYjpmOGQwYTRiNC1lMDU5LTRiMzktYTllYi0zNjY5NjViODg3YjE=
accept: */*

Response DefaultHttpResponse(decodeResult: success, version: HTTP/1.1)
HTTP/1.1 200 OK
content-type: application/json;charset=UTF-8
date: Fri, 12 May 2023 17:07:29 GMT
server: monocle/0.42
content-length: 15
x-request-id: c0a3ced6-0b29-444b-aaee-b0aba321bcca

13:07:30.723 [AsyncHttpClient-1-2] DEBUG org.asynchttpclient.netty.channel.ChannelManager -- Adding key: https://ondemand.us-west-1.saucelabs.com:443 for channel [id: 0x5d8cc613, L:/192.168.1.146:57614 - R:ondemand.us-west-1.saucelabs.com/66.85.52.224:443]
13:07:30.739 [Forwarding executeScript on session 724de05069144310a7342d95f6334a48 to remote] DEBUG org.asynchttpclient.netty.request.NettyRequestSender -- Using pooled Channel '[id: 0x5d8cc613, L:/192.168.1.146:57614 - R:ondemand.us-west-1.saucelabs.com/66.85.52.224:443]' for 'POST' to 'https://oauth-autolazare-558fb:f8d0a4b4-e059-4b39-a9eb-366965b887b1@ondemand.us-west-1.saucelabs.com:443/wd/hub/session/724de05069144310a7342d95f6334a48/execute/sync'
13:07:30.739 [Forwarding executeScript on session 724de05069144310a7342d95f6334a48 to remote] DEBUG org.asynchttpclient.netty.request.NettyRequestSender -- Using open Channel [id: 0x5d8cc613, L:/192.168.1.146:57614 - R:ondemand.us-west-1.saucelabs.com/66.85.52.224:443] for POST '/wd/hub/session/724de05069144310a7342d95f6334a48/execute/sync'
13:07:31.343 [AsyncHttpClient-1-2] DEBUG org.asynchttpclient.netty.handler.HttpHandler -- 

Request DefaultHttpRequest(decodeResult: success, version: HTTP/1.1)
POST /wd/hub/session/724de05069144310a7342d95f6334a48/execute/sync HTTP/1.1
User-Agent: selenium/4.9.0 (java windows)
traceparent: 00-617b59a1a795928a3d8c6a03270b0f44-6e8a369007eb6160-01
Content-Length: 323605
Content-Type: application/json; charset=utf-8
host: ondemand.us-west-1.saucelabs.com
authorization: Basic b2F1dGgtYXV0b2xhemFyZS01NThmYjpmOGQwYTRiNC1lMDU5LTRiMzktYTllYi0zNjY5NjViODg3YjE=
accept: */*

Response DefaultHttpResponse(decodeResult: success, version: HTTP/1.1)
HTTP/1.1 200 OK
content-type: application/json;charset=UTF-8
date: Fri, 12 May 2023 17:07:29 GMT
server: monocle/0.42
content-length: 15
x-request-id: 5585f482-84de-45dc-a696-03ddd35cef57

13:07:31.344 [AsyncHttpClient-1-2] DEBUG org.asynchttpclient.netty.channel.ChannelManager -- Adding key: https://ondemand.us-west-1.saucelabs.com:443 for channel [id: 0x5d8cc613, L:/192.168.1.146:57614 - R:ondemand.us-west-1.saucelabs.com/66.85.52.224:443]
13:07:31.356 [Forwarding findElements on session 724de05069144310a7342d95f6334a48 to remote] DEBUG org.asynchttpclient.netty.request.NettyRequestSender -- Using pooled Channel '[id: 0x5d8cc613, L:/192.168.1.146:57614 - R:ondemand.us-west-1.saucelabs.com/66.85.52.224:443]' for 'POST' to 'https://oauth-autolazare-558fb:f8d0a4b4-e059-4b39-a9eb-366965b887b1@ondemand.us-west-1.saucelabs.com:443/wd/hub/session/724de05069144310a7342d95f6334a48/elements'
13:07:31.357 [Forwarding findElements on session 724de05069144310a7342d95f6334a48 to remote] DEBUG org.asynchttpclient.netty.request.NettyRequestSender -- Using open Channel [id: 0x5d8cc613, L:/192.168.1.146:57614 - R:ondemand.us-west-1.saucelabs.com/66.85.52.224:443] for POST '/wd/hub/session/724de05069144310a7342d95f6334a48/elements'
13:07:31.492 [AsyncHttpClient-1-2] DEBUG org.asynchttpclient.netty.handler.HttpHandler -- 

Request DefaultHttpRequest(decodeResult: success, version: HTTP/1.1)
POST /wd/hub/session/724de05069144310a7342d95f6334a48/elements HTTP/1.1
User-Agent: selenium/4.9.0 (java windows)
traceparent: 00-84f8e5650c73c2a85717b6ab30d9d7f7-12ca344768445a15-01
Content-Length: 98
Content-Type: application/json; charset=utf-8
host: ondemand.us-west-1.saucelabs.com
authorization: Basic b2F1dGgtYXV0b2xhemFyZS01NThmYjpmOGQwYTRiNC1lMDU5LTRiMzktYTllYi0zNjY5NjViODg3YjE=
accept: */*

Response DefaultHttpResponse(decodeResult: success, version: HTTP/1.1)
HTTP/1.1 200 OK
content-type: application/json;charset=UTF-8
date: Fri, 12 May 2023 17:07:30 GMT
server: monocle/0.42
content-length: 13
x-request-id: f7a72547-0738-4daf-8aa5-d498a4c56a3d

13:07:31.493 [AsyncHttpClient-1-2] DEBUG org.asynchttpclient.netty.channel.ChannelManager -- Adding key: https://ondemand.us-west-1.saucelabs.com:443 for channel [id: 0x5d8cc613, L:/192.168.1.146:57614 - R:ondemand.us-west-1.saucelabs.com/66.85.52.224:443]
13:07:31.496 [Forwarding switchToParentFrame on session 724de05069144310a7342d95f6334a48 to remote] DEBUG org.asynchttpclient.netty.request.NettyRequestSender -- Using pooled Channel '[id: 0x5d8cc613, L:/192.168.1.146:57614 - R:ondemand.us-west-1.saucelabs.com/66.85.52.224:443]' for 'POST' to 'https://oauth-autolazare-558fb:f8d0a4b4-e059-4b39-a9eb-366965b887b1@ondemand.us-west-1.saucelabs.com:443/wd/hub/session/724de05069144310a7342d95f6334a48/frame/parent'
13:07:31.496 [Forwarding switchToParentFrame on session 724de05069144310a7342d95f6334a48 to remote] DEBUG org.asynchttpclient.netty.request.NettyRequestSender -- Using open Channel [id: 0x5d8cc613, L:/192.168.1.146:57614 - R:ondemand.us-west-1.saucelabs.com/66.85.52.224:443] for POST '/wd/hub/session/724de05069144310a7342d95f6334a48/frame/parent'
13:07:31.633 [AsyncHttpClient-1-2] DEBUG org.asynchttpclient.netty.handler.HttpHandler -- 

Request DefaultHttpRequest(decodeResult: success, version: HTTP/1.1)
POST /wd/hub/session/724de05069144310a7342d95f6334a48/frame/parent HTTP/1.1
User-Agent: selenium/4.9.0 (java windows)
traceparent: 00-adf6b883d16d441d79fe6250cb75f1aa-8ff9b8f50ebbe15d-01
Content-Length: 3
Content-Type: application/json; charset=utf-8
host: ondemand.us-west-1.saucelabs.com
authorization: Basic b2F1dGgtYXV0b2xhemFyZS01NThmYjpmOGQwYTRiNC1lMDU5LTRiMzktYTllYi0zNjY5NjViODg3YjE=
accept: */*

Response DefaultHttpResponse(decodeResult: success, version: HTTP/1.1)
HTTP/1.1 200 OK
content-type: application/json;charset=UTF-8
date: Fri, 12 May 2023 17:07:30 GMT
server: monocle/0.42
content-length: 15
x-request-id: 25b6e2e4-4011-49cb-a663-7f980f54234c

13:07:31.634 [AsyncHttpClient-1-2] DEBUG org.asynchttpclient.netty.channel.ChannelManager -- Adding key: https://ondemand.us-west-1.saucelabs.com:443 for channel [id: 0x5d8cc613, L:/192.168.1.146:57614 - R:ondemand.us-west-1.saucelabs.com/66.85.52.224:443]
13:07:31.637 [Forwarding switchToFrame on session 724de05069144310a7342d95f6334a48 to remote] DEBUG org.asynchttpclient.netty.request.NettyRequestSender -- Using pooled Channel '[id: 0x5d8cc613, L:/192.168.1.146:57614 - R:ondemand.us-west-1.saucelabs.com/66.85.52.224:443]' for 'POST' to 'https://oauth-autolazare-558fb:f8d0a4b4-e059-4b39-a9eb-366965b887b1@ondemand.us-west-1.saucelabs.com:443/wd/hub/session/724de05069144310a7342d95f6334a48/frame'
13:07:31.637 [Forwarding switchToFrame on session 724de05069144310a7342d95f6334a48 to remote] DEBUG org.asynchttpclient.netty.request.NettyRequestSender -- Using open Channel [id: 0x5d8cc613, L:/192.168.1.146:57614 - R:ondemand.us-west-1.saucelabs.com/66.85.52.224:443] for POST '/wd/hub/session/724de05069144310a7342d95f6334a48/frame'
13:07:31.802 [AsyncHttpClient-1-2] DEBUG org.asynchttpclient.netty.handler.HttpHandler -- 

Request DefaultHttpRequest(decodeResult: success, version: HTTP/1.1)
POST /wd/hub/session/724de05069144310a7342d95f6334a48/frame HTTP/1.1
User-Agent: selenium/4.9.0 (java windows)
traceparent: 00-10292a258159841c58db9d8106f1d4d8-a935e55cb26f28e4-01
Content-Length: 106
Content-Type: application/json; charset=utf-8
host: ondemand.us-west-1.saucelabs.com
authorization: Basic b2F1dGgtYXV0b2xhemFyZS01NThmYjpmOGQwYTRiNC1lMDU5LTRiMzktYTllYi0zNjY5NjViODg3YjE=
accept: */*

Response DefaultHttpResponse(decodeResult: success, version: HTTP/1.1)
HTTP/1.1 200 OK
content-type: application/json;charset=UTF-8
date: Fri, 12 May 2023 17:07:30 GMT
server: monocle/0.42
content-length: 15
x-request-id: 37806dcd-09cf-4114-8f47-9928512e7a8e

13:07:31.802 [AsyncHttpClient-1-2] DEBUG org.asynchttpclient.netty.channel.ChannelManager -- Adding key: https://ondemand.us-west-1.saucelabs.com:443 for channel [id: 0x5d8cc613, L:/192.168.1.146:57614 - R:ondemand.us-west-1.saucelabs.com/66.85.52.224:443]
13:07:31.808 [Forwarding executeScript on session 724de05069144310a7342d95f6334a48 to remote] DEBUG org.asynchttpclient.netty.request.NettyRequestSender -- Using pooled Channel '[id: 0x5d8cc613, L:/192.168.1.146:57614 - R:ondemand.us-west-1.saucelabs.com/66.85.52.224:443]' for 'POST' to 'https://oauth-autolazare-558fb:f8d0a4b4-e059-4b39-a9eb-366965b887b1@ondemand.us-west-1.saucelabs.com:443/wd/hub/session/724de05069144310a7342d95f6334a48/execute/sync'
13:07:31.808 [Forwarding executeScript on session 724de05069144310a7342d95f6334a48 to remote] DEBUG org.asynchttpclient.netty.request.NettyRequestSender -- Using open Channel [id: 0x5d8cc613, L:/192.168.1.146:57614 - R:ondemand.us-west-1.saucelabs.com/66.85.52.224:443] for POST '/wd/hub/session/724de05069144310a7342d95f6334a48/execute/sync'
13:07:32.329 [AsyncHttpClient-1-2] DEBUG org.asynchttpclient.netty.handler.HttpHandler -- 

Request DefaultHttpRequest(decodeResult: success, version: HTTP/1.1)
POST /wd/hub/session/724de05069144310a7342d95f6334a48/execute/sync HTTP/1.1
User-Agent: selenium/4.9.0 (java windows)
traceparent: 00-b662313deb5c1e14701a98f16938fe38-8c4db9a1faff2343-01
Content-Length: 323605
Content-Type: application/json; charset=utf-8
host: ondemand.us-west-1.saucelabs.com
authorization: Basic b2F1dGgtYXV0b2xhemFyZS01NThmYjpmOGQwYTRiNC1lMDU5LTRiMzktYTllYi0zNjY5NjViODg3YjE=
accept: */*

Response DefaultHttpResponse(decodeResult: success, version: HTTP/1.1)
HTTP/1.1 200 OK
content-type: application/json;charset=UTF-8
date: Fri, 12 May 2023 17:07:30 GMT
server: monocle/0.42
content-length: 15
x-request-id: c3779264-494a-4598-950b-7eddfca25ab1

13:07:32.329 [AsyncHttpClient-1-2] DEBUG org.asynchttpclient.netty.channel.ChannelManager -- Adding key: https://ondemand.us-west-1.saucelabs.com:443 for channel [id: 0x5d8cc613, L:/192.168.1.146:57614 - R:ondemand.us-west-1.saucelabs.com/66.85.52.224:443]
13:07:32.329 [Forwarding findElements on session 724de05069144310a7342d95f6334a48 to remote] DEBUG org.asynchttpclient.netty.request.NettyRequestSender -- Using pooled Channel '[id: 0x5d8cc613, L:/192.168.1.146:57614 - R:ondemand.us-west-1.saucelabs.com/66.85.52.224:443]' for 'POST' to 'https://oauth-autolazare-558fb:f8d0a4b4-e059-4b39-a9eb-366965b887b1@ondemand.us-west-1.saucelabs.com:443/wd/hub/session/724de05069144310a7342d95f6334a48/elements'
13:07:32.329 [Forwarding findElements on session 724de05069144310a7342d95f6334a48 to remote] DEBUG org.asynchttpclient.netty.request.NettyRequestSender -- Using open Channel [id: 0x5d8cc613, L:/192.168.1.146:57614 - R:ondemand.us-west-1.saucelabs.com/66.85.52.224:443] for POST '/wd/hub/session/724de05069144310a7342d95f6334a48/elements'
13:07:32.457 [AsyncHttpClient-1-2] DEBUG org.asynchttpclient.netty.handler.HttpHandler -- 

Request DefaultHttpRequest(decodeResult: success, version: HTTP/1.1)
POST /wd/hub/session/724de05069144310a7342d95f6334a48/elements HTTP/1.1
User-Agent: selenium/4.9.0 (java windows)
traceparent: 00-97be8683d757f3469a502fc200a502ca-1767250f8a334c92-01
Content-Length: 98
Content-Type: application/json; charset=utf-8
host: ondemand.us-west-1.saucelabs.com
authorization: Basic b2F1dGgtYXV0b2xhemFyZS01NThmYjpmOGQwYTRiNC1lMDU5LTRiMzktYTllYi0zNjY5NjViODg3YjE=
accept: */*

Response DefaultHttpResponse(decodeResult: success, version: HTTP/1.1)
HTTP/1.1 200 OK
content-type: application/json;charset=UTF-8
date: Fri, 12 May 2023 17:07:31 GMT
server: monocle/0.42
content-length: 13
x-request-id: e75827b3-1525-4c8c-85ad-228add81e35c

13:07:32.457 [AsyncHttpClient-1-2] DEBUG org.asynchttpclient.netty.channel.ChannelManager -- Adding key: https://ondemand.us-west-1.saucelabs.com:443 for channel [id: 0x5d8cc613, L:/192.168.1.146:57614 - R:ondemand.us-west-1.saucelabs.com/66.85.52.224:443]
13:07:32.457 [Forwarding switchToParentFrame on session 724de05069144310a7342d95f6334a48 to remote] DEBUG org.asynchttpclient.netty.request.NettyRequestSender -- Using pooled Channel '[id: 0x5d8cc613, L:/192.168.1.146:57614 - R:ondemand.us-west-1.saucelabs.com/66.85.52.224:443]' for 'POST' to 'https://oauth-autolazare-558fb:f8d0a4b4-e059-4b39-a9eb-366965b887b1@ondemand.us-west-1.saucelabs.com:443/wd/hub/session/724de05069144310a7342d95f6334a48/frame/parent'
13:07:32.457 [Forwarding switchToParentFrame on session 724de05069144310a7342d95f6334a48 to remote] DEBUG org.asynchttpclient.netty.request.NettyRequestSender -- Using open Channel [id: 0x5d8cc613, L:/192.168.1.146:57614 - R:ondemand.us-west-1.saucelabs.com/66.85.52.224:443] for POST '/wd/hub/session/724de05069144310a7342d95f6334a48/frame/parent'
13:07:32.585 [AsyncHttpClient-1-2] DEBUG org.asynchttpclient.netty.handler.HttpHandler -- 

Request DefaultHttpRequest(decodeResult: success, version: HTTP/1.1)
POST /wd/hub/session/724de05069144310a7342d95f6334a48/frame/parent HTTP/1.1
User-Agent: selenium/4.9.0 (java windows)
traceparent: 00-79bf988634db706f0b44bc5454e42bc9-f2facc3b619e3398-01
Content-Length: 3
Content-Type: application/json; charset=utf-8
host: ondemand.us-west-1.saucelabs.com
authorization: Basic b2F1dGgtYXV0b2xhemFyZS01NThmYjpmOGQwYTRiNC1lMDU5LTRiMzktYTllYi0zNjY5NjViODg3YjE=
accept: */*

Response DefaultHttpResponse(decodeResult: success, version: HTTP/1.1)
HTTP/1.1 200 OK
content-type: application/json;charset=UTF-8
date: Fri, 12 May 2023 17:07:31 GMT
server: monocle/0.42
content-length: 15
x-request-id: 9981031a-635e-4279-bd73-8f7bf937240b

13:07:32.585 [AsyncHttpClient-1-2] DEBUG org.asynchttpclient.netty.channel.ChannelManager -- Adding key: https://ondemand.us-west-1.saucelabs.com:443 for channel [id: 0x5d8cc613, L:/192.168.1.146:57614 - R:ondemand.us-west-1.saucelabs.com/66.85.52.224:443]
13:07:32.585 [Forwarding switchToParentFrame on session 724de05069144310a7342d95f6334a48 to remote] DEBUG org.asynchttpclient.netty.request.NettyRequestSender -- Using pooled Channel '[id: 0x5d8cc613, L:/192.168.1.146:57614 - R:ondemand.us-west-1.saucelabs.com/66.85.52.224:443]' for 'POST' to 'https://oauth-autolazare-558fb:f8d0a4b4-e059-4b39-a9eb-366965b887b1@ondemand.us-west-1.saucelabs.com:443/wd/hub/session/724de05069144310a7342d95f6334a48/frame/parent'
13:07:32.585 [Forwarding switchToParentFrame on session 724de05069144310a7342d95f6334a48 to remote] DEBUG org.asynchttpclient.netty.request.NettyRequestSender -- Using open Channel [id: 0x5d8cc613, L:/192.168.1.146:57614 - R:ondemand.us-west-1.saucelabs.com/66.85.52.224:443] for POST '/wd/hub/session/724de05069144310a7342d95f6334a48/frame/parent'
13:07:32.713 [AsyncHttpClient-1-2] DEBUG org.asynchttpclient.netty.handler.HttpHandler -- 

Request DefaultHttpRequest(decodeResult: success, version: HTTP/1.1)
POST /wd/hub/session/724de05069144310a7342d95f6334a48/frame/parent HTTP/1.1
User-Agent: selenium/4.9.0 (java windows)
traceparent: 00-b17797730efff6e967c70111761429b2-9130966825f24a1b-01
Content-Length: 3
Content-Type: application/json; charset=utf-8
host: ondemand.us-west-1.saucelabs.com
authorization: Basic b2F1dGgtYXV0b2xhemFyZS01NThmYjpmOGQwYTRiNC1lMDU5LTRiMzktYTllYi0zNjY5NjViODg3YjE=
accept: */*

Response DefaultHttpResponse(decodeResult: success, version: HTTP/1.1)
HTTP/1.1 200 OK
content-type: application/json;charset=UTF-8
date: Fri, 12 May 2023 17:07:31 GMT
server: monocle/0.42
content-length: 15
x-request-id: 1b0d0c44-a927-4ae3-b51c-1fdf960b2dff

13:07:32.713 [AsyncHttpClient-1-2] DEBUG org.asynchttpclient.netty.channel.ChannelManager -- Adding key: https://ondemand.us-west-1.saucelabs.com:443 for channel [id: 0x5d8cc613, L:/192.168.1.146:57614 - R:ondemand.us-west-1.saucelabs.com/66.85.52.224:443]
13:07:32.720 [Forwarding switchToFrame on session 724de05069144310a7342d95f6334a48 to remote] DEBUG org.asynchttpclient.netty.request.NettyRequestSender -- Using pooled Channel '[id: 0x5d8cc613, L:/192.168.1.146:57614 - R:ondemand.us-west-1.saucelabs.com/66.85.52.224:443]' for 'POST' to 'https://oauth-autolazare-558fb:f8d0a4b4-e059-4b39-a9eb-366965b887b1@ondemand.us-west-1.saucelabs.com:443/wd/hub/session/724de05069144310a7342d95f6334a48/frame'
13:07:32.720 [Forwarding switchToFrame on session 724de05069144310a7342d95f6334a48 to remote] DEBUG org.asynchttpclient.netty.request.NettyRequestSender -- Using open Channel [id: 0x5d8cc613, L:/192.168.1.146:57614 - R:ondemand.us-west-1.saucelabs.com/66.85.52.224:443] for POST '/wd/hub/session/724de05069144310a7342d95f6334a48/frame'
13:07:32.858 [AsyncHttpClient-1-2] DEBUG org.asynchttpclient.netty.handler.HttpHandler -- 

Request DefaultHttpRequest(decodeResult: success, version: HTTP/1.1)
POST /wd/hub/session/724de05069144310a7342d95f6334a48/frame HTTP/1.1
User-Agent: selenium/4.9.0 (java windows)
traceparent: 00-a455cbe1c2f3595c7ee68f71349b6a5c-6e1356be89cc027b-01
Content-Length: 106
Content-Type: application/json; charset=utf-8
host: ondemand.us-west-1.saucelabs.com
authorization: Basic b2F1dGgtYXV0b2xhemFyZS01NThmYjpmOGQwYTRiNC1lMDU5LTRiMzktYTllYi0zNjY5NjViODg3YjE=
accept: */*

Response DefaultHttpResponse(decodeResult: success, version: HTTP/1.1)
HTTP/1.1 200 OK
content-type: application/json;charset=UTF-8
date: Fri, 12 May 2023 17:07:31 GMT
server: monocle/0.42
content-length: 15
x-request-id: 1e63db0b-8fa6-4c55-befe-1f28bf895459

13:07:32.858 [AsyncHttpClient-1-2] DEBUG org.asynchttpclient.netty.channel.ChannelManager -- Adding key: https://ondemand.us-west-1.saucelabs.com:443 for channel [id: 0x5d8cc613, L:/192.168.1.146:57614 - R:ondemand.us-west-1.saucelabs.com/66.85.52.224:443]
13:07:32.872 [AsyncHttpClient-1-1] DEBUG org.asynchttpclient.netty.channel.DefaultChannelPool -- Entry count for : https://ondemand.us-west-1.saucelabs.com:443 : 1
13:07:32.874 [Forwarding executeScript on session 724de05069144310a7342d95f6334a48 to remote] DEBUG org.asynchttpclient.netty.request.NettyRequestSender -- Using pooled Channel '[id: 0x5d8cc613, L:/192.168.1.146:57614 - R:ondemand.us-west-1.saucelabs.com/66.85.52.224:443]' for 'POST' to 'https://oauth-autolazare-558fb:f8d0a4b4-e059-4b39-a9eb-366965b887b1@ondemand.us-west-1.saucelabs.com:443/wd/hub/session/724de05069144310a7342d95f6334a48/execute/sync'
13:07:32.874 [Forwarding executeScript on session 724de05069144310a7342d95f6334a48 to remote] DEBUG org.asynchttpclient.netty.request.NettyRequestSender -- Using open Channel [id: 0x5d8cc613, L:/192.168.1.146:57614 - R:ondemand.us-west-1.saucelabs.com/66.85.52.224:443] for POST '/wd/hub/session/724de05069144310a7342d95f6334a48/execute/sync'
13:07:33.714 [AsyncHttpClient-1-2] DEBUG org.asynchttpclient.netty.handler.HttpHandler -- 

Request DefaultHttpRequest(decodeResult: success, version: HTTP/1.1)
POST /wd/hub/session/724de05069144310a7342d95f6334a48/execute/sync HTTP/1.1
User-Agent: selenium/4.9.0 (java windows)
traceparent: 00-79b4b85ca0623b5edff019a050a38ac2-3e29822728c57542-01
Content-Length: 323605
Content-Type: application/json; charset=utf-8
host: ondemand.us-west-1.saucelabs.com
authorization: Basic b2F1dGgtYXV0b2xhemFyZS01NThmYjpmOGQwYTRiNC1lMDU5LTRiMzktYTllYi0zNjY5NjViODg3YjE=
accept: */*

Response DefaultHttpResponse(decodeResult: success, version: HTTP/1.1)
HTTP/1.1 200 OK
content-type: application/json;charset=UTF-8
date: Fri, 12 May 2023 17:07:32 GMT
server: monocle/0.42
content-length: 15
x-request-id: baa68135-63ec-4229-8c05-a807581b3f8e

13:07:33.714 [AsyncHttpClient-1-2] DEBUG org.asynchttpclient.netty.channel.ChannelManager -- Adding key: https://ondemand.us-west-1.saucelabs.com:443 for channel [id: 0x5d8cc613, L:/192.168.1.146:57614 - R:ondemand.us-west-1.saucelabs.com/66.85.52.224:443]
13:07:33.714 [Forwarding findElements on session 724de05069144310a7342d95f6334a48 to remote] DEBUG org.asynchttpclient.netty.request.NettyRequestSender -- Using pooled Channel '[id: 0x5d8cc613, L:/192.168.1.146:57614 - R:ondemand.us-west-1.saucelabs.com/66.85.52.224:443]' for 'POST' to 'https://oauth-autolazare-558fb:f8d0a4b4-e059-4b39-a9eb-366965b887b1@ondemand.us-west-1.saucelabs.com:443/wd/hub/session/724de05069144310a7342d95f6334a48/elements'
13:07:33.714 [Forwarding findElements on session 724de05069144310a7342d95f6334a48 to remote] DEBUG org.asynchttpclient.netty.request.NettyRequestSender -- Using open Channel [id: 0x5d8cc613, L:/192.168.1.146:57614 - R:ondemand.us-west-1.saucelabs.com/66.85.52.224:443] for POST '/wd/hub/session/724de05069144310a7342d95f6334a48/elements'
13:07:33.863 [AsyncHttpClient-1-2] DEBUG org.asynchttpclient.netty.handler.HttpHandler -- 

Request DefaultHttpRequest(decodeResult: success, version: HTTP/1.1)
POST /wd/hub/session/724de05069144310a7342d95f6334a48/elements HTTP/1.1
User-Agent: selenium/4.9.0 (java windows)
traceparent: 00-deb26c745bf26ed1db96925bc471722a-af8bfca1a7d49a69-01
Content-Length: 98
Content-Type: application/json; charset=utf-8
host: ondemand.us-west-1.saucelabs.com
authorization: Basic b2F1dGgtYXV0b2xhemFyZS01NThmYjpmOGQwYTRiNC1lMDU5LTRiMzktYTllYi0zNjY5NjViODg3YjE=
accept: */*

Response DefaultHttpResponse(decodeResult: success, version: HTTP/1.1)
HTTP/1.1 200 OK
content-type: application/json;charset=UTF-8
date: Fri, 12 May 2023 17:07:32 GMT
server: monocle/0.42
content-length: 98
x-request-id: 150d8966-1c9d-4488-b5cc-445a68255080

13:07:33.863 [AsyncHttpClient-1-2] DEBUG org.asynchttpclient.netty.channel.ChannelManager -- Adding key: https://ondemand.us-west-1.saucelabs.com:443 for channel [id: 0x5d8cc613, L:/192.168.1.146:57614 - R:ondemand.us-west-1.saucelabs.com/66.85.52.224:443]
13:07:33.876 [Forwarding switchToFrame on session 724de05069144310a7342d95f6334a48 to remote] DEBUG org.asynchttpclient.netty.request.NettyRequestSender -- Using pooled Channel '[id: 0x5d8cc613, L:/192.168.1.146:57614 - R:ondemand.us-west-1.saucelabs.com/66.85.52.224:443]' for 'POST' to 'https://oauth-autolazare-558fb:f8d0a4b4-e059-4b39-a9eb-366965b887b1@ondemand.us-west-1.saucelabs.com:443/wd/hub/session/724de05069144310a7342d95f6334a48/frame'
13:07:33.877 [Forwarding switchToFrame on session 724de05069144310a7342d95f6334a48 to remote] DEBUG org.asynchttpclient.netty.request.NettyRequestSender -- Using open Channel [id: 0x5d8cc613, L:/192.168.1.146:57614 - R:ondemand.us-west-1.saucelabs.com/66.85.52.224:443] for POST '/wd/hub/session/724de05069144310a7342d95f6334a48/frame'
13:07:34.025 [AsyncHttpClient-1-2] DEBUG org.asynchttpclient.netty.handler.HttpHandler -- 

Request DefaultHttpRequest(decodeResult: success, version: HTTP/1.1)
POST /wd/hub/session/724de05069144310a7342d95f6334a48/frame HTTP/1.1
User-Agent: selenium/4.9.0 (java windows)
traceparent: 00-c3e21fb7e0139cda2811eaffff3685f8-b7ef8e57d01ab08f-01
Content-Length: 105
Content-Type: application/json; charset=utf-8
host: ondemand.us-west-1.saucelabs.com
authorization: Basic b2F1dGgtYXV0b2xhemFyZS01NThmYjpmOGQwYTRiNC1lMDU5LTRiMzktYTllYi0zNjY5NjViODg3YjE=
accept: */*

Response DefaultHttpResponse(decodeResult: success, version: HTTP/1.1)
HTTP/1.1 200 OK
content-type: application/json;charset=UTF-8
date: Fri, 12 May 2023 17:07:32 GMT
server: monocle/0.42
content-length: 15
x-request-id: f271a014-33fb-4960-85f7-fca6fea9d184

13:07:34.025 [AsyncHttpClient-1-2] DEBUG org.asynchttpclient.netty.channel.ChannelManager -- Adding key: https://ondemand.us-west-1.saucelabs.com:443 for channel [id: 0x5d8cc613, L:/192.168.1.146:57614 - R:ondemand.us-west-1.saucelabs.com/66.85.52.224:443]
13:07:34.043 [Forwarding executeScript on session 724de05069144310a7342d95f6334a48 to remote] DEBUG org.asynchttpclient.netty.request.NettyRequestSender -- Using pooled Channel '[id: 0x5d8cc613, L:/192.168.1.146:57614 - R:ondemand.us-west-1.saucelabs.com/66.85.52.224:443]' for 'POST' to 'https://oauth-autolazare-558fb:f8d0a4b4-e059-4b39-a9eb-366965b887b1@ondemand.us-west-1.saucelabs.com:443/wd/hub/session/724de05069144310a7342d95f6334a48/execute/sync'
13:07:34.043 [Forwarding executeScript on session 724de05069144310a7342d95f6334a48 to remote] DEBUG org.asynchttpclient.netty.request.NettyRequestSender -- Using open Channel [id: 0x5d8cc613, L:/192.168.1.146:57614 - R:ondemand.us-west-1.saucelabs.com/66.85.52.224:443] for POST '/wd/hub/session/724de05069144310a7342d95f6334a48/execute/sync'
13:07:34.672 [AsyncHttpClient-1-2] DEBUG org.asynchttpclient.netty.handler.HttpHandler -- 

Request DefaultHttpRequest(decodeResult: success, version: HTTP/1.1)
POST /wd/hub/session/724de05069144310a7342d95f6334a48/execute/sync HTTP/1.1
User-Agent: selenium/4.9.0 (java windows)
traceparent: 00-c550a946ce91178ba0e021ef250aa96d-b298195d4181d587-01
Content-Length: 323605
Content-Type: application/json; charset=utf-8
host: ondemand.us-west-1.saucelabs.com
authorization: Basic b2F1dGgtYXV0b2xhemFyZS01NThmYjpmOGQwYTRiNC1lMDU5LTRiMzktYTllYi0zNjY5NjViODg3YjE=
accept: */*

Response DefaultHttpResponse(decodeResult: success, version: HTTP/1.1)
HTTP/1.1 200 OK
content-type: application/json;charset=UTF-8
date: Fri, 12 May 2023 17:07:33 GMT
server: monocle/0.42
content-length: 15
x-request-id: 33376250-8363-46b7-9ac9-01532942d3cd

13:07:34.672 [AsyncHttpClient-1-2] DEBUG org.asynchttpclient.netty.channel.ChannelManager -- Adding key: https://ondemand.us-west-1.saucelabs.com:443 for channel [id: 0x5d8cc613, L:/192.168.1.146:57614 - R:ondemand.us-west-1.saucelabs.com/66.85.52.224:443]
13:07:34.672 [Forwarding findElements on session 724de05069144310a7342d95f6334a48 to remote] DEBUG org.asynchttpclient.netty.request.NettyRequestSender -- Using pooled Channel '[id: 0x5d8cc613, L:/192.168.1.146:57614 - R:ondemand.us-west-1.saucelabs.com/66.85.52.224:443]' for 'POST' to 'https://oauth-autolazare-558fb:f8d0a4b4-e059-4b39-a9eb-366965b887b1@ondemand.us-west-1.saucelabs.com:443/wd/hub/session/724de05069144310a7342d95f6334a48/elements'
13:07:34.672 [Forwarding findElements on session 724de05069144310a7342d95f6334a48 to remote] DEBUG org.asynchttpclient.netty.request.NettyRequestSender -- Using open Channel [id: 0x5d8cc613, L:/192.168.1.146:57614 - R:ondemand.us-west-1.saucelabs.com/66.85.52.224:443] for POST '/wd/hub/session/724de05069144310a7342d95f6334a48/elements'
13:07:34.797 [AsyncHttpClient-1-2] DEBUG org.asynchttpclient.netty.handler.HttpHandler -- 

Request DefaultHttpRequest(decodeResult: success, version: HTTP/1.1)
POST /wd/hub/session/724de05069144310a7342d95f6334a48/elements HTTP/1.1
User-Agent: selenium/4.9.0 (java windows)
traceparent: 00-3a8fc0ebfe9786922ccb6390bb6ff2ac-47fa572b2bf8c136-01
Content-Length: 98
Content-Type: application/json; charset=utf-8
host: ondemand.us-west-1.saucelabs.com
authorization: Basic b2F1dGgtYXV0b2xhemFyZS01NThmYjpmOGQwYTRiNC1lMDU5LTRiMzktYTllYi0zNjY5NjViODg3YjE=
accept: */*

Response DefaultHttpResponse(decodeResult: success, version: HTTP/1.1)
HTTP/1.1 200 OK
content-type: application/json;charset=UTF-8
date: Fri, 12 May 2023 17:07:33 GMT
server: monocle/0.42
content-length: 13
x-request-id: 2906b5bd-2b40-46b8-ae8c-bcbdb2f34c74

13:07:34.797 [AsyncHttpClient-1-2] DEBUG org.asynchttpclient.netty.channel.ChannelManager -- Adding key: https://ondemand.us-west-1.saucelabs.com:443 for channel [id: 0x5d8cc613, L:/192.168.1.146:57614 - R:ondemand.us-west-1.saucelabs.com/66.85.52.224:443]
13:07:34.797 [Forwarding switchToParentFrame on session 724de05069144310a7342d95f6334a48 to remote] DEBUG org.asynchttpclient.netty.request.NettyRequestSender -- Using pooled Channel '[id: 0x5d8cc613, L:/192.168.1.146:57614 - R:ondemand.us-west-1.saucelabs.com/66.85.52.224:443]' for 'POST' to 'https://oauth-autolazare-558fb:f8d0a4b4-e059-4b39-a9eb-366965b887b1@ondemand.us-west-1.saucelabs.com:443/wd/hub/session/724de05069144310a7342d95f6334a48/frame/parent'
13:07:34.797 [Forwarding switchToParentFrame on session 724de05069144310a7342d95f6334a48 to remote] DEBUG org.asynchttpclient.netty.request.NettyRequestSender -- Using open Channel [id: 0x5d8cc613, L:/192.168.1.146:57614 - R:ondemand.us-west-1.saucelabs.com/66.85.52.224:443] for POST '/wd/hub/session/724de05069144310a7342d95f6334a48/frame/parent'
13:07:34.922 [AsyncHttpClient-1-2] DEBUG org.asynchttpclient.netty.handler.HttpHandler -- 

Request DefaultHttpRequest(decodeResult: success, version: HTTP/1.1)
POST /wd/hub/session/724de05069144310a7342d95f6334a48/frame/parent HTTP/1.1
User-Agent: selenium/4.9.0 (java windows)
traceparent: 00-b90eecc1673f2c5bf71e382e0be9fa54-2fb7398987663863-01
Content-Length: 3
Content-Type: application/json; charset=utf-8
host: ondemand.us-west-1.saucelabs.com
authorization: Basic b2F1dGgtYXV0b2xhemFyZS01NThmYjpmOGQwYTRiNC1lMDU5LTRiMzktYTllYi0zNjY5NjViODg3YjE=
accept: */*

Response DefaultHttpResponse(decodeResult: success, version: HTTP/1.1)
HTTP/1.1 200 OK
content-type: application/json;charset=UTF-8
date: Fri, 12 May 2023 17:07:33 GMT
server: monocle/0.42
content-length: 15
x-request-id: 4fd32784-9eba-4602-871a-a036a3817021

13:07:34.922 [AsyncHttpClient-1-2] DEBUG org.asynchttpclient.netty.channel.ChannelManager -- Adding key: https://ondemand.us-west-1.saucelabs.com:443 for channel [id: 0x5d8cc613, L:/192.168.1.146:57614 - R:ondemand.us-west-1.saucelabs.com/66.85.52.224:443]
13:07:34.922 [Forwarding switchToParentFrame on session 724de05069144310a7342d95f6334a48 to remote] DEBUG org.asynchttpclient.netty.request.NettyRequestSender -- Using pooled Channel '[id: 0x5d8cc613, L:/192.168.1.146:57614 - R:ondemand.us-west-1.saucelabs.com/66.85.52.224:443]' for 'POST' to 'https://oauth-autolazare-558fb:f8d0a4b4-e059-4b39-a9eb-366965b887b1@ondemand.us-west-1.saucelabs.com:443/wd/hub/session/724de05069144310a7342d95f6334a48/frame/parent'
13:07:34.922 [Forwarding switchToParentFrame on session 724de05069144310a7342d95f6334a48 to remote] DEBUG org.asynchttpclient.netty.request.NettyRequestSender -- Using open Channel [id: 0x5d8cc613, L:/192.168.1.146:57614 - R:ondemand.us-west-1.saucelabs.com/66.85.52.224:443] for POST '/wd/hub/session/724de05069144310a7342d95f6334a48/frame/parent'
13:07:35.047 [AsyncHttpClient-1-2] DEBUG org.asynchttpclient.netty.handler.HttpHandler -- 

Request DefaultHttpRequest(decodeResult: success, version: HTTP/1.1)
POST /wd/hub/session/724de05069144310a7342d95f6334a48/frame/parent HTTP/1.1
User-Agent: selenium/4.9.0 (java windows)
traceparent: 00-1969ffc276d9b9416d5e63383f3afb4b-9054bd8b80779ab5-01
Content-Length: 3
Content-Type: application/json; charset=utf-8
host: ondemand.us-west-1.saucelabs.com
authorization: Basic b2F1dGgtYXV0b2xhemFyZS01NThmYjpmOGQwYTRiNC1lMDU5LTRiMzktYTllYi0zNjY5NjViODg3YjE=
accept: */*

Response DefaultHttpResponse(decodeResult: success, version: HTTP/1.1)
HTTP/1.1 200 OK
content-type: application/json;charset=UTF-8
date: Fri, 12 May 2023 17:07:33 GMT
server: monocle/0.42
content-length: 15
x-request-id: dc84fcaf-d729-4b46-86a6-e1f30f81f835

13:07:35.047 [AsyncHttpClient-1-2] DEBUG org.asynchttpclient.netty.channel.ChannelManager -- Adding key: https://ondemand.us-west-1.saucelabs.com:443 for channel [id: 0x5d8cc613, L:/192.168.1.146:57614 - R:ondemand.us-west-1.saucelabs.com/66.85.52.224:443]
13:07:35.047 [Forwarding switchToFrame on session 724de05069144310a7342d95f6334a48 to remote] DEBUG org.asynchttpclient.netty.request.NettyRequestSender -- Using pooled Channel '[id: 0x5d8cc613, L:/192.168.1.146:57614 - R:ondemand.us-west-1.saucelabs.com/66.85.52.224:443]' for 'POST' to 'https://oauth-autolazare-558fb:f8d0a4b4-e059-4b39-a9eb-366965b887b1@ondemand.us-west-1.saucelabs.com:443/wd/hub/session/724de05069144310a7342d95f6334a48/frame'
13:07:35.047 [Forwarding switchToFrame on session 724de05069144310a7342d95f6334a48 to remote] DEBUG org.asynchttpclient.netty.request.NettyRequestSender -- Using open Channel [id: 0x5d8cc613, L:/192.168.1.146:57614 - R:ondemand.us-west-1.saucelabs.com/66.85.52.224:443] for POST '/wd/hub/session/724de05069144310a7342d95f6334a48/frame'
13:07:35.197 [AsyncHttpClient-1-2] DEBUG org.asynchttpclient.netty.handler.HttpHandler -- 

Request DefaultHttpRequest(decodeResult: success, version: HTTP/1.1)
POST /wd/hub/session/724de05069144310a7342d95f6334a48/frame HTTP/1.1
User-Agent: selenium/4.9.0 (java windows)
traceparent: 00-5316251f16123ff9f421ca3d407e25d4-877e5311d613fe9e-01
Content-Length: 106
Content-Type: application/json; charset=utf-8
host: ondemand.us-west-1.saucelabs.com
authorization: Basic b2F1dGgtYXV0b2xhemFyZS01NThmYjpmOGQwYTRiNC1lMDU5LTRiMzktYTllYi0zNjY5NjViODg3YjE=
accept: */*

Response DefaultHttpResponse(decodeResult: success, version: HTTP/1.1)
HTTP/1.1 200 OK
content-type: application/json;charset=UTF-8
date: Fri, 12 May 2023 17:07:33 GMT
server: monocle/0.42
content-length: 15
x-request-id: 3da5cc45-ee34-4975-ac1a-e1d88ffe2b57

13:07:35.197 [AsyncHttpClient-1-2] DEBUG org.asynchttpclient.netty.channel.ChannelManager -- Adding key: https://ondemand.us-west-1.saucelabs.com:443 for channel [id: 0x5d8cc613, L:/192.168.1.146:57614 - R:ondemand.us-west-1.saucelabs.com/66.85.52.224:443]
13:07:35.205 [Forwarding executeScript on session 724de05069144310a7342d95f6334a48 to remote] DEBUG org.asynchttpclient.netty.request.NettyRequestSender -- Using pooled Channel '[id: 0x5d8cc613, L:/192.168.1.146:57614 - R:ondemand.us-west-1.saucelabs.com/66.85.52.224:443]' for 'POST' to 'https://oauth-autolazare-558fb:f8d0a4b4-e059-4b39-a9eb-366965b887b1@ondemand.us-west-1.saucelabs.com:443/wd/hub/session/724de05069144310a7342d95f6334a48/execute/sync'
13:07:35.205 [Forwarding executeScript on session 724de05069144310a7342d95f6334a48 to remote] DEBUG org.asynchttpclient.netty.request.NettyRequestSender -- Using open Channel [id: 0x5d8cc613, L:/192.168.1.146:57614 - R:ondemand.us-west-1.saucelabs.com/66.85.52.224:443] for POST '/wd/hub/session/724de05069144310a7342d95f6334a48/execute/sync'
13:07:35.736 [AsyncHttpClient-1-2] DEBUG org.asynchttpclient.netty.handler.HttpHandler -- 

Request DefaultHttpRequest(decodeResult: success, version: HTTP/1.1)
POST /wd/hub/session/724de05069144310a7342d95f6334a48/execute/sync HTTP/1.1
User-Agent: selenium/4.9.0 (java windows)
traceparent: 00-e39bc9bc06b8aec4b69d3bc5bcae2c7d-85880fe94a540aba-01
Content-Length: 323605
Content-Type: application/json; charset=utf-8
host: ondemand.us-west-1.saucelabs.com
authorization: Basic b2F1dGgtYXV0b2xhemFyZS01NThmYjpmOGQwYTRiNC1lMDU5LTRiMzktYTllYi0zNjY5NjViODg3YjE=
accept: */*

Response DefaultHttpResponse(decodeResult: success, version: HTTP/1.1)
HTTP/1.1 200 OK
content-type: application/json;charset=UTF-8
date: Fri, 12 May 2023 17:07:34 GMT
server: monocle/0.42
content-length: 15
x-request-id: f6d0c1dc-52b9-416e-a019-f472691ed8f1

13:07:35.736 [AsyncHttpClient-1-2] DEBUG org.asynchttpclient.netty.channel.ChannelManager -- Adding key: https://ondemand.us-west-1.saucelabs.com:443 for channel [id: 0x5d8cc613, L:/192.168.1.146:57614 - R:ondemand.us-west-1.saucelabs.com/66.85.52.224:443]
13:07:35.736 [Forwarding findElements on session 724de05069144310a7342d95f6334a48 to remote] DEBUG org.asynchttpclient.netty.request.NettyRequestSender -- Using pooled Channel '[id: 0x5d8cc613, L:/192.168.1.146:57614 - R:ondemand.us-west-1.saucelabs.com/66.85.52.224:443]' for 'POST' to 'https://oauth-autolazare-558fb:f8d0a4b4-e059-4b39-a9eb-366965b887b1@ondemand.us-west-1.saucelabs.com:443/wd/hub/session/724de05069144310a7342d95f6334a48/elements'
13:07:35.736 [Forwarding findElements on session 724de05069144310a7342d95f6334a48 to remote] DEBUG org.asynchttpclient.netty.request.NettyRequestSender -- Using open Channel [id: 0x5d8cc613, L:/192.168.1.146:57614 - R:ondemand.us-west-1.saucelabs.com/66.85.52.224:443] for POST '/wd/hub/session/724de05069144310a7342d95f6334a48/elements'
13:07:35.865 [AsyncHttpClient-1-2] DEBUG org.asynchttpclient.netty.handler.HttpHandler -- 

Request DefaultHttpRequest(decodeResult: success, version: HTTP/1.1)
POST /wd/hub/session/724de05069144310a7342d95f6334a48/elements HTTP/1.1
User-Agent: selenium/4.9.0 (java windows)
traceparent: 00-27d9fdaca1d2e41347e2aae919f7c951-1be5329f5a0c76cb-01
Content-Length: 98
Content-Type: application/json; charset=utf-8
host: ondemand.us-west-1.saucelabs.com
authorization: Basic b2F1dGgtYXV0b2xhemFyZS01NThmYjpmOGQwYTRiNC1lMDU5LTRiMzktYTllYi0zNjY5NjViODg3YjE=
accept: */*

Response DefaultHttpResponse(decodeResult: success, version: HTTP/1.1)
HTTP/1.1 200 OK
content-type: application/json;charset=UTF-8
date: Fri, 12 May 2023 17:07:34 GMT
server: monocle/0.42
content-length: 13
x-request-id: 56aa2c2a-abb0-46f7-ad29-774e34f042bb

13:07:35.865 [AsyncHttpClient-1-2] DEBUG org.asynchttpclient.netty.channel.ChannelManager -- Adding key: https://ondemand.us-west-1.saucelabs.com:443 for channel [id: 0x5d8cc613, L:/192.168.1.146:57614 - R:ondemand.us-west-1.saucelabs.com/66.85.52.224:443]
13:07:35.865 [Forwarding switchToParentFrame on session 724de05069144310a7342d95f6334a48 to remote] DEBUG org.asynchttpclient.netty.request.NettyRequestSender -- Using pooled Channel '[id: 0x5d8cc613, L:/192.168.1.146:57614 - R:ondemand.us-west-1.saucelabs.com/66.85.52.224:443]' for 'POST' to 'https://oauth-autolazare-558fb:f8d0a4b4-e059-4b39-a9eb-366965b887b1@ondemand.us-west-1.saucelabs.com:443/wd/hub/session/724de05069144310a7342d95f6334a48/frame/parent'
13:07:35.865 [Forwarding switchToParentFrame on session 724de05069144310a7342d95f6334a48 to remote] DEBUG org.asynchttpclient.netty.request.NettyRequestSender -- Using open Channel [id: 0x5d8cc613, L:/192.168.1.146:57614 - R:ondemand.us-west-1.saucelabs.com/66.85.52.224:443] for POST '/wd/hub/session/724de05069144310a7342d95f6334a48/frame/parent'
13:07:36.007 [AsyncHttpClient-1-2] DEBUG org.asynchttpclient.netty.handler.HttpHandler -- 

Request DefaultHttpRequest(decodeResult: success, version: HTTP/1.1)
POST /wd/hub/session/724de05069144310a7342d95f6334a48/frame/parent HTTP/1.1
User-Agent: selenium/4.9.0 (java windows)
traceparent: 00-2e53e7a0338956984795a6080f9fa19e-1ac453894feb2fbf-01
Content-Length: 3
Content-Type: application/json; charset=utf-8
host: ondemand.us-west-1.saucelabs.com
authorization: Basic b2F1dGgtYXV0b2xhemFyZS01NThmYjpmOGQwYTRiNC1lMDU5LTRiMzktYTllYi0zNjY5NjViODg3YjE=
accept: */*

Response DefaultHttpResponse(decodeResult: success, version: HTTP/1.1)
HTTP/1.1 200 OK
content-type: application/json;charset=UTF-8
date: Fri, 12 May 2023 17:07:34 GMT
server: monocle/0.42
content-length: 15
x-request-id: 6530f0da-0415-465f-b569-d6289f34e320

13:07:36.007 [AsyncHttpClient-1-2] DEBUG org.asynchttpclient.netty.channel.ChannelManager -- Adding key: https://ondemand.us-west-1.saucelabs.com:443 for channel [id: 0x5d8cc613, L:/192.168.1.146:57614 - R:ondemand.us-west-1.saucelabs.com/66.85.52.224:443]
13:07:36.007 [Forwarding switchToFrame on session 724de05069144310a7342d95f6334a48 to remote] DEBUG org.asynchttpclient.netty.request.NettyRequestSender -- Using pooled Channel '[id: 0x5d8cc613, L:/192.168.1.146:57614 - R:ondemand.us-west-1.saucelabs.com/66.85.52.224:443]' for 'POST' to 'https://oauth-autolazare-558fb:f8d0a4b4-e059-4b39-a9eb-366965b887b1@ondemand.us-west-1.saucelabs.com:443/wd/hub/session/724de05069144310a7342d95f6334a48/frame'
13:07:36.007 [Forwarding switchToFrame on session 724de05069144310a7342d95f6334a48 to remote] DEBUG org.asynchttpclient.netty.request.NettyRequestSender -- Using open Channel [id: 0x5d8cc613, L:/192.168.1.146:57614 - R:ondemand.us-west-1.saucelabs.com/66.85.52.224:443] for POST '/wd/hub/session/724de05069144310a7342d95f6334a48/frame'
13:07:36.149 [AsyncHttpClient-1-2] DEBUG org.asynchttpclient.netty.handler.HttpHandler -- 

Request DefaultHttpRequest(decodeResult: success, version: HTTP/1.1)
POST /wd/hub/session/724de05069144310a7342d95f6334a48/frame HTTP/1.1
User-Agent: selenium/4.9.0 (java windows)
traceparent: 00-4c3cee1cbf51a29922b9a14970137dc5-3d39e6f11de1520e-01
Content-Length: 106
Content-Type: application/json; charset=utf-8
host: ondemand.us-west-1.saucelabs.com
authorization: Basic b2F1dGgtYXV0b2xhemFyZS01NThmYjpmOGQwYTRiNC1lMDU5LTRiMzktYTllYi0zNjY5NjViODg3YjE=
accept: */*

Response DefaultHttpResponse(decodeResult: success, version: HTTP/1.1)
HTTP/1.1 200 OK
content-type: application/json;charset=UTF-8
date: Fri, 12 May 2023 17:07:34 GMT
server: monocle/0.42
content-length: 15
x-request-id: 8ce3a9ad-fca0-4d93-85df-8af27966f452

13:07:36.149 [AsyncHttpClient-1-2] DEBUG org.asynchttpclient.netty.channel.ChannelManager -- Adding key: https://ondemand.us-west-1.saucelabs.com:443 for channel [id: 0x5d8cc613, L:/192.168.1.146:57614 - R:ondemand.us-west-1.saucelabs.com/66.85.52.224:443]
13:07:36.149 [Forwarding executeScript on session 724de05069144310a7342d95f6334a48 to remote] DEBUG org.asynchttpclient.netty.request.NettyRequestSender -- Using pooled Channel '[id: 0x5d8cc613, L:/192.168.1.146:57614 - R:ondemand.us-west-1.saucelabs.com/66.85.52.224:443]' for 'POST' to 'https://oauth-autolazare-558fb:f8d0a4b4-e059-4b39-a9eb-366965b887b1@ondemand.us-west-1.saucelabs.com:443/wd/hub/session/724de05069144310a7342d95f6334a48/execute/sync'
13:07:36.149 [Forwarding executeScript on session 724de05069144310a7342d95f6334a48 to remote] DEBUG org.asynchttpclient.netty.request.NettyRequestSender -- Using open Channel [id: 0x5d8cc613, L:/192.168.1.146:57614 - R:ondemand.us-west-1.saucelabs.com/66.85.52.224:443] for POST '/wd/hub/session/724de05069144310a7342d95f6334a48/execute/sync'
13:07:36.670 [AsyncHttpClient-1-2] DEBUG org.asynchttpclient.netty.handler.HttpHandler -- 

Request DefaultHttpRequest(decodeResult: success, version: HTTP/1.1)
POST /wd/hub/session/724de05069144310a7342d95f6334a48/execute/sync HTTP/1.1
User-Agent: selenium/4.9.0 (java windows)
traceparent: 00-9f9d3ffafb899827fb4b52f860a85538-48a28967c25305ba-01
Content-Length: 323605
Content-Type: application/json; charset=utf-8
host: ondemand.us-west-1.saucelabs.com
authorization: Basic b2F1dGgtYXV0b2xhemFyZS01NThmYjpmOGQwYTRiNC1lMDU5LTRiMzktYTllYi0zNjY5NjViODg3YjE=
accept: */*

Response DefaultHttpResponse(decodeResult: success, version: HTTP/1.1)
HTTP/1.1 200 OK
content-type: application/json;charset=UTF-8
date: Fri, 12 May 2023 17:07:35 GMT
server: monocle/0.42
content-length: 15
x-request-id: 99e94b9c-b0ef-40bc-bf6a-8077819ceb71

13:07:36.670 [AsyncHttpClient-1-2] DEBUG org.asynchttpclient.netty.channel.ChannelManager -- Adding key: https://ondemand.us-west-1.saucelabs.com:443 for channel [id: 0x5d8cc613, L:/192.168.1.146:57614 - R:ondemand.us-west-1.saucelabs.com/66.85.52.224:443]
13:07:36.670 [Forwarding findElements on session 724de05069144310a7342d95f6334a48 to remote] DEBUG org.asynchttpclient.netty.request.NettyRequestSender -- Using pooled Channel '[id: 0x5d8cc613, L:/192.168.1.146:57614 - R:ondemand.us-west-1.saucelabs.com/66.85.52.224:443]' for 'POST' to 'https://oauth-autolazare-558fb:f8d0a4b4-e059-4b39-a9eb-366965b887b1@ondemand.us-west-1.saucelabs.com:443/wd/hub/session/724de05069144310a7342d95f6334a48/elements'
13:07:36.670 [Forwarding findElements on session 724de05069144310a7342d95f6334a48 to remote] DEBUG org.asynchttpclient.netty.request.NettyRequestSender -- Using open Channel [id: 0x5d8cc613, L:/192.168.1.146:57614 - R:ondemand.us-west-1.saucelabs.com/66.85.52.224:443] for POST '/wd/hub/session/724de05069144310a7342d95f6334a48/elements'
13:07:36.814 [AsyncHttpClient-1-2] DEBUG org.asynchttpclient.netty.handler.HttpHandler -- 

Request DefaultHttpRequest(decodeResult: success, version: HTTP/1.1)
POST /wd/hub/session/724de05069144310a7342d95f6334a48/elements HTTP/1.1
User-Agent: selenium/4.9.0 (java windows)
traceparent: 00-aa388512407122f4604852ccfb221d1c-b01522b5be459202-01
Content-Length: 98
Content-Type: application/json; charset=utf-8
host: ondemand.us-west-1.saucelabs.com
authorization: Basic b2F1dGgtYXV0b2xhemFyZS01NThmYjpmOGQwYTRiNC1lMDU5LTRiMzktYTllYi0zNjY5NjViODg3YjE=
accept: */*

Response DefaultHttpResponse(decodeResult: success, version: HTTP/1.1)
HTTP/1.1 200 OK
content-type: application/json;charset=UTF-8
date: Fri, 12 May 2023 17:07:35 GMT
server: monocle/0.42
content-length: 187
x-request-id: 8404cd51-7a76-4d3d-8a8a-f928c3026bbc

13:07:36.814 [AsyncHttpClient-1-2] DEBUG org.asynchttpclient.netty.channel.ChannelManager -- Adding key: https://ondemand.us-west-1.saucelabs.com:443 for channel [id: 0x5d8cc613, L:/192.168.1.146:57614 - R:ondemand.us-west-1.saucelabs.com/66.85.52.224:443]
13:07:36.814 [Forwarding switchToFrame on session 724de05069144310a7342d95f6334a48 to remote] DEBUG org.asynchttpclient.netty.request.NettyRequestSender -- Using pooled Channel '[id: 0x5d8cc613, L:/192.168.1.146:57614 - R:ondemand.us-west-1.saucelabs.com/66.85.52.224:443]' for 'POST' to 'https://oauth-autolazare-558fb:f8d0a4b4-e059-4b39-a9eb-366965b887b1@ondemand.us-west-1.saucelabs.com:443/wd/hub/session/724de05069144310a7342d95f6334a48/frame'
13:07:36.814 [Forwarding switchToFrame on session 724de05069144310a7342d95f6334a48 to remote] DEBUG org.asynchttpclient.netty.request.NettyRequestSender -- Using open Channel [id: 0x5d8cc613, L:/192.168.1.146:57614 - R:ondemand.us-west-1.saucelabs.com/66.85.52.224:443] for POST '/wd/hub/session/724de05069144310a7342d95f6334a48/frame'
13:07:36.954 [AsyncHttpClient-1-2] DEBUG org.asynchttpclient.netty.handler.HttpHandler -- 

Request DefaultHttpRequest(decodeResult: success, version: HTTP/1.1)
POST /wd/hub/session/724de05069144310a7342d95f6334a48/frame HTTP/1.1
User-Agent: selenium/4.9.0 (java windows)
traceparent: 00-31b4a6f287e2d300a26111cf977b91e5-3ec4431365b226e0-01
Content-Length: 106
Content-Type: application/json; charset=utf-8
host: ondemand.us-west-1.saucelabs.com
authorization: Basic b2F1dGgtYXV0b2xhemFyZS01NThmYjpmOGQwYTRiNC1lMDU5LTRiMzktYTllYi0zNjY5NjViODg3YjE=
accept: */*

Response DefaultHttpResponse(decodeResult: success, version: HTTP/1.1)
HTTP/1.1 200 OK
content-type: application/json;charset=UTF-8
date: Fri, 12 May 2023 17:07:35 GMT
server: monocle/0.42
content-length: 15
x-request-id: d0a6a89c-b9d7-4b93-b39f-c60546dbc9f8

13:07:36.954 [AsyncHttpClient-1-2] DEBUG org.asynchttpclient.netty.channel.ChannelManager -- Adding key: https://ondemand.us-west-1.saucelabs.com:443 for channel [id: 0x5d8cc613, L:/192.168.1.146:57614 - R:ondemand.us-west-1.saucelabs.com/66.85.52.224:443]
13:07:36.971 [Forwarding executeScript on session 724de05069144310a7342d95f6334a48 to remote] DEBUG org.asynchttpclient.netty.request.NettyRequestSender -- Using pooled Channel '[id: 0x5d8cc613, L:/192.168.1.146:57614 - R:ondemand.us-west-1.saucelabs.com/66.85.52.224:443]' for 'POST' to 'https://oauth-autolazare-558fb:f8d0a4b4-e059-4b39-a9eb-366965b887b1@ondemand.us-west-1.saucelabs.com:443/wd/hub/session/724de05069144310a7342d95f6334a48/execute/sync'
13:07:36.971 [Forwarding executeScript on session 724de05069144310a7342d95f6334a48 to remote] DEBUG org.asynchttpclient.netty.request.NettyRequestSender -- Using open Channel [id: 0x5d8cc613, L:/192.168.1.146:57614 - R:ondemand.us-west-1.saucelabs.com/66.85.52.224:443] for POST '/wd/hub/session/724de05069144310a7342d95f6334a48/execute/sync'
13:07:37.522 [AsyncHttpClient-1-2] DEBUG org.asynchttpclient.netty.handler.HttpHandler -- 

Request DefaultHttpRequest(decodeResult: success, version: HTTP/1.1)
POST /wd/hub/session/724de05069144310a7342d95f6334a48/execute/sync HTTP/1.1
User-Agent: selenium/4.9.0 (java windows)
traceparent: 00-11b1e82577ea4a86080a2c4d97bba29d-9817469dfee894a2-01
Content-Length: 323605
Content-Type: application/json; charset=utf-8
host: ondemand.us-west-1.saucelabs.com
authorization: Basic b2F1dGgtYXV0b2xhemFyZS01NThmYjpmOGQwYTRiNC1lMDU5LTRiMzktYTllYi0zNjY5NjViODg3YjE=
accept: */*

Response DefaultHttpResponse(decodeResult: success, version: HTTP/1.1)
HTTP/1.1 200 OK
content-type: application/json;charset=UTF-8
date: Fri, 12 May 2023 17:07:36 GMT
server: monocle/0.42
content-length: 15
x-request-id: 35876186-1623-4318-9187-65615bb731e4

13:07:37.522 [AsyncHttpClient-1-2] DEBUG org.asynchttpclient.netty.channel.ChannelManager -- Adding key: https://ondemand.us-west-1.saucelabs.com:443 for channel [id: 0x5d8cc613, L:/192.168.1.146:57614 - R:ondemand.us-west-1.saucelabs.com/66.85.52.224:443]
13:07:37.538 [Forwarding findElements on session 724de05069144310a7342d95f6334a48 to remote] DEBUG org.asynchttpclient.netty.request.NettyRequestSender -- Using pooled Channel '[id: 0x5d8cc613, L:/192.168.1.146:57614 - R:ondemand.us-west-1.saucelabs.com/66.85.52.224:443]' for 'POST' to 'https://oauth-autolazare-558fb:f8d0a4b4-e059-4b39-a9eb-366965b887b1@ondemand.us-west-1.saucelabs.com:443/wd/hub/session/724de05069144310a7342d95f6334a48/elements'
13:07:37.538 [Forwarding findElements on session 724de05069144310a7342d95f6334a48 to remote] DEBUG org.asynchttpclient.netty.request.NettyRequestSender -- Using open Channel [id: 0x5d8cc613, L:/192.168.1.146:57614 - R:ondemand.us-west-1.saucelabs.com/66.85.52.224:443] for POST '/wd/hub/session/724de05069144310a7342d95f6334a48/elements'
13:07:37.712 [AsyncHttpClient-1-2] DEBUG org.asynchttpclient.netty.handler.HttpHandler -- 

Request DefaultHttpRequest(decodeResult: success, version: HTTP/1.1)
POST /wd/hub/session/724de05069144310a7342d95f6334a48/elements HTTP/1.1
User-Agent: selenium/4.9.0 (java windows)
traceparent: 00-072c938f9b39eec68736196d4bc55cce-0da08018cdeb4b2b-01
Content-Length: 98
Content-Type: application/json; charset=utf-8
host: ondemand.us-west-1.saucelabs.com
authorization: Basic b2F1dGgtYXV0b2xhemFyZS01NThmYjpmOGQwYTRiNC1lMDU5LTRiMzktYTllYi0zNjY5NjViODg3YjE=
accept: */*

Response DefaultHttpResponse(decodeResult: success, version: HTTP/1.1)
HTTP/1.1 200 OK
content-type: application/json;charset=UTF-8
date: Fri, 12 May 2023 17:07:36 GMT
server: monocle/0.42
content-length: 13
x-request-id: a290f70f-f0a5-432a-9f8e-246d40395513

13:07:37.712 [AsyncHttpClient-1-2] DEBUG org.asynchttpclient.netty.channel.ChannelManager -- Adding key: https://ondemand.us-west-1.saucelabs.com:443 for channel [id: 0x5d8cc613, L:/192.168.1.146:57614 - R:ondemand.us-west-1.saucelabs.com/66.85.52.224:443]
13:07:37.712 [Forwarding switchToParentFrame on session 724de05069144310a7342d95f6334a48 to remote] DEBUG org.asynchttpclient.netty.request.NettyRequestSender -- Using pooled Channel '[id: 0x5d8cc613, L:/192.168.1.146:57614 - R:ondemand.us-west-1.saucelabs.com/66.85.52.224:443]' for 'POST' to 'https://oauth-autolazare-558fb:f8d0a4b4-e059-4b39-a9eb-366965b887b1@ondemand.us-west-1.saucelabs.com:443/wd/hub/session/724de05069144310a7342d95f6334a48/frame/parent'
13:07:37.712 [Forwarding switchToParentFrame on session 724de05069144310a7342d95f6334a48 to remote] DEBUG org.asynchttpclient.netty.request.NettyRequestSender -- Using open Channel [id: 0x5d8cc613, L:/192.168.1.146:57614 - R:ondemand.us-west-1.saucelabs.com/66.85.52.224:443] for POST '/wd/hub/session/724de05069144310a7342d95f6334a48/frame/parent'
13:07:37.839 [AsyncHttpClient-1-2] DEBUG org.asynchttpclient.netty.handler.HttpHandler -- 

Request DefaultHttpRequest(decodeResult: success, version: HTTP/1.1)
POST /wd/hub/session/724de05069144310a7342d95f6334a48/frame/parent HTTP/1.1
User-Agent: selenium/4.9.0 (java windows)
traceparent: 00-f3af59df610cbe3c8059049100eae22c-04adfb0aca62c392-01
Content-Length: 3
Content-Type: application/json; charset=utf-8
host: ondemand.us-west-1.saucelabs.com
authorization: Basic b2F1dGgtYXV0b2xhemFyZS01NThmYjpmOGQwYTRiNC1lMDU5LTRiMzktYTllYi0zNjY5NjViODg3YjE=
accept: */*

Response DefaultHttpResponse(decodeResult: success, version: HTTP/1.1)
HTTP/1.1 200 OK
content-type: application/json;charset=UTF-8
date: Fri, 12 May 2023 17:07:36 GMT
server: monocle/0.42
content-length: 15
x-request-id: 0c4e1890-027d-4687-94a5-65f1faff672f

13:07:37.839 [AsyncHttpClient-1-2] DEBUG org.asynchttpclient.netty.channel.ChannelManager -- Adding key: https://ondemand.us-west-1.saucelabs.com:443 for channel [id: 0x5d8cc613, L:/192.168.1.146:57614 - R:ondemand.us-west-1.saucelabs.com/66.85.52.224:443]
13:07:37.839 [Forwarding switchToFrame on session 724de05069144310a7342d95f6334a48 to remote] DEBUG org.asynchttpclient.netty.request.NettyRequestSender -- Using pooled Channel '[id: 0x5d8cc613, L:/192.168.1.146:57614 - R:ondemand.us-west-1.saucelabs.com/66.85.52.224:443]' for 'POST' to 'https://oauth-autolazare-558fb:f8d0a4b4-e059-4b39-a9eb-366965b887b1@ondemand.us-west-1.saucelabs.com:443/wd/hub/session/724de05069144310a7342d95f6334a48/frame'
13:07:37.839 [Forwarding switchToFrame on session 724de05069144310a7342d95f6334a48 to remote] DEBUG org.asynchttpclient.netty.request.NettyRequestSender -- Using open Channel [id: 0x5d8cc613, L:/192.168.1.146:57614 - R:ondemand.us-west-1.saucelabs.com/66.85.52.224:443] for POST '/wd/hub/session/724de05069144310a7342d95f6334a48/frame'
13:07:38.106 [AsyncHttpClient-1-2] DEBUG org.asynchttpclient.netty.handler.HttpHandler -- 

Request DefaultHttpRequest(decodeResult: success, version: HTTP/1.1)
POST /wd/hub/session/724de05069144310a7342d95f6334a48/frame HTTP/1.1
User-Agent: selenium/4.9.0 (java windows)
traceparent: 00-0b21b46817e61b765148dc6c63e4be2b-20e88663f219b53d-01
Content-Length: 106
Content-Type: application/json; charset=utf-8
host: ondemand.us-west-1.saucelabs.com
authorization: Basic b2F1dGgtYXV0b2xhemFyZS01NThmYjpmOGQwYTRiNC1lMDU5LTRiMzktYTllYi0zNjY5NjViODg3YjE=
accept: */*

Response DefaultHttpResponse(decodeResult: success, version: HTTP/1.1)
HTTP/1.1 200 OK
content-type: application/json;charset=UTF-8
date: Fri, 12 May 2023 17:07:36 GMT
server: monocle/0.42
content-length: 15
x-request-id: 2cd8bfdc-f7d7-497b-a062-611c26892525

13:07:38.106 [AsyncHttpClient-1-2] DEBUG org.asynchttpclient.netty.channel.ChannelManager -- Adding key: https://ondemand.us-west-1.saucelabs.com:443 for channel [id: 0x5d8cc613, L:/192.168.1.146:57614 - R:ondemand.us-west-1.saucelabs.com/66.85.52.224:443]
13:07:38.122 [Forwarding executeScript on session 724de05069144310a7342d95f6334a48 to remote] DEBUG org.asynchttpclient.netty.request.NettyRequestSender -- Using pooled Channel '[id: 0x5d8cc613, L:/192.168.1.146:57614 - R:ondemand.us-west-1.saucelabs.com/66.85.52.224:443]' for 'POST' to 'https://oauth-autolazare-558fb:f8d0a4b4-e059-4b39-a9eb-366965b887b1@ondemand.us-west-1.saucelabs.com:443/wd/hub/session/724de05069144310a7342d95f6334a48/execute/sync'
13:07:38.122 [Forwarding executeScript on session 724de05069144310a7342d95f6334a48 to remote] DEBUG org.asynchttpclient.netty.request.NettyRequestSender -- Using open Channel [id: 0x5d8cc613, L:/192.168.1.146:57614 - R:ondemand.us-west-1.saucelabs.com/66.85.52.224:443] for POST '/wd/hub/session/724de05069144310a7342d95f6334a48/execute/sync'
13:07:38.657 [AsyncHttpClient-1-2] DEBUG org.asynchttpclient.netty.handler.HttpHandler -- 

Request DefaultHttpRequest(decodeResult: success, version: HTTP/1.1)
POST /wd/hub/session/724de05069144310a7342d95f6334a48/execute/sync HTTP/1.1
User-Agent: selenium/4.9.0 (java windows)
traceparent: 00-f9f97b3bd0b6f24990b28da013fa90e7-3b039ce05c6cf0cc-01
Content-Length: 323605
Content-Type: application/json; charset=utf-8
host: ondemand.us-west-1.saucelabs.com
authorization: Basic b2F1dGgtYXV0b2xhemFyZS01NThmYjpmOGQwYTRiNC1lMDU5LTRiMzktYTllYi0zNjY5NjViODg3YjE=
accept: */*

Response DefaultHttpResponse(decodeResult: success, version: HTTP/1.1)
HTTP/1.1 200 OK
content-type: application/json;charset=UTF-8
date: Fri, 12 May 2023 17:07:37 GMT
server: monocle/0.42
content-length: 15
x-request-id: a0515fe7-72bf-42a4-9e99-1283872482d6

13:07:38.657 [AsyncHttpClient-1-2] DEBUG org.asynchttpclient.netty.channel.ChannelManager -- Adding key: https://ondemand.us-west-1.saucelabs.com:443 for channel [id: 0x5d8cc613, L:/192.168.1.146:57614 - R:ondemand.us-west-1.saucelabs.com/66.85.52.224:443]
13:07:38.672 [Forwarding findElements on session 724de05069144310a7342d95f6334a48 to remote] DEBUG org.asynchttpclient.netty.request.NettyRequestSender -- Using pooled Channel '[id: 0x5d8cc613, L:/192.168.1.146:57614 - R:ondemand.us-west-1.saucelabs.com/66.85.52.224:443]' for 'POST' to 'https://oauth-autolazare-558fb:f8d0a4b4-e059-4b39-a9eb-366965b887b1@ondemand.us-west-1.saucelabs.com:443/wd/hub/session/724de05069144310a7342d95f6334a48/elements'
13:07:38.672 [Forwarding findElements on session 724de05069144310a7342d95f6334a48 to remote] DEBUG org.asynchttpclient.netty.request.NettyRequestSender -- Using open Channel [id: 0x5d8cc613, L:/192.168.1.146:57614 - R:ondemand.us-west-1.saucelabs.com/66.85.52.224:443] for POST '/wd/hub/session/724de05069144310a7342d95f6334a48/elements'
13:07:38.799 [AsyncHttpClient-1-2] DEBUG org.asynchttpclient.netty.handler.HttpHandler -- 

Request DefaultHttpRequest(decodeResult: success, version: HTTP/1.1)
POST /wd/hub/session/724de05069144310a7342d95f6334a48/elements HTTP/1.1
User-Agent: selenium/4.9.0 (java windows)
traceparent: 00-9d6a42c7b6950ab7b1c012143135b8a0-fbcdb7dec1d6a0e0-01
Content-Length: 98
Content-Type: application/json; charset=utf-8
host: ondemand.us-west-1.saucelabs.com
authorization: Basic b2F1dGgtYXV0b2xhemFyZS01NThmYjpmOGQwYTRiNC1lMDU5LTRiMzktYTllYi0zNjY5NjViODg3YjE=
accept: */*

Response DefaultHttpResponse(decodeResult: success, version: HTTP/1.1)
HTTP/1.1 200 OK
content-type: application/json;charset=UTF-8
date: Fri, 12 May 2023 17:07:37 GMT
server: monocle/0.42
content-length: 13
x-request-id: 9079c834-0c5b-4857-b76d-d998cc907318

13:07:38.799 [AsyncHttpClient-1-2] DEBUG org.asynchttpclient.netty.channel.ChannelManager -- Adding key: https://ondemand.us-west-1.saucelabs.com:443 for channel [id: 0x5d8cc613, L:/192.168.1.146:57614 - R:ondemand.us-west-1.saucelabs.com/66.85.52.224:443]
13:07:38.799 [Forwarding switchToParentFrame on session 724de05069144310a7342d95f6334a48 to remote] DEBUG org.asynchttpclient.netty.request.NettyRequestSender -- Using pooled Channel '[id: 0x5d8cc613, L:/192.168.1.146:57614 - R:ondemand.us-west-1.saucelabs.com/66.85.52.224:443]' for 'POST' to 'https://oauth-autolazare-558fb:f8d0a4b4-e059-4b39-a9eb-366965b887b1@ondemand.us-west-1.saucelabs.com:443/wd/hub/session/724de05069144310a7342d95f6334a48/frame/parent'
13:07:38.799 [Forwarding switchToParentFrame on session 724de05069144310a7342d95f6334a48 to remote] DEBUG org.asynchttpclient.netty.request.NettyRequestSender -- Using open Channel [id: 0x5d8cc613, L:/192.168.1.146:57614 - R:ondemand.us-west-1.saucelabs.com/66.85.52.224:443] for POST '/wd/hub/session/724de05069144310a7342d95f6334a48/frame/parent'
13:07:39.239 [AsyncHttpClient-1-2] DEBUG org.asynchttpclient.netty.handler.HttpHandler -- 

Request DefaultHttpRequest(decodeResult: success, version: HTTP/1.1)
POST /wd/hub/session/724de05069144310a7342d95f6334a48/frame/parent HTTP/1.1
User-Agent: selenium/4.9.0 (java windows)
traceparent: 00-a5f40d86cd08bf782234241ebcad1f19-5200ab8102b439eb-01
Content-Length: 3
Content-Type: application/json; charset=utf-8
host: ondemand.us-west-1.saucelabs.com
authorization: Basic b2F1dGgtYXV0b2xhemFyZS01NThmYjpmOGQwYTRiNC1lMDU5LTRiMzktYTllYi0zNjY5NjViODg3YjE=
accept: */*

Response DefaultHttpResponse(decodeResult: success, version: HTTP/1.1)
HTTP/1.1 200 OK
content-type: application/json;charset=UTF-8
date: Fri, 12 May 2023 17:07:37 GMT
server: monocle/0.42
content-length: 15
x-request-id: 0d07a741-f710-4c4a-9584-a9c6ee35b332

13:07:39.239 [AsyncHttpClient-1-2] DEBUG org.asynchttpclient.netty.channel.ChannelManager -- Adding key: https://ondemand.us-west-1.saucelabs.com:443 for channel [id: 0x5d8cc613, L:/192.168.1.146:57614 - R:ondemand.us-west-1.saucelabs.com/66.85.52.224:443]
13:07:39.239 [Forwarding switchToParentFrame on session 724de05069144310a7342d95f6334a48 to remote] DEBUG org.asynchttpclient.netty.request.NettyRequestSender -- Using pooled Channel '[id: 0x5d8cc613, L:/192.168.1.146:57614 - R:ondemand.us-west-1.saucelabs.com/66.85.52.224:443]' for 'POST' to 'https://oauth-autolazare-558fb:f8d0a4b4-e059-4b39-a9eb-366965b887b1@ondemand.us-west-1.saucelabs.com:443/wd/hub/session/724de05069144310a7342d95f6334a48/frame/parent'
13:07:39.239 [Forwarding switchToParentFrame on session 724de05069144310a7342d95f6334a48 to remote] DEBUG org.asynchttpclient.netty.request.NettyRequestSender -- Using open Channel [id: 0x5d8cc613, L:/192.168.1.146:57614 - R:ondemand.us-west-1.saucelabs.com/66.85.52.224:443] for POST '/wd/hub/session/724de05069144310a7342d95f6334a48/frame/parent'
13:07:39.380 [AsyncHttpClient-1-2] DEBUG org.asynchttpclient.netty.handler.HttpHandler -- 

Request DefaultHttpRequest(decodeResult: success, version: HTTP/1.1)
POST /wd/hub/session/724de05069144310a7342d95f6334a48/frame/parent HTTP/1.1
User-Agent: selenium/4.9.0 (java windows)
traceparent: 00-e1559c2a5f87daa2a4afb0bf12aaba46-276e8480fa39fc40-01
Content-Length: 3
Content-Type: application/json; charset=utf-8
host: ondemand.us-west-1.saucelabs.com
authorization: Basic b2F1dGgtYXV0b2xhemFyZS01NThmYjpmOGQwYTRiNC1lMDU5LTRiMzktYTllYi0zNjY5NjViODg3YjE=
accept: */*

Response DefaultHttpResponse(decodeResult: success, version: HTTP/1.1)
HTTP/1.1 200 OK
content-type: application/json;charset=UTF-8
date: Fri, 12 May 2023 17:07:38 GMT
server: monocle/0.42
content-length: 15
x-request-id: a3d57a7d-af2e-4dc6-af54-8eb4ccc2958e

13:07:39.380 [AsyncHttpClient-1-2] DEBUG org.asynchttpclient.netty.channel.ChannelManager -- Adding key: https://ondemand.us-west-1.saucelabs.com:443 for channel [id: 0x5d8cc613, L:/192.168.1.146:57614 - R:ondemand.us-west-1.saucelabs.com/66.85.52.224:443]
13:07:39.380 [Forwarding switchToFrame on session 724de05069144310a7342d95f6334a48 to remote] DEBUG org.asynchttpclient.netty.request.NettyRequestSender -- Using pooled Channel '[id: 0x5d8cc613, L:/192.168.1.146:57614 - R:ondemand.us-west-1.saucelabs.com/66.85.52.224:443]' for 'POST' to 'https://oauth-autolazare-558fb:f8d0a4b4-e059-4b39-a9eb-366965b887b1@ondemand.us-west-1.saucelabs.com:443/wd/hub/session/724de05069144310a7342d95f6334a48/frame'
13:07:39.380 [Forwarding switchToFrame on session 724de05069144310a7342d95f6334a48 to remote] DEBUG org.asynchttpclient.netty.request.NettyRequestSender -- Using open Channel [id: 0x5d8cc613, L:/192.168.1.146:57614 - R:ondemand.us-west-1.saucelabs.com/66.85.52.224:443] for POST '/wd/hub/session/724de05069144310a7342d95f6334a48/frame'
13:07:39.604 [AsyncHttpClient-1-2] DEBUG org.asynchttpclient.netty.handler.HttpHandler -- 

Request DefaultHttpRequest(decodeResult: success, version: HTTP/1.1)
POST /wd/hub/session/724de05069144310a7342d95f6334a48/frame HTTP/1.1
User-Agent: selenium/4.9.0 (java windows)
traceparent: 00-31dd2505812014e60e7d9e1efeb1b25c-7a1a37ef3418bf0f-01
Content-Length: 106
Content-Type: application/json; charset=utf-8
host: ondemand.us-west-1.saucelabs.com
authorization: Basic b2F1dGgtYXV0b2xhemFyZS01NThmYjpmOGQwYTRiNC1lMDU5LTRiMzktYTllYi0zNjY5NjViODg3YjE=
accept: */*

Response DefaultHttpResponse(decodeResult: success, version: HTTP/1.1)
HTTP/1.1 200 OK
content-type: application/json;charset=UTF-8
date: Fri, 12 May 2023 17:07:38 GMT
server: monocle/0.42
content-length: 15
x-request-id: a6b1ee3c-4672-4994-b3b8-28faa0eb373d

13:07:39.604 [AsyncHttpClient-1-2] DEBUG org.asynchttpclient.netty.channel.ChannelManager -- Adding key: https://ondemand.us-west-1.saucelabs.com:443 for channel [id: 0x5d8cc613, L:/192.168.1.146:57614 - R:ondemand.us-west-1.saucelabs.com/66.85.52.224:443]
13:07:39.620 [Forwarding executeScript on session 724de05069144310a7342d95f6334a48 to remote] DEBUG org.asynchttpclient.netty.request.NettyRequestSender -- Using pooled Channel '[id: 0x5d8cc613, L:/192.168.1.146:57614 - R:ondemand.us-west-1.saucelabs.com/66.85.52.224:443]' for 'POST' to 'https://oauth-autolazare-558fb:f8d0a4b4-e059-4b39-a9eb-366965b887b1@ondemand.us-west-1.saucelabs.com:443/wd/hub/session/724de05069144310a7342d95f6334a48/execute/sync'
13:07:39.620 [Forwarding executeScript on session 724de05069144310a7342d95f6334a48 to remote] DEBUG org.asynchttpclient.netty.request.NettyRequestSender -- Using open Channel [id: 0x5d8cc613, L:/192.168.1.146:57614 - R:ondemand.us-west-1.saucelabs.com/66.85.52.224:443] for POST '/wd/hub/session/724de05069144310a7342d95f6334a48/execute/sync'
13:07:40.137 [AsyncHttpClient-1-2] DEBUG org.asynchttpclient.netty.handler.HttpHandler -- 

Request DefaultHttpRequest(decodeResult: success, version: HTTP/1.1)
POST /wd/hub/session/724de05069144310a7342d95f6334a48/execute/sync HTTP/1.1
User-Agent: selenium/4.9.0 (java windows)
traceparent: 00-127c20f76641d793bc9f9c127a29324f-ba645acf9ec82c27-01
Content-Length: 323605
Content-Type: application/json; charset=utf-8
host: ondemand.us-west-1.saucelabs.com
authorization: Basic b2F1dGgtYXV0b2xhemFyZS01NThmYjpmOGQwYTRiNC1lMDU5LTRiMzktYTllYi0zNjY5NjViODg3YjE=
accept: */*

Response DefaultHttpResponse(decodeResult: success, version: HTTP/1.1)
HTTP/1.1 200 OK
content-type: application/json;charset=UTF-8
date: Fri, 12 May 2023 17:07:38 GMT
server: monocle/0.42
content-length: 15
x-request-id: f0e477e1-b941-47a6-ae82-b6ba691a91d9

13:07:40.137 [AsyncHttpClient-1-2] DEBUG org.asynchttpclient.netty.channel.ChannelManager -- Adding key: https://ondemand.us-west-1.saucelabs.com:443 for channel [id: 0x5d8cc613, L:/192.168.1.146:57614 - R:ondemand.us-west-1.saucelabs.com/66.85.52.224:443]
13:07:40.137 [Forwarding findElements on session 724de05069144310a7342d95f6334a48 to remote] DEBUG org.asynchttpclient.netty.request.NettyRequestSender -- Using pooled Channel '[id: 0x5d8cc613, L:/192.168.1.146:57614 - R:ondemand.us-west-1.saucelabs.com/66.85.52.224:443]' for 'POST' to 'https://oauth-autolazare-558fb:f8d0a4b4-e059-4b39-a9eb-366965b887b1@ondemand.us-west-1.saucelabs.com:443/wd/hub/session/724de05069144310a7342d95f6334a48/elements'
13:07:40.137 [Forwarding findElements on session 724de05069144310a7342d95f6334a48 to remote] DEBUG org.asynchttpclient.netty.request.NettyRequestSender -- Using open Channel [id: 0x5d8cc613, L:/192.168.1.146:57614 - R:ondemand.us-west-1.saucelabs.com/66.85.52.224:443] for POST '/wd/hub/session/724de05069144310a7342d95f6334a48/elements'
13:07:40.278 [AsyncHttpClient-1-2] DEBUG org.asynchttpclient.netty.handler.HttpHandler -- 

Request DefaultHttpRequest(decodeResult: success, version: HTTP/1.1)
POST /wd/hub/session/724de05069144310a7342d95f6334a48/elements HTTP/1.1
User-Agent: selenium/4.9.0 (java windows)
traceparent: 00-673cc1cacb77a449da49a73de1182643-6f63b6b4baecfb5f-01
Content-Length: 98
Content-Type: application/json; charset=utf-8
host: ondemand.us-west-1.saucelabs.com
authorization: Basic b2F1dGgtYXV0b2xhemFyZS01NThmYjpmOGQwYTRiNC1lMDU5LTRiMzktYTllYi0zNjY5NjViODg3YjE=
accept: */*

Response DefaultHttpResponse(decodeResult: success, version: HTTP/1.1)
HTTP/1.1 200 OK
content-type: application/json;charset=UTF-8
date: Fri, 12 May 2023 17:07:38 GMT
server: monocle/0.42
content-length: 13
x-request-id: 7f93b309-5521-49aa-a140-e0527dd95e15

13:07:40.278 [AsyncHttpClient-1-2] DEBUG org.asynchttpclient.netty.channel.ChannelManager -- Adding key: https://ondemand.us-west-1.saucelabs.com:443 for channel [id: 0x5d8cc613, L:/192.168.1.146:57614 - R:ondemand.us-west-1.saucelabs.com/66.85.52.224:443]
13:07:40.282 [Forwarding switchToParentFrame on session 724de05069144310a7342d95f6334a48 to remote] DEBUG org.asynchttpclient.netty.request.NettyRequestSender -- Using pooled Channel '[id: 0x5d8cc613, L:/192.168.1.146:57614 - R:ondemand.us-west-1.saucelabs.com/66.85.52.224:443]' for 'POST' to 'https://oauth-autolazare-558fb:f8d0a4b4-e059-4b39-a9eb-366965b887b1@ondemand.us-west-1.saucelabs.com:443/wd/hub/session/724de05069144310a7342d95f6334a48/frame/parent'
13:07:40.282 [Forwarding switchToParentFrame on session 724de05069144310a7342d95f6334a48 to remote] DEBUG org.asynchttpclient.netty.request.NettyRequestSender -- Using open Channel [id: 0x5d8cc613, L:/192.168.1.146:57614 - R:ondemand.us-west-1.saucelabs.com/66.85.52.224:443] for POST '/wd/hub/session/724de05069144310a7342d95f6334a48/frame/parent'
13:07:40.390 [AsyncHttpClient-1-2] DEBUG org.asynchttpclient.netty.handler.HttpHandler -- 

Request DefaultHttpRequest(decodeResult: success, version: HTTP/1.1)
POST /wd/hub/session/724de05069144310a7342d95f6334a48/frame/parent HTTP/1.1
User-Agent: selenium/4.9.0 (java windows)
traceparent: 00-dcb8133d6841b8d9c3bcd677f5c90dba-2fdef6e79e59ed71-01
Content-Length: 3
Content-Type: application/json; charset=utf-8
host: ondemand.us-west-1.saucelabs.com
authorization: Basic b2F1dGgtYXV0b2xhemFyZS01NThmYjpmOGQwYTRiNC1lMDU5LTRiMzktYTllYi0zNjY5NjViODg3YjE=
accept: */*

Response DefaultHttpResponse(decodeResult: success, version: HTTP/1.1)
HTTP/1.1 200 OK
content-type: application/json;charset=UTF-8
date: Fri, 12 May 2023 17:07:39 GMT
server: monocle/0.42
content-length: 15
x-request-id: daa7ab75-cd9e-4ac3-b665-72dc83ba16dc

13:07:40.390 [AsyncHttpClient-1-2] DEBUG org.asynchttpclient.netty.channel.ChannelManager -- Adding key: https://ondemand.us-west-1.saucelabs.com:443 for channel [id: 0x5d8cc613, L:/192.168.1.146:57614 - R:ondemand.us-west-1.saucelabs.com/66.85.52.224:443]
13:07:40.403 [Forwarding switchToFrame on session 724de05069144310a7342d95f6334a48 to remote] DEBUG org.asynchttpclient.netty.request.NettyRequestSender -- Using pooled Channel '[id: 0x5d8cc613, L:/192.168.1.146:57614 - R:ondemand.us-west-1.saucelabs.com/66.85.52.224:443]' for 'POST' to 'https://oauth-autolazare-558fb:f8d0a4b4-e059-4b39-a9eb-366965b887b1@ondemand.us-west-1.saucelabs.com:443/wd/hub/session/724de05069144310a7342d95f6334a48/frame'
13:07:40.403 [Forwarding switchToFrame on session 724de05069144310a7342d95f6334a48 to remote] DEBUG org.asynchttpclient.netty.request.NettyRequestSender -- Using open Channel [id: 0x5d8cc613, L:/192.168.1.146:57614 - R:ondemand.us-west-1.saucelabs.com/66.85.52.224:443] for POST '/wd/hub/session/724de05069144310a7342d95f6334a48/frame'
13:07:40.548 [AsyncHttpClient-1-2] DEBUG org.asynchttpclient.netty.handler.HttpHandler -- 

Request DefaultHttpRequest(decodeResult: success, version: HTTP/1.1)
POST /wd/hub/session/724de05069144310a7342d95f6334a48/frame HTTP/1.1
User-Agent: selenium/4.9.0 (java windows)
traceparent: 00-8b5b838878bcdba8ac489094d8fab308-f82e01514e89b814-01
Content-Length: 106
Content-Type: application/json; charset=utf-8
host: ondemand.us-west-1.saucelabs.com
authorization: Basic b2F1dGgtYXV0b2xhemFyZS01NThmYjpmOGQwYTRiNC1lMDU5LTRiMzktYTllYi0zNjY5NjViODg3YjE=
accept: */*

Response DefaultHttpResponse(decodeResult: success, version: HTTP/1.1)
HTTP/1.1 200 OK
content-type: application/json;charset=UTF-8
date: Fri, 12 May 2023 17:07:39 GMT
server: monocle/0.42
content-length: 15
x-request-id: ff3cfd4d-3924-4099-85e4-f996b937c371

13:07:40.548 [AsyncHttpClient-1-2] DEBUG org.asynchttpclient.netty.channel.ChannelManager -- Adding key: https://ondemand.us-west-1.saucelabs.com:443 for channel [id: 0x5d8cc613, L:/192.168.1.146:57614 - R:ondemand.us-west-1.saucelabs.com/66.85.52.224:443]
13:07:40.563 [Forwarding executeScript on session 724de05069144310a7342d95f6334a48 to remote] DEBUG org.asynchttpclient.netty.request.NettyRequestSender -- Using pooled Channel '[id: 0x5d8cc613, L:/192.168.1.146:57614 - R:ondemand.us-west-1.saucelabs.com/66.85.52.224:443]' for 'POST' to 'https://oauth-autolazare-558fb:f8d0a4b4-e059-4b39-a9eb-366965b887b1@ondemand.us-west-1.saucelabs.com:443/wd/hub/session/724de05069144310a7342d95f6334a48/execute/sync'
13:07:40.563 [Forwarding executeScript on session 724de05069144310a7342d95f6334a48 to remote] DEBUG org.asynchttpclient.netty.request.NettyRequestSender -- Using open Channel [id: 0x5d8cc613, L:/192.168.1.146:57614 - R:ondemand.us-west-1.saucelabs.com/66.85.52.224:443] for POST '/wd/hub/session/724de05069144310a7342d95f6334a48/execute/sync'
13:07:41.061 [AsyncHttpClient-1-2] DEBUG org.asynchttpclient.netty.handler.HttpHandler -- 

Request DefaultHttpRequest(decodeResult: success, version: HTTP/1.1)
POST /wd/hub/session/724de05069144310a7342d95f6334a48/execute/sync HTTP/1.1
User-Agent: selenium/4.9.0 (java windows)
traceparent: 00-50d58093e90420d34626f4ee1fe4a1a1-edeb127897df4afd-01
Content-Length: 323605
Content-Type: application/json; charset=utf-8
host: ondemand.us-west-1.saucelabs.com
authorization: Basic b2F1dGgtYXV0b2xhemFyZS01NThmYjpmOGQwYTRiNC1lMDU5LTRiMzktYTllYi0zNjY5NjViODg3YjE=
accept: */*

Response DefaultHttpResponse(decodeResult: success, version: HTTP/1.1)
HTTP/1.1 200 OK
content-type: application/json;charset=UTF-8
date: Fri, 12 May 2023 17:07:39 GMT
server: monocle/0.42
content-length: 15
x-request-id: 361ad8c6-f987-42fa-909b-fb7024765f08

13:07:41.061 [AsyncHttpClient-1-2] DEBUG org.asynchttpclient.netty.channel.ChannelManager -- Adding key: https://ondemand.us-west-1.saucelabs.com:443 for channel [id: 0x5d8cc613, L:/192.168.1.146:57614 - R:ondemand.us-west-1.saucelabs.com/66.85.52.224:443]
13:07:41.075 [Forwarding findElements on session 724de05069144310a7342d95f6334a48 to remote] DEBUG org.asynchttpclient.netty.request.NettyRequestSender -- Using pooled Channel '[id: 0x5d8cc613, L:/192.168.1.146:57614 - R:ondemand.us-west-1.saucelabs.com/66.85.52.224:443]' for 'POST' to 'https://oauth-autolazare-558fb:f8d0a4b4-e059-4b39-a9eb-366965b887b1@ondemand.us-west-1.saucelabs.com:443/wd/hub/session/724de05069144310a7342d95f6334a48/elements'
13:07:41.075 [Forwarding findElements on session 724de05069144310a7342d95f6334a48 to remote] DEBUG org.asynchttpclient.netty.request.NettyRequestSender -- Using open Channel [id: 0x5d8cc613, L:/192.168.1.146:57614 - R:ondemand.us-west-1.saucelabs.com/66.85.52.224:443] for POST '/wd/hub/session/724de05069144310a7342d95f6334a48/elements'
13:07:41.220 [AsyncHttpClient-1-2] DEBUG org.asynchttpclient.netty.handler.HttpHandler -- 

Request DefaultHttpRequest(decodeResult: success, version: HTTP/1.1)
POST /wd/hub/session/724de05069144310a7342d95f6334a48/elements HTTP/1.1
User-Agent: selenium/4.9.0 (java windows)
traceparent: 00-1d9b9a852047385ece79e24b02690934-fdb9d4d172adec3c-01
Content-Length: 98
Content-Type: application/json; charset=utf-8
host: ondemand.us-west-1.saucelabs.com
authorization: Basic b2F1dGgtYXV0b2xhemFyZS01NThmYjpmOGQwYTRiNC1lMDU5LTRiMzktYTllYi0zNjY5NjViODg3YjE=
accept: */*

Response DefaultHttpResponse(decodeResult: success, version: HTTP/1.1)
HTTP/1.1 200 OK
content-type: application/json;charset=UTF-8
date: Fri, 12 May 2023 17:07:39 GMT
server: monocle/0.42
content-length: 13
x-request-id: 4aa51ff1-11fe-4d00-9bfa-078def2cbd05

13:07:41.220 [AsyncHttpClient-1-2] DEBUG org.asynchttpclient.netty.channel.ChannelManager -- Adding key: https://ondemand.us-west-1.saucelabs.com:443 for channel [id: 0x5d8cc613, L:/192.168.1.146:57614 - R:ondemand.us-west-1.saucelabs.com/66.85.52.224:443]
13:07:41.224 [Forwarding switchToParentFrame on session 724de05069144310a7342d95f6334a48 to remote] DEBUG org.asynchttpclient.netty.request.NettyRequestSender -- Using pooled Channel '[id: 0x5d8cc613, L:/192.168.1.146:57614 - R:ondemand.us-west-1.saucelabs.com/66.85.52.224:443]' for 'POST' to 'https://oauth-autolazare-558fb:f8d0a4b4-e059-4b39-a9eb-366965b887b1@ondemand.us-west-1.saucelabs.com:443/wd/hub/session/724de05069144310a7342d95f6334a48/frame/parent'
13:07:41.224 [Forwarding switchToParentFrame on session 724de05069144310a7342d95f6334a48 to remote] DEBUG org.asynchttpclient.netty.request.NettyRequestSender -- Using open Channel [id: 0x5d8cc613, L:/192.168.1.146:57614 - R:ondemand.us-west-1.saucelabs.com/66.85.52.224:443] for POST '/wd/hub/session/724de05069144310a7342d95f6334a48/frame/parent'
13:07:41.347 [AsyncHttpClient-1-2] DEBUG org.asynchttpclient.netty.handler.HttpHandler -- 

Request DefaultHttpRequest(decodeResult: success, version: HTTP/1.1)
POST /wd/hub/session/724de05069144310a7342d95f6334a48/frame/parent HTTP/1.1
User-Agent: selenium/4.9.0 (java windows)
traceparent: 00-fb3382b61321bf2924bbd58eb892af7d-bca557a7acfc9987-01
Content-Length: 3
Content-Type: application/json; charset=utf-8
host: ondemand.us-west-1.saucelabs.com
authorization: Basic b2F1dGgtYXV0b2xhemFyZS01NThmYjpmOGQwYTRiNC1lMDU5LTRiMzktYTllYi0zNjY5NjViODg3YjE=
accept: */*

Response DefaultHttpResponse(decodeResult: success, version: HTTP/1.1)
HTTP/1.1 200 OK
content-type: application/json;charset=UTF-8
date: Fri, 12 May 2023 17:07:40 GMT
server: monocle/0.42
content-length: 15
x-request-id: bae42216-2b55-4179-a8fb-6fd256717561

13:07:41.347 [AsyncHttpClient-1-2] DEBUG org.asynchttpclient.netty.channel.ChannelManager -- Adding key: https://ondemand.us-west-1.saucelabs.com:443 for channel [id: 0x5d8cc613, L:/192.168.1.146:57614 - R:ondemand.us-west-1.saucelabs.com/66.85.52.224:443]
13:07:41.350 [Forwarding switchToFrame on session 724de05069144310a7342d95f6334a48 to remote] DEBUG org.asynchttpclient.netty.request.NettyRequestSender -- Using pooled Channel '[id: 0x5d8cc613, L:/192.168.1.146:57614 - R:ondemand.us-west-1.saucelabs.com/66.85.52.224:443]' for 'POST' to 'https://oauth-autolazare-558fb:f8d0a4b4-e059-4b39-a9eb-366965b887b1@ondemand.us-west-1.saucelabs.com:443/wd/hub/session/724de05069144310a7342d95f6334a48/frame'
13:07:41.351 [Forwarding switchToFrame on session 724de05069144310a7342d95f6334a48 to remote] DEBUG org.asynchttpclient.netty.request.NettyRequestSender -- Using open Channel [id: 0x5d8cc613, L:/192.168.1.146:57614 - R:ondemand.us-west-1.saucelabs.com/66.85.52.224:443] for POST '/wd/hub/session/724de05069144310a7342d95f6334a48/frame'
13:07:41.506 [AsyncHttpClient-1-2] DEBUG org.asynchttpclient.netty.handler.HttpHandler -- 

Request DefaultHttpRequest(decodeResult: success, version: HTTP/1.1)
POST /wd/hub/session/724de05069144310a7342d95f6334a48/frame HTTP/1.1
User-Agent: selenium/4.9.0 (java windows)
traceparent: 00-088bdea45cc9ff552d2bd497519f4f35-c996ee56cb8f65f2-01
Content-Length: 106
Content-Type: application/json; charset=utf-8
host: ondemand.us-west-1.saucelabs.com
authorization: Basic b2F1dGgtYXV0b2xhemFyZS01NThmYjpmOGQwYTRiNC1lMDU5LTRiMzktYTllYi0zNjY5NjViODg3YjE=
accept: */*

Response DefaultHttpResponse(decodeResult: success, version: HTTP/1.1)
HTTP/1.1 200 OK
content-type: application/json;charset=UTF-8
date: Fri, 12 May 2023 17:07:40 GMT
server: monocle/0.42
content-length: 15
x-request-id: 9e753c72-dc01-426c-8759-fdfa790f4d59

13:07:41.506 [AsyncHttpClient-1-2] DEBUG org.asynchttpclient.netty.channel.ChannelManager -- Adding key: https://ondemand.us-west-1.saucelabs.com:443 for channel [id: 0x5d8cc613, L:/192.168.1.146:57614 - R:ondemand.us-west-1.saucelabs.com/66.85.52.224:443]
13:07:41.515 [Forwarding executeScript on session 724de05069144310a7342d95f6334a48 to remote] DEBUG org.asynchttpclient.netty.request.NettyRequestSender -- Using pooled Channel '[id: 0x5d8cc613, L:/192.168.1.146:57614 - R:ondemand.us-west-1.saucelabs.com/66.85.52.224:443]' for 'POST' to 'https://oauth-autolazare-558fb:f8d0a4b4-e059-4b39-a9eb-366965b887b1@ondemand.us-west-1.saucelabs.com:443/wd/hub/session/724de05069144310a7342d95f6334a48/execute/sync'
13:07:41.515 [Forwarding executeScript on session 724de05069144310a7342d95f6334a48 to remote] DEBUG org.asynchttpclient.netty.request.NettyRequestSender -- Using open Channel [id: 0x5d8cc613, L:/192.168.1.146:57614 - R:ondemand.us-west-1.saucelabs.com/66.85.52.224:443] for POST '/wd/hub/session/724de05069144310a7342d95f6334a48/execute/sync'
13:07:42.022 [AsyncHttpClient-1-2] DEBUG org.asynchttpclient.netty.handler.HttpHandler -- 

Request DefaultHttpRequest(decodeResult: success, version: HTTP/1.1)
POST /wd/hub/session/724de05069144310a7342d95f6334a48/execute/sync HTTP/1.1
User-Agent: selenium/4.9.0 (java windows)
traceparent: 00-c25794b8731b0312f662f08397070a49-8613c8fa600e8cb7-01
Content-Length: 323605
Content-Type: application/json; charset=utf-8
host: ondemand.us-west-1.saucelabs.com
authorization: Basic b2F1dGgtYXV0b2xhemFyZS01NThmYjpmOGQwYTRiNC1lMDU5LTRiMzktYTllYi0zNjY5NjViODg3YjE=
accept: */*

Response DefaultHttpResponse(decodeResult: success, version: HTTP/1.1)
HTTP/1.1 200 OK
content-type: application/json;charset=UTF-8
date: Fri, 12 May 2023 17:07:40 GMT
server: monocle/0.42
content-length: 15
x-request-id: 00e3a5e1-735a-4cc4-954d-17da96daf0c4

13:07:42.025 [AsyncHttpClient-1-2] DEBUG org.asynchttpclient.netty.channel.ChannelManager -- Adding key: https://ondemand.us-west-1.saucelabs.com:443 for channel [id: 0x5d8cc613, L:/192.168.1.146:57614 - R:ondemand.us-west-1.saucelabs.com/66.85.52.224:443]
13:07:42.028 [Forwarding findElements on session 724de05069144310a7342d95f6334a48 to remote] DEBUG org.asynchttpclient.netty.request.NettyRequestSender -- Using pooled Channel '[id: 0x5d8cc613, L:/192.168.1.146:57614 - R:ondemand.us-west-1.saucelabs.com/66.85.52.224:443]' for 'POST' to 'https://oauth-autolazare-558fb:f8d0a4b4-e059-4b39-a9eb-366965b887b1@ondemand.us-west-1.saucelabs.com:443/wd/hub/session/724de05069144310a7342d95f6334a48/elements'
13:07:42.030 [Forwarding findElements on session 724de05069144310a7342d95f6334a48 to remote] DEBUG org.asynchttpclient.netty.request.NettyRequestSender -- Using open Channel [id: 0x5d8cc613, L:/192.168.1.146:57614 - R:ondemand.us-west-1.saucelabs.com/66.85.52.224:443] for POST '/wd/hub/session/724de05069144310a7342d95f6334a48/elements'
13:07:42.157 [AsyncHttpClient-1-2] DEBUG org.asynchttpclient.netty.handler.HttpHandler -- 

Request DefaultHttpRequest(decodeResult: success, version: HTTP/1.1)
POST /wd/hub/session/724de05069144310a7342d95f6334a48/elements HTTP/1.1
User-Agent: selenium/4.9.0 (java windows)
traceparent: 00-7bc8aae5d2c819f55a30f630a2ca7806-4d691d42186391f3-01
Content-Length: 98
Content-Type: application/json; charset=utf-8
host: ondemand.us-west-1.saucelabs.com
authorization: Basic b2F1dGgtYXV0b2xhemFyZS01NThmYjpmOGQwYTRiNC1lMDU5LTRiMzktYTllYi0zNjY5NjViODg3YjE=
accept: */*

Response DefaultHttpResponse(decodeResult: success, version: HTTP/1.1)
HTTP/1.1 200 OK
content-type: application/json;charset=UTF-8
date: Fri, 12 May 2023 17:07:40 GMT
server: monocle/0.42
content-length: 13
x-request-id: e59c561b-044a-4712-9159-4965dc2ca800

13:07:42.158 [AsyncHttpClient-1-2] DEBUG org.asynchttpclient.netty.channel.ChannelManager -- Adding key: https://ondemand.us-west-1.saucelabs.com:443 for channel [id: 0x5d8cc613, L:/192.168.1.146:57614 - R:ondemand.us-west-1.saucelabs.com/66.85.52.224:443]
13:07:42.159 [Forwarding switchToParentFrame on session 724de05069144310a7342d95f6334a48 to remote] DEBUG org.asynchttpclient.netty.request.NettyRequestSender -- Using pooled Channel '[id: 0x5d8cc613, L:/192.168.1.146:57614 - R:ondemand.us-west-1.saucelabs.com/66.85.52.224:443]' for 'POST' to 'https://oauth-autolazare-558fb:f8d0a4b4-e059-4b39-a9eb-366965b887b1@ondemand.us-west-1.saucelabs.com:443/wd/hub/session/724de05069144310a7342d95f6334a48/frame/parent'
13:07:42.160 [Forwarding switchToParentFrame on session 724de05069144310a7342d95f6334a48 to remote] DEBUG org.asynchttpclient.netty.request.NettyRequestSender -- Using open Channel [id: 0x5d8cc613, L:/192.168.1.146:57614 - R:ondemand.us-west-1.saucelabs.com/66.85.52.224:443] for POST '/wd/hub/session/724de05069144310a7342d95f6334a48/frame/parent'
13:07:42.283 [AsyncHttpClient-1-2] DEBUG org.asynchttpclient.netty.handler.HttpHandler -- 

Request DefaultHttpRequest(decodeResult: success, version: HTTP/1.1)
POST /wd/hub/session/724de05069144310a7342d95f6334a48/frame/parent HTTP/1.1
User-Agent: selenium/4.9.0 (java windows)
traceparent: 00-02eb3aa3ebc81c67bb899d23dcb36890-f14cf2e30ea67e15-01
Content-Length: 3
Content-Type: application/json; charset=utf-8
host: ondemand.us-west-1.saucelabs.com
authorization: Basic b2F1dGgtYXV0b2xhemFyZS01NThmYjpmOGQwYTRiNC1lMDU5LTRiMzktYTllYi0zNjY5NjViODg3YjE=
accept: */*

Response DefaultHttpResponse(decodeResult: success, version: HTTP/1.1)
HTTP/1.1 200 OK
content-type: application/json;charset=UTF-8
date: Fri, 12 May 2023 17:07:41 GMT
server: monocle/0.42
content-length: 15
x-request-id: aecb2f70-58f6-4752-84e7-5b5b4736f475

13:07:42.283 [AsyncHttpClient-1-2] DEBUG org.asynchttpclient.netty.channel.ChannelManager -- Adding key: https://ondemand.us-west-1.saucelabs.com:443 for channel [id: 0x5d8cc613, L:/192.168.1.146:57614 - R:ondemand.us-west-1.saucelabs.com/66.85.52.224:443]
13:07:42.288 [Forwarding switchToFrame on session 724de05069144310a7342d95f6334a48 to remote] DEBUG org.asynchttpclient.netty.request.NettyRequestSender -- Using pooled Channel '[id: 0x5d8cc613, L:/192.168.1.146:57614 - R:ondemand.us-west-1.saucelabs.com/66.85.52.224:443]' for 'POST' to 'https://oauth-autolazare-558fb:f8d0a4b4-e059-4b39-a9eb-366965b887b1@ondemand.us-west-1.saucelabs.com:443/wd/hub/session/724de05069144310a7342d95f6334a48/frame'
13:07:42.289 [Forwarding switchToFrame on session 724de05069144310a7342d95f6334a48 to remote] DEBUG org.asynchttpclient.netty.request.NettyRequestSender -- Using open Channel [id: 0x5d8cc613, L:/192.168.1.146:57614 - R:ondemand.us-west-1.saucelabs.com/66.85.52.224:443] for POST '/wd/hub/session/724de05069144310a7342d95f6334a48/frame'
13:07:42.446 [AsyncHttpClient-1-2] DEBUG org.asynchttpclient.netty.handler.HttpHandler -- 

Request DefaultHttpRequest(decodeResult: success, version: HTTP/1.1)
POST /wd/hub/session/724de05069144310a7342d95f6334a48/frame HTTP/1.1
User-Agent: selenium/4.9.0 (java windows)
traceparent: 00-0f2426f9a1b2d56ce0eb16de09da9631-09a1e2a65434c7e4-01
Content-Length: 106
Content-Type: application/json; charset=utf-8
host: ondemand.us-west-1.saucelabs.com
authorization: Basic b2F1dGgtYXV0b2xhemFyZS01NThmYjpmOGQwYTRiNC1lMDU5LTRiMzktYTllYi0zNjY5NjViODg3YjE=
accept: */*

Response DefaultHttpResponse(decodeResult: success, version: HTTP/1.1)
HTTP/1.1 200 OK
content-type: application/json;charset=UTF-8
date: Fri, 12 May 2023 17:07:41 GMT
server: monocle/0.42
content-length: 15
x-request-id: 61626c86-b4d4-4fd0-acb9-ad88e9486091

13:07:42.446 [AsyncHttpClient-1-2] DEBUG org.asynchttpclient.netty.channel.ChannelManager -- Adding key: https://ondemand.us-west-1.saucelabs.com:443 for channel [id: 0x5d8cc613, L:/192.168.1.146:57614 - R:ondemand.us-west-1.saucelabs.com/66.85.52.224:443]
13:07:42.465 [Forwarding executeScript on session 724de05069144310a7342d95f6334a48 to remote] DEBUG org.asynchttpclient.netty.request.NettyRequestSender -- Using pooled Channel '[id: 0x5d8cc613, L:/192.168.1.146:57614 - R:ondemand.us-west-1.saucelabs.com/66.85.52.224:443]' for 'POST' to 'https://oauth-autolazare-558fb:f8d0a4b4-e059-4b39-a9eb-366965b887b1@ondemand.us-west-1.saucelabs.com:443/wd/hub/session/724de05069144310a7342d95f6334a48/execute/sync'
13:07:42.466 [Forwarding executeScript on session 724de05069144310a7342d95f6334a48 to remote] DEBUG org.asynchttpclient.netty.request.NettyRequestSender -- Using open Channel [id: 0x5d8cc613, L:/192.168.1.146:57614 - R:ondemand.us-west-1.saucelabs.com/66.85.52.224:443] for POST '/wd/hub/session/724de05069144310a7342d95f6334a48/execute/sync'
13:07:43.052 [AsyncHttpClient-1-2] DEBUG org.asynchttpclient.netty.handler.HttpHandler -- 

Request DefaultHttpRequest(decodeResult: success, version: HTTP/1.1)
POST /wd/hub/session/724de05069144310a7342d95f6334a48/execute/sync HTTP/1.1
User-Agent: selenium/4.9.0 (java windows)
traceparent: 00-40f27fe244e3bf1f3081f3a88f8c1ed4-5bd66c83cdb55a08-01
Content-Length: 323605
Content-Type: application/json; charset=utf-8
host: ondemand.us-west-1.saucelabs.com
authorization: Basic b2F1dGgtYXV0b2xhemFyZS01NThmYjpmOGQwYTRiNC1lMDU5LTRiMzktYTllYi0zNjY5NjViODg3YjE=
accept: */*

Response DefaultHttpResponse(decodeResult: success, version: HTTP/1.1)
HTTP/1.1 200 OK
content-type: application/json;charset=UTF-8
date: Fri, 12 May 2023 17:07:41 GMT
server: monocle/0.42
content-length: 15
x-request-id: 2a797f52-1496-40dd-9f3f-5ab738f7c49d

13:07:43.052 [AsyncHttpClient-1-2] DEBUG org.asynchttpclient.netty.channel.ChannelManager -- Adding key: https://ondemand.us-west-1.saucelabs.com:443 for channel [id: 0x5d8cc613, L:/192.168.1.146:57614 - R:ondemand.us-west-1.saucelabs.com/66.85.52.224:443]
13:07:43.077 [Forwarding findElements on session 724de05069144310a7342d95f6334a48 to remote] DEBUG org.asynchttpclient.netty.request.NettyRequestSender -- Using pooled Channel '[id: 0x5d8cc613, L:/192.168.1.146:57614 - R:ondemand.us-west-1.saucelabs.com/66.85.52.224:443]' for 'POST' to 'https://oauth-autolazare-558fb:f8d0a4b4-e059-4b39-a9eb-366965b887b1@ondemand.us-west-1.saucelabs.com:443/wd/hub/session/724de05069144310a7342d95f6334a48/elements'
13:07:43.077 [Forwarding findElements on session 724de05069144310a7342d95f6334a48 to remote] DEBUG org.asynchttpclient.netty.request.NettyRequestSender -- Using open Channel [id: 0x5d8cc613, L:/192.168.1.146:57614 - R:ondemand.us-west-1.saucelabs.com/66.85.52.224:443] for POST '/wd/hub/session/724de05069144310a7342d95f6334a48/elements'
13:07:43.222 [AsyncHttpClient-1-2] DEBUG org.asynchttpclient.netty.handler.HttpHandler -- 

Request DefaultHttpRequest(decodeResult: success, version: HTTP/1.1)
POST /wd/hub/session/724de05069144310a7342d95f6334a48/elements HTTP/1.1
User-Agent: selenium/4.9.0 (java windows)
traceparent: 00-1212205df72c6cbb8922811b220e94c8-bdd44a1b9963e6a7-01
Content-Length: 98
Content-Type: application/json; charset=utf-8
host: ondemand.us-west-1.saucelabs.com
authorization: Basic b2F1dGgtYXV0b2xhemFyZS01NThmYjpmOGQwYTRiNC1lMDU5LTRiMzktYTllYi0zNjY5NjViODg3YjE=
accept: */*

Response DefaultHttpResponse(decodeResult: success, version: HTTP/1.1)
HTTP/1.1 200 OK
content-type: application/json;charset=UTF-8
date: Fri, 12 May 2023 17:07:41 GMT
server: monocle/0.42
content-length: 13
x-request-id: 6667867e-d3e8-4b63-bca8-0e7aec431472

13:07:43.222 [AsyncHttpClient-1-2] DEBUG org.asynchttpclient.netty.channel.ChannelManager -- Adding key: https://ondemand.us-west-1.saucelabs.com:443 for channel [id: 0x5d8cc613, L:/192.168.1.146:57614 - R:ondemand.us-west-1.saucelabs.com/66.85.52.224:443]
13:07:43.227 [Forwarding switchToParentFrame on session 724de05069144310a7342d95f6334a48 to remote] DEBUG org.asynchttpclient.netty.request.NettyRequestSender -- Using pooled Channel '[id: 0x5d8cc613, L:/192.168.1.146:57614 - R:ondemand.us-west-1.saucelabs.com/66.85.52.224:443]' for 'POST' to 'https://oauth-autolazare-558fb:f8d0a4b4-e059-4b39-a9eb-366965b887b1@ondemand.us-west-1.saucelabs.com:443/wd/hub/session/724de05069144310a7342d95f6334a48/frame/parent'
13:07:43.227 [Forwarding switchToParentFrame on session 724de05069144310a7342d95f6334a48 to remote] DEBUG org.asynchttpclient.netty.request.NettyRequestSender -- Using open Channel [id: 0x5d8cc613, L:/192.168.1.146:57614 - R:ondemand.us-west-1.saucelabs.com/66.85.52.224:443] for POST '/wd/hub/session/724de05069144310a7342d95f6334a48/frame/parent'
13:07:43.454 [AsyncHttpClient-1-2] DEBUG org.asynchttpclient.netty.handler.HttpHandler -- 

Request DefaultHttpRequest(decodeResult: success, version: HTTP/1.1)
POST /wd/hub/session/724de05069144310a7342d95f6334a48/frame/parent HTTP/1.1
User-Agent: selenium/4.9.0 (java windows)
traceparent: 00-110d4f4e381ab528f4d542d725218902-7c0e05c38414a631-01
Content-Length: 3
Content-Type: application/json; charset=utf-8
host: ondemand.us-west-1.saucelabs.com
authorization: Basic b2F1dGgtYXV0b2xhemFyZS01NThmYjpmOGQwYTRiNC1lMDU5LTRiMzktYTllYi0zNjY5NjViODg3YjE=
accept: */*

Response DefaultHttpResponse(decodeResult: success, version: HTTP/1.1)
HTTP/1.1 200 OK
content-type: application/json;charset=UTF-8
date: Fri, 12 May 2023 17:07:42 GMT
server: monocle/0.42
content-length: 15
x-request-id: d73eeff1-ba1d-4371-94c9-3dd01b89ac64

13:07:43.454 [AsyncHttpClient-1-2] DEBUG org.asynchttpclient.netty.channel.ChannelManager -- Adding key: https://ondemand.us-west-1.saucelabs.com:443 for channel [id: 0x5d8cc613, L:/192.168.1.146:57614 - R:ondemand.us-west-1.saucelabs.com/66.85.52.224:443]
13:07:43.460 [Forwarding executeScript on session 724de05069144310a7342d95f6334a48 to remote] DEBUG org.asynchttpclient.netty.request.NettyRequestSender -- Using pooled Channel '[id: 0x5d8cc613, L:/192.168.1.146:57614 - R:ondemand.us-west-1.saucelabs.com/66.85.52.224:443]' for 'POST' to 'https://oauth-autolazare-558fb:f8d0a4b4-e059-4b39-a9eb-366965b887b1@ondemand.us-west-1.saucelabs.com:443/wd/hub/session/724de05069144310a7342d95f6334a48/execute/sync'
13:07:43.460 [Forwarding executeScript on session 724de05069144310a7342d95f6334a48 to remote] DEBUG org.asynchttpclient.netty.request.NettyRequestSender -- Using open Channel [id: 0x5d8cc613, L:/192.168.1.146:57614 - R:ondemand.us-west-1.saucelabs.com/66.85.52.224:443] for POST '/wd/hub/session/724de05069144310a7342d95f6334a48/execute/sync'
13:07:43.606 [AsyncHttpClient-1-2] DEBUG org.asynchttpclient.netty.handler.HttpHandler -- 

Request DefaultHttpRequest(decodeResult: success, version: HTTP/1.1)
POST /wd/hub/session/724de05069144310a7342d95f6334a48/execute/sync HTTP/1.1
User-Agent: selenium/4.9.0 (java windows)
traceparent: 00-41dc1025ad3e38e8dfccf3e48a28e36d-2d3a927ee9841aab-01
Content-Length: 85
Content-Type: application/json; charset=utf-8
host: ondemand.us-west-1.saucelabs.com
authorization: Basic b2F1dGgtYXV0b2xhemFyZS01NThmYjpmOGQwYTRiNC1lMDU5LTRiMzktYTllYi0zNjY5NjViODg3YjE=
accept: */*

Response DefaultHttpResponse(decodeResult: success, version: HTTP/1.1)
HTTP/1.1 200 OK
content-type: application/json;charset=UTF-8
date: Fri, 12 May 2023 17:07:42 GMT
server: monocle/0.42
content-length: 16
x-request-id: 950f48e0-c269-4967-9077-723bed428434

13:07:43.607 [AsyncHttpClient-1-2] DEBUG org.asynchttpclient.netty.channel.ChannelManager -- Adding key: https://ondemand.us-west-1.saucelabs.com:443 for channel [id: 0x5d8cc613, L:/192.168.1.146:57614 - R:ondemand.us-west-1.saucelabs.com/66.85.52.224:443]
13:07:43.610 [Forwarding switchToFrame on session 724de05069144310a7342d95f6334a48 to remote] DEBUG org.asynchttpclient.netty.request.NettyRequestSender -- Using pooled Channel '[id: 0x5d8cc613, L:/192.168.1.146:57614 - R:ondemand.us-west-1.saucelabs.com/66.85.52.224:443]' for 'POST' to 'https://oauth-autolazare-558fb:f8d0a4b4-e059-4b39-a9eb-366965b887b1@ondemand.us-west-1.saucelabs.com:443/wd/hub/session/724de05069144310a7342d95f6334a48/frame'
13:07:43.610 [Forwarding switchToFrame on session 724de05069144310a7342d95f6334a48 to remote] DEBUG org.asynchttpclient.netty.request.NettyRequestSender -- Using open Channel [id: 0x5d8cc613, L:/192.168.1.146:57614 - R:ondemand.us-west-1.saucelabs.com/66.85.52.224:443] for POST '/wd/hub/session/724de05069144310a7342d95f6334a48/frame'
13:07:43.797 [AsyncHttpClient-1-2] DEBUG org.asynchttpclient.netty.handler.HttpHandler -- 

Request DefaultHttpRequest(decodeResult: success, version: HTTP/1.1)
POST /wd/hub/session/724de05069144310a7342d95f6334a48/frame HTTP/1.1
User-Agent: selenium/4.9.0 (java windows)
traceparent: 00-b82996dd30a3e25b28058997f4ade20d-5e961d71eadfd4f6-01
Content-Length: 16
Content-Type: application/json; charset=utf-8
host: ondemand.us-west-1.saucelabs.com
authorization: Basic b2F1dGgtYXV0b2xhemFyZS01NThmYjpmOGQwYTRiNC1lMDU5LTRiMzktYTllYi0zNjY5NjViODg3YjE=
accept: */*

Response DefaultHttpResponse(decodeResult: success, version: HTTP/1.1)
HTTP/1.1 200 OK
content-type: application/json;charset=UTF-8
date: Fri, 12 May 2023 17:07:42 GMT
server: monocle/0.42
content-length: 15
x-request-id: f5923f7e-f19a-434a-b3b9-f1772d3b6fa4

13:07:43.797 [AsyncHttpClient-1-2] DEBUG org.asynchttpclient.netty.channel.ChannelManager -- Adding key: https://ondemand.us-west-1.saucelabs.com:443 for channel [id: 0x5d8cc613, L:/192.168.1.146:57614 - R:ondemand.us-west-1.saucelabs.com/66.85.52.224:443]
13:07:43.797 [Forwarding executeScript on session 724de05069144310a7342d95f6334a48 to remote] DEBUG org.asynchttpclient.netty.request.NettyRequestSender -- Using pooled Channel '[id: 0x5d8cc613, L:/192.168.1.146:57614 - R:ondemand.us-west-1.saucelabs.com/66.85.52.224:443]' for 'POST' to 'https://oauth-autolazare-558fb:f8d0a4b4-e059-4b39-a9eb-366965b887b1@ondemand.us-west-1.saucelabs.com:443/wd/hub/session/724de05069144310a7342d95f6334a48/execute/sync'
13:07:43.797 [Forwarding executeScript on session 724de05069144310a7342d95f6334a48 to remote] DEBUG org.asynchttpclient.netty.request.NettyRequestSender -- Using open Channel [id: 0x5d8cc613, L:/192.168.1.146:57614 - R:ondemand.us-west-1.saucelabs.com/66.85.52.224:443] for POST '/wd/hub/session/724de05069144310a7342d95f6334a48/execute/sync'
13:07:44.207 [AsyncHttpClient-1-2] DEBUG org.asynchttpclient.netty.handler.HttpHandler -- 

Request DefaultHttpRequest(decodeResult: success, version: HTTP/1.1)
POST /wd/hub/session/724de05069144310a7342d95f6334a48/execute/sync HTTP/1.1
User-Agent: selenium/4.9.0 (java windows)
traceparent: 00-e0ee0666f08ee61d7296464bf8c67135-55c41cca400aa9f9-01
Content-Length: 99
Content-Type: application/json; charset=utf-8
host: ondemand.us-west-1.saucelabs.com
authorization: Basic b2F1dGgtYXV0b2xhemFyZS01NThmYjpmOGQwYTRiNC1lMDU5LTRiMzktYTllYi0zNjY5NjViODg3YjE=
accept: */*

Response DefaultHttpResponse(decodeResult: success, version: HTTP/1.1)
HTTP/1.1 200 OK
content-type: application/json;charset=UTF-8
date: Fri, 12 May 2023 17:07:42 GMT
server: monocle/0.42
content-length: 15
x-request-id: eecba544-ba2b-4ee2-8609-db2b88209a46

13:07:44.211 [AsyncHttpClient-1-2] DEBUG org.asynchttpclient.netty.channel.ChannelManager -- Adding key: https://ondemand.us-west-1.saucelabs.com:443 for channel [id: 0x5d8cc613, L:/192.168.1.146:57614 - R:ondemand.us-west-1.saucelabs.com/66.85.52.224:443]
13:07:44.215 [Forwarding findElements on session 724de05069144310a7342d95f6334a48 to remote] DEBUG org.asynchttpclient.netty.request.NettyRequestSender -- Using pooled Channel '[id: 0x5d8cc613, L:/192.168.1.146:57614 - R:ondemand.us-west-1.saucelabs.com/66.85.52.224:443]' for 'POST' to 'https://oauth-autolazare-558fb:f8d0a4b4-e059-4b39-a9eb-366965b887b1@ondemand.us-west-1.saucelabs.com:443/wd/hub/session/724de05069144310a7342d95f6334a48/elements'
13:07:44.215 [Forwarding findElements on session 724de05069144310a7342d95f6334a48 to remote] DEBUG org.asynchttpclient.netty.request.NettyRequestSender -- Using open Channel [id: 0x5d8cc613, L:/192.168.1.146:57614 - R:ondemand.us-west-1.saucelabs.com/66.85.52.224:443] for POST '/wd/hub/session/724de05069144310a7342d95f6334a48/elements'
13:07:44.403 [AsyncHttpClient-1-2] DEBUG org.asynchttpclient.netty.handler.HttpHandler -- 

Request DefaultHttpRequest(decodeResult: success, version: HTTP/1.1)
POST /wd/hub/session/724de05069144310a7342d95f6334a48/elements HTTP/1.1
User-Agent: selenium/4.9.0 (java windows)
traceparent: 00-56480325e24e0cdc16d9f581507dad45-4972464cc95ab4c2-01
Content-Length: 98
Content-Type: application/json; charset=utf-8
host: ondemand.us-west-1.saucelabs.com
authorization: Basic b2F1dGgtYXV0b2xhemFyZS01NThmYjpmOGQwYTRiNC1lMDU5LTRiMzktYTllYi0zNjY5NjViODg3YjE=
accept: */*

Response DefaultHttpResponse(decodeResult: success, version: HTTP/1.1)
HTTP/1.1 200 OK
content-type: application/json;charset=UTF-8
date: Fri, 12 May 2023 17:07:43 GMT
server: monocle/0.42
content-length: 891
x-request-id: ba523b7b-61ff-4a1e-bc60-d5e57fce228e

13:07:44.403 [AsyncHttpClient-1-2] DEBUG org.asynchttpclient.netty.channel.ChannelManager -- Adding key: https://ondemand.us-west-1.saucelabs.com:443 for channel [id: 0x5d8cc613, L:/192.168.1.146:57614 - R:ondemand.us-west-1.saucelabs.com/66.85.52.224:443]
13:07:44.403 [Forwarding switchToFrame on session 724de05069144310a7342d95f6334a48 to remote] DEBUG org.asynchttpclient.netty.request.NettyRequestSender -- Using pooled Channel '[id: 0x5d8cc613, L:/192.168.1.146:57614 - R:ondemand.us-west-1.saucelabs.com/66.85.52.224:443]' for 'POST' to 'https://oauth-autolazare-558fb:f8d0a4b4-e059-4b39-a9eb-366965b887b1@ondemand.us-west-1.saucelabs.com:443/wd/hub/session/724de05069144310a7342d95f6334a48/frame'
13:07:44.412 [Forwarding switchToFrame on session 724de05069144310a7342d95f6334a48 to remote] DEBUG org.asynchttpclient.netty.request.NettyRequestSender -- Using open Channel [id: 0x5d8cc613, L:/192.168.1.146:57614 - R:ondemand.us-west-1.saucelabs.com/66.85.52.224:443] for POST '/wd/hub/session/724de05069144310a7342d95f6334a48/frame'
13:07:44.557 [AsyncHttpClient-1-2] DEBUG org.asynchttpclient.netty.handler.HttpHandler -- 

Request DefaultHttpRequest(decodeResult: success, version: HTTP/1.1)
POST /wd/hub/session/724de05069144310a7342d95f6334a48/frame HTTP/1.1
User-Agent: selenium/4.9.0 (java windows)
traceparent: 00-7128c65723882d17ec10b52c218d041c-0f4450e2ae0ff538-01
Content-Length: 106
Content-Type: application/json; charset=utf-8
host: ondemand.us-west-1.saucelabs.com
authorization: Basic b2F1dGgtYXV0b2xhemFyZS01NThmYjpmOGQwYTRiNC1lMDU5LTRiMzktYTllYi0zNjY5NjViODg3YjE=
accept: */*

Response DefaultHttpResponse(decodeResult: success, version: HTTP/1.1)
HTTP/1.1 200 OK
content-type: application/json;charset=UTF-8
date: Fri, 12 May 2023 17:07:43 GMT
server: monocle/0.42
content-length: 15
x-request-id: b7e43c41-a8b5-4425-adba-c212cb436c3d

13:07:44.557 [AsyncHttpClient-1-2] DEBUG org.asynchttpclient.netty.channel.ChannelManager -- Adding key: https://ondemand.us-west-1.saucelabs.com:443 for channel [id: 0x5d8cc613, L:/192.168.1.146:57614 - R:ondemand.us-west-1.saucelabs.com/66.85.52.224:443]
13:07:44.566 [Forwarding executeScript on session 724de05069144310a7342d95f6334a48 to remote] DEBUG org.asynchttpclient.netty.request.NettyRequestSender -- Using pooled Channel '[id: 0x5d8cc613, L:/192.168.1.146:57614 - R:ondemand.us-west-1.saucelabs.com/66.85.52.224:443]' for 'POST' to 'https://oauth-autolazare-558fb:f8d0a4b4-e059-4b39-a9eb-366965b887b1@ondemand.us-west-1.saucelabs.com:443/wd/hub/session/724de05069144310a7342d95f6334a48/execute/sync'
13:07:44.566 [Forwarding executeScript on session 724de05069144310a7342d95f6334a48 to remote] DEBUG org.asynchttpclient.netty.request.NettyRequestSender -- Using open Channel [id: 0x5d8cc613, L:/192.168.1.146:57614 - R:ondemand.us-west-1.saucelabs.com/66.85.52.224:443] for POST '/wd/hub/session/724de05069144310a7342d95f6334a48/execute/sync'
13:07:44.685 [AsyncHttpClient-1-2] DEBUG org.asynchttpclient.netty.handler.HttpHandler -- 

Request DefaultHttpRequest(decodeResult: success, version: HTTP/1.1)
POST /wd/hub/session/724de05069144310a7342d95f6334a48/execute/sync HTTP/1.1
User-Agent: selenium/4.9.0 (java windows)
traceparent: 00-9e6785d1cc66ed0a28db38b200775bed-a1556e558fdb7952-01
Content-Length: 99
Content-Type: application/json; charset=utf-8
host: ondemand.us-west-1.saucelabs.com
authorization: Basic b2F1dGgtYXV0b2xhemFyZS01NThmYjpmOGQwYTRiNC1lMDU5LTRiMzktYTllYi0zNjY5NjViODg3YjE=
accept: */*

Response DefaultHttpResponse(decodeResult: success, version: HTTP/1.1)
HTTP/1.1 200 OK
content-type: application/json;charset=UTF-8
date: Fri, 12 May 2023 17:07:43 GMT
server: monocle/0.42
content-length: 15
x-request-id: 91acc5f3-0c61-40bf-88d7-2e74c37ea202

13:07:44.685 [AsyncHttpClient-1-2] DEBUG org.asynchttpclient.netty.channel.ChannelManager -- Adding key: https://ondemand.us-west-1.saucelabs.com:443 for channel [id: 0x5d8cc613, L:/192.168.1.146:57614 - R:ondemand.us-west-1.saucelabs.com/66.85.52.224:443]
13:07:44.699 [Forwarding findElements on session 724de05069144310a7342d95f6334a48 to remote] DEBUG org.asynchttpclient.netty.request.NettyRequestSender -- Using pooled Channel '[id: 0x5d8cc613, L:/192.168.1.146:57614 - R:ondemand.us-west-1.saucelabs.com/66.85.52.224:443]' for 'POST' to 'https://oauth-autolazare-558fb:f8d0a4b4-e059-4b39-a9eb-366965b887b1@ondemand.us-west-1.saucelabs.com:443/wd/hub/session/724de05069144310a7342d95f6334a48/elements'
13:07:44.699 [Forwarding findElements on session 724de05069144310a7342d95f6334a48 to remote] DEBUG org.asynchttpclient.netty.request.NettyRequestSender -- Using open Channel [id: 0x5d8cc613, L:/192.168.1.146:57614 - R:ondemand.us-west-1.saucelabs.com/66.85.52.224:443] for POST '/wd/hub/session/724de05069144310a7342d95f6334a48/elements'
13:07:44.840 [AsyncHttpClient-1-2] DEBUG org.asynchttpclient.netty.handler.HttpHandler -- 

Request DefaultHttpRequest(decodeResult: success, version: HTTP/1.1)
POST /wd/hub/session/724de05069144310a7342d95f6334a48/elements HTTP/1.1
User-Agent: selenium/4.9.0 (java windows)
traceparent: 00-f77af64b192173706b469cca42a9a6e2-6f1aead6c3295f72-01
Content-Length: 98
Content-Type: application/json; charset=utf-8
host: ondemand.us-west-1.saucelabs.com
authorization: Basic b2F1dGgtYXV0b2xhemFyZS01NThmYjpmOGQwYTRiNC1lMDU5LTRiMzktYTllYi0zNjY5NjViODg3YjE=
accept: */*

Response DefaultHttpResponse(decodeResult: success, version: HTTP/1.1)
HTTP/1.1 200 OK
content-type: application/json;charset=UTF-8
date: Fri, 12 May 2023 17:07:43 GMT
server: monocle/0.42
content-length: 99
x-request-id: cb3f1ec9-9e97-4687-972b-fa39a22c73db

13:07:44.840 [AsyncHttpClient-1-2] DEBUG org.asynchttpclient.netty.channel.ChannelManager -- Adding key: https://ondemand.us-west-1.saucelabs.com:443 for channel [id: 0x5d8cc613, L:/192.168.1.146:57614 - R:ondemand.us-west-1.saucelabs.com/66.85.52.224:443]
13:07:44.840 [Forwarding switchToFrame on session 724de05069144310a7342d95f6334a48 to remote] DEBUG org.asynchttpclient.netty.request.NettyRequestSender -- Using pooled Channel '[id: 0x5d8cc613, L:/192.168.1.146:57614 - R:ondemand.us-west-1.saucelabs.com/66.85.52.224:443]' for 'POST' to 'https://oauth-autolazare-558fb:f8d0a4b4-e059-4b39-a9eb-366965b887b1@ondemand.us-west-1.saucelabs.com:443/wd/hub/session/724de05069144310a7342d95f6334a48/frame'
13:07:44.840 [Forwarding switchToFrame on session 724de05069144310a7342d95f6334a48 to remote] DEBUG org.asynchttpclient.netty.request.NettyRequestSender -- Using open Channel [id: 0x5d8cc613, L:/192.168.1.146:57614 - R:ondemand.us-west-1.saucelabs.com/66.85.52.224:443] for POST '/wd/hub/session/724de05069144310a7342d95f6334a48/frame'
13:07:44.992 [AsyncHttpClient-1-2] DEBUG org.asynchttpclient.netty.handler.HttpHandler -- 

Request DefaultHttpRequest(decodeResult: success, version: HTTP/1.1)
POST /wd/hub/session/724de05069144310a7342d95f6334a48/frame HTTP/1.1
User-Agent: selenium/4.9.0 (java windows)
traceparent: 00-a0740ca23fc4a890cbdd418b4f6daddb-7062523ccfd51d5a-01
Content-Length: 106
Content-Type: application/json; charset=utf-8
host: ondemand.us-west-1.saucelabs.com
authorization: Basic b2F1dGgtYXV0b2xhemFyZS01NThmYjpmOGQwYTRiNC1lMDU5LTRiMzktYTllYi0zNjY5NjViODg3YjE=
accept: */*

Response DefaultHttpResponse(decodeResult: success, version: HTTP/1.1)
HTTP/1.1 200 OK
content-type: application/json;charset=UTF-8
date: Fri, 12 May 2023 17:07:43 GMT
server: monocle/0.42
content-length: 15
x-request-id: d866039f-d5bf-4df4-b870-6170d7362903

13:07:44.992 [AsyncHttpClient-1-2] DEBUG org.asynchttpclient.netty.channel.ChannelManager -- Adding key: https://ondemand.us-west-1.saucelabs.com:443 for channel [id: 0x5d8cc613, L:/192.168.1.146:57614 - R:ondemand.us-west-1.saucelabs.com/66.85.52.224:443]
13:07:44.992 [Forwarding executeScript on session 724de05069144310a7342d95f6334a48 to remote] DEBUG org.asynchttpclient.netty.request.NettyRequestSender -- Using pooled Channel '[id: 0x5d8cc613, L:/192.168.1.146:57614 - R:ondemand.us-west-1.saucelabs.com/66.85.52.224:443]' for 'POST' to 'https://oauth-autolazare-558fb:f8d0a4b4-e059-4b39-a9eb-366965b887b1@ondemand.us-west-1.saucelabs.com:443/wd/hub/session/724de05069144310a7342d95f6334a48/execute/sync'
13:07:44.992 [Forwarding executeScript on session 724de05069144310a7342d95f6334a48 to remote] DEBUG org.asynchttpclient.netty.request.NettyRequestSender -- Using open Channel [id: 0x5d8cc613, L:/192.168.1.146:57614 - R:ondemand.us-west-1.saucelabs.com/66.85.52.224:443] for POST '/wd/hub/session/724de05069144310a7342d95f6334a48/execute/sync'
13:07:45.126 [AsyncHttpClient-1-2] DEBUG org.asynchttpclient.netty.handler.HttpHandler -- 

Request DefaultHttpRequest(decodeResult: success, version: HTTP/1.1)
POST /wd/hub/session/724de05069144310a7342d95f6334a48/execute/sync HTTP/1.1
User-Agent: selenium/4.9.0 (java windows)
traceparent: 00-117eda14e3c10ea1a16738005a4c95cb-fba9049919223537-01
Content-Length: 99
Content-Type: application/json; charset=utf-8
host: ondemand.us-west-1.saucelabs.com
authorization: Basic b2F1dGgtYXV0b2xhemFyZS01NThmYjpmOGQwYTRiNC1lMDU5LTRiMzktYTllYi0zNjY5NjViODg3YjE=
accept: */*

Response DefaultHttpResponse(decodeResult: success, version: HTTP/1.1)
HTTP/1.1 200 OK
content-type: application/json;charset=UTF-8
date: Fri, 12 May 2023 17:07:43 GMT
server: monocle/0.42
content-length: 15
x-request-id: c4859184-fa88-412a-8bbb-ffeb405e46d8

13:07:45.126 [AsyncHttpClient-1-2] DEBUG org.asynchttpclient.netty.channel.ChannelManager -- Adding key: https://ondemand.us-west-1.saucelabs.com:443 for channel [id: 0x5d8cc613, L:/192.168.1.146:57614 - R:ondemand.us-west-1.saucelabs.com/66.85.52.224:443]
13:07:45.129 [Forwarding findElements on session 724de05069144310a7342d95f6334a48 to remote] DEBUG org.asynchttpclient.netty.request.NettyRequestSender -- Using pooled Channel '[id: 0x5d8cc613, L:/192.168.1.146:57614 - R:ondemand.us-west-1.saucelabs.com/66.85.52.224:443]' for 'POST' to 'https://oauth-autolazare-558fb:f8d0a4b4-e059-4b39-a9eb-366965b887b1@ondemand.us-west-1.saucelabs.com:443/wd/hub/session/724de05069144310a7342d95f6334a48/elements'
13:07:45.129 [Forwarding findElements on session 724de05069144310a7342d95f6334a48 to remote] DEBUG org.asynchttpclient.netty.request.NettyRequestSender -- Using open Channel [id: 0x5d8cc613, L:/192.168.1.146:57614 - R:ondemand.us-west-1.saucelabs.com/66.85.52.224:443] for POST '/wd/hub/session/724de05069144310a7342d95f6334a48/elements'
13:07:45.266 [AsyncHttpClient-1-2] DEBUG org.asynchttpclient.netty.handler.HttpHandler -- 

Request DefaultHttpRequest(decodeResult: success, version: HTTP/1.1)
POST /wd/hub/session/724de05069144310a7342d95f6334a48/elements HTTP/1.1
User-Agent: selenium/4.9.0 (java windows)
traceparent: 00-175eb8c2d6e7da159418e4982bf4bb37-7720e1bb9fd57d7d-01
Content-Length: 98
Content-Type: application/json; charset=utf-8
host: ondemand.us-west-1.saucelabs.com
authorization: Basic b2F1dGgtYXV0b2xhemFyZS01NThmYjpmOGQwYTRiNC1lMDU5LTRiMzktYTllYi0zNjY5NjViODg3YjE=
accept: */*

Response DefaultHttpResponse(decodeResult: success, version: HTTP/1.1)
HTTP/1.1 200 OK
content-type: application/json;charset=UTF-8
date: Fri, 12 May 2023 17:07:43 GMT
server: monocle/0.42
content-length: 13
x-request-id: 1118eec2-f04c-45e2-aca1-c60df138b946

13:07:45.266 [AsyncHttpClient-1-2] DEBUG org.asynchttpclient.netty.channel.ChannelManager -- Adding key: https://ondemand.us-west-1.saucelabs.com:443 for channel [id: 0x5d8cc613, L:/192.168.1.146:57614 - R:ondemand.us-west-1.saucelabs.com/66.85.52.224:443]
13:07:45.285 [Forwarding switchToParentFrame on session 724de05069144310a7342d95f6334a48 to remote] DEBUG org.asynchttpclient.netty.request.NettyRequestSender -- Using pooled Channel '[id: 0x5d8cc613, L:/192.168.1.146:57614 - R:ondemand.us-west-1.saucelabs.com/66.85.52.224:443]' for 'POST' to 'https://oauth-autolazare-558fb:f8d0a4b4-e059-4b39-a9eb-366965b887b1@ondemand.us-west-1.saucelabs.com:443/wd/hub/session/724de05069144310a7342d95f6334a48/frame/parent'
13:07:45.285 [Forwarding switchToParentFrame on session 724de05069144310a7342d95f6334a48 to remote] DEBUG org.asynchttpclient.netty.request.NettyRequestSender -- Using open Channel [id: 0x5d8cc613, L:/192.168.1.146:57614 - R:ondemand.us-west-1.saucelabs.com/66.85.52.224:443] for POST '/wd/hub/session/724de05069144310a7342d95f6334a48/frame/parent'
13:07:45.438 [AsyncHttpClient-1-2] DEBUG org.asynchttpclient.netty.handler.HttpHandler -- 

Request DefaultHttpRequest(decodeResult: success, version: HTTP/1.1)
POST /wd/hub/session/724de05069144310a7342d95f6334a48/frame/parent HTTP/1.1
User-Agent: selenium/4.9.0 (java windows)
traceparent: 00-93d05bdd5e39d9f79ed4651695c9740c-4e6525217c053695-01
Content-Length: 3
Content-Type: application/json; charset=utf-8
host: ondemand.us-west-1.saucelabs.com
authorization: Basic b2F1dGgtYXV0b2xhemFyZS01NThmYjpmOGQwYTRiNC1lMDU5LTRiMzktYTllYi0zNjY5NjViODg3YjE=
accept: */*

Response DefaultHttpResponse(decodeResult: success, version: HTTP/1.1)
HTTP/1.1 200 OK
content-type: application/json;charset=UTF-8
date: Fri, 12 May 2023 17:07:44 GMT
server: monocle/0.42
content-length: 15
x-request-id: 4da776a9-b2cb-41da-84be-3a57cd52117e

13:07:45.438 [AsyncHttpClient-1-2] DEBUG org.asynchttpclient.netty.channel.ChannelManager -- Adding key: https://ondemand.us-west-1.saucelabs.com:443 for channel [id: 0x5d8cc613, L:/192.168.1.146:57614 - R:ondemand.us-west-1.saucelabs.com/66.85.52.224:443]
13:07:45.440 [Forwarding switchToParentFrame on session 724de05069144310a7342d95f6334a48 to remote] DEBUG org.asynchttpclient.netty.request.NettyRequestSender -- Using pooled Channel '[id: 0x5d8cc613, L:/192.168.1.146:57614 - R:ondemand.us-west-1.saucelabs.com/66.85.52.224:443]' for 'POST' to 'https://oauth-autolazare-558fb:f8d0a4b4-e059-4b39-a9eb-366965b887b1@ondemand.us-west-1.saucelabs.com:443/wd/hub/session/724de05069144310a7342d95f6334a48/frame/parent'
13:07:45.440 [Forwarding switchToParentFrame on session 724de05069144310a7342d95f6334a48 to remote] DEBUG org.asynchttpclient.netty.request.NettyRequestSender -- Using open Channel [id: 0x5d8cc613, L:/192.168.1.146:57614 - R:ondemand.us-west-1.saucelabs.com/66.85.52.224:443] for POST '/wd/hub/session/724de05069144310a7342d95f6334a48/frame/parent'
13:07:45.556 [AsyncHttpClient-1-2] DEBUG org.asynchttpclient.netty.handler.HttpHandler -- 

Request DefaultHttpRequest(decodeResult: success, version: HTTP/1.1)
POST /wd/hub/session/724de05069144310a7342d95f6334a48/frame/parent HTTP/1.1
User-Agent: selenium/4.9.0 (java windows)
traceparent: 00-baa064f026f883331dbe203af9a0107d-a0554c644376faf4-01
Content-Length: 3
Content-Type: application/json; charset=utf-8
host: ondemand.us-west-1.saucelabs.com
authorization: Basic b2F1dGgtYXV0b2xhemFyZS01NThmYjpmOGQwYTRiNC1lMDU5LTRiMzktYTllYi0zNjY5NjViODg3YjE=
accept: */*

Response DefaultHttpResponse(decodeResult: success, version: HTTP/1.1)
HTTP/1.1 200 OK
content-type: application/json;charset=UTF-8
date: Fri, 12 May 2023 17:07:44 GMT
server: monocle/0.42
content-length: 15
x-request-id: b4f11625-84af-479a-8bdd-496a37cc4247

13:07:45.556 [AsyncHttpClient-1-2] DEBUG org.asynchttpclient.netty.channel.ChannelManager -- Adding key: https://ondemand.us-west-1.saucelabs.com:443 for channel [id: 0x5d8cc613, L:/192.168.1.146:57614 - R:ondemand.us-west-1.saucelabs.com/66.85.52.224:443]
13:07:45.556 [Forwarding switchToFrame on session 724de05069144310a7342d95f6334a48 to remote] DEBUG org.asynchttpclient.netty.request.NettyRequestSender -- Using pooled Channel '[id: 0x5d8cc613, L:/192.168.1.146:57614 - R:ondemand.us-west-1.saucelabs.com/66.85.52.224:443]' for 'POST' to 'https://oauth-autolazare-558fb:f8d0a4b4-e059-4b39-a9eb-366965b887b1@ondemand.us-west-1.saucelabs.com:443/wd/hub/session/724de05069144310a7342d95f6334a48/frame'
13:07:45.556 [Forwarding switchToFrame on session 724de05069144310a7342d95f6334a48 to remote] DEBUG org.asynchttpclient.netty.request.NettyRequestSender -- Using open Channel [id: 0x5d8cc613, L:/192.168.1.146:57614 - R:ondemand.us-west-1.saucelabs.com/66.85.52.224:443] for POST '/wd/hub/session/724de05069144310a7342d95f6334a48/frame'
13:07:45.930 [AsyncHttpClient-1-2] DEBUG org.asynchttpclient.netty.handler.HttpHandler -- 

Request DefaultHttpRequest(decodeResult: success, version: HTTP/1.1)
POST /wd/hub/session/724de05069144310a7342d95f6334a48/frame HTTP/1.1
User-Agent: selenium/4.9.0 (java windows)
traceparent: 00-3be3654b19b39994b34df54b3ab5dec1-035e8e5afc80a3bd-01
Content-Length: 106
Content-Type: application/json; charset=utf-8
host: ondemand.us-west-1.saucelabs.com
authorization: Basic b2F1dGgtYXV0b2xhemFyZS01NThmYjpmOGQwYTRiNC1lMDU5LTRiMzktYTllYi0zNjY5NjViODg3YjE=
accept: */*

Response DefaultHttpResponse(decodeResult: success, version: HTTP/1.1)
HTTP/1.1 200 OK
content-type: application/json;charset=UTF-8
date: Fri, 12 May 2023 17:07:44 GMT
server: monocle/0.42
content-length: 15
x-request-id: 6ef87936-f8ae-4ddb-813b-9bcf2a0b5cf9

13:07:45.930 [AsyncHttpClient-1-2] DEBUG org.asynchttpclient.netty.channel.ChannelManager -- Adding key: https://ondemand.us-west-1.saucelabs.com:443 for channel [id: 0x5d8cc613, L:/192.168.1.146:57614 - R:ondemand.us-west-1.saucelabs.com/66.85.52.224:443]
13:07:45.934 [Forwarding executeScript on session 724de05069144310a7342d95f6334a48 to remote] DEBUG org.asynchttpclient.netty.request.NettyRequestSender -- Using pooled Channel '[id: 0x5d8cc613, L:/192.168.1.146:57614 - R:ondemand.us-west-1.saucelabs.com/66.85.52.224:443]' for 'POST' to 'https://oauth-autolazare-558fb:f8d0a4b4-e059-4b39-a9eb-366965b887b1@ondemand.us-west-1.saucelabs.com:443/wd/hub/session/724de05069144310a7342d95f6334a48/execute/sync'
13:07:45.934 [Forwarding executeScript on session 724de05069144310a7342d95f6334a48 to remote] DEBUG org.asynchttpclient.netty.request.NettyRequestSender -- Using open Channel [id: 0x5d8cc613, L:/192.168.1.146:57614 - R:ondemand.us-west-1.saucelabs.com/66.85.52.224:443] for POST '/wd/hub/session/724de05069144310a7342d95f6334a48/execute/sync'
13:07:46.055 [AsyncHttpClient-1-2] DEBUG org.asynchttpclient.netty.handler.HttpHandler -- 

Request DefaultHttpRequest(decodeResult: success, version: HTTP/1.1)
POST /wd/hub/session/724de05069144310a7342d95f6334a48/execute/sync HTTP/1.1
User-Agent: selenium/4.9.0 (java windows)
traceparent: 00-3eff7cc4cc43e38a413ae06da5ac6bc8-0f60a101dcb2ed86-01
Content-Length: 99
Content-Type: application/json; charset=utf-8
host: ondemand.us-west-1.saucelabs.com
authorization: Basic b2F1dGgtYXV0b2xhemFyZS01NThmYjpmOGQwYTRiNC1lMDU5LTRiMzktYTllYi0zNjY5NjViODg3YjE=
accept: */*

Response DefaultHttpResponse(decodeResult: success, version: HTTP/1.1)
HTTP/1.1 200 OK
content-type: application/json;charset=UTF-8
date: Fri, 12 May 2023 17:07:44 GMT
server: monocle/0.42
content-length: 15
x-request-id: df5cccab-e5c3-4fff-ae53-36ae5d69bcef

13:07:46.055 [AsyncHttpClient-1-2] DEBUG org.asynchttpclient.netty.channel.ChannelManager -- Adding key: https://ondemand.us-west-1.saucelabs.com:443 for channel [id: 0x5d8cc613, L:/192.168.1.146:57614 - R:ondemand.us-west-1.saucelabs.com/66.85.52.224:443]
13:07:46.055 [Forwarding findElements on session 724de05069144310a7342d95f6334a48 to remote] DEBUG org.asynchttpclient.netty.request.NettyRequestSender -- Using pooled Channel '[id: 0x5d8cc613, L:/192.168.1.146:57614 - R:ondemand.us-west-1.saucelabs.com/66.85.52.224:443]' for 'POST' to 'https://oauth-autolazare-558fb:f8d0a4b4-e059-4b39-a9eb-366965b887b1@ondemand.us-west-1.saucelabs.com:443/wd/hub/session/724de05069144310a7342d95f6334a48/elements'
13:07:46.055 [Forwarding findElements on session 724de05069144310a7342d95f6334a48 to remote] DEBUG org.asynchttpclient.netty.request.NettyRequestSender -- Using open Channel [id: 0x5d8cc613, L:/192.168.1.146:57614 - R:ondemand.us-west-1.saucelabs.com/66.85.52.224:443] for POST '/wd/hub/session/724de05069144310a7342d95f6334a48/elements'
13:07:46.185 [AsyncHttpClient-1-2] DEBUG org.asynchttpclient.netty.handler.HttpHandler -- 

Request DefaultHttpRequest(decodeResult: success, version: HTTP/1.1)
POST /wd/hub/session/724de05069144310a7342d95f6334a48/elements HTTP/1.1
User-Agent: selenium/4.9.0 (java windows)
traceparent: 00-a94ca570d5649a9d2087ca62e2761e95-d5a7e8bdadeb8b7d-01
Content-Length: 98
Content-Type: application/json; charset=utf-8
host: ondemand.us-west-1.saucelabs.com
authorization: Basic b2F1dGgtYXV0b2xhemFyZS01NThmYjpmOGQwYTRiNC1lMDU5LTRiMzktYTllYi0zNjY5NjViODg3YjE=
accept: */*

Response DefaultHttpResponse(decodeResult: success, version: HTTP/1.1)
HTTP/1.1 200 OK
content-type: application/json;charset=UTF-8
date: Fri, 12 May 2023 17:07:44 GMT
server: monocle/0.42
content-length: 187
x-request-id: d4daadb5-1a5d-4ba6-af59-a290b87537b2

13:07:46.185 [AsyncHttpClient-1-2] DEBUG org.asynchttpclient.netty.channel.ChannelManager -- Adding key: https://ondemand.us-west-1.saucelabs.com:443 for channel [id: 0x5d8cc613, L:/192.168.1.146:57614 - R:ondemand.us-west-1.saucelabs.com/66.85.52.224:443]
13:07:46.202 [Forwarding switchToFrame on session 724de05069144310a7342d95f6334a48 to remote] DEBUG org.asynchttpclient.netty.request.NettyRequestSender -- Using pooled Channel '[id: 0x5d8cc613, L:/192.168.1.146:57614 - R:ondemand.us-west-1.saucelabs.com/66.85.52.224:443]' for 'POST' to 'https://oauth-autolazare-558fb:f8d0a4b4-e059-4b39-a9eb-366965b887b1@ondemand.us-west-1.saucelabs.com:443/wd/hub/session/724de05069144310a7342d95f6334a48/frame'
13:07:46.202 [Forwarding switchToFrame on session 724de05069144310a7342d95f6334a48 to remote] DEBUG org.asynchttpclient.netty.request.NettyRequestSender -- Using open Channel [id: 0x5d8cc613, L:/192.168.1.146:57614 - R:ondemand.us-west-1.saucelabs.com/66.85.52.224:443] for POST '/wd/hub/session/724de05069144310a7342d95f6334a48/frame'
13:07:46.345 [AsyncHttpClient-1-2] DEBUG org.asynchttpclient.netty.handler.HttpHandler -- 

Request DefaultHttpRequest(decodeResult: success, version: HTTP/1.1)
POST /wd/hub/session/724de05069144310a7342d95f6334a48/frame HTTP/1.1
User-Agent: selenium/4.9.0 (java windows)
traceparent: 00-adb55c4a708aaec9d6667a2237c4e2a4-b02a214c6537bd5a-01
Content-Length: 106
Content-Type: application/json; charset=utf-8
host: ondemand.us-west-1.saucelabs.com
authorization: Basic b2F1dGgtYXV0b2xhemFyZS01NThmYjpmOGQwYTRiNC1lMDU5LTRiMzktYTllYi0zNjY5NjViODg3YjE=
accept: */*

Response DefaultHttpResponse(decodeResult: success, version: HTTP/1.1)
HTTP/1.1 200 OK
content-type: application/json;charset=UTF-8
date: Fri, 12 May 2023 17:07:45 GMT
server: monocle/0.42
content-length: 15
x-request-id: a4bc4987-cbf6-410c-bf9c-e1603b1577ce

13:07:46.345 [AsyncHttpClient-1-2] DEBUG org.asynchttpclient.netty.channel.ChannelManager -- Adding key: https://ondemand.us-west-1.saucelabs.com:443 for channel [id: 0x5d8cc613, L:/192.168.1.146:57614 - R:ondemand.us-west-1.saucelabs.com/66.85.52.224:443]
13:07:46.353 [Forwarding executeScript on session 724de05069144310a7342d95f6334a48 to remote] DEBUG org.asynchttpclient.netty.request.NettyRequestSender -- Using pooled Channel '[id: 0x5d8cc613, L:/192.168.1.146:57614 - R:ondemand.us-west-1.saucelabs.com/66.85.52.224:443]' for 'POST' to 'https://oauth-autolazare-558fb:f8d0a4b4-e059-4b39-a9eb-366965b887b1@ondemand.us-west-1.saucelabs.com:443/wd/hub/session/724de05069144310a7342d95f6334a48/execute/sync'
13:07:46.353 [Forwarding executeScript on session 724de05069144310a7342d95f6334a48 to remote] DEBUG org.asynchttpclient.netty.request.NettyRequestSender -- Using open Channel [id: 0x5d8cc613, L:/192.168.1.146:57614 - R:ondemand.us-west-1.saucelabs.com/66.85.52.224:443] for POST '/wd/hub/session/724de05069144310a7342d95f6334a48/execute/sync'
13:07:46.504 [AsyncHttpClient-1-2] DEBUG org.asynchttpclient.netty.handler.HttpHandler -- 

Request DefaultHttpRequest(decodeResult: success, version: HTTP/1.1)
POST /wd/hub/session/724de05069144310a7342d95f6334a48/execute/sync HTTP/1.1
User-Agent: selenium/4.9.0 (java windows)
traceparent: 00-7b96509783c587b83440efedbecb5982-643815bd738f9857-01
Content-Length: 99
Content-Type: application/json; charset=utf-8
host: ondemand.us-west-1.saucelabs.com
authorization: Basic b2F1dGgtYXV0b2xhemFyZS01NThmYjpmOGQwYTRiNC1lMDU5LTRiMzktYTllYi0zNjY5NjViODg3YjE=
accept: */*

Response DefaultHttpResponse(decodeResult: success, version: HTTP/1.1)
HTTP/1.1 200 OK
content-type: application/json;charset=UTF-8
date: Fri, 12 May 2023 17:07:45 GMT
server: monocle/0.42
content-length: 15
x-request-id: 19e8a4a2-bcec-4d3b-8381-e7b9df22d741

13:07:46.504 [AsyncHttpClient-1-2] DEBUG org.asynchttpclient.netty.channel.ChannelManager -- Adding key: https://ondemand.us-west-1.saucelabs.com:443 for channel [id: 0x5d8cc613, L:/192.168.1.146:57614 - R:ondemand.us-west-1.saucelabs.com/66.85.52.224:443]
13:07:46.507 [Forwarding findElements on session 724de05069144310a7342d95f6334a48 to remote] DEBUG org.asynchttpclient.netty.request.NettyRequestSender -- Using pooled Channel '[id: 0x5d8cc613, L:/192.168.1.146:57614 - R:ondemand.us-west-1.saucelabs.com/66.85.52.224:443]' for 'POST' to 'https://oauth-autolazare-558fb:f8d0a4b4-e059-4b39-a9eb-366965b887b1@ondemand.us-west-1.saucelabs.com:443/wd/hub/session/724de05069144310a7342d95f6334a48/elements'
13:07:46.507 [Forwarding findElements on session 724de05069144310a7342d95f6334a48 to remote] DEBUG org.asynchttpclient.netty.request.NettyRequestSender -- Using open Channel [id: 0x5d8cc613, L:/192.168.1.146:57614 - R:ondemand.us-west-1.saucelabs.com/66.85.52.224:443] for POST '/wd/hub/session/724de05069144310a7342d95f6334a48/elements'
13:07:46.670 [AsyncHttpClient-1-2] DEBUG org.asynchttpclient.netty.handler.HttpHandler -- 

Request DefaultHttpRequest(decodeResult: success, version: HTTP/1.1)
POST /wd/hub/session/724de05069144310a7342d95f6334a48/elements HTTP/1.1
User-Agent: selenium/4.9.0 (java windows)
traceparent: 00-d5b39690da50f9e7e478ce488d464f8b-0ff8d19abd9c75c4-01
Content-Length: 98
Content-Type: application/json; charset=utf-8
host: ondemand.us-west-1.saucelabs.com
authorization: Basic b2F1dGgtYXV0b2xhemFyZS01NThmYjpmOGQwYTRiNC1lMDU5LTRiMzktYTllYi0zNjY5NjViODg3YjE=
accept: */*

Response DefaultHttpResponse(decodeResult: success, version: HTTP/1.1)
HTTP/1.1 200 OK
content-type: application/json;charset=UTF-8
date: Fri, 12 May 2023 17:07:45 GMT
server: monocle/0.42
content-length: 13
x-request-id: 21c3b046-7ae5-4bfe-a3b5-fe2e77b36b13

13:07:46.671 [AsyncHttpClient-1-2] DEBUG org.asynchttpclient.netty.channel.ChannelManager -- Adding key: https://ondemand.us-west-1.saucelabs.com:443 for channel [id: 0x5d8cc613, L:/192.168.1.146:57614 - R:ondemand.us-west-1.saucelabs.com/66.85.52.224:443]
13:07:46.671 [Forwarding switchToParentFrame on session 724de05069144310a7342d95f6334a48 to remote] DEBUG org.asynchttpclient.netty.request.NettyRequestSender -- Using pooled Channel '[id: 0x5d8cc613, L:/192.168.1.146:57614 - R:ondemand.us-west-1.saucelabs.com/66.85.52.224:443]' for 'POST' to 'https://oauth-autolazare-558fb:f8d0a4b4-e059-4b39-a9eb-366965b887b1@ondemand.us-west-1.saucelabs.com:443/wd/hub/session/724de05069144310a7342d95f6334a48/frame/parent'
13:07:46.674 [Forwarding switchToParentFrame on session 724de05069144310a7342d95f6334a48 to remote] DEBUG org.asynchttpclient.netty.request.NettyRequestSender -- Using open Channel [id: 0x5d8cc613, L:/192.168.1.146:57614 - R:ondemand.us-west-1.saucelabs.com/66.85.52.224:443] for POST '/wd/hub/session/724de05069144310a7342d95f6334a48/frame/parent'
13:07:46.794 [AsyncHttpClient-1-2] DEBUG org.asynchttpclient.netty.handler.HttpHandler -- 

Request DefaultHttpRequest(decodeResult: success, version: HTTP/1.1)
POST /wd/hub/session/724de05069144310a7342d95f6334a48/frame/parent HTTP/1.1
User-Agent: selenium/4.9.0 (java windows)
traceparent: 00-51de2d1ae12ac2d4643284d23b196f5a-aa6b63b69970b083-01
Content-Length: 3
Content-Type: application/json; charset=utf-8
host: ondemand.us-west-1.saucelabs.com
authorization: Basic b2F1dGgtYXV0b2xhemFyZS01NThmYjpmOGQwYTRiNC1lMDU5LTRiMzktYTllYi0zNjY5NjViODg3YjE=
accept: */*

Response DefaultHttpResponse(decodeResult: success, version: HTTP/1.1)
HTTP/1.1 200 OK
content-type: application/json;charset=UTF-8
date: Fri, 12 May 2023 17:07:45 GMT
server: monocle/0.42
content-length: 15
x-request-id: 5db662db-10a3-4d06-a883-20e88c35f7bd

13:07:46.794 [AsyncHttpClient-1-2] DEBUG org.asynchttpclient.netty.channel.ChannelManager -- Adding key: https://ondemand.us-west-1.saucelabs.com:443 for channel [id: 0x5d8cc613, L:/192.168.1.146:57614 - R:ondemand.us-west-1.saucelabs.com/66.85.52.224:443]
13:07:46.798 [Forwarding switchToFrame on session 724de05069144310a7342d95f6334a48 to remote] DEBUG org.asynchttpclient.netty.request.NettyRequestSender -- Using pooled Channel '[id: 0x5d8cc613, L:/192.168.1.146:57614 - R:ondemand.us-west-1.saucelabs.com/66.85.52.224:443]' for 'POST' to 'https://oauth-autolazare-558fb:f8d0a4b4-e059-4b39-a9eb-366965b887b1@ondemand.us-west-1.saucelabs.com:443/wd/hub/session/724de05069144310a7342d95f6334a48/frame'
13:07:46.798 [Forwarding switchToFrame on session 724de05069144310a7342d95f6334a48 to remote] DEBUG org.asynchttpclient.netty.request.NettyRequestSender -- Using open Channel [id: 0x5d8cc613, L:/192.168.1.146:57614 - R:ondemand.us-west-1.saucelabs.com/66.85.52.224:443] for POST '/wd/hub/session/724de05069144310a7342d95f6334a48/frame'
13:07:46.947 [AsyncHttpClient-1-2] DEBUG org.asynchttpclient.netty.handler.HttpHandler -- 

Request DefaultHttpRequest(decodeResult: success, version: HTTP/1.1)
POST /wd/hub/session/724de05069144310a7342d95f6334a48/frame HTTP/1.1
User-Agent: selenium/4.9.0 (java windows)
traceparent: 00-e90716fbfefd75b76cec108697e4fba8-e86e001c80ff909e-01
Content-Length: 106
Content-Type: application/json; charset=utf-8
host: ondemand.us-west-1.saucelabs.com
authorization: Basic b2F1dGgtYXV0b2xhemFyZS01NThmYjpmOGQwYTRiNC1lMDU5LTRiMzktYTllYi0zNjY5NjViODg3YjE=
accept: */*

Response DefaultHttpResponse(decodeResult: success, version: HTTP/1.1)
HTTP/1.1 200 OK
content-type: application/json;charset=UTF-8
date: Fri, 12 May 2023 17:07:45 GMT
server: monocle/0.42
content-length: 15
x-request-id: f5e678ec-6bcd-49d3-9882-c2688af7436c

13:07:46.947 [AsyncHttpClient-1-2] DEBUG org.asynchttpclient.netty.channel.ChannelManager -- Adding key: https://ondemand.us-west-1.saucelabs.com:443 for channel [id: 0x5d8cc613, L:/192.168.1.146:57614 - R:ondemand.us-west-1.saucelabs.com/66.85.52.224:443]
13:07:46.949 [Forwarding executeScript on session 724de05069144310a7342d95f6334a48 to remote] DEBUG org.asynchttpclient.netty.request.NettyRequestSender -- Using pooled Channel '[id: 0x5d8cc613, L:/192.168.1.146:57614 - R:ondemand.us-west-1.saucelabs.com/66.85.52.224:443]' for 'POST' to 'https://oauth-autolazare-558fb:f8d0a4b4-e059-4b39-a9eb-366965b887b1@ondemand.us-west-1.saucelabs.com:443/wd/hub/session/724de05069144310a7342d95f6334a48/execute/sync'
13:07:46.949 [Forwarding executeScript on session 724de05069144310a7342d95f6334a48 to remote] DEBUG org.asynchttpclient.netty.request.NettyRequestSender -- Using open Channel [id: 0x5d8cc613, L:/192.168.1.146:57614 - R:ondemand.us-west-1.saucelabs.com/66.85.52.224:443] for POST '/wd/hub/session/724de05069144310a7342d95f6334a48/execute/sync'
13:07:47.070 [AsyncHttpClient-1-2] DEBUG org.asynchttpclient.netty.handler.HttpHandler -- 

Request DefaultHttpRequest(decodeResult: success, version: HTTP/1.1)
POST /wd/hub/session/724de05069144310a7342d95f6334a48/execute/sync HTTP/1.1
User-Agent: selenium/4.9.0 (java windows)
traceparent: 00-79fbec755fcaf1ed02a4056ee327e9ac-d0c609d6d617cdea-01
Content-Length: 99
Content-Type: application/json; charset=utf-8
host: ondemand.us-west-1.saucelabs.com
authorization: Basic b2F1dGgtYXV0b2xhemFyZS01NThmYjpmOGQwYTRiNC1lMDU5LTRiMzktYTllYi0zNjY5NjViODg3YjE=
accept: */*

Response DefaultHttpResponse(decodeResult: success, version: HTTP/1.1)
HTTP/1.1 200 OK
content-type: application/json;charset=UTF-8
date: Fri, 12 May 2023 17:07:45 GMT
server: monocle/0.42
content-length: 15
x-request-id: 9895059c-daf0-477b-8126-e1c6e2fe2399

13:07:47.070 [AsyncHttpClient-1-2] DEBUG org.asynchttpclient.netty.channel.ChannelManager -- Adding key: https://ondemand.us-west-1.saucelabs.com:443 for channel [id: 0x5d8cc613, L:/192.168.1.146:57614 - R:ondemand.us-west-1.saucelabs.com/66.85.52.224:443]
13:07:47.074 [Forwarding findElements on session 724de05069144310a7342d95f6334a48 to remote] DEBUG org.asynchttpclient.netty.request.NettyRequestSender -- Using pooled Channel '[id: 0x5d8cc613, L:/192.168.1.146:57614 - R:ondemand.us-west-1.saucelabs.com/66.85.52.224:443]' for 'POST' to 'https://oauth-autolazare-558fb:f8d0a4b4-e059-4b39-a9eb-366965b887b1@ondemand.us-west-1.saucelabs.com:443/wd/hub/session/724de05069144310a7342d95f6334a48/elements'
13:07:47.074 [Forwarding findElements on session 724de05069144310a7342d95f6334a48 to remote] DEBUG org.asynchttpclient.netty.request.NettyRequestSender -- Using open Channel [id: 0x5d8cc613, L:/192.168.1.146:57614 - R:ondemand.us-west-1.saucelabs.com/66.85.52.224:443] for POST '/wd/hub/session/724de05069144310a7342d95f6334a48/elements'
13:07:47.208 [AsyncHttpClient-1-2] DEBUG org.asynchttpclient.netty.handler.HttpHandler -- 

Request DefaultHttpRequest(decodeResult: success, version: HTTP/1.1)
POST /wd/hub/session/724de05069144310a7342d95f6334a48/elements HTTP/1.1
User-Agent: selenium/4.9.0 (java windows)
traceparent: 00-8b875c2bf640a61beaa0e868685da916-8f7e8481173ddfed-01
Content-Length: 98
Content-Type: application/json; charset=utf-8
host: ondemand.us-west-1.saucelabs.com
authorization: Basic b2F1dGgtYXV0b2xhemFyZS01NThmYjpmOGQwYTRiNC1lMDU5LTRiMzktYTllYi0zNjY5NjViODg3YjE=
accept: */*

Response DefaultHttpResponse(decodeResult: success, version: HTTP/1.1)
HTTP/1.1 200 OK
content-type: application/json;charset=UTF-8
date: Fri, 12 May 2023 17:07:45 GMT
server: monocle/0.42
content-length: 13
x-request-id: a61865a9-2f85-48e0-9df1-1b5d5ca6d785

13:07:47.208 [AsyncHttpClient-1-2] DEBUG org.asynchttpclient.netty.channel.ChannelManager -- Adding key: https://ondemand.us-west-1.saucelabs.com:443 for channel [id: 0x5d8cc613, L:/192.168.1.146:57614 - R:ondemand.us-west-1.saucelabs.com/66.85.52.224:443]
13:07:47.214 [Forwarding switchToParentFrame on session 724de05069144310a7342d95f6334a48 to remote] DEBUG org.asynchttpclient.netty.request.NettyRequestSender -- Using pooled Channel '[id: 0x5d8cc613, L:/192.168.1.146:57614 - R:ondemand.us-west-1.saucelabs.com/66.85.52.224:443]' for 'POST' to 'https://oauth-autolazare-558fb:f8d0a4b4-e059-4b39-a9eb-366965b887b1@ondemand.us-west-1.saucelabs.com:443/wd/hub/session/724de05069144310a7342d95f6334a48/frame/parent'
13:07:47.214 [Forwarding switchToParentFrame on session 724de05069144310a7342d95f6334a48 to remote] DEBUG org.asynchttpclient.netty.request.NettyRequestSender -- Using open Channel [id: 0x5d8cc613, L:/192.168.1.146:57614 - R:ondemand.us-west-1.saucelabs.com/66.85.52.224:443] for POST '/wd/hub/session/724de05069144310a7342d95f6334a48/frame/parent'
13:07:47.343 [AsyncHttpClient-1-2] DEBUG org.asynchttpclient.netty.handler.HttpHandler -- 

Request DefaultHttpRequest(decodeResult: success, version: HTTP/1.1)
POST /wd/hub/session/724de05069144310a7342d95f6334a48/frame/parent HTTP/1.1
User-Agent: selenium/4.9.0 (java windows)
traceparent: 00-649048497b27a4368ff65e8386e44298-cb88f42df999217b-01
Content-Length: 3
Content-Type: application/json; charset=utf-8
host: ondemand.us-west-1.saucelabs.com
authorization: Basic b2F1dGgtYXV0b2xhemFyZS01NThmYjpmOGQwYTRiNC1lMDU5LTRiMzktYTllYi0zNjY5NjViODg3YjE=
accept: */*

Response DefaultHttpResponse(decodeResult: success, version: HTTP/1.1)
HTTP/1.1 200 OK
content-type: application/json;charset=UTF-8
date: Fri, 12 May 2023 17:07:46 GMT
server: monocle/0.42
content-length: 15
x-request-id: 90315505-50a4-418f-8105-abb39bf0aadc

13:07:47.343 [AsyncHttpClient-1-2] DEBUG org.asynchttpclient.netty.channel.ChannelManager -- Adding key: https://ondemand.us-west-1.saucelabs.com:443 for channel [id: 0x5d8cc613, L:/192.168.1.146:57614 - R:ondemand.us-west-1.saucelabs.com/66.85.52.224:443]
13:07:47.343 [Forwarding switchToParentFrame on session 724de05069144310a7342d95f6334a48 to remote] DEBUG org.asynchttpclient.netty.request.NettyRequestSender -- Using pooled Channel '[id: 0x5d8cc613, L:/192.168.1.146:57614 - R:ondemand.us-west-1.saucelabs.com/66.85.52.224:443]' for 'POST' to 'https://oauth-autolazare-558fb:f8d0a4b4-e059-4b39-a9eb-366965b887b1@ondemand.us-west-1.saucelabs.com:443/wd/hub/session/724de05069144310a7342d95f6334a48/frame/parent'
13:07:47.343 [Forwarding switchToParentFrame on session 724de05069144310a7342d95f6334a48 to remote] DEBUG org.asynchttpclient.netty.request.NettyRequestSender -- Using open Channel [id: 0x5d8cc613, L:/192.168.1.146:57614 - R:ondemand.us-west-1.saucelabs.com/66.85.52.224:443] for POST '/wd/hub/session/724de05069144310a7342d95f6334a48/frame/parent'
13:07:47.459 [AsyncHttpClient-1-2] DEBUG org.asynchttpclient.netty.handler.HttpHandler -- 

Request DefaultHttpRequest(decodeResult: success, version: HTTP/1.1)
POST /wd/hub/session/724de05069144310a7342d95f6334a48/frame/parent HTTP/1.1
User-Agent: selenium/4.9.0 (java windows)
traceparent: 00-2ffe4971ab5c2b1a3b0c904df5573fa1-3a3406a1b6a302e6-01
Content-Length: 3
Content-Type: application/json; charset=utf-8
host: ondemand.us-west-1.saucelabs.com
authorization: Basic b2F1dGgtYXV0b2xhemFyZS01NThmYjpmOGQwYTRiNC1lMDU5LTRiMzktYTllYi0zNjY5NjViODg3YjE=
accept: */*

Response DefaultHttpResponse(decodeResult: success, version: HTTP/1.1)
HTTP/1.1 200 OK
content-type: application/json;charset=UTF-8
date: Fri, 12 May 2023 17:07:46 GMT
server: monocle/0.42
content-length: 15
x-request-id: 52632113-37d5-480c-b366-09b9a2187456

13:07:47.459 [AsyncHttpClient-1-2] DEBUG org.asynchttpclient.netty.channel.ChannelManager -- Adding key: https://ondemand.us-west-1.saucelabs.com:443 for channel [id: 0x5d8cc613, L:/192.168.1.146:57614 - R:ondemand.us-west-1.saucelabs.com/66.85.52.224:443]
13:07:47.468 [Forwarding switchToFrame on session 724de05069144310a7342d95f6334a48 to remote] DEBUG org.asynchttpclient.netty.request.NettyRequestSender -- Using pooled Channel '[id: 0x5d8cc613, L:/192.168.1.146:57614 - R:ondemand.us-west-1.saucelabs.com/66.85.52.224:443]' for 'POST' to 'https://oauth-autolazare-558fb:f8d0a4b4-e059-4b39-a9eb-366965b887b1@ondemand.us-west-1.saucelabs.com:443/wd/hub/session/724de05069144310a7342d95f6334a48/frame'
13:07:47.468 [Forwarding switchToFrame on session 724de05069144310a7342d95f6334a48 to remote] DEBUG org.asynchttpclient.netty.request.NettyRequestSender -- Using open Channel [id: 0x5d8cc613, L:/192.168.1.146:57614 - R:ondemand.us-west-1.saucelabs.com/66.85.52.224:443] for POST '/wd/hub/session/724de05069144310a7342d95f6334a48/frame'
13:07:47.618 [AsyncHttpClient-1-2] DEBUG org.asynchttpclient.netty.handler.HttpHandler -- 

Request DefaultHttpRequest(decodeResult: success, version: HTTP/1.1)
POST /wd/hub/session/724de05069144310a7342d95f6334a48/frame HTTP/1.1
User-Agent: selenium/4.9.0 (java windows)
traceparent: 00-593346179fd07571b7e9fc4c2ee73ec0-2925970fe6c296bf-01
Content-Length: 106
Content-Type: application/json; charset=utf-8
host: ondemand.us-west-1.saucelabs.com
authorization: Basic b2F1dGgtYXV0b2xhemFyZS01NThmYjpmOGQwYTRiNC1lMDU5LTRiMzktYTllYi0zNjY5NjViODg3YjE=
accept: */*

Response DefaultHttpResponse(decodeResult: success, version: HTTP/1.1)
HTTP/1.1 200 OK
content-type: application/json;charset=UTF-8
date: Fri, 12 May 2023 17:07:46 GMT
server: monocle/0.42
content-length: 15
x-request-id: 27966247-8c14-4ba3-81ca-de4fff9585f2

13:07:47.618 [AsyncHttpClient-1-2] DEBUG org.asynchttpclient.netty.channel.ChannelManager -- Adding key: https://ondemand.us-west-1.saucelabs.com:443 for channel [id: 0x5d8cc613, L:/192.168.1.146:57614 - R:ondemand.us-west-1.saucelabs.com/66.85.52.224:443]
13:07:47.629 [Forwarding executeScript on session 724de05069144310a7342d95f6334a48 to remote] DEBUG org.asynchttpclient.netty.request.NettyRequestSender -- Using pooled Channel '[id: 0x5d8cc613, L:/192.168.1.146:57614 - R:ondemand.us-west-1.saucelabs.com/66.85.52.224:443]' for 'POST' to 'https://oauth-autolazare-558fb:f8d0a4b4-e059-4b39-a9eb-366965b887b1@ondemand.us-west-1.saucelabs.com:443/wd/hub/session/724de05069144310a7342d95f6334a48/execute/sync'
13:07:47.629 [Forwarding executeScript on session 724de05069144310a7342d95f6334a48 to remote] DEBUG org.asynchttpclient.netty.request.NettyRequestSender -- Using open Channel [id: 0x5d8cc613, L:/192.168.1.146:57614 - R:ondemand.us-west-1.saucelabs.com/66.85.52.224:443] for POST '/wd/hub/session/724de05069144310a7342d95f6334a48/execute/sync'
13:07:47.774 [AsyncHttpClient-1-2] DEBUG org.asynchttpclient.netty.handler.HttpHandler -- 

Request DefaultHttpRequest(decodeResult: success, version: HTTP/1.1)
POST /wd/hub/session/724de05069144310a7342d95f6334a48/execute/sync HTTP/1.1
User-Agent: selenium/4.9.0 (java windows)
traceparent: 00-8ae40f42bb6e224eb7dccd3df1bf5447-5a9e12351ae8011e-01
Content-Length: 99
Content-Type: application/json; charset=utf-8
host: ondemand.us-west-1.saucelabs.com
authorization: Basic b2F1dGgtYXV0b2xhemFyZS01NThmYjpmOGQwYTRiNC1lMDU5LTRiMzktYTllYi0zNjY5NjViODg3YjE=
accept: */*

Response DefaultHttpResponse(decodeResult: success, version: HTTP/1.1)
HTTP/1.1 200 OK
content-type: application/json;charset=UTF-8
date: Fri, 12 May 2023 17:07:46 GMT
server: monocle/0.42
content-length: 15
x-request-id: 9f505504-902f-4eeb-bcb8-410612681de7

13:07:47.774 [AsyncHttpClient-1-2] DEBUG org.asynchttpclient.netty.channel.ChannelManager -- Adding key: https://ondemand.us-west-1.saucelabs.com:443 for channel [id: 0x5d8cc613, L:/192.168.1.146:57614 - R:ondemand.us-west-1.saucelabs.com/66.85.52.224:443]
13:07:47.778 [Forwarding findElements on session 724de05069144310a7342d95f6334a48 to remote] DEBUG org.asynchttpclient.netty.request.NettyRequestSender -- Using pooled Channel '[id: 0x5d8cc613, L:/192.168.1.146:57614 - R:ondemand.us-west-1.saucelabs.com/66.85.52.224:443]' for 'POST' to 'https://oauth-autolazare-558fb:f8d0a4b4-e059-4b39-a9eb-366965b887b1@ondemand.us-west-1.saucelabs.com:443/wd/hub/session/724de05069144310a7342d95f6334a48/elements'
13:07:47.778 [Forwarding findElements on session 724de05069144310a7342d95f6334a48 to remote] DEBUG org.asynchttpclient.netty.request.NettyRequestSender -- Using open Channel [id: 0x5d8cc613, L:/192.168.1.146:57614 - R:ondemand.us-west-1.saucelabs.com/66.85.52.224:443] for POST '/wd/hub/session/724de05069144310a7342d95f6334a48/elements'
13:07:47.905 [AsyncHttpClient-1-2] DEBUG org.asynchttpclient.netty.handler.HttpHandler -- 

Request DefaultHttpRequest(decodeResult: success, version: HTTP/1.1)
POST /wd/hub/session/724de05069144310a7342d95f6334a48/elements HTTP/1.1
User-Agent: selenium/4.9.0 (java windows)
traceparent: 00-b28fe2f8e89fff44013455b48586570d-14627465bf40d7cb-01
Content-Length: 98
Content-Type: application/json; charset=utf-8
host: ondemand.us-west-1.saucelabs.com
authorization: Basic b2F1dGgtYXV0b2xhemFyZS01NThmYjpmOGQwYTRiNC1lMDU5LTRiMzktYTllYi0zNjY5NjViODg3YjE=
accept: */*

Response DefaultHttpResponse(decodeResult: success, version: HTTP/1.1)
HTTP/1.1 200 OK
content-type: application/json;charset=UTF-8
date: Fri, 12 May 2023 17:07:46 GMT
server: monocle/0.42
content-length: 275
x-request-id: a716cc51-209e-49e9-bb0c-4ebb3f2a6912

13:07:47.905 [AsyncHttpClient-1-2] DEBUG org.asynchttpclient.netty.channel.ChannelManager -- Adding key: https://ondemand.us-west-1.saucelabs.com:443 for channel [id: 0x5d8cc613, L:/192.168.1.146:57614 - R:ondemand.us-west-1.saucelabs.com/66.85.52.224:443]
13:07:47.915 [Forwarding switchToFrame on session 724de05069144310a7342d95f6334a48 to remote] DEBUG org.asynchttpclient.netty.request.NettyRequestSender -- Using pooled Channel '[id: 0x5d8cc613, L:/192.168.1.146:57614 - R:ondemand.us-west-1.saucelabs.com/66.85.52.224:443]' for 'POST' to 'https://oauth-autolazare-558fb:f8d0a4b4-e059-4b39-a9eb-366965b887b1@ondemand.us-west-1.saucelabs.com:443/wd/hub/session/724de05069144310a7342d95f6334a48/frame'
13:07:47.915 [Forwarding switchToFrame on session 724de05069144310a7342d95f6334a48 to remote] DEBUG org.asynchttpclient.netty.request.NettyRequestSender -- Using open Channel [id: 0x5d8cc613, L:/192.168.1.146:57614 - R:ondemand.us-west-1.saucelabs.com/66.85.52.224:443] for POST '/wd/hub/session/724de05069144310a7342d95f6334a48/frame'
13:07:48.052 [AsyncHttpClient-1-2] DEBUG org.asynchttpclient.netty.handler.HttpHandler -- 

Request DefaultHttpRequest(decodeResult: success, version: HTTP/1.1)
POST /wd/hub/session/724de05069144310a7342d95f6334a48/frame HTTP/1.1
User-Agent: selenium/4.9.0 (java windows)
traceparent: 00-aa385d51466b35a96014943daffa8376-154f854c8390c94b-01
Content-Length: 106
Content-Type: application/json; charset=utf-8
host: ondemand.us-west-1.saucelabs.com
authorization: Basic b2F1dGgtYXV0b2xhemFyZS01NThmYjpmOGQwYTRiNC1lMDU5LTRiMzktYTllYi0zNjY5NjViODg3YjE=
accept: */*

Response DefaultHttpResponse(decodeResult: success, version: HTTP/1.1)
HTTP/1.1 200 OK
content-type: application/json;charset=UTF-8
date: Fri, 12 May 2023 17:07:46 GMT
server: monocle/0.42
content-length: 15
x-request-id: fb11f7f2-a6a0-413d-88d7-5ce65466438d

13:07:48.052 [AsyncHttpClient-1-2] DEBUG org.asynchttpclient.netty.channel.ChannelManager -- Adding key: https://ondemand.us-west-1.saucelabs.com:443 for channel [id: 0x5d8cc613, L:/192.168.1.146:57614 - R:ondemand.us-west-1.saucelabs.com/66.85.52.224:443]
13:07:48.059 [Forwarding executeScript on session 724de05069144310a7342d95f6334a48 to remote] DEBUG org.asynchttpclient.netty.request.NettyRequestSender -- Using pooled Channel '[id: 0x5d8cc613, L:/192.168.1.146:57614 - R:ondemand.us-west-1.saucelabs.com/66.85.52.224:443]' for 'POST' to 'https://oauth-autolazare-558fb:f8d0a4b4-e059-4b39-a9eb-366965b887b1@ondemand.us-west-1.saucelabs.com:443/wd/hub/session/724de05069144310a7342d95f6334a48/execute/sync'
13:07:48.059 [Forwarding executeScript on session 724de05069144310a7342d95f6334a48 to remote] DEBUG org.asynchttpclient.netty.request.NettyRequestSender -- Using open Channel [id: 0x5d8cc613, L:/192.168.1.146:57614 - R:ondemand.us-west-1.saucelabs.com/66.85.52.224:443] for POST '/wd/hub/session/724de05069144310a7342d95f6334a48/execute/sync'
13:07:48.188 [AsyncHttpClient-1-2] DEBUG org.asynchttpclient.netty.handler.HttpHandler -- 

Request DefaultHttpRequest(decodeResult: success, version: HTTP/1.1)
POST /wd/hub/session/724de05069144310a7342d95f6334a48/execute/sync HTTP/1.1
User-Agent: selenium/4.9.0 (java windows)
traceparent: 00-d477afa77cb3aae5cb06eeb216c20d41-9e219fa761095c29-01
Content-Length: 99
Content-Type: application/json; charset=utf-8
host: ondemand.us-west-1.saucelabs.com
authorization: Basic b2F1dGgtYXV0b2xhemFyZS01NThmYjpmOGQwYTRiNC1lMDU5LTRiMzktYTllYi0zNjY5NjViODg3YjE=
accept: */*

Response DefaultHttpResponse(decodeResult: success, version: HTTP/1.1)
HTTP/1.1 200 OK
content-type: application/json;charset=UTF-8
date: Fri, 12 May 2023 17:07:46 GMT
server: monocle/0.42
content-length: 15
x-request-id: 875ab3e5-a367-4ba8-b76f-deab9699337f

13:07:48.188 [AsyncHttpClient-1-2] DEBUG org.asynchttpclient.netty.channel.ChannelManager -- Adding key: https://ondemand.us-west-1.saucelabs.com:443 for channel [id: 0x5d8cc613, L:/192.168.1.146:57614 - R:ondemand.us-west-1.saucelabs.com/66.85.52.224:443]
13:07:48.190 [Forwarding findElements on session 724de05069144310a7342d95f6334a48 to remote] DEBUG org.asynchttpclient.netty.request.NettyRequestSender -- Using pooled Channel '[id: 0x5d8cc613, L:/192.168.1.146:57614 - R:ondemand.us-west-1.saucelabs.com/66.85.52.224:443]' for 'POST' to 'https://oauth-autolazare-558fb:f8d0a4b4-e059-4b39-a9eb-366965b887b1@ondemand.us-west-1.saucelabs.com:443/wd/hub/session/724de05069144310a7342d95f6334a48/elements'
13:07:48.190 [Forwarding findElements on session 724de05069144310a7342d95f6334a48 to remote] DEBUG org.asynchttpclient.netty.request.NettyRequestSender -- Using open Channel [id: 0x5d8cc613, L:/192.168.1.146:57614 - R:ondemand.us-west-1.saucelabs.com/66.85.52.224:443] for POST '/wd/hub/session/724de05069144310a7342d95f6334a48/elements'
13:07:48.332 [AsyncHttpClient-1-2] DEBUG org.asynchttpclient.netty.handler.HttpHandler -- 

Request DefaultHttpRequest(decodeResult: success, version: HTTP/1.1)
POST /wd/hub/session/724de05069144310a7342d95f6334a48/elements HTTP/1.1
User-Agent: selenium/4.9.0 (java windows)
traceparent: 00-007eec717db41c93f245da5526a6ba5b-88cf3be35d9ad7b6-01
Content-Length: 98
Content-Type: application/json; charset=utf-8
host: ondemand.us-west-1.saucelabs.com
authorization: Basic b2F1dGgtYXV0b2xhemFyZS01NThmYjpmOGQwYTRiNC1lMDU5LTRiMzktYTllYi0zNjY5NjViODg3YjE=
accept: */*

Response DefaultHttpResponse(decodeResult: success, version: HTTP/1.1)
HTTP/1.1 200 OK
content-type: application/json;charset=UTF-8
date: Fri, 12 May 2023 17:07:47 GMT
server: monocle/0.42
content-length: 13
x-request-id: 37d4c6c0-061f-45fd-9b76-65e00d1ea7ae

13:07:48.332 [AsyncHttpClient-1-2] DEBUG org.asynchttpclient.netty.channel.ChannelManager -- Adding key: https://ondemand.us-west-1.saucelabs.com:443 for channel [id: 0x5d8cc613, L:/192.168.1.146:57614 - R:ondemand.us-west-1.saucelabs.com/66.85.52.224:443]
13:07:48.336 [Forwarding switchToParentFrame on session 724de05069144310a7342d95f6334a48 to remote] DEBUG org.asynchttpclient.netty.request.NettyRequestSender -- Using pooled Channel '[id: 0x5d8cc613, L:/192.168.1.146:57614 - R:ondemand.us-west-1.saucelabs.com/66.85.52.224:443]' for 'POST' to 'https://oauth-autolazare-558fb:f8d0a4b4-e059-4b39-a9eb-366965b887b1@ondemand.us-west-1.saucelabs.com:443/wd/hub/session/724de05069144310a7342d95f6334a48/frame/parent'
13:07:48.336 [Forwarding switchToParentFrame on session 724de05069144310a7342d95f6334a48 to remote] DEBUG org.asynchttpclient.netty.request.NettyRequestSender -- Using open Channel [id: 0x5d8cc613, L:/192.168.1.146:57614 - R:ondemand.us-west-1.saucelabs.com/66.85.52.224:443] for POST '/wd/hub/session/724de05069144310a7342d95f6334a48/frame/parent'
13:07:48.457 [AsyncHttpClient-1-2] DEBUG org.asynchttpclient.netty.handler.HttpHandler -- 

Request DefaultHttpRequest(decodeResult: success, version: HTTP/1.1)
POST /wd/hub/session/724de05069144310a7342d95f6334a48/frame/parent HTTP/1.1
User-Agent: selenium/4.9.0 (java windows)
traceparent: 00-99bc39944d5e9dfdef6d40b8ce06b542-3a88a9dbcd9fd4c6-01
Content-Length: 3
Content-Type: application/json; charset=utf-8
host: ondemand.us-west-1.saucelabs.com
authorization: Basic b2F1dGgtYXV0b2xhemFyZS01NThmYjpmOGQwYTRiNC1lMDU5LTRiMzktYTllYi0zNjY5NjViODg3YjE=
accept: */*

Response DefaultHttpResponse(decodeResult: success, version: HTTP/1.1)
HTTP/1.1 200 OK
content-type: application/json;charset=UTF-8
date: Fri, 12 May 2023 17:07:47 GMT
server: monocle/0.42
content-length: 15
x-request-id: e49f4039-6152-4479-b5a6-a0ce5703f73f

13:07:48.457 [AsyncHttpClient-1-2] DEBUG org.asynchttpclient.netty.channel.ChannelManager -- Adding key: https://ondemand.us-west-1.saucelabs.com:443 for channel [id: 0x5d8cc613, L:/192.168.1.146:57614 - R:ondemand.us-west-1.saucelabs.com/66.85.52.224:443]
13:07:48.462 [Forwarding switchToFrame on session 724de05069144310a7342d95f6334a48 to remote] DEBUG org.asynchttpclient.netty.request.NettyRequestSender -- Using pooled Channel '[id: 0x5d8cc613, L:/192.168.1.146:57614 - R:ondemand.us-west-1.saucelabs.com/66.85.52.224:443]' for 'POST' to 'https://oauth-autolazare-558fb:f8d0a4b4-e059-4b39-a9eb-366965b887b1@ondemand.us-west-1.saucelabs.com:443/wd/hub/session/724de05069144310a7342d95f6334a48/frame'
13:07:48.462 [Forwarding switchToFrame on session 724de05069144310a7342d95f6334a48 to remote] DEBUG org.asynchttpclient.netty.request.NettyRequestSender -- Using open Channel [id: 0x5d8cc613, L:/192.168.1.146:57614 - R:ondemand.us-west-1.saucelabs.com/66.85.52.224:443] for POST '/wd/hub/session/724de05069144310a7342d95f6334a48/frame'
13:07:48.615 [AsyncHttpClient-1-2] DEBUG org.asynchttpclient.netty.handler.HttpHandler -- 

Request DefaultHttpRequest(decodeResult: success, version: HTTP/1.1)
POST /wd/hub/session/724de05069144310a7342d95f6334a48/frame HTTP/1.1
User-Agent: selenium/4.9.0 (java windows)
traceparent: 00-c78002c8bce64796cc40638583c17d85-b53fe582220e78ef-01
Content-Length: 106
Content-Type: application/json; charset=utf-8
host: ondemand.us-west-1.saucelabs.com
authorization: Basic b2F1dGgtYXV0b2xhemFyZS01NThmYjpmOGQwYTRiNC1lMDU5LTRiMzktYTllYi0zNjY5NjViODg3YjE=
accept: */*

Response DefaultHttpResponse(decodeResult: success, version: HTTP/1.1)
HTTP/1.1 200 OK
content-type: application/json;charset=UTF-8
date: Fri, 12 May 2023 17:07:47 GMT
server: monocle/0.42
content-length: 15
x-request-id: 294023d8-42a9-40bb-b950-604892ae8d4c

13:07:48.615 [AsyncHttpClient-1-2] DEBUG org.asynchttpclient.netty.channel.ChannelManager -- Adding key: https://ondemand.us-west-1.saucelabs.com:443 for channel [id: 0x5d8cc613, L:/192.168.1.146:57614 - R:ondemand.us-west-1.saucelabs.com/66.85.52.224:443]
13:07:48.619 [Forwarding executeScript on session 724de05069144310a7342d95f6334a48 to remote] DEBUG org.asynchttpclient.netty.request.NettyRequestSender -- Using pooled Channel '[id: 0x5d8cc613, L:/192.168.1.146:57614 - R:ondemand.us-west-1.saucelabs.com/66.85.52.224:443]' for 'POST' to 'https://oauth-autolazare-558fb:f8d0a4b4-e059-4b39-a9eb-366965b887b1@ondemand.us-west-1.saucelabs.com:443/wd/hub/session/724de05069144310a7342d95f6334a48/execute/sync'
13:07:48.619 [Forwarding executeScript on session 724de05069144310a7342d95f6334a48 to remote] DEBUG org.asynchttpclient.netty.request.NettyRequestSender -- Using open Channel [id: 0x5d8cc613, L:/192.168.1.146:57614 - R:ondemand.us-west-1.saucelabs.com/66.85.52.224:443] for POST '/wd/hub/session/724de05069144310a7342d95f6334a48/execute/sync'
13:07:48.780 [AsyncHttpClient-1-2] DEBUG org.asynchttpclient.netty.handler.HttpHandler -- 

Request DefaultHttpRequest(decodeResult: success, version: HTTP/1.1)
POST /wd/hub/session/724de05069144310a7342d95f6334a48/execute/sync HTTP/1.1
User-Agent: selenium/4.9.0 (java windows)
traceparent: 00-23d97f53697a7d25f6345d080b6654ca-1174144e4da24a04-01
Content-Length: 99
Content-Type: application/json; charset=utf-8
host: ondemand.us-west-1.saucelabs.com
authorization: Basic b2F1dGgtYXV0b2xhemFyZS01NThmYjpmOGQwYTRiNC1lMDU5LTRiMzktYTllYi0zNjY5NjViODg3YjE=
accept: */*

Response DefaultHttpResponse(decodeResult: success, version: HTTP/1.1)
HTTP/1.1 200 OK
content-type: application/json;charset=UTF-8
date: Fri, 12 May 2023 17:07:47 GMT
server: monocle/0.42
content-length: 15
x-request-id: d9d47f9f-9ede-4a1a-ab18-50d0ddff5695

13:07:48.780 [AsyncHttpClient-1-2] DEBUG org.asynchttpclient.netty.channel.ChannelManager -- Adding key: https://ondemand.us-west-1.saucelabs.com:443 for channel [id: 0x5d8cc613, L:/192.168.1.146:57614 - R:ondemand.us-west-1.saucelabs.com/66.85.52.224:443]
13:07:48.795 [Forwarding findElements on session 724de05069144310a7342d95f6334a48 to remote] DEBUG org.asynchttpclient.netty.request.NettyRequestSender -- Using pooled Channel '[id: 0x5d8cc613, L:/192.168.1.146:57614 - R:ondemand.us-west-1.saucelabs.com/66.85.52.224:443]' for 'POST' to 'https://oauth-autolazare-558fb:f8d0a4b4-e059-4b39-a9eb-366965b887b1@ondemand.us-west-1.saucelabs.com:443/wd/hub/session/724de05069144310a7342d95f6334a48/elements'
13:07:48.795 [Forwarding findElements on session 724de05069144310a7342d95f6334a48 to remote] DEBUG org.asynchttpclient.netty.request.NettyRequestSender -- Using open Channel [id: 0x5d8cc613, L:/192.168.1.146:57614 - R:ondemand.us-west-1.saucelabs.com/66.85.52.224:443] for POST '/wd/hub/session/724de05069144310a7342d95f6334a48/elements'
13:07:48.936 [AsyncHttpClient-1-2] DEBUG org.asynchttpclient.netty.handler.HttpHandler -- 

Request DefaultHttpRequest(decodeResult: success, version: HTTP/1.1)
POST /wd/hub/session/724de05069144310a7342d95f6334a48/elements HTTP/1.1
User-Agent: selenium/4.9.0 (java windows)
traceparent: 00-d4adbc7b0b7a2eeb39449a57bf2302e4-37b482ffe67ff951-01
Content-Length: 98
Content-Type: application/json; charset=utf-8
host: ondemand.us-west-1.saucelabs.com
authorization: Basic b2F1dGgtYXV0b2xhemFyZS01NThmYjpmOGQwYTRiNC1lMDU5LTRiMzktYTllYi0zNjY5NjViODg3YjE=
accept: */*

Response DefaultHttpResponse(decodeResult: success, version: HTTP/1.1)
HTTP/1.1 200 OK
content-type: application/json;charset=UTF-8
date: Fri, 12 May 2023 17:07:47 GMT
server: monocle/0.42
content-length: 13
x-request-id: 5e8b39c2-6d1e-442c-a9b4-2f6ef51792ea

13:07:48.936 [AsyncHttpClient-1-2] DEBUG org.asynchttpclient.netty.channel.ChannelManager -- Adding key: https://ondemand.us-west-1.saucelabs.com:443 for channel [id: 0x5d8cc613, L:/192.168.1.146:57614 - R:ondemand.us-west-1.saucelabs.com/66.85.52.224:443]
13:07:48.951 [Forwarding switchToParentFrame on session 724de05069144310a7342d95f6334a48 to remote] DEBUG org.asynchttpclient.netty.request.NettyRequestSender -- Using pooled Channel '[id: 0x5d8cc613, L:/192.168.1.146:57614 - R:ondemand.us-west-1.saucelabs.com/66.85.52.224:443]' for 'POST' to 'https://oauth-autolazare-558fb:f8d0a4b4-e059-4b39-a9eb-366965b887b1@ondemand.us-west-1.saucelabs.com:443/wd/hub/session/724de05069144310a7342d95f6334a48/frame/parent'
13:07:48.951 [Forwarding switchToParentFrame on session 724de05069144310a7342d95f6334a48 to remote] DEBUG org.asynchttpclient.netty.request.NettyRequestSender -- Using open Channel [id: 0x5d8cc613, L:/192.168.1.146:57614 - R:ondemand.us-west-1.saucelabs.com/66.85.52.224:443] for POST '/wd/hub/session/724de05069144310a7342d95f6334a48/frame/parent'
13:07:49.078 [AsyncHttpClient-1-2] DEBUG org.asynchttpclient.netty.handler.HttpHandler -- 

Request DefaultHttpRequest(decodeResult: success, version: HTTP/1.1)
POST /wd/hub/session/724de05069144310a7342d95f6334a48/frame/parent HTTP/1.1
User-Agent: selenium/4.9.0 (java windows)
traceparent: 00-6e5452712680770a5b310ffae589ca43-2553c3018f844423-01
Content-Length: 3
Content-Type: application/json; charset=utf-8
host: ondemand.us-west-1.saucelabs.com
authorization: Basic b2F1dGgtYXV0b2xhemFyZS01NThmYjpmOGQwYTRiNC1lMDU5LTRiMzktYTllYi0zNjY5NjViODg3YjE=
accept: */*

Response DefaultHttpResponse(decodeResult: success, version: HTTP/1.1)
HTTP/1.1 200 OK
content-type: application/json;charset=UTF-8
date: Fri, 12 May 2023 17:07:47 GMT
server: monocle/0.42
content-length: 15
x-request-id: b0fc72c5-a810-41ed-a1f6-0ce043a289bc

13:07:49.078 [AsyncHttpClient-1-2] DEBUG org.asynchttpclient.netty.channel.ChannelManager -- Adding key: https://ondemand.us-west-1.saucelabs.com:443 for channel [id: 0x5d8cc613, L:/192.168.1.146:57614 - R:ondemand.us-west-1.saucelabs.com/66.85.52.224:443]
13:07:49.078 [Forwarding switchToFrame on session 724de05069144310a7342d95f6334a48 to remote] DEBUG org.asynchttpclient.netty.request.NettyRequestSender -- Using pooled Channel '[id: 0x5d8cc613, L:/192.168.1.146:57614 - R:ondemand.us-west-1.saucelabs.com/66.85.52.224:443]' for 'POST' to 'https://oauth-autolazare-558fb:f8d0a4b4-e059-4b39-a9eb-366965b887b1@ondemand.us-west-1.saucelabs.com:443/wd/hub/session/724de05069144310a7342d95f6334a48/frame'
13:07:49.078 [Forwarding switchToFrame on session 724de05069144310a7342d95f6334a48 to remote] DEBUG org.asynchttpclient.netty.request.NettyRequestSender -- Using open Channel [id: 0x5d8cc613, L:/192.168.1.146:57614 - R:ondemand.us-west-1.saucelabs.com/66.85.52.224:443] for POST '/wd/hub/session/724de05069144310a7342d95f6334a48/frame'
13:07:49.237 [AsyncHttpClient-1-2] DEBUG org.asynchttpclient.netty.handler.HttpHandler -- 

Request DefaultHttpRequest(decodeResult: success, version: HTTP/1.1)
POST /wd/hub/session/724de05069144310a7342d95f6334a48/frame HTTP/1.1
User-Agent: selenium/4.9.0 (java windows)
traceparent: 00-6bd7d8007ee198eff23f15dbf6b6d257-435d8c68933d2baa-01
Content-Length: 106
Content-Type: application/json; charset=utf-8
host: ondemand.us-west-1.saucelabs.com
authorization: Basic b2F1dGgtYXV0b2xhemFyZS01NThmYjpmOGQwYTRiNC1lMDU5LTRiMzktYTllYi0zNjY5NjViODg3YjE=
accept: */*

Response DefaultHttpResponse(decodeResult: success, version: HTTP/1.1)
HTTP/1.1 200 OK
content-type: application/json;charset=UTF-8
date: Fri, 12 May 2023 17:07:47 GMT
server: monocle/0.42
content-length: 15
x-request-id: ff696b11-c053-41fd-b178-27cbb00e8fac

13:07:49.237 [AsyncHttpClient-1-2] DEBUG org.asynchttpclient.netty.channel.ChannelManager -- Adding key: https://ondemand.us-west-1.saucelabs.com:443 for channel [id: 0x5d8cc613, L:/192.168.1.146:57614 - R:ondemand.us-west-1.saucelabs.com/66.85.52.224:443]
13:07:49.243 [Forwarding executeScript on session 724de05069144310a7342d95f6334a48 to remote] DEBUG org.asynchttpclient.netty.request.NettyRequestSender -- Using pooled Channel '[id: 0x5d8cc613, L:/192.168.1.146:57614 - R:ondemand.us-west-1.saucelabs.com/66.85.52.224:443]' for 'POST' to 'https://oauth-autolazare-558fb:f8d0a4b4-e059-4b39-a9eb-366965b887b1@ondemand.us-west-1.saucelabs.com:443/wd/hub/session/724de05069144310a7342d95f6334a48/execute/sync'
13:07:49.243 [Forwarding executeScript on session 724de05069144310a7342d95f6334a48 to remote] DEBUG org.asynchttpclient.netty.request.NettyRequestSender -- Using open Channel [id: 0x5d8cc613, L:/192.168.1.146:57614 - R:ondemand.us-west-1.saucelabs.com/66.85.52.224:443] for POST '/wd/hub/session/724de05069144310a7342d95f6334a48/execute/sync'
13:07:49.357 [AsyncHttpClient-1-2] DEBUG org.asynchttpclient.netty.handler.HttpHandler -- 

Request DefaultHttpRequest(decodeResult: success, version: HTTP/1.1)
POST /wd/hub/session/724de05069144310a7342d95f6334a48/execute/sync HTTP/1.1
User-Agent: selenium/4.9.0 (java windows)
traceparent: 00-c0fde2527ba4b468c31f358833e5b5b0-448d898017cf2ce1-01
Content-Length: 99
Content-Type: application/json; charset=utf-8
host: ondemand.us-west-1.saucelabs.com
authorization: Basic b2F1dGgtYXV0b2xhemFyZS01NThmYjpmOGQwYTRiNC1lMDU5LTRiMzktYTllYi0zNjY5NjViODg3YjE=
accept: */*

Response DefaultHttpResponse(decodeResult: success, version: HTTP/1.1)
HTTP/1.1 200 OK
content-type: application/json;charset=UTF-8
date: Fri, 12 May 2023 17:07:48 GMT
server: monocle/0.42
content-length: 15
x-request-id: bd82f0f7-cda7-474a-9db7-9b5e029f5fbe

13:07:49.357 [AsyncHttpClient-1-2] DEBUG org.asynchttpclient.netty.channel.ChannelManager -- Adding key: https://ondemand.us-west-1.saucelabs.com:443 for channel [id: 0x5d8cc613, L:/192.168.1.146:57614 - R:ondemand.us-west-1.saucelabs.com/66.85.52.224:443]
13:07:49.370 [Forwarding findElements on session 724de05069144310a7342d95f6334a48 to remote] DEBUG org.asynchttpclient.netty.request.NettyRequestSender -- Using pooled Channel '[id: 0x5d8cc613, L:/192.168.1.146:57614 - R:ondemand.us-west-1.saucelabs.com/66.85.52.224:443]' for 'POST' to 'https://oauth-autolazare-558fb:f8d0a4b4-e059-4b39-a9eb-366965b887b1@ondemand.us-west-1.saucelabs.com:443/wd/hub/session/724de05069144310a7342d95f6334a48/elements'
13:07:49.370 [Forwarding findElements on session 724de05069144310a7342d95f6334a48 to remote] DEBUG org.asynchttpclient.netty.request.NettyRequestSender -- Using open Channel [id: 0x5d8cc613, L:/192.168.1.146:57614 - R:ondemand.us-west-1.saucelabs.com/66.85.52.224:443] for POST '/wd/hub/session/724de05069144310a7342d95f6334a48/elements'
13:07:49.497 [AsyncHttpClient-1-2] DEBUG org.asynchttpclient.netty.handler.HttpHandler -- 

Request DefaultHttpRequest(decodeResult: success, version: HTTP/1.1)
POST /wd/hub/session/724de05069144310a7342d95f6334a48/elements HTTP/1.1
User-Agent: selenium/4.9.0 (java windows)
traceparent: 00-40f955f59c90ccf87ae5ed428cfd549a-b59aa829da97005a-01
Content-Length: 98
Content-Type: application/json; charset=utf-8
host: ondemand.us-west-1.saucelabs.com
authorization: Basic b2F1dGgtYXV0b2xhemFyZS01NThmYjpmOGQwYTRiNC1lMDU5LTRiMzktYTllYi0zNjY5NjViODg3YjE=
accept: */*

Response DefaultHttpResponse(decodeResult: success, version: HTTP/1.1)
HTTP/1.1 200 OK
content-type: application/json;charset=UTF-8
date: Fri, 12 May 2023 17:07:48 GMT
server: monocle/0.42
content-length: 13
x-request-id: 525ceff7-d7f9-418d-86ff-63b6eabae5ca

13:07:49.498 [AsyncHttpClient-1-2] DEBUG org.asynchttpclient.netty.channel.ChannelManager -- Adding key: https://ondemand.us-west-1.saucelabs.com:443 for channel [id: 0x5d8cc613, L:/192.168.1.146:57614 - R:ondemand.us-west-1.saucelabs.com/66.85.52.224:443]
13:07:49.501 [Forwarding switchToParentFrame on session 724de05069144310a7342d95f6334a48 to remote] DEBUG org.asynchttpclient.netty.request.NettyRequestSender -- Using pooled Channel '[id: 0x5d8cc613, L:/192.168.1.146:57614 - R:ondemand.us-west-1.saucelabs.com/66.85.52.224:443]' for 'POST' to 'https://oauth-autolazare-558fb:f8d0a4b4-e059-4b39-a9eb-366965b887b1@ondemand.us-west-1.saucelabs.com:443/wd/hub/session/724de05069144310a7342d95f6334a48/frame/parent'
13:07:49.501 [Forwarding switchToParentFrame on session 724de05069144310a7342d95f6334a48 to remote] DEBUG org.asynchttpclient.netty.request.NettyRequestSender -- Using open Channel [id: 0x5d8cc613, L:/192.168.1.146:57614 - R:ondemand.us-west-1.saucelabs.com/66.85.52.224:443] for POST '/wd/hub/session/724de05069144310a7342d95f6334a48/frame/parent'
13:07:49.648 [AsyncHttpClient-1-2] DEBUG org.asynchttpclient.netty.handler.HttpHandler -- 

Request DefaultHttpRequest(decodeResult: success, version: HTTP/1.1)
POST /wd/hub/session/724de05069144310a7342d95f6334a48/frame/parent HTTP/1.1
User-Agent: selenium/4.9.0 (java windows)
traceparent: 00-2364c20a88da84813138476c493d1627-3012bd850bd583ad-01
Content-Length: 3
Content-Type: application/json; charset=utf-8
host: ondemand.us-west-1.saucelabs.com
authorization: Basic b2F1dGgtYXV0b2xhemFyZS01NThmYjpmOGQwYTRiNC1lMDU5LTRiMzktYTllYi0zNjY5NjViODg3YjE=
accept: */*

Response DefaultHttpResponse(decodeResult: success, version: HTTP/1.1)
HTTP/1.1 200 OK
content-type: application/json;charset=UTF-8
date: Fri, 12 May 2023 17:07:48 GMT
server: monocle/0.42
content-length: 15
x-request-id: 1b2a1984-7738-4225-bd87-8302186b90ef

13:07:49.648 [AsyncHttpClient-1-2] DEBUG org.asynchttpclient.netty.channel.ChannelManager -- Adding key: https://ondemand.us-west-1.saucelabs.com:443 for channel [id: 0x5d8cc613, L:/192.168.1.146:57614 - R:ondemand.us-west-1.saucelabs.com/66.85.52.224:443]
13:07:49.653 [Forwarding switchToParentFrame on session 724de05069144310a7342d95f6334a48 to remote] DEBUG org.asynchttpclient.netty.request.NettyRequestSender -- Using pooled Channel '[id: 0x5d8cc613, L:/192.168.1.146:57614 - R:ondemand.us-west-1.saucelabs.com/66.85.52.224:443]' for 'POST' to 'https://oauth-autolazare-558fb:f8d0a4b4-e059-4b39-a9eb-366965b887b1@ondemand.us-west-1.saucelabs.com:443/wd/hub/session/724de05069144310a7342d95f6334a48/frame/parent'
13:07:49.653 [Forwarding switchToParentFrame on session 724de05069144310a7342d95f6334a48 to remote] DEBUG org.asynchttpclient.netty.request.NettyRequestSender -- Using open Channel [id: 0x5d8cc613, L:/192.168.1.146:57614 - R:ondemand.us-west-1.saucelabs.com/66.85.52.224:443] for POST '/wd/hub/session/724de05069144310a7342d95f6334a48/frame/parent'
13:07:49.776 [AsyncHttpClient-1-2] DEBUG org.asynchttpclient.netty.handler.HttpHandler -- 

Request DefaultHttpRequest(decodeResult: success, version: HTTP/1.1)
POST /wd/hub/session/724de05069144310a7342d95f6334a48/frame/parent HTTP/1.1
User-Agent: selenium/4.9.0 (java windows)
traceparent: 00-98feac0a927e6b4dd40c5301183c2f53-414fd1686f52761a-01
Content-Length: 3
Content-Type: application/json; charset=utf-8
host: ondemand.us-west-1.saucelabs.com
authorization: Basic b2F1dGgtYXV0b2xhemFyZS01NThmYjpmOGQwYTRiNC1lMDU5LTRiMzktYTllYi0zNjY5NjViODg3YjE=
accept: */*

Response DefaultHttpResponse(decodeResult: success, version: HTTP/1.1)
HTTP/1.1 200 OK
content-type: application/json;charset=UTF-8
date: Fri, 12 May 2023 17:07:48 GMT
server: monocle/0.42
content-length: 15
x-request-id: b0b5a588-da64-48c4-a09e-34736bb311bf

13:07:49.776 [AsyncHttpClient-1-2] DEBUG org.asynchttpclient.netty.channel.ChannelManager -- Adding key: https://ondemand.us-west-1.saucelabs.com:443 for channel [id: 0x5d8cc613, L:/192.168.1.146:57614 - R:ondemand.us-west-1.saucelabs.com/66.85.52.224:443]
13:07:49.780 [Forwarding switchToFrame on session 724de05069144310a7342d95f6334a48 to remote] DEBUG org.asynchttpclient.netty.request.NettyRequestSender -- Using pooled Channel '[id: 0x5d8cc613, L:/192.168.1.146:57614 - R:ondemand.us-west-1.saucelabs.com/66.85.52.224:443]' for 'POST' to 'https://oauth-autolazare-558fb:f8d0a4b4-e059-4b39-a9eb-366965b887b1@ondemand.us-west-1.saucelabs.com:443/wd/hub/session/724de05069144310a7342d95f6334a48/frame'
13:07:49.780 [Forwarding switchToFrame on session 724de05069144310a7342d95f6334a48 to remote] DEBUG org.asynchttpclient.netty.request.NettyRequestSender -- Using open Channel [id: 0x5d8cc613, L:/192.168.1.146:57614 - R:ondemand.us-west-1.saucelabs.com/66.85.52.224:443] for POST '/wd/hub/session/724de05069144310a7342d95f6334a48/frame'
13:07:49.925 [AsyncHttpClient-1-2] DEBUG org.asynchttpclient.netty.handler.HttpHandler -- 

Request DefaultHttpRequest(decodeResult: success, version: HTTP/1.1)
POST /wd/hub/session/724de05069144310a7342d95f6334a48/frame HTTP/1.1
User-Agent: selenium/4.9.0 (java windows)
traceparent: 00-2093aa881d2cfdfd60b343a49831be15-bceb4f905c4e2695-01
Content-Length: 106
Content-Type: application/json; charset=utf-8
host: ondemand.us-west-1.saucelabs.com
authorization: Basic b2F1dGgtYXV0b2xhemFyZS01NThmYjpmOGQwYTRiNC1lMDU5LTRiMzktYTllYi0zNjY5NjViODg3YjE=
accept: */*

Response DefaultHttpResponse(decodeResult: success, version: HTTP/1.1)
HTTP/1.1 200 OK
content-type: application/json;charset=UTF-8
date: Fri, 12 May 2023 17:07:48 GMT
server: monocle/0.42
content-length: 15
x-request-id: b1c6a3af-eaa4-4a56-90f7-536da988e905

13:07:49.925 [AsyncHttpClient-1-2] DEBUG org.asynchttpclient.netty.channel.ChannelManager -- Adding key: https://ondemand.us-west-1.saucelabs.com:443 for channel [id: 0x5d8cc613, L:/192.168.1.146:57614 - R:ondemand.us-west-1.saucelabs.com/66.85.52.224:443]
13:07:49.930 [Forwarding executeScript on session 724de05069144310a7342d95f6334a48 to remote] DEBUG org.asynchttpclient.netty.request.NettyRequestSender -- Using pooled Channel '[id: 0x5d8cc613, L:/192.168.1.146:57614 - R:ondemand.us-west-1.saucelabs.com/66.85.52.224:443]' for 'POST' to 'https://oauth-autolazare-558fb:f8d0a4b4-e059-4b39-a9eb-366965b887b1@ondemand.us-west-1.saucelabs.com:443/wd/hub/session/724de05069144310a7342d95f6334a48/execute/sync'
13:07:49.930 [Forwarding executeScript on session 724de05069144310a7342d95f6334a48 to remote] DEBUG org.asynchttpclient.netty.request.NettyRequestSender -- Using open Channel [id: 0x5d8cc613, L:/192.168.1.146:57614 - R:ondemand.us-west-1.saucelabs.com/66.85.52.224:443] for POST '/wd/hub/session/724de05069144310a7342d95f6334a48/execute/sync'
13:07:50.055 [AsyncHttpClient-1-2] DEBUG org.asynchttpclient.netty.handler.HttpHandler -- 

Request DefaultHttpRequest(decodeResult: success, version: HTTP/1.1)
POST /wd/hub/session/724de05069144310a7342d95f6334a48/execute/sync HTTP/1.1
User-Agent: selenium/4.9.0 (java windows)
traceparent: 00-a2eb35ec2a913605fc1a5ac9962ac167-a3850741bcc5de43-01
Content-Length: 99
Content-Type: application/json; charset=utf-8
host: ondemand.us-west-1.saucelabs.com
authorization: Basic b2F1dGgtYXV0b2xhemFyZS01NThmYjpmOGQwYTRiNC1lMDU5LTRiMzktYTllYi0zNjY5NjViODg3YjE=
accept: */*

Response DefaultHttpResponse(decodeResult: success, version: HTTP/1.1)
HTTP/1.1 200 OK
content-type: application/json;charset=UTF-8
date: Fri, 12 May 2023 17:07:48 GMT
server: monocle/0.42
content-length: 15
x-request-id: a8737dec-898c-4dc2-94cc-054a4b522f0e

13:07:50.055 [AsyncHttpClient-1-2] DEBUG org.asynchttpclient.netty.channel.ChannelManager -- Adding key: https://ondemand.us-west-1.saucelabs.com:443 for channel [id: 0x5d8cc613, L:/192.168.1.146:57614 - R:ondemand.us-west-1.saucelabs.com/66.85.52.224:443]
13:07:50.059 [Forwarding findElements on session 724de05069144310a7342d95f6334a48 to remote] DEBUG org.asynchttpclient.netty.request.NettyRequestSender -- Using pooled Channel '[id: 0x5d8cc613, L:/192.168.1.146:57614 - R:ondemand.us-west-1.saucelabs.com/66.85.52.224:443]' for 'POST' to 'https://oauth-autolazare-558fb:f8d0a4b4-e059-4b39-a9eb-366965b887b1@ondemand.us-west-1.saucelabs.com:443/wd/hub/session/724de05069144310a7342d95f6334a48/elements'
13:07:50.059 [Forwarding findElements on session 724de05069144310a7342d95f6334a48 to remote] DEBUG org.asynchttpclient.netty.request.NettyRequestSender -- Using open Channel [id: 0x5d8cc613, L:/192.168.1.146:57614 - R:ondemand.us-west-1.saucelabs.com/66.85.52.224:443] for POST '/wd/hub/session/724de05069144310a7342d95f6334a48/elements'
13:07:50.191 [AsyncHttpClient-1-2] DEBUG org.asynchttpclient.netty.handler.HttpHandler -- 

Request DefaultHttpRequest(decodeResult: success, version: HTTP/1.1)
POST /wd/hub/session/724de05069144310a7342d95f6334a48/elements HTTP/1.1
User-Agent: selenium/4.9.0 (java windows)
traceparent: 00-a2eef5a7a46d32416c39fb6f83f79b8e-c24e48d475ba8f8a-01
Content-Length: 98
Content-Type: application/json; charset=utf-8
host: ondemand.us-west-1.saucelabs.com
authorization: Basic b2F1dGgtYXV0b2xhemFyZS01NThmYjpmOGQwYTRiNC1lMDU5LTRiMzktYTllYi0zNjY5NjViODg3YjE=
accept: */*

Response DefaultHttpResponse(decodeResult: success, version: HTTP/1.1)
HTTP/1.1 200 OK
content-type: application/json;charset=UTF-8
date: Fri, 12 May 2023 17:07:48 GMT
server: monocle/0.42
content-length: 98
x-request-id: 950cd1f3-ea7e-4bcb-820d-40bb5605844c

13:07:50.191 [AsyncHttpClient-1-2] DEBUG org.asynchttpclient.netty.channel.ChannelManager -- Adding key: https://ondemand.us-west-1.saucelabs.com:443 for channel [id: 0x5d8cc613, L:/192.168.1.146:57614 - R:ondemand.us-west-1.saucelabs.com/66.85.52.224:443]
13:07:50.196 [Forwarding switchToFrame on session 724de05069144310a7342d95f6334a48 to remote] DEBUG org.asynchttpclient.netty.request.NettyRequestSender -- Using pooled Channel '[id: 0x5d8cc613, L:/192.168.1.146:57614 - R:ondemand.us-west-1.saucelabs.com/66.85.52.224:443]' for 'POST' to 'https://oauth-autolazare-558fb:f8d0a4b4-e059-4b39-a9eb-366965b887b1@ondemand.us-west-1.saucelabs.com:443/wd/hub/session/724de05069144310a7342d95f6334a48/frame'
13:07:50.196 [Forwarding switchToFrame on session 724de05069144310a7342d95f6334a48 to remote] DEBUG org.asynchttpclient.netty.request.NettyRequestSender -- Using open Channel [id: 0x5d8cc613, L:/192.168.1.146:57614 - R:ondemand.us-west-1.saucelabs.com/66.85.52.224:443] for POST '/wd/hub/session/724de05069144310a7342d95f6334a48/frame'
13:07:50.342 [AsyncHttpClient-1-2] DEBUG org.asynchttpclient.netty.handler.HttpHandler -- 

Request DefaultHttpRequest(decodeResult: success, version: HTTP/1.1)
POST /wd/hub/session/724de05069144310a7342d95f6334a48/frame HTTP/1.1
User-Agent: selenium/4.9.0 (java windows)
traceparent: 00-e44c91a17323bccc259765d4e8961fb7-abda9b35e93e53e6-01
Content-Length: 105
Content-Type: application/json; charset=utf-8
host: ondemand.us-west-1.saucelabs.com
authorization: Basic b2F1dGgtYXV0b2xhemFyZS01NThmYjpmOGQwYTRiNC1lMDU5LTRiMzktYTllYi0zNjY5NjViODg3YjE=
accept: */*

Response DefaultHttpResponse(decodeResult: success, version: HTTP/1.1)
HTTP/1.1 200 OK
content-type: application/json;charset=UTF-8
date: Fri, 12 May 2023 17:07:49 GMT
server: monocle/0.42
content-length: 15
x-request-id: abd1c2f5-b455-47c0-8e27-a3849d97ddec

13:07:50.342 [AsyncHttpClient-1-2] DEBUG org.asynchttpclient.netty.channel.ChannelManager -- Adding key: https://ondemand.us-west-1.saucelabs.com:443 for channel [id: 0x5d8cc613, L:/192.168.1.146:57614 - R:ondemand.us-west-1.saucelabs.com/66.85.52.224:443]
13:07:50.347 [Forwarding executeScript on session 724de05069144310a7342d95f6334a48 to remote] DEBUG org.asynchttpclient.netty.request.NettyRequestSender -- Using pooled Channel '[id: 0x5d8cc613, L:/192.168.1.146:57614 - R:ondemand.us-west-1.saucelabs.com/66.85.52.224:443]' for 'POST' to 'https://oauth-autolazare-558fb:f8d0a4b4-e059-4b39-a9eb-366965b887b1@ondemand.us-west-1.saucelabs.com:443/wd/hub/session/724de05069144310a7342d95f6334a48/execute/sync'
13:07:50.347 [Forwarding executeScript on session 724de05069144310a7342d95f6334a48 to remote] DEBUG org.asynchttpclient.netty.request.NettyRequestSender -- Using open Channel [id: 0x5d8cc613, L:/192.168.1.146:57614 - R:ondemand.us-west-1.saucelabs.com/66.85.52.224:443] for POST '/wd/hub/session/724de05069144310a7342d95f6334a48/execute/sync'
13:07:50.468 [AsyncHttpClient-1-2] DEBUG org.asynchttpclient.netty.handler.HttpHandler -- 

Request DefaultHttpRequest(decodeResult: success, version: HTTP/1.1)
POST /wd/hub/session/724de05069144310a7342d95f6334a48/execute/sync HTTP/1.1
User-Agent: selenium/4.9.0 (java windows)
traceparent: 00-0dc9d923262809efd97115639fd0a735-99303a48c25e5fca-01
Content-Length: 99
Content-Type: application/json; charset=utf-8
host: ondemand.us-west-1.saucelabs.com
authorization: Basic b2F1dGgtYXV0b2xhemFyZS01NThmYjpmOGQwYTRiNC1lMDU5LTRiMzktYTllYi0zNjY5NjViODg3YjE=
accept: */*

Response DefaultHttpResponse(decodeResult: success, version: HTTP/1.1)
HTTP/1.1 200 OK
content-type: application/json;charset=UTF-8
date: Fri, 12 May 2023 17:07:49 GMT
server: monocle/0.42
content-length: 15
x-request-id: 550a4e5a-2dcf-4825-b4d4-589deb0ed077

13:07:50.468 [AsyncHttpClient-1-2] DEBUG org.asynchttpclient.netty.channel.ChannelManager -- Adding key: https://ondemand.us-west-1.saucelabs.com:443 for channel [id: 0x5d8cc613, L:/192.168.1.146:57614 - R:ondemand.us-west-1.saucelabs.com/66.85.52.224:443]
13:07:50.471 [Forwarding findElements on session 724de05069144310a7342d95f6334a48 to remote] DEBUG org.asynchttpclient.netty.request.NettyRequestSender -- Using pooled Channel '[id: 0x5d8cc613, L:/192.168.1.146:57614 - R:ondemand.us-west-1.saucelabs.com/66.85.52.224:443]' for 'POST' to 'https://oauth-autolazare-558fb:f8d0a4b4-e059-4b39-a9eb-366965b887b1@ondemand.us-west-1.saucelabs.com:443/wd/hub/session/724de05069144310a7342d95f6334a48/elements'
13:07:50.471 [Forwarding findElements on session 724de05069144310a7342d95f6334a48 to remote] DEBUG org.asynchttpclient.netty.request.NettyRequestSender -- Using open Channel [id: 0x5d8cc613, L:/192.168.1.146:57614 - R:ondemand.us-west-1.saucelabs.com/66.85.52.224:443] for POST '/wd/hub/session/724de05069144310a7342d95f6334a48/elements'
13:07:50.603 [AsyncHttpClient-1-2] DEBUG org.asynchttpclient.netty.handler.HttpHandler -- 

Request DefaultHttpRequest(decodeResult: success, version: HTTP/1.1)
POST /wd/hub/session/724de05069144310a7342d95f6334a48/elements HTTP/1.1
User-Agent: selenium/4.9.0 (java windows)
traceparent: 00-bf22d9b24da9c1a9392dabbeb554af5f-6b7575058cdfe29e-01
Content-Length: 98
Content-Type: application/json; charset=utf-8
host: ondemand.us-west-1.saucelabs.com
authorization: Basic b2F1dGgtYXV0b2xhemFyZS01NThmYjpmOGQwYTRiNC1lMDU5LTRiMzktYTllYi0zNjY5NjViODg3YjE=
accept: */*

Response DefaultHttpResponse(decodeResult: success, version: HTTP/1.1)
HTTP/1.1 200 OK
content-type: application/json;charset=UTF-8
date: Fri, 12 May 2023 17:07:49 GMT
server: monocle/0.42
content-length: 13
x-request-id: f7664876-cf63-46ce-a640-476a9d676960

13:07:50.603 [AsyncHttpClient-1-2] DEBUG org.asynchttpclient.netty.channel.ChannelManager -- Adding key: https://ondemand.us-west-1.saucelabs.com:443 for channel [id: 0x5d8cc613, L:/192.168.1.146:57614 - R:ondemand.us-west-1.saucelabs.com/66.85.52.224:443]
13:07:50.605 [Forwarding switchToParentFrame on session 724de05069144310a7342d95f6334a48 to remote] DEBUG org.asynchttpclient.netty.request.NettyRequestSender -- Using pooled Channel '[id: 0x5d8cc613, L:/192.168.1.146:57614 - R:ondemand.us-west-1.saucelabs.com/66.85.52.224:443]' for 'POST' to 'https://oauth-autolazare-558fb:f8d0a4b4-e059-4b39-a9eb-366965b887b1@ondemand.us-west-1.saucelabs.com:443/wd/hub/session/724de05069144310a7342d95f6334a48/frame/parent'
13:07:50.605 [Forwarding switchToParentFrame on session 724de05069144310a7342d95f6334a48 to remote] DEBUG org.asynchttpclient.netty.request.NettyRequestSender -- Using open Channel [id: 0x5d8cc613, L:/192.168.1.146:57614 - R:ondemand.us-west-1.saucelabs.com/66.85.52.224:443] for POST '/wd/hub/session/724de05069144310a7342d95f6334a48/frame/parent'
13:07:50.719 [AsyncHttpClient-1-2] DEBUG org.asynchttpclient.netty.handler.HttpHandler -- 

Request DefaultHttpRequest(decodeResult: success, version: HTTP/1.1)
POST /wd/hub/session/724de05069144310a7342d95f6334a48/frame/parent HTTP/1.1
User-Agent: selenium/4.9.0 (java windows)
traceparent: 00-469949cca744bc89c4a1988b4a18f91c-8eabdf015c56a602-01
Content-Length: 3
Content-Type: application/json; charset=utf-8
host: ondemand.us-west-1.saucelabs.com
authorization: Basic b2F1dGgtYXV0b2xhemFyZS01NThmYjpmOGQwYTRiNC1lMDU5LTRiMzktYTllYi0zNjY5NjViODg3YjE=
accept: */*

Response DefaultHttpResponse(decodeResult: success, version: HTTP/1.1)
HTTP/1.1 200 OK
content-type: application/json;charset=UTF-8
date: Fri, 12 May 2023 17:07:49 GMT
server: monocle/0.42
content-length: 15
x-request-id: e38d279a-729b-447f-a0f9-aafe6709f200

13:07:50.719 [AsyncHttpClient-1-2] DEBUG org.asynchttpclient.netty.channel.ChannelManager -- Adding key: https://ondemand.us-west-1.saucelabs.com:443 for channel [id: 0x5d8cc613, L:/192.168.1.146:57614 - R:ondemand.us-west-1.saucelabs.com/66.85.52.224:443]
13:07:50.721 [Forwarding switchToParentFrame on session 724de05069144310a7342d95f6334a48 to remote] DEBUG org.asynchttpclient.netty.request.NettyRequestSender -- Using pooled Channel '[id: 0x5d8cc613, L:/192.168.1.146:57614 - R:ondemand.us-west-1.saucelabs.com/66.85.52.224:443]' for 'POST' to 'https://oauth-autolazare-558fb:f8d0a4b4-e059-4b39-a9eb-366965b887b1@ondemand.us-west-1.saucelabs.com:443/wd/hub/session/724de05069144310a7342d95f6334a48/frame/parent'
13:07:50.721 [Forwarding switchToParentFrame on session 724de05069144310a7342d95f6334a48 to remote] DEBUG org.asynchttpclient.netty.request.NettyRequestSender -- Using open Channel [id: 0x5d8cc613, L:/192.168.1.146:57614 - R:ondemand.us-west-1.saucelabs.com/66.85.52.224:443] for POST '/wd/hub/session/724de05069144310a7342d95f6334a48/frame/parent'
13:07:50.830 [AsyncHttpClient-1-2] DEBUG org.asynchttpclient.netty.handler.HttpHandler -- 

Request DefaultHttpRequest(decodeResult: success, version: HTTP/1.1)
POST /wd/hub/session/724de05069144310a7342d95f6334a48/frame/parent HTTP/1.1
User-Agent: selenium/4.9.0 (java windows)
traceparent: 00-faf3858aa7907c1724c573c55c43e0ae-ab153984961c2333-01
Content-Length: 3
Content-Type: application/json; charset=utf-8
host: ondemand.us-west-1.saucelabs.com
authorization: Basic b2F1dGgtYXV0b2xhemFyZS01NThmYjpmOGQwYTRiNC1lMDU5LTRiMzktYTllYi0zNjY5NjViODg3YjE=
accept: */*

Response DefaultHttpResponse(decodeResult: success, version: HTTP/1.1)
HTTP/1.1 200 OK
content-type: application/json;charset=UTF-8
date: Fri, 12 May 2023 17:07:49 GMT
server: monocle/0.42
content-length: 15
x-request-id: 6f77a8e7-fe71-4e58-b82f-f973f6ec4e1d

13:07:50.840 [AsyncHttpClient-1-2] DEBUG org.asynchttpclient.netty.channel.ChannelManager -- Adding key: https://ondemand.us-west-1.saucelabs.com:443 for channel [id: 0x5d8cc613, L:/192.168.1.146:57614 - R:ondemand.us-west-1.saucelabs.com/66.85.52.224:443]
13:07:50.841 [Forwarding switchToFrame on session 724de05069144310a7342d95f6334a48 to remote] DEBUG org.asynchttpclient.netty.request.NettyRequestSender -- Using pooled Channel '[id: 0x5d8cc613, L:/192.168.1.146:57614 - R:ondemand.us-west-1.saucelabs.com/66.85.52.224:443]' for 'POST' to 'https://oauth-autolazare-558fb:f8d0a4b4-e059-4b39-a9eb-366965b887b1@ondemand.us-west-1.saucelabs.com:443/wd/hub/session/724de05069144310a7342d95f6334a48/frame'
13:07:50.844 [Forwarding switchToFrame on session 724de05069144310a7342d95f6334a48 to remote] DEBUG org.asynchttpclient.netty.request.NettyRequestSender -- Using open Channel [id: 0x5d8cc613, L:/192.168.1.146:57614 - R:ondemand.us-west-1.saucelabs.com/66.85.52.224:443] for POST '/wd/hub/session/724de05069144310a7342d95f6334a48/frame'
13:07:50.996 [AsyncHttpClient-1-2] DEBUG org.asynchttpclient.netty.handler.HttpHandler -- 

Request DefaultHttpRequest(decodeResult: success, version: HTTP/1.1)
POST /wd/hub/session/724de05069144310a7342d95f6334a48/frame HTTP/1.1
User-Agent: selenium/4.9.0 (java windows)
traceparent: 00-048206263e230a68d48172dbbefba056-78d5b5631d2bd01b-01
Content-Length: 106
Content-Type: application/json; charset=utf-8
host: ondemand.us-west-1.saucelabs.com
authorization: Basic b2F1dGgtYXV0b2xhemFyZS01NThmYjpmOGQwYTRiNC1lMDU5LTRiMzktYTllYi0zNjY5NjViODg3YjE=
accept: */*

Response DefaultHttpResponse(decodeResult: success, version: HTTP/1.1)
HTTP/1.1 200 OK
content-type: application/json;charset=UTF-8
date: Fri, 12 May 2023 17:07:49 GMT
server: monocle/0.42
content-length: 15
x-request-id: dd0ac019-a125-426c-98b2-da0bc6200b28

13:07:50.996 [AsyncHttpClient-1-2] DEBUG org.asynchttpclient.netty.channel.ChannelManager -- Adding key: https://ondemand.us-west-1.saucelabs.com:443 for channel [id: 0x5d8cc613, L:/192.168.1.146:57614 - R:ondemand.us-west-1.saucelabs.com/66.85.52.224:443]
13:07:50.999 [Forwarding executeScript on session 724de05069144310a7342d95f6334a48 to remote] DEBUG org.asynchttpclient.netty.request.NettyRequestSender -- Using pooled Channel '[id: 0x5d8cc613, L:/192.168.1.146:57614 - R:ondemand.us-west-1.saucelabs.com/66.85.52.224:443]' for 'POST' to 'https://oauth-autolazare-558fb:f8d0a4b4-e059-4b39-a9eb-366965b887b1@ondemand.us-west-1.saucelabs.com:443/wd/hub/session/724de05069144310a7342d95f6334a48/execute/sync'
13:07:51.001 [Forwarding executeScript on session 724de05069144310a7342d95f6334a48 to remote] DEBUG org.asynchttpclient.netty.request.NettyRequestSender -- Using open Channel [id: 0x5d8cc613, L:/192.168.1.146:57614 - R:ondemand.us-west-1.saucelabs.com/66.85.52.224:443] for POST '/wd/hub/session/724de05069144310a7342d95f6334a48/execute/sync'
13:07:51.134 [AsyncHttpClient-1-2] DEBUG org.asynchttpclient.netty.handler.HttpHandler -- 

Request DefaultHttpRequest(decodeResult: success, version: HTTP/1.1)
POST /wd/hub/session/724de05069144310a7342d95f6334a48/execute/sync HTTP/1.1
User-Agent: selenium/4.9.0 (java windows)
traceparent: 00-2a2be5b0a4a19615b132e56339823d00-79599a98d602256b-01
Content-Length: 99
Content-Type: application/json; charset=utf-8
host: ondemand.us-west-1.saucelabs.com
authorization: Basic b2F1dGgtYXV0b2xhemFyZS01NThmYjpmOGQwYTRiNC1lMDU5LTRiMzktYTllYi0zNjY5NjViODg3YjE=
accept: */*

Response DefaultHttpResponse(decodeResult: success, version: HTTP/1.1)
HTTP/1.1 200 OK
content-type: application/json;charset=UTF-8
date: Fri, 12 May 2023 17:07:49 GMT
server: monocle/0.42
content-length: 15
x-request-id: 4ac3b49b-de16-444e-96e8-0bcb57f0ee19

13:07:51.134 [AsyncHttpClient-1-2] DEBUG org.asynchttpclient.netty.channel.ChannelManager -- Adding key: https://ondemand.us-west-1.saucelabs.com:443 for channel [id: 0x5d8cc613, L:/192.168.1.146:57614 - R:ondemand.us-west-1.saucelabs.com/66.85.52.224:443]
13:07:51.137 [Forwarding findElements on session 724de05069144310a7342d95f6334a48 to remote] DEBUG org.asynchttpclient.netty.request.NettyRequestSender -- Using pooled Channel '[id: 0x5d8cc613, L:/192.168.1.146:57614 - R:ondemand.us-west-1.saucelabs.com/66.85.52.224:443]' for 'POST' to 'https://oauth-autolazare-558fb:f8d0a4b4-e059-4b39-a9eb-366965b887b1@ondemand.us-west-1.saucelabs.com:443/wd/hub/session/724de05069144310a7342d95f6334a48/elements'
13:07:51.137 [Forwarding findElements on session 724de05069144310a7342d95f6334a48 to remote] DEBUG org.asynchttpclient.netty.request.NettyRequestSender -- Using open Channel [id: 0x5d8cc613, L:/192.168.1.146:57614 - R:ondemand.us-west-1.saucelabs.com/66.85.52.224:443] for POST '/wd/hub/session/724de05069144310a7342d95f6334a48/elements'
13:07:51.274 [AsyncHttpClient-1-2] DEBUG org.asynchttpclient.netty.handler.HttpHandler -- 

Request DefaultHttpRequest(decodeResult: success, version: HTTP/1.1)
POST /wd/hub/session/724de05069144310a7342d95f6334a48/elements HTTP/1.1
User-Agent: selenium/4.9.0 (java windows)
traceparent: 00-ad09d418a265ee9a6dbaed603549b42a-ac34f790c3222a01-01
Content-Length: 98
Content-Type: application/json; charset=utf-8
host: ondemand.us-west-1.saucelabs.com
authorization: Basic b2F1dGgtYXV0b2xhemFyZS01NThmYjpmOGQwYTRiNC1lMDU5LTRiMzktYTllYi0zNjY5NjViODg3YjE=
accept: */*

Response DefaultHttpResponse(decodeResult: success, version: HTTP/1.1)
HTTP/1.1 200 OK
content-type: application/json;charset=UTF-8
date: Fri, 12 May 2023 17:07:49 GMT
server: monocle/0.42
content-length: 13
x-request-id: 83bff022-7cf0-4a3c-9901-c08c29afb2ab

13:07:51.274 [AsyncHttpClient-1-2] DEBUG org.asynchttpclient.netty.channel.ChannelManager -- Adding key: https://ondemand.us-west-1.saucelabs.com:443 for channel [id: 0x5d8cc613, L:/192.168.1.146:57614 - R:ondemand.us-west-1.saucelabs.com/66.85.52.224:443]
13:07:51.277 [Forwarding switchToParentFrame on session 724de05069144310a7342d95f6334a48 to remote] DEBUG org.asynchttpclient.netty.request.NettyRequestSender -- Using pooled Channel '[id: 0x5d8cc613, L:/192.168.1.146:57614 - R:ondemand.us-west-1.saucelabs.com/66.85.52.224:443]' for 'POST' to 'https://oauth-autolazare-558fb:f8d0a4b4-e059-4b39-a9eb-366965b887b1@ondemand.us-west-1.saucelabs.com:443/wd/hub/session/724de05069144310a7342d95f6334a48/frame/parent'
13:07:51.277 [Forwarding switchToParentFrame on session 724de05069144310a7342d95f6334a48 to remote] DEBUG org.asynchttpclient.netty.request.NettyRequestSender -- Using open Channel [id: 0x5d8cc613, L:/192.168.1.146:57614 - R:ondemand.us-west-1.saucelabs.com/66.85.52.224:443] for POST '/wd/hub/session/724de05069144310a7342d95f6334a48/frame/parent'
13:07:51.398 [AsyncHttpClient-1-2] DEBUG org.asynchttpclient.netty.handler.HttpHandler -- 

Request DefaultHttpRequest(decodeResult: success, version: HTTP/1.1)
POST /wd/hub/session/724de05069144310a7342d95f6334a48/frame/parent HTTP/1.1
User-Agent: selenium/4.9.0 (java windows)
traceparent: 00-6645cfec57fdce88ee0cb1d1086b545b-2bd9fcb5fbd152d0-01
Content-Length: 3
Content-Type: application/json; charset=utf-8
host: ondemand.us-west-1.saucelabs.com
authorization: Basic b2F1dGgtYXV0b2xhemFyZS01NThmYjpmOGQwYTRiNC1lMDU5LTRiMzktYTllYi0zNjY5NjViODg3YjE=
accept: */*

Response DefaultHttpResponse(decodeResult: success, version: HTTP/1.1)
HTTP/1.1 200 OK
content-type: application/json;charset=UTF-8
date: Fri, 12 May 2023 17:07:50 GMT
server: monocle/0.42
content-length: 15
x-request-id: 995fca37-2d98-4c6f-b704-23c59d117470

13:07:51.400 [AsyncHttpClient-1-2] DEBUG org.asynchttpclient.netty.channel.ChannelManager -- Adding key: https://ondemand.us-west-1.saucelabs.com:443 for channel [id: 0x5d8cc613, L:/192.168.1.146:57614 - R:ondemand.us-west-1.saucelabs.com/66.85.52.224:443]
13:07:51.408 [Forwarding switchToFrame on session 724de05069144310a7342d95f6334a48 to remote] DEBUG org.asynchttpclient.netty.request.NettyRequestSender -- Using pooled Channel '[id: 0x5d8cc613, L:/192.168.1.146:57614 - R:ondemand.us-west-1.saucelabs.com/66.85.52.224:443]' for 'POST' to 'https://oauth-autolazare-558fb:f8d0a4b4-e059-4b39-a9eb-366965b887b1@ondemand.us-west-1.saucelabs.com:443/wd/hub/session/724de05069144310a7342d95f6334a48/frame'
13:07:51.410 [Forwarding switchToFrame on session 724de05069144310a7342d95f6334a48 to remote] DEBUG org.asynchttpclient.netty.request.NettyRequestSender -- Using open Channel [id: 0x5d8cc613, L:/192.168.1.146:57614 - R:ondemand.us-west-1.saucelabs.com/66.85.52.224:443] for POST '/wd/hub/session/724de05069144310a7342d95f6334a48/frame'
13:07:51.558 [AsyncHttpClient-1-2] DEBUG org.asynchttpclient.netty.handler.HttpHandler -- 

Request DefaultHttpRequest(decodeResult: success, version: HTTP/1.1)
POST /wd/hub/session/724de05069144310a7342d95f6334a48/frame HTTP/1.1
User-Agent: selenium/4.9.0 (java windows)
traceparent: 00-4524beb241e718856ab40ffcf6681cf4-f940648555413be3-01
Content-Length: 106
Content-Type: application/json; charset=utf-8
host: ondemand.us-west-1.saucelabs.com
authorization: Basic b2F1dGgtYXV0b2xhemFyZS01NThmYjpmOGQwYTRiNC1lMDU5LTRiMzktYTllYi0zNjY5NjViODg3YjE=
accept: */*

Response DefaultHttpResponse(decodeResult: success, version: HTTP/1.1)
HTTP/1.1 200 OK
content-type: application/json;charset=UTF-8
date: Fri, 12 May 2023 17:07:50 GMT
server: monocle/0.42
content-length: 15
x-request-id: 90bc66eb-5a7d-473a-a542-a8b86cd161a1

13:07:51.559 [AsyncHttpClient-1-2] DEBUG org.asynchttpclient.netty.channel.ChannelManager -- Adding key: https://ondemand.us-west-1.saucelabs.com:443 for channel [id: 0x5d8cc613, L:/192.168.1.146:57614 - R:ondemand.us-west-1.saucelabs.com/66.85.52.224:443]
13:07:51.563 [Forwarding executeScript on session 724de05069144310a7342d95f6334a48 to remote] DEBUG org.asynchttpclient.netty.request.NettyRequestSender -- Using pooled Channel '[id: 0x5d8cc613, L:/192.168.1.146:57614 - R:ondemand.us-west-1.saucelabs.com/66.85.52.224:443]' for 'POST' to 'https://oauth-autolazare-558fb:f8d0a4b4-e059-4b39-a9eb-366965b887b1@ondemand.us-west-1.saucelabs.com:443/wd/hub/session/724de05069144310a7342d95f6334a48/execute/sync'
13:07:51.563 [Forwarding executeScript on session 724de05069144310a7342d95f6334a48 to remote] DEBUG org.asynchttpclient.netty.request.NettyRequestSender -- Using open Channel [id: 0x5d8cc613, L:/192.168.1.146:57614 - R:ondemand.us-west-1.saucelabs.com/66.85.52.224:443] for POST '/wd/hub/session/724de05069144310a7342d95f6334a48/execute/sync'
13:07:51.687 [AsyncHttpClient-1-2] DEBUG org.asynchttpclient.netty.handler.HttpHandler -- 

Request DefaultHttpRequest(decodeResult: success, version: HTTP/1.1)
POST /wd/hub/session/724de05069144310a7342d95f6334a48/execute/sync HTTP/1.1
User-Agent: selenium/4.9.0 (java windows)
traceparent: 00-17484a3b67784602c9fcfc83130ae55c-9f12b089f4f9b19a-01
Content-Length: 99
Content-Type: application/json; charset=utf-8
host: ondemand.us-west-1.saucelabs.com
authorization: Basic b2F1dGgtYXV0b2xhemFyZS01NThmYjpmOGQwYTRiNC1lMDU5LTRiMzktYTllYi0zNjY5NjViODg3YjE=
accept: */*

Response DefaultHttpResponse(decodeResult: success, version: HTTP/1.1)
HTTP/1.1 200 OK
content-type: application/json;charset=UTF-8
date: Fri, 12 May 2023 17:07:50 GMT
server: monocle/0.42
content-length: 15
x-request-id: c52c0c73-4326-497b-94b8-7877100085ef

13:07:51.687 [AsyncHttpClient-1-2] DEBUG org.asynchttpclient.netty.channel.ChannelManager -- Adding key: https://ondemand.us-west-1.saucelabs.com:443 for channel [id: 0x5d8cc613, L:/192.168.1.146:57614 - R:ondemand.us-west-1.saucelabs.com/66.85.52.224:443]
13:07:51.690 [Forwarding findElements on session 724de05069144310a7342d95f6334a48 to remote] DEBUG org.asynchttpclient.netty.request.NettyRequestSender -- Using pooled Channel '[id: 0x5d8cc613, L:/192.168.1.146:57614 - R:ondemand.us-west-1.saucelabs.com/66.85.52.224:443]' for 'POST' to 'https://oauth-autolazare-558fb:f8d0a4b4-e059-4b39-a9eb-366965b887b1@ondemand.us-west-1.saucelabs.com:443/wd/hub/session/724de05069144310a7342d95f6334a48/elements'
13:07:51.690 [Forwarding findElements on session 724de05069144310a7342d95f6334a48 to remote] DEBUG org.asynchttpclient.netty.request.NettyRequestSender -- Using open Channel [id: 0x5d8cc613, L:/192.168.1.146:57614 - R:ondemand.us-west-1.saucelabs.com/66.85.52.224:443] for POST '/wd/hub/session/724de05069144310a7342d95f6334a48/elements'
13:07:51.837 [AsyncHttpClient-1-2] DEBUG org.asynchttpclient.netty.handler.HttpHandler -- 

Request DefaultHttpRequest(decodeResult: success, version: HTTP/1.1)
POST /wd/hub/session/724de05069144310a7342d95f6334a48/elements HTTP/1.1
User-Agent: selenium/4.9.0 (java windows)
traceparent: 00-a980708d42370271de7b45a120eebc11-a82b81f9b1448406-01
Content-Length: 98
Content-Type: application/json; charset=utf-8
host: ondemand.us-west-1.saucelabs.com
authorization: Basic b2F1dGgtYXV0b2xhemFyZS01NThmYjpmOGQwYTRiNC1lMDU5LTRiMzktYTllYi0zNjY5NjViODg3YjE=
accept: */*

Response DefaultHttpResponse(decodeResult: success, version: HTTP/1.1)
HTTP/1.1 200 OK
content-type: application/json;charset=UTF-8
date: Fri, 12 May 2023 17:07:50 GMT
server: monocle/0.42
content-length: 187
x-request-id: f665467f-e228-4353-9140-3cbf8136d468

13:07:51.837 [AsyncHttpClient-1-2] DEBUG org.asynchttpclient.netty.channel.ChannelManager -- Adding key: https://ondemand.us-west-1.saucelabs.com:443 for channel [id: 0x5d8cc613, L:/192.168.1.146:57614 - R:ondemand.us-west-1.saucelabs.com/66.85.52.224:443]
13:07:51.842 [Forwarding switchToFrame on session 724de05069144310a7342d95f6334a48 to remote] DEBUG org.asynchttpclient.netty.request.NettyRequestSender -- Using pooled Channel '[id: 0x5d8cc613, L:/192.168.1.146:57614 - R:ondemand.us-west-1.saucelabs.com/66.85.52.224:443]' for 'POST' to 'https://oauth-autolazare-558fb:f8d0a4b4-e059-4b39-a9eb-366965b887b1@ondemand.us-west-1.saucelabs.com:443/wd/hub/session/724de05069144310a7342d95f6334a48/frame'
13:07:51.842 [Forwarding switchToFrame on session 724de05069144310a7342d95f6334a48 to remote] DEBUG org.asynchttpclient.netty.request.NettyRequestSender -- Using open Channel [id: 0x5d8cc613, L:/192.168.1.146:57614 - R:ondemand.us-west-1.saucelabs.com/66.85.52.224:443] for POST '/wd/hub/session/724de05069144310a7342d95f6334a48/frame'
13:07:51.983 [AsyncHttpClient-1-2] DEBUG org.asynchttpclient.netty.handler.HttpHandler -- 

Request DefaultHttpRequest(decodeResult: success, version: HTTP/1.1)
POST /wd/hub/session/724de05069144310a7342d95f6334a48/frame HTTP/1.1
User-Agent: selenium/4.9.0 (java windows)
traceparent: 00-6e5fd0d55bb59e07e718cd600bb5eece-2031aae6fe81103d-01
Content-Length: 106
Content-Type: application/json; charset=utf-8
host: ondemand.us-west-1.saucelabs.com
authorization: Basic b2F1dGgtYXV0b2xhemFyZS01NThmYjpmOGQwYTRiNC1lMDU5LTRiMzktYTllYi0zNjY5NjViODg3YjE=
accept: */*

Response DefaultHttpResponse(decodeResult: success, version: HTTP/1.1)
HTTP/1.1 200 OK
content-type: application/json;charset=UTF-8
date: Fri, 12 May 2023 17:07:50 GMT
server: monocle/0.42
content-length: 15
x-request-id: ed905da9-9162-4216-9ad7-76e907040f14

13:07:51.983 [AsyncHttpClient-1-2] DEBUG org.asynchttpclient.netty.channel.ChannelManager -- Adding key: https://ondemand.us-west-1.saucelabs.com:443 for channel [id: 0x5d8cc613, L:/192.168.1.146:57614 - R:ondemand.us-west-1.saucelabs.com/66.85.52.224:443]
13:07:51.987 [Forwarding executeScript on session 724de05069144310a7342d95f6334a48 to remote] DEBUG org.asynchttpclient.netty.request.NettyRequestSender -- Using pooled Channel '[id: 0x5d8cc613, L:/192.168.1.146:57614 - R:ondemand.us-west-1.saucelabs.com/66.85.52.224:443]' for 'POST' to 'https://oauth-autolazare-558fb:f8d0a4b4-e059-4b39-a9eb-366965b887b1@ondemand.us-west-1.saucelabs.com:443/wd/hub/session/724de05069144310a7342d95f6334a48/execute/sync'
13:07:51.987 [Forwarding executeScript on session 724de05069144310a7342d95f6334a48 to remote] DEBUG org.asynchttpclient.netty.request.NettyRequestSender -- Using open Channel [id: 0x5d8cc613, L:/192.168.1.146:57614 - R:ondemand.us-west-1.saucelabs.com/66.85.52.224:443] for POST '/wd/hub/session/724de05069144310a7342d95f6334a48/execute/sync'
13:07:52.117 [AsyncHttpClient-1-2] DEBUG org.asynchttpclient.netty.handler.HttpHandler -- 

Request DefaultHttpRequest(decodeResult: success, version: HTTP/1.1)
POST /wd/hub/session/724de05069144310a7342d95f6334a48/execute/sync HTTP/1.1
User-Agent: selenium/4.9.0 (java windows)
traceparent: 00-250340b596272759c639cd20e84e0a94-018c08e4d54eef16-01
Content-Length: 99
Content-Type: application/json; charset=utf-8
host: ondemand.us-west-1.saucelabs.com
authorization: Basic b2F1dGgtYXV0b2xhemFyZS01NThmYjpmOGQwYTRiNC1lMDU5LTRiMzktYTllYi0zNjY5NjViODg3YjE=
accept: */*

Response DefaultHttpResponse(decodeResult: success, version: HTTP/1.1)
HTTP/1.1 200 OK
content-type: application/json;charset=UTF-8
date: Fri, 12 May 2023 17:07:50 GMT
server: monocle/0.42
content-length: 15
x-request-id: 82f1a95e-925d-4a94-82a4-c731deeee89e

13:07:52.117 [AsyncHttpClient-1-2] DEBUG org.asynchttpclient.netty.channel.ChannelManager -- Adding key: https://ondemand.us-west-1.saucelabs.com:443 for channel [id: 0x5d8cc613, L:/192.168.1.146:57614 - R:ondemand.us-west-1.saucelabs.com/66.85.52.224:443]
13:07:52.120 [Forwarding findElements on session 724de05069144310a7342d95f6334a48 to remote] DEBUG org.asynchttpclient.netty.request.NettyRequestSender -- Using pooled Channel '[id: 0x5d8cc613, L:/192.168.1.146:57614 - R:ondemand.us-west-1.saucelabs.com/66.85.52.224:443]' for 'POST' to 'https://oauth-autolazare-558fb:f8d0a4b4-e059-4b39-a9eb-366965b887b1@ondemand.us-west-1.saucelabs.com:443/wd/hub/session/724de05069144310a7342d95f6334a48/elements'
13:07:52.120 [Forwarding findElements on session 724de05069144310a7342d95f6334a48 to remote] DEBUG org.asynchttpclient.netty.request.NettyRequestSender -- Using open Channel [id: 0x5d8cc613, L:/192.168.1.146:57614 - R:ondemand.us-west-1.saucelabs.com/66.85.52.224:443] for POST '/wd/hub/session/724de05069144310a7342d95f6334a48/elements'
13:07:52.338 [AsyncHttpClient-1-2] DEBUG org.asynchttpclient.netty.handler.HttpHandler -- 

Request DefaultHttpRequest(decodeResult: success, version: HTTP/1.1)
POST /wd/hub/session/724de05069144310a7342d95f6334a48/elements HTTP/1.1
User-Agent: selenium/4.9.0 (java windows)
traceparent: 00-8b86807712fa9eabda3ceec813e2f4df-8952e16c909726cf-01
Content-Length: 98
Content-Type: application/json; charset=utf-8
host: ondemand.us-west-1.saucelabs.com
authorization: Basic b2F1dGgtYXV0b2xhemFyZS01NThmYjpmOGQwYTRiNC1lMDU5LTRiMzktYTllYi0zNjY5NjViODg3YjE=
accept: */*

Response DefaultHttpResponse(decodeResult: success, version: HTTP/1.1)
HTTP/1.1 200 OK
content-type: application/json;charset=UTF-8
date: Fri, 12 May 2023 17:07:50 GMT
server: monocle/0.42
content-length: 13
x-request-id: 0dbd7922-ef25-4c41-b24a-8dede5840e66

13:07:52.339 [AsyncHttpClient-1-2] DEBUG org.asynchttpclient.netty.channel.ChannelManager -- Adding key: https://ondemand.us-west-1.saucelabs.com:443 for channel [id: 0x5d8cc613, L:/192.168.1.146:57614 - R:ondemand.us-west-1.saucelabs.com/66.85.52.224:443]
13:07:52.341 [Forwarding switchToParentFrame on session 724de05069144310a7342d95f6334a48 to remote] DEBUG org.asynchttpclient.netty.request.NettyRequestSender -- Using pooled Channel '[id: 0x5d8cc613, L:/192.168.1.146:57614 - R:ondemand.us-west-1.saucelabs.com/66.85.52.224:443]' for 'POST' to 'https://oauth-autolazare-558fb:f8d0a4b4-e059-4b39-a9eb-366965b887b1@ondemand.us-west-1.saucelabs.com:443/wd/hub/session/724de05069144310a7342d95f6334a48/frame/parent'
13:07:52.341 [Forwarding switchToParentFrame on session 724de05069144310a7342d95f6334a48 to remote] DEBUG org.asynchttpclient.netty.request.NettyRequestSender -- Using open Channel [id: 0x5d8cc613, L:/192.168.1.146:57614 - R:ondemand.us-west-1.saucelabs.com/66.85.52.224:443] for POST '/wd/hub/session/724de05069144310a7342d95f6334a48/frame/parent'
13:07:52.455 [AsyncHttpClient-1-2] DEBUG org.asynchttpclient.netty.handler.HttpHandler -- 

Request DefaultHttpRequest(decodeResult: success, version: HTTP/1.1)
POST /wd/hub/session/724de05069144310a7342d95f6334a48/frame/parent HTTP/1.1
User-Agent: selenium/4.9.0 (java windows)
traceparent: 00-9c1a740d5faf50000d5a48479ab3fd37-e4b34b5e39304728-01
Content-Length: 3
Content-Type: application/json; charset=utf-8
host: ondemand.us-west-1.saucelabs.com
authorization: Basic b2F1dGgtYXV0b2xhemFyZS01NThmYjpmOGQwYTRiNC1lMDU5LTRiMzktYTllYi0zNjY5NjViODg3YjE=
accept: */*

Response DefaultHttpResponse(decodeResult: success, version: HTTP/1.1)
HTTP/1.1 200 OK
content-type: application/json;charset=UTF-8
date: Fri, 12 May 2023 17:07:51 GMT
server: monocle/0.42
content-length: 15
x-request-id: c2028320-0113-4ecf-b855-ffa123f63927

13:07:52.455 [AsyncHttpClient-1-2] DEBUG org.asynchttpclient.netty.channel.ChannelManager -- Adding key: https://ondemand.us-west-1.saucelabs.com:443 for channel [id: 0x5d8cc613, L:/192.168.1.146:57614 - R:ondemand.us-west-1.saucelabs.com/66.85.52.224:443]
13:07:52.457 [Forwarding switchToFrame on session 724de05069144310a7342d95f6334a48 to remote] DEBUG org.asynchttpclient.netty.request.NettyRequestSender -- Using pooled Channel '[id: 0x5d8cc613, L:/192.168.1.146:57614 - R:ondemand.us-west-1.saucelabs.com/66.85.52.224:443]' for 'POST' to 'https://oauth-autolazare-558fb:f8d0a4b4-e059-4b39-a9eb-366965b887b1@ondemand.us-west-1.saucelabs.com:443/wd/hub/session/724de05069144310a7342d95f6334a48/frame'
13:07:52.457 [Forwarding switchToFrame on session 724de05069144310a7342d95f6334a48 to remote] DEBUG org.asynchttpclient.netty.request.NettyRequestSender -- Using open Channel [id: 0x5d8cc613, L:/192.168.1.146:57614 - R:ondemand.us-west-1.saucelabs.com/66.85.52.224:443] for POST '/wd/hub/session/724de05069144310a7342d95f6334a48/frame'
13:07:52.606 [AsyncHttpClient-1-2] DEBUG org.asynchttpclient.netty.handler.HttpHandler -- 

Request DefaultHttpRequest(decodeResult: success, version: HTTP/1.1)
POST /wd/hub/session/724de05069144310a7342d95f6334a48/frame HTTP/1.1
User-Agent: selenium/4.9.0 (java windows)
traceparent: 00-c742d05b146a9eb50330b5311f8843b2-367b526b22837fe2-01
Content-Length: 106
Content-Type: application/json; charset=utf-8
host: ondemand.us-west-1.saucelabs.com
authorization: Basic b2F1dGgtYXV0b2xhemFyZS01NThmYjpmOGQwYTRiNC1lMDU5LTRiMzktYTllYi0zNjY5NjViODg3YjE=
accept: */*

Response DefaultHttpResponse(decodeResult: success, version: HTTP/1.1)
HTTP/1.1 200 OK
content-type: application/json;charset=UTF-8
date: Fri, 12 May 2023 17:07:51 GMT
server: monocle/0.42
content-length: 15
x-request-id: 89bff29f-3276-407b-9eae-6846a1e5c878

13:07:52.606 [AsyncHttpClient-1-2] DEBUG org.asynchttpclient.netty.channel.ChannelManager -- Adding key: https://ondemand.us-west-1.saucelabs.com:443 for channel [id: 0x5d8cc613, L:/192.168.1.146:57614 - R:ondemand.us-west-1.saucelabs.com/66.85.52.224:443]
13:07:52.613 [Forwarding executeScript on session 724de05069144310a7342d95f6334a48 to remote] DEBUG org.asynchttpclient.netty.request.NettyRequestSender -- Using pooled Channel '[id: 0x5d8cc613, L:/192.168.1.146:57614 - R:ondemand.us-west-1.saucelabs.com/66.85.52.224:443]' for 'POST' to 'https://oauth-autolazare-558fb:f8d0a4b4-e059-4b39-a9eb-366965b887b1@ondemand.us-west-1.saucelabs.com:443/wd/hub/session/724de05069144310a7342d95f6334a48/execute/sync'
13:07:52.613 [Forwarding executeScript on session 724de05069144310a7342d95f6334a48 to remote] DEBUG org.asynchttpclient.netty.request.NettyRequestSender -- Using open Channel [id: 0x5d8cc613, L:/192.168.1.146:57614 - R:ondemand.us-west-1.saucelabs.com/66.85.52.224:443] for POST '/wd/hub/session/724de05069144310a7342d95f6334a48/execute/sync'
13:07:52.741 [AsyncHttpClient-1-2] DEBUG org.asynchttpclient.netty.handler.HttpHandler -- 

Request DefaultHttpRequest(decodeResult: success, version: HTTP/1.1)
POST /wd/hub/session/724de05069144310a7342d95f6334a48/execute/sync HTTP/1.1
User-Agent: selenium/4.9.0 (java windows)
traceparent: 00-a33d7d352d2ae2e99e110a5090df142b-006a6a91fe7ac792-01
Content-Length: 99
Content-Type: application/json; charset=utf-8
host: ondemand.us-west-1.saucelabs.com
authorization: Basic b2F1dGgtYXV0b2xhemFyZS01NThmYjpmOGQwYTRiNC1lMDU5LTRiMzktYTllYi0zNjY5NjViODg3YjE=
accept: */*

Response DefaultHttpResponse(decodeResult: success, version: HTTP/1.1)
HTTP/1.1 200 OK
content-type: application/json;charset=UTF-8
date: Fri, 12 May 2023 17:07:51 GMT
server: monocle/0.42
content-length: 15
x-request-id: 37936dec-615f-480a-8bc2-d800ae7d2a76

13:07:52.742 [AsyncHttpClient-1-2] DEBUG org.asynchttpclient.netty.channel.ChannelManager -- Adding key: https://ondemand.us-west-1.saucelabs.com:443 for channel [id: 0x5d8cc613, L:/192.168.1.146:57614 - R:ondemand.us-west-1.saucelabs.com/66.85.52.224:443]
13:07:52.744 [Forwarding findElements on session 724de05069144310a7342d95f6334a48 to remote] DEBUG org.asynchttpclient.netty.request.NettyRequestSender -- Using pooled Channel '[id: 0x5d8cc613, L:/192.168.1.146:57614 - R:ondemand.us-west-1.saucelabs.com/66.85.52.224:443]' for 'POST' to 'https://oauth-autolazare-558fb:f8d0a4b4-e059-4b39-a9eb-366965b887b1@ondemand.us-west-1.saucelabs.com:443/wd/hub/session/724de05069144310a7342d95f6334a48/elements'
13:07:52.744 [Forwarding findElements on session 724de05069144310a7342d95f6334a48 to remote] DEBUG org.asynchttpclient.netty.request.NettyRequestSender -- Using open Channel [id: 0x5d8cc613, L:/192.168.1.146:57614 - R:ondemand.us-west-1.saucelabs.com/66.85.52.224:443] for POST '/wd/hub/session/724de05069144310a7342d95f6334a48/elements'
13:07:52.881 [AsyncHttpClient-1-2] DEBUG org.asynchttpclient.netty.handler.HttpHandler -- 

Request DefaultHttpRequest(decodeResult: success, version: HTTP/1.1)
POST /wd/hub/session/724de05069144310a7342d95f6334a48/elements HTTP/1.1
User-Agent: selenium/4.9.0 (java windows)
traceparent: 00-3cc9691f6b79fc2813399ec9339cec1c-363680f30a80f0d8-01
Content-Length: 98
Content-Type: application/json; charset=utf-8
host: ondemand.us-west-1.saucelabs.com
authorization: Basic b2F1dGgtYXV0b2xhemFyZS01NThmYjpmOGQwYTRiNC1lMDU5LTRiMzktYTllYi0zNjY5NjViODg3YjE=
accept: */*

Response DefaultHttpResponse(decodeResult: success, version: HTTP/1.1)
HTTP/1.1 200 OK
content-type: application/json;charset=UTF-8
date: Fri, 12 May 2023 17:07:51 GMT
server: monocle/0.42
content-length: 13
x-request-id: e2aaabcf-de21-4041-99fc-192e6c6e4c8d

13:07:52.882 [AsyncHttpClient-1-2] DEBUG org.asynchttpclient.netty.channel.ChannelManager -- Adding key: https://ondemand.us-west-1.saucelabs.com:443 for channel [id: 0x5d8cc613, L:/192.168.1.146:57614 - R:ondemand.us-west-1.saucelabs.com/66.85.52.224:443]
13:07:52.885 [Forwarding switchToParentFrame on session 724de05069144310a7342d95f6334a48 to remote] DEBUG org.asynchttpclient.netty.request.NettyRequestSender -- Using pooled Channel '[id: 0x5d8cc613, L:/192.168.1.146:57614 - R:ondemand.us-west-1.saucelabs.com/66.85.52.224:443]' for 'POST' to 'https://oauth-autolazare-558fb:f8d0a4b4-e059-4b39-a9eb-366965b887b1@ondemand.us-west-1.saucelabs.com:443/wd/hub/session/724de05069144310a7342d95f6334a48/frame/parent'
13:07:52.885 [Forwarding switchToParentFrame on session 724de05069144310a7342d95f6334a48 to remote] DEBUG org.asynchttpclient.netty.request.NettyRequestSender -- Using open Channel [id: 0x5d8cc613, L:/192.168.1.146:57614 - R:ondemand.us-west-1.saucelabs.com/66.85.52.224:443] for POST '/wd/hub/session/724de05069144310a7342d95f6334a48/frame/parent'
13:07:52.997 [AsyncHttpClient-1-2] DEBUG org.asynchttpclient.netty.handler.HttpHandler -- 

Request DefaultHttpRequest(decodeResult: success, version: HTTP/1.1)
POST /wd/hub/session/724de05069144310a7342d95f6334a48/frame/parent HTTP/1.1
User-Agent: selenium/4.9.0 (java windows)
traceparent: 00-a0222894906f90d70cc68d13b56eb7a9-9e081ff608d2f1e4-01
Content-Length: 3
Content-Type: application/json; charset=utf-8
host: ondemand.us-west-1.saucelabs.com
authorization: Basic b2F1dGgtYXV0b2xhemFyZS01NThmYjpmOGQwYTRiNC1lMDU5LTRiMzktYTllYi0zNjY5NjViODg3YjE=
accept: */*

Response DefaultHttpResponse(decodeResult: success, version: HTTP/1.1)
HTTP/1.1 200 OK
content-type: application/json;charset=UTF-8
date: Fri, 12 May 2023 17:07:51 GMT
server: monocle/0.42
content-length: 15
x-request-id: 3b3eec6b-30f4-434d-ba60-274a1244ca12

13:07:52.998 [AsyncHttpClient-1-2] DEBUG org.asynchttpclient.netty.channel.ChannelManager -- Adding key: https://ondemand.us-west-1.saucelabs.com:443 for channel [id: 0x5d8cc613, L:/192.168.1.146:57614 - R:ondemand.us-west-1.saucelabs.com/66.85.52.224:443]
13:07:53.006 [Forwarding switchToParentFrame on session 724de05069144310a7342d95f6334a48 to remote] DEBUG org.asynchttpclient.netty.request.NettyRequestSender -- Using pooled Channel '[id: 0x5d8cc613, L:/192.168.1.146:57614 - R:ondemand.us-west-1.saucelabs.com/66.85.52.224:443]' for 'POST' to 'https://oauth-autolazare-558fb:f8d0a4b4-e059-4b39-a9eb-366965b887b1@ondemand.us-west-1.saucelabs.com:443/wd/hub/session/724de05069144310a7342d95f6334a48/frame/parent'
13:07:53.006 [Forwarding switchToParentFrame on session 724de05069144310a7342d95f6334a48 to remote] DEBUG org.asynchttpclient.netty.request.NettyRequestSender -- Using open Channel [id: 0x5d8cc613, L:/192.168.1.146:57614 - R:ondemand.us-west-1.saucelabs.com/66.85.52.224:443] for POST '/wd/hub/session/724de05069144310a7342d95f6334a48/frame/parent'
13:07:53.131 [AsyncHttpClient-1-2] DEBUG org.asynchttpclient.netty.handler.HttpHandler -- 

Request DefaultHttpRequest(decodeResult: success, version: HTTP/1.1)
POST /wd/hub/session/724de05069144310a7342d95f6334a48/frame/parent HTTP/1.1
User-Agent: selenium/4.9.0 (java windows)
traceparent: 00-863c5b92c0457895d548c492b7741eb7-55839f763d9cd84e-01
Content-Length: 3
Content-Type: application/json; charset=utf-8
host: ondemand.us-west-1.saucelabs.com
authorization: Basic b2F1dGgtYXV0b2xhemFyZS01NThmYjpmOGQwYTRiNC1lMDU5LTRiMzktYTllYi0zNjY5NjViODg3YjE=
accept: */*

Response DefaultHttpResponse(decodeResult: success, version: HTTP/1.1)
HTTP/1.1 200 OK
content-type: application/json;charset=UTF-8
date: Fri, 12 May 2023 17:07:51 GMT
server: monocle/0.42
content-length: 15
x-request-id: 4bd2f30c-5b7e-4073-89f6-6f9deedb9591

13:07:53.131 [AsyncHttpClient-1-2] DEBUG org.asynchttpclient.netty.channel.ChannelManager -- Adding key: https://ondemand.us-west-1.saucelabs.com:443 for channel [id: 0x5d8cc613, L:/192.168.1.146:57614 - R:ondemand.us-west-1.saucelabs.com/66.85.52.224:443]
13:07:53.136 [Forwarding switchToFrame on session 724de05069144310a7342d95f6334a48 to remote] DEBUG org.asynchttpclient.netty.request.NettyRequestSender -- Using pooled Channel '[id: 0x5d8cc613, L:/192.168.1.146:57614 - R:ondemand.us-west-1.saucelabs.com/66.85.52.224:443]' for 'POST' to 'https://oauth-autolazare-558fb:f8d0a4b4-e059-4b39-a9eb-366965b887b1@ondemand.us-west-1.saucelabs.com:443/wd/hub/session/724de05069144310a7342d95f6334a48/frame'
13:07:53.137 [Forwarding switchToFrame on session 724de05069144310a7342d95f6334a48 to remote] DEBUG org.asynchttpclient.netty.request.NettyRequestSender -- Using open Channel [id: 0x5d8cc613, L:/192.168.1.146:57614 - R:ondemand.us-west-1.saucelabs.com/66.85.52.224:443] for POST '/wd/hub/session/724de05069144310a7342d95f6334a48/frame'
13:07:53.284 [AsyncHttpClient-1-2] DEBUG org.asynchttpclient.netty.handler.HttpHandler -- 

Request DefaultHttpRequest(decodeResult: success, version: HTTP/1.1)
POST /wd/hub/session/724de05069144310a7342d95f6334a48/frame HTTP/1.1
User-Agent: selenium/4.9.0 (java windows)
traceparent: 00-4b0bdf93cb2f3b9c847cb1013280b0a6-5e1389fe763965e2-01
Content-Length: 106
Content-Type: application/json; charset=utf-8
host: ondemand.us-west-1.saucelabs.com
authorization: Basic b2F1dGgtYXV0b2xhemFyZS01NThmYjpmOGQwYTRiNC1lMDU5LTRiMzktYTllYi0zNjY5NjViODg3YjE=
accept: */*

Response DefaultHttpResponse(decodeResult: success, version: HTTP/1.1)
HTTP/1.1 200 OK
content-type: application/json;charset=UTF-8
date: Fri, 12 May 2023 17:07:51 GMT
server: monocle/0.42
content-length: 15
x-request-id: bb0abcc2-4063-48ab-bf6a-2288e57f76c6

13:07:53.285 [AsyncHttpClient-1-2] DEBUG org.asynchttpclient.netty.channel.ChannelManager -- Adding key: https://ondemand.us-west-1.saucelabs.com:443 for channel [id: 0x5d8cc613, L:/192.168.1.146:57614 - R:ondemand.us-west-1.saucelabs.com/66.85.52.224:443]
13:07:53.288 [Forwarding executeScript on session 724de05069144310a7342d95f6334a48 to remote] DEBUG org.asynchttpclient.netty.request.NettyRequestSender -- Using pooled Channel '[id: 0x5d8cc613, L:/192.168.1.146:57614 - R:ondemand.us-west-1.saucelabs.com/66.85.52.224:443]' for 'POST' to 'https://oauth-autolazare-558fb:f8d0a4b4-e059-4b39-a9eb-366965b887b1@ondemand.us-west-1.saucelabs.com:443/wd/hub/session/724de05069144310a7342d95f6334a48/execute/sync'
13:07:53.288 [Forwarding executeScript on session 724de05069144310a7342d95f6334a48 to remote] DEBUG org.asynchttpclient.netty.request.NettyRequestSender -- Using open Channel [id: 0x5d8cc613, L:/192.168.1.146:57614 - R:ondemand.us-west-1.saucelabs.com/66.85.52.224:443] for POST '/wd/hub/session/724de05069144310a7342d95f6334a48/execute/sync'
13:07:53.409 [AsyncHttpClient-1-2] DEBUG org.asynchttpclient.netty.handler.HttpHandler -- 

Request DefaultHttpRequest(decodeResult: success, version: HTTP/1.1)
POST /wd/hub/session/724de05069144310a7342d95f6334a48/execute/sync HTTP/1.1
User-Agent: selenium/4.9.0 (java windows)
traceparent: 00-e3ebcd0fefd6d028e48c848377823c8c-fa694e8fa1ce96e6-01
Content-Length: 99
Content-Type: application/json; charset=utf-8
host: ondemand.us-west-1.saucelabs.com
authorization: Basic b2F1dGgtYXV0b2xhemFyZS01NThmYjpmOGQwYTRiNC1lMDU5LTRiMzktYTllYi0zNjY5NjViODg3YjE=
accept: */*

Response DefaultHttpResponse(decodeResult: success, version: HTTP/1.1)
HTTP/1.1 200 OK
content-type: application/json;charset=UTF-8
date: Fri, 12 May 2023 17:07:52 GMT
server: monocle/0.42
content-length: 15
x-request-id: 59ef358b-6175-4533-beb7-71b48d82dddb

13:07:53.409 [AsyncHttpClient-1-2] DEBUG org.asynchttpclient.netty.channel.ChannelManager -- Adding key: https://ondemand.us-west-1.saucelabs.com:443 for channel [id: 0x5d8cc613, L:/192.168.1.146:57614 - R:ondemand.us-west-1.saucelabs.com/66.85.52.224:443]
13:07:53.411 [Forwarding findElements on session 724de05069144310a7342d95f6334a48 to remote] DEBUG org.asynchttpclient.netty.request.NettyRequestSender -- Using pooled Channel '[id: 0x5d8cc613, L:/192.168.1.146:57614 - R:ondemand.us-west-1.saucelabs.com/66.85.52.224:443]' for 'POST' to 'https://oauth-autolazare-558fb:f8d0a4b4-e059-4b39-a9eb-366965b887b1@ondemand.us-west-1.saucelabs.com:443/wd/hub/session/724de05069144310a7342d95f6334a48/elements'
13:07:53.411 [Forwarding findElements on session 724de05069144310a7342d95f6334a48 to remote] DEBUG org.asynchttpclient.netty.request.NettyRequestSender -- Using open Channel [id: 0x5d8cc613, L:/192.168.1.146:57614 - R:ondemand.us-west-1.saucelabs.com/66.85.52.224:443] for POST '/wd/hub/session/724de05069144310a7342d95f6334a48/elements'
13:07:53.542 [AsyncHttpClient-1-2] DEBUG org.asynchttpclient.netty.handler.HttpHandler -- 

Request DefaultHttpRequest(decodeResult: success, version: HTTP/1.1)
POST /wd/hub/session/724de05069144310a7342d95f6334a48/elements HTTP/1.1
User-Agent: selenium/4.9.0 (java windows)
traceparent: 00-72b8eca12730aae1e2b26b762b1037ed-e22f7ea93fd62fed-01
Content-Length: 98
Content-Type: application/json; charset=utf-8
host: ondemand.us-west-1.saucelabs.com
authorization: Basic b2F1dGgtYXV0b2xhemFyZS01NThmYjpmOGQwYTRiNC1lMDU5LTRiMzktYTllYi0zNjY5NjViODg3YjE=
accept: */*

Response DefaultHttpResponse(decodeResult: success, version: HTTP/1.1)
HTTP/1.1 200 OK
content-type: application/json;charset=UTF-8
date: Fri, 12 May 2023 17:07:52 GMT
server: monocle/0.42
content-length: 13
x-request-id: 5d854cd8-4209-4f95-9248-a5d6376d30a4

13:07:53.542 [AsyncHttpClient-1-2] DEBUG org.asynchttpclient.netty.channel.ChannelManager -- Adding key: https://ondemand.us-west-1.saucelabs.com:443 for channel [id: 0x5d8cc613, L:/192.168.1.146:57614 - R:ondemand.us-west-1.saucelabs.com/66.85.52.224:443]
13:07:53.545 [Forwarding switchToParentFrame on session 724de05069144310a7342d95f6334a48 to remote] DEBUG org.asynchttpclient.netty.request.NettyRequestSender -- Using pooled Channel '[id: 0x5d8cc613, L:/192.168.1.146:57614 - R:ondemand.us-west-1.saucelabs.com/66.85.52.224:443]' for 'POST' to 'https://oauth-autolazare-558fb:f8d0a4b4-e059-4b39-a9eb-366965b887b1@ondemand.us-west-1.saucelabs.com:443/wd/hub/session/724de05069144310a7342d95f6334a48/frame/parent'
13:07:53.545 [Forwarding switchToParentFrame on session 724de05069144310a7342d95f6334a48 to remote] DEBUG org.asynchttpclient.netty.request.NettyRequestSender -- Using open Channel [id: 0x5d8cc613, L:/192.168.1.146:57614 - R:ondemand.us-west-1.saucelabs.com/66.85.52.224:443] for POST '/wd/hub/session/724de05069144310a7342d95f6334a48/frame/parent'
13:07:53.668 [AsyncHttpClient-1-2] DEBUG org.asynchttpclient.netty.handler.HttpHandler -- 

Request DefaultHttpRequest(decodeResult: success, version: HTTP/1.1)
POST /wd/hub/session/724de05069144310a7342d95f6334a48/frame/parent HTTP/1.1
User-Agent: selenium/4.9.0 (java windows)
traceparent: 00-71b94ed6b543e0811a6ee0ce4e7dbb3a-86781b9f9f1a7fea-01
Content-Length: 3
Content-Type: application/json; charset=utf-8
host: ondemand.us-west-1.saucelabs.com
authorization: Basic b2F1dGgtYXV0b2xhemFyZS01NThmYjpmOGQwYTRiNC1lMDU5LTRiMzktYTllYi0zNjY5NjViODg3YjE=
accept: */*

Response DefaultHttpResponse(decodeResult: success, version: HTTP/1.1)
HTTP/1.1 200 OK
content-type: application/json;charset=UTF-8
date: Fri, 12 May 2023 17:07:52 GMT
server: monocle/0.42
content-length: 15
x-request-id: bbe57d81-2bba-4207-88a2-6666bcf93c69

13:07:53.668 [AsyncHttpClient-1-2] DEBUG org.asynchttpclient.netty.channel.ChannelManager -- Adding key: https://ondemand.us-west-1.saucelabs.com:443 for channel [id: 0x5d8cc613, L:/192.168.1.146:57614 - R:ondemand.us-west-1.saucelabs.com/66.85.52.224:443]
13:07:53.682 [Forwarding switchToFrame on session 724de05069144310a7342d95f6334a48 to remote] DEBUG org.asynchttpclient.netty.request.NettyRequestSender -- Using pooled Channel '[id: 0x5d8cc613, L:/192.168.1.146:57614 - R:ondemand.us-west-1.saucelabs.com/66.85.52.224:443]' for 'POST' to 'https://oauth-autolazare-558fb:f8d0a4b4-e059-4b39-a9eb-366965b887b1@ondemand.us-west-1.saucelabs.com:443/wd/hub/session/724de05069144310a7342d95f6334a48/frame'
13:07:53.682 [Forwarding switchToFrame on session 724de05069144310a7342d95f6334a48 to remote] DEBUG org.asynchttpclient.netty.request.NettyRequestSender -- Using open Channel [id: 0x5d8cc613, L:/192.168.1.146:57614 - R:ondemand.us-west-1.saucelabs.com/66.85.52.224:443] for POST '/wd/hub/session/724de05069144310a7342d95f6334a48/frame'
13:07:53.823 [AsyncHttpClient-1-2] DEBUG org.asynchttpclient.netty.handler.HttpHandler -- 

Request DefaultHttpRequest(decodeResult: success, version: HTTP/1.1)
POST /wd/hub/session/724de05069144310a7342d95f6334a48/frame HTTP/1.1
User-Agent: selenium/4.9.0 (java windows)
traceparent: 00-ec4f21d32d9bee9e79c6770d7ede89c9-0cf7beaa082a5463-01
Content-Length: 106
Content-Type: application/json; charset=utf-8
host: ondemand.us-west-1.saucelabs.com
authorization: Basic b2F1dGgtYXV0b2xhemFyZS01NThmYjpmOGQwYTRiNC1lMDU5LTRiMzktYTllYi0zNjY5NjViODg3YjE=
accept: */*

Response DefaultHttpResponse(decodeResult: success, version: HTTP/1.1)
HTTP/1.1 200 OK
content-type: application/json;charset=UTF-8
date: Fri, 12 May 2023 17:07:52 GMT
server: monocle/0.42
content-length: 15
x-request-id: fc8a2e9f-6e1f-47c0-93a8-6cf7eb8676d9

13:07:53.823 [AsyncHttpClient-1-2] DEBUG org.asynchttpclient.netty.channel.ChannelManager -- Adding key: https://ondemand.us-west-1.saucelabs.com:443 for channel [id: 0x5d8cc613, L:/192.168.1.146:57614 - R:ondemand.us-west-1.saucelabs.com/66.85.52.224:443]
13:07:53.841 [Forwarding executeScript on session 724de05069144310a7342d95f6334a48 to remote] DEBUG org.asynchttpclient.netty.request.NettyRequestSender -- Using pooled Channel '[id: 0x5d8cc613, L:/192.168.1.146:57614 - R:ondemand.us-west-1.saucelabs.com/66.85.52.224:443]' for 'POST' to 'https://oauth-autolazare-558fb:f8d0a4b4-e059-4b39-a9eb-366965b887b1@ondemand.us-west-1.saucelabs.com:443/wd/hub/session/724de05069144310a7342d95f6334a48/execute/sync'
13:07:53.850 [Forwarding executeScript on session 724de05069144310a7342d95f6334a48 to remote] DEBUG org.asynchttpclient.netty.request.NettyRequestSender -- Using open Channel [id: 0x5d8cc613, L:/192.168.1.146:57614 - R:ondemand.us-west-1.saucelabs.com/66.85.52.224:443] for POST '/wd/hub/session/724de05069144310a7342d95f6334a48/execute/sync'
13:07:53.977 [AsyncHttpClient-1-2] DEBUG org.asynchttpclient.netty.handler.HttpHandler -- 

Request DefaultHttpRequest(decodeResult: success, version: HTTP/1.1)
POST /wd/hub/session/724de05069144310a7342d95f6334a48/execute/sync HTTP/1.1
User-Agent: selenium/4.9.0 (java windows)
traceparent: 00-cd34249704593708e6374fb4024ce8d4-120b6512a92d3f5b-01
Content-Length: 99
Content-Type: application/json; charset=utf-8
host: ondemand.us-west-1.saucelabs.com
authorization: Basic b2F1dGgtYXV0b2xhemFyZS01NThmYjpmOGQwYTRiNC1lMDU5LTRiMzktYTllYi0zNjY5NjViODg3YjE=
accept: */*

Response DefaultHttpResponse(decodeResult: success, version: HTTP/1.1)
HTTP/1.1 200 OK
content-type: application/json;charset=UTF-8
date: Fri, 12 May 2023 17:07:52 GMT
server: monocle/0.42
content-length: 15
x-request-id: db6da60e-cb58-42b3-bf9c-e16934236d90

13:07:53.978 [AsyncHttpClient-1-2] DEBUG org.asynchttpclient.netty.channel.ChannelManager -- Adding key: https://ondemand.us-west-1.saucelabs.com:443 for channel [id: 0x5d8cc613, L:/192.168.1.146:57614 - R:ondemand.us-west-1.saucelabs.com/66.85.52.224:443]
13:07:53.994 [Forwarding findElements on session 724de05069144310a7342d95f6334a48 to remote] DEBUG org.asynchttpclient.netty.request.NettyRequestSender -- Using pooled Channel '[id: 0x5d8cc613, L:/192.168.1.146:57614 - R:ondemand.us-west-1.saucelabs.com/66.85.52.224:443]' for 'POST' to 'https://oauth-autolazare-558fb:f8d0a4b4-e059-4b39-a9eb-366965b887b1@ondemand.us-west-1.saucelabs.com:443/wd/hub/session/724de05069144310a7342d95f6334a48/elements'
13:07:53.994 [Forwarding findElements on session 724de05069144310a7342d95f6334a48 to remote] DEBUG org.asynchttpclient.netty.request.NettyRequestSender -- Using open Channel [id: 0x5d8cc613, L:/192.168.1.146:57614 - R:ondemand.us-west-1.saucelabs.com/66.85.52.224:443] for POST '/wd/hub/session/724de05069144310a7342d95f6334a48/elements'
13:07:54.123 [AsyncHttpClient-1-2] DEBUG org.asynchttpclient.netty.handler.HttpHandler -- 

Request DefaultHttpRequest(decodeResult: success, version: HTTP/1.1)
POST /wd/hub/session/724de05069144310a7342d95f6334a48/elements HTTP/1.1
User-Agent: selenium/4.9.0 (java windows)
traceparent: 00-230e4f794099d696167155ce8f0c1d42-d221afdb587709cd-01
Content-Length: 98
Content-Type: application/json; charset=utf-8
host: ondemand.us-west-1.saucelabs.com
authorization: Basic b2F1dGgtYXV0b2xhemFyZS01NThmYjpmOGQwYTRiNC1lMDU5LTRiMzktYTllYi0zNjY5NjViODg3YjE=
accept: */*

Response DefaultHttpResponse(decodeResult: success, version: HTTP/1.1)
HTTP/1.1 200 OK
content-type: application/json;charset=UTF-8
date: Fri, 12 May 2023 17:07:52 GMT
server: monocle/0.42
content-length: 13
x-request-id: d07324dd-86a6-4e9f-befc-114b222bc910

13:07:54.124 [AsyncHttpClient-1-2] DEBUG org.asynchttpclient.netty.channel.ChannelManager -- Adding key: https://ondemand.us-west-1.saucelabs.com:443 for channel [id: 0x5d8cc613, L:/192.168.1.146:57614 - R:ondemand.us-west-1.saucelabs.com/66.85.52.224:443]
13:07:54.126 [Forwarding switchToParentFrame on session 724de05069144310a7342d95f6334a48 to remote] DEBUG org.asynchttpclient.netty.request.NettyRequestSender -- Using pooled Channel '[id: 0x5d8cc613, L:/192.168.1.146:57614 - R:ondemand.us-west-1.saucelabs.com/66.85.52.224:443]' for 'POST' to 'https://oauth-autolazare-558fb:f8d0a4b4-e059-4b39-a9eb-366965b887b1@ondemand.us-west-1.saucelabs.com:443/wd/hub/session/724de05069144310a7342d95f6334a48/frame/parent'
13:07:54.126 [Forwarding switchToParentFrame on session 724de05069144310a7342d95f6334a48 to remote] DEBUG org.asynchttpclient.netty.request.NettyRequestSender -- Using open Channel [id: 0x5d8cc613, L:/192.168.1.146:57614 - R:ondemand.us-west-1.saucelabs.com/66.85.52.224:443] for POST '/wd/hub/session/724de05069144310a7342d95f6334a48/frame/parent'
13:07:54.828 [AsyncHttpClient-1-2] DEBUG org.asynchttpclient.netty.handler.HttpHandler -- 

Request DefaultHttpRequest(decodeResult: success, version: HTTP/1.1)
POST /wd/hub/session/724de05069144310a7342d95f6334a48/frame/parent HTTP/1.1
User-Agent: selenium/4.9.0 (java windows)
traceparent: 00-4fcaca13b64f644c91ba4716119ce24d-67b385c90f16b76a-01
Content-Length: 3
Content-Type: application/json; charset=utf-8
host: ondemand.us-west-1.saucelabs.com
authorization: Basic b2F1dGgtYXV0b2xhemFyZS01NThmYjpmOGQwYTRiNC1lMDU5LTRiMzktYTllYi0zNjY5NjViODg3YjE=
accept: */*

Response DefaultHttpResponse(decodeResult: success, version: HTTP/1.1)
HTTP/1.1 200 OK
content-type: application/json;charset=UTF-8
date: Fri, 12 May 2023 17:07:53 GMT
server: monocle/0.42
content-length: 15
x-request-id: a8ec528c-b7a3-49cc-b772-7d8715d6bba4

13:07:54.828 [AsyncHttpClient-1-2] DEBUG org.asynchttpclient.netty.channel.ChannelManager -- Adding key: https://ondemand.us-west-1.saucelabs.com:443 for channel [id: 0x5d8cc613, L:/192.168.1.146:57614 - R:ondemand.us-west-1.saucelabs.com/66.85.52.224:443]
13:07:54.831 [Forwarding switchToFrame on session 724de05069144310a7342d95f6334a48 to remote] DEBUG org.asynchttpclient.netty.request.NettyRequestSender -- Using pooled Channel '[id: 0x5d8cc613, L:/192.168.1.146:57614 - R:ondemand.us-west-1.saucelabs.com/66.85.52.224:443]' for 'POST' to 'https://oauth-autolazare-558fb:f8d0a4b4-e059-4b39-a9eb-366965b887b1@ondemand.us-west-1.saucelabs.com:443/wd/hub/session/724de05069144310a7342d95f6334a48/frame'
13:07:54.831 [Forwarding switchToFrame on session 724de05069144310a7342d95f6334a48 to remote] DEBUG org.asynchttpclient.netty.request.NettyRequestSender -- Using open Channel [id: 0x5d8cc613, L:/192.168.1.146:57614 - R:ondemand.us-west-1.saucelabs.com/66.85.52.224:443] for POST '/wd/hub/session/724de05069144310a7342d95f6334a48/frame'
13:07:54.973 [AsyncHttpClient-1-2] DEBUG org.asynchttpclient.netty.handler.HttpHandler -- 

Request DefaultHttpRequest(decodeResult: success, version: HTTP/1.1)
POST /wd/hub/session/724de05069144310a7342d95f6334a48/frame HTTP/1.1
User-Agent: selenium/4.9.0 (java windows)
traceparent: 00-a04d83b815d3be36116224e23740fa5c-63ee6062245ed48f-01
Content-Length: 106
Content-Type: application/json; charset=utf-8
host: ondemand.us-west-1.saucelabs.com
authorization: Basic b2F1dGgtYXV0b2xhemFyZS01NThmYjpmOGQwYTRiNC1lMDU5LTRiMzktYTllYi0zNjY5NjViODg3YjE=
accept: */*

Response DefaultHttpResponse(decodeResult: success, version: HTTP/1.1)
HTTP/1.1 200 OK
content-type: application/json;charset=UTF-8
date: Fri, 12 May 2023 17:07:53 GMT
server: monocle/0.42
content-length: 15
x-request-id: d61b046e-9f52-476a-9fef-2bce73e3f096

13:07:54.973 [AsyncHttpClient-1-2] DEBUG org.asynchttpclient.netty.channel.ChannelManager -- Adding key: https://ondemand.us-west-1.saucelabs.com:443 for channel [id: 0x5d8cc613, L:/192.168.1.146:57614 - R:ondemand.us-west-1.saucelabs.com/66.85.52.224:443]
13:07:54.976 [Forwarding executeScript on session 724de05069144310a7342d95f6334a48 to remote] DEBUG org.asynchttpclient.netty.request.NettyRequestSender -- Using pooled Channel '[id: 0x5d8cc613, L:/192.168.1.146:57614 - R:ondemand.us-west-1.saucelabs.com/66.85.52.224:443]' for 'POST' to 'https://oauth-autolazare-558fb:f8d0a4b4-e059-4b39-a9eb-366965b887b1@ondemand.us-west-1.saucelabs.com:443/wd/hub/session/724de05069144310a7342d95f6334a48/execute/sync'
13:07:54.976 [Forwarding executeScript on session 724de05069144310a7342d95f6334a48 to remote] DEBUG org.asynchttpclient.netty.request.NettyRequestSender -- Using open Channel [id: 0x5d8cc613, L:/192.168.1.146:57614 - R:ondemand.us-west-1.saucelabs.com/66.85.52.224:443] for POST '/wd/hub/session/724de05069144310a7342d95f6334a48/execute/sync'
13:07:55.889 [AsyncHttpClient-1-2] DEBUG org.asynchttpclient.netty.handler.HttpHandler -- 

Request DefaultHttpRequest(decodeResult: success, version: HTTP/1.1)
POST /wd/hub/session/724de05069144310a7342d95f6334a48/execute/sync HTTP/1.1
User-Agent: selenium/4.9.0 (java windows)
traceparent: 00-62e75a72cb9f5a26b3294a2a009db66e-7f8007ef16ea82c0-01
Content-Length: 99
Content-Type: application/json; charset=utf-8
host: ondemand.us-west-1.saucelabs.com
authorization: Basic b2F1dGgtYXV0b2xhemFyZS01NThmYjpmOGQwYTRiNC1lMDU5LTRiMzktYTllYi0zNjY5NjViODg3YjE=
accept: */*

Response DefaultHttpResponse(decodeResult: success, version: HTTP/1.1)
HTTP/1.1 200 OK
content-type: application/json;charset=UTF-8
date: Fri, 12 May 2023 17:07:54 GMT
server: monocle/0.42
content-length: 15
x-request-id: 6ef1735b-aff5-4ff1-a155-2a48e216b80e

13:07:55.890 [AsyncHttpClient-1-2] DEBUG org.asynchttpclient.netty.channel.ChannelManager -- Adding key: https://ondemand.us-west-1.saucelabs.com:443 for channel [id: 0x5d8cc613, L:/192.168.1.146:57614 - R:ondemand.us-west-1.saucelabs.com/66.85.52.224:443]
13:07:55.892 [Forwarding findElements on session 724de05069144310a7342d95f6334a48 to remote] DEBUG org.asynchttpclient.netty.request.NettyRequestSender -- Using pooled Channel '[id: 0x5d8cc613, L:/192.168.1.146:57614 - R:ondemand.us-west-1.saucelabs.com/66.85.52.224:443]' for 'POST' to 'https://oauth-autolazare-558fb:f8d0a4b4-e059-4b39-a9eb-366965b887b1@ondemand.us-west-1.saucelabs.com:443/wd/hub/session/724de05069144310a7342d95f6334a48/elements'
13:07:55.892 [Forwarding findElements on session 724de05069144310a7342d95f6334a48 to remote] DEBUG org.asynchttpclient.netty.request.NettyRequestSender -- Using open Channel [id: 0x5d8cc613, L:/192.168.1.146:57614 - R:ondemand.us-west-1.saucelabs.com/66.85.52.224:443] for POST '/wd/hub/session/724de05069144310a7342d95f6334a48/elements'
13:07:56.026 [AsyncHttpClient-1-2] DEBUG org.asynchttpclient.netty.handler.HttpHandler -- 

Request DefaultHttpRequest(decodeResult: success, version: HTTP/1.1)
POST /wd/hub/session/724de05069144310a7342d95f6334a48/elements HTTP/1.1
User-Agent: selenium/4.9.0 (java windows)
traceparent: 00-9ef49f01d4eba864bcd47ac6d7cc2636-37c71eaff1825e5d-01
Content-Length: 98
Content-Type: application/json; charset=utf-8
host: ondemand.us-west-1.saucelabs.com
authorization: Basic b2F1dGgtYXV0b2xhemFyZS01NThmYjpmOGQwYTRiNC1lMDU5LTRiMzktYTllYi0zNjY5NjViODg3YjE=
accept: */*

Response DefaultHttpResponse(decodeResult: success, version: HTTP/1.1)
HTTP/1.1 200 OK
content-type: application/json;charset=UTF-8
date: Fri, 12 May 2023 17:07:54 GMT
server: monocle/0.42
content-length: 13
x-request-id: 0d81b7b5-19bf-4004-8b35-64ad75c60f20

13:07:56.026 [AsyncHttpClient-1-2] DEBUG org.asynchttpclient.netty.channel.ChannelManager -- Adding key: https://ondemand.us-west-1.saucelabs.com:443 for channel [id: 0x5d8cc613, L:/192.168.1.146:57614 - R:ondemand.us-west-1.saucelabs.com/66.85.52.224:443]
13:07:56.029 [Forwarding switchToParentFrame on session 724de05069144310a7342d95f6334a48 to remote] DEBUG org.asynchttpclient.netty.request.NettyRequestSender -- Using pooled Channel '[id: 0x5d8cc613, L:/192.168.1.146:57614 - R:ondemand.us-west-1.saucelabs.com/66.85.52.224:443]' for 'POST' to 'https://oauth-autolazare-558fb:f8d0a4b4-e059-4b39-a9eb-366965b887b1@ondemand.us-west-1.saucelabs.com:443/wd/hub/session/724de05069144310a7342d95f6334a48/frame/parent'
13:07:56.029 [Forwarding switchToParentFrame on session 724de05069144310a7342d95f6334a48 to remote] DEBUG org.asynchttpclient.netty.request.NettyRequestSender -- Using open Channel [id: 0x5d8cc613, L:/192.168.1.146:57614 - R:ondemand.us-west-1.saucelabs.com/66.85.52.224:443] for POST '/wd/hub/session/724de05069144310a7342d95f6334a48/frame/parent'
13:07:56.153 [AsyncHttpClient-1-2] DEBUG org.asynchttpclient.netty.handler.HttpHandler -- 

Request DefaultHttpRequest(decodeResult: success, version: HTTP/1.1)
POST /wd/hub/session/724de05069144310a7342d95f6334a48/frame/parent HTTP/1.1
User-Agent: selenium/4.9.0 (java windows)
traceparent: 00-7736d18ee508cd8fe1176d54d67d233f-939be3588f8f301e-01
Content-Length: 3
Content-Type: application/json; charset=utf-8
host: ondemand.us-west-1.saucelabs.com
authorization: Basic b2F1dGgtYXV0b2xhemFyZS01NThmYjpmOGQwYTRiNC1lMDU5LTRiMzktYTllYi0zNjY5NjViODg3YjE=
accept: */*

Response DefaultHttpResponse(decodeResult: success, version: HTTP/1.1)
HTTP/1.1 200 OK
content-type: application/json;charset=UTF-8
date: Fri, 12 May 2023 17:07:54 GMT
server: monocle/0.42
content-length: 15
x-request-id: 2d52f8f9-a83c-464f-b081-e56c004eefef

13:07:56.153 [AsyncHttpClient-1-2] DEBUG org.asynchttpclient.netty.channel.ChannelManager -- Adding key: https://ondemand.us-west-1.saucelabs.com:443 for channel [id: 0x5d8cc613, L:/192.168.1.146:57614 - R:ondemand.us-west-1.saucelabs.com/66.85.52.224:443]
13:07:56.157 [Forwarding switchToFrame on session 724de05069144310a7342d95f6334a48 to remote] DEBUG org.asynchttpclient.netty.request.NettyRequestSender -- Using pooled Channel '[id: 0x5d8cc613, L:/192.168.1.146:57614 - R:ondemand.us-west-1.saucelabs.com/66.85.52.224:443]' for 'POST' to 'https://oauth-autolazare-558fb:f8d0a4b4-e059-4b39-a9eb-366965b887b1@ondemand.us-west-1.saucelabs.com:443/wd/hub/session/724de05069144310a7342d95f6334a48/frame'
13:07:56.157 [Forwarding switchToFrame on session 724de05069144310a7342d95f6334a48 to remote] DEBUG org.asynchttpclient.netty.request.NettyRequestSender -- Using open Channel [id: 0x5d8cc613, L:/192.168.1.146:57614 - R:ondemand.us-west-1.saucelabs.com/66.85.52.224:443] for POST '/wd/hub/session/724de05069144310a7342d95f6334a48/frame'
13:07:56.298 [AsyncHttpClient-1-2] DEBUG org.asynchttpclient.netty.handler.HttpHandler -- 

Request DefaultHttpRequest(decodeResult: success, version: HTTP/1.1)
POST /wd/hub/session/724de05069144310a7342d95f6334a48/frame HTTP/1.1
User-Agent: selenium/4.9.0 (java windows)
traceparent: 00-ed074bcac2934a7f8dfe0f8194c49c7a-c2267a58c99dc2d2-01
Content-Length: 106
Content-Type: application/json; charset=utf-8
host: ondemand.us-west-1.saucelabs.com
authorization: Basic b2F1dGgtYXV0b2xhemFyZS01NThmYjpmOGQwYTRiNC1lMDU5LTRiMzktYTllYi0zNjY5NjViODg3YjE=
accept: */*

Response DefaultHttpResponse(decodeResult: success, version: HTTP/1.1)
HTTP/1.1 200 OK
content-type: application/json;charset=UTF-8
date: Fri, 12 May 2023 17:07:55 GMT
server: monocle/0.42
content-length: 15
x-request-id: 8b3bd39c-ce15-43b1-a6c1-f20977fae7fd

13:07:56.299 [AsyncHttpClient-1-2] DEBUG org.asynchttpclient.netty.channel.ChannelManager -- Adding key: https://ondemand.us-west-1.saucelabs.com:443 for channel [id: 0x5d8cc613, L:/192.168.1.146:57614 - R:ondemand.us-west-1.saucelabs.com/66.85.52.224:443]
13:07:56.303 [Forwarding executeScript on session 724de05069144310a7342d95f6334a48 to remote] DEBUG org.asynchttpclient.netty.request.NettyRequestSender -- Using pooled Channel '[id: 0x5d8cc613, L:/192.168.1.146:57614 - R:ondemand.us-west-1.saucelabs.com/66.85.52.224:443]' for 'POST' to 'https://oauth-autolazare-558fb:f8d0a4b4-e059-4b39-a9eb-366965b887b1@ondemand.us-west-1.saucelabs.com:443/wd/hub/session/724de05069144310a7342d95f6334a48/execute/sync'
13:07:56.303 [Forwarding executeScript on session 724de05069144310a7342d95f6334a48 to remote] DEBUG org.asynchttpclient.netty.request.NettyRequestSender -- Using open Channel [id: 0x5d8cc613, L:/192.168.1.146:57614 - R:ondemand.us-west-1.saucelabs.com/66.85.52.224:443] for POST '/wd/hub/session/724de05069144310a7342d95f6334a48/execute/sync'
13:07:56.444 [AsyncHttpClient-1-2] DEBUG org.asynchttpclient.netty.handler.HttpHandler -- 

Request DefaultHttpRequest(decodeResult: success, version: HTTP/1.1)
POST /wd/hub/session/724de05069144310a7342d95f6334a48/execute/sync HTTP/1.1
User-Agent: selenium/4.9.0 (java windows)
traceparent: 00-3ce8bfefcc057a67ce6512abda434766-3c517ac2ab364021-01
Content-Length: 99
Content-Type: application/json; charset=utf-8
host: ondemand.us-west-1.saucelabs.com
authorization: Basic b2F1dGgtYXV0b2xhemFyZS01NThmYjpmOGQwYTRiNC1lMDU5LTRiMzktYTllYi0zNjY5NjViODg3YjE=
accept: */*

Response DefaultHttpResponse(decodeResult: success, version: HTTP/1.1)
HTTP/1.1 200 OK
content-type: application/json;charset=UTF-8
date: Fri, 12 May 2023 17:07:55 GMT
server: monocle/0.42
content-length: 15
x-request-id: 4495608e-e259-4f95-a7ac-ecf474168a64

13:07:56.444 [AsyncHttpClient-1-2] DEBUG org.asynchttpclient.netty.channel.ChannelManager -- Adding key: https://ondemand.us-west-1.saucelabs.com:443 for channel [id: 0x5d8cc613, L:/192.168.1.146:57614 - R:ondemand.us-west-1.saucelabs.com/66.85.52.224:443]
13:07:56.449 [Forwarding findElements on session 724de05069144310a7342d95f6334a48 to remote] DEBUG org.asynchttpclient.netty.request.NettyRequestSender -- Using pooled Channel '[id: 0x5d8cc613, L:/192.168.1.146:57614 - R:ondemand.us-west-1.saucelabs.com/66.85.52.224:443]' for 'POST' to 'https://oauth-autolazare-558fb:f8d0a4b4-e059-4b39-a9eb-366965b887b1@ondemand.us-west-1.saucelabs.com:443/wd/hub/session/724de05069144310a7342d95f6334a48/elements'
13:07:56.449 [Forwarding findElements on session 724de05069144310a7342d95f6334a48 to remote] DEBUG org.asynchttpclient.netty.request.NettyRequestSender -- Using open Channel [id: 0x5d8cc613, L:/192.168.1.146:57614 - R:ondemand.us-west-1.saucelabs.com/66.85.52.224:443] for POST '/wd/hub/session/724de05069144310a7342d95f6334a48/elements'
13:07:56.585 [AsyncHttpClient-1-2] DEBUG org.asynchttpclient.netty.handler.HttpHandler -- 

Request DefaultHttpRequest(decodeResult: success, version: HTTP/1.1)
POST /wd/hub/session/724de05069144310a7342d95f6334a48/elements HTTP/1.1
User-Agent: selenium/4.9.0 (java windows)
traceparent: 00-edad1102acb01cf1bc44da0b7324a513-a03cdad1c3fc982f-01
Content-Length: 98
Content-Type: application/json; charset=utf-8
host: ondemand.us-west-1.saucelabs.com
authorization: Basic b2F1dGgtYXV0b2xhemFyZS01NThmYjpmOGQwYTRiNC1lMDU5LTRiMzktYTllYi0zNjY5NjViODg3YjE=
accept: */*

Response DefaultHttpResponse(decodeResult: success, version: HTTP/1.1)
HTTP/1.1 200 OK
content-type: application/json;charset=UTF-8
date: Fri, 12 May 2023 17:07:55 GMT
server: monocle/0.42
content-length: 13
x-request-id: ed583909-dfbe-4848-9288-c6d962033296

13:07:56.586 [AsyncHttpClient-1-2] DEBUG org.asynchttpclient.netty.channel.ChannelManager -- Adding key: https://ondemand.us-west-1.saucelabs.com:443 for channel [id: 0x5d8cc613, L:/192.168.1.146:57614 - R:ondemand.us-west-1.saucelabs.com/66.85.52.224:443]
13:07:56.589 [Forwarding switchToParentFrame on session 724de05069144310a7342d95f6334a48 to remote] DEBUG org.asynchttpclient.netty.request.NettyRequestSender -- Using pooled Channel '[id: 0x5d8cc613, L:/192.168.1.146:57614 - R:ondemand.us-west-1.saucelabs.com/66.85.52.224:443]' for 'POST' to 'https://oauth-autolazare-558fb:f8d0a4b4-e059-4b39-a9eb-366965b887b1@ondemand.us-west-1.saucelabs.com:443/wd/hub/session/724de05069144310a7342d95f6334a48/frame/parent'
13:07:56.589 [Forwarding switchToParentFrame on session 724de05069144310a7342d95f6334a48 to remote] DEBUG org.asynchttpclient.netty.request.NettyRequestSender -- Using open Channel [id: 0x5d8cc613, L:/192.168.1.146:57614 - R:ondemand.us-west-1.saucelabs.com/66.85.52.224:443] for POST '/wd/hub/session/724de05069144310a7342d95f6334a48/frame/parent'
13:07:56.706 [AsyncHttpClient-1-2] DEBUG org.asynchttpclient.netty.handler.HttpHandler -- 

Request DefaultHttpRequest(decodeResult: success, version: HTTP/1.1)
POST /wd/hub/session/724de05069144310a7342d95f6334a48/frame/parent HTTP/1.1
User-Agent: selenium/4.9.0 (java windows)
traceparent: 00-4b6844bf90cd5a6baf29770ce7a70bb7-10e721cd2296b48b-01
Content-Length: 3
Content-Type: application/json; charset=utf-8
host: ondemand.us-west-1.saucelabs.com
authorization: Basic b2F1dGgtYXV0b2xhemFyZS01NThmYjpmOGQwYTRiNC1lMDU5LTRiMzktYTllYi0zNjY5NjViODg3YjE=
accept: */*

Response DefaultHttpResponse(decodeResult: success, version: HTTP/1.1)
HTTP/1.1 200 OK
content-type: application/json;charset=UTF-8
date: Fri, 12 May 2023 17:07:55 GMT
server: monocle/0.42
content-length: 15
x-request-id: b04d0488-4a88-41f2-b8ad-a665c7a07f54

13:07:56.707 [AsyncHttpClient-1-2] DEBUG org.asynchttpclient.netty.channel.ChannelManager -- Adding key: https://ondemand.us-west-1.saucelabs.com:443 for channel [id: 0x5d8cc613, L:/192.168.1.146:57614 - R:ondemand.us-west-1.saucelabs.com/66.85.52.224:443]
13:07:56.711 [Forwarding executeAsyncScript on session 724de05069144310a7342d95f6334a48 to remote] DEBUG org.asynchttpclient.netty.request.NettyRequestSender -- Using pooled Channel '[id: 0x5d8cc613, L:/192.168.1.146:57614 - R:ondemand.us-west-1.saucelabs.com/66.85.52.224:443]' for 'POST' to 'https://oauth-autolazare-558fb:f8d0a4b4-e059-4b39-a9eb-366965b887b1@ondemand.us-west-1.saucelabs.com:443/wd/hub/session/724de05069144310a7342d95f6334a48/execute/async'
13:07:56.711 [Forwarding executeAsyncScript on session 724de05069144310a7342d95f6334a48 to remote] DEBUG org.asynchttpclient.netty.request.NettyRequestSender -- Using open Channel [id: 0x5d8cc613, L:/192.168.1.146:57614 - R:ondemand.us-west-1.saucelabs.com/66.85.52.224:443] for POST '/wd/hub/session/724de05069144310a7342d95f6334a48/execute/async'
13:07:59.215 [AsyncHttpClient-1-2] DEBUG org.asynchttpclient.netty.handler.HttpHandler -- 

Request DefaultHttpRequest(decodeResult: success, version: HTTP/1.1)
POST /wd/hub/session/724de05069144310a7342d95f6334a48/execute/async HTTP/1.1
User-Agent: selenium/4.9.0 (java windows)
traceparent: 00-dcd37c78727f2786770c2560c292678e-2e33e1bb8811cb75-01
Content-Length: 358
Content-Type: application/json; charset=utf-8
host: ondemand.us-west-1.saucelabs.com
authorization: Basic b2F1dGgtYXV0b2xhemFyZS01NThmYjpmOGQwYTRiNC1lMDU5LTRiMzktYTllYi0zNjY5NjViODg3YjE=
accept: */*

Response DefaultHttpResponse(decodeResult: success, version: HTTP/1.1)
HTTP/1.1 200 OK
content-type: application/json;charset=UTF-8
date: Fri, 12 May 2023 17:07:55 GMT
server: monocle/0.42
transfer-encoding: chunked
x-request-id: 2496e65d-28d2-4e15-b4ac-87a0c8e551c2

13:07:59.639 [AsyncHttpClient-1-2] DEBUG org.asynchttpclient.netty.channel.ChannelManager -- Adding key: https://ondemand.us-west-1.saucelabs.com:443 for channel [id: 0x5d8cc613, L:/192.168.1.146:57614 - R:ondemand.us-west-1.saucelabs.com/66.85.52.224:443]
13:08:00.370 [AsyncHttpClient-1-1] DEBUG org.asynchttpclient.netty.channel.DefaultChannelPool -- Entry count for : https://ondemand.us-west-1.saucelabs.com:443 : 1
13:08:01.476 [AsyncHttpClient-1-1] DEBUG org.asynchttpclient.netty.channel.DefaultChannelPool -- Entry count for : https://ondemand.us-west-1.saucelabs.com:443 : 1
File already exists.
13:08:01.664 [Forwarding maximizeCurrentWindow on session 724de05069144310a7342d95f6334a48 to remote] DEBUG org.asynchttpclient.netty.request.NettyRequestSender -- Using pooled Channel '[id: 0x5d8cc613, L:/192.168.1.146:57614 - R:ondemand.us-west-1.saucelabs.com/66.85.52.224:443]' for 'POST' to 'https://oauth-autolazare-558fb:f8d0a4b4-e059-4b39-a9eb-366965b887b1@ondemand.us-west-1.saucelabs.com:443/wd/hub/session/724de05069144310a7342d95f6334a48/window/maximize'
13:08:01.664 [Forwarding maximizeCurrentWindow on session 724de05069144310a7342d95f6334a48 to remote] DEBUG org.asynchttpclient.netty.request.NettyRequestSender -- Using open Channel [id: 0x5d8cc613, L:/192.168.1.146:57614 - R:ondemand.us-west-1.saucelabs.com/66.85.52.224:443] for POST '/wd/hub/session/724de05069144310a7342d95f6334a48/window/maximize'
13:08:01.799 [AsyncHttpClient-1-2] DEBUG org.asynchttpclient.netty.handler.HttpHandler -- 

Request DefaultHttpRequest(decodeResult: success, version: HTTP/1.1)
POST /wd/hub/session/724de05069144310a7342d95f6334a48/window/maximize HTTP/1.1
User-Agent: selenium/4.9.0 (java windows)
traceparent: 00-91ac589a026bac73ae1ec78bcfe8cba0-28ea124edd8b6136-01
Content-Length: 3
Content-Type: application/json; charset=utf-8
host: ondemand.us-west-1.saucelabs.com
authorization: Basic b2F1dGgtYXV0b2xhemFyZS01NThmYjpmOGQwYTRiNC1lMDU5LTRiMzktYTllYi0zNjY5NjViODg3YjE=
accept: */*

Response DefaultHttpResponse(decodeResult: success, version: HTTP/1.1)
HTTP/1.1 200 OK
content-type: application/json;charset=UTF-8
date: Fri, 12 May 2023 17:08:00 GMT
server: monocle/0.42
content-length: 59
x-request-id: 4f4b7780-fbbc-4800-b65c-02c1b610c26c

13:08:01.799 [AsyncHttpClient-1-2] DEBUG org.asynchttpclient.netty.channel.ChannelManager -- Adding key: https://ondemand.us-west-1.saucelabs.com:443 for channel [id: 0x5d8cc613, L:/192.168.1.146:57614 - R:ondemand.us-west-1.saucelabs.com/66.85.52.224:443]
13:08:01.902 [Forwarding getTitle on session 724de05069144310a7342d95f6334a48 to remote] DEBUG org.asynchttpclient.netty.request.NettyRequestSender -- Using pooled Channel '[id: 0x5d8cc613, L:/192.168.1.146:57614 - R:ondemand.us-west-1.saucelabs.com/66.85.52.224:443]' for 'GET' to 'https://oauth-autolazare-558fb:f8d0a4b4-e059-4b39-a9eb-366965b887b1@ondemand.us-west-1.saucelabs.com:443/wd/hub/session/724de05069144310a7342d95f6334a48/title'
13:08:01.902 [Forwarding getTitle on session 724de05069144310a7342d95f6334a48 to remote] DEBUG org.asynchttpclient.netty.request.NettyRequestSender -- Using open Channel [id: 0x5d8cc613, L:/192.168.1.146:57614 - R:ondemand.us-west-1.saucelabs.com/66.85.52.224:443] for GET '/wd/hub/session/724de05069144310a7342d95f6334a48/title'
13:08:02.031 [AsyncHttpClient-1-2] DEBUG org.asynchttpclient.netty.handler.HttpHandler -- 

Request DefaultFullHttpRequest(decodeResult: success, version: HTTP/1.1, content: EmptyByteBufBE)
GET /wd/hub/session/724de05069144310a7342d95f6334a48/title HTTP/1.1
User-Agent: selenium/4.9.0 (java windows)
Cache-Control: no-cache
traceparent: 00-b083ba884c8c7ae833b819dc28c7020f-f116a3b1834f30c3-01
Content-Type: application/json; charset=utf-8
host: ondemand.us-west-1.saucelabs.com
authorization: Basic b2F1dGgtYXV0b2xhemFyZS01NThmYjpmOGQwYTRiNC1lMDU5LTRiMzktYTllYi0zNjY5NjViODg3YjE=
accept: */*

Response DefaultHttpResponse(decodeResult: success, version: HTTP/1.1)
HTTP/1.1 200 OK
content-type: application/json;charset=UTF-8
date: Fri, 12 May 2023 17:08:00 GMT
server: monocle/0.42
content-length: 57
x-request-id: fbb1b7ce-4d67-4a0f-9426-373346c1940f

13:08:02.031 [AsyncHttpClient-1-2] DEBUG org.asynchttpclient.netty.channel.ChannelManager -- Adding key: https://ondemand.us-west-1.saucelabs.com:443 for channel [id: 0x5d8cc613, L:/192.168.1.146:57614 - R:ondemand.us-west-1.saucelabs.com/66.85.52.224:443]
13:08:02.037 [Forwarding quit on session 724de05069144310a7342d95f6334a48 to remote] DEBUG org.asynchttpclient.netty.request.NettyRequestSender -- Using pooled Channel '[id: 0x5d8cc613, L:/192.168.1.146:57614 - R:ondemand.us-west-1.saucelabs.com/66.85.52.224:443]' for 'DELETE' to 'https://oauth-autolazare-558fb:f8d0a4b4-e059-4b39-a9eb-366965b887b1@ondemand.us-west-1.saucelabs.com:443/wd/hub/session/724de05069144310a7342d95f6334a48'
13:08:02.037 [Forwarding quit on session 724de05069144310a7342d95f6334a48 to remote] DEBUG org.asynchttpclient.netty.request.NettyRequestSender -- Using open Channel [id: 0x5d8cc613, L:/192.168.1.146:57614 - R:ondemand.us-west-1.saucelabs.com/66.85.52.224:443] for DELETE '/wd/hub/session/724de05069144310a7342d95f6334a48'
13:08:02.348 [AsyncHttpClient-1-2] DEBUG org.asynchttpclient.netty.handler.HttpHandler -- 

Request DefaultFullHttpRequest(decodeResult: success, version: HTTP/1.1, content: EmptyByteBufBE)
DELETE /wd/hub/session/724de05069144310a7342d95f6334a48 HTTP/1.1
User-Agent: selenium/4.9.0 (java windows)
traceparent: 00-f46073dc3bc1dcc5425834eb94918ef7-bbe33058946a6c5b-01
Content-Type: application/json; charset=utf-8
host: ondemand.us-west-1.saucelabs.com
authorization: Basic b2F1dGgtYXV0b2xhemFyZS01NThmYjpmOGQwYTRiNC1lMDU5LTRiMzktYTllYi0zNjY5NjViODg3YjE=
accept: */*

Response DefaultHttpResponse(decodeResult: success, version: HTTP/1.1)
HTTP/1.1 200 OK
content-type: application/json;charset=UTF-8
date: Fri, 12 May 2023 17:08:00 GMT
server: monocle/0.42
content-length: 13
x-request-id: b0d15989-da56-402b-869d-22a0b9a41e36

13:08:02.348 [AsyncHttpClient-1-2] DEBUG org.asynchttpclient.netty.channel.ChannelManager -- Adding key: https://ondemand.us-west-1.saucelabs.com:443 for channel [id: 0x5d8cc613, L:/192.168.1.146:57614 - R:ondemand.us-west-1.saucelabs.com/66.85.52.224:443]
  Given user navigate to the site               # stepDefinitions.Login.user_navigate_to_the_site()
]]></system-out>
    <system-err><![CDATA[May 12, 2023 1:07:08 PM org.openqa.selenium.remote.tracing.opentelemetry.OpenTelemetryTracer createTracer
INFO: Using OpenTelemetry for tracing
]]></system-err>
  </testcase>
</testsuite>