<?xml version="1.0" encoding="UTF-8"?>
<!-- Generated by org.testng.reporters.JUnitReportReporter -->
<testsuite hostname="DESKTOP-14FLVD0" failures="0" tests="1" name="runner.Runner" time="62.234" errors="0" timestamp="2023-05-11T12:11:52 EDT" skipped="0">
  <testcase classname="runner.Runner" name="runScenario" time="62.234"/>
  <system-out/>
</testsuite> <!-- runner.Runner -->
