<?xml version="1.0" encoding="UTF-8"?>
<!-- Generated by org.testng.reporters.JUnitReportReporter -->
<testsuite hostname="DESKTOP-14FLVD0" failures="0" tests="1" name="runner.Runner" time="23.916" errors="0" timestamp="2023-04-13T16:15:43 EDT" skipped="0">
  <testcase classname="runner.Runner" name="runScenario" time="23.916"/>
  <system-out/>
</testsuite> <!-- runner.Runner -->
