<?xml version="1.0" encoding="UTF-8"?>
<!-- Generated by org.testng.reporters.JUnitReportReporter -->
<testsuite hostname="DESKTOP-14FLVD0" failures="0" tests="1" name="runner.Runner" time="23.533" errors="0" timestamp="2023-05-10T09:29:31 EDT" skipped="0">
  <testcase classname="runner.Runner" name="runScenario" time="23.533"/>
  <system-out/>
</testsuite> <!-- runner.Runner -->
