<?xml version="1.0" encoding="UTF-8"?>
<!-- Generated by org.testng.reporters.JUnitReportReporter -->
<testsuite hostname="DESKTOP-14FLVD0" failures="0" tests="1" name="runner.Runner" time="55.082" errors="0" timestamp="2023-05-12T13:08:05 EDT" skipped="0">
  <testcase classname="runner.Runner" name="runScenario" time="55.082"/>
  <system-out/>
</testsuite> <!-- runner.Runner -->
