<?xml version="1.0" encoding="UTF-8"?>
<!-- Generated by org.testng.reporters.JUnitReportReporter -->
<testsuite hostname="DESKTOP-14FLVD0" failures="0" tests="1" name="runner.Runner" time="52.885" errors="0" timestamp="2023-05-11T22:27:29 EDT" skipped="0">
  <testcase classname="runner.Runner" name="runScenario" time="52.885"/>
  <system-out/>
</testsuite> <!-- runner.Runner -->
