<?xml version="1.0" encoding="UTF-8"?>
<!-- Generated by org.testng.reporters.JUnitReportReporter -->
<testsuite hostname="DESKTOP-14FLVD0" failures="0" tests="1" name="runner.Runner" time="9.865" errors="0" timestamp="2023-04-06T10:06:24 EDT" skipped="0">
  <testcase classname="runner.Runner" name="runScenario" time="9.865"/>
  <system-out/>
</testsuite> <!-- runner.Runner -->
